<?xml version="1.0" encoding="UTF-8"?>
<testsuites name="VikasTestCase" time="12224" tests="39" failures="53" errors="0">
   <testsuite name="VikasTestCase" tests="39" failures="53" errors="0" time="12224" timestamp="2018-07-05 20:59:41" hostname="vikas.kiroula - ZIPLBLRSY139.zycus.net" id="Test Suites/VikasTestCase">
      <properties>
         <property name="deviceName" value=""/>
         <property name="devicePlatform" value=""/>
         <property name="logFolder" value="C:\\Users\\vikas.kiroula\\git\\eProc\\Reports\\VikasTestCase\\20180705_205940"/>
         <property name="logFiles" value="C:\\Users\\vikas.kiroula\\git\\eProc\\Reports\\VikasTestCase\\20180705_205940\\execution0.log"/>
         <property name="attachments" value="C:\\Users\\vikas.kiroula\\git\\eProc\\Reports\\VikasTestCase\\20180705_205940\\1530805238135.png, C:\\Users\\vikas.kiroula\\git\\eProc\\Reports\\VikasTestCase\\20180705_205940\\1530805475119.png, C:\\Screenshot/ResultPage.png, C:\\Screenshot/SupplierNameSearch.png, C:\\Screenshot/MfrIDSearch.png, C:\\Screenshot/SupplierNameSearch.png, C:\\Screenshot/ERPIDSearch.png, C:\\Screenshot/Name.png, C:\\Screenshot/list.png, C:\\Screenshot/resultPageIcon.png, C:\\Screenshot/Item Description.png, C:\\Users\\vikas.kiroula\\git\\eProc\\Reports\\VikasTestCase\\20180705_205940\\1530806596378.png, C:\\Users\\vikas.kiroula\\git\\eProc\\Reports\\VikasTestCase\\20180705_205940\\1530806776355.png, C:\\Users\\vikas.kiroula\\git\\eProc\\Reports\\VikasTestCase\\20180705_205940\\1530806777103.png, C:\\Users\\vikas.kiroula\\git\\eProc\\Reports\\VikasTestCase\\20180705_205940\\1530807048895.png, C:\\Users\\vikas.kiroula\\git\\eProc\\Reports\\VikasTestCase\\20180705_205940\\1530807333403.png, C:\\Users\\vikas.kiroula\\git\\eProc\\Reports\\VikasTestCase\\20180705_205940\\1530807334593.png, C:\\Users\\vikas.kiroula\\git\\eProc\\Reports\\VikasTestCase\\20180705_205940\\1530807509757.png, C:\\Users\\vikas.kiroula\\git\\eProc\\Reports\\VikasTestCase\\20180705_205940\\1530807510511.png, C:\\Users\\vikas.kiroula\\git\\eProc\\Reports\\VikasTestCase\\20180705_205940\\1530807685519.png, C:\\Users\\vikas.kiroula\\git\\eProc\\Reports\\VikasTestCase\\20180705_205940\\1530807686277.png, C:\\Users\\vikas.kiroula\\git\\eProc\\Reports\\VikasTestCase\\20180705_205940\\1530807747616.png, C:\\Users\\vikas.kiroula\\git\\eProc\\Reports\\VikasTestCase\\20180705_205940\\1530808037720.png, C:\\Users\\vikas.kiroula\\git\\eProc\\Reports\\VikasTestCase\\20180705_205940\\1530808376051.png, C:\\Users\\vikas.kiroula\\git\\eProc\\Reports\\VikasTestCase\\20180705_205940\\1530808569670.png, C:\\Users\\vikas.kiroula\\git\\eProc\\Reports\\VikasTestCase\\20180705_205940\\1530808778399.png, C:\\Users\\vikas.kiroula\\git\\eProc\\Reports\\VikasTestCase\\20180705_205940\\1530808972267.png, C:\\Users\\vikas.kiroula\\git\\eProc\\Reports\\VikasTestCase\\20180705_205940\\1530809158917.png, C:\\Users\\vikas.kiroula\\git\\eProc\\Reports\\VikasTestCase\\20180705_205940\\1530809416105.png, C:\\Users\\vikas.kiroula\\git\\eProc\\Reports\\VikasTestCase\\20180705_205940\\1530809676653.png, C:\\Users\\vikas.kiroula\\git\\eProc\\Reports\\VikasTestCase\\20180705_205940\\1530809856604.png, C:\\Users\\vikas.kiroula\\git\\eProc\\Reports\\VikasTestCase\\20180705_205940\\1530810057540.png, C:\\Users\\vikas.kiroula\\git\\eProc\\Reports\\VikasTestCase\\20180705_205940\\1530810311313.png, C:\\Users\\vikas.kiroula\\git\\eProc\\Reports\\VikasTestCase\\20180705_205940\\1530810565193.png, C:\\Users\\vikas.kiroula\\git\\eProc\\Reports\\VikasTestCase\\20180705_205940\\1530810819251.png, C:\\Users\\vikas.kiroula\\git\\eProc\\Reports\\VikasTestCase\\20180705_205940\\1530811074638.png, C:\\Users\\vikas.kiroula\\git\\eProc\\Reports\\VikasTestCase\\20180705_205940\\1530811285743.png, C:\\Users\\vikas.kiroula\\git\\eProc\\Reports\\VikasTestCase\\20180705_205940\\1530811543794.png, C:\\Users\\vikas.kiroula\\git\\eProc\\Reports\\VikasTestCase\\20180705_205940\\1530811725712.png, C:\\Users\\vikas.kiroula\\git\\eProc\\Reports\\VikasTestCase\\20180705_205940\\1530811917011.png, C:\\Users\\vikas.kiroula\\git\\eProc\\Reports\\VikasTestCase\\20180705_205940\\1530812100964.png, C:\\Users\\vikas.kiroula\\git\\eProc\\Reports\\VikasTestCase\\20180705_205940\\1530812287593.png, C:\\Users\\vikas.kiroula\\git\\eProc\\Reports\\VikasTestCase\\20180705_205940\\1530812472273.png, C:\\Users\\vikas.kiroula\\git\\eProc\\Reports\\VikasTestCase\\20180705_205940\\1530812646894.png, C:\\Users\\vikas.kiroula\\git\\eProc\\Reports\\VikasTestCase\\20180705_205940\\1530812838008.png, C:\\Users\\vikas.kiroula\\git\\eProc\\Reports\\VikasTestCase\\20180705_205940\\1530813026895.png, C:\\Users\\vikas.kiroula\\git\\eProc\\Reports\\VikasTestCase\\20180705_205940\\1530813208035.png, C:\\Users\\vikas.kiroula\\git\\eProc\\Reports\\VikasTestCase\\20180705_205940\\1530813396683.png, C:\\Users\\vikas.kiroula\\git\\eProc\\Reports\\VikasTestCase\\20180705_205940\\1530813581710.png, C:\\Users\\vikas.kiroula\\git\\eProc\\Reports\\VikasTestCase\\20180705_205940\\1530813771381.png, C:\\Users\\vikas.kiroula\\git\\eProc\\Reports\\VikasTestCase\\20180705_205940\\1530813980121.png, C:\\Users\\vikas.kiroula\\git\\eProc\\Reports\\VikasTestCase\\20180705_205940\\1530814163577.png, C:\\Users\\vikas.kiroula\\git\\eProc\\Reports\\VikasTestCase\\20180705_205940\\1530814342800.png, C:\\Users\\vikas.kiroula\\git\\eProc\\Reports\\VikasTestCase\\20180705_205940\\1530814521158.png, C:\\Users\\vikas.kiroula\\git\\eProc\\Reports\\VikasTestCase\\20180705_205940\\1530814725289.png, C:\\Users\\vikas.kiroula\\git\\eProc\\Reports\\VikasTestCase\\20180705_205940\\1530814928601.png, C:\\Users\\vikas.kiroula\\git\\eProc\\Reports\\VikasTestCase\\20180705_205940\\1530815136244.png, C:\\Users\\vikas.kiroula\\git\\eProc\\Reports\\VikasTestCase\\20180705_205940\\1530815137077.png, C:\\Screenshot/DefaultView.png, C:\\Screenshot/ListView.png, C:\\Screenshot/GridView.png, C:\\Users\\vikas.kiroula\\git\\eProc\\Reports\\VikasTestCase\\20180705_205940\\1530815462465.png, C:\\Users\\vikas.kiroula\\git\\eProc\\Reports\\VikasTestCase\\20180705_205940\\1530815463311.png, C:\\Users\\vikas.kiroula\\git\\eProc\\Reports\\VikasTestCase\\20180705_205940\\1530815666352.png, C:\\Users\\vikas.kiroula\\git\\eProc\\Reports\\VikasTestCase\\20180705_205940\\1530815667180.png, C:\\Users\\vikas.kiroula\\git\\eProc\\Reports\\VikasTestCase\\20180705_205940\\1530815981123.png, C:\\Users\\vikas.kiroula\\git\\eProc\\Reports\\VikasTestCase\\20180705_205940\\1530816232520.png, C:\\Users\\vikas.kiroula\\git\\eProc\\Reports\\VikasTestCase\\20180705_205940\\1530816436578.png, C:\\Users\\vikas.kiroula\\git\\eProc\\Reports\\VikasTestCase\\20180705_205940\\1530816549798.png, C:\\Users\\vikas.kiroula\\git\\eProc\\Reports\\VikasTestCase\\20180705_205940\\1530816600675.png, C:\\Users\\vikas.kiroula\\git\\eProc\\Reports\\VikasTestCase\\20180705_205940\\1530816652040.png"/>
         <property name="hostName" value="vikas.kiroula - ZIPLBLRSY139.zycus.net"/>
         <property name="os" value="Windows 10 64bit"/>
         <property name="katalonVersion" value="5.4.2.1"/>
         <property name="browser" value="Firefox 52.0"/>
         <property name="hostAddress" value="10.30.30.239"/>
         <property name="sessionId" value="c90904d1-adb8-436b-8d63-7713bdbd5b8b"/>
         <property name="seleniumVersion" value="3.7.1"/>
         <property name="proxyInformation" value="ProxyInformation{proxyOption=NO_PROXY, proxyServerType=HTTP, password=, proxyServerAddress=, proxyServerPort=0}"/>
         <property name="platform" value="Windows 10"/>
      </properties>
      <testcase name="Test Cases/DDS-2053/DDS- 3890 User should be able to mark individual items as favourites on the online store search results page" classname="Test Cases/DDS-2053/DDS- 3890 User should be able to mark individual items as favourites on the online store search results page" status="PASSED">
         <system-out><![CDATA[2018-07-05 20:59:42 - [TEST_CASE][PASSED] - Test Cases/DDS-2053/DDS- 3890 User should be able to mark individual items as favourites on the online store search results page: Test Cases/DDS-2053/DDS- 3890 User should be able to mark individual items as favourites on the online store search results page

2018-07-05 20:59:42 - [TEST_STEP][PASSED] - callTestCase: Call Test Case 'Test Cases/CommonLibraries/Search By Item' successfully

2018-07-05 20:59:42 - [TEST_CASE][PASSED] - Test Cases/CommonLibraries/Search By Item: Test Cases/CommonLibraries/Search By Item

2018-07-05 20:59:42 - [TEST_STEP][PASSED] - callTestCase: Call Test Case 'Test Cases/CommonLibraries/Login' successfully

2018-07-05 20:59:42 - [TEST_CASE][PASSED] - Test Cases/CommonLibraries/Login: Test Cases/CommonLibraries/Login

2018-07-05 20:59:42 - [TEST_STEP][PASSED] - openBrowser: Browser is opened with url: 'https://smtlogin.zycus.net/sso/login?serviceName=http://eproc-qa.zycus.net/'

2018-07-05 20:59:53 - [MESSAGE][PASSED] - Browser is opened with url: 'https://smtlogin.zycus.net/sso/login?serviceName=http://eproc-qa.zycus.net/'

2018-07-05 20:59:53 - [TEST_STEP][PASSED] - maximizeWindow: Current window maximized

2018-07-05 20:59:56 - [MESSAGE][PASSED] - Current window maximized

2018-07-05 20:59:56 - [TEST_STEP][PASSED] - waitForElementVisible: Object 'Object Repository/LoginPage/UserID' is visible

2018-07-05 20:59:56 - [MESSAGE][PASSED] - Object 'Object Repository/LoginPage/UserID' is visible

2018-07-05 20:59:56 - [TEST_STEP][PASSED] - sendKeys: Keys 'monicaqa@zycus.com' sent to object: 'Object Repository/LoginPage/UserID'

2018-07-05 20:59:56 - [MESSAGE][PASSED] - Keys 'monicaqa@zycus.com' sent to object: 'Object Repository/LoginPage/UserID'

2018-07-05 20:59:56 - [TEST_STEP][PASSED] - sendKeys: Keys 'eProc@123' sent to object: 'Object Repository/LoginPage/Password'

2018-07-05 20:59:56 - [MESSAGE][PASSED] - Keys 'eProc@123' sent to object: 'Object Repository/LoginPage/Password'

2018-07-05 20:59:56 - [TEST_STEP][PASSED] - click: Object: 'Object Repository/LoginPage/LoginButton' is clicked on

2018-07-05 21:00:01 - [MESSAGE][PASSED] - Object: 'Object Repository/LoginPage/LoginButton' is clicked on

2018-07-05 21:00:01 - [MESSAGE][PASSED] - Call Test Case 'Test Cases/CommonLibraries/Login' successfully

2018-07-05 21:00:01 - [TEST_STEP][PASSED] - waitForElementPresent: Object 'Object Repository/OnlineStorePage/Search Box' is present

2018-07-05 21:00:41 - [MESSAGE][PASSED] - Object 'Object Repository/OnlineStorePage/Search Box' is present

2018-07-05 21:00:41 - [TEST_STEP][PASSED] - waitForPageLoad: Wait for page load successfully

2018-07-05 21:00:41 - [MESSAGE][PASSED] - Wait for page load successfully

2018-07-05 21:00:41 - [TEST_STEP][PASSED] - sendKeys: Keys 'Item' sent to object: 'Object Repository/OnlineStorePage/Search Box'

2018-07-05 21:00:42 - [MESSAGE][PASSED] - Keys 'Item' sent to object: 'Object Repository/OnlineStorePage/Search Box'

2018-07-05 21:00:42 - [TEST_STEP][PASSED] - click: Object: 'Object Repository/OnlineStorePage/Search Icon' is clicked on

2018-07-05 21:00:42 - [MESSAGE][PASSED] - Object: 'Object Repository/OnlineStorePage/Search Icon' is clicked on

2018-07-05 21:00:42 - [MESSAGE][PASSED] - Call Test Case 'Test Cases/CommonLibraries/Search By Item' successfully

2018-07-05 21:00:42 - [TEST_STEP][PASSED] - waitForElementPresent: Object 'Object Repository/SearchResultPage/SearchItemTab/CatalogItems/Check Box For 2 row item list' is present

2018-07-05 21:00:50 - [MESSAGE][PASSED] - Object 'Object Repository/SearchResultPage/SearchItemTab/CatalogItems/Check Box For 2 row item list' is present

2018-07-05 21:00:50 - [TEST_STEP][PASSED] - waitForElementPresent: Object 'Object Repository/SearchResultPage/SearchItemTab/CatalogItems/Favorite Button For ITEM1' is present

2018-07-05 21:00:50 - [MESSAGE][PASSED] - Object 'Object Repository/SearchResultPage/SearchItemTab/CatalogItems/Favorite Button For ITEM1' is present

2018-07-05 21:00:50 - [TEST_STEP][PASSED] - waitForElementPresent: Object 'Object Repository/SearchResultPage/SearchItemTab/CatalogItems/Favorite Button For Item3' is present

2018-07-05 21:00:50 - [MESSAGE][PASSED] - Object 'Object Repository/SearchResultPage/SearchItemTab/CatalogItems/Favorite Button For Item3' is present

2018-07-05 21:00:50 - [TEST_STEP][PASSED] - Statement - Attribute1 = com.kms.katalon.core.webui.keyword.WebUiBuiltInKeywords.getAttribute(com.kms.katalon.core.testobject.ObjectRepository.findTestObject(SearchResultPage/SearchItemTab/CatalogItems/Favorite Button For ITEM1), "ng-reflect-icon"): Attribute 'ng-reflect-icon' of object 'Object Repository/SearchResultPage/SearchItemTab/CatalogItems/Favorite Button For ITEM1' is: 'heart-fill'

2018-07-05 21:00:50 - [MESSAGE][PASSED] - Attribute 'ng-reflect-icon' of object 'Object Repository/SearchResultPage/SearchItemTab/CatalogItems/Favorite Button For ITEM1' is: 'heart-fill'

2018-07-05 21:00:50 - [TEST_STEP][PASSED] - Statement - Attribute2 = com.kms.katalon.core.webui.keyword.WebUiBuiltInKeywords.getAttribute(com.kms.katalon.core.testobject.ObjectRepository.findTestObject(SearchResultPage/SearchItemTab/CatalogItems/Favorite Button For Item3), "ng-reflect-icon"): Attribute 'ng-reflect-icon' of object 'Object Repository/SearchResultPage/SearchItemTab/CatalogItems/Favorite Button For Item3' is: 'heart-fill'

2018-07-05 21:00:50 - [MESSAGE][PASSED] - Attribute 'ng-reflect-icon' of object 'Object Repository/SearchResultPage/SearchItemTab/CatalogItems/Favorite Button For Item3' is: 'heart-fill'

2018-07-05 21:00:50 - [TEST_STEP][PASSED] - Statement - If (Attribute1 == "heart-fill"): Object 'Object Repository/SearchResultPage/SearchItemTab/CatalogItems/Favorite Button For ITEM1' has attribute 'ng-reflect-icon' with value 'heart-fill'

2018-07-05 21:00:50 - [TEST_STEP][PASSED] - mouseOver: Object: 'Object Repository/SearchResultPage/SearchItemTab/CatalogItems/Favorite Button For ITEM1' is hovered

2018-07-05 21:00:50 - [MESSAGE][PASSED] - Object: 'Object Repository/SearchResultPage/SearchItemTab/CatalogItems/Favorite Button For ITEM1' is hovered

2018-07-05 21:00:50 - [TEST_STEP][PASSED] - click: Object: 'Object Repository/SearchResultPage/SearchItemTab/CatalogItems/Favorite Button For ITEM1' is clicked on

2018-07-05 21:00:50 - [MESSAGE][PASSED] - Object: 'Object Repository/SearchResultPage/SearchItemTab/CatalogItems/Favorite Button For ITEM1' is clicked on

2018-07-05 21:00:50 - [TEST_STEP][PASSED] - delay: Delayed 2 second(s)

2018-07-05 21:00:52 - [MESSAGE][PASSED] - Delayed 2 second(s)

2018-07-05 21:00:52 - [TEST_STEP][PASSED] - click: Object: 'Object Repository/SearchResultPage/SearchItemTab/CatalogItems/Favorite Button For ITEM1' is clicked on

2018-07-05 21:00:52 - [MESSAGE][PASSED] - Object: 'Object Repository/SearchResultPage/SearchItemTab/CatalogItems/Favorite Button For ITEM1' is clicked on

2018-07-05 21:00:52 - [TEST_STEP][PASSED] - delay: Delayed 3 second(s)

2018-07-05 21:00:55 - [MESSAGE][PASSED] - Delayed 3 second(s)

2018-07-05 21:00:55 - [TEST_STEP][PASSED] - verifyElementAttributeValue: Object 'Object Repository/SearchResultPage/SearchItemTab/CatalogItems/Favorite Button For ITEM1' has attribute 'ng-reflect-icon' with value 'heart-fill'

2018-07-05 21:00:55 - [MESSAGE][PASSED] - Object 'Object Repository/SearchResultPage/SearchItemTab/CatalogItems/Favorite Button For ITEM1' has attribute 'ng-reflect-icon' with value 'heart-fill'

2018-07-05 21:00:55 - [TEST_STEP][PASSED] - Statement - If (Attribute2 == "heart-fill"): Object 'Object Repository/SearchResultPage/SearchItemTab/CatalogItems/Favorite Button For Item3' has attribute 'ng-reflect-icon' with value 'heart-fill'

2018-07-05 21:00:55 - [TEST_STEP][PASSED] - mouseOver: Object: 'Object Repository/SearchResultPage/SearchItemTab/CatalogItems/Favorite Button For Item3' is hovered

2018-07-05 21:00:55 - [MESSAGE][PASSED] - Object: 'Object Repository/SearchResultPage/SearchItemTab/CatalogItems/Favorite Button For Item3' is hovered

2018-07-05 21:00:55 - [TEST_STEP][PASSED] - click: Object: 'Object Repository/SearchResultPage/SearchItemTab/CatalogItems/Favorite Button For Item3' is clicked on

2018-07-05 21:00:55 - [MESSAGE][PASSED] - Object: 'Object Repository/SearchResultPage/SearchItemTab/CatalogItems/Favorite Button For Item3' is clicked on

2018-07-05 21:00:55 - [TEST_STEP][PASSED] - delay: Delayed 2 second(s)

2018-07-05 21:00:57 - [MESSAGE][PASSED] - Delayed 2 second(s)

2018-07-05 21:00:57 - [TEST_STEP][PASSED] - click: Object: 'Object Repository/SearchResultPage/SearchItemTab/CatalogItems/Favorite Button For Item3' is clicked on

2018-07-05 21:00:57 - [MESSAGE][PASSED] - Object: 'Object Repository/SearchResultPage/SearchItemTab/CatalogItems/Favorite Button For Item3' is clicked on

2018-07-05 21:00:57 - [TEST_STEP][PASSED] - delay: Delayed 3 second(s)

2018-07-05 21:01:00 - [MESSAGE][PASSED] - Delayed 3 second(s)

2018-07-05 21:01:00 - [TEST_STEP][PASSED] - verifyElementAttributeValue: Object 'Object Repository/SearchResultPage/SearchItemTab/CatalogItems/Favorite Button For Item3' has attribute 'ng-reflect-icon' with value 'heart-fill'

2018-07-05 21:01:00 - [MESSAGE][PASSED] - Object 'Object Repository/SearchResultPage/SearchItemTab/CatalogItems/Favorite Button For Item3' has attribute 'ng-reflect-icon' with value 'heart-fill'

2018-07-05 21:01:00 - [TEST_STEP][PASSED] - closeBrowser: Browser is closed

2018-07-05 21:01:01 - [MESSAGE][PASSED] - Browser is closed]]></system-out>
         <system-err><![CDATA[]]></system-err>
      </testcase>
      <testcase name="Test Cases/DDS-2053/DDS-3894 Verify that items marked as favorites should be visible on the favourite section of the online store" classname="Test Cases/DDS-2053/DDS-3894 Verify that items marked as favorites should be visible on the favourite section of the online store" status="PASSED">
         <system-out><![CDATA[2018-07-05 21:01:01 - [TEST_CASE][PASSED] - Test Cases/DDS-2053/DDS-3894 Verify that items marked as favorites should be visible on the favourite section of the online store: Test Cases/DDS-2053/DDS-3894 Verify that items marked as favorites should be visible on the favourite section of the online store

2018-07-05 21:01:01 - [TEST_STEP][PASSED] - callTestCase: Call Test Case 'Test Cases/CommonLibraries/Search By Item' successfully

2018-07-05 21:01:01 - [TEST_CASE][PASSED] - Test Cases/CommonLibraries/Search By Item: Test Cases/CommonLibraries/Search By Item

2018-07-05 21:01:01 - [TEST_STEP][PASSED] - callTestCase: Call Test Case 'Test Cases/CommonLibraries/Login' successfully

2018-07-05 21:01:01 - [TEST_CASE][PASSED] - Test Cases/CommonLibraries/Login: Test Cases/CommonLibraries/Login

2018-07-05 21:01:01 - [TEST_STEP][PASSED] - openBrowser: Browser is opened with url: 'https://smtlogin.zycus.net/sso/login?serviceName=http://eproc-qa.zycus.net/'

2018-07-05 21:01:11 - [MESSAGE][PASSED] - Browser is opened with url: 'https://smtlogin.zycus.net/sso/login?serviceName=http://eproc-qa.zycus.net/'

2018-07-05 21:01:11 - [TEST_STEP][PASSED] - maximizeWindow: Current window maximized

2018-07-05 21:01:11 - [MESSAGE][PASSED] - Current window maximized

2018-07-05 21:01:11 - [TEST_STEP][PASSED] - waitForElementVisible: Object 'Object Repository/LoginPage/UserID' is visible

2018-07-05 21:01:11 - [MESSAGE][PASSED] - Object 'Object Repository/LoginPage/UserID' is visible

2018-07-05 21:01:11 - [TEST_STEP][PASSED] - sendKeys: Keys 'monicaqa@zycus.com' sent to object: 'Object Repository/LoginPage/UserID'

2018-07-05 21:01:11 - [MESSAGE][PASSED] - Keys 'monicaqa@zycus.com' sent to object: 'Object Repository/LoginPage/UserID'

2018-07-05 21:01:11 - [TEST_STEP][PASSED] - sendKeys: Keys 'eProc@123' sent to object: 'Object Repository/LoginPage/Password'

2018-07-05 21:01:11 - [MESSAGE][PASSED] - Keys 'eProc@123' sent to object: 'Object Repository/LoginPage/Password'

2018-07-05 21:01:11 - [TEST_STEP][PASSED] - click: Object: 'Object Repository/LoginPage/LoginButton' is clicked on

2018-07-05 21:01:15 - [MESSAGE][PASSED] - Object: 'Object Repository/LoginPage/LoginButton' is clicked on

2018-07-05 21:01:15 - [MESSAGE][PASSED] - Call Test Case 'Test Cases/CommonLibraries/Login' successfully

2018-07-05 21:01:15 - [TEST_STEP][PASSED] - waitForElementPresent: Object 'Object Repository/OnlineStorePage/Search Box' is present

2018-07-05 21:01:50 - [MESSAGE][PASSED] - Object 'Object Repository/OnlineStorePage/Search Box' is present

2018-07-05 21:01:50 - [TEST_STEP][PASSED] - waitForPageLoad: Wait for page load successfully

2018-07-05 21:01:50 - [MESSAGE][PASSED] - Wait for page load successfully

2018-07-05 21:01:50 - [TEST_STEP][PASSED] - sendKeys: Keys 'Item' sent to object: 'Object Repository/OnlineStorePage/Search Box'

2018-07-05 21:01:51 - [MESSAGE][PASSED] - Keys 'Item' sent to object: 'Object Repository/OnlineStorePage/Search Box'

2018-07-05 21:01:51 - [TEST_STEP][PASSED] - click: Object: 'Object Repository/OnlineStorePage/Search Icon' is clicked on

2018-07-05 21:01:51 - [MESSAGE][PASSED] - Object: 'Object Repository/OnlineStorePage/Search Icon' is clicked on

2018-07-05 21:01:51 - [MESSAGE][PASSED] - Call Test Case 'Test Cases/CommonLibraries/Search By Item' successfully

2018-07-05 21:01:51 - [TEST_STEP][PASSED] - waitForElementPresent: Object 'Object Repository/SearchResultPage/SearchItemTab/CatalogItems/Check Box For 2 row item list' is present

2018-07-05 21:01:59 - [MESSAGE][PASSED] - Object 'Object Repository/SearchResultPage/SearchItemTab/CatalogItems/Check Box For 2 row item list' is present

2018-07-05 21:01:59 - [TEST_STEP][PASSED] - waitForElementPresent: Object 'Object Repository/SearchResultPage/SearchItemTab/CatalogItems/Favorite Button For ITEM1' is present

2018-07-05 21:01:59 - [MESSAGE][PASSED] - Object 'Object Repository/SearchResultPage/SearchItemTab/CatalogItems/Favorite Button For ITEM1' is present

2018-07-05 21:01:59 - [TEST_STEP][PASSED] - waitForElementPresent: Object 'Object Repository/SearchResultPage/SearchItemTab/CatalogItems/Favorite Button For Item3' is present

2018-07-05 21:01:59 - [MESSAGE][PASSED] - Object 'Object Repository/SearchResultPage/SearchItemTab/CatalogItems/Favorite Button For Item3' is present

2018-07-05 21:01:59 - [TEST_STEP][PASSED] - Statement - Actual1 = com.kms.katalon.core.webui.keyword.WebUiBuiltInKeywords.getText(com.kms.katalon.core.testobject.ObjectRepository.findTestObject(SearchResultPage/SearchItemTab/CatalogItems/Catalog Item List Verification/ITEM1 For 2 Row)): Text of object 'Object Repository/SearchResultPage/SearchItemTab/CatalogItems/Catalog Item List Verification/ITEM1 For 2 Row' is: 'ITEM1'

2018-07-05 21:01:59 - [MESSAGE][PASSED] - Text of object 'Object Repository/SearchResultPage/SearchItemTab/CatalogItems/Catalog Item List Verification/ITEM1 For 2 Row' is: 'ITEM1'

2018-07-05 21:01:59 - [TEST_STEP][PASSED] - Statement - Actual2 = com.kms.katalon.core.webui.keyword.WebUiBuiltInKeywords.getText(com.kms.katalon.core.testobject.ObjectRepository.findTestObject(SearchResultPage/SearchItemTab/CatalogItems/Catalog Item List Verification/Item3 For 3 Row)): Text of object 'Object Repository/SearchResultPage/SearchItemTab/CatalogItems/Catalog Item List Verification/Item3 For 3 Row' is: 'Item3'

2018-07-05 21:01:59 - [MESSAGE][PASSED] - Text of object 'Object Repository/SearchResultPage/SearchItemTab/CatalogItems/Catalog Item List Verification/Item3 For 3 Row' is: 'Item3'

2018-07-05 21:01:59 - [TEST_STEP][PASSED] - Statement - Attribute1 = com.kms.katalon.core.webui.keyword.WebUiBuiltInKeywords.getAttribute(com.kms.katalon.core.testobject.ObjectRepository.findTestObject(SearchResultPage/SearchItemTab/CatalogItems/Favorite Button For ITEM1), "ng-reflect-icon"): Attribute 'ng-reflect-icon' of object 'Object Repository/SearchResultPage/SearchItemTab/CatalogItems/Favorite Button For ITEM1' is: 'heart-fill'

2018-07-05 21:01:59 - [MESSAGE][PASSED] - Attribute 'ng-reflect-icon' of object 'Object Repository/SearchResultPage/SearchItemTab/CatalogItems/Favorite Button For ITEM1' is: 'heart-fill'

2018-07-05 21:01:59 - [TEST_STEP][PASSED] - Statement - Attribute2 = com.kms.katalon.core.webui.keyword.WebUiBuiltInKeywords.getAttribute(com.kms.katalon.core.testobject.ObjectRepository.findTestObject(SearchResultPage/SearchItemTab/CatalogItems/Favorite Button For Item3), "ng-reflect-icon"): Attribute 'ng-reflect-icon' of object 'Object Repository/SearchResultPage/SearchItemTab/CatalogItems/Favorite Button For Item3' is: 'heart-fill'

2018-07-05 21:01:59 - [MESSAGE][PASSED] - Attribute 'ng-reflect-icon' of object 'Object Repository/SearchResultPage/SearchItemTab/CatalogItems/Favorite Button For Item3' is: 'heart-fill'

2018-07-05 21:01:59 - [TEST_STEP][PASSED] - Statement - If (Attribute1 == "heart-fill"): Object 'Object Repository/SearchResultPage/SearchItemTab/CatalogItems/Favorite Button For ITEM1' has attribute 'ng-reflect-icon' with value 'heart-fill'

2018-07-05 21:01:59 - [TEST_STEP][PASSED] - mouseOver: Object: 'Object Repository/SearchResultPage/SearchItemTab/CatalogItems/Favorite Button For ITEM1' is hovered

2018-07-05 21:01:59 - [MESSAGE][PASSED] - Object: 'Object Repository/SearchResultPage/SearchItemTab/CatalogItems/Favorite Button For ITEM1' is hovered

2018-07-05 21:01:59 - [TEST_STEP][PASSED] - click: Object: 'Object Repository/SearchResultPage/SearchItemTab/CatalogItems/Favorite Button For ITEM1' is clicked on

2018-07-05 21:01:59 - [MESSAGE][PASSED] - Object: 'Object Repository/SearchResultPage/SearchItemTab/CatalogItems/Favorite Button For ITEM1' is clicked on

2018-07-05 21:01:59 - [TEST_STEP][PASSED] - delay: Delayed 2 second(s)

2018-07-05 21:02:01 - [MESSAGE][PASSED] - Delayed 2 second(s)

2018-07-05 21:02:01 - [TEST_STEP][PASSED] - click: Object: 'Object Repository/SearchResultPage/SearchItemTab/CatalogItems/Favorite Button For ITEM1' is clicked on

2018-07-05 21:02:02 - [MESSAGE][PASSED] - Object: 'Object Repository/SearchResultPage/SearchItemTab/CatalogItems/Favorite Button For ITEM1' is clicked on

2018-07-05 21:02:02 - [TEST_STEP][PASSED] - delay: Delayed 3 second(s)

2018-07-05 21:02:05 - [MESSAGE][PASSED] - Delayed 3 second(s)

2018-07-05 21:02:05 - [TEST_STEP][PASSED] - verifyElementAttributeValue: Object 'Object Repository/SearchResultPage/SearchItemTab/CatalogItems/Favorite Button For ITEM1' has attribute 'ng-reflect-icon' with value 'heart-fill'

2018-07-05 21:02:05 - [MESSAGE][PASSED] - Object 'Object Repository/SearchResultPage/SearchItemTab/CatalogItems/Favorite Button For ITEM1' has attribute 'ng-reflect-icon' with value 'heart-fill'

2018-07-05 21:02:05 - [TEST_STEP][PASSED] - Statement - If (Attribute2 == "heart-fill"): Object 'Object Repository/SearchResultPage/SearchItemTab/CatalogItems/Favorite Button For Item3' has attribute 'ng-reflect-icon' with value 'heart-fill'

2018-07-05 21:02:05 - [TEST_STEP][PASSED] - mouseOver: Object: 'Object Repository/SearchResultPage/SearchItemTab/CatalogItems/Favorite Button For Item3' is hovered

2018-07-05 21:02:05 - [MESSAGE][PASSED] - Object: 'Object Repository/SearchResultPage/SearchItemTab/CatalogItems/Favorite Button For Item3' is hovered

2018-07-05 21:02:05 - [TEST_STEP][PASSED] - click: Object: 'Object Repository/SearchResultPage/SearchItemTab/CatalogItems/Favorite Button For Item3' is clicked on

2018-07-05 21:02:05 - [MESSAGE][PASSED] - Object: 'Object Repository/SearchResultPage/SearchItemTab/CatalogItems/Favorite Button For Item3' is clicked on

2018-07-05 21:02:05 - [TEST_STEP][PASSED] - delay: Delayed 2 second(s)

2018-07-05 21:02:07 - [MESSAGE][PASSED] - Delayed 2 second(s)

2018-07-05 21:02:07 - [TEST_STEP][PASSED] - click: Object: 'Object Repository/SearchResultPage/SearchItemTab/CatalogItems/Favorite Button For Item3' is clicked on

2018-07-05 21:02:07 - [MESSAGE][PASSED] - Object: 'Object Repository/SearchResultPage/SearchItemTab/CatalogItems/Favorite Button For Item3' is clicked on

2018-07-05 21:02:07 - [TEST_STEP][PASSED] - delay: Delayed 3 second(s)

2018-07-05 21:02:10 - [MESSAGE][PASSED] - Delayed 3 second(s)

2018-07-05 21:02:10 - [TEST_STEP][PASSED] - verifyElementAttributeValue: Object 'Object Repository/SearchResultPage/SearchItemTab/CatalogItems/Favorite Button For Item3' has attribute 'ng-reflect-icon' with value 'heart-fill'

2018-07-05 21:02:10 - [MESSAGE][PASSED] - Object 'Object Repository/SearchResultPage/SearchItemTab/CatalogItems/Favorite Button For Item3' has attribute 'ng-reflect-icon' with value 'heart-fill'

2018-07-05 21:02:10 - [TEST_STEP][PASSED] - click: Object: 'Object Repository/Home' is clicked on

2018-07-05 21:02:10 - [MESSAGE][PASSED] - Object: 'Object Repository/Home' is clicked on

2018-07-05 21:02:10 - [TEST_STEP][PASSED] - click: Object: 'Object Repository/OnlineStorePage/HeaderTab/FavoritesAndPreviouslyUsedTab/Favorite' is clicked on

2018-07-05 21:02:12 - [MESSAGE][PASSED] - Object: 'Object Repository/OnlineStorePage/HeaderTab/FavoritesAndPreviouslyUsedTab/Favorite' is clicked on

2018-07-05 21:02:12 - [TEST_STEP][PASSED] - waitForElementPresent: Object 'Object Repository/OnlineStorePage/HeaderTab/FavoritesAndPreviouslyUsedTab/Verify ITEM1' is present

2018-07-05 21:02:12 - [MESSAGE][PASSED] - Object 'Object Repository/OnlineStorePage/HeaderTab/FavoritesAndPreviouslyUsedTab/Verify ITEM1' is present

2018-07-05 21:02:12 - [TEST_STEP][PASSED] - Statement - Exp1 = com.kms.katalon.core.webui.keyword.WebUiBuiltInKeywords.getText(com.kms.katalon.core.testobject.ObjectRepository.findTestObject(OnlineStorePage/HeaderTab/FavoritesAndPreviouslyUsedTab/Verify ITEM1)): Text of object 'Object Repository/OnlineStorePage/HeaderTab/FavoritesAndPreviouslyUsedTab/Verify ITEM1' is: 'ITEM1'

2018-07-05 21:02:12 - [MESSAGE][PASSED] - Text of object 'Object Repository/OnlineStorePage/HeaderTab/FavoritesAndPreviouslyUsedTab/Verify ITEM1' is: 'ITEM1'

2018-07-05 21:02:12 - [TEST_STEP][PASSED] - Statement - Exp2 = com.kms.katalon.core.webui.keyword.WebUiBuiltInKeywords.getText(com.kms.katalon.core.testobject.ObjectRepository.findTestObject(OnlineStorePage/HeaderTab/FavoritesAndPreviouslyUsedTab/Verify Item3)): Text of object 'Object Repository/OnlineStorePage/HeaderTab/FavoritesAndPreviouslyUsedTab/Verify Item3' is: 'Item3'

2018-07-05 21:02:12 - [MESSAGE][PASSED] - Text of object 'Object Repository/OnlineStorePage/HeaderTab/FavoritesAndPreviouslyUsedTab/Verify Item3' is: 'Item3'

2018-07-05 21:02:12 - [TEST_STEP][PASSED] - verifyMatch: Actual text 'ITEM1' and expected text 'ITEM1' are matched  using regular expression

2018-07-05 21:02:12 - [MESSAGE][PASSED] - Actual text 'ITEM1' and expected text 'ITEM1' are matched  using regular expression

2018-07-05 21:02:12 - [TEST_STEP][PASSED] - verifyMatch: Actual text 'Item3' and expected text 'Item3' are matched  using regular expression

2018-07-05 21:02:12 - [MESSAGE][PASSED] - Actual text 'Item3' and expected text 'Item3' are matched  using regular expression]]></system-out>
         <system-err><![CDATA[]]></system-err>
      </testcase>
      <testcase name="Test Cases/DDS-2053/DDS-3895 When the user clicks on the View all under favorites section, user is navigated to a new window listing down all the favorites under each entity" classname="Test Cases/DDS-2053/DDS-3895 When the user clicks on the View all under favorites section, user is navigated to a new window listing down all the favorites under each entity" status="PASSED">
         <system-out><![CDATA[2018-07-05 21:02:12 - [TEST_CASE][PASSED] - Test Cases/DDS-2053/DDS-3895 When the user clicks on the View all under favorites section, user is navigated to a new window listing down all the favorites under each entity: Test Cases/DDS-2053/DDS-3895 When the user clicks on the View all under favorites section, user is navigated to a new window listing down all the favorites under each entity

2018-07-05 21:02:12 - [TEST_STEP][PASSED] - callTestCase: Call Test Case 'Test Cases/CommonLibraries/Search By Item' successfully

2018-07-05 21:02:12 - [TEST_CASE][PASSED] - Test Cases/CommonLibraries/Search By Item: Test Cases/CommonLibraries/Search By Item

2018-07-05 21:02:12 - [TEST_STEP][PASSED] - callTestCase: Call Test Case 'Test Cases/CommonLibraries/Login' successfully

2018-07-05 21:02:12 - [TEST_CASE][PASSED] - Test Cases/CommonLibraries/Login: Test Cases/CommonLibraries/Login

2018-07-05 21:02:12 - [TEST_STEP][PASSED] - openBrowser: Browser is opened with url: 'https://smtlogin.zycus.net/sso/login?serviceName=http://eproc-qa.zycus.net/'

2018-07-05 21:02:12 - [MESSAGE][WARNING] - A browser is already opened. Closing browser and opening a new one

2018-07-05 21:02:26 - [MESSAGE][PASSED] - Browser is opened with url: 'https://smtlogin.zycus.net/sso/login?serviceName=http://eproc-qa.zycus.net/'

2018-07-05 21:02:26 - [TEST_STEP][PASSED] - maximizeWindow: Current window maximized

2018-07-05 21:02:31 - [MESSAGE][PASSED] - Current window maximized

2018-07-05 21:02:31 - [TEST_STEP][PASSED] - waitForElementVisible: Object 'Object Repository/LoginPage/UserID' is visible

2018-07-05 21:02:32 - [MESSAGE][PASSED] - Object 'Object Repository/LoginPage/UserID' is visible

2018-07-05 21:02:32 - [TEST_STEP][PASSED] - sendKeys: Keys 'monicaqa@zycus.com' sent to object: 'Object Repository/LoginPage/UserID'

2018-07-05 21:02:32 - [MESSAGE][PASSED] - Keys 'monicaqa@zycus.com' sent to object: 'Object Repository/LoginPage/UserID'

2018-07-05 21:02:32 - [TEST_STEP][PASSED] - sendKeys: Keys 'eProc@123' sent to object: 'Object Repository/LoginPage/Password'

2018-07-05 21:02:32 - [MESSAGE][PASSED] - Keys 'eProc@123' sent to object: 'Object Repository/LoginPage/Password'

2018-07-05 21:02:32 - [TEST_STEP][PASSED] - click: Object: 'Object Repository/LoginPage/LoginButton' is clicked on

2018-07-05 21:02:36 - [MESSAGE][PASSED] - Object: 'Object Repository/LoginPage/LoginButton' is clicked on

2018-07-05 21:02:36 - [MESSAGE][PASSED] - Call Test Case 'Test Cases/CommonLibraries/Login' successfully

2018-07-05 21:02:36 - [TEST_STEP][PASSED] - waitForElementPresent: Object 'Object Repository/OnlineStorePage/Search Box' is present

2018-07-05 21:03:13 - [MESSAGE][PASSED] - Object 'Object Repository/OnlineStorePage/Search Box' is present

2018-07-05 21:03:13 - [TEST_STEP][PASSED] - waitForPageLoad: Wait for page load successfully

2018-07-05 21:03:13 - [MESSAGE][PASSED] - Wait for page load successfully

2018-07-05 21:03:13 - [TEST_STEP][PASSED] - sendKeys: Keys 'Item' sent to object: 'Object Repository/OnlineStorePage/Search Box'

2018-07-05 21:03:13 - [MESSAGE][PASSED] - Keys 'Item' sent to object: 'Object Repository/OnlineStorePage/Search Box'

2018-07-05 21:03:13 - [TEST_STEP][PASSED] - click: Object: 'Object Repository/OnlineStorePage/Search Icon' is clicked on

2018-07-05 21:03:13 - [MESSAGE][PASSED] - Object: 'Object Repository/OnlineStorePage/Search Icon' is clicked on

2018-07-05 21:03:13 - [MESSAGE][PASSED] - Call Test Case 'Test Cases/CommonLibraries/Search By Item' successfully

2018-07-05 21:03:13 - [TEST_STEP][PASSED] - waitForElementPresent: Object 'Object Repository/SearchResultPage/SearchItemTab/CatalogItems/Check Box For 2 row item list' is present

2018-07-05 21:03:20 - [MESSAGE][PASSED] - Object 'Object Repository/SearchResultPage/SearchItemTab/CatalogItems/Check Box For 2 row item list' is present

2018-07-05 21:03:20 - [TEST_STEP][PASSED] - waitForElementPresent: Object 'Object Repository/SearchResultPage/SearchItemTab/CatalogItems/Favorite Button For ITEM1' is present

2018-07-05 21:03:20 - [MESSAGE][PASSED] - Object 'Object Repository/SearchResultPage/SearchItemTab/CatalogItems/Favorite Button For ITEM1' is present

2018-07-05 21:03:20 - [TEST_STEP][PASSED] - waitForElementPresent: Object 'Object Repository/SearchResultPage/SearchItemTab/CatalogItems/Favorite Button For Item3' is present

2018-07-05 21:03:20 - [MESSAGE][PASSED] - Object 'Object Repository/SearchResultPage/SearchItemTab/CatalogItems/Favorite Button For Item3' is present

2018-07-05 21:03:20 - [TEST_STEP][PASSED] - Statement - Actual1 = com.kms.katalon.core.webui.keyword.WebUiBuiltInKeywords.getText(com.kms.katalon.core.testobject.ObjectRepository.findTestObject(SearchResultPage/SearchItemTab/CatalogItems/Catalog Item List Verification/ITEM1 For 2 Row)): Text of object 'Object Repository/SearchResultPage/SearchItemTab/CatalogItems/Catalog Item List Verification/ITEM1 For 2 Row' is: 'ITEM1'

2018-07-05 21:03:20 - [MESSAGE][PASSED] - Text of object 'Object Repository/SearchResultPage/SearchItemTab/CatalogItems/Catalog Item List Verification/ITEM1 For 2 Row' is: 'ITEM1'

2018-07-05 21:03:20 - [TEST_STEP][PASSED] - Statement - Actual2 = com.kms.katalon.core.webui.keyword.WebUiBuiltInKeywords.getText(com.kms.katalon.core.testobject.ObjectRepository.findTestObject(SearchResultPage/SearchItemTab/CatalogItems/Catalog Item List Verification/Item3 For 3 Row)): Text of object 'Object Repository/SearchResultPage/SearchItemTab/CatalogItems/Catalog Item List Verification/Item3 For 3 Row' is: 'Item3'

2018-07-05 21:03:20 - [MESSAGE][PASSED] - Text of object 'Object Repository/SearchResultPage/SearchItemTab/CatalogItems/Catalog Item List Verification/Item3 For 3 Row' is: 'Item3'

2018-07-05 21:03:20 - [TEST_STEP][PASSED] - Statement - Attribute1 = com.kms.katalon.core.webui.keyword.WebUiBuiltInKeywords.getAttribute(com.kms.katalon.core.testobject.ObjectRepository.findTestObject(SearchResultPage/SearchItemTab/CatalogItems/Favorite Button For ITEM1), "ng-reflect-icon"): Attribute 'ng-reflect-icon' of object 'Object Repository/SearchResultPage/SearchItemTab/CatalogItems/Favorite Button For ITEM1' is: 'heart-fill'

2018-07-05 21:03:21 - [MESSAGE][PASSED] - Attribute 'ng-reflect-icon' of object 'Object Repository/SearchResultPage/SearchItemTab/CatalogItems/Favorite Button For ITEM1' is: 'heart-fill'

2018-07-05 21:03:21 - [TEST_STEP][PASSED] - Statement - Attribute2 = com.kms.katalon.core.webui.keyword.WebUiBuiltInKeywords.getAttribute(com.kms.katalon.core.testobject.ObjectRepository.findTestObject(SearchResultPage/SearchItemTab/CatalogItems/Favorite Button For Item3), "ng-reflect-icon"): Attribute 'ng-reflect-icon' of object 'Object Repository/SearchResultPage/SearchItemTab/CatalogItems/Favorite Button For Item3' is: 'heart-fill'

2018-07-05 21:03:21 - [MESSAGE][PASSED] - Attribute 'ng-reflect-icon' of object 'Object Repository/SearchResultPage/SearchItemTab/CatalogItems/Favorite Button For Item3' is: 'heart-fill'

2018-07-05 21:03:21 - [TEST_STEP][PASSED] - Statement - If (Attribute1 == "heart-fill"): Object 'Object Repository/SearchResultPage/SearchItemTab/CatalogItems/Favorite Button For ITEM1' has attribute 'ng-reflect-icon' with value 'heart-fill'

2018-07-05 21:03:21 - [TEST_STEP][PASSED] - mouseOver: Object: 'Object Repository/SearchResultPage/SearchItemTab/CatalogItems/Favorite Button For ITEM1' is hovered

2018-07-05 21:03:21 - [MESSAGE][PASSED] - Object: 'Object Repository/SearchResultPage/SearchItemTab/CatalogItems/Favorite Button For ITEM1' is hovered

2018-07-05 21:03:21 - [TEST_STEP][PASSED] - click: Object: 'Object Repository/SearchResultPage/SearchItemTab/CatalogItems/Favorite Button For ITEM1' is clicked on

2018-07-05 21:03:21 - [MESSAGE][PASSED] - Object: 'Object Repository/SearchResultPage/SearchItemTab/CatalogItems/Favorite Button For ITEM1' is clicked on

2018-07-05 21:03:21 - [TEST_STEP][PASSED] - delay: Delayed 2 second(s)

2018-07-05 21:03:23 - [MESSAGE][PASSED] - Delayed 2 second(s)

2018-07-05 21:03:23 - [TEST_STEP][PASSED] - click: Object: 'Object Repository/SearchResultPage/SearchItemTab/CatalogItems/Favorite Button For ITEM1' is clicked on

2018-07-05 21:03:23 - [MESSAGE][PASSED] - Object: 'Object Repository/SearchResultPage/SearchItemTab/CatalogItems/Favorite Button For ITEM1' is clicked on

2018-07-05 21:03:23 - [TEST_STEP][PASSED] - delay: Delayed 3 second(s)

2018-07-05 21:03:26 - [MESSAGE][PASSED] - Delayed 3 second(s)

2018-07-05 21:03:26 - [TEST_STEP][PASSED] - verifyElementAttributeValue: Object 'Object Repository/SearchResultPage/SearchItemTab/CatalogItems/Favorite Button For ITEM1' has attribute 'ng-reflect-icon' with value 'heart-fill'

2018-07-05 21:03:26 - [MESSAGE][PASSED] - Object 'Object Repository/SearchResultPage/SearchItemTab/CatalogItems/Favorite Button For ITEM1' has attribute 'ng-reflect-icon' with value 'heart-fill'

2018-07-05 21:03:26 - [TEST_STEP][PASSED] - Statement - If (Attribute2 == "heart-fill"): Object 'Object Repository/SearchResultPage/SearchItemTab/CatalogItems/Favorite Button For Item3' has attribute 'ng-reflect-icon' with value 'heart-fill'

2018-07-05 21:03:26 - [TEST_STEP][PASSED] - mouseOver: Object: 'Object Repository/SearchResultPage/SearchItemTab/CatalogItems/Favorite Button For Item3' is hovered

2018-07-05 21:03:26 - [MESSAGE][PASSED] - Object: 'Object Repository/SearchResultPage/SearchItemTab/CatalogItems/Favorite Button For Item3' is hovered

2018-07-05 21:03:26 - [TEST_STEP][PASSED] - click: Object: 'Object Repository/SearchResultPage/SearchItemTab/CatalogItems/Favorite Button For Item3' is clicked on

2018-07-05 21:03:26 - [MESSAGE][PASSED] - Object: 'Object Repository/SearchResultPage/SearchItemTab/CatalogItems/Favorite Button For Item3' is clicked on

2018-07-05 21:03:26 - [TEST_STEP][PASSED] - delay: Delayed 2 second(s)

2018-07-05 21:03:28 - [MESSAGE][PASSED] - Delayed 2 second(s)

2018-07-05 21:03:28 - [TEST_STEP][PASSED] - click: Object: 'Object Repository/SearchResultPage/SearchItemTab/CatalogItems/Favorite Button For Item3' is clicked on

2018-07-05 21:03:28 - [MESSAGE][PASSED] - Object: 'Object Repository/SearchResultPage/SearchItemTab/CatalogItems/Favorite Button For Item3' is clicked on

2018-07-05 21:03:28 - [TEST_STEP][PASSED] - delay: Delayed 3 second(s)

2018-07-05 21:03:31 - [MESSAGE][PASSED] - Delayed 3 second(s)

2018-07-05 21:03:31 - [TEST_STEP][PASSED] - verifyElementAttributeValue: Object 'Object Repository/SearchResultPage/SearchItemTab/CatalogItems/Favorite Button For Item3' has attribute 'ng-reflect-icon' with value 'heart-fill'

2018-07-05 21:03:31 - [MESSAGE][PASSED] - Object 'Object Repository/SearchResultPage/SearchItemTab/CatalogItems/Favorite Button For Item3' has attribute 'ng-reflect-icon' with value 'heart-fill'

2018-07-05 21:03:31 - [TEST_STEP][PASSED] - click: Object: 'Object Repository/Home' is clicked on

2018-07-05 21:03:31 - [MESSAGE][PASSED] - Object: 'Object Repository/Home' is clicked on

2018-07-05 21:03:31 - [TEST_STEP][PASSED] - click: Object: 'Object Repository/OnlineStorePage/HeaderTab/FavoritesAndPreviouslyUsedTab/Favorite' is clicked on

2018-07-05 21:03:33 - [MESSAGE][PASSED] - Object: 'Object Repository/OnlineStorePage/HeaderTab/FavoritesAndPreviouslyUsedTab/Favorite' is clicked on

2018-07-05 21:03:33 - [TEST_STEP][PASSED] - waitForElementPresent: Object 'Object Repository/OnlineStorePage/HeaderTab/FavoritesAndPreviouslyUsedTab/Verify ITEM1' is present

2018-07-05 21:03:33 - [MESSAGE][PASSED] - Object 'Object Repository/OnlineStorePage/HeaderTab/FavoritesAndPreviouslyUsedTab/Verify ITEM1' is present

2018-07-05 21:03:33 - [TEST_STEP][PASSED] - Statement - Exp1 = com.kms.katalon.core.webui.keyword.WebUiBuiltInKeywords.getText(com.kms.katalon.core.testobject.ObjectRepository.findTestObject(OnlineStorePage/HeaderTab/FavoritesAndPreviouslyUsedTab/Verify ITEM1)): Text of object 'Object Repository/OnlineStorePage/HeaderTab/FavoritesAndPreviouslyUsedTab/Verify ITEM1' is: 'ITEM1'

2018-07-05 21:03:33 - [MESSAGE][PASSED] - Text of object 'Object Repository/OnlineStorePage/HeaderTab/FavoritesAndPreviouslyUsedTab/Verify ITEM1' is: 'ITEM1'

2018-07-05 21:03:33 - [TEST_STEP][PASSED] - Statement - Exp2 = com.kms.katalon.core.webui.keyword.WebUiBuiltInKeywords.getText(com.kms.katalon.core.testobject.ObjectRepository.findTestObject(OnlineStorePage/HeaderTab/FavoritesAndPreviouslyUsedTab/Verify Item3)): Text of object 'Object Repository/OnlineStorePage/HeaderTab/FavoritesAndPreviouslyUsedTab/Verify Item3' is: 'Item3'

2018-07-05 21:03:33 - [MESSAGE][PASSED] - Text of object 'Object Repository/OnlineStorePage/HeaderTab/FavoritesAndPreviouslyUsedTab/Verify Item3' is: 'Item3'

2018-07-05 21:03:33 - [TEST_STEP][PASSED] - verifyMatch: Actual text 'ITEM1' and expected text 'ITEM1' are matched  using regular expression

2018-07-05 21:03:33 - [MESSAGE][PASSED] - Actual text 'ITEM1' and expected text 'ITEM1' are matched  using regular expression

2018-07-05 21:03:33 - [TEST_STEP][PASSED] - verifyMatch: Actual text 'Item3' and expected text 'Item3' are matched  using regular expression

2018-07-05 21:03:33 - [MESSAGE][PASSED] - Actual text 'Item3' and expected text 'Item3' are matched  using regular expression

2018-07-05 21:03:33 - [TEST_STEP][PASSED] - click: Object: 'Object Repository/OnlineStorePage/HeaderTab/FavoritesAndPreviouslyUsedTab/ViewAllButton' is clicked on

2018-07-05 21:03:33 - [MESSAGE][PASSED] - Object: 'Object Repository/OnlineStorePage/HeaderTab/FavoritesAndPreviouslyUsedTab/ViewAllButton' is clicked on

2018-07-05 21:03:33 - [TEST_STEP][PASSED] - Statement - Val1 = com.kms.katalon.core.webui.keyword.WebUiBuiltInKeywords.getText(com.kms.katalon.core.testobject.ObjectRepository.findTestObject(OnlineStorePage/HeaderTab/FavoritesAndPreviouslyUsedTab/View All Section/Verify ITEM1)): Text of object 'Object Repository/OnlineStorePage/HeaderTab/FavoritesAndPreviouslyUsedTab/View All Section/Verify ITEM1' is: 'ITEM1'

2018-07-05 21:03:34 - [MESSAGE][PASSED] - Text of object 'Object Repository/OnlineStorePage/HeaderTab/FavoritesAndPreviouslyUsedTab/View All Section/Verify ITEM1' is: 'ITEM1'

2018-07-05 21:03:34 - [TEST_STEP][PASSED] - Statement - Val2 = com.kms.katalon.core.webui.keyword.WebUiBuiltInKeywords.getText(com.kms.katalon.core.testobject.ObjectRepository.findTestObject(OnlineStorePage/HeaderTab/FavoritesAndPreviouslyUsedTab/View All Section/Verify ITEM3)): Text of object 'Object Repository/OnlineStorePage/HeaderTab/FavoritesAndPreviouslyUsedTab/View All Section/Verify ITEM3' is: 'Item3'

2018-07-05 21:03:34 - [MESSAGE][PASSED] - Text of object 'Object Repository/OnlineStorePage/HeaderTab/FavoritesAndPreviouslyUsedTab/View All Section/Verify ITEM3' is: 'Item3'

2018-07-05 21:03:34 - [TEST_STEP][PASSED] - verifyMatch: Actual text 'ITEM1' and expected text 'ITEM1' are matched  using regular expression

2018-07-05 21:03:34 - [MESSAGE][PASSED] - Actual text 'ITEM1' and expected text 'ITEM1' are matched  using regular expression

2018-07-05 21:03:34 - [TEST_STEP][PASSED] - verifyMatch: Actual text 'Item3' and expected text 'Item3' are matched  using regular expression

2018-07-05 21:03:34 - [MESSAGE][PASSED] - Actual text 'Item3' and expected text 'Item3' are matched  using regular expression

2018-07-05 21:03:34 - [TEST_STEP][PASSED] - closeBrowser: Browser is closed

2018-07-05 21:03:34 - [MESSAGE][PASSED] - Browser is closed]]></system-out>
         <system-err><![CDATA[]]></system-err>
      </testcase>
      <testcase name="Test Cases/DDS-2053/DDS-3898 Verify that the items added from the favorites section should be appended to the already existing items of the cart" classname="Test Cases/DDS-2053/DDS-3898 Verify that the items added from the favorites section should be appended to the already existing items of the cart" status="PASSED">
         <system-out><![CDATA[2018-07-05 21:03:34 - [TEST_CASE][PASSED] - Test Cases/DDS-2053/DDS-3898 Verify that the items added from the favorites section should be appended to the already existing items of the cart: Test Cases/DDS-2053/DDS-3898 Verify that the items added from the favorites section should be appended to the already existing items of the cart

2018-07-05 21:03:34 - [TEST_STEP][PASSED] - callTestCase: Call Test Case 'Test Cases/CommonLibraries/Search By Item' successfully

2018-07-05 21:03:34 - [TEST_CASE][PASSED] - Test Cases/CommonLibraries/Search By Item: Test Cases/CommonLibraries/Search By Item

2018-07-05 21:03:34 - [TEST_STEP][PASSED] - callTestCase: Call Test Case 'Test Cases/CommonLibraries/Login' successfully

2018-07-05 21:03:34 - [TEST_CASE][PASSED] - Test Cases/CommonLibraries/Login: Test Cases/CommonLibraries/Login

2018-07-05 21:03:34 - [TEST_STEP][PASSED] - openBrowser: Browser is opened with url: 'https://smtlogin.zycus.net/sso/login?serviceName=http://eproc-qa.zycus.net/'

2018-07-05 21:03:46 - [MESSAGE][PASSED] - Browser is opened with url: 'https://smtlogin.zycus.net/sso/login?serviceName=http://eproc-qa.zycus.net/'

2018-07-05 21:03:46 - [TEST_STEP][PASSED] - maximizeWindow: Current window maximized

2018-07-05 21:03:46 - [MESSAGE][PASSED] - Current window maximized

2018-07-05 21:03:46 - [TEST_STEP][PASSED] - waitForElementVisible: Object 'Object Repository/LoginPage/UserID' is visible

2018-07-05 21:03:46 - [MESSAGE][PASSED] - Object 'Object Repository/LoginPage/UserID' is visible

2018-07-05 21:03:46 - [TEST_STEP][PASSED] - sendKeys: Keys 'monicaqa@zycus.com' sent to object: 'Object Repository/LoginPage/UserID'

2018-07-05 21:03:47 - [MESSAGE][PASSED] - Keys 'monicaqa@zycus.com' sent to object: 'Object Repository/LoginPage/UserID'

2018-07-05 21:03:47 - [TEST_STEP][PASSED] - sendKeys: Keys 'eProc@123' sent to object: 'Object Repository/LoginPage/Password'

2018-07-05 21:03:47 - [MESSAGE][PASSED] - Keys 'eProc@123' sent to object: 'Object Repository/LoginPage/Password'

2018-07-05 21:03:47 - [TEST_STEP][PASSED] - click: Object: 'Object Repository/LoginPage/LoginButton' is clicked on

2018-07-05 21:03:51 - [MESSAGE][PASSED] - Object: 'Object Repository/LoginPage/LoginButton' is clicked on

2018-07-05 21:03:51 - [MESSAGE][PASSED] - Call Test Case 'Test Cases/CommonLibraries/Login' successfully

2018-07-05 21:03:51 - [TEST_STEP][PASSED] - waitForElementPresent: Object 'Object Repository/OnlineStorePage/Search Box' is present

2018-07-05 21:04:27 - [MESSAGE][PASSED] - Object 'Object Repository/OnlineStorePage/Search Box' is present

2018-07-05 21:04:27 - [TEST_STEP][PASSED] - waitForPageLoad: Wait for page load successfully

2018-07-05 21:04:27 - [MESSAGE][PASSED] - Wait for page load successfully

2018-07-05 21:04:27 - [TEST_STEP][PASSED] - sendKeys: Keys 'Item' sent to object: 'Object Repository/OnlineStorePage/Search Box'

2018-07-05 21:04:27 - [MESSAGE][PASSED] - Keys 'Item' sent to object: 'Object Repository/OnlineStorePage/Search Box'

2018-07-05 21:04:27 - [TEST_STEP][PASSED] - click: Object: 'Object Repository/OnlineStorePage/Search Icon' is clicked on

2018-07-05 21:04:28 - [MESSAGE][PASSED] - Object: 'Object Repository/OnlineStorePage/Search Icon' is clicked on

2018-07-05 21:04:28 - [MESSAGE][PASSED] - Call Test Case 'Test Cases/CommonLibraries/Search By Item' successfully

2018-07-05 21:04:28 - [TEST_STEP][PASSED] - waitForElementPresent: Object 'Object Repository/SearchResultPage/SearchItemTab/CatalogItems/Check Box For 2 row item list' is present

2018-07-05 21:04:35 - [MESSAGE][PASSED] - Object 'Object Repository/SearchResultPage/SearchItemTab/CatalogItems/Check Box For 2 row item list' is present

2018-07-05 21:04:35 - [TEST_STEP][PASSED] - waitForElementPresent: Object 'Object Repository/SearchResultPage/SearchItemTab/CatalogItems/Favorite Button For ITEM1' is present

2018-07-05 21:04:35 - [MESSAGE][PASSED] - Object 'Object Repository/SearchResultPage/SearchItemTab/CatalogItems/Favorite Button For ITEM1' is present

2018-07-05 21:04:35 - [TEST_STEP][PASSED] - waitForElementPresent: Object 'Object Repository/SearchResultPage/SearchItemTab/CatalogItems/Favorite Button For Item3' is present

2018-07-05 21:04:35 - [MESSAGE][PASSED] - Object 'Object Repository/SearchResultPage/SearchItemTab/CatalogItems/Favorite Button For Item3' is present

2018-07-05 21:04:35 - [TEST_STEP][PASSED] - Statement - Actual1 = com.kms.katalon.core.webui.keyword.WebUiBuiltInKeywords.getText(com.kms.katalon.core.testobject.ObjectRepository.findTestObject(SearchResultPage/SearchItemTab/CatalogItems/Catalog Item List Verification/ITEM1 For 2 Row)): Text of object 'Object Repository/SearchResultPage/SearchItemTab/CatalogItems/Catalog Item List Verification/ITEM1 For 2 Row' is: 'ITEM1'

2018-07-05 21:04:35 - [MESSAGE][PASSED] - Text of object 'Object Repository/SearchResultPage/SearchItemTab/CatalogItems/Catalog Item List Verification/ITEM1 For 2 Row' is: 'ITEM1'

2018-07-05 21:04:35 - [TEST_STEP][PASSED] - Statement - Actual2 = com.kms.katalon.core.webui.keyword.WebUiBuiltInKeywords.getText(com.kms.katalon.core.testobject.ObjectRepository.findTestObject(SearchResultPage/SearchItemTab/CatalogItems/Catalog Item List Verification/Item3 For 3 Row)): Text of object 'Object Repository/SearchResultPage/SearchItemTab/CatalogItems/Catalog Item List Verification/Item3 For 3 Row' is: 'Item3'

2018-07-05 21:04:35 - [MESSAGE][PASSED] - Text of object 'Object Repository/SearchResultPage/SearchItemTab/CatalogItems/Catalog Item List Verification/Item3 For 3 Row' is: 'Item3'

2018-07-05 21:04:35 - [TEST_STEP][PASSED] - Statement - Attribute1 = com.kms.katalon.core.webui.keyword.WebUiBuiltInKeywords.getAttribute(com.kms.katalon.core.testobject.ObjectRepository.findTestObject(SearchResultPage/SearchItemTab/CatalogItems/Favorite Button For ITEM1), "ng-reflect-icon"): Attribute 'ng-reflect-icon' of object 'Object Repository/SearchResultPage/SearchItemTab/CatalogItems/Favorite Button For ITEM1' is: 'heart-fill'

2018-07-05 21:04:35 - [MESSAGE][PASSED] - Attribute 'ng-reflect-icon' of object 'Object Repository/SearchResultPage/SearchItemTab/CatalogItems/Favorite Button For ITEM1' is: 'heart-fill'

2018-07-05 21:04:35 - [TEST_STEP][PASSED] - Statement - Attribute2 = com.kms.katalon.core.webui.keyword.WebUiBuiltInKeywords.getAttribute(com.kms.katalon.core.testobject.ObjectRepository.findTestObject(SearchResultPage/SearchItemTab/CatalogItems/Favorite Button For Item3), "ng-reflect-icon"): Attribute 'ng-reflect-icon' of object 'Object Repository/SearchResultPage/SearchItemTab/CatalogItems/Favorite Button For Item3' is: 'heart-fill'

2018-07-05 21:04:35 - [MESSAGE][PASSED] - Attribute 'ng-reflect-icon' of object 'Object Repository/SearchResultPage/SearchItemTab/CatalogItems/Favorite Button For Item3' is: 'heart-fill'

2018-07-05 21:04:35 - [TEST_STEP][PASSED] - Statement - If (Attribute1 == "heart-fill"): Object 'Object Repository/SearchResultPage/SearchItemTab/CatalogItems/Favorite Button For ITEM1' has attribute 'ng-reflect-icon' with value 'heart-fill'

2018-07-05 21:04:35 - [TEST_STEP][PASSED] - mouseOver: Object: 'Object Repository/SearchResultPage/SearchItemTab/CatalogItems/Favorite Button For ITEM1' is hovered

2018-07-05 21:04:35 - [MESSAGE][PASSED] - Object: 'Object Repository/SearchResultPage/SearchItemTab/CatalogItems/Favorite Button For ITEM1' is hovered

2018-07-05 21:04:35 - [TEST_STEP][PASSED] - click: Object: 'Object Repository/SearchResultPage/SearchItemTab/CatalogItems/Favorite Button For ITEM1' is clicked on

2018-07-05 21:04:35 - [MESSAGE][PASSED] - Object: 'Object Repository/SearchResultPage/SearchItemTab/CatalogItems/Favorite Button For ITEM1' is clicked on

2018-07-05 21:04:35 - [TEST_STEP][PASSED] - delay: Delayed 2 second(s)

2018-07-05 21:04:37 - [MESSAGE][PASSED] - Delayed 2 second(s)

2018-07-05 21:04:37 - [TEST_STEP][PASSED] - click: Object: 'Object Repository/SearchResultPage/SearchItemTab/CatalogItems/Favorite Button For ITEM1' is clicked on

2018-07-05 21:04:37 - [MESSAGE][PASSED] - Object: 'Object Repository/SearchResultPage/SearchItemTab/CatalogItems/Favorite Button For ITEM1' is clicked on

2018-07-05 21:04:37 - [TEST_STEP][PASSED] - delay: Delayed 3 second(s)

2018-07-05 21:04:40 - [MESSAGE][PASSED] - Delayed 3 second(s)

2018-07-05 21:04:40 - [TEST_STEP][PASSED] - verifyElementAttributeValue: Object 'Object Repository/SearchResultPage/SearchItemTab/CatalogItems/Favorite Button For ITEM1' has attribute 'ng-reflect-icon' with value 'heart-fill'

2018-07-05 21:04:40 - [MESSAGE][PASSED] - Object 'Object Repository/SearchResultPage/SearchItemTab/CatalogItems/Favorite Button For ITEM1' has attribute 'ng-reflect-icon' with value 'heart-fill'

2018-07-05 21:04:40 - [TEST_STEP][PASSED] - Statement - If (Attribute2 == "heart-fill"): Object 'Object Repository/SearchResultPage/SearchItemTab/CatalogItems/Favorite Button For Item3' has attribute 'ng-reflect-icon' with value 'heart-fill'

2018-07-05 21:04:40 - [TEST_STEP][PASSED] - mouseOver: Object: 'Object Repository/SearchResultPage/SearchItemTab/CatalogItems/Favorite Button For Item3' is hovered

2018-07-05 21:04:40 - [MESSAGE][PASSED] - Object: 'Object Repository/SearchResultPage/SearchItemTab/CatalogItems/Favorite Button For Item3' is hovered

2018-07-05 21:04:40 - [TEST_STEP][PASSED] - click: Object: 'Object Repository/SearchResultPage/SearchItemTab/CatalogItems/Favorite Button For Item3' is clicked on

2018-07-05 21:04:40 - [MESSAGE][PASSED] - Object: 'Object Repository/SearchResultPage/SearchItemTab/CatalogItems/Favorite Button For Item3' is clicked on

2018-07-05 21:04:40 - [TEST_STEP][PASSED] - delay: Delayed 2 second(s)

2018-07-05 21:04:42 - [MESSAGE][PASSED] - Delayed 2 second(s)

2018-07-05 21:04:42 - [TEST_STEP][PASSED] - click: Object: 'Object Repository/SearchResultPage/SearchItemTab/CatalogItems/Favorite Button For Item3' is clicked on

2018-07-05 21:04:43 - [MESSAGE][PASSED] - Object: 'Object Repository/SearchResultPage/SearchItemTab/CatalogItems/Favorite Button For Item3' is clicked on

2018-07-05 21:04:43 - [TEST_STEP][PASSED] - delay: Delayed 3 second(s)

2018-07-05 21:04:46 - [MESSAGE][PASSED] - Delayed 3 second(s)

2018-07-05 21:04:46 - [TEST_STEP][PASSED] - verifyElementAttributeValue: Object 'Object Repository/SearchResultPage/SearchItemTab/CatalogItems/Favorite Button For Item3' has attribute 'ng-reflect-icon' with value 'heart-fill'

2018-07-05 21:04:46 - [MESSAGE][PASSED] - Object 'Object Repository/SearchResultPage/SearchItemTab/CatalogItems/Favorite Button For Item3' has attribute 'ng-reflect-icon' with value 'heart-fill'

2018-07-05 21:04:46 - [TEST_STEP][PASSED] - click: Object: 'Object Repository/Home' is clicked on

2018-07-05 21:04:46 - [MESSAGE][PASSED] - Object: 'Object Repository/Home' is clicked on

2018-07-05 21:04:46 - [TEST_STEP][PASSED] - click: Object: 'Object Repository/OnlineStorePage/HeaderTab/FavoritesAndPreviouslyUsedTab/Favorite' is clicked on

2018-07-05 21:04:47 - [MESSAGE][PASSED] - Object: 'Object Repository/OnlineStorePage/HeaderTab/FavoritesAndPreviouslyUsedTab/Favorite' is clicked on

2018-07-05 21:04:47 - [TEST_STEP][PASSED] - waitForElementPresent: Object 'Object Repository/OnlineStorePage/HeaderTab/FavoritesAndPreviouslyUsedTab/Verify ITEM1' is present

2018-07-05 21:04:47 - [MESSAGE][PASSED] - Object 'Object Repository/OnlineStorePage/HeaderTab/FavoritesAndPreviouslyUsedTab/Verify ITEM1' is present

2018-07-05 21:04:47 - [TEST_STEP][PASSED] - Statement - Exp1 = com.kms.katalon.core.webui.keyword.WebUiBuiltInKeywords.getText(com.kms.katalon.core.testobject.ObjectRepository.findTestObject(OnlineStorePage/HeaderTab/FavoritesAndPreviouslyUsedTab/Verify ITEM1)): Text of object 'Object Repository/OnlineStorePage/HeaderTab/FavoritesAndPreviouslyUsedTab/Verify ITEM1' is: 'ITEM1'

2018-07-05 21:04:47 - [MESSAGE][PASSED] - Text of object 'Object Repository/OnlineStorePage/HeaderTab/FavoritesAndPreviouslyUsedTab/Verify ITEM1' is: 'ITEM1'

2018-07-05 21:04:47 - [TEST_STEP][PASSED] - Statement - Exp2 = com.kms.katalon.core.webui.keyword.WebUiBuiltInKeywords.getText(com.kms.katalon.core.testobject.ObjectRepository.findTestObject(OnlineStorePage/HeaderTab/FavoritesAndPreviouslyUsedTab/Verify Item3)): Text of object 'Object Repository/OnlineStorePage/HeaderTab/FavoritesAndPreviouslyUsedTab/Verify Item3' is: 'Item3'

2018-07-05 21:04:47 - [MESSAGE][PASSED] - Text of object 'Object Repository/OnlineStorePage/HeaderTab/FavoritesAndPreviouslyUsedTab/Verify Item3' is: 'Item3'

2018-07-05 21:04:47 - [TEST_STEP][PASSED] - verifyMatch: Actual text 'ITEM1' and expected text 'ITEM1' are matched  using regular expression

2018-07-05 21:04:47 - [MESSAGE][PASSED] - Actual text 'ITEM1' and expected text 'ITEM1' are matched  using regular expression

2018-07-05 21:04:47 - [TEST_STEP][PASSED] - verifyMatch: Actual text 'Item3' and expected text 'Item3' are matched  using regular expression

2018-07-05 21:04:47 - [MESSAGE][PASSED] - Actual text 'Item3' and expected text 'Item3' are matched  using regular expression]]></system-out>
         <system-err><![CDATA[]]></system-err>
      </testcase>
      <testcase name="Test Cases/DDS-2053/DDS-3901 Verify that the item name should be a hyperlink which will navigate to the item details pop-up with the following information Specifications" classname="Test Cases/DDS-2053/DDS-3901 Verify that the item name should be a hyperlink which will navigate to the item details pop-up with the following information Specifications" status="PASSED">
         <system-out><![CDATA[2018-07-05 21:04:47 - [TEST_CASE][PASSED] - Test Cases/DDS-2053/DDS-3901 Verify that the item name should be a hyperlink which will navigate to the item details pop-up with the following information Specifications: Test Cases/DDS-2053/DDS-3901 Verify that the item name should be a hyperlink which will navigate to the item details pop-up with the following information Specifications

2018-07-05 21:04:48 - [TEST_STEP][PASSED] - callTestCase: Call Test Case 'Test Cases/CommonLibraries/Search By Item' successfully

2018-07-05 21:04:48 - [TEST_CASE][PASSED] - Test Cases/CommonLibraries/Search By Item: Test Cases/CommonLibraries/Search By Item

2018-07-05 21:04:48 - [TEST_STEP][PASSED] - callTestCase: Call Test Case 'Test Cases/CommonLibraries/Login' successfully

2018-07-05 21:04:48 - [TEST_CASE][PASSED] - Test Cases/CommonLibraries/Login: Test Cases/CommonLibraries/Login

2018-07-05 21:04:48 - [TEST_STEP][PASSED] - openBrowser: Browser is opened with url: 'https://smtlogin.zycus.net/sso/login?serviceName=http://eproc-qa.zycus.net/'

2018-07-05 21:04:48 - [MESSAGE][WARNING] - A browser is already opened. Closing browser and opening a new one

2018-07-05 21:04:58 - [MESSAGE][PASSED] - Browser is opened with url: 'https://smtlogin.zycus.net/sso/login?serviceName=http://eproc-qa.zycus.net/'

2018-07-05 21:04:58 - [TEST_STEP][PASSED] - maximizeWindow: Current window maximized

2018-07-05 21:04:59 - [MESSAGE][PASSED] - Current window maximized

2018-07-05 21:04:59 - [TEST_STEP][PASSED] - waitForElementVisible: Object 'Object Repository/LoginPage/UserID' is visible

2018-07-05 21:04:59 - [MESSAGE][PASSED] - Object 'Object Repository/LoginPage/UserID' is visible

2018-07-05 21:04:59 - [TEST_STEP][PASSED] - sendKeys: Keys 'monicaqa@zycus.com' sent to object: 'Object Repository/LoginPage/UserID'

2018-07-05 21:04:59 - [MESSAGE][PASSED] - Keys 'monicaqa@zycus.com' sent to object: 'Object Repository/LoginPage/UserID'

2018-07-05 21:04:59 - [TEST_STEP][PASSED] - sendKeys: Keys 'eProc@123' sent to object: 'Object Repository/LoginPage/Password'

2018-07-05 21:04:59 - [MESSAGE][PASSED] - Keys 'eProc@123' sent to object: 'Object Repository/LoginPage/Password'

2018-07-05 21:04:59 - [TEST_STEP][PASSED] - click: Object: 'Object Repository/LoginPage/LoginButton' is clicked on

2018-07-05 21:05:05 - [MESSAGE][PASSED] - Object: 'Object Repository/LoginPage/LoginButton' is clicked on

2018-07-05 21:05:05 - [MESSAGE][PASSED] - Call Test Case 'Test Cases/CommonLibraries/Login' successfully

2018-07-05 21:05:05 - [TEST_STEP][PASSED] - waitForElementPresent: Object 'Object Repository/OnlineStorePage/Search Box' is present

2018-07-05 21:05:43 - [MESSAGE][PASSED] - Object 'Object Repository/OnlineStorePage/Search Box' is present

2018-07-05 21:05:43 - [TEST_STEP][PASSED] - waitForPageLoad: Wait for page load successfully

2018-07-05 21:05:43 - [MESSAGE][PASSED] - Wait for page load successfully

2018-07-05 21:05:43 - [TEST_STEP][PASSED] - sendKeys: Keys 'Item' sent to object: 'Object Repository/OnlineStorePage/Search Box'

2018-07-05 21:05:44 - [MESSAGE][PASSED] - Keys 'Item' sent to object: 'Object Repository/OnlineStorePage/Search Box'

2018-07-05 21:05:44 - [TEST_STEP][PASSED] - click: Object: 'Object Repository/OnlineStorePage/Search Icon' is clicked on

2018-07-05 21:05:44 - [MESSAGE][PASSED] - Object: 'Object Repository/OnlineStorePage/Search Icon' is clicked on

2018-07-05 21:05:44 - [MESSAGE][PASSED] - Call Test Case 'Test Cases/CommonLibraries/Search By Item' successfully

2018-07-05 21:05:44 - [TEST_STEP][PASSED] - waitForElementPresent: Object 'Object Repository/SearchResultPage/SearchItemTab/CatalogItems/Check Box For 2 row item list' is present

2018-07-05 21:05:53 - [MESSAGE][PASSED] - Object 'Object Repository/SearchResultPage/SearchItemTab/CatalogItems/Check Box For 2 row item list' is present

2018-07-05 21:05:53 - [TEST_STEP][PASSED] - waitForElementPresent: Object 'Object Repository/SearchResultPage/SearchItemTab/CatalogItems/Favorite Button For ITEM1' is present

2018-07-05 21:05:53 - [MESSAGE][PASSED] - Object 'Object Repository/SearchResultPage/SearchItemTab/CatalogItems/Favorite Button For ITEM1' is present

2018-07-05 21:05:53 - [TEST_STEP][PASSED] - waitForElementPresent: Object 'Object Repository/SearchResultPage/SearchItemTab/CatalogItems/Favorite Button For Item3' is present

2018-07-05 21:05:54 - [MESSAGE][PASSED] - Object 'Object Repository/SearchResultPage/SearchItemTab/CatalogItems/Favorite Button For Item3' is present

2018-07-05 21:05:54 - [TEST_STEP][PASSED] - Statement - Actual1 = com.kms.katalon.core.webui.keyword.WebUiBuiltInKeywords.getText(com.kms.katalon.core.testobject.ObjectRepository.findTestObject(SearchResultPage/SearchItemTab/CatalogItems/Catalog Item List Verification/ITEM1 For 2 Row)): Text of object 'Object Repository/SearchResultPage/SearchItemTab/CatalogItems/Catalog Item List Verification/ITEM1 For 2 Row' is: 'ITEM1'

2018-07-05 21:05:54 - [MESSAGE][PASSED] - Text of object 'Object Repository/SearchResultPage/SearchItemTab/CatalogItems/Catalog Item List Verification/ITEM1 For 2 Row' is: 'ITEM1'

2018-07-05 21:05:54 - [TEST_STEP][PASSED] - Statement - Actual2 = com.kms.katalon.core.webui.keyword.WebUiBuiltInKeywords.getText(com.kms.katalon.core.testobject.ObjectRepository.findTestObject(SearchResultPage/SearchItemTab/CatalogItems/Catalog Item List Verification/Item3 For 3 Row)): Text of object 'Object Repository/SearchResultPage/SearchItemTab/CatalogItems/Catalog Item List Verification/Item3 For 3 Row' is: 'Item3'

2018-07-05 21:05:54 - [MESSAGE][PASSED] - Text of object 'Object Repository/SearchResultPage/SearchItemTab/CatalogItems/Catalog Item List Verification/Item3 For 3 Row' is: 'Item3'

2018-07-05 21:05:54 - [TEST_STEP][PASSED] - Statement - Attribute1 = com.kms.katalon.core.webui.keyword.WebUiBuiltInKeywords.getAttribute(com.kms.katalon.core.testobject.ObjectRepository.findTestObject(SearchResultPage/SearchItemTab/CatalogItems/Favorite Button For ITEM1), "ng-reflect-icon"): Attribute 'ng-reflect-icon' of object 'Object Repository/SearchResultPage/SearchItemTab/CatalogItems/Favorite Button For ITEM1' is: 'heart-fill'

2018-07-05 21:05:54 - [MESSAGE][PASSED] - Attribute 'ng-reflect-icon' of object 'Object Repository/SearchResultPage/SearchItemTab/CatalogItems/Favorite Button For ITEM1' is: 'heart-fill'

2018-07-05 21:05:54 - [TEST_STEP][PASSED] - Statement - Attribute2 = com.kms.katalon.core.webui.keyword.WebUiBuiltInKeywords.getAttribute(com.kms.katalon.core.testobject.ObjectRepository.findTestObject(SearchResultPage/SearchItemTab/CatalogItems/Favorite Button For Item3), "ng-reflect-icon"): Attribute 'ng-reflect-icon' of object 'Object Repository/SearchResultPage/SearchItemTab/CatalogItems/Favorite Button For Item3' is: 'heart-fill'

2018-07-05 21:05:54 - [MESSAGE][PASSED] - Attribute 'ng-reflect-icon' of object 'Object Repository/SearchResultPage/SearchItemTab/CatalogItems/Favorite Button For Item3' is: 'heart-fill'

2018-07-05 21:05:54 - [TEST_STEP][PASSED] - Statement - If (Attribute1 == "heart-fill"): Object 'Object Repository/SearchResultPage/SearchItemTab/CatalogItems/Favorite Button For ITEM1' has attribute 'ng-reflect-icon' with value 'heart-fill'

2018-07-05 21:05:54 - [TEST_STEP][PASSED] - mouseOver: Object: 'Object Repository/SearchResultPage/SearchItemTab/CatalogItems/Favorite Button For ITEM1' is hovered

2018-07-05 21:05:54 - [MESSAGE][PASSED] - Object: 'Object Repository/SearchResultPage/SearchItemTab/CatalogItems/Favorite Button For ITEM1' is hovered

2018-07-05 21:05:54 - [TEST_STEP][PASSED] - click: Object: 'Object Repository/SearchResultPage/SearchItemTab/CatalogItems/Favorite Button For ITEM1' is clicked on

2018-07-05 21:05:54 - [MESSAGE][PASSED] - Object: 'Object Repository/SearchResultPage/SearchItemTab/CatalogItems/Favorite Button For ITEM1' is clicked on

2018-07-05 21:05:54 - [TEST_STEP][PASSED] - delay: Delayed 2 second(s)

2018-07-05 21:05:56 - [MESSAGE][PASSED] - Delayed 2 second(s)

2018-07-05 21:05:56 - [TEST_STEP][PASSED] - click: Object: 'Object Repository/SearchResultPage/SearchItemTab/CatalogItems/Favorite Button For ITEM1' is clicked on

2018-07-05 21:05:56 - [MESSAGE][PASSED] - Object: 'Object Repository/SearchResultPage/SearchItemTab/CatalogItems/Favorite Button For ITEM1' is clicked on

2018-07-05 21:05:56 - [TEST_STEP][PASSED] - delay: Delayed 3 second(s)

2018-07-05 21:05:59 - [MESSAGE][PASSED] - Delayed 3 second(s)

2018-07-05 21:05:59 - [TEST_STEP][PASSED] - verifyElementAttributeValue: Object 'Object Repository/SearchResultPage/SearchItemTab/CatalogItems/Favorite Button For ITEM1' has attribute 'ng-reflect-icon' with value 'heart-fill'

2018-07-05 21:05:59 - [MESSAGE][PASSED] - Object 'Object Repository/SearchResultPage/SearchItemTab/CatalogItems/Favorite Button For ITEM1' has attribute 'ng-reflect-icon' with value 'heart-fill'

2018-07-05 21:05:59 - [TEST_STEP][PASSED] - Statement - If (Attribute2 == "heart-fill"): Object 'Object Repository/SearchResultPage/SearchItemTab/CatalogItems/Favorite Button For Item3' has attribute 'ng-reflect-icon' with value 'heart-fill'

2018-07-05 21:05:59 - [TEST_STEP][PASSED] - mouseOver: Object: 'Object Repository/SearchResultPage/SearchItemTab/CatalogItems/Favorite Button For Item3' is hovered

2018-07-05 21:05:59 - [MESSAGE][PASSED] - Object: 'Object Repository/SearchResultPage/SearchItemTab/CatalogItems/Favorite Button For Item3' is hovered

2018-07-05 21:05:59 - [TEST_STEP][PASSED] - click: Object: 'Object Repository/SearchResultPage/SearchItemTab/CatalogItems/Favorite Button For Item3' is clicked on

2018-07-05 21:05:59 - [MESSAGE][PASSED] - Object: 'Object Repository/SearchResultPage/SearchItemTab/CatalogItems/Favorite Button For Item3' is clicked on

2018-07-05 21:05:59 - [TEST_STEP][PASSED] - delay: Delayed 2 second(s)

2018-07-05 21:06:01 - [MESSAGE][PASSED] - Delayed 2 second(s)

2018-07-05 21:06:01 - [TEST_STEP][PASSED] - click: Object: 'Object Repository/SearchResultPage/SearchItemTab/CatalogItems/Favorite Button For Item3' is clicked on

2018-07-05 21:06:01 - [MESSAGE][PASSED] - Object: 'Object Repository/SearchResultPage/SearchItemTab/CatalogItems/Favorite Button For Item3' is clicked on

2018-07-05 21:06:01 - [TEST_STEP][PASSED] - delay: Delayed 3 second(s)

2018-07-05 21:06:04 - [MESSAGE][PASSED] - Delayed 3 second(s)

2018-07-05 21:06:04 - [TEST_STEP][PASSED] - verifyElementAttributeValue: Object 'Object Repository/SearchResultPage/SearchItemTab/CatalogItems/Favorite Button For Item3' has attribute 'ng-reflect-icon' with value 'heart-fill'

2018-07-05 21:06:04 - [MESSAGE][PASSED] - Object 'Object Repository/SearchResultPage/SearchItemTab/CatalogItems/Favorite Button For Item3' has attribute 'ng-reflect-icon' with value 'heart-fill'

2018-07-05 21:06:04 - [TEST_STEP][PASSED] - click: Object: 'Object Repository/Home' is clicked on

2018-07-05 21:06:04 - [MESSAGE][PASSED] - Object: 'Object Repository/Home' is clicked on

2018-07-05 21:06:04 - [TEST_STEP][PASSED] - click: Object: 'Object Repository/OnlineStorePage/HeaderTab/FavoritesAndPreviouslyUsedTab/Favorite' is clicked on

2018-07-05 21:06:05 - [MESSAGE][PASSED] - Object: 'Object Repository/OnlineStorePage/HeaderTab/FavoritesAndPreviouslyUsedTab/Favorite' is clicked on

2018-07-05 21:06:05 - [TEST_STEP][PASSED] - click: Object: 'Object Repository/OnlineStorePage/HeaderTab/FavoritesAndPreviouslyUsedTab/Verify ITEM1' is clicked on

2018-07-05 21:06:06 - [MESSAGE][PASSED] - Object: 'Object Repository/OnlineStorePage/HeaderTab/FavoritesAndPreviouslyUsedTab/Verify ITEM1' is clicked on

2018-07-05 21:06:06 - [TEST_STEP][PASSED] - click: Object: 'Object Repository/OnlineStorePage/HeaderTab/FavoritesAndPreviouslyUsedTab/Item Section/Specification Tab' is clicked on

2018-07-05 21:06:06 - [MESSAGE][PASSED] - Object: 'Object Repository/OnlineStorePage/HeaderTab/FavoritesAndPreviouslyUsedTab/Item Section/Specification Tab' is clicked on

2018-07-05 21:06:06 - [TEST_STEP][PASSED] - verifyElementText: Actual text and expected text of test object 'Object Repository/OnlineStorePage/HeaderTab/FavoritesAndPreviouslyUsedTab/Item Section/Verify No Specification display' are matched.

2018-07-05 21:06:06 - [MESSAGE][PASSED] - Actual text and expected text of test object 'Object Repository/OnlineStorePage/HeaderTab/FavoritesAndPreviouslyUsedTab/Item Section/Verify No Specification display' are matched.

2018-07-05 21:06:06 - [TEST_STEP][PASSED] - closeBrowser: Browser is closed

2018-07-05 21:06:06 - [MESSAGE][PASSED] - Browser is closed]]></system-out>
         <system-err><![CDATA[]]></system-err>
      </testcase>
      <testcase name="Test Cases/DDS-2053/DDS-3902 Verify that the item name should be a hyperlink which will navigate to the item details pop-up with the following information Attachment" classname="Test Cases/DDS-2053/DDS-3902 Verify that the item name should be a hyperlink which will navigate to the item details pop-up with the following information Attachment" status="PASSED">
         <system-out><![CDATA[2018-07-05 21:06:06 - [TEST_CASE][PASSED] - Test Cases/DDS-2053/DDS-3902 Verify that the item name should be a hyperlink which will navigate to the item details pop-up with the following information Attachment: Test Cases/DDS-2053/DDS-3902 Verify that the item name should be a hyperlink which will navigate to the item details pop-up with the following information Attachment

2018-07-05 21:06:06 - [TEST_STEP][PASSED] - callTestCase: Call Test Case 'Test Cases/CommonLibraries/Search By Item' successfully

2018-07-05 21:06:06 - [TEST_CASE][PASSED] - Test Cases/CommonLibraries/Search By Item: Test Cases/CommonLibraries/Search By Item

2018-07-05 21:06:07 - [TEST_STEP][PASSED] - callTestCase: Call Test Case 'Test Cases/CommonLibraries/Login' successfully

2018-07-05 21:06:07 - [TEST_CASE][PASSED] - Test Cases/CommonLibraries/Login: Test Cases/CommonLibraries/Login

2018-07-05 21:06:07 - [TEST_STEP][PASSED] - openBrowser: Browser is opened with url: 'https://smtlogin.zycus.net/sso/login?serviceName=http://eproc-qa.zycus.net/'

2018-07-05 21:06:22 - [MESSAGE][PASSED] - Browser is opened with url: 'https://smtlogin.zycus.net/sso/login?serviceName=http://eproc-qa.zycus.net/'

2018-07-05 21:06:22 - [TEST_STEP][PASSED] - maximizeWindow: Current window maximized

2018-07-05 21:06:28 - [MESSAGE][PASSED] - Current window maximized

2018-07-05 21:06:28 - [TEST_STEP][PASSED] - waitForElementVisible: Object 'Object Repository/LoginPage/UserID' is visible

2018-07-05 21:06:28 - [MESSAGE][PASSED] - Object 'Object Repository/LoginPage/UserID' is visible

2018-07-05 21:06:28 - [TEST_STEP][PASSED] - sendKeys: Keys 'monicaqa@zycus.com' sent to object: 'Object Repository/LoginPage/UserID'

2018-07-05 21:06:28 - [MESSAGE][PASSED] - Keys 'monicaqa@zycus.com' sent to object: 'Object Repository/LoginPage/UserID'

2018-07-05 21:06:28 - [TEST_STEP][PASSED] - sendKeys: Keys 'eProc@123' sent to object: 'Object Repository/LoginPage/Password'

2018-07-05 21:06:28 - [MESSAGE][PASSED] - Keys 'eProc@123' sent to object: 'Object Repository/LoginPage/Password'

2018-07-05 21:06:28 - [TEST_STEP][PASSED] - click: Object: 'Object Repository/LoginPage/LoginButton' is clicked on

2018-07-05 21:06:33 - [MESSAGE][PASSED] - Object: 'Object Repository/LoginPage/LoginButton' is clicked on

2018-07-05 21:06:33 - [MESSAGE][PASSED] - Call Test Case 'Test Cases/CommonLibraries/Login' successfully

2018-07-05 21:06:33 - [TEST_STEP][PASSED] - waitForElementPresent: Object 'Object Repository/OnlineStorePage/Search Box' is present

2018-07-05 21:07:09 - [MESSAGE][PASSED] - Object 'Object Repository/OnlineStorePage/Search Box' is present

2018-07-05 21:07:09 - [TEST_STEP][PASSED] - waitForPageLoad: Wait for page load successfully

2018-07-05 21:07:09 - [MESSAGE][PASSED] - Wait for page load successfully

2018-07-05 21:07:09 - [TEST_STEP][PASSED] - sendKeys: Keys 'Item' sent to object: 'Object Repository/OnlineStorePage/Search Box'

2018-07-05 21:07:09 - [MESSAGE][PASSED] - Keys 'Item' sent to object: 'Object Repository/OnlineStorePage/Search Box'

2018-07-05 21:07:09 - [TEST_STEP][PASSED] - click: Object: 'Object Repository/OnlineStorePage/Search Icon' is clicked on

2018-07-05 21:07:09 - [MESSAGE][PASSED] - Object: 'Object Repository/OnlineStorePage/Search Icon' is clicked on

2018-07-05 21:07:09 - [MESSAGE][PASSED] - Call Test Case 'Test Cases/CommonLibraries/Search By Item' successfully

2018-07-05 21:07:09 - [TEST_STEP][PASSED] - waitForElementPresent: Object 'Object Repository/SearchResultPage/SearchItemTab/CatalogItems/Check Box For 2 row item list' is present

2018-07-05 21:07:16 - [MESSAGE][PASSED] - Object 'Object Repository/SearchResultPage/SearchItemTab/CatalogItems/Check Box For 2 row item list' is present

2018-07-05 21:07:16 - [TEST_STEP][PASSED] - waitForElementPresent: Object 'Object Repository/SearchResultPage/SearchItemTab/CatalogItems/Favorite Button For ITEM1' is present

2018-07-05 21:07:16 - [MESSAGE][PASSED] - Object 'Object Repository/SearchResultPage/SearchItemTab/CatalogItems/Favorite Button For ITEM1' is present

2018-07-05 21:07:16 - [TEST_STEP][PASSED] - waitForElementPresent: Object 'Object Repository/SearchResultPage/SearchItemTab/CatalogItems/Favorite Button For Item3' is present

2018-07-05 21:07:16 - [MESSAGE][PASSED] - Object 'Object Repository/SearchResultPage/SearchItemTab/CatalogItems/Favorite Button For Item3' is present

2018-07-05 21:07:16 - [TEST_STEP][PASSED] - Statement - Actual1 = com.kms.katalon.core.webui.keyword.WebUiBuiltInKeywords.getText(com.kms.katalon.core.testobject.ObjectRepository.findTestObject(SearchResultPage/SearchItemTab/CatalogItems/Catalog Item List Verification/ITEM1 For 2 Row)): Text of object 'Object Repository/SearchResultPage/SearchItemTab/CatalogItems/Catalog Item List Verification/ITEM1 For 2 Row' is: 'ITEM1'

2018-07-05 21:07:16 - [MESSAGE][PASSED] - Text of object 'Object Repository/SearchResultPage/SearchItemTab/CatalogItems/Catalog Item List Verification/ITEM1 For 2 Row' is: 'ITEM1'

2018-07-05 21:07:16 - [TEST_STEP][PASSED] - Statement - Actual2 = com.kms.katalon.core.webui.keyword.WebUiBuiltInKeywords.getText(com.kms.katalon.core.testobject.ObjectRepository.findTestObject(SearchResultPage/SearchItemTab/CatalogItems/Catalog Item List Verification/Item3 For 3 Row)): Text of object 'Object Repository/SearchResultPage/SearchItemTab/CatalogItems/Catalog Item List Verification/Item3 For 3 Row' is: 'Item3'

2018-07-05 21:07:16 - [MESSAGE][PASSED] - Text of object 'Object Repository/SearchResultPage/SearchItemTab/CatalogItems/Catalog Item List Verification/Item3 For 3 Row' is: 'Item3'

2018-07-05 21:07:16 - [TEST_STEP][PASSED] - Statement - Attribute1 = com.kms.katalon.core.webui.keyword.WebUiBuiltInKeywords.getAttribute(com.kms.katalon.core.testobject.ObjectRepository.findTestObject(SearchResultPage/SearchItemTab/CatalogItems/Favorite Button For ITEM1), "ng-reflect-icon"): Attribute 'ng-reflect-icon' of object 'Object Repository/SearchResultPage/SearchItemTab/CatalogItems/Favorite Button For ITEM1' is: 'heart-fill'

2018-07-05 21:07:16 - [MESSAGE][PASSED] - Attribute 'ng-reflect-icon' of object 'Object Repository/SearchResultPage/SearchItemTab/CatalogItems/Favorite Button For ITEM1' is: 'heart-fill'

2018-07-05 21:07:16 - [TEST_STEP][PASSED] - Statement - Attribute2 = com.kms.katalon.core.webui.keyword.WebUiBuiltInKeywords.getAttribute(com.kms.katalon.core.testobject.ObjectRepository.findTestObject(SearchResultPage/SearchItemTab/CatalogItems/Favorite Button For Item3), "ng-reflect-icon"): Attribute 'ng-reflect-icon' of object 'Object Repository/SearchResultPage/SearchItemTab/CatalogItems/Favorite Button For Item3' is: 'heart-fill'

2018-07-05 21:07:16 - [MESSAGE][PASSED] - Attribute 'ng-reflect-icon' of object 'Object Repository/SearchResultPage/SearchItemTab/CatalogItems/Favorite Button For Item3' is: 'heart-fill'

2018-07-05 21:07:16 - [TEST_STEP][PASSED] - Statement - If (Attribute1 == "heart-fill"): Object 'Object Repository/SearchResultPage/SearchItemTab/CatalogItems/Favorite Button For ITEM1' has attribute 'ng-reflect-icon' with value 'heart-fill'

2018-07-05 21:07:16 - [TEST_STEP][PASSED] - mouseOver: Object: 'Object Repository/SearchResultPage/SearchItemTab/CatalogItems/Favorite Button For ITEM1' is hovered

2018-07-05 21:07:16 - [MESSAGE][PASSED] - Object: 'Object Repository/SearchResultPage/SearchItemTab/CatalogItems/Favorite Button For ITEM1' is hovered

2018-07-05 21:07:16 - [TEST_STEP][PASSED] - click: Object: 'Object Repository/SearchResultPage/SearchItemTab/CatalogItems/Favorite Button For ITEM1' is clicked on

2018-07-05 21:07:16 - [MESSAGE][PASSED] - Object: 'Object Repository/SearchResultPage/SearchItemTab/CatalogItems/Favorite Button For ITEM1' is clicked on

2018-07-05 21:07:16 - [TEST_STEP][PASSED] - delay: Delayed 2 second(s)

2018-07-05 21:07:18 - [MESSAGE][PASSED] - Delayed 2 second(s)

2018-07-05 21:07:18 - [TEST_STEP][PASSED] - click: Object: 'Object Repository/SearchResultPage/SearchItemTab/CatalogItems/Favorite Button For ITEM1' is clicked on

2018-07-05 21:07:18 - [MESSAGE][PASSED] - Object: 'Object Repository/SearchResultPage/SearchItemTab/CatalogItems/Favorite Button For ITEM1' is clicked on

2018-07-05 21:07:18 - [TEST_STEP][PASSED] - delay: Delayed 3 second(s)

2018-07-05 21:07:21 - [MESSAGE][PASSED] - Delayed 3 second(s)

2018-07-05 21:07:21 - [TEST_STEP][PASSED] - verifyElementAttributeValue: Object 'Object Repository/SearchResultPage/SearchItemTab/CatalogItems/Favorite Button For ITEM1' has attribute 'ng-reflect-icon' with value 'heart-fill'

2018-07-05 21:07:21 - [MESSAGE][PASSED] - Object 'Object Repository/SearchResultPage/SearchItemTab/CatalogItems/Favorite Button For ITEM1' has attribute 'ng-reflect-icon' with value 'heart-fill'

2018-07-05 21:07:21 - [TEST_STEP][PASSED] - Statement - If (Attribute2 == "heart-fill"): Object 'Object Repository/SearchResultPage/SearchItemTab/CatalogItems/Favorite Button For Item3' has attribute 'ng-reflect-icon' with value 'heart-fill'

2018-07-05 21:07:21 - [TEST_STEP][PASSED] - mouseOver: Object: 'Object Repository/SearchResultPage/SearchItemTab/CatalogItems/Favorite Button For Item3' is hovered

2018-07-05 21:07:21 - [MESSAGE][PASSED] - Object: 'Object Repository/SearchResultPage/SearchItemTab/CatalogItems/Favorite Button For Item3' is hovered

2018-07-05 21:07:21 - [TEST_STEP][PASSED] - click: Object: 'Object Repository/SearchResultPage/SearchItemTab/CatalogItems/Favorite Button For Item3' is clicked on

2018-07-05 21:07:21 - [MESSAGE][PASSED] - Object: 'Object Repository/SearchResultPage/SearchItemTab/CatalogItems/Favorite Button For Item3' is clicked on

2018-07-05 21:07:21 - [TEST_STEP][PASSED] - delay: Delayed 2 second(s)

2018-07-05 21:07:23 - [MESSAGE][PASSED] - Delayed 2 second(s)

2018-07-05 21:07:23 - [TEST_STEP][PASSED] - click: Object: 'Object Repository/SearchResultPage/SearchItemTab/CatalogItems/Favorite Button For Item3' is clicked on

2018-07-05 21:07:23 - [MESSAGE][PASSED] - Object: 'Object Repository/SearchResultPage/SearchItemTab/CatalogItems/Favorite Button For Item3' is clicked on

2018-07-05 21:07:23 - [TEST_STEP][PASSED] - delay: Delayed 3 second(s)

2018-07-05 21:07:26 - [MESSAGE][PASSED] - Delayed 3 second(s)

2018-07-05 21:07:26 - [TEST_STEP][PASSED] - verifyElementAttributeValue: Object 'Object Repository/SearchResultPage/SearchItemTab/CatalogItems/Favorite Button For Item3' has attribute 'ng-reflect-icon' with value 'heart-fill'

2018-07-05 21:07:26 - [MESSAGE][PASSED] - Object 'Object Repository/SearchResultPage/SearchItemTab/CatalogItems/Favorite Button For Item3' has attribute 'ng-reflect-icon' with value 'heart-fill'

2018-07-05 21:07:26 - [TEST_STEP][PASSED] - click: Object: 'Object Repository/Home' is clicked on

2018-07-05 21:07:27 - [MESSAGE][PASSED] - Object: 'Object Repository/Home' is clicked on

2018-07-05 21:07:27 - [TEST_STEP][PASSED] - click: Object: 'Object Repository/OnlineStorePage/HeaderTab/FavoritesAndPreviouslyUsedTab/Favorite' is clicked on

2018-07-05 21:07:28 - [MESSAGE][PASSED] - Object: 'Object Repository/OnlineStorePage/HeaderTab/FavoritesAndPreviouslyUsedTab/Favorite' is clicked on

2018-07-05 21:07:28 - [TEST_STEP][PASSED] - click: Object: 'Object Repository/OnlineStorePage/HeaderTab/FavoritesAndPreviouslyUsedTab/Verify ITEM1' is clicked on

2018-07-05 21:07:28 - [MESSAGE][PASSED] - Object: 'Object Repository/OnlineStorePage/HeaderTab/FavoritesAndPreviouslyUsedTab/Verify ITEM1' is clicked on

2018-07-05 21:07:28 - [TEST_STEP][PASSED] - click: Object: 'Object Repository/OnlineStorePage/HeaderTab/FavoritesAndPreviouslyUsedTab/Item Section/Attachment Tab' is clicked on

2018-07-05 21:07:28 - [MESSAGE][PASSED] - Object: 'Object Repository/OnlineStorePage/HeaderTab/FavoritesAndPreviouslyUsedTab/Item Section/Attachment Tab' is clicked on

2018-07-05 21:07:28 - [TEST_STEP][PASSED] - verifyElementText: Actual text and expected text of test object 'Object Repository/OnlineStorePage/HeaderTab/FavoritesAndPreviouslyUsedTab/Item Section/Verify No Attachment Display' are matched.

2018-07-05 21:07:28 - [MESSAGE][PASSED] - Actual text and expected text of test object 'Object Repository/OnlineStorePage/HeaderTab/FavoritesAndPreviouslyUsedTab/Item Section/Verify No Attachment Display' are matched.

2018-07-05 21:07:28 - [TEST_STEP][PASSED] - closeBrowser: Browser is closed

2018-07-05 21:07:29 - [MESSAGE][PASSED] - Browser is closed]]></system-out>
         <system-err><![CDATA[]]></system-err>
      </testcase>
      <testcase name="Test Cases/DDS-2053/DDS-3906 User should be able to remove item(s) from the favourites section" classname="Test Cases/DDS-2053/DDS-3906 User should be able to remove item(s) from the favourites section" status="FAILED">
         <failure type="FAILED" message="Unable to click on object 'Object Repository/OnlineStorePage/HeaderTab/FavoritesAndPreviouslyUsedTab/View All Section/Menu Icon' (Root cause: com.kms.katalon.core.webui.exception.WebElementNotFoundException: Web element with id: 'Object Repository/OnlineStorePage/HeaderTab/FavoritesAndPreviouslyUsedTab/View All Section/Menu Icon' located by 'By.xpath: //dew-icon[@ng-reflect-icon='menu']' not found)"/>
         <system-out><![CDATA[2018-07-05 21:07:29 - [TEST_CASE][FAILED] - Test Cases/DDS-2053/DDS-3906 User should be able to remove item(s) from the favourites section: Test Cases/DDS-2053/DDS-3906 User should be able to remove item(s) from the favourites section FAILED because (of) Unable to click on object 'Object Repository/OnlineStorePage/HeaderTab/FavoritesAndPreviouslyUsedTab/View All Section/Menu Icon' (Root cause: com.kms.katalon.core.webui.exception.WebElementNotFoundException: Web element with id: 'Object Repository/OnlineStorePage/HeaderTab/FavoritesAndPreviouslyUsedTab/View All Section/Menu Icon' located by 'By.xpath: //dew-icon[@ng-reflect-icon='menu']' not found)

2018-07-05 21:07:29 - [TEST_STEP][PASSED] - callTestCase: Call Test Case 'Test Cases/CommonLibraries/Search By Item' successfully

2018-07-05 21:07:29 - [TEST_CASE][PASSED] - Test Cases/CommonLibraries/Search By Item: Test Cases/CommonLibraries/Search By Item

2018-07-05 21:07:29 - [TEST_STEP][PASSED] - callTestCase: Call Test Case 'Test Cases/CommonLibraries/Login' successfully

2018-07-05 21:07:29 - [TEST_CASE][PASSED] - Test Cases/CommonLibraries/Login: Test Cases/CommonLibraries/Login

2018-07-05 21:07:29 - [TEST_STEP][PASSED] - openBrowser: Browser is opened with url: 'https://smtlogin.zycus.net/sso/login?serviceName=http://eproc-qa.zycus.net/'

2018-07-05 21:07:40 - [MESSAGE][PASSED] - Browser is opened with url: 'https://smtlogin.zycus.net/sso/login?serviceName=http://eproc-qa.zycus.net/'

2018-07-05 21:07:40 - [TEST_STEP][PASSED] - maximizeWindow: Current window maximized

2018-07-05 21:07:40 - [MESSAGE][PASSED] - Current window maximized

2018-07-05 21:07:40 - [TEST_STEP][PASSED] - waitForElementVisible: Object 'Object Repository/LoginPage/UserID' is visible

2018-07-05 21:07:40 - [MESSAGE][PASSED] - Object 'Object Repository/LoginPage/UserID' is visible

2018-07-05 21:07:40 - [TEST_STEP][PASSED] - sendKeys: Keys 'monicaqa@zycus.com' sent to object: 'Object Repository/LoginPage/UserID'

2018-07-05 21:07:40 - [MESSAGE][PASSED] - Keys 'monicaqa@zycus.com' sent to object: 'Object Repository/LoginPage/UserID'

2018-07-05 21:07:40 - [TEST_STEP][PASSED] - sendKeys: Keys 'eProc@123' sent to object: 'Object Repository/LoginPage/Password'

2018-07-05 21:07:40 - [MESSAGE][PASSED] - Keys 'eProc@123' sent to object: 'Object Repository/LoginPage/Password'

2018-07-05 21:07:40 - [TEST_STEP][PASSED] - click: Object: 'Object Repository/LoginPage/LoginButton' is clicked on

2018-07-05 21:07:44 - [MESSAGE][PASSED] - Object: 'Object Repository/LoginPage/LoginButton' is clicked on

2018-07-05 21:07:44 - [MESSAGE][PASSED] - Call Test Case 'Test Cases/CommonLibraries/Login' successfully

2018-07-05 21:07:44 - [TEST_STEP][PASSED] - waitForElementPresent: Object 'Object Repository/OnlineStorePage/Search Box' is present

2018-07-05 21:08:18 - [MESSAGE][PASSED] - Object 'Object Repository/OnlineStorePage/Search Box' is present

2018-07-05 21:08:18 - [TEST_STEP][PASSED] - waitForPageLoad: Wait for page load successfully

2018-07-05 21:08:18 - [MESSAGE][PASSED] - Wait for page load successfully

2018-07-05 21:08:18 - [TEST_STEP][PASSED] - sendKeys: Keys 'Item' sent to object: 'Object Repository/OnlineStorePage/Search Box'

2018-07-05 21:08:18 - [MESSAGE][PASSED] - Keys 'Item' sent to object: 'Object Repository/OnlineStorePage/Search Box'

2018-07-05 21:08:18 - [TEST_STEP][PASSED] - click: Object: 'Object Repository/OnlineStorePage/Search Icon' is clicked on

2018-07-05 21:08:18 - [MESSAGE][PASSED] - Object: 'Object Repository/OnlineStorePage/Search Icon' is clicked on

2018-07-05 21:08:18 - [MESSAGE][PASSED] - Call Test Case 'Test Cases/CommonLibraries/Search By Item' successfully

2018-07-05 21:08:18 - [TEST_STEP][PASSED] - waitForElementPresent: Object 'Object Repository/SearchResultPage/SearchItemTab/CatalogItems/Check Box For 2 row item list' is present

2018-07-05 21:08:26 - [MESSAGE][PASSED] - Object 'Object Repository/SearchResultPage/SearchItemTab/CatalogItems/Check Box For 2 row item list' is present

2018-07-05 21:08:26 - [TEST_STEP][PASSED] - waitForElementPresent: Object 'Object Repository/SearchResultPage/SearchItemTab/CatalogItems/Favorite Button For ITEM1' is present

2018-07-05 21:08:26 - [MESSAGE][PASSED] - Object 'Object Repository/SearchResultPage/SearchItemTab/CatalogItems/Favorite Button For ITEM1' is present

2018-07-05 21:08:26 - [TEST_STEP][PASSED] - waitForElementPresent: Object 'Object Repository/SearchResultPage/SearchItemTab/CatalogItems/Favorite Button For Item3' is present

2018-07-05 21:08:26 - [MESSAGE][PASSED] - Object 'Object Repository/SearchResultPage/SearchItemTab/CatalogItems/Favorite Button For Item3' is present

2018-07-05 21:08:26 - [TEST_STEP][PASSED] - Statement - Attribute1 = com.kms.katalon.core.webui.keyword.WebUiBuiltInKeywords.getAttribute(com.kms.katalon.core.testobject.ObjectRepository.findTestObject(SearchResultPage/SearchItemTab/CatalogItems/Favorite Button For ITEM1), "ng-reflect-icon"): Attribute 'ng-reflect-icon' of object 'Object Repository/SearchResultPage/SearchItemTab/CatalogItems/Favorite Button For ITEM1' is: 'heart-fill'

2018-07-05 21:08:26 - [MESSAGE][PASSED] - Attribute 'ng-reflect-icon' of object 'Object Repository/SearchResultPage/SearchItemTab/CatalogItems/Favorite Button For ITEM1' is: 'heart-fill'

2018-07-05 21:08:26 - [TEST_STEP][PASSED] - Statement - Attribute2 = com.kms.katalon.core.webui.keyword.WebUiBuiltInKeywords.getAttribute(com.kms.katalon.core.testobject.ObjectRepository.findTestObject(SearchResultPage/SearchItemTab/CatalogItems/Favorite Button For Item3), "ng-reflect-icon"): Attribute 'ng-reflect-icon' of object 'Object Repository/SearchResultPage/SearchItemTab/CatalogItems/Favorite Button For Item3' is: 'heart-fill'

2018-07-05 21:08:26 - [MESSAGE][PASSED] - Attribute 'ng-reflect-icon' of object 'Object Repository/SearchResultPage/SearchItemTab/CatalogItems/Favorite Button For Item3' is: 'heart-fill'

2018-07-05 21:08:26 - [TEST_STEP][PASSED] - Statement - If (Attribute1 == "heart-fill"): Object 'Object Repository/SearchResultPage/SearchItemTab/CatalogItems/Favorite Button For ITEM1' has attribute 'ng-reflect-icon' with value 'heart-fill'

2018-07-05 21:08:26 - [TEST_STEP][PASSED] - mouseOver: Object: 'Object Repository/SearchResultPage/SearchItemTab/CatalogItems/Favorite Button For ITEM1' is hovered

2018-07-05 21:08:26 - [MESSAGE][PASSED] - Object: 'Object Repository/SearchResultPage/SearchItemTab/CatalogItems/Favorite Button For ITEM1' is hovered

2018-07-05 21:08:26 - [TEST_STEP][PASSED] - click: Object: 'Object Repository/SearchResultPage/SearchItemTab/CatalogItems/Favorite Button For ITEM1' is clicked on

2018-07-05 21:08:26 - [MESSAGE][PASSED] - Object: 'Object Repository/SearchResultPage/SearchItemTab/CatalogItems/Favorite Button For ITEM1' is clicked on

2018-07-05 21:08:26 - [TEST_STEP][PASSED] - delay: Delayed 2 second(s)

2018-07-05 21:08:28 - [MESSAGE][PASSED] - Delayed 2 second(s)

2018-07-05 21:08:28 - [TEST_STEP][PASSED] - click: Object: 'Object Repository/SearchResultPage/SearchItemTab/CatalogItems/Favorite Button For ITEM1' is clicked on

2018-07-05 21:08:28 - [MESSAGE][PASSED] - Object: 'Object Repository/SearchResultPage/SearchItemTab/CatalogItems/Favorite Button For ITEM1' is clicked on

2018-07-05 21:08:28 - [TEST_STEP][PASSED] - delay: Delayed 3 second(s)

2018-07-05 21:08:31 - [MESSAGE][PASSED] - Delayed 3 second(s)

2018-07-05 21:08:31 - [TEST_STEP][PASSED] - verifyElementAttributeValue: Object 'Object Repository/SearchResultPage/SearchItemTab/CatalogItems/Favorite Button For ITEM1' has attribute 'ng-reflect-icon' with value 'heart-fill'

2018-07-05 21:08:31 - [MESSAGE][PASSED] - Object 'Object Repository/SearchResultPage/SearchItemTab/CatalogItems/Favorite Button For ITEM1' has attribute 'ng-reflect-icon' with value 'heart-fill'

2018-07-05 21:08:31 - [TEST_STEP][PASSED] - Statement - If (Attribute2 == "heart-fill"): Object 'Object Repository/SearchResultPage/SearchItemTab/CatalogItems/Favorite Button For Item3' has attribute 'ng-reflect-icon' with value 'heart-fill'

2018-07-05 21:08:31 - [TEST_STEP][PASSED] - mouseOver: Object: 'Object Repository/SearchResultPage/SearchItemTab/CatalogItems/Favorite Button For Item3' is hovered

2018-07-05 21:08:31 - [MESSAGE][PASSED] - Object: 'Object Repository/SearchResultPage/SearchItemTab/CatalogItems/Favorite Button For Item3' is hovered

2018-07-05 21:08:31 - [TEST_STEP][PASSED] - click: Object: 'Object Repository/SearchResultPage/SearchItemTab/CatalogItems/Favorite Button For Item3' is clicked on

2018-07-05 21:08:31 - [MESSAGE][PASSED] - Object: 'Object Repository/SearchResultPage/SearchItemTab/CatalogItems/Favorite Button For Item3' is clicked on

2018-07-05 21:08:31 - [TEST_STEP][PASSED] - delay: Delayed 2 second(s)

2018-07-05 21:08:33 - [MESSAGE][PASSED] - Delayed 2 second(s)

2018-07-05 21:08:33 - [TEST_STEP][PASSED] - click: Object: 'Object Repository/SearchResultPage/SearchItemTab/CatalogItems/Favorite Button For Item3' is clicked on

2018-07-05 21:08:33 - [MESSAGE][PASSED] - Object: 'Object Repository/SearchResultPage/SearchItemTab/CatalogItems/Favorite Button For Item3' is clicked on

2018-07-05 21:08:33 - [TEST_STEP][PASSED] - delay: Delayed 3 second(s)

2018-07-05 21:08:36 - [MESSAGE][PASSED] - Delayed 3 second(s)

2018-07-05 21:08:36 - [TEST_STEP][PASSED] - verifyElementAttributeValue: Object 'Object Repository/SearchResultPage/SearchItemTab/CatalogItems/Favorite Button For Item3' has attribute 'ng-reflect-icon' with value 'heart-fill'

2018-07-05 21:08:36 - [MESSAGE][PASSED] - Object 'Object Repository/SearchResultPage/SearchItemTab/CatalogItems/Favorite Button For Item3' has attribute 'ng-reflect-icon' with value 'heart-fill'

2018-07-05 21:08:36 - [TEST_STEP][PASSED] - click: Object: 'Object Repository/Home' is clicked on

2018-07-05 21:08:37 - [MESSAGE][PASSED] - Object: 'Object Repository/Home' is clicked on

2018-07-05 21:08:37 - [TEST_STEP][PASSED] - click: Object: 'Object Repository/OnlineStorePage/HeaderTab/FavoritesAndPreviouslyUsedTab/Favorite' is clicked on

2018-07-05 21:08:38 - [MESSAGE][PASSED] - Object: 'Object Repository/OnlineStorePage/HeaderTab/FavoritesAndPreviouslyUsedTab/Favorite' is clicked on

2018-07-05 21:08:38 - [TEST_STEP][PASSED] - delay: Delayed 2 second(s)

2018-07-05 21:08:40 - [MESSAGE][PASSED] - Delayed 2 second(s)

2018-07-05 21:08:40 - [TEST_STEP][PASSED] - click: Object: 'Object Repository/OnlineStorePage/HeaderTab/FavoritesAndPreviouslyUsedTab/ViewAllButton' is clicked on

2018-07-05 21:08:40 - [MESSAGE][PASSED] - Object: 'Object Repository/OnlineStorePage/HeaderTab/FavoritesAndPreviouslyUsedTab/ViewAllButton' is clicked on

2018-07-05 21:08:40 - [TEST_STEP][PASSED] - delay: Delayed 4 second(s)

2018-07-05 21:08:44 - [MESSAGE][PASSED] - Delayed 4 second(s)

2018-07-05 21:08:44 - [TEST_STEP][PASSED] - click: Object: 'Object Repository/OnlineStorePage/HeaderTab/FavoritesAndPreviouslyUsedTab/View All Section/Check Box 1' is clicked on

2018-07-05 21:08:44 - [MESSAGE][PASSED] - Object: 'Object Repository/OnlineStorePage/HeaderTab/FavoritesAndPreviouslyUsedTab/View All Section/Check Box 1' is clicked on

2018-07-05 21:08:44 - [TEST_STEP][PASSED] - delay: Delayed 4 second(s)

2018-07-05 21:08:48 - [MESSAGE][PASSED] - Delayed 4 second(s)

2018-07-05 21:08:48 - [TEST_STEP][PASSED] - click: Object: 'Object Repository/OnlineStorePage/HeaderTab/FavoritesAndPreviouslyUsedTab/View All Section/Check Box 2' is clicked on

2018-07-05 21:08:49 - [MESSAGE][PASSED] - Object: 'Object Repository/OnlineStorePage/HeaderTab/FavoritesAndPreviouslyUsedTab/View All Section/Check Box 2' is clicked on

2018-07-05 21:08:49 - [TEST_STEP][PASSED] - delay: Delayed 4 second(s)

2018-07-05 21:08:53 - [MESSAGE][PASSED] - Delayed 4 second(s)

2018-07-05 21:08:53 - [TEST_STEP][FAILED] - click: Unable to click on object 'Object Repository/OnlineStorePage/HeaderTab/FavoritesAndPreviouslyUsedTab/View All Section/Menu Icon' (Root cause: com.kms.katalon.core.webui.exception.WebElementNotFoundException: Web element with id: 'Object Repository/OnlineStorePage/HeaderTab/FavoritesAndPreviouslyUsedTab/View All Section/Menu Icon' located by 'By.xpath: //dew-icon[@ng-reflect-icon='menu']' not found)

2018-07-05 21:10:38 - [MESSAGE][FAILED] - Unable to click on object 'Object Repository/OnlineStorePage/HeaderTab/FavoritesAndPreviouslyUsedTab/View All Section/Menu Icon' (Root cause: com.kms.katalon.core.webui.exception.WebElementNotFoundException: Web element with id: 'Object Repository/OnlineStorePage/HeaderTab/FavoritesAndPreviouslyUsedTab/View All Section/Menu Icon' located by 'By.xpath: //dew-icon[@ng-reflect-icon='menu']' not found)
[[ATTACHMENT|C:\\Users\\vikas.kiroula\\git\\eProc\\Reports\\VikasTestCase\\20180705_205940\\1530805238135.png]]]]></system-out>
         <system-err><![CDATA[2018-07-05 21:07:29 - [TEST_CASE][FAILED] - Test Cases/DDS-2053/DDS-3906 User should be able to remove item(s) from the favourites section: Test Cases/DDS-2053/DDS-3906 User should be able to remove item(s) from the favourites section FAILED because (of) Unable to click on object 'Object Repository/OnlineStorePage/HeaderTab/FavoritesAndPreviouslyUsedTab/View All Section/Menu Icon' (Root cause: com.kms.katalon.core.webui.exception.WebElementNotFoundException: Web element with id: 'Object Repository/OnlineStorePage/HeaderTab/FavoritesAndPreviouslyUsedTab/View All Section/Menu Icon' located by 'By.xpath: //dew-icon[@ng-reflect-icon='menu']' not found)]]></system-err>
      </testcase>
      <testcase name="Test Cases/DDS-264/DDS-4093 User should be able to enter the name of the item in the search box" classname="Test Cases/DDS-264/DDS-4093 User should be able to enter the name of the item in the search box" status="PASSED">
         <system-out><![CDATA[2018-07-05 21:10:38 - [TEST_CASE][PASSED] - Test Cases/DDS-264/DDS-4093 User should be able to enter the name of the item in the search box: Test Cases/DDS-264/DDS-4093 User should be able to enter the name of the item in the search box

2018-07-05 21:10:38 - [TEST_STEP][PASSED] - callTestCase: Call Test Case 'Test Cases/CommonLibraries/Login' successfully

2018-07-05 21:10:39 - [TEST_CASE][PASSED] - Test Cases/CommonLibraries/Login: Test Cases/CommonLibraries/Login

2018-07-05 21:10:39 - [TEST_STEP][PASSED] - openBrowser: Browser is opened with url: 'https://smtlogin.zycus.net/sso/login?serviceName=http://eproc-qa.zycus.net/'

2018-07-05 21:10:39 - [MESSAGE][WARNING] - A browser is already opened. Closing browser and opening a new one

2018-07-05 21:10:55 - [MESSAGE][PASSED] - Browser is opened with url: 'https://smtlogin.zycus.net/sso/login?serviceName=http://eproc-qa.zycus.net/'

2018-07-05 21:10:55 - [TEST_STEP][PASSED] - maximizeWindow: Current window maximized

2018-07-05 21:10:55 - [MESSAGE][PASSED] - Current window maximized

2018-07-05 21:10:55 - [TEST_STEP][PASSED] - waitForElementVisible: Object 'Object Repository/LoginPage/UserID' is visible

2018-07-05 21:10:55 - [MESSAGE][PASSED] - Object 'Object Repository/LoginPage/UserID' is visible

2018-07-05 21:10:55 - [TEST_STEP][PASSED] - sendKeys: Keys 'monicaqa@zycus.com' sent to object: 'Object Repository/LoginPage/UserID'

2018-07-05 21:10:55 - [MESSAGE][PASSED] - Keys 'monicaqa@zycus.com' sent to object: 'Object Repository/LoginPage/UserID'

2018-07-05 21:10:55 - [TEST_STEP][PASSED] - sendKeys: Keys 'eProc@123' sent to object: 'Object Repository/LoginPage/Password'

2018-07-05 21:10:56 - [MESSAGE][PASSED] - Keys 'eProc@123' sent to object: 'Object Repository/LoginPage/Password'

2018-07-05 21:10:56 - [TEST_STEP][PASSED] - click: Object: 'Object Repository/LoginPage/LoginButton' is clicked on

2018-07-05 21:11:00 - [MESSAGE][PASSED] - Object: 'Object Repository/LoginPage/LoginButton' is clicked on

2018-07-05 21:11:00 - [MESSAGE][PASSED] - Call Test Case 'Test Cases/CommonLibraries/Login' successfully

2018-07-05 21:11:00 - [TEST_STEP][PASSED] - waitForElementPresent: Object 'Object Repository/OnlineStorePage/Search Box' is present

2018-07-05 21:11:29 - [MESSAGE][PASSED] - Object 'Object Repository/OnlineStorePage/Search Box' is present

2018-07-05 21:11:29 - [TEST_STEP][PASSED] - sendKeys: Keys '<script>alert('Executing JS')</script>' sent to object: 'Object Repository/OnlineStorePage/Search Box'

2018-07-05 21:11:31 - [MESSAGE][PASSED] - Keys '<script>alert('Executing JS')</script>' sent to object: 'Object Repository/OnlineStorePage/Search Box'

2018-07-05 21:11:31 - [TEST_STEP][PASSED] - click: Object: 'Object Repository/OnlineStorePage/Search Icon' is clicked on

2018-07-05 21:11:32 - [MESSAGE][PASSED] - Object: 'Object Repository/OnlineStorePage/Search Icon' is clicked on

2018-07-05 21:11:32 - [TEST_STEP][PASSED] - verifyElementAttributeValue: Object 'Object Repository/OnlineStorePage/Search Box' is not present

2018-07-05 21:11:36 - [MESSAGE][WARNING] - Object 'Object Repository/OnlineStorePage/Search Box' is not present

2018-07-05 21:11:36 - [TEST_STEP][PASSED] - closeBrowser: Browser is closed

2018-07-05 21:11:36 - [MESSAGE][PASSED] - Browser is closed]]></system-out>
         <system-err><![CDATA[]]></system-err>
      </testcase>
      <testcase name="Test Cases/DDS-264/DDS-4094 search by type section should be displayed on entering the name of the text" classname="Test Cases/DDS-264/DDS-4094 search by type section should be displayed on entering the name of the text" status="PASSED">
         <system-out><![CDATA[2018-07-05 21:11:36 - [TEST_CASE][PASSED] - Test Cases/DDS-264/DDS-4094 search by type section should be displayed on entering the name of the text: Test Cases/DDS-264/DDS-4094 search by type section should be displayed on entering the name of the text

2018-07-05 21:11:36 - [TEST_STEP][PASSED] - callTestCase: Call Test Case 'Test Cases/CommonLibraries/Search By Laptop' successfully

2018-07-05 21:11:36 - [TEST_CASE][PASSED] - Test Cases/CommonLibraries/Search By Laptop: Test Cases/CommonLibraries/Search By Laptop

2018-07-05 21:11:36 - [TEST_STEP][PASSED] - callTestCase: Call Test Case 'Test Cases/CommonLibraries/Login' successfully

2018-07-05 21:11:36 - [TEST_CASE][PASSED] - Test Cases/CommonLibraries/Login: Test Cases/CommonLibraries/Login

2018-07-05 21:11:36 - [TEST_STEP][PASSED] - openBrowser: Browser is opened with url: 'https://smtlogin.zycus.net/sso/login?serviceName=http://eproc-qa.zycus.net/'

2018-07-05 21:11:46 - [MESSAGE][PASSED] - Browser is opened with url: 'https://smtlogin.zycus.net/sso/login?serviceName=http://eproc-qa.zycus.net/'

2018-07-05 21:11:46 - [TEST_STEP][PASSED] - maximizeWindow: Current window maximized

2018-07-05 21:11:46 - [MESSAGE][PASSED] - Current window maximized

2018-07-05 21:11:46 - [TEST_STEP][PASSED] - waitForElementVisible: Object 'Object Repository/LoginPage/UserID' is visible

2018-07-05 21:11:46 - [MESSAGE][PASSED] - Object 'Object Repository/LoginPage/UserID' is visible

2018-07-05 21:11:46 - [TEST_STEP][PASSED] - sendKeys: Keys 'monicaqa@zycus.com' sent to object: 'Object Repository/LoginPage/UserID'

2018-07-05 21:11:46 - [MESSAGE][PASSED] - Keys 'monicaqa@zycus.com' sent to object: 'Object Repository/LoginPage/UserID'

2018-07-05 21:11:46 - [TEST_STEP][PASSED] - sendKeys: Keys 'eProc@123' sent to object: 'Object Repository/LoginPage/Password'

2018-07-05 21:11:46 - [MESSAGE][PASSED] - Keys 'eProc@123' sent to object: 'Object Repository/LoginPage/Password'

2018-07-05 21:11:46 - [TEST_STEP][PASSED] - click: Object: 'Object Repository/LoginPage/LoginButton' is clicked on

2018-07-05 21:11:50 - [MESSAGE][PASSED] - Object: 'Object Repository/LoginPage/LoginButton' is clicked on

2018-07-05 21:11:50 - [MESSAGE][PASSED] - Call Test Case 'Test Cases/CommonLibraries/Login' successfully

2018-07-05 21:11:50 - [TEST_STEP][PASSED] - waitForPageLoad: Wait for page load successfully

2018-07-05 21:11:50 - [MESSAGE][PASSED] - Wait for page load successfully

2018-07-05 21:11:50 - [TEST_STEP][PASSED] - sendKeys: Keys 'Laptop' sent to object: 'Object Repository/OnlineStorePage/Search Box'

2018-07-05 21:12:16 - [MESSAGE][PASSED] - Keys 'Laptop' sent to object: 'Object Repository/OnlineStorePage/Search Box'

2018-07-05 21:12:16 - [TEST_STEP][PASSED] - click: Object: 'Object Repository/OnlineStorePage/Search Icon' is clicked on

2018-07-05 21:12:17 - [MESSAGE][PASSED] - Object: 'Object Repository/OnlineStorePage/Search Icon' is clicked on

2018-07-05 21:12:17 - [MESSAGE][PASSED] - Call Test Case 'Test Cases/CommonLibraries/Search By Laptop' successfully

2018-07-05 21:12:17 - [TEST_STEP][PASSED] - waitForElementPresent: Object 'Object Repository/SearchResultPage/SearchItemTab/CatalogItems/Check Box For 1 Row Item List' is present

2018-07-05 21:12:23 - [MESSAGE][PASSED] - Object 'Object Repository/SearchResultPage/SearchItemTab/CatalogItems/Check Box For 1 Row Item List' is present

2018-07-05 21:12:23 - [TEST_STEP][PASSED] - Statement - Value = com.kms.katalon.core.webui.keyword.WebUiBuiltInKeywords.getText(com.kms.katalon.core.testobject.ObjectRepository.findTestObject(SearchResultPage/SearchItemTab/CatalogItems/Catalog Item List Verification/Laptop For 1 Row), STOP_ON_FAILURE): Text of object 'Object Repository/SearchResultPage/SearchItemTab/CatalogItems/Catalog Item List Verification/Laptop For 1 Row' is: 'Laptop'

2018-07-05 21:12:23 - [MESSAGE][PASSED] - Text of object 'Object Repository/SearchResultPage/SearchItemTab/CatalogItems/Catalog Item List Verification/Laptop For 1 Row' is: 'Laptop'

2018-07-05 21:12:23 - [TEST_STEP][PASSED] - verifyMatch: Actual text 'Laptop' and expected text 'Laptop' are matched  using regular expression

2018-07-05 21:12:23 - [MESSAGE][PASSED] - Actual text 'Laptop' and expected text 'Laptop' are matched  using regular expression]]></system-out>
         <system-err><![CDATA[]]></system-err>
      </testcase>
      <testcase name="Test Cases/DDS-264/DDS-4096  Cant find what u are looking for  Create request option  should be displayed below search type after typing item name in the search box" classname="Test Cases/DDS-264/DDS-4096  Cant find what u are looking for  Create request option  should be displayed below search type after typing item name in the search box" status="PASSED">
         <system-out><![CDATA[2018-07-05 21:12:23 - [TEST_CASE][PASSED] - Test Cases/DDS-264/DDS-4096  Cant find what u are looking for  Create request option  should be displayed below search type after typing item name in the search box: Test Cases/DDS-264/DDS-4096  Cant find what u are looking for  Create request option  should be displayed below search type after typing item name in the search box

2018-07-05 21:12:23 - [TEST_STEP][PASSED] - callTestCase: Call Test Case 'Test Cases/CommonLibraries/Login' successfully

2018-07-05 21:12:23 - [TEST_CASE][PASSED] - Test Cases/CommonLibraries/Login: Test Cases/CommonLibraries/Login

2018-07-05 21:12:23 - [TEST_STEP][PASSED] - openBrowser: Browser is opened with url: 'https://smtlogin.zycus.net/sso/login?serviceName=http://eproc-qa.zycus.net/'

2018-07-05 21:12:23 - [MESSAGE][WARNING] - A browser is already opened. Closing browser and opening a new one

2018-07-05 21:12:39 - [MESSAGE][PASSED] - Browser is opened with url: 'https://smtlogin.zycus.net/sso/login?serviceName=http://eproc-qa.zycus.net/'

2018-07-05 21:12:39 - [TEST_STEP][PASSED] - maximizeWindow: Current window maximized

2018-07-05 21:12:39 - [MESSAGE][PASSED] - Current window maximized

2018-07-05 21:12:39 - [TEST_STEP][PASSED] - waitForElementVisible: Object 'Object Repository/LoginPage/UserID' is visible

2018-07-05 21:12:39 - [MESSAGE][PASSED] - Object 'Object Repository/LoginPage/UserID' is visible

2018-07-05 21:12:39 - [TEST_STEP][PASSED] - sendKeys: Keys 'monicaqa@zycus.com' sent to object: 'Object Repository/LoginPage/UserID'

2018-07-05 21:12:40 - [MESSAGE][PASSED] - Keys 'monicaqa@zycus.com' sent to object: 'Object Repository/LoginPage/UserID'

2018-07-05 21:12:40 - [TEST_STEP][PASSED] - sendKeys: Keys 'eProc@123' sent to object: 'Object Repository/LoginPage/Password'

2018-07-05 21:12:40 - [MESSAGE][PASSED] - Keys 'eProc@123' sent to object: 'Object Repository/LoginPage/Password'

2018-07-05 21:12:40 - [TEST_STEP][PASSED] - click: Object: 'Object Repository/LoginPage/LoginButton' is clicked on

2018-07-05 21:12:45 - [MESSAGE][PASSED] - Object: 'Object Repository/LoginPage/LoginButton' is clicked on

2018-07-05 21:12:45 - [MESSAGE][PASSED] - Call Test Case 'Test Cases/CommonLibraries/Login' successfully

2018-07-05 21:12:45 - [TEST_STEP][PASSED] - waitForElementPresent: Object 'Object Repository/OnlineStorePage/Search Box' is present

2018-07-05 21:13:16 - [MESSAGE][PASSED] - Object 'Object Repository/OnlineStorePage/Search Box' is present

2018-07-05 21:13:16 - [TEST_STEP][PASSED] - sendKeys: Keys 'Cataog' sent to object: 'Object Repository/OnlineStorePage/Search Box'

2018-07-05 21:13:16 - [MESSAGE][PASSED] - Keys 'Cataog' sent to object: 'Object Repository/OnlineStorePage/Search Box'

2018-07-05 21:13:16 - [TEST_STEP][PASSED] - click: Object: 'Object Repository/OnlineStorePage/Search Icon' is clicked on

2018-07-05 21:13:17 - [MESSAGE][PASSED] - Object: 'Object Repository/OnlineStorePage/Search Icon' is clicked on

2018-07-05 21:13:17 - [TEST_STEP][PASSED] - verifyElementText: Actual text and expected text of test object 'Object Repository/OnlineStorePage/Create Request' are matched.

2018-07-05 21:13:17 - [MESSAGE][PASSED] - Actual text and expected text of test object 'Object Repository/OnlineStorePage/Create Request' are matched.

2018-07-05 21:13:17 - [TEST_STEP][PASSED] - closeBrowser: Browser is closed

2018-07-05 21:13:17 - [MESSAGE][PASSED] - Browser is closed]]></system-out>
         <system-err><![CDATA[]]></system-err>
      </testcase>
      <testcase name="Test Cases/DDS-264/DDS-4097 On online store page, user should be able to search item with multilingual characters" classname="Test Cases/DDS-264/DDS-4097 On online store page, user should be able to search item with multilingual characters" status="PASSED">
         <system-out><![CDATA[2018-07-05 21:13:17 - [TEST_CASE][PASSED] - Test Cases/DDS-264/DDS-4097 On online store page, user should be able to search item with multilingual characters: Test Cases/DDS-264/DDS-4097 On online store page, user should be able to search item with multilingual characters

2018-07-05 21:13:17 - [TEST_STEP][PASSED] - callTestCase: Call Test Case 'Test Cases/CommonLibraries/Login' successfully

2018-07-05 21:13:17 - [TEST_CASE][PASSED] - Test Cases/CommonLibraries/Login: Test Cases/CommonLibraries/Login

2018-07-05 21:13:17 - [TEST_STEP][PASSED] - openBrowser: Browser is opened with url: 'https://smtlogin.zycus.net/sso/login?serviceName=http://eproc-qa.zycus.net/'

2018-07-05 21:13:33 - [MESSAGE][PASSED] - Browser is opened with url: 'https://smtlogin.zycus.net/sso/login?serviceName=http://eproc-qa.zycus.net/'

2018-07-05 21:13:33 - [TEST_STEP][PASSED] - maximizeWindow: Current window maximized

2018-07-05 21:13:35 - [MESSAGE][PASSED] - Current window maximized

2018-07-05 21:13:35 - [TEST_STEP][PASSED] - waitForElementVisible: Object 'Object Repository/LoginPage/UserID' is visible

2018-07-05 21:13:35 - [MESSAGE][PASSED] - Object 'Object Repository/LoginPage/UserID' is visible

2018-07-05 21:13:35 - [TEST_STEP][PASSED] - sendKeys: Keys 'monicaqa@zycus.com' sent to object: 'Object Repository/LoginPage/UserID'

2018-07-05 21:13:35 - [MESSAGE][PASSED] - Keys 'monicaqa@zycus.com' sent to object: 'Object Repository/LoginPage/UserID'

2018-07-05 21:13:35 - [TEST_STEP][PASSED] - sendKeys: Keys 'eProc@123' sent to object: 'Object Repository/LoginPage/Password'

2018-07-05 21:13:35 - [MESSAGE][PASSED] - Keys 'eProc@123' sent to object: 'Object Repository/LoginPage/Password'

2018-07-05 21:13:35 - [TEST_STEP][PASSED] - click: Object: 'Object Repository/LoginPage/LoginButton' is clicked on

2018-07-05 21:13:41 - [MESSAGE][PASSED] - Object: 'Object Repository/LoginPage/LoginButton' is clicked on

2018-07-05 21:13:41 - [MESSAGE][PASSED] - Call Test Case 'Test Cases/CommonLibraries/Login' successfully

2018-07-05 21:13:41 - [TEST_STEP][PASSED] - waitForElementPresent: Object 'Object Repository/OnlineStorePage/Search Box' is present

2018-07-05 21:14:14 - [MESSAGE][PASSED] - Object 'Object Repository/OnlineStorePage/Search Box' is present

2018-07-05 21:14:14 - [TEST_STEP][PASSED] - sendKeys: Keys '美国法国德国' sent to object: 'Object Repository/OnlineStorePage/Search Box'

2018-07-05 21:14:14 - [MESSAGE][PASSED] - Keys '美国法国德国' sent to object: 'Object Repository/OnlineStorePage/Search Box'

2018-07-05 21:14:14 - [TEST_STEP][PASSED] - click: Object: 'Object Repository/OnlineStorePage/Search Icon' is clicked on

2018-07-05 21:14:14 - [MESSAGE][PASSED] - Object: 'Object Repository/OnlineStorePage/Search Icon' is clicked on

2018-07-05 21:14:14 - [TEST_STEP][PASSED] - verifyElementAttributeValue: Object 'Object Repository/OnlineStorePage/Search Box' is not present

2018-07-05 21:14:19 - [MESSAGE][WARNING] - Object 'Object Repository/OnlineStorePage/Search Box' is not present

2018-07-05 21:14:19 - [TEST_STEP][PASSED] - closeBrowser: Browser is closed

2018-07-05 21:14:19 - [MESSAGE][PASSED] - Browser is closed]]></system-out>
         <system-err><![CDATA[]]></system-err>
      </testcase>
      <testcase name="Test Cases/DDS-264/DDS-4098 On online store page, user should be able to search item with xss character" classname="Test Cases/DDS-264/DDS-4098 On online store page, user should be able to search item with xss character" status="FAILED">
         <failure type="FAILED" message="Unable to double click on object (Root cause: java.lang.IllegalArgumentException: Object is null)"/>
         <system-out><![CDATA[2018-07-05 21:14:19 - [TEST_CASE][FAILED] - Test Cases/DDS-264/DDS-4098 On online store page, user should be able to search item with xss character: Test Cases/DDS-264/DDS-4098 On online store page, user should be able to search item with xss character FAILED because (of) Unable to double click on object (Root cause: java.lang.IllegalArgumentException: Object is null)

2018-07-05 21:14:19 - [TEST_STEP][PASSED] - callTestCase: Call Test Case 'Test Cases/CommonLibraries/Login' successfully

2018-07-05 21:14:19 - [TEST_CASE][PASSED] - Test Cases/CommonLibraries/Login: Test Cases/CommonLibraries/Login

2018-07-05 21:14:19 - [TEST_STEP][PASSED] - openBrowser: Browser is opened with url: 'https://smtlogin.zycus.net/sso/login?serviceName=http://eproc-qa.zycus.net/'

2018-07-05 21:14:30 - [MESSAGE][PASSED] - Browser is opened with url: 'https://smtlogin.zycus.net/sso/login?serviceName=http://eproc-qa.zycus.net/'

2018-07-05 21:14:30 - [TEST_STEP][PASSED] - maximizeWindow: Current window maximized

2018-07-05 21:14:30 - [MESSAGE][PASSED] - Current window maximized

2018-07-05 21:14:30 - [TEST_STEP][PASSED] - waitForElementVisible: Object 'Object Repository/LoginPage/UserID' is visible

2018-07-05 21:14:30 - [MESSAGE][PASSED] - Object 'Object Repository/LoginPage/UserID' is visible

2018-07-05 21:14:30 - [TEST_STEP][PASSED] - sendKeys: Keys 'monicaqa@zycus.com' sent to object: 'Object Repository/LoginPage/UserID'

2018-07-05 21:14:30 - [MESSAGE][PASSED] - Keys 'monicaqa@zycus.com' sent to object: 'Object Repository/LoginPage/UserID'

2018-07-05 21:14:30 - [TEST_STEP][PASSED] - sendKeys: Keys 'eProc@123' sent to object: 'Object Repository/LoginPage/Password'

2018-07-05 21:14:31 - [MESSAGE][PASSED] - Keys 'eProc@123' sent to object: 'Object Repository/LoginPage/Password'

2018-07-05 21:14:31 - [TEST_STEP][PASSED] - click: Object: 'Object Repository/LoginPage/LoginButton' is clicked on

2018-07-05 21:14:34 - [MESSAGE][PASSED] - Object: 'Object Repository/LoginPage/LoginButton' is clicked on

2018-07-05 21:14:34 - [MESSAGE][PASSED] - Call Test Case 'Test Cases/CommonLibraries/Login' successfully

2018-07-05 21:14:34 - [TEST_STEP][PASSED] - sendKeys: Keys '<script>alert('Executing JS')</script>' sent to object: 'tempBody'

2018-07-05 21:14:34 - [MESSAGE][WARNING] - Test object with id 'Object Repository/Online Store Page/Search Box' does not exist

2018-07-05 21:14:34 - [MESSAGE][WARNING] - Test object with id 'Object Repository/' does not exist

2018-07-05 21:14:35 - [MESSAGE][PASSED] - Keys '<script>alert('Executing JS')</script>' sent to object: 'tempBody'

2018-07-05 21:14:35 - [TEST_STEP][FAILED] - doubleClick: Unable to double click on object (Root cause: java.lang.IllegalArgumentException: Object is null)

2018-07-05 21:14:35 - [MESSAGE][WARNING] - Test object with id 'Object Repository/Online Store Page/SearchIcon' does not exist

2018-07-05 21:14:35 - [MESSAGE][WARNING] - Test object with id 'Object Repository/' does not exist

2018-07-05 21:14:35 - [MESSAGE][FAILED] - Unable to double click on object (Root cause: java.lang.IllegalArgumentException: Object is null)
[[ATTACHMENT|C:\\Users\\vikas.kiroula\\git\\eProc\\Reports\\VikasTestCase\\20180705_205940\\1530805475119.png]]]]></system-out>
         <system-err><![CDATA[2018-07-05 21:14:19 - [TEST_CASE][FAILED] - Test Cases/DDS-264/DDS-4098 On online store page, user should be able to search item with xss character: Test Cases/DDS-264/DDS-4098 On online store page, user should be able to search item with xss character FAILED because (of) Unable to double click on object (Root cause: java.lang.IllegalArgumentException: Object is null)]]></system-err>
      </testcase>
      <testcase name="Test Cases/DDS-264/DDS-4099 On online store page user should be able to search item with special characters" classname="Test Cases/DDS-264/DDS-4099 On online store page user should be able to search item with special characters" status="PASSED">
         <system-out><![CDATA[2018-07-05 21:14:35 - [TEST_CASE][PASSED] - Test Cases/DDS-264/DDS-4099 On online store page user should be able to search item with special characters: Test Cases/DDS-264/DDS-4099 On online store page user should be able to search item with special characters

2018-07-05 21:14:35 - [TEST_STEP][PASSED] - callTestCase: Call Test Case 'Test Cases/CommonLibraries/Login' successfully

2018-07-05 21:14:35 - [TEST_CASE][PASSED] - Test Cases/CommonLibraries/Login: Test Cases/CommonLibraries/Login

2018-07-05 21:14:35 - [TEST_STEP][PASSED] - openBrowser: Browser is opened with url: 'https://smtlogin.zycus.net/sso/login?serviceName=http://eproc-qa.zycus.net/'

2018-07-05 21:14:35 - [MESSAGE][WARNING] - A browser is already opened. Closing browser and opening a new one

2018-07-05 21:14:50 - [MESSAGE][PASSED] - Browser is opened with url: 'https://smtlogin.zycus.net/sso/login?serviceName=http://eproc-qa.zycus.net/'

2018-07-05 21:14:50 - [TEST_STEP][PASSED] - maximizeWindow: Current window maximized

2018-07-05 21:14:50 - [MESSAGE][PASSED] - Current window maximized

2018-07-05 21:14:50 - [TEST_STEP][PASSED] - waitForElementVisible: Object 'Object Repository/LoginPage/UserID' is visible

2018-07-05 21:14:50 - [MESSAGE][PASSED] - Object 'Object Repository/LoginPage/UserID' is visible

2018-07-05 21:14:50 - [TEST_STEP][PASSED] - sendKeys: Keys 'monicaqa@zycus.com' sent to object: 'Object Repository/LoginPage/UserID'

2018-07-05 21:14:50 - [MESSAGE][PASSED] - Keys 'monicaqa@zycus.com' sent to object: 'Object Repository/LoginPage/UserID'

2018-07-05 21:14:50 - [TEST_STEP][PASSED] - sendKeys: Keys 'eProc@123' sent to object: 'Object Repository/LoginPage/Password'

2018-07-05 21:14:50 - [MESSAGE][PASSED] - Keys 'eProc@123' sent to object: 'Object Repository/LoginPage/Password'

2018-07-05 21:14:50 - [TEST_STEP][PASSED] - click: Object: 'Object Repository/LoginPage/LoginButton' is clicked on

2018-07-05 21:14:56 - [MESSAGE][PASSED] - Object: 'Object Repository/LoginPage/LoginButton' is clicked on

2018-07-05 21:14:56 - [MESSAGE][PASSED] - Call Test Case 'Test Cases/CommonLibraries/Login' successfully

2018-07-05 21:14:56 - [TEST_STEP][PASSED] - waitForElementPresent: Object 'Object Repository/OnlineStorePage/Search Box' is present

2018-07-05 21:15:24 - [MESSAGE][PASSED] - Object 'Object Repository/OnlineStorePage/Search Box' is present

2018-07-05 21:15:24 - [TEST_STEP][PASSED] - sendKeys: Keys '!@#$' sent to object: 'Object Repository/OnlineStorePage/Search Box'

2018-07-05 21:15:25 - [MESSAGE][PASSED] - Keys '!@#$' sent to object: 'Object Repository/OnlineStorePage/Search Box'

2018-07-05 21:15:25 - [TEST_STEP][PASSED] - click: Object: 'Object Repository/OnlineStorePage/Search Icon' is clicked on

2018-07-05 21:15:25 - [MESSAGE][PASSED] - Object: 'Object Repository/OnlineStorePage/Search Icon' is clicked on

2018-07-05 21:15:25 - [TEST_STEP][PASSED] - verifyElementAttributeValue: Object 'Object Repository/OnlineStorePage/Search Box' is not present

2018-07-05 21:15:29 - [MESSAGE][WARNING] - Object 'Object Repository/OnlineStorePage/Search Box' is not present

2018-07-05 21:15:29 - [TEST_STEP][PASSED] - closeBrowser: Browser is closed

2018-07-05 21:15:30 - [MESSAGE][PASSED] - Browser is closed]]></system-out>
         <system-err><![CDATA[]]></system-err>
      </testcase>
      <testcase name="Test Cases/DDS-264/DDS-4100 On online store page, user should be able to search item with numeric  characters" classname="Test Cases/DDS-264/DDS-4100 On online store page, user should be able to search item with numeric  characters" status="PASSED">
         <system-out><![CDATA[2018-07-05 21:15:30 - [TEST_CASE][PASSED] - Test Cases/DDS-264/DDS-4100 On online store page, user should be able to search item with numeric  characters: Test Cases/DDS-264/DDS-4100 On online store page, user should be able to search item with numeric  characters

2018-07-05 21:15:30 - [TEST_STEP][PASSED] - callTestCase: Call Test Case 'Test Cases/CommonLibraries/Login' successfully

2018-07-05 21:15:30 - [TEST_CASE][PASSED] - Test Cases/CommonLibraries/Login: Test Cases/CommonLibraries/Login

2018-07-05 21:15:30 - [TEST_STEP][PASSED] - openBrowser: Browser is opened with url: 'https://smtlogin.zycus.net/sso/login?serviceName=http://eproc-qa.zycus.net/'

2018-07-05 21:15:44 - [MESSAGE][PASSED] - Browser is opened with url: 'https://smtlogin.zycus.net/sso/login?serviceName=http://eproc-qa.zycus.net/'

2018-07-05 21:15:44 - [TEST_STEP][PASSED] - maximizeWindow: Current window maximized

2018-07-05 21:15:44 - [MESSAGE][PASSED] - Current window maximized

2018-07-05 21:15:44 - [TEST_STEP][PASSED] - waitForElementVisible: Object 'Object Repository/LoginPage/UserID' is visible

2018-07-05 21:15:44 - [MESSAGE][PASSED] - Object 'Object Repository/LoginPage/UserID' is visible

2018-07-05 21:15:44 - [TEST_STEP][PASSED] - sendKeys: Keys 'monicaqa@zycus.com' sent to object: 'Object Repository/LoginPage/UserID'

2018-07-05 21:15:44 - [MESSAGE][PASSED] - Keys 'monicaqa@zycus.com' sent to object: 'Object Repository/LoginPage/UserID'

2018-07-05 21:15:44 - [TEST_STEP][PASSED] - sendKeys: Keys 'eProc@123' sent to object: 'Object Repository/LoginPage/Password'

2018-07-05 21:15:44 - [MESSAGE][PASSED] - Keys 'eProc@123' sent to object: 'Object Repository/LoginPage/Password'

2018-07-05 21:15:44 - [TEST_STEP][PASSED] - click: Object: 'Object Repository/LoginPage/LoginButton' is clicked on

2018-07-05 21:15:48 - [MESSAGE][PASSED] - Object: 'Object Repository/LoginPage/LoginButton' is clicked on

2018-07-05 21:15:48 - [MESSAGE][PASSED] - Call Test Case 'Test Cases/CommonLibraries/Login' successfully

2018-07-05 21:15:48 - [TEST_STEP][PASSED] - sendKeys: Keys '1234' sent to object: 'Object Repository/OnlineStorePage/Search Box'

2018-07-05 21:16:24 - [MESSAGE][PASSED] - Keys '1234' sent to object: 'Object Repository/OnlineStorePage/Search Box'

2018-07-05 21:16:24 - [TEST_STEP][PASSED] - click: Object: 'Object Repository/OnlineStorePage/Search Icon' is clicked on

2018-07-05 21:16:24 - [MESSAGE][PASSED] - Object: 'Object Repository/OnlineStorePage/Search Icon' is clicked on

2018-07-05 21:16:24 - [TEST_STEP][PASSED] - waitForElementPresent: Object 'Object Repository/SearchResultPage/SearchItemTab/CatalogItems/Check Box For 1 Row Item List' is present

2018-07-05 21:16:31 - [MESSAGE][PASSED] - Object 'Object Repository/SearchResultPage/SearchItemTab/CatalogItems/Check Box For 1 Row Item List' is present

2018-07-05 21:16:31 - [TEST_STEP][PASSED] - verifyElementText: Actual text and expected text of test object 'Object Repository/SearchResultPage/SearchItemTab/CatalogItems/Catalog Item List Verification/Numeric Field Verification' are matched.

2018-07-05 21:16:31 - [MESSAGE][PASSED] - Actual text and expected text of test object 'Object Repository/SearchResultPage/SearchItemTab/CatalogItems/Catalog Item List Verification/Numeric Field Verification' are matched.

2018-07-05 21:16:31 - [TEST_STEP][PASSED] - closeBrowser: Browser is closed

2018-07-05 21:16:31 - [MESSAGE][PASSED] - Browser is closed]]></system-out>
         <system-err><![CDATA[]]></system-err>
      </testcase>
      <testcase name="Test Cases/DDS-264/DDS-4101 Item search should perform text-based search in various catalog field such as item name and show all those items on search result page" classname="Test Cases/DDS-264/DDS-4101 Item search should perform text-based search in various catalog field such as item name and show all those items on search result page" status="PASSED">
         <system-out><![CDATA[2018-07-05 21:16:31 - [TEST_CASE][PASSED] - Test Cases/DDS-264/DDS-4101 Item search should perform text-based search in various catalog field such as item name and show all those items on search result page: Test Cases/DDS-264/DDS-4101 Item search should perform text-based search in various catalog field such as item name and show all those items on search result page

2018-07-05 21:16:32 - [TEST_STEP][PASSED] - callTestCase: Call Test Case 'Test Cases/CommonLibraries/Login' successfully

2018-07-05 21:16:32 - [TEST_CASE][PASSED] - Test Cases/CommonLibraries/Login: Test Cases/CommonLibraries/Login

2018-07-05 21:16:32 - [TEST_STEP][PASSED] - openBrowser: Browser is opened with url: 'https://smtlogin.zycus.net/sso/login?serviceName=http://eproc-qa.zycus.net/'

2018-07-05 21:16:47 - [MESSAGE][PASSED] - Browser is opened with url: 'https://smtlogin.zycus.net/sso/login?serviceName=http://eproc-qa.zycus.net/'

2018-07-05 21:16:47 - [TEST_STEP][PASSED] - maximizeWindow: Current window maximized

2018-07-05 21:16:47 - [MESSAGE][PASSED] - Current window maximized

2018-07-05 21:16:47 - [TEST_STEP][PASSED] - waitForElementVisible: Object 'Object Repository/LoginPage/UserID' is visible

2018-07-05 21:16:47 - [MESSAGE][PASSED] - Object 'Object Repository/LoginPage/UserID' is visible

2018-07-05 21:16:47 - [TEST_STEP][PASSED] - sendKeys: Keys 'monicaqa@zycus.com' sent to object: 'Object Repository/LoginPage/UserID'

2018-07-05 21:16:47 - [MESSAGE][PASSED] - Keys 'monicaqa@zycus.com' sent to object: 'Object Repository/LoginPage/UserID'

2018-07-05 21:16:47 - [TEST_STEP][PASSED] - sendKeys: Keys 'eProc@123' sent to object: 'Object Repository/LoginPage/Password'

2018-07-05 21:16:47 - [MESSAGE][PASSED] - Keys 'eProc@123' sent to object: 'Object Repository/LoginPage/Password'

2018-07-05 21:16:47 - [TEST_STEP][PASSED] - click: Object: 'Object Repository/LoginPage/LoginButton' is clicked on

2018-07-05 21:16:53 - [MESSAGE][PASSED] - Object: 'Object Repository/LoginPage/LoginButton' is clicked on

2018-07-05 21:16:53 - [MESSAGE][PASSED] - Call Test Case 'Test Cases/CommonLibraries/Login' successfully

2018-07-05 21:16:53 - [TEST_STEP][PASSED] - sendKeys: Keys 'pen3' sent to object: 'Object Repository/OnlineStorePage/Search Box'

2018-07-05 21:17:33 - [MESSAGE][PASSED] - Keys 'pen3' sent to object: 'Object Repository/OnlineStorePage/Search Box'

2018-07-05 21:17:33 - [TEST_STEP][PASSED] - click: Object: 'Object Repository/OnlineStorePage/Search Icon' is clicked on

2018-07-05 21:17:33 - [MESSAGE][PASSED] - Object: 'Object Repository/OnlineStorePage/Search Icon' is clicked on

2018-07-05 21:17:33 - [TEST_STEP][PASSED] - waitForElementPresent: Object 'Object Repository/SearchResultPage/SearchItemTab/CatalogItems/Check Box For 1 Row Item List' is present

2018-07-05 21:17:40 - [MESSAGE][PASSED] - Object 'Object Repository/SearchResultPage/SearchItemTab/CatalogItems/Check Box For 1 Row Item List' is present

2018-07-05 21:17:40 - [TEST_STEP][PASSED] - verifyElementText: Actual text and expected text of test object 'Object Repository/SearchResultPage/SearchItemTab/CatalogItems/Catalog Item List Verification/Pen3 Text Verification' are matched.

2018-07-05 21:17:40 - [MESSAGE][PASSED] - Actual text and expected text of test object 'Object Repository/SearchResultPage/SearchItemTab/CatalogItems/Catalog Item List Verification/Pen3 Text Verification' are matched.

2018-07-05 21:17:40 - [TEST_STEP][PASSED] - closeBrowser: Browser is closed

2018-07-05 21:17:40 - [MESSAGE][PASSED] - Browser is closed]]></system-out>
         <system-err><![CDATA[]]></system-err>
      </testcase>
      <testcase name="Test Cases/DDS-264/DDS-4103 Item search should perform text-based  search in various catalog field such as  mfr name and show all those items on search result page" classname="Test Cases/DDS-264/DDS-4103 Item search should perform text-based  search in various catalog field such as  mfr name and show all those items on search result page" status="PASSED">
         <system-out><![CDATA[2018-07-05 21:17:40 - [TEST_CASE][PASSED] - Test Cases/DDS-264/DDS-4103 Item search should perform text-based  search in various catalog field such as  mfr name and show all those items on search result page: Test Cases/DDS-264/DDS-4103 Item search should perform text-based  search in various catalog field such as  mfr name and show all those items on search result page

2018-07-05 21:17:40 - [TEST_STEP][PASSED] - callTestCase: Call Test Case 'Test Cases/CommonLibraries/Login' successfully

2018-07-05 21:17:40 - [TEST_CASE][PASSED] - Test Cases/CommonLibraries/Login: Test Cases/CommonLibraries/Login

2018-07-05 21:17:40 - [TEST_STEP][PASSED] - openBrowser: Browser is opened with url: 'https://smtlogin.zycus.net/sso/login?serviceName=http://eproc-qa.zycus.net/'

2018-07-05 21:17:53 - [MESSAGE][PASSED] - Browser is opened with url: 'https://smtlogin.zycus.net/sso/login?serviceName=http://eproc-qa.zycus.net/'

2018-07-05 21:17:53 - [TEST_STEP][PASSED] - maximizeWindow: Current window maximized

2018-07-05 21:17:53 - [MESSAGE][PASSED] - Current window maximized

2018-07-05 21:17:53 - [TEST_STEP][PASSED] - waitForElementVisible: Object 'Object Repository/LoginPage/UserID' is visible

2018-07-05 21:17:53 - [MESSAGE][PASSED] - Object 'Object Repository/LoginPage/UserID' is visible

2018-07-05 21:17:53 - [TEST_STEP][PASSED] - sendKeys: Keys 'monicaqa@zycus.com' sent to object: 'Object Repository/LoginPage/UserID'

2018-07-05 21:17:53 - [MESSAGE][PASSED] - Keys 'monicaqa@zycus.com' sent to object: 'Object Repository/LoginPage/UserID'

2018-07-05 21:17:53 - [TEST_STEP][PASSED] - sendKeys: Keys 'eProc@123' sent to object: 'Object Repository/LoginPage/Password'

2018-07-05 21:17:53 - [MESSAGE][PASSED] - Keys 'eProc@123' sent to object: 'Object Repository/LoginPage/Password'

2018-07-05 21:17:53 - [TEST_STEP][PASSED] - click: Object: 'Object Repository/LoginPage/LoginButton' is clicked on

2018-07-05 21:17:59 - [MESSAGE][PASSED] - Object: 'Object Repository/LoginPage/LoginButton' is clicked on

2018-07-05 21:17:59 - [MESSAGE][PASSED] - Call Test Case 'Test Cases/CommonLibraries/Login' successfully

2018-07-05 21:17:59 - [TEST_STEP][PASSED] - sendKeys: Keys 'ZYCUS SUPPLIER' sent to object: 'Object Repository/OnlineStorePage/Search Box'

2018-07-05 21:18:37 - [MESSAGE][PASSED] - Keys 'ZYCUS SUPPLIER' sent to object: 'Object Repository/OnlineStorePage/Search Box'

2018-07-05 21:18:37 - [TEST_STEP][PASSED] - click: Object: 'Object Repository/OnlineStorePage/Search Icon' is clicked on

2018-07-05 21:18:37 - [MESSAGE][PASSED] - Object: 'Object Repository/OnlineStorePage/Search Icon' is clicked on

2018-07-05 21:18:37 - [TEST_STEP][PASSED] - waitForElementVisible: Object 'Object Repository/SearchResultPage/SearchItemTab/CatalogItems/Check Box For 1 Row Item List' is visible

2018-07-05 21:19:08 - [MESSAGE][PASSED] - Object 'Object Repository/SearchResultPage/SearchItemTab/CatalogItems/Check Box For 1 Row Item List' is visible

2018-07-05 21:19:08 - [TEST_STEP][PASSED] - delay: Delayed 2 second(s)

2018-07-05 21:19:10 - [MESSAGE][PASSED] - Delayed 2 second(s)

2018-07-05 21:19:10 - [TEST_STEP][PASSED] - takeScreenshot: Taking screenshot successfully

2018-07-05 21:19:11 - [MESSAGE][PASSED] - Taking screenshot successfully
[[ATTACHMENT|C:\\Screenshot/ResultPage.png]]

2018-07-05 21:19:11 - [TEST_STEP][PASSED] - closeBrowser: Browser is closed

2018-07-05 21:19:11 - [MESSAGE][PASSED] - Browser is closed]]></system-out>
         <system-err><![CDATA[]]></system-err>
      </testcase>
      <testcase name="Test Cases/DDS-264/DDS-4104 Item search should perform text-based search in various catalog field such as supplier name and show all those items on search result page" classname="Test Cases/DDS-264/DDS-4104 Item search should perform text-based search in various catalog field such as supplier name and show all those items on search result page" status="PASSED">
         <system-out><![CDATA[2018-07-05 21:19:11 - [TEST_CASE][PASSED] - Test Cases/DDS-264/DDS-4104 Item search should perform text-based search in various catalog field such as supplier name and show all those items on search result page: Test Cases/DDS-264/DDS-4104 Item search should perform text-based search in various catalog field such as supplier name and show all those items on search result page

2018-07-05 21:19:11 - [TEST_STEP][PASSED] - callTestCase: Call Test Case 'Test Cases/CommonLibraries/Login' successfully

2018-07-05 21:19:11 - [TEST_CASE][PASSED] - Test Cases/CommonLibraries/Login: Test Cases/CommonLibraries/Login

2018-07-05 21:19:11 - [TEST_STEP][PASSED] - openBrowser: Browser is opened with url: 'https://smtlogin.zycus.net/sso/login?serviceName=http://eproc-qa.zycus.net/'

2018-07-05 21:19:26 - [MESSAGE][PASSED] - Browser is opened with url: 'https://smtlogin.zycus.net/sso/login?serviceName=http://eproc-qa.zycus.net/'

2018-07-05 21:19:26 - [TEST_STEP][PASSED] - maximizeWindow: Current window maximized

2018-07-05 21:19:26 - [MESSAGE][PASSED] - Current window maximized

2018-07-05 21:19:26 - [TEST_STEP][PASSED] - waitForElementVisible: Object 'Object Repository/LoginPage/UserID' is visible

2018-07-05 21:19:26 - [MESSAGE][PASSED] - Object 'Object Repository/LoginPage/UserID' is visible

2018-07-05 21:19:26 - [TEST_STEP][PASSED] - sendKeys: Keys 'monicaqa@zycus.com' sent to object: 'Object Repository/LoginPage/UserID'

2018-07-05 21:19:26 - [MESSAGE][PASSED] - Keys 'monicaqa@zycus.com' sent to object: 'Object Repository/LoginPage/UserID'

2018-07-05 21:19:26 - [TEST_STEP][PASSED] - sendKeys: Keys 'eProc@123' sent to object: 'Object Repository/LoginPage/Password'

2018-07-05 21:19:26 - [MESSAGE][PASSED] - Keys 'eProc@123' sent to object: 'Object Repository/LoginPage/Password'

2018-07-05 21:19:26 - [TEST_STEP][PASSED] - click: Object: 'Object Repository/LoginPage/LoginButton' is clicked on

2018-07-05 21:19:33 - [MESSAGE][PASSED] - Object: 'Object Repository/LoginPage/LoginButton' is clicked on

2018-07-05 21:19:33 - [MESSAGE][PASSED] - Call Test Case 'Test Cases/CommonLibraries/Login' successfully

2018-07-05 21:19:33 - [TEST_STEP][PASSED] - sendKeys: Keys 'ZYCUS SUPPLIER' sent to object: 'Object Repository/OnlineStorePage/Search Box'

2018-07-05 21:20:02 - [MESSAGE][PASSED] - Keys 'ZYCUS SUPPLIER' sent to object: 'Object Repository/OnlineStorePage/Search Box'

2018-07-05 21:20:02 - [TEST_STEP][PASSED] - click: Object: 'Object Repository/OnlineStorePage/Search Icon' is clicked on

2018-07-05 21:20:02 - [MESSAGE][PASSED] - Object: 'Object Repository/OnlineStorePage/Search Icon' is clicked on

2018-07-05 21:20:02 - [TEST_STEP][PASSED] - waitForElementPresent: Object 'Object Repository/SearchResultPage/SearchItemTab/CatalogItems/Check Box For 1 Row Item List' is present

2018-07-05 21:20:14 - [MESSAGE][PASSED] - Object 'Object Repository/SearchResultPage/SearchItemTab/CatalogItems/Check Box For 1 Row Item List' is present

2018-07-05 21:20:14 - [TEST_STEP][PASSED] - verifyElementText: Actual text and expected text of test object 'Object Repository/SearchResultPage/SearchItemTab/CatalogItems/Catalog Item List Verification/Supplier Name Verification' are matched.

2018-07-05 21:20:14 - [MESSAGE][PASSED] - Actual text and expected text of test object 'Object Repository/SearchResultPage/SearchItemTab/CatalogItems/Catalog Item List Verification/Supplier Name Verification' are matched.

2018-07-05 21:20:14 - [TEST_STEP][PASSED] - takeScreenshot: Taking screenshot successfully

2018-07-05 21:20:15 - [MESSAGE][PASSED] - Taking screenshot successfully
[[ATTACHMENT|C:\\Screenshot/SupplierNameSearch.png]]

2018-07-05 21:20:15 - [TEST_STEP][PASSED] - closeBrowser: Browser is closed

2018-07-05 21:20:15 - [MESSAGE][PASSED] - Browser is closed]]></system-out>
         <system-err><![CDATA[]]></system-err>
      </testcase>
      <testcase name="Test Cases/DDS-264/DDS-4105 Item search should perform text-based search in various catalog field such as mfr part ID and show all those items on search result page" classname="Test Cases/DDS-264/DDS-4105 Item search should perform text-based search in various catalog field such as mfr part ID and show all those items on search result page" status="PASSED">
         <system-out><![CDATA[2018-07-05 21:20:15 - [TEST_CASE][PASSED] - Test Cases/DDS-264/DDS-4105 Item search should perform text-based search in various catalog field such as mfr part ID and show all those items on search result page: Test Cases/DDS-264/DDS-4105 Item search should perform text-based search in various catalog field such as mfr part ID and show all those items on search result page

2018-07-05 21:20:15 - [TEST_STEP][PASSED] - callTestCase: Call Test Case 'Test Cases/CommonLibraries/Login' successfully

2018-07-05 21:20:15 - [TEST_CASE][PASSED] - Test Cases/CommonLibraries/Login: Test Cases/CommonLibraries/Login

2018-07-05 21:20:15 - [TEST_STEP][PASSED] - openBrowser: Browser is opened with url: 'https://smtlogin.zycus.net/sso/login?serviceName=http://eproc-qa.zycus.net/'

2018-07-05 21:20:25 - [MESSAGE][PASSED] - Browser is opened with url: 'https://smtlogin.zycus.net/sso/login?serviceName=http://eproc-qa.zycus.net/'

2018-07-05 21:20:25 - [TEST_STEP][PASSED] - maximizeWindow: Current window maximized

2018-07-05 21:20:25 - [MESSAGE][PASSED] - Current window maximized

2018-07-05 21:20:25 - [TEST_STEP][PASSED] - waitForElementVisible: Object 'Object Repository/LoginPage/UserID' is visible

2018-07-05 21:20:25 - [MESSAGE][PASSED] - Object 'Object Repository/LoginPage/UserID' is visible

2018-07-05 21:20:25 - [TEST_STEP][PASSED] - sendKeys: Keys 'monicaqa@zycus.com' sent to object: 'Object Repository/LoginPage/UserID'

2018-07-05 21:20:26 - [MESSAGE][PASSED] - Keys 'monicaqa@zycus.com' sent to object: 'Object Repository/LoginPage/UserID'

2018-07-05 21:20:26 - [TEST_STEP][PASSED] - sendKeys: Keys 'eProc@123' sent to object: 'Object Repository/LoginPage/Password'

2018-07-05 21:20:26 - [MESSAGE][PASSED] - Keys 'eProc@123' sent to object: 'Object Repository/LoginPage/Password'

2018-07-05 21:20:26 - [TEST_STEP][PASSED] - click: Object: 'Object Repository/LoginPage/LoginButton' is clicked on

2018-07-05 21:20:32 - [MESSAGE][PASSED] - Object: 'Object Repository/LoginPage/LoginButton' is clicked on

2018-07-05 21:20:32 - [MESSAGE][PASSED] - Call Test Case 'Test Cases/CommonLibraries/Login' successfully

2018-07-05 21:20:32 - [TEST_STEP][PASSED] - sendKeys: Keys 'TTSIBM412CID' sent to object: 'Object Repository/OnlineStorePage/Search Box'

2018-07-05 21:21:09 - [MESSAGE][PASSED] - Keys 'TTSIBM412CID' sent to object: 'Object Repository/OnlineStorePage/Search Box'

2018-07-05 21:21:09 - [TEST_STEP][PASSED] - click: Object: 'Object Repository/OnlineStorePage/Search Icon' is clicked on

2018-07-05 21:21:10 - [MESSAGE][PASSED] - Object: 'Object Repository/OnlineStorePage/Search Icon' is clicked on

2018-07-05 21:21:10 - [TEST_STEP][PASSED] - waitForElementPresent: Object 'Object Repository/SearchResultPage/SearchItemTab/CatalogItems/Catalog Item List Verification/Mfr ID Verifications/Mfr search' is present

2018-07-05 21:21:21 - [MESSAGE][PASSED] - Object 'Object Repository/SearchResultPage/SearchItemTab/CatalogItems/Catalog Item List Verification/Mfr ID Verifications/Mfr search' is present

2018-07-05 21:21:21 - [TEST_STEP][PASSED] - scrollToElement: Scroll to object 'Object Repository/SearchResultPage/SearchItemTab/CatalogItems/Check Box For 3 Row Item List' successfully

2018-07-05 21:21:21 - [MESSAGE][PASSED] - Scroll to object 'Object Repository/SearchResultPage/SearchItemTab/CatalogItems/Check Box For 3 Row Item List' successfully

2018-07-05 21:21:21 - [TEST_STEP][PASSED] - click: Object: 'Object Repository/SearchResultPage/SearchItemTab/CatalogItems/Catalog Item List Verification/Mfr ID Verifications/Mfr search' is clicked on

2018-07-05 21:21:21 - [MESSAGE][PASSED] - Object: 'Object Repository/SearchResultPage/SearchItemTab/CatalogItems/Catalog Item List Verification/Mfr ID Verifications/Mfr search' is clicked on

2018-07-05 21:21:21 - [TEST_STEP][PASSED] - verifyElementText: Actual text and expected text of test object 'Object Repository/SearchResultPage/SearchItemTab/CatalogItems/Catalog Item List Verification/Mfr ID Verifications/Mfr Id Verification' are matched.

2018-07-05 21:21:22 - [MESSAGE][PASSED] - Actual text and expected text of test object 'Object Repository/SearchResultPage/SearchItemTab/CatalogItems/Catalog Item List Verification/Mfr ID Verifications/Mfr Id Verification' are matched.

2018-07-05 21:21:22 - [TEST_STEP][PASSED] - delay: Delayed 2 second(s)

2018-07-05 21:21:24 - [MESSAGE][PASSED] - Delayed 2 second(s)

2018-07-05 21:21:24 - [TEST_STEP][PASSED] - takeScreenshot: Taking screenshot successfully

2018-07-05 21:21:24 - [MESSAGE][PASSED] - Taking screenshot successfully
[[ATTACHMENT|C:\\Screenshot/MfrIDSearch.png]]

2018-07-05 21:21:24 - [TEST_STEP][PASSED] - closeBrowser: Browser is closed

2018-07-05 21:21:25 - [MESSAGE][PASSED] - Browser is closed]]></system-out>
         <system-err><![CDATA[]]></system-err>
      </testcase>
      <testcase name="Test Cases/DDS-264/DDS-4106 Item search should perform text-based search in various catalog field such as item desc and show all those items on search result page" classname="Test Cases/DDS-264/DDS-4106 Item search should perform text-based search in various catalog field such as item desc and show all those items on search result page" status="PASSED">
         <system-out><![CDATA[2018-07-05 21:21:25 - [TEST_CASE][PASSED] - Test Cases/DDS-264/DDS-4106 Item search should perform text-based search in various catalog field such as item desc and show all those items on search result page: Test Cases/DDS-264/DDS-4106 Item search should perform text-based search in various catalog field such as item desc and show all those items on search result page

2018-07-05 21:21:25 - [TEST_STEP][PASSED] - callTestCase: Call Test Case 'Test Cases/CommonLibraries/Login' successfully

2018-07-05 21:21:25 - [TEST_CASE][PASSED] - Test Cases/CommonLibraries/Login: Test Cases/CommonLibraries/Login

2018-07-05 21:21:25 - [TEST_STEP][PASSED] - openBrowser: Browser is opened with url: 'https://smtlogin.zycus.net/sso/login?serviceName=http://eproc-qa.zycus.net/'

2018-07-05 21:21:35 - [MESSAGE][PASSED] - Browser is opened with url: 'https://smtlogin.zycus.net/sso/login?serviceName=http://eproc-qa.zycus.net/'

2018-07-05 21:21:35 - [TEST_STEP][PASSED] - maximizeWindow: Current window maximized

2018-07-05 21:21:35 - [MESSAGE][PASSED] - Current window maximized

2018-07-05 21:21:35 - [TEST_STEP][PASSED] - waitForElementVisible: Object 'Object Repository/LoginPage/UserID' is visible

2018-07-05 21:21:35 - [MESSAGE][PASSED] - Object 'Object Repository/LoginPage/UserID' is visible

2018-07-05 21:21:35 - [TEST_STEP][PASSED] - sendKeys: Keys 'monicaqa@zycus.com' sent to object: 'Object Repository/LoginPage/UserID'

2018-07-05 21:21:35 - [MESSAGE][PASSED] - Keys 'monicaqa@zycus.com' sent to object: 'Object Repository/LoginPage/UserID'

2018-07-05 21:21:35 - [TEST_STEP][PASSED] - sendKeys: Keys 'eProc@123' sent to object: 'Object Repository/LoginPage/Password'

2018-07-05 21:21:35 - [MESSAGE][PASSED] - Keys 'eProc@123' sent to object: 'Object Repository/LoginPage/Password'

2018-07-05 21:21:35 - [TEST_STEP][PASSED] - click: Object: 'Object Repository/LoginPage/LoginButton' is clicked on

2018-07-05 21:21:41 - [MESSAGE][PASSED] - Object: 'Object Repository/LoginPage/LoginButton' is clicked on

2018-07-05 21:21:41 - [MESSAGE][PASSED] - Call Test Case 'Test Cases/CommonLibraries/Login' successfully

2018-07-05 21:21:41 - [TEST_STEP][PASSED] - sendKeys: Keys 'ZYCUS SUPPLIER' sent to object: 'Object Repository/OnlineStorePage/Search Box'

2018-07-05 21:22:14 - [MESSAGE][PASSED] - Keys 'ZYCUS SUPPLIER' sent to object: 'Object Repository/OnlineStorePage/Search Box'

2018-07-05 21:22:14 - [TEST_STEP][PASSED] - click: Object: 'Object Repository/OnlineStorePage/Search Icon' is clicked on

2018-07-05 21:22:14 - [MESSAGE][PASSED] - Object: 'Object Repository/OnlineStorePage/Search Icon' is clicked on

2018-07-05 21:22:14 - [TEST_STEP][PASSED] - waitForElementPresent: Object 'Object Repository/SearchResultPage/SearchItemTab/CatalogItems/Check Box For 1 Row Item List' is present

2018-07-05 21:22:27 - [MESSAGE][PASSED] - Object 'Object Repository/SearchResultPage/SearchItemTab/CatalogItems/Check Box For 1 Row Item List' is present

2018-07-05 21:22:27 - [TEST_STEP][PASSED] - verifyElementText: Actual text and expected text of test object 'Object Repository/SearchResultPage/SearchItemTab/CatalogItems/Catalog Item List Verification/Supplier Name Verification' are matched.

2018-07-05 21:22:27 - [MESSAGE][PASSED] - Actual text and expected text of test object 'Object Repository/SearchResultPage/SearchItemTab/CatalogItems/Catalog Item List Verification/Supplier Name Verification' are matched.

2018-07-05 21:22:27 - [TEST_STEP][PASSED] - takeScreenshot: Taking screenshot successfully

2018-07-05 21:22:28 - [MESSAGE][PASSED] - Taking screenshot successfully
[[ATTACHMENT|C:\\Screenshot/SupplierNameSearch.png]]

2018-07-05 21:22:28 - [TEST_STEP][PASSED] - closeBrowser: Browser is closed

2018-07-05 21:22:28 - [MESSAGE][PASSED] - Browser is closed]]></system-out>
         <system-err><![CDATA[]]></system-err>
      </testcase>
      <testcase name="Test Cases/DDS-264/DDS-4107 Item search should perform text-based search in various catalog field such as  ERP ID and show all those items on search result page" classname="Test Cases/DDS-264/DDS-4107 Item search should perform text-based search in various catalog field such as  ERP ID and show all those items on search result page" status="PASSED">
         <system-out><![CDATA[2018-07-05 21:22:28 - [TEST_CASE][PASSED] - Test Cases/DDS-264/DDS-4107 Item search should perform text-based search in various catalog field such as  ERP ID and show all those items on search result page: Test Cases/DDS-264/DDS-4107 Item search should perform text-based search in various catalog field such as  ERP ID and show all those items on search result page

2018-07-05 21:22:28 - [TEST_STEP][PASSED] - callTestCase: Call Test Case 'Test Cases/CommonLibraries/Login' successfully

2018-07-05 21:22:28 - [TEST_CASE][PASSED] - Test Cases/CommonLibraries/Login: Test Cases/CommonLibraries/Login

2018-07-05 21:22:28 - [TEST_STEP][PASSED] - openBrowser: Browser is opened with url: 'https://smtlogin.zycus.net/sso/login?serviceName=http://eproc-qa.zycus.net/'

2018-07-05 21:22:40 - [MESSAGE][PASSED] - Browser is opened with url: 'https://smtlogin.zycus.net/sso/login?serviceName=http://eproc-qa.zycus.net/'

2018-07-05 21:22:40 - [TEST_STEP][PASSED] - maximizeWindow: Current window maximized

2018-07-05 21:22:40 - [MESSAGE][PASSED] - Current window maximized

2018-07-05 21:22:40 - [TEST_STEP][PASSED] - waitForElementVisible: Object 'Object Repository/LoginPage/UserID' is visible

2018-07-05 21:22:40 - [MESSAGE][PASSED] - Object 'Object Repository/LoginPage/UserID' is visible

2018-07-05 21:22:40 - [TEST_STEP][PASSED] - sendKeys: Keys 'monicaqa@zycus.com' sent to object: 'Object Repository/LoginPage/UserID'

2018-07-05 21:22:40 - [MESSAGE][PASSED] - Keys 'monicaqa@zycus.com' sent to object: 'Object Repository/LoginPage/UserID'

2018-07-05 21:22:40 - [TEST_STEP][PASSED] - sendKeys: Keys 'eProc@123' sent to object: 'Object Repository/LoginPage/Password'

2018-07-05 21:22:40 - [MESSAGE][PASSED] - Keys 'eProc@123' sent to object: 'Object Repository/LoginPage/Password'

2018-07-05 21:22:40 - [TEST_STEP][PASSED] - click: Object: 'Object Repository/LoginPage/LoginButton' is clicked on

2018-07-05 21:22:46 - [MESSAGE][PASSED] - Object: 'Object Repository/LoginPage/LoginButton' is clicked on

2018-07-05 21:22:46 - [MESSAGE][PASSED] - Call Test Case 'Test Cases/CommonLibraries/Login' successfully

2018-07-05 21:22:46 - [TEST_STEP][PASSED] - sendKeys: Keys '9999999999999' sent to object: 'Object Repository/OnlineStorePage/Search Box'

2018-07-05 21:23:20 - [MESSAGE][PASSED] - Keys '9999999999999' sent to object: 'Object Repository/OnlineStorePage/Search Box'

2018-07-05 21:23:20 - [TEST_STEP][PASSED] - click: Object: 'Object Repository/OnlineStorePage/Search Icon' is clicked on

2018-07-05 21:23:20 - [MESSAGE][PASSED] - Object: 'Object Repository/OnlineStorePage/Search Icon' is clicked on

2018-07-05 21:23:20 - [TEST_STEP][PASSED] - waitForElementPresent: Object 'Object Repository/SearchResultPage/SearchItemTab/CatalogItems/Check Box For 1 Row Item List' is present

2018-07-05 21:23:32 - [MESSAGE][PASSED] - Object 'Object Repository/SearchResultPage/SearchItemTab/CatalogItems/Check Box For 1 Row Item List' is present

2018-07-05 21:23:32 - [TEST_STEP][PASSED] - click: Object: 'Object Repository/SearchResultPage/SearchItemTab/CatalogItems/Catalog Item List Verification/ERP ID verifications/ERP ID verification' is clicked on

2018-07-05 21:23:32 - [MESSAGE][PASSED] - Object: 'Object Repository/SearchResultPage/SearchItemTab/CatalogItems/Catalog Item List Verification/ERP ID verifications/ERP ID verification' is clicked on

2018-07-05 21:23:32 - [TEST_STEP][PASSED] - verifyElementText: Actual text and expected text of test object 'Object Repository/SearchResultPage/SearchItemTab/CatalogItems/Catalog Item List Verification/ERP ID verifications/ERP ID text' are matched.

2018-07-05 21:23:32 - [MESSAGE][PASSED] - Actual text and expected text of test object 'Object Repository/SearchResultPage/SearchItemTab/CatalogItems/Catalog Item List Verification/ERP ID verifications/ERP ID text' are matched.

2018-07-05 21:23:32 - [TEST_STEP][PASSED] - delay: Delayed 2 second(s)

2018-07-05 21:23:34 - [MESSAGE][PASSED] - Delayed 2 second(s)

2018-07-05 21:23:34 - [TEST_STEP][PASSED] - takeScreenshot: Taking screenshot successfully

2018-07-05 21:23:35 - [MESSAGE][PASSED] - Taking screenshot successfully
[[ATTACHMENT|C:\\Screenshot/ERPIDSearch.png]]

2018-07-05 21:23:35 - [TEST_STEP][PASSED] - closeBrowser: Browser is closed

2018-07-05 21:23:35 - [MESSAGE][PASSED] - Browser is closed]]></system-out>
         <system-err><![CDATA[]]></system-err>
      </testcase>
      <testcase name="Test Cases/DDS-264/DDS-4109 User should be able to view the search results in order of relevance mentioned" classname="Test Cases/DDS-264/DDS-4109 User should be able to view the search results in order of relevance mentioned" status="PASSED">
         <system-out><![CDATA[2018-07-05 21:23:35 - [TEST_CASE][PASSED] - Test Cases/DDS-264/DDS-4109 User should be able to view the search results in order of relevance mentioned: Test Cases/DDS-264/DDS-4109 User should be able to view the search results in order of relevance mentioned

2018-07-05 21:23:35 - [TEST_STEP][PASSED] - callTestCase: Call Test Case 'Test Cases/CommonLibraries/Search By Pen' successfully

2018-07-05 21:23:35 - [TEST_CASE][PASSED] - Test Cases/CommonLibraries/Search By Pen: Test Cases/CommonLibraries/Search By Pen

2018-07-05 21:23:35 - [TEST_STEP][PASSED] - callTestCase: Call Test Case 'Test Cases/CommonLibraries/Login' successfully

2018-07-05 21:23:35 - [TEST_CASE][PASSED] - Test Cases/CommonLibraries/Login: Test Cases/CommonLibraries/Login

2018-07-05 21:23:35 - [TEST_STEP][PASSED] - openBrowser: Browser is opened with url: 'https://smtlogin.zycus.net/sso/login?serviceName=http://eproc-qa.zycus.net/'

2018-07-05 21:23:45 - [MESSAGE][PASSED] - Browser is opened with url: 'https://smtlogin.zycus.net/sso/login?serviceName=http://eproc-qa.zycus.net/'

2018-07-05 21:23:45 - [TEST_STEP][PASSED] - maximizeWindow: Current window maximized

2018-07-05 21:23:45 - [MESSAGE][PASSED] - Current window maximized

2018-07-05 21:23:45 - [TEST_STEP][PASSED] - waitForElementVisible: Object 'Object Repository/LoginPage/UserID' is visible

2018-07-05 21:23:46 - [MESSAGE][PASSED] - Object 'Object Repository/LoginPage/UserID' is visible

2018-07-05 21:23:46 - [TEST_STEP][PASSED] - sendKeys: Keys 'monicaqa@zycus.com' sent to object: 'Object Repository/LoginPage/UserID'

2018-07-05 21:23:46 - [MESSAGE][PASSED] - Keys 'monicaqa@zycus.com' sent to object: 'Object Repository/LoginPage/UserID'

2018-07-05 21:23:46 - [TEST_STEP][PASSED] - sendKeys: Keys 'eProc@123' sent to object: 'Object Repository/LoginPage/Password'

2018-07-05 21:23:46 - [MESSAGE][PASSED] - Keys 'eProc@123' sent to object: 'Object Repository/LoginPage/Password'

2018-07-05 21:23:46 - [TEST_STEP][PASSED] - click: Object: 'Object Repository/LoginPage/LoginButton' is clicked on

2018-07-05 21:23:52 - [MESSAGE][PASSED] - Object: 'Object Repository/LoginPage/LoginButton' is clicked on

2018-07-05 21:23:52 - [MESSAGE][PASSED] - Call Test Case 'Test Cases/CommonLibraries/Login' successfully

2018-07-05 21:23:52 - [TEST_STEP][PASSED] - waitForPageLoad: Wait for page load successfully

2018-07-05 21:23:52 - [MESSAGE][PASSED] - Wait for page load successfully

2018-07-05 21:23:52 - [TEST_STEP][PASSED] - sendKeys: Keys 'Pen' sent to object: 'Object Repository/OnlineStorePage/Search Box'

2018-07-05 21:24:29 - [MESSAGE][PASSED] - Keys 'Pen' sent to object: 'Object Repository/OnlineStorePage/Search Box'

2018-07-05 21:24:29 - [TEST_STEP][PASSED] - waitForElementPresent: Object 'Object Repository/OnlineStorePage/Search Box' is present

2018-07-05 21:24:29 - [MESSAGE][PASSED] - Object 'Object Repository/OnlineStorePage/Search Box' is present

2018-07-05 21:24:29 - [TEST_STEP][PASSED] - click: Object: 'Object Repository/OnlineStorePage/Search Icon' is clicked on

2018-07-05 21:24:29 - [MESSAGE][PASSED] - Object: 'Object Repository/OnlineStorePage/Search Icon' is clicked on

2018-07-05 21:24:29 - [MESSAGE][PASSED] - Call Test Case 'Test Cases/CommonLibraries/Search By Pen' successfully

2018-07-05 21:24:29 - [TEST_STEP][PASSED] - waitForElementVisible: Object 'Object Repository/SearchResultPage/SearchItemTab/CatalogItems/Check Box For 1 Row Item List' is visible

2018-07-05 21:24:39 - [MESSAGE][PASSED] - Object 'Object Repository/SearchResultPage/SearchItemTab/CatalogItems/Check Box For 1 Row Item List' is visible

2018-07-05 21:24:39 - [TEST_STEP][PASSED] - takeScreenshot: Taking screenshot successfully

2018-07-05 21:24:39 - [MESSAGE][PASSED] - Taking screenshot successfully
[[ATTACHMENT|C:\\Screenshot/Name.png]]

2018-07-05 21:24:39 - [TEST_STEP][PASSED] - closeBrowser: Browser is closed

2018-07-05 21:24:39 - [MESSAGE][PASSED] - Browser is closed]]></system-out>
         <system-err><![CDATA[]]></system-err>
      </testcase>
      <testcase name="Test Cases/DDS-264/DDS-4110 System should display the number of results found, along with the search text" classname="Test Cases/DDS-264/DDS-4110 System should display the number of results found, along with the search text" status="PASSED">
         <system-out><![CDATA[2018-07-05 21:24:39 - [TEST_CASE][PASSED] - Test Cases/DDS-264/DDS-4110 System should display the number of results found, along with the search text: Test Cases/DDS-264/DDS-4110 System should display the number of results found, along with the search text

2018-07-05 21:24:39 - [TEST_STEP][PASSED] - callTestCase: Call Test Case 'Test Cases/CommonLibraries/Search By Laptop' successfully

2018-07-05 21:24:39 - [TEST_CASE][PASSED] - Test Cases/CommonLibraries/Search By Laptop: Test Cases/CommonLibraries/Search By Laptop

2018-07-05 21:24:39 - [TEST_STEP][PASSED] - callTestCase: Call Test Case 'Test Cases/CommonLibraries/Login' successfully

2018-07-05 21:24:40 - [TEST_CASE][PASSED] - Test Cases/CommonLibraries/Login: Test Cases/CommonLibraries/Login

2018-07-05 21:24:40 - [TEST_STEP][PASSED] - openBrowser: Browser is opened with url: 'https://smtlogin.zycus.net/sso/login?serviceName=http://eproc-qa.zycus.net/'

2018-07-05 21:24:49 - [MESSAGE][PASSED] - Browser is opened with url: 'https://smtlogin.zycus.net/sso/login?serviceName=http://eproc-qa.zycus.net/'

2018-07-05 21:24:49 - [TEST_STEP][PASSED] - maximizeWindow: Current window maximized

2018-07-05 21:24:49 - [MESSAGE][PASSED] - Current window maximized

2018-07-05 21:24:49 - [TEST_STEP][PASSED] - waitForElementVisible: Object 'Object Repository/LoginPage/UserID' is visible

2018-07-05 21:24:49 - [MESSAGE][PASSED] - Object 'Object Repository/LoginPage/UserID' is visible

2018-07-05 21:24:49 - [TEST_STEP][PASSED] - sendKeys: Keys 'monicaqa@zycus.com' sent to object: 'Object Repository/LoginPage/UserID'

2018-07-05 21:24:49 - [MESSAGE][PASSED] - Keys 'monicaqa@zycus.com' sent to object: 'Object Repository/LoginPage/UserID'

2018-07-05 21:24:49 - [TEST_STEP][PASSED] - sendKeys: Keys 'eProc@123' sent to object: 'Object Repository/LoginPage/Password'

2018-07-05 21:24:49 - [MESSAGE][PASSED] - Keys 'eProc@123' sent to object: 'Object Repository/LoginPage/Password'

2018-07-05 21:24:49 - [TEST_STEP][PASSED] - click: Object: 'Object Repository/LoginPage/LoginButton' is clicked on

2018-07-05 21:24:54 - [MESSAGE][PASSED] - Object: 'Object Repository/LoginPage/LoginButton' is clicked on

2018-07-05 21:24:54 - [MESSAGE][PASSED] - Call Test Case 'Test Cases/CommonLibraries/Login' successfully

2018-07-05 21:24:54 - [TEST_STEP][PASSED] - waitForPageLoad: Wait for page load successfully

2018-07-05 21:24:54 - [MESSAGE][PASSED] - Wait for page load successfully

2018-07-05 21:24:54 - [TEST_STEP][PASSED] - sendKeys: Keys 'Laptop' sent to object: 'Object Repository/OnlineStorePage/Search Box'

2018-07-05 21:25:30 - [MESSAGE][PASSED] - Keys 'Laptop' sent to object: 'Object Repository/OnlineStorePage/Search Box'

2018-07-05 21:25:30 - [TEST_STEP][PASSED] - click: Object: 'Object Repository/OnlineStorePage/Search Icon' is clicked on

2018-07-05 21:25:30 - [MESSAGE][PASSED] - Object: 'Object Repository/OnlineStorePage/Search Icon' is clicked on

2018-07-05 21:25:30 - [MESSAGE][PASSED] - Call Test Case 'Test Cases/CommonLibraries/Search By Laptop' successfully

2018-07-05 21:25:30 - [TEST_STEP][PASSED] - waitForElementPresent: Object 'Object Repository/SearchResultPage/SearchItemTab/CatalogItems/Check Box For 1 Row Item List' is present

2018-07-05 21:25:38 - [MESSAGE][PASSED] - Object 'Object Repository/SearchResultPage/SearchItemTab/CatalogItems/Check Box For 1 Row Item List' is present

2018-07-05 21:25:38 - [TEST_STEP][PASSED] - delay: Delayed 10 second(s)

2018-07-05 21:25:48 - [MESSAGE][PASSED] - Delayed 10 second(s)

2018-07-05 21:25:48 - [TEST_STEP][PASSED] - takeScreenshot: Taking screenshot successfully

2018-07-05 21:25:49 - [MESSAGE][PASSED] - Taking screenshot successfully
[[ATTACHMENT|C:\\Screenshot/list.png]]]]></system-out>
         <system-err><![CDATA[]]></system-err>
      </testcase>
      <testcase name="Test Cases/DDS-264/DDS-4111 On search result page Verbiage in the title should be , Showing 1 of 1 results of item" classname="Test Cases/DDS-264/DDS-4111 On search result page Verbiage in the title should be , Showing 1 of 1 results of item" status="PASSED">
         <system-out><![CDATA[2018-07-05 21:25:49 - [TEST_CASE][PASSED] - Test Cases/DDS-264/DDS-4111 On search result page Verbiage in the title should be , Showing 1 of 1 results of item: Test Cases/DDS-264/DDS-4111 On search result page Verbiage in the title should be , Showing 1 of 1 results of item

2018-07-05 21:25:49 - [TEST_STEP][PASSED] - callTestCase: Call Test Case 'Test Cases/CommonLibraries/Search By Laptop' successfully

2018-07-05 21:25:49 - [TEST_CASE][PASSED] - Test Cases/CommonLibraries/Search By Laptop: Test Cases/CommonLibraries/Search By Laptop

2018-07-05 21:25:49 - [TEST_STEP][PASSED] - callTestCase: Call Test Case 'Test Cases/CommonLibraries/Login' successfully

2018-07-05 21:25:49 - [TEST_CASE][PASSED] - Test Cases/CommonLibraries/Login: Test Cases/CommonLibraries/Login

2018-07-05 21:25:49 - [TEST_STEP][PASSED] - openBrowser: Browser is opened with url: 'https://smtlogin.zycus.net/sso/login?serviceName=http://eproc-qa.zycus.net/'

2018-07-05 21:25:49 - [MESSAGE][WARNING] - A browser is already opened. Closing browser and opening a new one

2018-07-05 21:25:59 - [MESSAGE][PASSED] - Browser is opened with url: 'https://smtlogin.zycus.net/sso/login?serviceName=http://eproc-qa.zycus.net/'

2018-07-05 21:25:59 - [TEST_STEP][PASSED] - maximizeWindow: Current window maximized

2018-07-05 21:25:59 - [MESSAGE][PASSED] - Current window maximized

2018-07-05 21:25:59 - [TEST_STEP][PASSED] - waitForElementVisible: Object 'Object Repository/LoginPage/UserID' is visible

2018-07-05 21:25:59 - [MESSAGE][PASSED] - Object 'Object Repository/LoginPage/UserID' is visible

2018-07-05 21:25:59 - [TEST_STEP][PASSED] - sendKeys: Keys 'monicaqa@zycus.com' sent to object: 'Object Repository/LoginPage/UserID'

2018-07-05 21:25:59 - [MESSAGE][PASSED] - Keys 'monicaqa@zycus.com' sent to object: 'Object Repository/LoginPage/UserID'

2018-07-05 21:25:59 - [TEST_STEP][PASSED] - sendKeys: Keys 'eProc@123' sent to object: 'Object Repository/LoginPage/Password'

2018-07-05 21:25:59 - [MESSAGE][PASSED] - Keys 'eProc@123' sent to object: 'Object Repository/LoginPage/Password'

2018-07-05 21:25:59 - [TEST_STEP][PASSED] - click: Object: 'Object Repository/LoginPage/LoginButton' is clicked on

2018-07-05 21:26:05 - [MESSAGE][PASSED] - Object: 'Object Repository/LoginPage/LoginButton' is clicked on

2018-07-05 21:26:05 - [MESSAGE][PASSED] - Call Test Case 'Test Cases/CommonLibraries/Login' successfully

2018-07-05 21:26:05 - [TEST_STEP][PASSED] - waitForPageLoad: Wait for page load successfully

2018-07-05 21:26:05 - [MESSAGE][PASSED] - Wait for page load successfully

2018-07-05 21:26:05 - [TEST_STEP][PASSED] - sendKeys: Keys 'Laptop' sent to object: 'Object Repository/OnlineStorePage/Search Box'

2018-07-05 21:26:35 - [MESSAGE][PASSED] - Keys 'Laptop' sent to object: 'Object Repository/OnlineStorePage/Search Box'

2018-07-05 21:26:35 - [TEST_STEP][PASSED] - click: Object: 'Object Repository/OnlineStorePage/Search Icon' is clicked on

2018-07-05 21:26:35 - [MESSAGE][PASSED] - Object: 'Object Repository/OnlineStorePage/Search Icon' is clicked on

2018-07-05 21:26:35 - [MESSAGE][PASSED] - Call Test Case 'Test Cases/CommonLibraries/Search By Laptop' successfully

2018-07-05 21:26:35 - [TEST_STEP][PASSED] - waitForElementVisible: Object 'Object Repository/SearchResultPage/SearchItemTab/CatalogItems/Check Box For 8 Row Item List' is visible

2018-07-05 21:26:43 - [MESSAGE][PASSED] - Object 'Object Repository/SearchResultPage/SearchItemTab/CatalogItems/Check Box For 8 Row Item List' is visible

2018-07-05 21:26:43 - [TEST_STEP][PASSED] - scrollToElement: Scroll to object 'Object Repository/SearchResultPage/SearchItemTab/CatalogItems/Check Box For 8 Row Item List' successfully

2018-07-05 21:26:43 - [MESSAGE][WARNING] - Timeout '0' is invalid. Using default page load timeout: '100'

2018-07-05 21:26:43 - [MESSAGE][PASSED] - Scroll to object 'Object Repository/SearchResultPage/SearchItemTab/CatalogItems/Check Box For 8 Row Item List' successfully

2018-07-05 21:26:43 - [TEST_STEP][PASSED] - takeScreenshot: Taking screenshot successfully

2018-07-05 21:26:44 - [MESSAGE][PASSED] - Taking screenshot successfully
[[ATTACHMENT|C:\\Screenshot/resultPageIcon.png]]

2018-07-05 21:26:44 - [TEST_STEP][PASSED] - closeBrowser: Browser is closed

2018-07-05 21:26:44 - [MESSAGE][PASSED] - Browser is closed]]></system-out>
         <system-err><![CDATA[]]></system-err>
      </testcase>
      <testcase name="Test Cases/DDS-264/DDS-4112 User should be able to view product details by clicking on the item description" classname="Test Cases/DDS-264/DDS-4112 User should be able to view product details by clicking on the item description" status="PASSED">
         <system-out><![CDATA[2018-07-05 21:26:44 - [TEST_CASE][PASSED] - Test Cases/DDS-264/DDS-4112 User should be able to view product details by clicking on the item description: Test Cases/DDS-264/DDS-4112 User should be able to view product details by clicking on the item description

2018-07-05 21:26:44 - [TEST_STEP][PASSED] - callTestCase: Call Test Case 'Test Cases/CommonLibraries/Search By Item' successfully

2018-07-05 21:26:44 - [TEST_CASE][PASSED] - Test Cases/CommonLibraries/Search By Item: Test Cases/CommonLibraries/Search By Item

2018-07-05 21:26:44 - [TEST_STEP][PASSED] - callTestCase: Call Test Case 'Test Cases/CommonLibraries/Login' successfully

2018-07-05 21:26:44 - [TEST_CASE][PASSED] - Test Cases/CommonLibraries/Login: Test Cases/CommonLibraries/Login

2018-07-05 21:26:44 - [TEST_STEP][PASSED] - openBrowser: Browser is opened with url: 'https://smtlogin.zycus.net/sso/login?serviceName=http://eproc-qa.zycus.net/'

2018-07-05 21:26:53 - [MESSAGE][PASSED] - Browser is opened with url: 'https://smtlogin.zycus.net/sso/login?serviceName=http://eproc-qa.zycus.net/'

2018-07-05 21:26:53 - [TEST_STEP][PASSED] - maximizeWindow: Current window maximized

2018-07-05 21:26:53 - [MESSAGE][PASSED] - Current window maximized

2018-07-05 21:26:53 - [TEST_STEP][PASSED] - waitForElementVisible: Object 'Object Repository/LoginPage/UserID' is visible

2018-07-05 21:26:53 - [MESSAGE][PASSED] - Object 'Object Repository/LoginPage/UserID' is visible

2018-07-05 21:26:53 - [TEST_STEP][PASSED] - sendKeys: Keys 'monicaqa@zycus.com' sent to object: 'Object Repository/LoginPage/UserID'

2018-07-05 21:26:53 - [MESSAGE][PASSED] - Keys 'monicaqa@zycus.com' sent to object: 'Object Repository/LoginPage/UserID'

2018-07-05 21:26:53 - [TEST_STEP][PASSED] - sendKeys: Keys 'eProc@123' sent to object: 'Object Repository/LoginPage/Password'

2018-07-05 21:26:53 - [MESSAGE][PASSED] - Keys 'eProc@123' sent to object: 'Object Repository/LoginPage/Password'

2018-07-05 21:26:53 - [TEST_STEP][PASSED] - click: Object: 'Object Repository/LoginPage/LoginButton' is clicked on

2018-07-05 21:26:58 - [MESSAGE][PASSED] - Object: 'Object Repository/LoginPage/LoginButton' is clicked on

2018-07-05 21:26:58 - [MESSAGE][PASSED] - Call Test Case 'Test Cases/CommonLibraries/Login' successfully

2018-07-05 21:26:58 - [TEST_STEP][PASSED] - waitForElementPresent: Object 'Object Repository/OnlineStorePage/Search Box' is present

2018-07-05 21:27:30 - [MESSAGE][PASSED] - Object 'Object Repository/OnlineStorePage/Search Box' is present

2018-07-05 21:27:30 - [TEST_STEP][PASSED] - waitForPageLoad: Wait for page load successfully

2018-07-05 21:27:30 - [MESSAGE][PASSED] - Wait for page load successfully

2018-07-05 21:27:30 - [TEST_STEP][PASSED] - sendKeys: Keys 'Item' sent to object: 'Object Repository/OnlineStorePage/Search Box'

2018-07-05 21:27:31 - [MESSAGE][PASSED] - Keys 'Item' sent to object: 'Object Repository/OnlineStorePage/Search Box'

2018-07-05 21:27:31 - [TEST_STEP][PASSED] - click: Object: 'Object Repository/OnlineStorePage/Search Icon' is clicked on

2018-07-05 21:27:31 - [MESSAGE][PASSED] - Object: 'Object Repository/OnlineStorePage/Search Icon' is clicked on

2018-07-05 21:27:31 - [MESSAGE][PASSED] - Call Test Case 'Test Cases/CommonLibraries/Search By Item' successfully

2018-07-05 21:27:31 - [TEST_STEP][PASSED] - waitForElementPresent: Object 'Object Repository/SearchResultPage/SearchItemTab/CatalogItems/Check Box For 1 Row Item List' is present

2018-07-05 21:27:39 - [MESSAGE][PASSED] - Object 'Object Repository/SearchResultPage/SearchItemTab/CatalogItems/Check Box For 1 Row Item List' is present

2018-07-05 21:27:39 - [TEST_STEP][PASSED] - click: Object: 'Object Repository/SearchResultPage/SearchItemTab/CatalogItems/Catalog Item List Verification/Item3 For 3 Row' is clicked on

2018-07-05 21:27:39 - [MESSAGE][PASSED] - Object: 'Object Repository/SearchResultPage/SearchItemTab/CatalogItems/Catalog Item List Verification/Item3 For 3 Row' is clicked on

2018-07-05 21:27:39 - [TEST_STEP][PASSED] - delay: Delayed 2 second(s)

2018-07-05 21:27:41 - [MESSAGE][PASSED] - Delayed 2 second(s)

2018-07-05 21:27:41 - [TEST_STEP][PASSED] - takeScreenshot: Taking screenshot successfully

2018-07-05 21:27:41 - [MESSAGE][PASSED] - Taking screenshot successfully
[[ATTACHMENT|C:\\Screenshot/Item Description.png]]

2018-07-05 21:27:41 - [TEST_STEP][PASSED] - closeBrowser: Browser is closed

2018-07-05 21:27:42 - [MESSAGE][PASSED] - Browser is closed]]></system-out>
         <system-err><![CDATA[]]></system-err>
      </testcase>
      <testcase name="Test Cases/DDS-264/DDS-4119 Out of Stock should be displayed within search results with a Out of Stock label in red in front of the lead time" classname="Test Cases/DDS-264/DDS-4119 Out of Stock should be displayed within search results with a Out of Stock label in red in front of the lead time" status="PASSED">
         <system-out><![CDATA[2018-07-05 21:27:42 - [TEST_CASE][PASSED] - Test Cases/DDS-264/DDS-4119 Out of Stock should be displayed within search results with a Out of Stock label in red in front of the lead time: Test Cases/DDS-264/DDS-4119 Out of Stock should be displayed within search results with a Out of Stock label in red in front of the lead time

2018-07-05 21:27:42 - [TEST_STEP][PASSED] - callTestCase: Call Test Case 'Test Cases/CommonLibraries/Login' successfully

2018-07-05 21:27:42 - [TEST_CASE][PASSED] - Test Cases/CommonLibraries/Login: Test Cases/CommonLibraries/Login

2018-07-05 21:27:42 - [TEST_STEP][PASSED] - openBrowser: Browser is opened with url: 'https://smtlogin.zycus.net/sso/login?serviceName=http://eproc-qa.zycus.net/'

2018-07-05 21:27:51 - [MESSAGE][PASSED] - Browser is opened with url: 'https://smtlogin.zycus.net/sso/login?serviceName=http://eproc-qa.zycus.net/'

2018-07-05 21:27:51 - [TEST_STEP][PASSED] - maximizeWindow: Current window maximized

2018-07-05 21:27:51 - [MESSAGE][PASSED] - Current window maximized

2018-07-05 21:27:51 - [TEST_STEP][PASSED] - waitForElementVisible: Object 'Object Repository/LoginPage/UserID' is visible

2018-07-05 21:27:51 - [MESSAGE][PASSED] - Object 'Object Repository/LoginPage/UserID' is visible

2018-07-05 21:27:51 - [TEST_STEP][PASSED] - sendKeys: Keys 'monicaqa@zycus.com' sent to object: 'Object Repository/LoginPage/UserID'

2018-07-05 21:27:51 - [MESSAGE][PASSED] - Keys 'monicaqa@zycus.com' sent to object: 'Object Repository/LoginPage/UserID'

2018-07-05 21:27:51 - [TEST_STEP][PASSED] - sendKeys: Keys 'eProc@123' sent to object: 'Object Repository/LoginPage/Password'

2018-07-05 21:27:51 - [MESSAGE][PASSED] - Keys 'eProc@123' sent to object: 'Object Repository/LoginPage/Password'

2018-07-05 21:27:51 - [TEST_STEP][PASSED] - click: Object: 'Object Repository/LoginPage/LoginButton' is clicked on

2018-07-05 21:27:56 - [MESSAGE][PASSED] - Object: 'Object Repository/LoginPage/LoginButton' is clicked on

2018-07-05 21:27:56 - [MESSAGE][PASSED] - Call Test Case 'Test Cases/CommonLibraries/Login' successfully

2018-07-05 21:27:56 - [TEST_STEP][PASSED] - sendKeys: Keys 'hem' sent to object: 'Object Repository/OnlineStorePage/Search Box'

2018-07-05 21:28:31 - [MESSAGE][PASSED] - Keys 'hem' sent to object: 'Object Repository/OnlineStorePage/Search Box'

2018-07-05 21:28:31 - [TEST_STEP][PASSED] - click: Object: 'Object Repository/OnlineStorePage/Search Icon' is clicked on

2018-07-05 21:28:31 - [MESSAGE][PASSED] - Object: 'Object Repository/OnlineStorePage/Search Icon' is clicked on

2018-07-05 21:28:31 - [TEST_STEP][PASSED] - waitForElementPresent: Object 'Object Repository/SearchResultPage/SearchItemTab/CatalogItems/Check Box For 1 Row Item List' is present

2018-07-05 21:28:38 - [MESSAGE][PASSED] - Object 'Object Repository/SearchResultPage/SearchItemTab/CatalogItems/Check Box For 1 Row Item List' is present

2018-07-05 21:28:38 - [TEST_STEP][PASSED] - verifyElementAttributeValue: Object 'Object Repository/SearchResultPage/SearchItemTab/CatalogItems/Out Of Stock Item' has attribute 'ng-reflect-status' with value 'Out of Stock'

2018-07-05 21:28:38 - [MESSAGE][PASSED] - Object 'Object Repository/SearchResultPage/SearchItemTab/CatalogItems/Out Of Stock Item' has attribute 'ng-reflect-status' with value 'Out of Stock'

2018-07-05 21:28:38 - [TEST_STEP][PASSED] - closeBrowser: Browser is closed

2018-07-05 21:28:38 - [MESSAGE][PASSED] - Browser is closed]]></system-out>
         <system-err><![CDATA[]]></system-err>
      </testcase>
      <testcase name="Test Cases/DDS-272/DDS - 3964 QTY or Amt field should n ot accept minimum -1 value" classname="Test Cases/DDS-272/DDS - 3964 QTY or Amt field should n ot accept minimum -1 value" status="PASSED">
         <system-out><![CDATA[2018-07-05 21:28:38 - [TEST_CASE][PASSED] - Test Cases/DDS-272/DDS - 3964 QTY or Amt field should n ot accept minimum -1 value: Test Cases/DDS-272/DDS - 3964 QTY or Amt field should n ot accept minimum -1 value

2018-07-05 21:28:38 - [TEST_STEP][PASSED] - callTestCase: Call Test Case 'Test Cases/CommonLibraries/Search By Item' successfully

2018-07-05 21:28:38 - [TEST_CASE][PASSED] - Test Cases/CommonLibraries/Search By Item: Test Cases/CommonLibraries/Search By Item

2018-07-05 21:28:38 - [TEST_STEP][PASSED] - callTestCase: Call Test Case 'Test Cases/CommonLibraries/Login' successfully

2018-07-05 21:28:38 - [TEST_CASE][PASSED] - Test Cases/CommonLibraries/Login: Test Cases/CommonLibraries/Login

2018-07-05 21:28:38 - [TEST_STEP][PASSED] - openBrowser: Browser is opened with url: 'https://smtlogin.zycus.net/sso/login?serviceName=http://eproc-qa.zycus.net/'

2018-07-05 21:28:49 - [MESSAGE][PASSED] - Browser is opened with url: 'https://smtlogin.zycus.net/sso/login?serviceName=http://eproc-qa.zycus.net/'

2018-07-05 21:28:49 - [TEST_STEP][PASSED] - maximizeWindow: Current window maximized

2018-07-05 21:28:49 - [MESSAGE][PASSED] - Current window maximized

2018-07-05 21:28:49 - [TEST_STEP][PASSED] - waitForElementVisible: Object 'Object Repository/LoginPage/UserID' is visible

2018-07-05 21:28:49 - [MESSAGE][PASSED] - Object 'Object Repository/LoginPage/UserID' is visible

2018-07-05 21:28:49 - [TEST_STEP][PASSED] - sendKeys: Keys 'monicaqa@zycus.com' sent to object: 'Object Repository/LoginPage/UserID'

2018-07-05 21:28:50 - [MESSAGE][PASSED] - Keys 'monicaqa@zycus.com' sent to object: 'Object Repository/LoginPage/UserID'

2018-07-05 21:28:50 - [TEST_STEP][PASSED] - sendKeys: Keys 'eProc@123' sent to object: 'Object Repository/LoginPage/Password'

2018-07-05 21:28:50 - [MESSAGE][PASSED] - Keys 'eProc@123' sent to object: 'Object Repository/LoginPage/Password'

2018-07-05 21:28:50 - [TEST_STEP][PASSED] - click: Object: 'Object Repository/LoginPage/LoginButton' is clicked on

2018-07-05 21:28:56 - [MESSAGE][PASSED] - Object: 'Object Repository/LoginPage/LoginButton' is clicked on

2018-07-05 21:28:56 - [MESSAGE][PASSED] - Call Test Case 'Test Cases/CommonLibraries/Login' successfully

2018-07-05 21:28:56 - [TEST_STEP][PASSED] - waitForElementPresent: Object 'Object Repository/OnlineStorePage/Search Box' is present

2018-07-05 21:29:31 - [MESSAGE][PASSED] - Object 'Object Repository/OnlineStorePage/Search Box' is present

2018-07-05 21:29:31 - [TEST_STEP][PASSED] - waitForPageLoad: Wait for page load successfully

2018-07-05 21:29:31 - [MESSAGE][PASSED] - Wait for page load successfully

2018-07-05 21:29:31 - [TEST_STEP][PASSED] - sendKeys: Keys 'Item' sent to object: 'Object Repository/OnlineStorePage/Search Box'

2018-07-05 21:29:31 - [MESSAGE][PASSED] - Keys 'Item' sent to object: 'Object Repository/OnlineStorePage/Search Box'

2018-07-05 21:29:31 - [TEST_STEP][PASSED] - click: Object: 'Object Repository/OnlineStorePage/Search Icon' is clicked on

2018-07-05 21:29:31 - [MESSAGE][PASSED] - Object: 'Object Repository/OnlineStorePage/Search Icon' is clicked on

2018-07-05 21:29:31 - [MESSAGE][PASSED] - Call Test Case 'Test Cases/CommonLibraries/Search By Item' successfully

2018-07-05 21:29:31 - [TEST_STEP][PASSED] - waitForElementPresent: Object 'Object Repository/SearchResultPage/SearchItemTab/CatalogItems/Check Box For 3 Row Item List' is present

2018-07-05 21:29:39 - [MESSAGE][PASSED] - Object 'Object Repository/SearchResultPage/SearchItemTab/CatalogItems/Check Box For 3 Row Item List' is present

2018-07-05 21:29:39 - [TEST_STEP][PASSED] - click: Object: 'Object Repository/SearchResultPage/SearchItemTab/CatalogItems/Check Box For 3 Row Item List' is clicked on

2018-07-05 21:29:39 - [MESSAGE][PASSED] - Object: 'Object Repository/SearchResultPage/SearchItemTab/CatalogItems/Check Box For 3 Row Item List' is clicked on

2018-07-05 21:29:39 - [TEST_STEP][PASSED] - click: Object: 'Object Repository/SearchResultPage/SearchItemTab/CatalogItems/AddToCart_MultipleItem' is clicked on

2018-07-05 21:29:40 - [MESSAGE][PASSED] - Object: 'Object Repository/SearchResultPage/SearchItemTab/CatalogItems/AddToCart_MultipleItem' is clicked on

2018-07-05 21:29:40 - [TEST_STEP][PASSED] - click: Object: 'Object Repository/OnlineStorePage/CartIcon' is clicked on

2018-07-05 21:29:40 - [MESSAGE][PASSED] - Object: 'Object Repository/OnlineStorePage/CartIcon' is clicked on

2018-07-05 21:29:40 - [TEST_STEP][PASSED] - delay: Delayed 3 second(s)

2018-07-05 21:29:43 - [MESSAGE][PASSED] - Delayed 3 second(s)

2018-07-05 21:29:43 - [TEST_STEP][PASSED] - sendKeys: Keys 'INSERT + BACK_SPACE + BACK_SPACE + -' sent to object: 'Object Repository/Cart Page/Qty or Amt Edit Box for line item1'

2018-07-05 21:29:43 - [MESSAGE][PASSED] - Keys 'INSERT + BACK_SPACE + BACK_SPACE + -' sent to object: 'Object Repository/Cart Page/Qty or Amt Edit Box for line item1'

2018-07-05 21:29:43 - [TEST_STEP][PASSED] - click: Object: 'Object Repository/Cart Page/Line Item Details/Quantity or Amt' is clicked on

2018-07-05 21:29:43 - [MESSAGE][PASSED] - Object: 'Object Repository/Cart Page/Line Item Details/Quantity or Amt' is clicked on

2018-07-05 21:29:43 - [TEST_STEP][PASSED] - waitForElementPresent: Object 'Object Repository/Popups/Alert Pop Up/Alert message' is present

2018-07-05 21:29:43 - [MESSAGE][PASSED] - Object 'Object Repository/Popups/Alert Pop Up/Alert message' is present

2018-07-05 21:29:43 - [TEST_STEP][PASSED] - verifyElementText: Actual text and expected text of test object 'Object Repository/Popups/Alert Pop Up/Alert message' are matched.

2018-07-05 21:29:43 - [MESSAGE][PASSED] - Actual text and expected text of test object 'Object Repository/Popups/Alert Pop Up/Alert message' are matched.

2018-07-05 21:29:43 - [TEST_STEP][PASSED] - closeBrowser: Browser is closed

2018-07-05 21:29:43 - [MESSAGE][PASSED] - Browser is closed]]></system-out>
         <system-err><![CDATA[]]></system-err>
      </testcase>
      <testcase name="Test Cases/DDS-272/DDS 3939 login to a different window with same credentials and add the item verify whether in other window count in the cart increases dynamically" classname="Test Cases/DDS-272/DDS 3939 login to a different window with same credentials and add the item verify whether in other window count in the cart increases dynamically" status="FAILED">
         <failure type="FAILED" message="Unable to click on object 'Object Repository/SearchResultPage/SearchItemTab/CatalogItems/Check Box For 3 Row Item List' (Root cause: com.kms.katalon.core.webui.exception.WebElementNotFoundException: Web element with id: 'Object Repository/SearchResultPage/SearchItemTab/CatalogItems/Check Box For 3 Row Item List' located by 'By.xpath: //dew-tab[@id='items-in-catalogs']/eproc-product-list/dew-card/dew-flex/dew-flex-item[3]/eproc-product-card/dew-card/dew-row/dew-col[1]/div' not found)"/>
         <system-out><![CDATA[2018-07-05 21:29:43 - [TEST_CASE][FAILED] - Test Cases/DDS-272/DDS 3939 login to a different window with same credentials and add the item verify whether in other window count in the cart increases dynamically: Test Cases/DDS-272/DDS 3939 login to a different window with same credentials and add the item verify whether in other window count in the cart increases dynamically FAILED because (of) Unable to click on object 'Object Repository/SearchResultPage/SearchItemTab/CatalogItems/Check Box For 3 Row Item List' (Root cause: com.kms.katalon.core.webui.exception.WebElementNotFoundException: Web element with id: 'Object Repository/SearchResultPage/SearchItemTab/CatalogItems/Check Box For 3 Row Item List' located by 'By.xpath: //dew-tab[@id='items-in-catalogs']/eproc-product-list/dew-card/dew-flex/dew-flex-item[3]/eproc-product-card/dew-card/dew-row/dew-col[1]/div' not found)

2018-07-05 21:29:43 - [TEST_STEP][PASSED] - callTestCase: Call Test Case 'Test Cases/CommonLibraries/Login' successfully

2018-07-05 21:29:43 - [TEST_CASE][PASSED] - Test Cases/CommonLibraries/Login: Test Cases/CommonLibraries/Login

2018-07-05 21:29:43 - [TEST_STEP][PASSED] - openBrowser: Browser is opened with url: 'https://smtlogin.zycus.net/sso/login?serviceName=http://eproc-qa.zycus.net/'

2018-07-05 21:29:56 - [MESSAGE][PASSED] - Browser is opened with url: 'https://smtlogin.zycus.net/sso/login?serviceName=http://eproc-qa.zycus.net/'

2018-07-05 21:29:56 - [TEST_STEP][PASSED] - maximizeWindow: Current window maximized

2018-07-05 21:29:56 - [MESSAGE][PASSED] - Current window maximized

2018-07-05 21:29:56 - [TEST_STEP][PASSED] - waitForElementVisible: Object 'Object Repository/LoginPage/UserID' is visible

2018-07-05 21:29:56 - [MESSAGE][PASSED] - Object 'Object Repository/LoginPage/UserID' is visible

2018-07-05 21:29:56 - [TEST_STEP][PASSED] - sendKeys: Keys 'monicaqa@zycus.com' sent to object: 'Object Repository/LoginPage/UserID'

2018-07-05 21:29:56 - [MESSAGE][PASSED] - Keys 'monicaqa@zycus.com' sent to object: 'Object Repository/LoginPage/UserID'

2018-07-05 21:29:56 - [TEST_STEP][PASSED] - sendKeys: Keys 'eProc@123' sent to object: 'Object Repository/LoginPage/Password'

2018-07-05 21:29:56 - [MESSAGE][PASSED] - Keys 'eProc@123' sent to object: 'Object Repository/LoginPage/Password'

2018-07-05 21:29:56 - [TEST_STEP][PASSED] - click: Object: 'Object Repository/LoginPage/LoginButton' is clicked on

2018-07-05 21:30:00 - [MESSAGE][PASSED] - Object: 'Object Repository/LoginPage/LoginButton' is clicked on

2018-07-05 21:30:00 - [MESSAGE][PASSED] - Call Test Case 'Test Cases/CommonLibraries/Login' successfully

2018-07-05 21:30:00 - [TEST_STEP][PASSED] - click: Object: 'Object Repository/OnlineStorePage/CartIcon' is clicked on

2018-07-05 21:30:34 - [MESSAGE][PASSED] - Object: 'Object Repository/OnlineStorePage/CartIcon' is clicked on

2018-07-05 21:30:34 - [TEST_STEP][PASSED] - delay: Delayed 3 second(s)

2018-07-05 21:30:37 - [MESSAGE][PASSED] - Delayed 3 second(s)

2018-07-05 21:30:37 - [TEST_STEP][PASSED] - Statement - b = com.kms.katalon.core.webui.keyword.WebUiBuiltInKeywords.getAttribute(com.kms.katalon.core.testobject.ObjectRepository.findTestObject(Cart Page/Empty Cart Button), "ng-reflect-is-disabled"): Attribute 'ng-reflect-is-disabled' of object 'Object Repository/Cart Page/Empty Cart Button' is: 'null'

2018-07-05 21:30:37 - [MESSAGE][PASSED] - Attribute 'ng-reflect-is-disabled' of object 'Object Repository/Cart Page/Empty Cart Button' is: 'null'

2018-07-05 21:30:37 - [TEST_STEP][PASSED] - Statement - If (b == "false"): null

2018-07-05 21:30:37 - [TEST_STEP][FAILED] - Statement - Else: Unable to click on object 'Object Repository/SearchResultPage/SearchItemTab/CatalogItems/Check Box For 3 Row Item List' (Root cause: com.kms.katalon.core.webui.exception.WebElementNotFoundException: Web element with id: 'Object Repository/SearchResultPage/SearchItemTab/CatalogItems/Check Box For 3 Row Item List' located by 'By.xpath: //dew-tab[@id='items-in-catalogs']/eproc-product-list/dew-card/dew-flex/dew-flex-item[3]/eproc-product-card/dew-card/dew-row/dew-col[1]/div' not found)

2018-07-05 21:30:37 - [TEST_STEP][PASSED] - click: Object: 'Object Repository/Home' is clicked on

2018-07-05 21:30:38 - [MESSAGE][PASSED] - Object: 'Object Repository/Home' is clicked on

2018-07-05 21:30:38 - [TEST_STEP][PASSED] - sendKeys: Keys 'Item' sent to object: 'Object Repository/OnlineStorePage/Search Box'

2018-07-05 21:30:38 - [MESSAGE][PASSED] - Keys 'Item' sent to object: 'Object Repository/OnlineStorePage/Search Box'

2018-07-05 21:30:38 - [TEST_STEP][PASSED] - click: Object: 'Object Repository/OnlineStorePage/Search Icon' is clicked on

2018-07-05 21:30:38 - [MESSAGE][PASSED] - Object: 'Object Repository/OnlineStorePage/Search Icon' is clicked on

2018-07-05 21:30:38 - [TEST_STEP][PASSED] - waitForElementVisible: Web element with id: 'Object Repository/SearchResultPage/SearchItemTab/CatalogItems/Check Box For 3 Row Item List' located by 'By.xpath: //dew-tab[@id='items-in-catalogs']/eproc-product-list/dew-card/dew-flex/dew-flex-item[3]/eproc-product-card/dew-card/dew-row/dew-col[1]/div' not found

2018-07-05 21:31:31 - [MESSAGE][WARNING] - Web element with id: 'Object Repository/SearchResultPage/SearchItemTab/CatalogItems/Check Box For 3 Row Item List' located by 'By.xpath: //dew-tab[@id='items-in-catalogs']/eproc-product-list/dew-card/dew-flex/dew-flex-item[3]/eproc-product-card/dew-card/dew-row/dew-col[1]/div' not found

2018-07-05 21:31:31 - [TEST_STEP][FAILED] - click: Unable to click on object 'Object Repository/SearchResultPage/SearchItemTab/CatalogItems/Check Box For 3 Row Item List' (Root cause: com.kms.katalon.core.webui.exception.WebElementNotFoundException: Web element with id: 'Object Repository/SearchResultPage/SearchItemTab/CatalogItems/Check Box For 3 Row Item List' located by 'By.xpath: //dew-tab[@id='items-in-catalogs']/eproc-product-list/dew-card/dew-flex/dew-flex-item[3]/eproc-product-card/dew-card/dew-row/dew-col[1]/div' not found)

2018-07-05 21:33:17 - [MESSAGE][FAILED] - Unable to click on object 'Object Repository/SearchResultPage/SearchItemTab/CatalogItems/Check Box For 3 Row Item List' (Root cause: com.kms.katalon.core.webui.exception.WebElementNotFoundException: Web element with id: 'Object Repository/SearchResultPage/SearchItemTab/CatalogItems/Check Box For 3 Row Item List' located by 'By.xpath: //dew-tab[@id='items-in-catalogs']/eproc-product-list/dew-card/dew-flex/dew-flex-item[3]/eproc-product-card/dew-card/dew-row/dew-col[1]/div' not found)
[[ATTACHMENT|C:\\Users\\vikas.kiroula\\git\\eProc\\Reports\\VikasTestCase\\20180705_205940\\1530806596378.png]]]]></system-out>
         <system-err><![CDATA[2018-07-05 21:29:43 - [TEST_CASE][FAILED] - Test Cases/DDS-272/DDS 3939 login to a different window with same credentials and add the item verify whether in other window count in the cart increases dynamically: Test Cases/DDS-272/DDS 3939 login to a different window with same credentials and add the item verify whether in other window count in the cart increases dynamically FAILED because (of) Unable to click on object 'Object Repository/SearchResultPage/SearchItemTab/CatalogItems/Check Box For 3 Row Item List' (Root cause: com.kms.katalon.core.webui.exception.WebElementNotFoundException: Web element with id: 'Object Repository/SearchResultPage/SearchItemTab/CatalogItems/Check Box For 3 Row Item List' located by 'By.xpath: //dew-tab[@id='items-in-catalogs']/eproc-product-list/dew-card/dew-flex/dew-flex-item[3]/eproc-product-card/dew-card/dew-row/dew-col[1]/div' not found)]]></system-err>
      </testcase>
      <testcase name="Test Cases/DDS-272/DDS 3940 Cart page header should display the count of the items in it" classname="Test Cases/DDS-272/DDS 3940 Cart page header should display the count of the items in it" status="FAILED">
         <failure type="FAILED" message="Verify element text of test object 'Object Repository/Cart Page/Cart Display For Count 1' FAILED. (Root cause: com.kms.katalon.core.webui.exception.WebElementNotFoundException: Web element with id: 'Object Repository/Cart Page/Cart Display For Count 1' located by 'By.xpath: //span[normalize-space(text())='Cart (01)']' not found)"/>
         <system-out><![CDATA[2018-07-05 21:33:17 - [TEST_CASE][FAILED] - Test Cases/DDS-272/DDS 3940 Cart page header should display the count of the items in it: Test Cases/DDS-272/DDS 3940 Cart page header should display the count of the items in it FAILED because (of) Verify element text of test object 'Object Repository/Cart Page/Cart Display For Count 1' FAILED. (Root cause: com.kms.katalon.core.webui.exception.WebElementNotFoundException: Web element with id: 'Object Repository/Cart Page/Cart Display For Count 1' located by 'By.xpath: //span[normalize-space(text())='Cart (01)']' not found)

2018-07-05 21:33:17 - [TEST_STEP][PASSED] - callTestCase: Call Test Case 'Test Cases/CommonLibraries/Login' successfully

2018-07-05 21:33:17 - [TEST_CASE][PASSED] - Test Cases/CommonLibraries/Login: Test Cases/CommonLibraries/Login

2018-07-05 21:33:17 - [TEST_STEP][PASSED] - openBrowser: Browser is opened with url: 'https://smtlogin.zycus.net/sso/login?serviceName=http://eproc-qa.zycus.net/'

2018-07-05 21:33:17 - [MESSAGE][WARNING] - A browser is already opened. Closing browser and opening a new one

2018-07-05 21:33:27 - [MESSAGE][PASSED] - Browser is opened with url: 'https://smtlogin.zycus.net/sso/login?serviceName=http://eproc-qa.zycus.net/'

2018-07-05 21:33:27 - [TEST_STEP][PASSED] - maximizeWindow: Current window maximized

2018-07-05 21:33:27 - [MESSAGE][PASSED] - Current window maximized

2018-07-05 21:33:27 - [TEST_STEP][PASSED] - waitForElementVisible: Object 'Object Repository/LoginPage/UserID' is visible

2018-07-05 21:33:27 - [MESSAGE][PASSED] - Object 'Object Repository/LoginPage/UserID' is visible

2018-07-05 21:33:27 - [TEST_STEP][PASSED] - sendKeys: Keys 'monicaqa@zycus.com' sent to object: 'Object Repository/LoginPage/UserID'

2018-07-05 21:33:27 - [MESSAGE][PASSED] - Keys 'monicaqa@zycus.com' sent to object: 'Object Repository/LoginPage/UserID'

2018-07-05 21:33:27 - [TEST_STEP][PASSED] - sendKeys: Keys 'eProc@123' sent to object: 'Object Repository/LoginPage/Password'

2018-07-05 21:33:27 - [MESSAGE][PASSED] - Keys 'eProc@123' sent to object: 'Object Repository/LoginPage/Password'

2018-07-05 21:33:27 - [TEST_STEP][PASSED] - click: Object: 'Object Repository/LoginPage/LoginButton' is clicked on

2018-07-05 21:33:33 - [MESSAGE][PASSED] - Object: 'Object Repository/LoginPage/LoginButton' is clicked on

2018-07-05 21:33:33 - [MESSAGE][PASSED] - Call Test Case 'Test Cases/CommonLibraries/Login' successfully

2018-07-05 21:33:33 - [TEST_STEP][PASSED] - click: Object: 'Object Repository/OnlineStorePage/CartIcon' is clicked on

2018-07-05 21:34:13 - [MESSAGE][PASSED] - Object: 'Object Repository/OnlineStorePage/CartIcon' is clicked on

2018-07-05 21:34:13 - [TEST_STEP][PASSED] - delay: Delayed 3 second(s)

2018-07-05 21:34:16 - [MESSAGE][PASSED] - Delayed 3 second(s)

2018-07-05 21:34:16 - [TEST_STEP][PASSED] - Statement - b = com.kms.katalon.core.webui.keyword.WebUiBuiltInKeywords.getAttribute(com.kms.katalon.core.testobject.ObjectRepository.findTestObject(Cart Page/Empty Cart Button), "ng-reflect-is-disabled"): Attribute 'ng-reflect-is-disabled' of object 'Object Repository/Cart Page/Empty Cart Button' is: 'null'

2018-07-05 21:34:16 - [MESSAGE][PASSED] - Attribute 'ng-reflect-is-disabled' of object 'Object Repository/Cart Page/Empty Cart Button' is: 'null'

2018-07-05 21:34:16 - [TEST_STEP][PASSED] - Statement - If (b == "false"): null

2018-07-05 21:34:16 - [TEST_STEP][FAILED] - Statement - Else: Verify element text of test object 'Object Repository/Cart Page/Cart Display For Count 1' FAILED. (Root cause: com.kms.katalon.core.webui.exception.WebElementNotFoundException: Web element with id: 'Object Repository/Cart Page/Cart Display For Count 1' located by 'By.xpath: //span[normalize-space(text())='Cart (01)']' not found)

2018-07-05 21:34:16 - [TEST_STEP][PASSED] - click: Object: 'Object Repository/Home' is clicked on

2018-07-05 21:34:16 - [MESSAGE][PASSED] - Object: 'Object Repository/Home' is clicked on

2018-07-05 21:34:16 - [TEST_STEP][PASSED] - sendKeys: Keys 'Item' sent to object: 'Object Repository/OnlineStorePage/Search Box'

2018-07-05 21:34:18 - [MESSAGE][PASSED] - Keys 'Item' sent to object: 'Object Repository/OnlineStorePage/Search Box'

2018-07-05 21:34:18 - [TEST_STEP][PASSED] - click: Object: 'Object Repository/OnlineStorePage/Search Icon' is clicked on

2018-07-05 21:34:18 - [MESSAGE][PASSED] - Object: 'Object Repository/OnlineStorePage/Search Icon' is clicked on

2018-07-05 21:34:18 - [TEST_STEP][PASSED] - waitForElementVisible: Object 'Object Repository/SearchResultPage/SearchItemTab/CatalogItems/Check Box For 3 Row Item List' is visible

2018-07-05 21:34:26 - [MESSAGE][PASSED] - Object 'Object Repository/SearchResultPage/SearchItemTab/CatalogItems/Check Box For 3 Row Item List' is visible

2018-07-05 21:34:26 - [TEST_STEP][PASSED] - click: Object: 'Object Repository/SearchResultPage/SearchItemTab/CatalogItems/Check Box For 3 Row Item List' is clicked on

2018-07-05 21:34:26 - [MESSAGE][PASSED] - Object: 'Object Repository/SearchResultPage/SearchItemTab/CatalogItems/Check Box For 3 Row Item List' is clicked on

2018-07-05 21:34:26 - [TEST_STEP][PASSED] - click: Object: 'Object Repository/SearchResultPage/SearchItemTab/CatalogItems/AddToCart_MultipleItem' is clicked on

2018-07-05 21:34:26 - [MESSAGE][PASSED] - Object: 'Object Repository/SearchResultPage/SearchItemTab/CatalogItems/AddToCart_MultipleItem' is clicked on

2018-07-05 21:34:26 - [TEST_STEP][PASSED] - click: Object: 'Object Repository/OnlineStorePage/CartIcon' is clicked on

2018-07-05 21:34:26 - [MESSAGE][PASSED] - Object: 'Object Repository/OnlineStorePage/CartIcon' is clicked on

2018-07-05 21:34:26 - [TEST_STEP][PASSED] - waitForElementPresent: Object 'Object Repository/Cart Page/Cart Display For Count 1' is not present after 5 second(s)

2018-07-05 21:34:31 - [MESSAGE][WARNING] - Object 'Object Repository/Cart Page/Cart Display For Count 1' is not present after 5 second(s)

2018-07-05 21:34:31 - [TEST_STEP][FAILED] - verifyElementText: Verify element text of test object 'Object Repository/Cart Page/Cart Display For Count 1' FAILED. (Root cause: com.kms.katalon.core.webui.exception.WebElementNotFoundException: Web element with id: 'Object Repository/Cart Page/Cart Display For Count 1' located by 'By.xpath: //span[normalize-space(text())='Cart (01)']' not found)

2018-07-05 21:36:17 - [MESSAGE][FAILED] - com.kms.katalon.core.webui.exception.WebElementNotFoundException: Web element with id: 'Object Repository/Cart Page/Cart Display For Count 1' located by 'By.xpath: //span[normalize-space(text())='Cart (01)']' not found
[[ATTACHMENT|C:\\Users\\vikas.kiroula\\git\\eProc\\Reports\\VikasTestCase\\20180705_205940\\1530806776355.png]]

2018-07-05 21:36:17 - [MESSAGE][FAILED] - Verify element text of test object 'Object Repository/Cart Page/Cart Display For Count 1' FAILED. (Root cause: com.kms.katalon.core.webui.exception.WebElementNotFoundException: Web element with id: 'Object Repository/Cart Page/Cart Display For Count 1' located by 'By.xpath: //span[normalize-space(text())='Cart (01)']' not found)
[[ATTACHMENT|C:\\Users\\vikas.kiroula\\git\\eProc\\Reports\\VikasTestCase\\20180705_205940\\1530806777103.png]]]]></system-out>
         <system-err><![CDATA[2018-07-05 21:33:17 - [TEST_CASE][FAILED] - Test Cases/DDS-272/DDS 3940 Cart page header should display the count of the items in it: Test Cases/DDS-272/DDS 3940 Cart page header should display the count of the items in it FAILED because (of) Verify element text of test object 'Object Repository/Cart Page/Cart Display For Count 1' FAILED. (Root cause: com.kms.katalon.core.webui.exception.WebElementNotFoundException: Web element with id: 'Object Repository/Cart Page/Cart Display For Count 1' located by 'By.xpath: //span[normalize-space(text())='Cart (01)']' not found)]]></system-err>
      </testcase>
      <testcase name="Test Cases/DDS-272/DDS 3943 Following column should be present in the cart page" classname="Test Cases/DDS-272/DDS 3943 Following column should be present in the cart page" status="PASSED">
         <system-out><![CDATA[2018-07-05 21:36:17 - [TEST_CASE][PASSED] - Test Cases/DDS-272/DDS 3943 Following column should be present in the cart page: Test Cases/DDS-272/DDS 3943 Following column should be present in the cart page

2018-07-05 21:36:17 - [TEST_STEP][PASSED] - callTestCase: Call Test Case 'Test Cases/CommonLibraries/Search By Item' successfully

2018-07-05 21:36:17 - [TEST_CASE][PASSED] - Test Cases/CommonLibraries/Search By Item: Test Cases/CommonLibraries/Search By Item

2018-07-05 21:36:17 - [TEST_STEP][PASSED] - callTestCase: Call Test Case 'Test Cases/CommonLibraries/Login' successfully

2018-07-05 21:36:17 - [TEST_CASE][PASSED] - Test Cases/CommonLibraries/Login: Test Cases/CommonLibraries/Login

2018-07-05 21:36:17 - [TEST_STEP][PASSED] - openBrowser: Browser is opened with url: 'https://smtlogin.zycus.net/sso/login?serviceName=http://eproc-qa.zycus.net/'

2018-07-05 21:36:17 - [MESSAGE][WARNING] - A browser is already opened. Closing browser and opening a new one

2018-07-05 21:36:27 - [MESSAGE][PASSED] - Browser is opened with url: 'https://smtlogin.zycus.net/sso/login?serviceName=http://eproc-qa.zycus.net/'

2018-07-05 21:36:27 - [TEST_STEP][PASSED] - maximizeWindow: Current window maximized

2018-07-05 21:36:27 - [MESSAGE][PASSED] - Current window maximized

2018-07-05 21:36:27 - [TEST_STEP][PASSED] - waitForElementVisible: Object 'Object Repository/LoginPage/UserID' is visible

2018-07-05 21:36:27 - [MESSAGE][PASSED] - Object 'Object Repository/LoginPage/UserID' is visible

2018-07-05 21:36:27 - [TEST_STEP][PASSED] - sendKeys: Keys 'monicaqa@zycus.com' sent to object: 'Object Repository/LoginPage/UserID'

2018-07-05 21:36:28 - [MESSAGE][PASSED] - Keys 'monicaqa@zycus.com' sent to object: 'Object Repository/LoginPage/UserID'

2018-07-05 21:36:28 - [TEST_STEP][PASSED] - sendKeys: Keys 'eProc@123' sent to object: 'Object Repository/LoginPage/Password'

2018-07-05 21:36:28 - [MESSAGE][PASSED] - Keys 'eProc@123' sent to object: 'Object Repository/LoginPage/Password'

2018-07-05 21:36:28 - [TEST_STEP][PASSED] - click: Object: 'Object Repository/LoginPage/LoginButton' is clicked on

2018-07-05 21:37:18 - [MESSAGE][PASSED] - Object: 'Object Repository/LoginPage/LoginButton' is clicked on

2018-07-05 21:37:18 - [MESSAGE][PASSED] - Call Test Case 'Test Cases/CommonLibraries/Login' successfully

2018-07-05 21:37:18 - [TEST_STEP][PASSED] - waitForElementPresent: Object 'Object Repository/OnlineStorePage/Search Box' is present

2018-07-05 21:38:34 - [MESSAGE][PASSED] - Object 'Object Repository/OnlineStorePage/Search Box' is present

2018-07-05 21:38:34 - [TEST_STEP][PASSED] - waitForPageLoad: Wait for page load successfully

2018-07-05 21:38:34 - [MESSAGE][PASSED] - Wait for page load successfully

2018-07-05 21:38:34 - [TEST_STEP][PASSED] - sendKeys: Keys 'Item' sent to object: 'Object Repository/OnlineStorePage/Search Box'

2018-07-05 21:38:34 - [MESSAGE][PASSED] - Keys 'Item' sent to object: 'Object Repository/OnlineStorePage/Search Box'

2018-07-05 21:38:34 - [TEST_STEP][PASSED] - click: Object: 'Object Repository/OnlineStorePage/Search Icon' is clicked on

2018-07-05 21:38:35 - [MESSAGE][PASSED] - Object: 'Object Repository/OnlineStorePage/Search Icon' is clicked on

2018-07-05 21:38:35 - [MESSAGE][PASSED] - Call Test Case 'Test Cases/CommonLibraries/Search By Item' successfully

2018-07-05 21:38:35 - [TEST_STEP][PASSED] - waitForElementPresent: Object 'Object Repository/SearchResultPage/SearchItemTab/CatalogItems/Check Box For 3 Row Item List' is present

2018-07-05 21:38:35 - [MESSAGE][WARNING] - Timeout '0' is invalid. Using default page load timeout: '100'

2018-07-05 21:38:42 - [MESSAGE][PASSED] - Object 'Object Repository/SearchResultPage/SearchItemTab/CatalogItems/Check Box For 3 Row Item List' is present

2018-07-05 21:38:42 - [TEST_STEP][PASSED] - click: Object: 'Object Repository/SearchResultPage/SearchItemTab/CatalogItems/Check Box For 3 Row Item List' is clicked on

2018-07-05 21:38:42 - [MESSAGE][PASSED] - Object: 'Object Repository/SearchResultPage/SearchItemTab/CatalogItems/Check Box For 3 Row Item List' is clicked on

2018-07-05 21:38:42 - [TEST_STEP][PASSED] - click: Object: 'Object Repository/SearchResultPage/SearchItemTab/CatalogItems/AddToCart_MultipleItem' is clicked on

2018-07-05 21:38:42 - [MESSAGE][PASSED] - Object: 'Object Repository/SearchResultPage/SearchItemTab/CatalogItems/AddToCart_MultipleItem' is clicked on

2018-07-05 21:38:42 - [TEST_STEP][PASSED] - click: Object: 'Object Repository/OnlineStorePage/CartIcon' is clicked on

2018-07-05 21:38:42 - [MESSAGE][PASSED] - Object: 'Object Repository/OnlineStorePage/CartIcon' is clicked on

2018-07-05 21:38:42 - [TEST_STEP][PASSED] - waitForPageLoad: Wait for page load successfully

2018-07-05 21:38:43 - [MESSAGE][PASSED] - Wait for page load successfully

2018-07-05 21:38:43 - [TEST_STEP][PASSED] - verifyElementText: Actual text and expected text of test object 'Object Repository/Cart Page/Line Item Details/Item number' are matched.

2018-07-05 21:38:43 - [MESSAGE][PASSED] - Actual text and expected text of test object 'Object Repository/Cart Page/Line Item Details/Item number' are matched.

2018-07-05 21:38:43 - [TEST_STEP][PASSED] - verifyElementText: Actual text and expected text of test object 'Object Repository/Cart Page/Line Item Details/Item or Service Name' are matched.

2018-07-05 21:38:43 - [MESSAGE][PASSED] - Actual text and expected text of test object 'Object Repository/Cart Page/Line Item Details/Item or Service Name' are matched.

2018-07-05 21:38:43 - [TEST_STEP][PASSED] - verifyElementText: Actual text and expected text of test object 'Object Repository/Cart Page/Line Item Details/Quantity or Amt' are matched.

2018-07-05 21:38:43 - [MESSAGE][PASSED] - Actual text and expected text of test object 'Object Repository/Cart Page/Line Item Details/Quantity or Amt' are matched.

2018-07-05 21:38:43 - [TEST_STEP][PASSED] - verifyElementText: Actual text and expected text of test object 'Object Repository/Cart Page/Line Item Details/Supplier' are matched.

2018-07-05 21:38:43 - [MESSAGE][PASSED] - Actual text and expected text of test object 'Object Repository/Cart Page/Line Item Details/Supplier' are matched.

2018-07-05 21:38:43 - [TEST_STEP][PASSED] - verifyElementText: Actual text and expected text of test object 'Object Repository/Cart Page/Line Item Details/Taxes' are matched.

2018-07-05 21:38:43 - [MESSAGE][PASSED] - Actual text and expected text of test object 'Object Repository/Cart Page/Line Item Details/Taxes' are matched.

2018-07-05 21:38:43 - [TEST_STEP][PASSED] - verifyElementText: Actual text and expected text of test object 'Object Repository/Cart Page/Line Item Details/Total Price' are matched.

2018-07-05 21:38:43 - [MESSAGE][PASSED] - Actual text and expected text of test object 'Object Repository/Cart Page/Line Item Details/Total Price' are matched.

2018-07-05 21:38:43 - [TEST_STEP][PASSED] - verifyElementText: Actual text and expected text of test object 'Object Repository/Cart Page/Line Item Details/Unit Price' are matched.

2018-07-05 21:38:43 - [MESSAGE][PASSED] - Actual text and expected text of test object 'Object Repository/Cart Page/Line Item Details/Unit Price' are matched.

2018-07-05 21:38:43 - [TEST_STEP][PASSED] - closeBrowser: Browser is closed

2018-07-05 21:38:43 - [MESSAGE][PASSED] - Browser is closed]]></system-out>
         <system-err><![CDATA[]]></system-err>
      </testcase>
      <testcase name="Test Cases/DDS-272/DDS- 3959 QTY or Amt field should not accept special characters" classname="Test Cases/DDS-272/DDS- 3959 QTY or Amt field should not accept special characters" status="PASSED">
         <system-out><![CDATA[2018-07-05 21:38:43 - [TEST_CASE][PASSED] - Test Cases/DDS-272/DDS- 3959 QTY or Amt field should not accept special characters: Test Cases/DDS-272/DDS- 3959 QTY or Amt field should not accept special characters

2018-07-05 21:38:43 - [TEST_STEP][PASSED] - callTestCase: Call Test Case 'Test Cases/CommonLibraries/Search By Item' successfully

2018-07-05 21:38:43 - [TEST_CASE][PASSED] - Test Cases/CommonLibraries/Search By Item: Test Cases/CommonLibraries/Search By Item

2018-07-05 21:38:43 - [TEST_STEP][PASSED] - callTestCase: Call Test Case 'Test Cases/CommonLibraries/Login' successfully

2018-07-05 21:38:43 - [TEST_CASE][PASSED] - Test Cases/CommonLibraries/Login: Test Cases/CommonLibraries/Login

2018-07-05 21:38:43 - [TEST_STEP][PASSED] - openBrowser: Browser is opened with url: 'https://smtlogin.zycus.net/sso/login?serviceName=http://eproc-qa.zycus.net/'

2018-07-05 21:38:53 - [MESSAGE][PASSED] - Browser is opened with url: 'https://smtlogin.zycus.net/sso/login?serviceName=http://eproc-qa.zycus.net/'

2018-07-05 21:38:53 - [TEST_STEP][PASSED] - maximizeWindow: Current window maximized

2018-07-05 21:38:53 - [MESSAGE][PASSED] - Current window maximized

2018-07-05 21:38:53 - [TEST_STEP][PASSED] - waitForElementVisible: Object 'Object Repository/LoginPage/UserID' is visible

2018-07-05 21:38:53 - [MESSAGE][PASSED] - Object 'Object Repository/LoginPage/UserID' is visible

2018-07-05 21:38:53 - [TEST_STEP][PASSED] - sendKeys: Keys 'monicaqa@zycus.com' sent to object: 'Object Repository/LoginPage/UserID'

2018-07-05 21:38:53 - [MESSAGE][PASSED] - Keys 'monicaqa@zycus.com' sent to object: 'Object Repository/LoginPage/UserID'

2018-07-05 21:38:53 - [TEST_STEP][PASSED] - sendKeys: Keys 'eProc@123' sent to object: 'Object Repository/LoginPage/Password'

2018-07-05 21:38:53 - [MESSAGE][PASSED] - Keys 'eProc@123' sent to object: 'Object Repository/LoginPage/Password'

2018-07-05 21:38:53 - [TEST_STEP][PASSED] - click: Object: 'Object Repository/LoginPage/LoginButton' is clicked on

2018-07-05 21:39:00 - [MESSAGE][PASSED] - Object: 'Object Repository/LoginPage/LoginButton' is clicked on

2018-07-05 21:39:00 - [MESSAGE][PASSED] - Call Test Case 'Test Cases/CommonLibraries/Login' successfully

2018-07-05 21:39:00 - [TEST_STEP][PASSED] - waitForElementPresent: Object 'Object Repository/OnlineStorePage/Search Box' is present

2018-07-05 21:39:33 - [MESSAGE][PASSED] - Object 'Object Repository/OnlineStorePage/Search Box' is present

2018-07-05 21:39:33 - [TEST_STEP][PASSED] - waitForPageLoad: Wait for page load successfully

2018-07-05 21:39:33 - [MESSAGE][PASSED] - Wait for page load successfully

2018-07-05 21:39:33 - [TEST_STEP][PASSED] - sendKeys: Keys 'Item' sent to object: 'Object Repository/OnlineStorePage/Search Box'

2018-07-05 21:39:34 - [MESSAGE][PASSED] - Keys 'Item' sent to object: 'Object Repository/OnlineStorePage/Search Box'

2018-07-05 21:39:34 - [TEST_STEP][PASSED] - click: Object: 'Object Repository/OnlineStorePage/Search Icon' is clicked on

2018-07-05 21:39:34 - [MESSAGE][PASSED] - Object: 'Object Repository/OnlineStorePage/Search Icon' is clicked on

2018-07-05 21:39:34 - [MESSAGE][PASSED] - Call Test Case 'Test Cases/CommonLibraries/Search By Item' successfully

2018-07-05 21:39:34 - [TEST_STEP][PASSED] - waitForElementPresent: Object 'Object Repository/SearchResultPage/SearchItemTab/CatalogItems/Check Box For 3 Row Item List' is present

2018-07-05 21:39:41 - [MESSAGE][PASSED] - Object 'Object Repository/SearchResultPage/SearchItemTab/CatalogItems/Check Box For 3 Row Item List' is present

2018-07-05 21:39:41 - [TEST_STEP][PASSED] - click: Object: 'Object Repository/SearchResultPage/SearchItemTab/CatalogItems/Check Box For 3 Row Item List' is clicked on

2018-07-05 21:39:42 - [MESSAGE][PASSED] - Object: 'Object Repository/SearchResultPage/SearchItemTab/CatalogItems/Check Box For 3 Row Item List' is clicked on

2018-07-05 21:39:42 - [TEST_STEP][PASSED] - click: Object: 'Object Repository/SearchResultPage/SearchItemTab/CatalogItems/AddToCart_MultipleItem' is clicked on

2018-07-05 21:39:42 - [MESSAGE][PASSED] - Object: 'Object Repository/SearchResultPage/SearchItemTab/CatalogItems/AddToCart_MultipleItem' is clicked on

2018-07-05 21:39:42 - [TEST_STEP][PASSED] - click: Object: 'Object Repository/OnlineStorePage/CartIcon' is clicked on

2018-07-05 21:39:42 - [MESSAGE][PASSED] - Object: 'Object Repository/OnlineStorePage/CartIcon' is clicked on

2018-07-05 21:39:42 - [TEST_STEP][PASSED] - sendKeys: Keys 'INSERT + BACK_SPACE + @#' sent to object: 'Object Repository/Cart Page/Qty or Amt Edit Box for line item1'

2018-07-05 21:39:42 - [MESSAGE][PASSED] - Keys 'INSERT + BACK_SPACE + @#' sent to object: 'Object Repository/Cart Page/Qty or Amt Edit Box for line item1'

2018-07-05 21:39:42 - [TEST_STEP][PASSED] - click: Object: 'Object Repository/Cart Page/Line Item Details/Quantity or Amt' is clicked on

2018-07-05 21:39:42 - [MESSAGE][PASSED] - Object: 'Object Repository/Cart Page/Line Item Details/Quantity or Amt' is clicked on

2018-07-05 21:39:42 - [TEST_STEP][PASSED] - waitForElementPresent: Object 'Object Repository/Popups/Alert Pop Up/Alert message' is present

2018-07-05 21:39:42 - [MESSAGE][PASSED] - Object 'Object Repository/Popups/Alert Pop Up/Alert message' is present

2018-07-05 21:39:42 - [TEST_STEP][PASSED] - verifyElementText: Actual text and expected text of test object 'Object Repository/Popups/Alert Pop Up/Alert message' are matched.

2018-07-05 21:39:42 - [MESSAGE][PASSED] - Actual text and expected text of test object 'Object Repository/Popups/Alert Pop Up/Alert message' are matched.

2018-07-05 21:39:42 - [TEST_STEP][PASSED] - closeBrowser: Browser is closed

2018-07-05 21:39:42 - [MESSAGE][PASSED] - Browser is closed]]></system-out>
         <system-err><![CDATA[]]></system-err>
      </testcase>
      <testcase name="Test Cases/DDS-272/DDS- 3967 When 0 is entered in QTYor Amt field and navigated away field should be blanked and Popup should be displayed" classname="Test Cases/DDS-272/DDS- 3967 When 0 is entered in QTYor Amt field and navigated away field should be blanked and Popup should be displayed" status="FAILED">
         <failure type="FAILED" message="Unable to send keys '0' to object 'Object Repository/Cart Page/Qty or Amt Edit Box for line item1' (Root cause: org.openqa.selenium.StaleElementReferenceException: Element is no longer attached to the DOM
Command duration or timeout: 0 milliseconds)"/>
         <system-out><![CDATA[2018-07-05 21:39:42 - [TEST_CASE][FAILED] - Test Cases/DDS-272/DDS- 3967 When 0 is entered in QTYor Amt field and navigated away field should be blanked and Popup should be displayed: Test Cases/DDS-272/DDS- 3967 When 0 is entered in QTYor Amt field and navigated away field should be blanked and Popup should be displayed FAILED because (of) Unable to send keys '0' to object 'Object Repository/Cart Page/Qty or Amt Edit Box for line item1' (Root cause: org.openqa.selenium.StaleElementReferenceException: Element is no longer attached to the DOM
Command duration or timeout: 0 milliseconds)

2018-07-05 21:39:43 - [TEST_STEP][PASSED] - callTestCase: Call Test Case 'Test Cases/CommonLibraries/Search By Item' successfully

2018-07-05 21:39:43 - [TEST_CASE][PASSED] - Test Cases/CommonLibraries/Search By Item: Test Cases/CommonLibraries/Search By Item

2018-07-05 21:39:43 - [TEST_STEP][PASSED] - callTestCase: Call Test Case 'Test Cases/CommonLibraries/Login' successfully

2018-07-05 21:39:43 - [TEST_CASE][PASSED] - Test Cases/CommonLibraries/Login: Test Cases/CommonLibraries/Login

2018-07-05 21:39:43 - [TEST_STEP][PASSED] - openBrowser: Browser is opened with url: 'https://smtlogin.zycus.net/sso/login?serviceName=http://eproc-qa.zycus.net/'

2018-07-05 21:39:56 - [MESSAGE][PASSED] - Browser is opened with url: 'https://smtlogin.zycus.net/sso/login?serviceName=http://eproc-qa.zycus.net/'

2018-07-05 21:39:56 - [TEST_STEP][PASSED] - maximizeWindow: Current window maximized

2018-07-05 21:39:56 - [MESSAGE][PASSED] - Current window maximized

2018-07-05 21:39:56 - [TEST_STEP][PASSED] - waitForElementVisible: Object 'Object Repository/LoginPage/UserID' is visible

2018-07-05 21:39:56 - [MESSAGE][PASSED] - Object 'Object Repository/LoginPage/UserID' is visible

2018-07-05 21:39:56 - [TEST_STEP][PASSED] - sendKeys: Keys 'monicaqa@zycus.com' sent to object: 'Object Repository/LoginPage/UserID'

2018-07-05 21:39:56 - [MESSAGE][PASSED] - Keys 'monicaqa@zycus.com' sent to object: 'Object Repository/LoginPage/UserID'

2018-07-05 21:39:56 - [TEST_STEP][PASSED] - sendKeys: Keys 'eProc@123' sent to object: 'Object Repository/LoginPage/Password'

2018-07-05 21:39:56 - [MESSAGE][PASSED] - Keys 'eProc@123' sent to object: 'Object Repository/LoginPage/Password'

2018-07-05 21:39:56 - [TEST_STEP][PASSED] - click: Object: 'Object Repository/LoginPage/LoginButton' is clicked on

2018-07-05 21:40:01 - [MESSAGE][PASSED] - Object: 'Object Repository/LoginPage/LoginButton' is clicked on

2018-07-05 21:40:01 - [MESSAGE][PASSED] - Call Test Case 'Test Cases/CommonLibraries/Login' successfully

2018-07-05 21:40:01 - [TEST_STEP][PASSED] - waitForElementPresent: Object 'Object Repository/OnlineStorePage/Search Box' is present

2018-07-05 21:40:39 - [MESSAGE][PASSED] - Object 'Object Repository/OnlineStorePage/Search Box' is present

2018-07-05 21:40:39 - [TEST_STEP][PASSED] - waitForPageLoad: Wait for page load successfully

2018-07-05 21:40:39 - [MESSAGE][PASSED] - Wait for page load successfully

2018-07-05 21:40:39 - [TEST_STEP][PASSED] - sendKeys: Keys 'Item' sent to object: 'Object Repository/OnlineStorePage/Search Box'

2018-07-05 21:40:39 - [MESSAGE][PASSED] - Keys 'Item' sent to object: 'Object Repository/OnlineStorePage/Search Box'

2018-07-05 21:40:39 - [TEST_STEP][PASSED] - click: Object: 'Object Repository/OnlineStorePage/Search Icon' is clicked on

2018-07-05 21:40:39 - [MESSAGE][PASSED] - Object: 'Object Repository/OnlineStorePage/Search Icon' is clicked on

2018-07-05 21:40:39 - [MESSAGE][PASSED] - Call Test Case 'Test Cases/CommonLibraries/Search By Item' successfully

2018-07-05 21:40:39 - [TEST_STEP][PASSED] - waitForElementPresent: Object 'Object Repository/SearchResultPage/SearchItemTab/CatalogItems/Check Box For 3 Row Item List' is present

2018-07-05 21:40:39 - [MESSAGE][WARNING] - Timeout '0' is invalid. Using default page load timeout: '100'

2018-07-05 21:40:47 - [MESSAGE][PASSED] - Object 'Object Repository/SearchResultPage/SearchItemTab/CatalogItems/Check Box For 3 Row Item List' is present

2018-07-05 21:40:47 - [TEST_STEP][PASSED] - click: Object: 'Object Repository/SearchResultPage/SearchItemTab/CatalogItems/Check Box For 3 Row Item List' is clicked on

2018-07-05 21:40:48 - [MESSAGE][PASSED] - Object: 'Object Repository/SearchResultPage/SearchItemTab/CatalogItems/Check Box For 3 Row Item List' is clicked on

2018-07-05 21:40:48 - [TEST_STEP][PASSED] - click: Object: 'Object Repository/SearchResultPage/SearchItemTab/CatalogItems/AddToCart_MultipleItem' is clicked on

2018-07-05 21:40:48 - [MESSAGE][PASSED] - Object: 'Object Repository/SearchResultPage/SearchItemTab/CatalogItems/AddToCart_MultipleItem' is clicked on

2018-07-05 21:40:48 - [TEST_STEP][PASSED] - click: Object: 'Object Repository/OnlineStorePage/CartIcon' is clicked on

2018-07-05 21:40:48 - [MESSAGE][PASSED] - Object: 'Object Repository/OnlineStorePage/CartIcon' is clicked on

2018-07-05 21:40:48 - [TEST_STEP][FAILED] - sendKeys: Unable to send keys '0' to object 'Object Repository/Cart Page/Qty or Amt Edit Box for line item1' (Root cause: org.openqa.selenium.StaleElementReferenceException: Element is no longer attached to the DOM
Command duration or timeout: 0 milliseconds)

2018-07-05 21:40:49 - [MESSAGE][FAILED] - Unable to send keys '0' to object 'Object Repository/Cart Page/Qty or Amt Edit Box for line item1' (Root cause: org.openqa.selenium.StaleElementReferenceException: Element is no longer attached to the DOM
Command duration or timeout: 0 milliseconds)
[[ATTACHMENT|C:\\Users\\vikas.kiroula\\git\\eProc\\Reports\\VikasTestCase\\20180705_205940\\1530807048895.png]]]]></system-out>
         <system-err><![CDATA[2018-07-05 21:39:42 - [TEST_CASE][FAILED] - Test Cases/DDS-272/DDS- 3967 When 0 is entered in QTYor Amt field and navigated away field should be blanked and Popup should be displayed: Test Cases/DDS-272/DDS- 3967 When 0 is entered in QTYor Amt field and navigated away field should be blanked and Popup should be displayed FAILED because (of) Unable to send keys '0' to object 'Object Repository/Cart Page/Qty or Amt Edit Box for line item1' (Root cause: org.openqa.selenium.StaleElementReferenceException: Element is no longer attached to the DOM
Command duration or timeout: 0 milliseconds)]]></system-err>
      </testcase>
      <testcase name="Test Cases/DDS-272/DDS-3933 Cart icon should be clickable" classname="Test Cases/DDS-272/DDS-3933 Cart icon should be clickable" status="PASSED">
         <system-out><![CDATA[2018-07-05 21:40:49 - [TEST_CASE][PASSED] - Test Cases/DDS-272/DDS-3933 Cart icon should be clickable: Test Cases/DDS-272/DDS-3933 Cart icon should be clickable

2018-07-05 21:40:49 - [TEST_STEP][PASSED] - callTestCase: Call Test Case 'Test Cases/CommonLibraries/Login' successfully

2018-07-05 21:40:49 - [TEST_CASE][PASSED] - Test Cases/CommonLibraries/Login: Test Cases/CommonLibraries/Login

2018-07-05 21:40:49 - [TEST_STEP][PASSED] - openBrowser: Browser is opened with url: 'https://smtlogin.zycus.net/sso/login?serviceName=http://eproc-qa.zycus.net/'

2018-07-05 21:40:49 - [MESSAGE][WARNING] - A browser is already opened. Closing browser and opening a new one

2018-07-05 21:41:00 - [MESSAGE][PASSED] - Browser is opened with url: 'https://smtlogin.zycus.net/sso/login?serviceName=http://eproc-qa.zycus.net/'

2018-07-05 21:41:00 - [TEST_STEP][PASSED] - maximizeWindow: Current window maximized

2018-07-05 21:41:00 - [MESSAGE][PASSED] - Current window maximized

2018-07-05 21:41:00 - [TEST_STEP][PASSED] - waitForElementVisible: Object 'Object Repository/LoginPage/UserID' is visible

2018-07-05 21:41:00 - [MESSAGE][PASSED] - Object 'Object Repository/LoginPage/UserID' is visible

2018-07-05 21:41:00 - [TEST_STEP][PASSED] - sendKeys: Keys 'monicaqa@zycus.com' sent to object: 'Object Repository/LoginPage/UserID'

2018-07-05 21:41:00 - [MESSAGE][PASSED] - Keys 'monicaqa@zycus.com' sent to object: 'Object Repository/LoginPage/UserID'

2018-07-05 21:41:00 - [TEST_STEP][PASSED] - sendKeys: Keys 'eProc@123' sent to object: 'Object Repository/LoginPage/Password'

2018-07-05 21:41:00 - [MESSAGE][PASSED] - Keys 'eProc@123' sent to object: 'Object Repository/LoginPage/Password'

2018-07-05 21:41:00 - [TEST_STEP][PASSED] - click: Object: 'Object Repository/LoginPage/LoginButton' is clicked on

2018-07-05 21:41:06 - [MESSAGE][PASSED] - Object: 'Object Repository/LoginPage/LoginButton' is clicked on

2018-07-05 21:41:06 - [MESSAGE][PASSED] - Call Test Case 'Test Cases/CommonLibraries/Login' successfully

2018-07-05 21:41:06 - [TEST_STEP][PASSED] - verifyElementClickable: Object 'Object Repository/OnlineStorePage/CartIcon' is clickable

2018-07-05 21:41:41 - [MESSAGE][PASSED] - Object 'Object Repository/OnlineStorePage/CartIcon' is clickable]]></system-out>
         <system-err><![CDATA[]]></system-err>
      </testcase>
      <testcase name="Test Cases/DDS-272/DDS-3935 On clicking on cart icon cart page should be displayed" classname="Test Cases/DDS-272/DDS-3935 On clicking on cart icon cart page should be displayed" status="PASSED">
         <system-out><![CDATA[2018-07-05 21:41:41 - [TEST_CASE][PASSED] - Test Cases/DDS-272/DDS-3935 On clicking on cart icon cart page should be displayed: Test Cases/DDS-272/DDS-3935 On clicking on cart icon cart page should be displayed

2018-07-05 21:41:41 - [TEST_STEP][PASSED] - callTestCase: Call Test Case 'Test Cases/CommonLibraries/Search By Item' successfully

2018-07-05 21:41:41 - [TEST_CASE][PASSED] - Test Cases/CommonLibraries/Search By Item: Test Cases/CommonLibraries/Search By Item

2018-07-05 21:41:41 - [TEST_STEP][PASSED] - callTestCase: Call Test Case 'Test Cases/CommonLibraries/Login' successfully

2018-07-05 21:41:41 - [TEST_CASE][PASSED] - Test Cases/CommonLibraries/Login: Test Cases/CommonLibraries/Login

2018-07-05 21:41:41 - [TEST_STEP][PASSED] - openBrowser: Browser is opened with url: 'https://smtlogin.zycus.net/sso/login?serviceName=http://eproc-qa.zycus.net/'

2018-07-05 21:41:41 - [MESSAGE][WARNING] - A browser is already opened. Closing browser and opening a new one

2018-07-05 21:41:53 - [MESSAGE][PASSED] - Browser is opened with url: 'https://smtlogin.zycus.net/sso/login?serviceName=http://eproc-qa.zycus.net/'

2018-07-05 21:41:53 - [TEST_STEP][PASSED] - maximizeWindow: Current window maximized

2018-07-05 21:41:53 - [MESSAGE][PASSED] - Current window maximized

2018-07-05 21:41:53 - [TEST_STEP][PASSED] - waitForElementVisible: Object 'Object Repository/LoginPage/UserID' is visible

2018-07-05 21:41:53 - [MESSAGE][PASSED] - Object 'Object Repository/LoginPage/UserID' is visible

2018-07-05 21:41:53 - [TEST_STEP][PASSED] - sendKeys: Keys 'monicaqa@zycus.com' sent to object: 'Object Repository/LoginPage/UserID'

2018-07-05 21:41:53 - [MESSAGE][PASSED] - Keys 'monicaqa@zycus.com' sent to object: 'Object Repository/LoginPage/UserID'

2018-07-05 21:41:53 - [TEST_STEP][PASSED] - sendKeys: Keys 'eProc@123' sent to object: 'Object Repository/LoginPage/Password'

2018-07-05 21:41:53 - [MESSAGE][PASSED] - Keys 'eProc@123' sent to object: 'Object Repository/LoginPage/Password'

2018-07-05 21:41:53 - [TEST_STEP][PASSED] - click: Object: 'Object Repository/LoginPage/LoginButton' is clicked on

2018-07-05 21:42:00 - [MESSAGE][PASSED] - Object: 'Object Repository/LoginPage/LoginButton' is clicked on

2018-07-05 21:42:00 - [MESSAGE][PASSED] - Call Test Case 'Test Cases/CommonLibraries/Login' successfully

2018-07-05 21:42:00 - [TEST_STEP][PASSED] - waitForElementPresent: Object 'Object Repository/OnlineStorePage/Search Box' is present

2018-07-05 21:42:38 - [MESSAGE][PASSED] - Object 'Object Repository/OnlineStorePage/Search Box' is present

2018-07-05 21:42:38 - [TEST_STEP][PASSED] - waitForPageLoad: Wait for page load successfully

2018-07-05 21:42:38 - [MESSAGE][PASSED] - Wait for page load successfully

2018-07-05 21:42:38 - [TEST_STEP][PASSED] - sendKeys: Keys 'Item' sent to object: 'Object Repository/OnlineStorePage/Search Box'

2018-07-05 21:42:38 - [MESSAGE][PASSED] - Keys 'Item' sent to object: 'Object Repository/OnlineStorePage/Search Box'

2018-07-05 21:42:38 - [TEST_STEP][PASSED] - click: Object: 'Object Repository/OnlineStorePage/Search Icon' is clicked on

2018-07-05 21:42:39 - [MESSAGE][PASSED] - Object: 'Object Repository/OnlineStorePage/Search Icon' is clicked on

2018-07-05 21:42:39 - [MESSAGE][PASSED] - Call Test Case 'Test Cases/CommonLibraries/Search By Item' successfully

2018-07-05 21:42:39 - [TEST_STEP][PASSED] - waitForElementClickable: Object 'Object Repository/SearchResultPage/SearchItemTab/CatalogItems/Check Box For 3 Row Item List' is clickable

2018-07-05 21:42:45 - [MESSAGE][PASSED] - Object 'Object Repository/SearchResultPage/SearchItemTab/CatalogItems/Check Box For 3 Row Item List' is clickable

2018-07-05 21:42:45 - [TEST_STEP][PASSED] - click: Object: 'Object Repository/SearchResultPage/SearchItemTab/CatalogItems/Check Box For 3 Row Item List' is clicked on

2018-07-05 21:42:45 - [MESSAGE][PASSED] - Object: 'Object Repository/SearchResultPage/SearchItemTab/CatalogItems/Check Box For 3 Row Item List' is clicked on

2018-07-05 21:42:45 - [TEST_STEP][PASSED] - click: Object: 'Object Repository/SearchResultPage/SearchItemTab/CatalogItems/AddToCart_MultipleItem' is clicked on

2018-07-05 21:42:45 - [MESSAGE][PASSED] - Object: 'Object Repository/SearchResultPage/SearchItemTab/CatalogItems/AddToCart_MultipleItem' is clicked on

2018-07-05 21:42:45 - [TEST_STEP][PASSED] - click: Object: 'Object Repository/OnlineStorePage/CartIcon' is clicked on

2018-07-05 21:42:45 - [MESSAGE][PASSED] - Object: 'Object Repository/OnlineStorePage/CartIcon' is clicked on

2018-07-05 21:42:45 - [TEST_STEP][PASSED] - Statement - url = com.kms.katalon.core.webui.keyword.WebUiBuiltInKeywords.getUrl(): Current window's url is: 'http://eproc-qa.zycus.net/#/online-store/cart'

2018-07-05 21:42:45 - [MESSAGE][PASSED] - Current window's url is: 'http://eproc-qa.zycus.net/#/online-store/cart'

2018-07-05 21:42:45 - [TEST_STEP][PASSED] - verifyMatch: Actual text 'http://eproc-qa.zycus.net/#/online-store/cart' and expected text 'http://eproc-qa.zycus.net/#/online-store/cart' are matched 

2018-07-05 21:42:45 - [MESSAGE][PASSED] - Actual text 'http://eproc-qa.zycus.net/#/online-store/cart' and expected text 'http://eproc-qa.zycus.net/#/online-store/cart' are matched 

2018-07-05 21:42:45 - [TEST_STEP][PASSED] - delay: Delayed 3 second(s)

2018-07-05 21:42:48 - [MESSAGE][PASSED] - Delayed 3 second(s)

2018-07-05 21:42:48 - [TEST_STEP][PASSED] - closeBrowser: Browser is closed

2018-07-05 21:42:48 - [MESSAGE][PASSED] - Browser is closed]]></system-out>
         <system-err><![CDATA[]]></system-err>
      </testcase>
      <testcase name="Test Cases/DDS-272/DDS-3937 Count of items should be displayed on cart icon" classname="Test Cases/DDS-272/DDS-3937 Count of items should be displayed on cart icon" status="FAILED">
         <failure type="FAILED" message="Verify element text of test object 'Object Repository/OnlineStorePage/Cart Icon No' FAILED. (Root cause: com.kms.katalon.core.webui.exception.WebElementNotFoundException: Web element with id: 'Object Repository/OnlineStorePage/Cart Icon No' located by 'By.xpath: //span[text()[normalize-space()='2']]' not found)"/>
         <system-out><![CDATA[2018-07-05 21:42:48 - [TEST_CASE][FAILED] - Test Cases/DDS-272/DDS-3937 Count of items should be displayed on cart icon: Test Cases/DDS-272/DDS-3937 Count of items should be displayed on cart icon FAILED because (of) Verify element text of test object 'Object Repository/OnlineStorePage/Cart Icon No' FAILED. (Root cause: com.kms.katalon.core.webui.exception.WebElementNotFoundException: Web element with id: 'Object Repository/OnlineStorePage/Cart Icon No' located by 'By.xpath: //span[text()[normalize-space()='2']]' not found)

2018-07-05 21:42:48 - [TEST_STEP][PASSED] - callTestCase: Call Test Case 'Test Cases/CommonLibraries/Login' successfully

2018-07-05 21:42:48 - [TEST_CASE][PASSED] - Test Cases/CommonLibraries/Login: Test Cases/CommonLibraries/Login

2018-07-05 21:42:48 - [TEST_STEP][PASSED] - openBrowser: Browser is opened with url: 'https://smtlogin.zycus.net/sso/login?serviceName=http://eproc-qa.zycus.net/'

2018-07-05 21:43:00 - [MESSAGE][PASSED] - Browser is opened with url: 'https://smtlogin.zycus.net/sso/login?serviceName=http://eproc-qa.zycus.net/'

2018-07-05 21:43:00 - [TEST_STEP][PASSED] - maximizeWindow: Current window maximized

2018-07-05 21:43:00 - [MESSAGE][PASSED] - Current window maximized

2018-07-05 21:43:00 - [TEST_STEP][PASSED] - waitForElementVisible: Object 'Object Repository/LoginPage/UserID' is visible

2018-07-05 21:43:00 - [MESSAGE][PASSED] - Object 'Object Repository/LoginPage/UserID' is visible

2018-07-05 21:43:00 - [TEST_STEP][PASSED] - sendKeys: Keys 'monicaqa@zycus.com' sent to object: 'Object Repository/LoginPage/UserID'

2018-07-05 21:43:00 - [MESSAGE][PASSED] - Keys 'monicaqa@zycus.com' sent to object: 'Object Repository/LoginPage/UserID'

2018-07-05 21:43:00 - [TEST_STEP][PASSED] - sendKeys: Keys 'eProc@123' sent to object: 'Object Repository/LoginPage/Password'

2018-07-05 21:43:00 - [MESSAGE][PASSED] - Keys 'eProc@123' sent to object: 'Object Repository/LoginPage/Password'

2018-07-05 21:43:00 - [TEST_STEP][PASSED] - click: Object: 'Object Repository/LoginPage/LoginButton' is clicked on

2018-07-05 21:43:04 - [MESSAGE][PASSED] - Object: 'Object Repository/LoginPage/LoginButton' is clicked on

2018-07-05 21:43:04 - [MESSAGE][PASSED] - Call Test Case 'Test Cases/CommonLibraries/Login' successfully

2018-07-05 21:43:04 - [TEST_STEP][PASSED] - click: Object: 'Object Repository/OnlineStorePage/CartIcon' is clicked on

2018-07-05 21:43:35 - [MESSAGE][PASSED] - Object: 'Object Repository/OnlineStorePage/CartIcon' is clicked on

2018-07-05 21:43:35 - [TEST_STEP][PASSED] - delay: Delayed 3 second(s)

2018-07-05 21:43:38 - [MESSAGE][PASSED] - Delayed 3 second(s)

2018-07-05 21:43:38 - [TEST_STEP][PASSED] - Statement - b = com.kms.katalon.core.webui.keyword.WebUiBuiltInKeywords.getAttribute(com.kms.katalon.core.testobject.ObjectRepository.findTestObject(Cart Page/Empty Cart Button), "ng-reflect-is-disabled"): Attribute 'ng-reflect-is-disabled' of object 'Object Repository/Cart Page/Empty Cart Button' is: 'null'

2018-07-05 21:43:38 - [MESSAGE][PASSED] - Attribute 'ng-reflect-is-disabled' of object 'Object Repository/Cart Page/Empty Cart Button' is: 'null'

2018-07-05 21:43:38 - [TEST_STEP][PASSED] - Statement - If (b == "false"): null

2018-07-05 21:43:38 - [TEST_STEP][FAILED] - Statement - Else: Verify element text of test object 'Object Repository/OnlineStorePage/Cart Icon No' FAILED. (Root cause: com.kms.katalon.core.webui.exception.WebElementNotFoundException: Web element with id: 'Object Repository/OnlineStorePage/Cart Icon No' located by 'By.xpath: //span[text()[normalize-space()='2']]' not found)

2018-07-05 21:43:38 - [TEST_STEP][PASSED] - click: Object: 'Object Repository/Home' is clicked on

2018-07-05 21:43:38 - [MESSAGE][PASSED] - Object: 'Object Repository/Home' is clicked on

2018-07-05 21:43:38 - [TEST_STEP][PASSED] - sendKeys: Keys 'Item' sent to object: 'Object Repository/OnlineStorePage/Search Box'

2018-07-05 21:43:40 - [MESSAGE][PASSED] - Keys 'Item' sent to object: 'Object Repository/OnlineStorePage/Search Box'

2018-07-05 21:43:40 - [TEST_STEP][PASSED] - click: Object: 'Object Repository/OnlineStorePage/Search Icon' is clicked on

2018-07-05 21:43:40 - [MESSAGE][PASSED] - Object: 'Object Repository/OnlineStorePage/Search Icon' is clicked on

2018-07-05 21:43:40 - [TEST_STEP][PASSED] - waitForElementVisible: Object 'Object Repository/SearchResultPage/SearchItemTab/CatalogItems/Check Box For 3 Row Item List' is visible

2018-07-05 21:43:46 - [MESSAGE][PASSED] - Object 'Object Repository/SearchResultPage/SearchItemTab/CatalogItems/Check Box For 3 Row Item List' is visible

2018-07-05 21:43:46 - [TEST_STEP][PASSED] - click: Object: 'Object Repository/SearchResultPage/SearchItemTab/CatalogItems/Check Box For 3 Row Item List' is clicked on

2018-07-05 21:43:46 - [MESSAGE][PASSED] - Object: 'Object Repository/SearchResultPage/SearchItemTab/CatalogItems/Check Box For 3 Row Item List' is clicked on

2018-07-05 21:43:46 - [TEST_STEP][PASSED] - click: Object: 'Object Repository/SearchResultPage/SearchItemTab/CatalogItems/Check Box For 2 row item list' is clicked on

2018-07-05 21:43:46 - [MESSAGE][PASSED] - Object: 'Object Repository/SearchResultPage/SearchItemTab/CatalogItems/Check Box For 2 row item list' is clicked on

2018-07-05 21:43:46 - [TEST_STEP][PASSED] - click: Object: 'Object Repository/SearchResultPage/SearchItemTab/CatalogItems/AddToCart_MultipleItem' is clicked on

2018-07-05 21:43:46 - [MESSAGE][PASSED] - Object: 'Object Repository/SearchResultPage/SearchItemTab/CatalogItems/AddToCart_MultipleItem' is clicked on

2018-07-05 21:43:46 - [TEST_STEP][FAILED] - verifyElementText: Verify element text of test object 'Object Repository/OnlineStorePage/Cart Icon No' FAILED. (Root cause: com.kms.katalon.core.webui.exception.WebElementNotFoundException: Web element with id: 'Object Repository/OnlineStorePage/Cart Icon No' located by 'By.xpath: //span[text()[normalize-space()='2']]' not found)

2018-07-05 21:45:34 - [MESSAGE][FAILED] - com.kms.katalon.core.webui.exception.WebElementNotFoundException: Web element with id: 'Object Repository/OnlineStorePage/Cart Icon No' located by 'By.xpath: //span[text()[normalize-space()='2']]' not found
[[ATTACHMENT|C:\\Users\\vikas.kiroula\\git\\eProc\\Reports\\VikasTestCase\\20180705_205940\\1530807333403.png]]

2018-07-05 21:45:35 - [MESSAGE][FAILED] - Verify element text of test object 'Object Repository/OnlineStorePage/Cart Icon No' FAILED. (Root cause: com.kms.katalon.core.webui.exception.WebElementNotFoundException: Web element with id: 'Object Repository/OnlineStorePage/Cart Icon No' located by 'By.xpath: //span[text()[normalize-space()='2']]' not found)
[[ATTACHMENT|C:\\Users\\vikas.kiroula\\git\\eProc\\Reports\\VikasTestCase\\20180705_205940\\1530807334593.png]]]]></system-out>
         <system-err><![CDATA[2018-07-05 21:42:48 - [TEST_CASE][FAILED] - Test Cases/DDS-272/DDS-3937 Count of items should be displayed on cart icon: Test Cases/DDS-272/DDS-3937 Count of items should be displayed on cart icon FAILED because (of) Verify element text of test object 'Object Repository/OnlineStorePage/Cart Icon No' FAILED. (Root cause: com.kms.katalon.core.webui.exception.WebElementNotFoundException: Web element with id: 'Object Repository/OnlineStorePage/Cart Icon No' located by 'By.xpath: //span[text()[normalize-space()='2']]' not found)]]></system-err>
      </testcase>
      <testcase name="Test Cases/DDS-272/DDS-3938 Add a cart item and verify whether count in the cart icon is increased dynamically" classname="Test Cases/DDS-272/DDS-3938 Add a cart item and verify whether count in the cart icon is increased dynamically" status="FAILED">
         <failure type="FAILED" message="Verify element text of test object 'Object Repository/Cart Page/Cart Display For Count 1' FAILED. (Root cause: com.kms.katalon.core.webui.exception.WebElementNotFoundException: Web element with id: 'Object Repository/Cart Page/Cart Display For Count 1' located by 'By.xpath: //span[normalize-space(text())='Cart (01)']' not found)"/>
         <system-out><![CDATA[2018-07-05 21:45:35 - [TEST_CASE][FAILED] - Test Cases/DDS-272/DDS-3938 Add a cart item and verify whether count in the cart icon is increased dynamically: Test Cases/DDS-272/DDS-3938 Add a cart item and verify whether count in the cart icon is increased dynamically FAILED because (of) Verify element text of test object 'Object Repository/Cart Page/Cart Display For Count 1' FAILED. (Root cause: com.kms.katalon.core.webui.exception.WebElementNotFoundException: Web element with id: 'Object Repository/Cart Page/Cart Display For Count 1' located by 'By.xpath: //span[normalize-space(text())='Cart (01)']' not found)

2018-07-05 21:45:35 - [TEST_STEP][PASSED] - callTestCase: Call Test Case 'Test Cases/CommonLibraries/Login' successfully

2018-07-05 21:45:35 - [TEST_CASE][PASSED] - Test Cases/CommonLibraries/Login: Test Cases/CommonLibraries/Login

2018-07-05 21:45:35 - [TEST_STEP][PASSED] - openBrowser: Browser is opened with url: 'https://smtlogin.zycus.net/sso/login?serviceName=http://eproc-qa.zycus.net/'

2018-07-05 21:45:35 - [MESSAGE][WARNING] - A browser is already opened. Closing browser and opening a new one

2018-07-05 21:45:46 - [MESSAGE][PASSED] - Browser is opened with url: 'https://smtlogin.zycus.net/sso/login?serviceName=http://eproc-qa.zycus.net/'

2018-07-05 21:45:46 - [TEST_STEP][PASSED] - maximizeWindow: Current window maximized

2018-07-05 21:45:46 - [MESSAGE][PASSED] - Current window maximized

2018-07-05 21:45:46 - [TEST_STEP][PASSED] - waitForElementVisible: Object 'Object Repository/LoginPage/UserID' is visible

2018-07-05 21:45:46 - [MESSAGE][PASSED] - Object 'Object Repository/LoginPage/UserID' is visible

2018-07-05 21:45:46 - [TEST_STEP][PASSED] - sendKeys: Keys 'monicaqa@zycus.com' sent to object: 'Object Repository/LoginPage/UserID'

2018-07-05 21:45:46 - [MESSAGE][PASSED] - Keys 'monicaqa@zycus.com' sent to object: 'Object Repository/LoginPage/UserID'

2018-07-05 21:45:46 - [TEST_STEP][PASSED] - sendKeys: Keys 'eProc@123' sent to object: 'Object Repository/LoginPage/Password'

2018-07-05 21:45:46 - [MESSAGE][PASSED] - Keys 'eProc@123' sent to object: 'Object Repository/LoginPage/Password'

2018-07-05 21:45:46 - [TEST_STEP][PASSED] - click: Object: 'Object Repository/LoginPage/LoginButton' is clicked on

2018-07-05 21:45:50 - [MESSAGE][PASSED] - Object: 'Object Repository/LoginPage/LoginButton' is clicked on

2018-07-05 21:45:50 - [MESSAGE][PASSED] - Call Test Case 'Test Cases/CommonLibraries/Login' successfully

2018-07-05 21:45:50 - [TEST_STEP][PASSED] - click: Object: 'Object Repository/OnlineStorePage/CartIcon' is clicked on

2018-07-05 21:46:26 - [MESSAGE][PASSED] - Object: 'Object Repository/OnlineStorePage/CartIcon' is clicked on

2018-07-05 21:46:26 - [TEST_STEP][PASSED] - delay: Delayed 3 second(s)

2018-07-05 21:46:29 - [MESSAGE][PASSED] - Delayed 3 second(s)

2018-07-05 21:46:29 - [TEST_STEP][PASSED] - Statement - b = com.kms.katalon.core.webui.keyword.WebUiBuiltInKeywords.getAttribute(com.kms.katalon.core.testobject.ObjectRepository.findTestObject(Cart Page/Empty Cart Button), "ng-reflect-is-disabled"): Attribute 'ng-reflect-is-disabled' of object 'Object Repository/Cart Page/Empty Cart Button' is: 'null'

2018-07-05 21:46:30 - [MESSAGE][PASSED] - Attribute 'ng-reflect-is-disabled' of object 'Object Repository/Cart Page/Empty Cart Button' is: 'null'

2018-07-05 21:46:30 - [TEST_STEP][PASSED] - Statement - If (b == "false"): null

2018-07-05 21:46:30 - [TEST_STEP][FAILED] - Statement - Else: Verify element text of test object 'Object Repository/Cart Page/Cart Display For Count 1' FAILED. (Root cause: com.kms.katalon.core.webui.exception.WebElementNotFoundException: Web element with id: 'Object Repository/Cart Page/Cart Display For Count 1' located by 'By.xpath: //span[normalize-space(text())='Cart (01)']' not found)

2018-07-05 21:46:30 - [TEST_STEP][PASSED] - click: Object: 'Object Repository/Home' is clicked on

2018-07-05 21:46:30 - [MESSAGE][PASSED] - Object: 'Object Repository/Home' is clicked on

2018-07-05 21:46:30 - [TEST_STEP][PASSED] - sendKeys: Keys 'Item' sent to object: 'Object Repository/OnlineStorePage/Search Box'

2018-07-05 21:46:31 - [MESSAGE][PASSED] - Keys 'Item' sent to object: 'Object Repository/OnlineStorePage/Search Box'

2018-07-05 21:46:31 - [TEST_STEP][PASSED] - click: Object: 'Object Repository/OnlineStorePage/Search Icon' is clicked on

2018-07-05 21:46:32 - [MESSAGE][PASSED] - Object: 'Object Repository/OnlineStorePage/Search Icon' is clicked on

2018-07-05 21:46:32 - [TEST_STEP][PASSED] - waitForElementVisible: Object 'Object Repository/SearchResultPage/SearchItemTab/CatalogItems/Check Box For 3 Row Item List' is visible

2018-07-05 21:46:39 - [MESSAGE][PASSED] - Object 'Object Repository/SearchResultPage/SearchItemTab/CatalogItems/Check Box For 3 Row Item List' is visible

2018-07-05 21:46:39 - [TEST_STEP][PASSED] - click: Object: 'Object Repository/SearchResultPage/SearchItemTab/CatalogItems/Check Box For 3 Row Item List' is clicked on

2018-07-05 21:46:39 - [MESSAGE][PASSED] - Object: 'Object Repository/SearchResultPage/SearchItemTab/CatalogItems/Check Box For 3 Row Item List' is clicked on

2018-07-05 21:46:39 - [TEST_STEP][PASSED] - click: Object: 'Object Repository/SearchResultPage/SearchItemTab/CatalogItems/AddToCart_MultipleItem' is clicked on

2018-07-05 21:46:40 - [MESSAGE][PASSED] - Object: 'Object Repository/SearchResultPage/SearchItemTab/CatalogItems/AddToCart_MultipleItem' is clicked on

2018-07-05 21:46:40 - [TEST_STEP][PASSED] - click: Object: 'Object Repository/OnlineStorePage/CartIcon' is clicked on

2018-07-05 21:46:40 - [MESSAGE][PASSED] - Object: 'Object Repository/OnlineStorePage/CartIcon' is clicked on

2018-07-05 21:46:40 - [TEST_STEP][PASSED] - waitForElementPresent: Object 'Object Repository/Cart Page/Cart Display For Count 1' is not present after 5 second(s)

2018-07-05 21:46:45 - [MESSAGE][WARNING] - Object 'Object Repository/Cart Page/Cart Display For Count 1' is not present after 5 second(s)

2018-07-05 21:46:45 - [TEST_STEP][FAILED] - verifyElementText: Verify element text of test object 'Object Repository/Cart Page/Cart Display For Count 1' FAILED. (Root cause: com.kms.katalon.core.webui.exception.WebElementNotFoundException: Web element with id: 'Object Repository/Cart Page/Cart Display For Count 1' located by 'By.xpath: //span[normalize-space(text())='Cart (01)']' not found)

2018-07-05 21:48:30 - [MESSAGE][FAILED] - com.kms.katalon.core.webui.exception.WebElementNotFoundException: Web element with id: 'Object Repository/Cart Page/Cart Display For Count 1' located by 'By.xpath: //span[normalize-space(text())='Cart (01)']' not found
[[ATTACHMENT|C:\\Users\\vikas.kiroula\\git\\eProc\\Reports\\VikasTestCase\\20180705_205940\\1530807509757.png]]

2018-07-05 21:48:30 - [MESSAGE][FAILED] - Verify element text of test object 'Object Repository/Cart Page/Cart Display For Count 1' FAILED. (Root cause: com.kms.katalon.core.webui.exception.WebElementNotFoundException: Web element with id: 'Object Repository/Cart Page/Cart Display For Count 1' located by 'By.xpath: //span[normalize-space(text())='Cart (01)']' not found)
[[ATTACHMENT|C:\\Users\\vikas.kiroula\\git\\eProc\\Reports\\VikasTestCase\\20180705_205940\\1530807510511.png]]]]></system-out>
         <system-err><![CDATA[2018-07-05 21:45:35 - [TEST_CASE][FAILED] - Test Cases/DDS-272/DDS-3938 Add a cart item and verify whether count in the cart icon is increased dynamically: Test Cases/DDS-272/DDS-3938 Add a cart item and verify whether count in the cart icon is increased dynamically FAILED because (of) Verify element text of test object 'Object Repository/Cart Page/Cart Display For Count 1' FAILED. (Root cause: com.kms.katalon.core.webui.exception.WebElementNotFoundException: Web element with id: 'Object Repository/Cart Page/Cart Display For Count 1' located by 'By.xpath: //span[normalize-space(text())='Cart (01)']' not found)]]></system-err>
      </testcase>
      <testcase name="Test Cases/DDS-272/DDS-3941 Count in cart page should be updated dynamically" classname="Test Cases/DDS-272/DDS-3941 Count in cart page should be updated dynamically" status="FAILED">
         <failure type="FAILED" message="Verify element text of test object 'Object Repository/Cart Page/Cart Display For Count 1' FAILED. (Root cause: com.kms.katalon.core.webui.exception.WebElementNotFoundException: Web element with id: 'Object Repository/Cart Page/Cart Display For Count 1' located by 'By.xpath: //span[normalize-space(text())='Cart (01)']' not found)"/>
         <system-out><![CDATA[2018-07-05 21:48:30 - [TEST_CASE][FAILED] - Test Cases/DDS-272/DDS-3941 Count in cart page should be updated dynamically: Test Cases/DDS-272/DDS-3941 Count in cart page should be updated dynamically FAILED because (of) Verify element text of test object 'Object Repository/Cart Page/Cart Display For Count 1' FAILED. (Root cause: com.kms.katalon.core.webui.exception.WebElementNotFoundException: Web element with id: 'Object Repository/Cart Page/Cart Display For Count 1' located by 'By.xpath: //span[normalize-space(text())='Cart (01)']' not found)

2018-07-05 21:48:30 - [TEST_STEP][PASSED] - callTestCase: Call Test Case 'Test Cases/CommonLibraries/Login' successfully

2018-07-05 21:48:30 - [TEST_CASE][PASSED] - Test Cases/CommonLibraries/Login: Test Cases/CommonLibraries/Login

2018-07-05 21:48:30 - [TEST_STEP][PASSED] - openBrowser: Browser is opened with url: 'https://smtlogin.zycus.net/sso/login?serviceName=http://eproc-qa.zycus.net/'

2018-07-05 21:48:30 - [MESSAGE][WARNING] - A browser is already opened. Closing browser and opening a new one

2018-07-05 21:48:40 - [MESSAGE][PASSED] - Browser is opened with url: 'https://smtlogin.zycus.net/sso/login?serviceName=http://eproc-qa.zycus.net/'

2018-07-05 21:48:40 - [TEST_STEP][PASSED] - maximizeWindow: Current window maximized

2018-07-05 21:48:40 - [MESSAGE][PASSED] - Current window maximized

2018-07-05 21:48:40 - [TEST_STEP][PASSED] - waitForElementVisible: Object 'Object Repository/LoginPage/UserID' is visible

2018-07-05 21:48:40 - [MESSAGE][PASSED] - Object 'Object Repository/LoginPage/UserID' is visible

2018-07-05 21:48:40 - [TEST_STEP][PASSED] - sendKeys: Keys 'monicaqa@zycus.com' sent to object: 'Object Repository/LoginPage/UserID'

2018-07-05 21:48:40 - [MESSAGE][PASSED] - Keys 'monicaqa@zycus.com' sent to object: 'Object Repository/LoginPage/UserID'

2018-07-05 21:48:40 - [TEST_STEP][PASSED] - sendKeys: Keys 'eProc@123' sent to object: 'Object Repository/LoginPage/Password'

2018-07-05 21:48:40 - [MESSAGE][PASSED] - Keys 'eProc@123' sent to object: 'Object Repository/LoginPage/Password'

2018-07-05 21:48:40 - [TEST_STEP][PASSED] - click: Object: 'Object Repository/LoginPage/LoginButton' is clicked on

2018-07-05 21:48:45 - [MESSAGE][PASSED] - Object: 'Object Repository/LoginPage/LoginButton' is clicked on

2018-07-05 21:48:45 - [MESSAGE][PASSED] - Call Test Case 'Test Cases/CommonLibraries/Login' successfully

2018-07-05 21:48:45 - [TEST_STEP][PASSED] - click: Object: 'Object Repository/OnlineStorePage/CartIcon' is clicked on

2018-07-05 21:49:22 - [MESSAGE][PASSED] - Object: 'Object Repository/OnlineStorePage/CartIcon' is clicked on

2018-07-05 21:49:22 - [TEST_STEP][PASSED] - delay: Delayed 3 second(s)

2018-07-05 21:49:25 - [MESSAGE][PASSED] - Delayed 3 second(s)

2018-07-05 21:49:25 - [TEST_STEP][PASSED] - Statement - b = com.kms.katalon.core.webui.keyword.WebUiBuiltInKeywords.getAttribute(com.kms.katalon.core.testobject.ObjectRepository.findTestObject(Cart Page/Empty Cart Button), "ng-reflect-is-disabled"): Attribute 'ng-reflect-is-disabled' of object 'Object Repository/Cart Page/Empty Cart Button' is: 'null'

2018-07-05 21:49:25 - [MESSAGE][PASSED] - Attribute 'ng-reflect-is-disabled' of object 'Object Repository/Cart Page/Empty Cart Button' is: 'null'

2018-07-05 21:49:25 - [TEST_STEP][PASSED] - Statement - If (b == "false"): null

2018-07-05 21:49:25 - [TEST_STEP][FAILED] - Statement - Else: Verify element text of test object 'Object Repository/Cart Page/Cart Display For Count 1' FAILED. (Root cause: com.kms.katalon.core.webui.exception.WebElementNotFoundException: Web element with id: 'Object Repository/Cart Page/Cart Display For Count 1' located by 'By.xpath: //span[normalize-space(text())='Cart (01)']' not found)

2018-07-05 21:49:25 - [TEST_STEP][PASSED] - click: Object: 'Object Repository/Home' is clicked on

2018-07-05 21:49:26 - [MESSAGE][PASSED] - Object: 'Object Repository/Home' is clicked on

2018-07-05 21:49:26 - [TEST_STEP][PASSED] - sendKeys: Keys 'Item' sent to object: 'Object Repository/OnlineStorePage/Search Box'

2018-07-05 21:49:26 - [MESSAGE][PASSED] - Keys 'Item' sent to object: 'Object Repository/OnlineStorePage/Search Box'

2018-07-05 21:49:26 - [TEST_STEP][PASSED] - click: Object: 'Object Repository/OnlineStorePage/Search Icon' is clicked on

2018-07-05 21:49:28 - [MESSAGE][PASSED] - Object: 'Object Repository/OnlineStorePage/Search Icon' is clicked on

2018-07-05 21:49:28 - [TEST_STEP][PASSED] - waitForElementVisible: Object 'Object Repository/SearchResultPage/SearchItemTab/CatalogItems/Check Box For 3 Row Item List' is visible

2018-07-05 21:49:35 - [MESSAGE][PASSED] - Object 'Object Repository/SearchResultPage/SearchItemTab/CatalogItems/Check Box For 3 Row Item List' is visible

2018-07-05 21:49:35 - [TEST_STEP][PASSED] - click: Object: 'Object Repository/SearchResultPage/SearchItemTab/CatalogItems/Check Box For 3 Row Item List' is clicked on

2018-07-05 21:49:35 - [MESSAGE][PASSED] - Object: 'Object Repository/SearchResultPage/SearchItemTab/CatalogItems/Check Box For 3 Row Item List' is clicked on

2018-07-05 21:49:35 - [TEST_STEP][PASSED] - click: Object: 'Object Repository/SearchResultPage/SearchItemTab/CatalogItems/AddToCart_MultipleItem' is clicked on

2018-07-05 21:49:35 - [MESSAGE][PASSED] - Object: 'Object Repository/SearchResultPage/SearchItemTab/CatalogItems/AddToCart_MultipleItem' is clicked on

2018-07-05 21:49:35 - [TEST_STEP][PASSED] - click: Object: 'Object Repository/OnlineStorePage/CartIcon' is clicked on

2018-07-05 21:49:35 - [MESSAGE][PASSED] - Object: 'Object Repository/OnlineStorePage/CartIcon' is clicked on

2018-07-05 21:49:35 - [TEST_STEP][PASSED] - waitForElementPresent: Object 'Object Repository/Cart Page/Cart Display For Count 1' is not present after 5 second(s)

2018-07-05 21:49:40 - [MESSAGE][WARNING] - Object 'Object Repository/Cart Page/Cart Display For Count 1' is not present after 5 second(s)

2018-07-05 21:49:40 - [TEST_STEP][FAILED] - verifyElementText: Verify element text of test object 'Object Repository/Cart Page/Cart Display For Count 1' FAILED. (Root cause: com.kms.katalon.core.webui.exception.WebElementNotFoundException: Web element with id: 'Object Repository/Cart Page/Cart Display For Count 1' located by 'By.xpath: //span[normalize-space(text())='Cart (01)']' not found)

2018-07-05 21:51:26 - [MESSAGE][FAILED] - com.kms.katalon.core.webui.exception.WebElementNotFoundException: Web element with id: 'Object Repository/Cart Page/Cart Display For Count 1' located by 'By.xpath: //span[normalize-space(text())='Cart (01)']' not found
[[ATTACHMENT|C:\\Users\\vikas.kiroula\\git\\eProc\\Reports\\VikasTestCase\\20180705_205940\\1530807685519.png]]

2018-07-05 21:51:26 - [MESSAGE][FAILED] - Verify element text of test object 'Object Repository/Cart Page/Cart Display For Count 1' FAILED. (Root cause: com.kms.katalon.core.webui.exception.WebElementNotFoundException: Web element with id: 'Object Repository/Cart Page/Cart Display For Count 1' located by 'By.xpath: //span[normalize-space(text())='Cart (01)']' not found)
[[ATTACHMENT|C:\\Users\\vikas.kiroula\\git\\eProc\\Reports\\VikasTestCase\\20180705_205940\\1530807686277.png]]]]></system-out>
         <system-err><![CDATA[2018-07-05 21:48:30 - [TEST_CASE][FAILED] - Test Cases/DDS-272/DDS-3941 Count in cart page should be updated dynamically: Test Cases/DDS-272/DDS-3941 Count in cart page should be updated dynamically FAILED because (of) Verify element text of test object 'Object Repository/Cart Page/Cart Display For Count 1' FAILED. (Root cause: com.kms.katalon.core.webui.exception.WebElementNotFoundException: Web element with id: 'Object Repository/Cart Page/Cart Display For Count 1' located by 'By.xpath: //span[normalize-space(text())='Cart (01)']' not found)]]></system-err>
      </testcase>
      <testcase name="Test Cases/DDS-272/DDS-3942 Count in the cart page should be prefixed with 0 if the count is in sigle digit" classname="Test Cases/DDS-272/DDS-3942 Count in the cart page should be prefixed with 0 if the count is in sigle digit" status="FAILED">
         <failure type="FAILED" message="Unable to wait for object 'Object Repository/Cart Page/Delete Icon_line item 1' to be visible (Root cause: org.openqa.selenium.StaleElementReferenceException: Element is no longer attached to the DOM
Command duration or timeout: 0 milliseconds)"/>
         <system-out><![CDATA[2018-07-05 21:51:26 - [TEST_CASE][FAILED] - Test Cases/DDS-272/DDS-3942 Count in the cart page should be prefixed with 0 if the count is in sigle digit: Test Cases/DDS-272/DDS-3942 Count in the cart page should be prefixed with 0 if the count is in sigle digit FAILED because (of) Unable to wait for object 'Object Repository/Cart Page/Delete Icon_line item 1' to be visible (Root cause: org.openqa.selenium.StaleElementReferenceException: Element is no longer attached to the DOM
Command duration or timeout: 0 milliseconds)

2018-07-05 21:51:26 - [TEST_STEP][PASSED] - callTestCase: Call Test Case 'Test Cases/CommonLibraries/Login' successfully

2018-07-05 21:51:26 - [TEST_CASE][PASSED] - Test Cases/CommonLibraries/Login: Test Cases/CommonLibraries/Login

2018-07-05 21:51:26 - [TEST_STEP][PASSED] - openBrowser: Browser is opened with url: 'https://smtlogin.zycus.net/sso/login?serviceName=http://eproc-qa.zycus.net/'

2018-07-05 21:51:26 - [MESSAGE][WARNING] - A browser is already opened. Closing browser and opening a new one

2018-07-05 21:51:36 - [MESSAGE][PASSED] - Browser is opened with url: 'https://smtlogin.zycus.net/sso/login?serviceName=http://eproc-qa.zycus.net/'

2018-07-05 21:51:36 - [TEST_STEP][PASSED] - maximizeWindow: Current window maximized

2018-07-05 21:51:36 - [MESSAGE][PASSED] - Current window maximized

2018-07-05 21:51:36 - [TEST_STEP][PASSED] - waitForElementVisible: Object 'Object Repository/LoginPage/UserID' is visible

2018-07-05 21:51:36 - [MESSAGE][PASSED] - Object 'Object Repository/LoginPage/UserID' is visible

2018-07-05 21:51:36 - [TEST_STEP][PASSED] - sendKeys: Keys 'monicaqa@zycus.com' sent to object: 'Object Repository/LoginPage/UserID'

2018-07-05 21:51:36 - [MESSAGE][PASSED] - Keys 'monicaqa@zycus.com' sent to object: 'Object Repository/LoginPage/UserID'

2018-07-05 21:51:36 - [TEST_STEP][PASSED] - sendKeys: Keys 'eProc@123' sent to object: 'Object Repository/LoginPage/Password'

2018-07-05 21:51:36 - [MESSAGE][PASSED] - Keys 'eProc@123' sent to object: 'Object Repository/LoginPage/Password'

2018-07-05 21:51:36 - [TEST_STEP][PASSED] - click: Object: 'Object Repository/LoginPage/LoginButton' is clicked on

2018-07-05 21:51:42 - [MESSAGE][PASSED] - Object: 'Object Repository/LoginPage/LoginButton' is clicked on

2018-07-05 21:51:42 - [MESSAGE][PASSED] - Call Test Case 'Test Cases/CommonLibraries/Login' successfully

2018-07-05 21:51:42 - [TEST_STEP][PASSED] - click: Object: 'Object Repository/OnlineStorePage/CartIcon' is clicked on

2018-07-05 21:52:12 - [MESSAGE][PASSED] - Object: 'Object Repository/OnlineStorePage/CartIcon' is clicked on

2018-07-05 21:52:12 - [TEST_STEP][PASSED] - delay: Delayed 3 second(s)

2018-07-05 21:52:15 - [MESSAGE][PASSED] - Delayed 3 second(s)

2018-07-05 21:52:15 - [TEST_STEP][PASSED] - Statement - b = com.kms.katalon.core.webui.keyword.WebUiBuiltInKeywords.getAttribute(com.kms.katalon.core.testobject.ObjectRepository.findTestObject(Cart Page/Empty Cart Button), "ng-reflect-is-disabled"): Attribute 'ng-reflect-is-disabled' of object 'Object Repository/Cart Page/Empty Cart Button' is: 'null'

2018-07-05 21:52:15 - [MESSAGE][PASSED] - Attribute 'ng-reflect-is-disabled' of object 'Object Repository/Cart Page/Empty Cart Button' is: 'null'

2018-07-05 21:52:15 - [TEST_STEP][PASSED] - Statement - If (b == "false"): null

2018-07-05 21:52:15 - [TEST_STEP][FAILED] - Statement - Else: Unable to wait for object 'Object Repository/Cart Page/Delete Icon_line item 1' to be visible (Root cause: org.openqa.selenium.StaleElementReferenceException: Element is no longer attached to the DOM
Command duration or timeout: 0 milliseconds)

2018-07-05 21:52:15 - [TEST_STEP][PASSED] - click: Object: 'Object Repository/Home' is clicked on

2018-07-05 21:52:16 - [MESSAGE][PASSED] - Object: 'Object Repository/Home' is clicked on

2018-07-05 21:52:16 - [TEST_STEP][PASSED] - sendKeys: Keys 'Item' sent to object: 'Object Repository/OnlineStorePage/Search Box'

2018-07-05 21:52:17 - [MESSAGE][PASSED] - Keys 'Item' sent to object: 'Object Repository/OnlineStorePage/Search Box'

2018-07-05 21:52:17 - [TEST_STEP][PASSED] - click: Object: 'Object Repository/OnlineStorePage/Search Icon' is clicked on

2018-07-05 21:52:17 - [MESSAGE][PASSED] - Object: 'Object Repository/OnlineStorePage/Search Icon' is clicked on

2018-07-05 21:52:17 - [TEST_STEP][PASSED] - waitForElementVisible: Object 'Object Repository/SearchResultPage/SearchItemTab/CatalogItems/Check Box For 3 Row Item List' is visible

2018-07-05 21:52:26 - [MESSAGE][PASSED] - Object 'Object Repository/SearchResultPage/SearchItemTab/CatalogItems/Check Box For 3 Row Item List' is visible

2018-07-05 21:52:26 - [TEST_STEP][PASSED] - click: Object: 'Object Repository/SearchResultPage/SearchItemTab/CatalogItems/Check Box For 3 Row Item List' is clicked on

2018-07-05 21:52:26 - [MESSAGE][PASSED] - Object: 'Object Repository/SearchResultPage/SearchItemTab/CatalogItems/Check Box For 3 Row Item List' is clicked on

2018-07-05 21:52:26 - [TEST_STEP][PASSED] - click: Object: 'Object Repository/SearchResultPage/SearchItemTab/CatalogItems/AddToCart_MultipleItem' is clicked on

2018-07-05 21:52:26 - [MESSAGE][PASSED] - Object: 'Object Repository/SearchResultPage/SearchItemTab/CatalogItems/AddToCart_MultipleItem' is clicked on

2018-07-05 21:52:26 - [TEST_STEP][PASSED] - click: Object: 'Object Repository/OnlineStorePage/CartIcon' is clicked on

2018-07-05 21:52:27 - [MESSAGE][PASSED] - Object: 'Object Repository/OnlineStorePage/CartIcon' is clicked on

2018-07-05 21:52:27 - [TEST_STEP][FAILED] - waitForElementVisible: Unable to wait for object 'Object Repository/Cart Page/Delete Icon_line item 1' to be visible (Root cause: org.openqa.selenium.StaleElementReferenceException: Element is no longer attached to the DOM
Command duration or timeout: 0 milliseconds)

2018-07-05 21:52:27 - [MESSAGE][FAILED] - Unable to wait for object 'Object Repository/Cart Page/Delete Icon_line item 1' to be visible (Root cause: org.openqa.selenium.StaleElementReferenceException: Element is no longer attached to the DOM
Command duration or timeout: 0 milliseconds)
[[ATTACHMENT|C:\\Users\\vikas.kiroula\\git\\eProc\\Reports\\VikasTestCase\\20180705_205940\\1530807747616.png]]]]></system-out>
         <system-err><![CDATA[2018-07-05 21:51:26 - [TEST_CASE][FAILED] - Test Cases/DDS-272/DDS-3942 Count in the cart page should be prefixed with 0 if the count is in sigle digit: Test Cases/DDS-272/DDS-3942 Count in the cart page should be prefixed with 0 if the count is in sigle digit FAILED because (of) Unable to wait for object 'Object Repository/Cart Page/Delete Icon_line item 1' to be visible (Root cause: org.openqa.selenium.StaleElementReferenceException: Element is no longer attached to the DOM
Command duration or timeout: 0 milliseconds)]]></system-err>
      </testcase>
      <testcase name="Test Cases/DDS-272/DDS-3945 Item Name should be a hyperlink" classname="Test Cases/DDS-272/DDS-3945 Item Name should be a hyperlink" status="PASSED">
         <system-out><![CDATA[2018-07-05 21:52:27 - [TEST_CASE][PASSED] - Test Cases/DDS-272/DDS-3945 Item Name should be a hyperlink: Test Cases/DDS-272/DDS-3945 Item Name should be a hyperlink

2018-07-05 21:52:27 - [TEST_STEP][PASSED] - callTestCase: Call Test Case 'Test Cases/CommonLibraries/Search By Item' successfully

2018-07-05 21:52:27 - [TEST_CASE][PASSED] - Test Cases/CommonLibraries/Search By Item: Test Cases/CommonLibraries/Search By Item

2018-07-05 21:52:27 - [TEST_STEP][PASSED] - callTestCase: Call Test Case 'Test Cases/CommonLibraries/Login' successfully

2018-07-05 21:52:28 - [TEST_CASE][PASSED] - Test Cases/CommonLibraries/Login: Test Cases/CommonLibraries/Login

2018-07-05 21:52:28 - [TEST_STEP][PASSED] - openBrowser: Browser is opened with url: 'https://smtlogin.zycus.net/sso/login?serviceName=http://eproc-qa.zycus.net/'

2018-07-05 21:52:28 - [MESSAGE][WARNING] - A browser is already opened. Closing browser and opening a new one

2018-07-05 21:52:46 - [MESSAGE][PASSED] - Browser is opened with url: 'https://smtlogin.zycus.net/sso/login?serviceName=http://eproc-qa.zycus.net/'

2018-07-05 21:52:46 - [TEST_STEP][PASSED] - maximizeWindow: Current window maximized

2018-07-05 21:52:46 - [MESSAGE][PASSED] - Current window maximized

2018-07-05 21:52:46 - [TEST_STEP][PASSED] - waitForElementVisible: Object 'Object Repository/LoginPage/UserID' is visible

2018-07-05 21:52:46 - [MESSAGE][PASSED] - Object 'Object Repository/LoginPage/UserID' is visible

2018-07-05 21:52:46 - [TEST_STEP][PASSED] - sendKeys: Keys 'monicaqa@zycus.com' sent to object: 'Object Repository/LoginPage/UserID'

2018-07-05 21:52:46 - [MESSAGE][PASSED] - Keys 'monicaqa@zycus.com' sent to object: 'Object Repository/LoginPage/UserID'

2018-07-05 21:52:46 - [TEST_STEP][PASSED] - sendKeys: Keys 'eProc@123' sent to object: 'Object Repository/LoginPage/Password'

2018-07-05 21:52:46 - [MESSAGE][PASSED] - Keys 'eProc@123' sent to object: 'Object Repository/LoginPage/Password'

2018-07-05 21:52:46 - [TEST_STEP][PASSED] - click: Object: 'Object Repository/LoginPage/LoginButton' is clicked on

2018-07-05 21:52:51 - [MESSAGE][PASSED] - Object: 'Object Repository/LoginPage/LoginButton' is clicked on

2018-07-05 21:52:51 - [MESSAGE][PASSED] - Call Test Case 'Test Cases/CommonLibraries/Login' successfully

2018-07-05 21:52:51 - [TEST_STEP][PASSED] - waitForElementPresent: Object 'Object Repository/OnlineStorePage/Search Box' is present

2018-07-05 21:53:22 - [MESSAGE][PASSED] - Object 'Object Repository/OnlineStorePage/Search Box' is present

2018-07-05 21:53:22 - [TEST_STEP][PASSED] - waitForPageLoad: Wait for page load successfully

2018-07-05 21:53:22 - [MESSAGE][PASSED] - Wait for page load successfully

2018-07-05 21:53:22 - [TEST_STEP][PASSED] - sendKeys: Keys 'Item' sent to object: 'Object Repository/OnlineStorePage/Search Box'

2018-07-05 21:53:22 - [MESSAGE][PASSED] - Keys 'Item' sent to object: 'Object Repository/OnlineStorePage/Search Box'

2018-07-05 21:53:22 - [TEST_STEP][PASSED] - click: Object: 'Object Repository/OnlineStorePage/Search Icon' is clicked on

2018-07-05 21:53:22 - [MESSAGE][PASSED] - Object: 'Object Repository/OnlineStorePage/Search Icon' is clicked on

2018-07-05 21:53:22 - [MESSAGE][PASSED] - Call Test Case 'Test Cases/CommonLibraries/Search By Item' successfully

2018-07-05 21:53:22 - [TEST_STEP][PASSED] - waitForElementPresent: Object 'Object Repository/SearchResultPage/SearchItemTab/CatalogItems/Check Box For 2 row item list' is present

2018-07-05 21:53:29 - [MESSAGE][PASSED] - Object 'Object Repository/SearchResultPage/SearchItemTab/CatalogItems/Check Box For 2 row item list' is present

2018-07-05 21:53:29 - [TEST_STEP][PASSED] - click: Object: 'Object Repository/SearchResultPage/SearchItemTab/CatalogItems/Check Box For 2 row item list' is clicked on

2018-07-05 21:53:29 - [MESSAGE][PASSED] - Object: 'Object Repository/SearchResultPage/SearchItemTab/CatalogItems/Check Box For 2 row item list' is clicked on

2018-07-05 21:53:29 - [TEST_STEP][PASSED] - click: Object: 'Object Repository/SearchResultPage/SearchItemTab/CatalogItems/AddToCart_MultipleItem' is clicked on

2018-07-05 21:53:29 - [MESSAGE][PASSED] - Object: 'Object Repository/SearchResultPage/SearchItemTab/CatalogItems/AddToCart_MultipleItem' is clicked on

2018-07-05 21:53:29 - [TEST_STEP][PASSED] - click: Object: 'Object Repository/OnlineStorePage/CartIcon' is clicked on

2018-07-05 21:53:29 - [MESSAGE][PASSED] - Object: 'Object Repository/OnlineStorePage/CartIcon' is clicked on

2018-07-05 21:53:29 - [TEST_STEP][PASSED] - click: Object: 'Object Repository/Cart Page/ITEM1 Hyperlink' is clicked on

2018-07-05 21:53:30 - [MESSAGE][PASSED] - Object: 'Object Repository/Cart Page/ITEM1 Hyperlink' is clicked on

2018-07-05 21:53:30 - [TEST_STEP][PASSED] - waitForElementPresent: Object 'Object Repository/Popups/Item Details/Item details Pop Up' is present

2018-07-05 21:53:30 - [MESSAGE][PASSED] - Object 'Object Repository/Popups/Item Details/Item details Pop Up' is present

2018-07-05 21:53:30 - [TEST_STEP][PASSED] - verifyElementText: Actual text and expected text of test object 'Object Repository/Popups/Item Details/Item details Pop Up' are matched.

2018-07-05 21:53:30 - [MESSAGE][PASSED] - Actual text and expected text of test object 'Object Repository/Popups/Item Details/Item details Pop Up' are matched.

2018-07-05 21:53:30 - [TEST_STEP][PASSED] - closeBrowser: Browser is closed

2018-07-05 21:53:30 - [MESSAGE][PASSED] - Browser is closed]]></system-out>
         <system-err><![CDATA[]]></system-err>
      </testcase>
      <testcase name="Test Cases/DDS-272/DDS-3946 Pop-up should be displayed on clicking on the item name" classname="Test Cases/DDS-272/DDS-3946 Pop-up should be displayed on clicking on the item name" status="PASSED">
         <system-out><![CDATA[2018-07-05 21:53:30 - [TEST_CASE][PASSED] - Test Cases/DDS-272/DDS-3946 Pop-up should be displayed on clicking on the item name: Test Cases/DDS-272/DDS-3946 Pop-up should be displayed on clicking on the item name

2018-07-05 21:53:30 - [TEST_STEP][PASSED] - callTestCase: Call Test Case 'Test Cases/CommonLibraries/Search By Item' successfully

2018-07-05 21:53:30 - [TEST_CASE][PASSED] - Test Cases/CommonLibraries/Search By Item: Test Cases/CommonLibraries/Search By Item

2018-07-05 21:53:30 - [TEST_STEP][PASSED] - callTestCase: Call Test Case 'Test Cases/CommonLibraries/Login' successfully

2018-07-05 21:53:30 - [TEST_CASE][PASSED] - Test Cases/CommonLibraries/Login: Test Cases/CommonLibraries/Login

2018-07-05 21:53:30 - [TEST_STEP][PASSED] - openBrowser: Browser is opened with url: 'https://smtlogin.zycus.net/sso/login?serviceName=http://eproc-qa.zycus.net/'

2018-07-05 21:53:41 - [MESSAGE][PASSED] - Browser is opened with url: 'https://smtlogin.zycus.net/sso/login?serviceName=http://eproc-qa.zycus.net/'

2018-07-05 21:53:41 - [TEST_STEP][PASSED] - maximizeWindow: Current window maximized

2018-07-05 21:53:41 - [MESSAGE][PASSED] - Current window maximized

2018-07-05 21:53:41 - [TEST_STEP][PASSED] - waitForElementVisible: Object 'Object Repository/LoginPage/UserID' is visible

2018-07-05 21:53:41 - [MESSAGE][PASSED] - Object 'Object Repository/LoginPage/UserID' is visible

2018-07-05 21:53:41 - [TEST_STEP][PASSED] - sendKeys: Keys 'monicaqa@zycus.com' sent to object: 'Object Repository/LoginPage/UserID'

2018-07-05 21:53:42 - [MESSAGE][PASSED] - Keys 'monicaqa@zycus.com' sent to object: 'Object Repository/LoginPage/UserID'

2018-07-05 21:53:42 - [TEST_STEP][PASSED] - sendKeys: Keys 'eProc@123' sent to object: 'Object Repository/LoginPage/Password'

2018-07-05 21:53:42 - [MESSAGE][PASSED] - Keys 'eProc@123' sent to object: 'Object Repository/LoginPage/Password'

2018-07-05 21:53:42 - [TEST_STEP][PASSED] - click: Object: 'Object Repository/LoginPage/LoginButton' is clicked on

2018-07-05 21:53:46 - [MESSAGE][PASSED] - Object: 'Object Repository/LoginPage/LoginButton' is clicked on

2018-07-05 21:53:46 - [MESSAGE][PASSED] - Call Test Case 'Test Cases/CommonLibraries/Login' successfully

2018-07-05 21:53:46 - [TEST_STEP][PASSED] - waitForElementPresent: Object 'Object Repository/OnlineStorePage/Search Box' is present

2018-07-05 21:54:21 - [MESSAGE][PASSED] - Object 'Object Repository/OnlineStorePage/Search Box' is present

2018-07-05 21:54:21 - [TEST_STEP][PASSED] - waitForPageLoad: Wait for page load successfully

2018-07-05 21:54:22 - [MESSAGE][PASSED] - Wait for page load successfully

2018-07-05 21:54:22 - [TEST_STEP][PASSED] - sendKeys: Keys 'Item' sent to object: 'Object Repository/OnlineStorePage/Search Box'

2018-07-05 21:54:22 - [MESSAGE][PASSED] - Keys 'Item' sent to object: 'Object Repository/OnlineStorePage/Search Box'

2018-07-05 21:54:22 - [TEST_STEP][PASSED] - click: Object: 'Object Repository/OnlineStorePage/Search Icon' is clicked on

2018-07-05 21:54:22 - [MESSAGE][PASSED] - Object: 'Object Repository/OnlineStorePage/Search Icon' is clicked on

2018-07-05 21:54:22 - [MESSAGE][PASSED] - Call Test Case 'Test Cases/CommonLibraries/Search By Item' successfully

2018-07-05 21:54:22 - [TEST_STEP][PASSED] - waitForElementPresent: Object 'Object Repository/SearchResultPage/SearchItemTab/CatalogItems/Check Box For 2 row item list' is present

2018-07-05 21:54:29 - [MESSAGE][PASSED] - Object 'Object Repository/SearchResultPage/SearchItemTab/CatalogItems/Check Box For 2 row item list' is present

2018-07-05 21:54:29 - [TEST_STEP][PASSED] - click: Object: 'Object Repository/SearchResultPage/SearchItemTab/CatalogItems/Check Box For 2 row item list' is clicked on

2018-07-05 21:54:29 - [MESSAGE][PASSED] - Object: 'Object Repository/SearchResultPage/SearchItemTab/CatalogItems/Check Box For 2 row item list' is clicked on

2018-07-05 21:54:29 - [TEST_STEP][PASSED] - click: Object: 'Object Repository/SearchResultPage/SearchItemTab/CatalogItems/AddToCart_MultipleItem' is clicked on

2018-07-05 21:54:29 - [MESSAGE][PASSED] - Object: 'Object Repository/SearchResultPage/SearchItemTab/CatalogItems/AddToCart_MultipleItem' is clicked on

2018-07-05 21:54:29 - [TEST_STEP][PASSED] - click: Object: 'Object Repository/OnlineStorePage/CartIcon' is clicked on

2018-07-05 21:54:30 - [MESSAGE][PASSED] - Object: 'Object Repository/OnlineStorePage/CartIcon' is clicked on

2018-07-05 21:54:30 - [TEST_STEP][PASSED] - click: Object: 'Object Repository/Cart Page/ITEM1 Hyperlink' is clicked on

2018-07-05 21:54:30 - [MESSAGE][PASSED] - Object: 'Object Repository/Cart Page/ITEM1 Hyperlink' is clicked on

2018-07-05 21:54:30 - [TEST_STEP][PASSED] - waitForElementPresent: Object 'Object Repository/Popups/Item Details/Item details Pop Up' is present

2018-07-05 21:54:30 - [MESSAGE][PASSED] - Object 'Object Repository/Popups/Item Details/Item details Pop Up' is present

2018-07-05 21:54:30 - [TEST_STEP][PASSED] - verifyElementText: Actual text and expected text of test object 'Object Repository/Popups/Item Details/Item details Pop Up' are matched.

2018-07-05 21:54:30 - [MESSAGE][PASSED] - Actual text and expected text of test object 'Object Repository/Popups/Item Details/Item details Pop Up' are matched.

2018-07-05 21:54:30 - [TEST_STEP][PASSED] - closeBrowser: Browser is closed

2018-07-05 21:54:30 - [MESSAGE][PASSED] - Browser is closed]]></system-out>
         <system-err><![CDATA[]]></system-err>
      </testcase>
      <testcase name="Test Cases/DDS-272/DDS-3948 Item number for catalog items should have its Part number displayed in it" classname="Test Cases/DDS-272/DDS-3948 Item number for catalog items should have its Part number displayed in it" status="FAILED">
         <failure type="FAILED" message="Unable to get text of object 'Object Repository/Cart Page/Item No details for Item 1' (Root cause: com.kms.katalon.core.webui.exception.WebElementNotFoundException: Web element with id: 'Object Repository/Cart Page/Item No details for Item 1' located by 'By.xpath: //td[3][text()='1234']' not found)"/>
         <system-out><![CDATA[2018-07-05 21:54:30 - [TEST_CASE][FAILED] - Test Cases/DDS-272/DDS-3948 Item number for catalog items should have its Part number displayed in it: Test Cases/DDS-272/DDS-3948 Item number for catalog items should have its Part number displayed in it FAILED because (of) Unable to get text of object 'Object Repository/Cart Page/Item No details for Item 1' (Root cause: com.kms.katalon.core.webui.exception.WebElementNotFoundException: Web element with id: 'Object Repository/Cart Page/Item No details for Item 1' located by 'By.xpath: //td[3][text()='1234']' not found)

2018-07-05 21:54:30 - [TEST_STEP][PASSED] - callTestCase: Call Test Case 'Test Cases/CommonLibraries/Search By Item' successfully

2018-07-05 21:54:31 - [TEST_CASE][PASSED] - Test Cases/CommonLibraries/Search By Item: Test Cases/CommonLibraries/Search By Item

2018-07-05 21:54:31 - [TEST_STEP][PASSED] - callTestCase: Call Test Case 'Test Cases/CommonLibraries/Login' successfully

2018-07-05 21:54:31 - [TEST_CASE][PASSED] - Test Cases/CommonLibraries/Login: Test Cases/CommonLibraries/Login

2018-07-05 21:54:31 - [TEST_STEP][PASSED] - openBrowser: Browser is opened with url: 'https://smtlogin.zycus.net/sso/login?serviceName=http://eproc-qa.zycus.net/'

2018-07-05 21:54:49 - [MESSAGE][PASSED] - Browser is opened with url: 'https://smtlogin.zycus.net/sso/login?serviceName=http://eproc-qa.zycus.net/'

2018-07-05 21:54:49 - [TEST_STEP][PASSED] - maximizeWindow: Current window maximized

2018-07-05 21:54:50 - [MESSAGE][PASSED] - Current window maximized

2018-07-05 21:54:50 - [TEST_STEP][PASSED] - waitForElementVisible: Object 'Object Repository/LoginPage/UserID' is visible

2018-07-05 21:54:50 - [MESSAGE][PASSED] - Object 'Object Repository/LoginPage/UserID' is visible

2018-07-05 21:54:50 - [TEST_STEP][PASSED] - sendKeys: Keys 'monicaqa@zycus.com' sent to object: 'Object Repository/LoginPage/UserID'

2018-07-05 21:54:50 - [MESSAGE][PASSED] - Keys 'monicaqa@zycus.com' sent to object: 'Object Repository/LoginPage/UserID'

2018-07-05 21:54:50 - [TEST_STEP][PASSED] - sendKeys: Keys 'eProc@123' sent to object: 'Object Repository/LoginPage/Password'

2018-07-05 21:54:50 - [MESSAGE][PASSED] - Keys 'eProc@123' sent to object: 'Object Repository/LoginPage/Password'

2018-07-05 21:54:50 - [TEST_STEP][PASSED] - click: Object: 'Object Repository/LoginPage/LoginButton' is clicked on

2018-07-05 21:54:53 - [MESSAGE][PASSED] - Object: 'Object Repository/LoginPage/LoginButton' is clicked on

2018-07-05 21:54:53 - [MESSAGE][PASSED] - Call Test Case 'Test Cases/CommonLibraries/Login' successfully

2018-07-05 21:54:53 - [TEST_STEP][PASSED] - waitForElementPresent: Object 'Object Repository/OnlineStorePage/Search Box' is present

2018-07-05 21:55:26 - [MESSAGE][PASSED] - Object 'Object Repository/OnlineStorePage/Search Box' is present

2018-07-05 21:55:26 - [TEST_STEP][PASSED] - waitForPageLoad: Wait for page load successfully

2018-07-05 21:55:27 - [MESSAGE][PASSED] - Wait for page load successfully

2018-07-05 21:55:27 - [TEST_STEP][PASSED] - sendKeys: Keys 'Item' sent to object: 'Object Repository/OnlineStorePage/Search Box'

2018-07-05 21:55:27 - [MESSAGE][PASSED] - Keys 'Item' sent to object: 'Object Repository/OnlineStorePage/Search Box'

2018-07-05 21:55:27 - [TEST_STEP][PASSED] - click: Object: 'Object Repository/OnlineStorePage/Search Icon' is clicked on

2018-07-05 21:55:27 - [MESSAGE][PASSED] - Object: 'Object Repository/OnlineStorePage/Search Icon' is clicked on

2018-07-05 21:55:27 - [MESSAGE][PASSED] - Call Test Case 'Test Cases/CommonLibraries/Search By Item' successfully

2018-07-05 21:55:27 - [TEST_STEP][PASSED] - waitForElementPresent: Object 'Object Repository/SearchResultPage/SearchItemTab/CatalogItems/Check Box For 2 row item list' is present

2018-07-05 21:55:33 - [MESSAGE][PASSED] - Object 'Object Repository/SearchResultPage/SearchItemTab/CatalogItems/Check Box For 2 row item list' is present

2018-07-05 21:55:33 - [TEST_STEP][PASSED] - click: Object: 'Object Repository/SearchResultPage/SearchItemTab/CatalogItems/Check Box For 2 row item list' is clicked on

2018-07-05 21:55:33 - [MESSAGE][PASSED] - Object: 'Object Repository/SearchResultPage/SearchItemTab/CatalogItems/Check Box For 2 row item list' is clicked on

2018-07-05 21:55:33 - [TEST_STEP][PASSED] - Statement - PartNo = com.kms.katalon.core.webui.keyword.WebUiBuiltInKeywords.getText(com.kms.katalon.core.testobject.ObjectRepository.findTestObject(Cart Page/Part No For Item1)): Text of object 'Object Repository/Cart Page/Part No For Item1' is: '1234'

2018-07-05 21:55:33 - [MESSAGE][PASSED] - Text of object 'Object Repository/Cart Page/Part No For Item1' is: '1234'

2018-07-05 21:55:33 - [TEST_STEP][PASSED] - click: Object: 'Object Repository/SearchResultPage/SearchItemTab/CatalogItems/AddToCart_MultipleItem' is clicked on

2018-07-05 21:55:33 - [MESSAGE][PASSED] - Object: 'Object Repository/SearchResultPage/SearchItemTab/CatalogItems/AddToCart_MultipleItem' is clicked on

2018-07-05 21:55:33 - [TEST_STEP][PASSED] - click: Object: 'Object Repository/OnlineStorePage/CartIcon' is clicked on

2018-07-05 21:55:33 - [MESSAGE][PASSED] - Object: 'Object Repository/OnlineStorePage/CartIcon' is clicked on

2018-07-05 21:55:33 - [TEST_STEP][FAILED] - Statement - ItemNo = com.kms.katalon.core.webui.keyword.WebUiBuiltInKeywords.getText(com.kms.katalon.core.testobject.ObjectRepository.findTestObject(Cart Page/Item No details for Item 1)): Unable to get text of object 'Object Repository/Cart Page/Item No details for Item 1' (Root cause: com.kms.katalon.core.webui.exception.WebElementNotFoundException: Web element with id: 'Object Repository/Cart Page/Item No details for Item 1' located by 'By.xpath: //td[3][text()='1234']' not found)

2018-07-05 21:57:18 - [MESSAGE][FAILED] - Unable to get text of object 'Object Repository/Cart Page/Item No details for Item 1' (Root cause: com.kms.katalon.core.webui.exception.WebElementNotFoundException: Web element with id: 'Object Repository/Cart Page/Item No details for Item 1' located by 'By.xpath: //td[3][text()='1234']' not found)
[[ATTACHMENT|C:\\Users\\vikas.kiroula\\git\\eProc\\Reports\\VikasTestCase\\20180705_205940\\1530808037720.png]]]]></system-out>
         <system-err><![CDATA[2018-07-05 21:54:30 - [TEST_CASE][FAILED] - Test Cases/DDS-272/DDS-3948 Item number for catalog items should have its Part number displayed in it: Test Cases/DDS-272/DDS-3948 Item number for catalog items should have its Part number displayed in it FAILED because (of) Unable to get text of object 'Object Repository/Cart Page/Item No details for Item 1' (Root cause: com.kms.katalon.core.webui.exception.WebElementNotFoundException: Web element with id: 'Object Repository/Cart Page/Item No details for Item 1' located by 'By.xpath: //td[3][text()='1234']' not found)]]></system-err>
      </testcase>
      <testcase name="Test Cases/DDS-272/DDS-3950 Supplier Name should be prepopulated for catalog items and field should not be editable" classname="Test Cases/DDS-272/DDS-3950 Supplier Name should be prepopulated for catalog items and field should not be editable" status="PASSED">
         <system-out><![CDATA[2018-07-05 21:57:18 - [TEST_CASE][PASSED] - Test Cases/DDS-272/DDS-3950 Supplier Name should be prepopulated for catalog items and field should not be editable: Test Cases/DDS-272/DDS-3950 Supplier Name should be prepopulated for catalog items and field should not be editable

2018-07-05 21:57:18 - [TEST_STEP][PASSED] - callTestCase: Call Test Case 'Test Cases/CommonLibraries/Search By Item' successfully

2018-07-05 21:57:18 - [TEST_CASE][PASSED] - Test Cases/CommonLibraries/Search By Item: Test Cases/CommonLibraries/Search By Item

2018-07-05 21:57:18 - [TEST_STEP][PASSED] - callTestCase: Call Test Case 'Test Cases/CommonLibraries/Login' successfully

2018-07-05 21:57:18 - [TEST_CASE][PASSED] - Test Cases/CommonLibraries/Login: Test Cases/CommonLibraries/Login

2018-07-05 21:57:18 - [TEST_STEP][PASSED] - openBrowser: Browser is opened with url: 'https://smtlogin.zycus.net/sso/login?serviceName=http://eproc-qa.zycus.net/'

2018-07-05 21:57:18 - [MESSAGE][WARNING] - A browser is already opened. Closing browser and opening a new one

2018-07-05 21:57:36 - [MESSAGE][PASSED] - Browser is opened with url: 'https://smtlogin.zycus.net/sso/login?serviceName=http://eproc-qa.zycus.net/'

2018-07-05 21:57:36 - [TEST_STEP][PASSED] - maximizeWindow: Current window maximized

2018-07-05 21:57:36 - [MESSAGE][PASSED] - Current window maximized

2018-07-05 21:57:36 - [TEST_STEP][PASSED] - waitForElementVisible: Object 'Object Repository/LoginPage/UserID' is visible

2018-07-05 21:57:36 - [MESSAGE][PASSED] - Object 'Object Repository/LoginPage/UserID' is visible

2018-07-05 21:57:36 - [TEST_STEP][PASSED] - sendKeys: Keys 'monicaqa@zycus.com' sent to object: 'Object Repository/LoginPage/UserID'

2018-07-05 21:57:36 - [MESSAGE][PASSED] - Keys 'monicaqa@zycus.com' sent to object: 'Object Repository/LoginPage/UserID'

2018-07-05 21:57:36 - [TEST_STEP][PASSED] - sendKeys: Keys 'eProc@123' sent to object: 'Object Repository/LoginPage/Password'

2018-07-05 21:57:36 - [MESSAGE][PASSED] - Keys 'eProc@123' sent to object: 'Object Repository/LoginPage/Password'

2018-07-05 21:57:36 - [TEST_STEP][PASSED] - click: Object: 'Object Repository/LoginPage/LoginButton' is clicked on

2018-07-05 21:57:40 - [MESSAGE][PASSED] - Object: 'Object Repository/LoginPage/LoginButton' is clicked on

2018-07-05 21:57:40 - [MESSAGE][PASSED] - Call Test Case 'Test Cases/CommonLibraries/Login' successfully

2018-07-05 21:57:40 - [TEST_STEP][PASSED] - waitForElementPresent: Object 'Object Repository/OnlineStorePage/Search Box' is present

2018-07-05 21:58:10 - [MESSAGE][PASSED] - Object 'Object Repository/OnlineStorePage/Search Box' is present

2018-07-05 21:58:10 - [TEST_STEP][PASSED] - waitForPageLoad: Wait for page load successfully

2018-07-05 21:58:10 - [MESSAGE][PASSED] - Wait for page load successfully

2018-07-05 21:58:10 - [TEST_STEP][PASSED] - sendKeys: Keys 'Item' sent to object: 'Object Repository/OnlineStorePage/Search Box'

2018-07-05 21:58:10 - [MESSAGE][PASSED] - Keys 'Item' sent to object: 'Object Repository/OnlineStorePage/Search Box'

2018-07-05 21:58:10 - [TEST_STEP][PASSED] - click: Object: 'Object Repository/OnlineStorePage/Search Icon' is clicked on

2018-07-05 21:58:11 - [MESSAGE][PASSED] - Object: 'Object Repository/OnlineStorePage/Search Icon' is clicked on

2018-07-05 21:58:11 - [MESSAGE][PASSED] - Call Test Case 'Test Cases/CommonLibraries/Search By Item' successfully

2018-07-05 21:58:11 - [TEST_STEP][PASSED] - waitForElementPresent: Object 'Object Repository/SearchResultPage/SearchItemTab/CatalogItems/Check Box For 2 row item list' is present

2018-07-05 21:58:17 - [MESSAGE][PASSED] - Object 'Object Repository/SearchResultPage/SearchItemTab/CatalogItems/Check Box For 2 row item list' is present

2018-07-05 21:58:17 - [TEST_STEP][PASSED] - Statement - ActualSupplierName = com.kms.katalon.core.webui.keyword.WebUiBuiltInKeywords.getText(com.kms.katalon.core.testobject.ObjectRepository.findTestObject(SearchResultPage/SearchItemTab/CatalogItems/Supplier Name for ITEM1)): Text of object 'Object Repository/SearchResultPage/SearchItemTab/CatalogItems/Supplier Name for ITEM1' is: 'By TEST SUPPLIER ZEBA 645'

2018-07-05 21:58:17 - [MESSAGE][PASSED] - Text of object 'Object Repository/SearchResultPage/SearchItemTab/CatalogItems/Supplier Name for ITEM1' is: 'By TEST SUPPLIER ZEBA 645'

2018-07-05 21:58:17 - [TEST_STEP][PASSED] - Statement - arr1 = ActualSupplierName.split(" "): null

2018-07-05 21:58:17 - [TEST_STEP][PASSED] - Statement - actual = arr1[1] + " " + arr1[2] + " " + arr1[3] + " " + arr1[4]: null

2018-07-05 21:58:17 - [TEST_STEP][PASSED] - click: Object: 'Object Repository/SearchResultPage/SearchItemTab/CatalogItems/Check Box For 2 row item list' is clicked on

2018-07-05 21:58:18 - [MESSAGE][PASSED] - Object: 'Object Repository/SearchResultPage/SearchItemTab/CatalogItems/Check Box For 2 row item list' is clicked on

2018-07-05 21:58:18 - [TEST_STEP][PASSED] - click: Object: 'Object Repository/SearchResultPage/SearchItemTab/CatalogItems/AddToCart_MultipleItem' is clicked on

2018-07-05 21:58:18 - [MESSAGE][PASSED] - Object: 'Object Repository/SearchResultPage/SearchItemTab/CatalogItems/AddToCart_MultipleItem' is clicked on

2018-07-05 21:58:18 - [TEST_STEP][PASSED] - click: Object: 'Object Repository/OnlineStorePage/CartIcon' is clicked on

2018-07-05 21:58:18 - [MESSAGE][PASSED] - Object: 'Object Repository/OnlineStorePage/CartIcon' is clicked on

2018-07-05 21:58:18 - [TEST_STEP][PASSED] - Statement - ExpectedSupplierName = com.kms.katalon.core.webui.keyword.WebUiBuiltInKeywords.getText(com.kms.katalon.core.testobject.ObjectRepository.findTestObject(Cart Page/Supplier name For ITEM1), STOP_ON_FAILURE): Text of object 'Object Repository/Cart Page/Supplier name For ITEM1' is: 'TEST SUPPLIER ZEBA 645'

2018-07-05 21:58:18 - [MESSAGE][PASSED] - Text of object 'Object Repository/Cart Page/Supplier name For ITEM1' is: 'TEST SUPPLIER ZEBA 645'

2018-07-05 21:58:18 - [TEST_STEP][PASSED] - verifyMatch: Actual text 'TEST SUPPLIER ZEBA 645' and expected text 'TEST SUPPLIER ZEBA 645' are matched  using regular expression

2018-07-05 21:58:18 - [MESSAGE][PASSED] - Actual text 'TEST SUPPLIER ZEBA 645' and expected text 'TEST SUPPLIER ZEBA 645' are matched  using regular expression

2018-07-05 21:58:18 - [TEST_STEP][PASSED] - verifyElementNotHasAttribute: Object 'Object Repository/Cart Page/Supplier name For ITEM1' does not have attribute 'type'

2018-07-05 21:58:18 - [MESSAGE][PASSED] - Object 'Object Repository/Cart Page/Supplier name For ITEM1' does not have attribute 'type'

2018-07-05 21:58:18 - [TEST_STEP][PASSED] - closeBrowser: Browser is closed

2018-07-05 21:58:19 - [MESSAGE][PASSED] - Browser is closed]]></system-out>
         <system-err><![CDATA[]]></system-err>
      </testcase>
      <testcase name="Test Cases/DDS-272/DDS-3951 Value in currency and unit price field should be autopopulated" classname="Test Cases/DDS-272/DDS-3951 Value in currency and unit price field should be autopopulated" status="FAILED">
         <failure type="FAILED" message="Unable to verify match between actual text 'INR 200' and expected text 'INR 20' using regular expression (Root cause: Actual text 'INR 200' and expected text 'INR 20' are not matched using regular expression)"/>
         <system-out><![CDATA[2018-07-05 21:58:19 - [TEST_CASE][FAILED] - Test Cases/DDS-272/DDS-3951 Value in currency and unit price field should be autopopulated: Test Cases/DDS-272/DDS-3951 Value in currency and unit price field should be autopopulated FAILED because (of) Unable to verify match between actual text 'INR 200' and expected text 'INR 20' using regular expression (Root cause: Actual text 'INR 200' and expected text 'INR 20' are not matched using regular expression)

2018-07-05 21:58:19 - [TEST_STEP][PASSED] - callTestCase: Call Test Case 'Test Cases/CommonLibraries/Search By Item' successfully

2018-07-05 21:58:19 - [TEST_CASE][PASSED] - Test Cases/CommonLibraries/Search By Item: Test Cases/CommonLibraries/Search By Item

2018-07-05 21:58:19 - [TEST_STEP][PASSED] - callTestCase: Call Test Case 'Test Cases/CommonLibraries/Login' successfully

2018-07-05 21:58:19 - [TEST_CASE][PASSED] - Test Cases/CommonLibraries/Login: Test Cases/CommonLibraries/Login

2018-07-05 21:58:19 - [TEST_STEP][PASSED] - openBrowser: Browser is opened with url: 'https://smtlogin.zycus.net/sso/login?serviceName=http://eproc-qa.zycus.net/'

2018-07-05 21:58:42 - [MESSAGE][PASSED] - Browser is opened with url: 'https://smtlogin.zycus.net/sso/login?serviceName=http://eproc-qa.zycus.net/'

2018-07-05 21:58:42 - [TEST_STEP][PASSED] - maximizeWindow: Current window maximized

2018-07-05 21:58:44 - [MESSAGE][PASSED] - Current window maximized

2018-07-05 21:58:44 - [TEST_STEP][PASSED] - waitForElementVisible: Object 'Object Repository/LoginPage/UserID' is visible

2018-07-05 21:58:44 - [MESSAGE][PASSED] - Object 'Object Repository/LoginPage/UserID' is visible

2018-07-05 21:58:44 - [TEST_STEP][PASSED] - sendKeys: Keys 'monicaqa@zycus.com' sent to object: 'Object Repository/LoginPage/UserID'

2018-07-05 21:58:44 - [MESSAGE][PASSED] - Keys 'monicaqa@zycus.com' sent to object: 'Object Repository/LoginPage/UserID'

2018-07-05 21:58:44 - [TEST_STEP][PASSED] - sendKeys: Keys 'eProc@123' sent to object: 'Object Repository/LoginPage/Password'

2018-07-05 21:58:44 - [MESSAGE][PASSED] - Keys 'eProc@123' sent to object: 'Object Repository/LoginPage/Password'

2018-07-05 21:58:44 - [TEST_STEP][PASSED] - click: Object: 'Object Repository/LoginPage/LoginButton' is clicked on

2018-07-05 21:58:49 - [MESSAGE][PASSED] - Object: 'Object Repository/LoginPage/LoginButton' is clicked on

2018-07-05 21:58:49 - [MESSAGE][PASSED] - Call Test Case 'Test Cases/CommonLibraries/Login' successfully

2018-07-05 21:58:49 - [TEST_STEP][PASSED] - waitForElementPresent: Object 'Object Repository/OnlineStorePage/Search Box' is present

2018-07-05 21:59:22 - [MESSAGE][PASSED] - Object 'Object Repository/OnlineStorePage/Search Box' is present

2018-07-05 21:59:22 - [TEST_STEP][PASSED] - waitForPageLoad: Wait for page load successfully

2018-07-05 21:59:22 - [MESSAGE][PASSED] - Wait for page load successfully

2018-07-05 21:59:22 - [TEST_STEP][PASSED] - sendKeys: Keys 'Item' sent to object: 'Object Repository/OnlineStorePage/Search Box'

2018-07-05 21:59:22 - [MESSAGE][PASSED] - Keys 'Item' sent to object: 'Object Repository/OnlineStorePage/Search Box'

2018-07-05 21:59:22 - [TEST_STEP][PASSED] - click: Object: 'Object Repository/OnlineStorePage/Search Icon' is clicked on

2018-07-05 21:59:22 - [MESSAGE][PASSED] - Object: 'Object Repository/OnlineStorePage/Search Icon' is clicked on

2018-07-05 21:59:22 - [MESSAGE][PASSED] - Call Test Case 'Test Cases/CommonLibraries/Search By Item' successfully

2018-07-05 21:59:22 - [TEST_STEP][PASSED] - waitForElementPresent: Object 'Object Repository/SearchResultPage/SearchItemTab/CatalogItems/Check Box For 3 Row Item List' is present

2018-07-05 21:59:28 - [MESSAGE][PASSED] - Object 'Object Repository/SearchResultPage/SearchItemTab/CatalogItems/Check Box For 3 Row Item List' is present

2018-07-05 21:59:28 - [TEST_STEP][PASSED] - Statement - ActualCurrencyValue = com.kms.katalon.core.webui.keyword.WebUiBuiltInKeywords.getText(com.kms.katalon.core.testobject.ObjectRepository.findTestObject(SearchResultPage/SearchItemTab/CatalogItems/Currency Value For ITEM1)): Text of object 'Object Repository/SearchResultPage/SearchItemTab/CatalogItems/Currency Value For ITEM1' is: 'INR 200'

2018-07-05 21:59:28 - [MESSAGE][PASSED] - Text of object 'Object Repository/SearchResultPage/SearchItemTab/CatalogItems/Currency Value For ITEM1' is: 'INR 200'

2018-07-05 21:59:28 - [TEST_STEP][PASSED] - click: Object: 'Object Repository/SearchResultPage/SearchItemTab/CatalogItems/Check Box For 3 Row Item List' is clicked on

2018-07-05 21:59:28 - [MESSAGE][PASSED] - Object: 'Object Repository/SearchResultPage/SearchItemTab/CatalogItems/Check Box For 3 Row Item List' is clicked on

2018-07-05 21:59:28 - [TEST_STEP][PASSED] - click: Object: 'Object Repository/SearchResultPage/SearchItemTab/CatalogItems/AddToCart_MultipleItem' is clicked on

2018-07-05 21:59:28 - [MESSAGE][PASSED] - Object: 'Object Repository/SearchResultPage/SearchItemTab/CatalogItems/AddToCart_MultipleItem' is clicked on

2018-07-05 21:59:28 - [TEST_STEP][PASSED] - click: Object: 'Object Repository/OnlineStorePage/CartIcon' is clicked on

2018-07-05 21:59:28 - [MESSAGE][PASSED] - Object: 'Object Repository/OnlineStorePage/CartIcon' is clicked on

2018-07-05 21:59:28 - [TEST_STEP][PASSED] - Statement - ExpectedCurrencyValue = com.kms.katalon.core.webui.keyword.WebUiBuiltInKeywords.getText(com.kms.katalon.core.testobject.ObjectRepository.findTestObject(Cart Page/Currency and Unit price Text), STOP_ON_FAILURE): Text of object 'Object Repository/Cart Page/Currency and Unit price Text' is: 'INR 20'

2018-07-05 21:59:29 - [MESSAGE][PASSED] - Text of object 'Object Repository/Cart Page/Currency and Unit price Text' is: 'INR 20'

2018-07-05 21:59:29 - [TEST_STEP][FAILED] - verifyMatch: Unable to verify match between actual text 'INR 200' and expected text 'INR 20' using regular expression (Root cause: Actual text 'INR 200' and expected text 'INR 20' are not matched using regular expression)

2018-07-05 21:59:29 - [MESSAGE][FAILED] - Unable to verify match between actual text 'INR 200' and expected text 'INR 20' using regular expression (Root cause: Actual text 'INR 200' and expected text 'INR 20' are not matched using regular expression)]]></system-out>
         <system-err><![CDATA[2018-07-05 21:58:19 - [TEST_CASE][FAILED] - Test Cases/DDS-272/DDS-3951 Value in currency and unit price field should be autopopulated: Test Cases/DDS-272/DDS-3951 Value in currency and unit price field should be autopopulated FAILED because (of) Unable to verify match between actual text 'INR 200' and expected text 'INR 20' using regular expression (Root cause: Actual text 'INR 200' and expected text 'INR 20' are not matched using regular expression)]]></system-err>
      </testcase>
      <testcase name="Test Cases/DDS-272/DDS-3952 Currency in unit price should be as per the product currency" classname="Test Cases/DDS-272/DDS-3952 Currency in unit price should be as per the product currency" status="FAILED">
         <failure type="FAILED" message="Unable to get text of object 'Object Repository/SearchResultPage/SearchItemTab/CatalogItems/Currency Value For ITEM1' (Root cause: com.kms.katalon.core.webui.exception.WebElementNotFoundException: Web element with id: 'Object Repository/SearchResultPage/SearchItemTab/CatalogItems/Currency Value For ITEM1' located by 'By.xpath: //span[text()='INR 200']' not found)"/>
         <system-out><![CDATA[2018-07-05 21:59:29 - [TEST_CASE][FAILED] - Test Cases/DDS-272/DDS-3952 Currency in unit price should be as per the product currency: Test Cases/DDS-272/DDS-3952 Currency in unit price should be as per the product currency FAILED because (of) Unable to get text of object 'Object Repository/SearchResultPage/SearchItemTab/CatalogItems/Currency Value For ITEM1' (Root cause: com.kms.katalon.core.webui.exception.WebElementNotFoundException: Web element with id: 'Object Repository/SearchResultPage/SearchItemTab/CatalogItems/Currency Value For ITEM1' located by 'By.xpath: //span[text()='INR 200']' not found)

2018-07-05 21:59:29 - [TEST_STEP][PASSED] - callTestCase: Call Test Case 'Test Cases/CommonLibraries/Search By Item' successfully

2018-07-05 21:59:29 - [TEST_CASE][PASSED] - Test Cases/CommonLibraries/Search By Item: Test Cases/CommonLibraries/Search By Item

2018-07-05 21:59:29 - [TEST_STEP][PASSED] - callTestCase: Call Test Case 'Test Cases/CommonLibraries/Login' successfully

2018-07-05 21:59:29 - [TEST_CASE][PASSED] - Test Cases/CommonLibraries/Login: Test Cases/CommonLibraries/Login

2018-07-05 21:59:29 - [TEST_STEP][PASSED] - openBrowser: Browser is opened with url: 'https://smtlogin.zycus.net/sso/login?serviceName=http://eproc-qa.zycus.net/'

2018-07-05 21:59:29 - [MESSAGE][WARNING] - A browser is already opened. Closing browser and opening a new one

2018-07-05 21:59:45 - [MESSAGE][PASSED] - Browser is opened with url: 'https://smtlogin.zycus.net/sso/login?serviceName=http://eproc-qa.zycus.net/'

2018-07-05 21:59:45 - [TEST_STEP][PASSED] - maximizeWindow: Current window maximized

2018-07-05 21:59:45 - [MESSAGE][PASSED] - Current window maximized

2018-07-05 21:59:45 - [TEST_STEP][PASSED] - waitForElementVisible: Object 'Object Repository/LoginPage/UserID' is visible

2018-07-05 21:59:45 - [MESSAGE][PASSED] - Object 'Object Repository/LoginPage/UserID' is visible

2018-07-05 21:59:45 - [TEST_STEP][PASSED] - sendKeys: Keys 'monicaqa@zycus.com' sent to object: 'Object Repository/LoginPage/UserID'

2018-07-05 21:59:45 - [MESSAGE][PASSED] - Keys 'monicaqa@zycus.com' sent to object: 'Object Repository/LoginPage/UserID'

2018-07-05 21:59:45 - [TEST_STEP][PASSED] - sendKeys: Keys 'eProc@123' sent to object: 'Object Repository/LoginPage/Password'

2018-07-05 21:59:45 - [MESSAGE][PASSED] - Keys 'eProc@123' sent to object: 'Object Repository/LoginPage/Password'

2018-07-05 21:59:45 - [TEST_STEP][PASSED] - click: Object: 'Object Repository/LoginPage/LoginButton' is clicked on

2018-07-05 21:59:50 - [MESSAGE][PASSED] - Object: 'Object Repository/LoginPage/LoginButton' is clicked on

2018-07-05 21:59:50 - [MESSAGE][PASSED] - Call Test Case 'Test Cases/CommonLibraries/Login' successfully

2018-07-05 21:59:50 - [TEST_STEP][PASSED] - waitForElementPresent: Object 'Object Repository/OnlineStorePage/Search Box' is present

2018-07-05 22:00:19 - [MESSAGE][PASSED] - Object 'Object Repository/OnlineStorePage/Search Box' is present

2018-07-05 22:00:19 - [TEST_STEP][PASSED] - waitForPageLoad: Wait for page load successfully

2018-07-05 22:00:19 - [MESSAGE][PASSED] - Wait for page load successfully

2018-07-05 22:00:19 - [TEST_STEP][PASSED] - sendKeys: Keys 'Item' sent to object: 'Object Repository/OnlineStorePage/Search Box'

2018-07-05 22:00:20 - [MESSAGE][PASSED] - Keys 'Item' sent to object: 'Object Repository/OnlineStorePage/Search Box'

2018-07-05 22:00:20 - [TEST_STEP][PASSED] - click: Object: 'Object Repository/OnlineStorePage/Search Icon' is clicked on

2018-07-05 22:00:20 - [MESSAGE][PASSED] - Object: 'Object Repository/OnlineStorePage/Search Icon' is clicked on

2018-07-05 22:00:20 - [MESSAGE][PASSED] - Call Test Case 'Test Cases/CommonLibraries/Search By Item' successfully

2018-07-05 22:00:20 - [TEST_STEP][PASSED] - waitForElementPresent: Object 'Object Repository/SearchResultPage/SearchItemTab/CatalogItems/Check Box For 3 Row Item List' is not present after 50 second(s)

2018-07-05 22:01:11 - [MESSAGE][WARNING] - Object 'Object Repository/SearchResultPage/SearchItemTab/CatalogItems/Check Box For 3 Row Item List' is not present after 50 second(s)

2018-07-05 22:01:11 - [TEST_STEP][FAILED] - Statement - ActualCurrencyValue = com.kms.katalon.core.webui.keyword.WebUiBuiltInKeywords.getText(com.kms.katalon.core.testobject.ObjectRepository.findTestObject(SearchResultPage/SearchItemTab/CatalogItems/Currency Value For ITEM1)): Unable to get text of object 'Object Repository/SearchResultPage/SearchItemTab/CatalogItems/Currency Value For ITEM1' (Root cause: com.kms.katalon.core.webui.exception.WebElementNotFoundException: Web element with id: 'Object Repository/SearchResultPage/SearchItemTab/CatalogItems/Currency Value For ITEM1' located by 'By.xpath: //span[text()='INR 200']' not found)

2018-07-05 22:02:56 - [MESSAGE][FAILED] - Unable to get text of object 'Object Repository/SearchResultPage/SearchItemTab/CatalogItems/Currency Value For ITEM1' (Root cause: com.kms.katalon.core.webui.exception.WebElementNotFoundException: Web element with id: 'Object Repository/SearchResultPage/SearchItemTab/CatalogItems/Currency Value For ITEM1' located by 'By.xpath: //span[text()='INR 200']' not found)
[[ATTACHMENT|C:\\Users\\vikas.kiroula\\git\\eProc\\Reports\\VikasTestCase\\20180705_205940\\1530808376051.png]]]]></system-out>
         <system-err><![CDATA[2018-07-05 21:59:29 - [TEST_CASE][FAILED] - Test Cases/DDS-272/DDS-3952 Currency in unit price should be as per the product currency: Test Cases/DDS-272/DDS-3952 Currency in unit price should be as per the product currency FAILED because (of) Unable to get text of object 'Object Repository/SearchResultPage/SearchItemTab/CatalogItems/Currency Value For ITEM1' (Root cause: com.kms.katalon.core.webui.exception.WebElementNotFoundException: Web element with id: 'Object Repository/SearchResultPage/SearchItemTab/CatalogItems/Currency Value For ITEM1' located by 'By.xpath: //span[text()='INR 200']' not found)]]></system-err>
      </testcase>
      <testcase name="Test Cases/DDS-272/DDS-3953 Currency should be appended before the unit price" classname="Test Cases/DDS-272/DDS-3953 Currency should be appended before the unit price" status="FAILED">
         <failure type="FAILED" message="Unable to click on object 'Object Repository/SearchResultPage/SearchItemTab/CatalogItems/Check Box For 3 Row Item List' (Root cause: com.kms.katalon.core.webui.exception.WebElementNotFoundException: Web element with id: 'Object Repository/SearchResultPage/SearchItemTab/CatalogItems/Check Box For 3 Row Item List' located by 'By.xpath: //dew-tab[@id='items-in-catalogs']/eproc-product-list/dew-card/dew-flex/dew-flex-item[3]/eproc-product-card/dew-card/dew-row/dew-col[1]/div' not found)"/>
         <system-out><![CDATA[2018-07-05 22:02:56 - [TEST_CASE][FAILED] - Test Cases/DDS-272/DDS-3953 Currency should be appended before the unit price: Test Cases/DDS-272/DDS-3953 Currency should be appended before the unit price FAILED because (of) Unable to click on object 'Object Repository/SearchResultPage/SearchItemTab/CatalogItems/Check Box For 3 Row Item List' (Root cause: com.kms.katalon.core.webui.exception.WebElementNotFoundException: Web element with id: 'Object Repository/SearchResultPage/SearchItemTab/CatalogItems/Check Box For 3 Row Item List' located by 'By.xpath: //dew-tab[@id='items-in-catalogs']/eproc-product-list/dew-card/dew-flex/dew-flex-item[3]/eproc-product-card/dew-card/dew-row/dew-col[1]/div' not found)

2018-07-05 22:02:56 - [TEST_STEP][PASSED] - callTestCase: Call Test Case 'Test Cases/CommonLibraries/Search By Item' successfully

2018-07-05 22:02:57 - [TEST_CASE][PASSED] - Test Cases/CommonLibraries/Search By Item: Test Cases/CommonLibraries/Search By Item

2018-07-05 22:02:57 - [TEST_STEP][PASSED] - callTestCase: Call Test Case 'Test Cases/CommonLibraries/Login' successfully

2018-07-05 22:02:57 - [TEST_CASE][PASSED] - Test Cases/CommonLibraries/Login: Test Cases/CommonLibraries/Login

2018-07-05 22:02:57 - [TEST_STEP][PASSED] - openBrowser: Browser is opened with url: 'https://smtlogin.zycus.net/sso/login?serviceName=http://eproc-qa.zycus.net/'

2018-07-05 22:02:57 - [MESSAGE][WARNING] - A browser is already opened. Closing browser and opening a new one

2018-07-05 22:03:20 - [MESSAGE][PASSED] - Browser is opened with url: 'https://smtlogin.zycus.net/sso/login?serviceName=http://eproc-qa.zycus.net/'

2018-07-05 22:03:20 - [TEST_STEP][PASSED] - maximizeWindow: Current window maximized

2018-07-05 22:03:20 - [MESSAGE][PASSED] - Current window maximized

2018-07-05 22:03:20 - [TEST_STEP][PASSED] - waitForElementVisible: Object 'Object Repository/LoginPage/UserID' is visible

2018-07-05 22:03:20 - [MESSAGE][PASSED] - Object 'Object Repository/LoginPage/UserID' is visible

2018-07-05 22:03:20 - [TEST_STEP][PASSED] - sendKeys: Keys 'monicaqa@zycus.com' sent to object: 'Object Repository/LoginPage/UserID'

2018-07-05 22:03:20 - [MESSAGE][PASSED] - Keys 'monicaqa@zycus.com' sent to object: 'Object Repository/LoginPage/UserID'

2018-07-05 22:03:20 - [TEST_STEP][PASSED] - sendKeys: Keys 'eProc@123' sent to object: 'Object Repository/LoginPage/Password'

2018-07-05 22:03:20 - [MESSAGE][PASSED] - Keys 'eProc@123' sent to object: 'Object Repository/LoginPage/Password'

2018-07-05 22:03:20 - [TEST_STEP][PASSED] - click: Object: 'Object Repository/LoginPage/LoginButton' is clicked on

2018-07-05 22:03:24 - [MESSAGE][PASSED] - Object: 'Object Repository/LoginPage/LoginButton' is clicked on

2018-07-05 22:03:24 - [MESSAGE][PASSED] - Call Test Case 'Test Cases/CommonLibraries/Login' successfully

2018-07-05 22:03:24 - [TEST_STEP][PASSED] - waitForElementPresent: Object 'Object Repository/OnlineStorePage/Search Box' is present

2018-07-05 22:03:53 - [MESSAGE][PASSED] - Object 'Object Repository/OnlineStorePage/Search Box' is present

2018-07-05 22:03:53 - [TEST_STEP][PASSED] - waitForPageLoad: Wait for page load successfully

2018-07-05 22:03:53 - [MESSAGE][PASSED] - Wait for page load successfully

2018-07-05 22:03:53 - [TEST_STEP][PASSED] - sendKeys: Keys 'Item' sent to object: 'Object Repository/OnlineStorePage/Search Box'

2018-07-05 22:03:53 - [MESSAGE][PASSED] - Keys 'Item' sent to object: 'Object Repository/OnlineStorePage/Search Box'

2018-07-05 22:03:53 - [TEST_STEP][PASSED] - click: Object: 'Object Repository/OnlineStorePage/Search Icon' is clicked on

2018-07-05 22:03:53 - [MESSAGE][PASSED] - Object: 'Object Repository/OnlineStorePage/Search Icon' is clicked on

2018-07-05 22:03:53 - [MESSAGE][PASSED] - Call Test Case 'Test Cases/CommonLibraries/Search By Item' successfully

2018-07-05 22:03:53 - [TEST_STEP][PASSED] - waitForElementPresent: Object 'Object Repository/SearchResultPage/SearchItemTab/CatalogItems/Check Box For 3 Row Item List' is not present after 30 second(s)

2018-07-05 22:04:25 - [MESSAGE][WARNING] - Object 'Object Repository/SearchResultPage/SearchItemTab/CatalogItems/Check Box For 3 Row Item List' is not present after 30 second(s)

2018-07-05 22:04:25 - [TEST_STEP][FAILED] - click: Unable to click on object 'Object Repository/SearchResultPage/SearchItemTab/CatalogItems/Check Box For 3 Row Item List' (Root cause: com.kms.katalon.core.webui.exception.WebElementNotFoundException: Web element with id: 'Object Repository/SearchResultPage/SearchItemTab/CatalogItems/Check Box For 3 Row Item List' located by 'By.xpath: //dew-tab[@id='items-in-catalogs']/eproc-product-list/dew-card/dew-flex/dew-flex-item[3]/eproc-product-card/dew-card/dew-row/dew-col[1]/div' not found)

2018-07-05 22:06:10 - [MESSAGE][FAILED] - Unable to click on object 'Object Repository/SearchResultPage/SearchItemTab/CatalogItems/Check Box For 3 Row Item List' (Root cause: com.kms.katalon.core.webui.exception.WebElementNotFoundException: Web element with id: 'Object Repository/SearchResultPage/SearchItemTab/CatalogItems/Check Box For 3 Row Item List' located by 'By.xpath: //dew-tab[@id='items-in-catalogs']/eproc-product-list/dew-card/dew-flex/dew-flex-item[3]/eproc-product-card/dew-card/dew-row/dew-col[1]/div' not found)
[[ATTACHMENT|C:\\Users\\vikas.kiroula\\git\\eProc\\Reports\\VikasTestCase\\20180705_205940\\1530808569670.png]]]]></system-out>
         <system-err><![CDATA[2018-07-05 22:02:56 - [TEST_CASE][FAILED] - Test Cases/DDS-272/DDS-3953 Currency should be appended before the unit price: Test Cases/DDS-272/DDS-3953 Currency should be appended before the unit price FAILED because (of) Unable to click on object 'Object Repository/SearchResultPage/SearchItemTab/CatalogItems/Check Box For 3 Row Item List' (Root cause: com.kms.katalon.core.webui.exception.WebElementNotFoundException: Web element with id: 'Object Repository/SearchResultPage/SearchItemTab/CatalogItems/Check Box For 3 Row Item List' located by 'By.xpath: //dew-tab[@id='items-in-catalogs']/eproc-product-list/dew-card/dew-flex/dew-flex-item[3]/eproc-product-card/dew-card/dew-row/dew-col[1]/div' not found)]]></system-err>
      </testcase>
      <testcase name="Test Cases/DDS-272/DDS-3954 UOM should be displayed along with quantity" classname="Test Cases/DDS-272/DDS-3954 UOM should be displayed along with quantity" status="FAILED">
         <failure type="FAILED" message="Unable to click on object 'Object Repository/SearchResultPage/SearchItemTab/CatalogItems/Check Box For 3 Row Item List' (Root cause: com.kms.katalon.core.webui.exception.WebElementNotFoundException: Web element with id: 'Object Repository/SearchResultPage/SearchItemTab/CatalogItems/Check Box For 3 Row Item List' located by 'By.xpath: //dew-tab[@id='items-in-catalogs']/eproc-product-list/dew-card/dew-flex/dew-flex-item[3]/eproc-product-card/dew-card/dew-row/dew-col[1]/div' not found)"/>
         <system-out><![CDATA[2018-07-05 22:06:10 - [TEST_CASE][FAILED] - Test Cases/DDS-272/DDS-3954 UOM should be displayed along with quantity: Test Cases/DDS-272/DDS-3954 UOM should be displayed along with quantity FAILED because (of) Unable to click on object 'Object Repository/SearchResultPage/SearchItemTab/CatalogItems/Check Box For 3 Row Item List' (Root cause: com.kms.katalon.core.webui.exception.WebElementNotFoundException: Web element with id: 'Object Repository/SearchResultPage/SearchItemTab/CatalogItems/Check Box For 3 Row Item List' located by 'By.xpath: //dew-tab[@id='items-in-catalogs']/eproc-product-list/dew-card/dew-flex/dew-flex-item[3]/eproc-product-card/dew-card/dew-row/dew-col[1]/div' not found)

2018-07-05 22:06:10 - [TEST_STEP][PASSED] - callTestCase: Call Test Case 'Test Cases/CommonLibraries/Search By Item' successfully

2018-07-05 22:06:10 - [TEST_CASE][PASSED] - Test Cases/CommonLibraries/Search By Item: Test Cases/CommonLibraries/Search By Item

2018-07-05 22:06:10 - [TEST_STEP][PASSED] - callTestCase: Call Test Case 'Test Cases/CommonLibraries/Login' successfully

2018-07-05 22:06:10 - [TEST_CASE][PASSED] - Test Cases/CommonLibraries/Login: Test Cases/CommonLibraries/Login

2018-07-05 22:06:10 - [TEST_STEP][PASSED] - openBrowser: Browser is opened with url: 'https://smtlogin.zycus.net/sso/login?serviceName=http://eproc-qa.zycus.net/'

2018-07-05 22:06:10 - [MESSAGE][WARNING] - A browser is already opened. Closing browser and opening a new one

2018-07-05 22:06:24 - [MESSAGE][PASSED] - Browser is opened with url: 'https://smtlogin.zycus.net/sso/login?serviceName=http://eproc-qa.zycus.net/'

2018-07-05 22:06:24 - [TEST_STEP][PASSED] - maximizeWindow: Current window maximized

2018-07-05 22:06:27 - [MESSAGE][PASSED] - Current window maximized

2018-07-05 22:06:27 - [TEST_STEP][PASSED] - waitForElementVisible: Object 'Object Repository/LoginPage/UserID' is visible

2018-07-05 22:06:27 - [MESSAGE][PASSED] - Object 'Object Repository/LoginPage/UserID' is visible

2018-07-05 22:06:27 - [TEST_STEP][PASSED] - sendKeys: Keys 'monicaqa@zycus.com' sent to object: 'Object Repository/LoginPage/UserID'

2018-07-05 22:06:27 - [MESSAGE][PASSED] - Keys 'monicaqa@zycus.com' sent to object: 'Object Repository/LoginPage/UserID'

2018-07-05 22:06:27 - [TEST_STEP][PASSED] - sendKeys: Keys 'eProc@123' sent to object: 'Object Repository/LoginPage/Password'

2018-07-05 22:06:27 - [MESSAGE][PASSED] - Keys 'eProc@123' sent to object: 'Object Repository/LoginPage/Password'

2018-07-05 22:06:27 - [TEST_STEP][PASSED] - click: Object: 'Object Repository/LoginPage/LoginButton' is clicked on

2018-07-05 22:06:33 - [MESSAGE][PASSED] - Object: 'Object Repository/LoginPage/LoginButton' is clicked on

2018-07-05 22:06:33 - [MESSAGE][PASSED] - Call Test Case 'Test Cases/CommonLibraries/Login' successfully

2018-07-05 22:06:33 - [TEST_STEP][PASSED] - waitForElementPresent: Object 'Object Repository/OnlineStorePage/Search Box' is present

2018-07-05 22:07:00 - [MESSAGE][PASSED] - Object 'Object Repository/OnlineStorePage/Search Box' is present

2018-07-05 22:07:00 - [TEST_STEP][PASSED] - waitForPageLoad: Wait for page load successfully

2018-07-05 22:07:00 - [MESSAGE][PASSED] - Wait for page load successfully

2018-07-05 22:07:00 - [TEST_STEP][PASSED] - sendKeys: Keys 'Item' sent to object: 'Object Repository/OnlineStorePage/Search Box'

2018-07-05 22:07:01 - [MESSAGE][PASSED] - Keys 'Item' sent to object: 'Object Repository/OnlineStorePage/Search Box'

2018-07-05 22:07:01 - [TEST_STEP][PASSED] - click: Object: 'Object Repository/OnlineStorePage/Search Icon' is clicked on

2018-07-05 22:07:01 - [MESSAGE][PASSED] - Object: 'Object Repository/OnlineStorePage/Search Icon' is clicked on

2018-07-05 22:07:01 - [MESSAGE][PASSED] - Call Test Case 'Test Cases/CommonLibraries/Search By Item' successfully

2018-07-05 22:07:01 - [TEST_STEP][PASSED] - waitForElementPresent: Object 'Object Repository/SearchResultPage/SearchItemTab/CatalogItems/Check Box For 3 Row Item List' is not present after 50 second(s)

2018-07-05 22:07:53 - [MESSAGE][WARNING] - Object 'Object Repository/SearchResultPage/SearchItemTab/CatalogItems/Check Box For 3 Row Item List' is not present after 50 second(s)

2018-07-05 22:07:53 - [TEST_STEP][FAILED] - click: Unable to click on object 'Object Repository/SearchResultPage/SearchItemTab/CatalogItems/Check Box For 3 Row Item List' (Root cause: com.kms.katalon.core.webui.exception.WebElementNotFoundException: Web element with id: 'Object Repository/SearchResultPage/SearchItemTab/CatalogItems/Check Box For 3 Row Item List' located by 'By.xpath: //dew-tab[@id='items-in-catalogs']/eproc-product-list/dew-card/dew-flex/dew-flex-item[3]/eproc-product-card/dew-card/dew-row/dew-col[1]/div' not found)

2018-07-05 22:09:39 - [MESSAGE][FAILED] - Unable to click on object 'Object Repository/SearchResultPage/SearchItemTab/CatalogItems/Check Box For 3 Row Item List' (Root cause: com.kms.katalon.core.webui.exception.WebElementNotFoundException: Web element with id: 'Object Repository/SearchResultPage/SearchItemTab/CatalogItems/Check Box For 3 Row Item List' located by 'By.xpath: //dew-tab[@id='items-in-catalogs']/eproc-product-list/dew-card/dew-flex/dew-flex-item[3]/eproc-product-card/dew-card/dew-row/dew-col[1]/div' not found)
[[ATTACHMENT|C:\\Users\\vikas.kiroula\\git\\eProc\\Reports\\VikasTestCase\\20180705_205940\\1530808778399.png]]]]></system-out>
         <system-err><![CDATA[2018-07-05 22:06:10 - [TEST_CASE][FAILED] - Test Cases/DDS-272/DDS-3954 UOM should be displayed along with quantity: Test Cases/DDS-272/DDS-3954 UOM should be displayed along with quantity FAILED because (of) Unable to click on object 'Object Repository/SearchResultPage/SearchItemTab/CatalogItems/Check Box For 3 Row Item List' (Root cause: com.kms.katalon.core.webui.exception.WebElementNotFoundException: Web element with id: 'Object Repository/SearchResultPage/SearchItemTab/CatalogItems/Check Box For 3 Row Item List' located by 'By.xpath: //dew-tab[@id='items-in-catalogs']/eproc-product-list/dew-card/dew-flex/dew-flex-item[3]/eproc-product-card/dew-card/dew-row/dew-col[1]/div' not found)]]></system-err>
      </testcase>
      <testcase name="Test Cases/DDS-272/DDS-3955 QTY or Amt field should be editable" classname="Test Cases/DDS-272/DDS-3955 QTY or Amt field should be editable" status="FAILED">
         <failure type="FAILED" message="Unable to click on object 'Object Repository/SearchResultPage/SearchItemTab/CatalogItems/Check Box For 3 Row Item List' (Root cause: com.kms.katalon.core.webui.exception.WebElementNotFoundException: Web element with id: 'Object Repository/SearchResultPage/SearchItemTab/CatalogItems/Check Box For 3 Row Item List' located by 'By.xpath: //dew-tab[@id='items-in-catalogs']/eproc-product-list/dew-card/dew-flex/dew-flex-item[3]/eproc-product-card/dew-card/dew-row/dew-col[1]/div' not found)"/>
         <system-out><![CDATA[2018-07-05 22:09:39 - [TEST_CASE][FAILED] - Test Cases/DDS-272/DDS-3955 QTY or Amt field should be editable: Test Cases/DDS-272/DDS-3955 QTY or Amt field should be editable FAILED because (of) Unable to click on object 'Object Repository/SearchResultPage/SearchItemTab/CatalogItems/Check Box For 3 Row Item List' (Root cause: com.kms.katalon.core.webui.exception.WebElementNotFoundException: Web element with id: 'Object Repository/SearchResultPage/SearchItemTab/CatalogItems/Check Box For 3 Row Item List' located by 'By.xpath: //dew-tab[@id='items-in-catalogs']/eproc-product-list/dew-card/dew-flex/dew-flex-item[3]/eproc-product-card/dew-card/dew-row/dew-col[1]/div' not found)

2018-07-05 22:09:39 - [TEST_STEP][PASSED] - callTestCase: Call Test Case 'Test Cases/CommonLibraries/Search By Item' successfully

2018-07-05 22:09:39 - [TEST_CASE][PASSED] - Test Cases/CommonLibraries/Search By Item: Test Cases/CommonLibraries/Search By Item

2018-07-05 22:09:39 - [TEST_STEP][PASSED] - callTestCase: Call Test Case 'Test Cases/CommonLibraries/Login' successfully

2018-07-05 22:09:39 - [TEST_CASE][PASSED] - Test Cases/CommonLibraries/Login: Test Cases/CommonLibraries/Login

2018-07-05 22:09:39 - [TEST_STEP][PASSED] - openBrowser: Browser is opened with url: 'https://smtlogin.zycus.net/sso/login?serviceName=http://eproc-qa.zycus.net/'

2018-07-05 22:09:39 - [MESSAGE][WARNING] - A browser is already opened. Closing browser and opening a new one

2018-07-05 22:10:04 - [MESSAGE][PASSED] - Browser is opened with url: 'https://smtlogin.zycus.net/sso/login?serviceName=http://eproc-qa.zycus.net/'

2018-07-05 22:10:04 - [TEST_STEP][PASSED] - maximizeWindow: Current window maximized

2018-07-05 22:10:06 - [MESSAGE][PASSED] - Current window maximized

2018-07-05 22:10:06 - [TEST_STEP][PASSED] - waitForElementVisible: Object 'Object Repository/LoginPage/UserID' is visible

2018-07-05 22:10:06 - [MESSAGE][PASSED] - Object 'Object Repository/LoginPage/UserID' is visible

2018-07-05 22:10:06 - [TEST_STEP][PASSED] - sendKeys: Keys 'monicaqa@zycus.com' sent to object: 'Object Repository/LoginPage/UserID'

2018-07-05 22:10:06 - [MESSAGE][PASSED] - Keys 'monicaqa@zycus.com' sent to object: 'Object Repository/LoginPage/UserID'

2018-07-05 22:10:06 - [TEST_STEP][PASSED] - sendKeys: Keys 'eProc@123' sent to object: 'Object Repository/LoginPage/Password'

2018-07-05 22:10:07 - [MESSAGE][PASSED] - Keys 'eProc@123' sent to object: 'Object Repository/LoginPage/Password'

2018-07-05 22:10:07 - [TEST_STEP][PASSED] - click: Object: 'Object Repository/LoginPage/LoginButton' is clicked on

2018-07-05 22:10:10 - [MESSAGE][PASSED] - Object: 'Object Repository/LoginPage/LoginButton' is clicked on

2018-07-05 22:10:10 - [MESSAGE][PASSED] - Call Test Case 'Test Cases/CommonLibraries/Login' successfully

2018-07-05 22:10:10 - [TEST_STEP][PASSED] - waitForElementPresent: Object 'Object Repository/OnlineStorePage/Search Box' is present

2018-07-05 22:10:35 - [MESSAGE][PASSED] - Object 'Object Repository/OnlineStorePage/Search Box' is present

2018-07-05 22:10:35 - [TEST_STEP][PASSED] - waitForPageLoad: Wait for page load successfully

2018-07-05 22:10:35 - [MESSAGE][PASSED] - Wait for page load successfully

2018-07-05 22:10:35 - [TEST_STEP][PASSED] - sendKeys: Keys 'Item' sent to object: 'Object Repository/OnlineStorePage/Search Box'

2018-07-05 22:10:35 - [MESSAGE][PASSED] - Keys 'Item' sent to object: 'Object Repository/OnlineStorePage/Search Box'

2018-07-05 22:10:35 - [TEST_STEP][PASSED] - click: Object: 'Object Repository/OnlineStorePage/Search Icon' is clicked on

2018-07-05 22:10:36 - [MESSAGE][PASSED] - Object: 'Object Repository/OnlineStorePage/Search Icon' is clicked on

2018-07-05 22:10:36 - [MESSAGE][PASSED] - Call Test Case 'Test Cases/CommonLibraries/Search By Item' successfully

2018-07-05 22:10:36 - [TEST_STEP][PASSED] - waitForElementPresent: Object 'Object Repository/SearchResultPage/SearchItemTab/CatalogItems/Check Box For 3 Row Item List' is not present after 30 second(s)

2018-07-05 22:11:07 - [MESSAGE][WARNING] - Object 'Object Repository/SearchResultPage/SearchItemTab/CatalogItems/Check Box For 3 Row Item List' is not present after 30 second(s)

2018-07-05 22:11:07 - [TEST_STEP][FAILED] - click: Unable to click on object 'Object Repository/SearchResultPage/SearchItemTab/CatalogItems/Check Box For 3 Row Item List' (Root cause: com.kms.katalon.core.webui.exception.WebElementNotFoundException: Web element with id: 'Object Repository/SearchResultPage/SearchItemTab/CatalogItems/Check Box For 3 Row Item List' located by 'By.xpath: //dew-tab[@id='items-in-catalogs']/eproc-product-list/dew-card/dew-flex/dew-flex-item[3]/eproc-product-card/dew-card/dew-row/dew-col[1]/div' not found)

2018-07-05 22:12:53 - [MESSAGE][FAILED] - Unable to click on object 'Object Repository/SearchResultPage/SearchItemTab/CatalogItems/Check Box For 3 Row Item List' (Root cause: com.kms.katalon.core.webui.exception.WebElementNotFoundException: Web element with id: 'Object Repository/SearchResultPage/SearchItemTab/CatalogItems/Check Box For 3 Row Item List' located by 'By.xpath: //dew-tab[@id='items-in-catalogs']/eproc-product-list/dew-card/dew-flex/dew-flex-item[3]/eproc-product-card/dew-card/dew-row/dew-col[1]/div' not found)
[[ATTACHMENT|C:\\Users\\vikas.kiroula\\git\\eProc\\Reports\\VikasTestCase\\20180705_205940\\1530808972267.png]]]]></system-out>
         <system-err><![CDATA[2018-07-05 22:09:39 - [TEST_CASE][FAILED] - Test Cases/DDS-272/DDS-3955 QTY or Amt field should be editable: Test Cases/DDS-272/DDS-3955 QTY or Amt field should be editable FAILED because (of) Unable to click on object 'Object Repository/SearchResultPage/SearchItemTab/CatalogItems/Check Box For 3 Row Item List' (Root cause: com.kms.katalon.core.webui.exception.WebElementNotFoundException: Web element with id: 'Object Repository/SearchResultPage/SearchItemTab/CatalogItems/Check Box For 3 Row Item List' located by 'By.xpath: //dew-tab[@id='items-in-catalogs']/eproc-product-list/dew-card/dew-flex/dew-flex-item[3]/eproc-product-card/dew-card/dew-row/dew-col[1]/div' not found)]]></system-err>
      </testcase>
      <testcase name="Test Cases/DDS-272/DDS-3956 when value is updated and user navigates from the field should be autoupdated" classname="Test Cases/DDS-272/DDS-3956 when value is updated and user navigates from the field should be autoupdated" status="FAILED">
         <failure type="FAILED" message="Unable to click on object 'Object Repository/SearchResultPage/SearchItemTab/CatalogItems/Check Box For 3 Row Item List' (Root cause: com.kms.katalon.core.webui.exception.WebElementNotFoundException: Web element with id: 'Object Repository/SearchResultPage/SearchItemTab/CatalogItems/Check Box For 3 Row Item List' located by 'By.xpath: //dew-tab[@id='items-in-catalogs']/eproc-product-list/dew-card/dew-flex/dew-flex-item[3]/eproc-product-card/dew-card/dew-row/dew-col[1]/div' not found)"/>
         <system-out><![CDATA[2018-07-05 22:12:53 - [TEST_CASE][FAILED] - Test Cases/DDS-272/DDS-3956 when value is updated and user navigates from the field should be autoupdated: Test Cases/DDS-272/DDS-3956 when value is updated and user navigates from the field should be autoupdated FAILED because (of) Unable to click on object 'Object Repository/SearchResultPage/SearchItemTab/CatalogItems/Check Box For 3 Row Item List' (Root cause: com.kms.katalon.core.webui.exception.WebElementNotFoundException: Web element with id: 'Object Repository/SearchResultPage/SearchItemTab/CatalogItems/Check Box For 3 Row Item List' located by 'By.xpath: //dew-tab[@id='items-in-catalogs']/eproc-product-list/dew-card/dew-flex/dew-flex-item[3]/eproc-product-card/dew-card/dew-row/dew-col[1]/div' not found)

2018-07-05 22:12:53 - [TEST_STEP][PASSED] - callTestCase: Call Test Case 'Test Cases/CommonLibraries/Search By Item' successfully

2018-07-05 22:12:53 - [TEST_CASE][PASSED] - Test Cases/CommonLibraries/Search By Item: Test Cases/CommonLibraries/Search By Item

2018-07-05 22:12:53 - [TEST_STEP][PASSED] - callTestCase: Call Test Case 'Test Cases/CommonLibraries/Login' successfully

2018-07-05 22:12:53 - [TEST_CASE][PASSED] - Test Cases/CommonLibraries/Login: Test Cases/CommonLibraries/Login

2018-07-05 22:12:53 - [TEST_STEP][PASSED] - openBrowser: Browser is opened with url: 'https://smtlogin.zycus.net/sso/login?serviceName=http://eproc-qa.zycus.net/'

2018-07-05 22:12:53 - [MESSAGE][WARNING] - A browser is already opened. Closing browser and opening a new one

2018-07-05 22:13:07 - [MESSAGE][PASSED] - Browser is opened with url: 'https://smtlogin.zycus.net/sso/login?serviceName=http://eproc-qa.zycus.net/'

2018-07-05 22:13:07 - [TEST_STEP][PASSED] - maximizeWindow: Current window maximized

2018-07-05 22:13:07 - [MESSAGE][PASSED] - Current window maximized

2018-07-05 22:13:07 - [TEST_STEP][PASSED] - waitForElementVisible: Object 'Object Repository/LoginPage/UserID' is visible

2018-07-05 22:13:07 - [MESSAGE][PASSED] - Object 'Object Repository/LoginPage/UserID' is visible

2018-07-05 22:13:07 - [TEST_STEP][PASSED] - sendKeys: Keys 'monicaqa@zycus.com' sent to object: 'Object Repository/LoginPage/UserID'

2018-07-05 22:13:07 - [MESSAGE][PASSED] - Keys 'monicaqa@zycus.com' sent to object: 'Object Repository/LoginPage/UserID'

2018-07-05 22:13:07 - [TEST_STEP][PASSED] - sendKeys: Keys 'eProc@123' sent to object: 'Object Repository/LoginPage/Password'

2018-07-05 22:13:07 - [MESSAGE][PASSED] - Keys 'eProc@123' sent to object: 'Object Repository/LoginPage/Password'

2018-07-05 22:13:07 - [TEST_STEP][PASSED] - click: Object: 'Object Repository/LoginPage/LoginButton' is clicked on

2018-07-05 22:13:14 - [MESSAGE][PASSED] - Object: 'Object Repository/LoginPage/LoginButton' is clicked on

2018-07-05 22:13:14 - [MESSAGE][PASSED] - Call Test Case 'Test Cases/CommonLibraries/Login' successfully

2018-07-05 22:13:14 - [TEST_STEP][PASSED] - waitForElementPresent: Object 'Object Repository/OnlineStorePage/Search Box' is present

2018-07-05 22:13:42 - [MESSAGE][PASSED] - Object 'Object Repository/OnlineStorePage/Search Box' is present

2018-07-05 22:13:42 - [TEST_STEP][PASSED] - waitForPageLoad: Wait for page load successfully

2018-07-05 22:13:42 - [MESSAGE][PASSED] - Wait for page load successfully

2018-07-05 22:13:42 - [TEST_STEP][PASSED] - sendKeys: Keys 'Item' sent to object: 'Object Repository/OnlineStorePage/Search Box'

2018-07-05 22:13:42 - [MESSAGE][PASSED] - Keys 'Item' sent to object: 'Object Repository/OnlineStorePage/Search Box'

2018-07-05 22:13:42 - [TEST_STEP][PASSED] - click: Object: 'Object Repository/OnlineStorePage/Search Icon' is clicked on

2018-07-05 22:13:42 - [MESSAGE][PASSED] - Object: 'Object Repository/OnlineStorePage/Search Icon' is clicked on

2018-07-05 22:13:42 - [MESSAGE][PASSED] - Call Test Case 'Test Cases/CommonLibraries/Search By Item' successfully

2018-07-05 22:13:42 - [TEST_STEP][PASSED] - waitForElementPresent: Object 'Object Repository/SearchResultPage/SearchItemTab/CatalogItems/Check Box For 3 Row Item List' is not present after 30 second(s)

2018-07-05 22:14:14 - [MESSAGE][WARNING] - Object 'Object Repository/SearchResultPage/SearchItemTab/CatalogItems/Check Box For 3 Row Item List' is not present after 30 second(s)

2018-07-05 22:14:14 - [TEST_STEP][FAILED] - click: Unable to click on object 'Object Repository/SearchResultPage/SearchItemTab/CatalogItems/Check Box For 3 Row Item List' (Root cause: com.kms.katalon.core.webui.exception.WebElementNotFoundException: Web element with id: 'Object Repository/SearchResultPage/SearchItemTab/CatalogItems/Check Box For 3 Row Item List' located by 'By.xpath: //dew-tab[@id='items-in-catalogs']/eproc-product-list/dew-card/dew-flex/dew-flex-item[3]/eproc-product-card/dew-card/dew-row/dew-col[1]/div' not found)

2018-07-05 22:15:59 - [MESSAGE][FAILED] - Unable to click on object 'Object Repository/SearchResultPage/SearchItemTab/CatalogItems/Check Box For 3 Row Item List' (Root cause: com.kms.katalon.core.webui.exception.WebElementNotFoundException: Web element with id: 'Object Repository/SearchResultPage/SearchItemTab/CatalogItems/Check Box For 3 Row Item List' located by 'By.xpath: //dew-tab[@id='items-in-catalogs']/eproc-product-list/dew-card/dew-flex/dew-flex-item[3]/eproc-product-card/dew-card/dew-row/dew-col[1]/div' not found)
[[ATTACHMENT|C:\\Users\\vikas.kiroula\\git\\eProc\\Reports\\VikasTestCase\\20180705_205940\\1530809158917.png]]]]></system-out>
         <system-err><![CDATA[2018-07-05 22:12:53 - [TEST_CASE][FAILED] - Test Cases/DDS-272/DDS-3956 when value is updated and user navigates from the field should be autoupdated: Test Cases/DDS-272/DDS-3956 when value is updated and user navigates from the field should be autoupdated FAILED because (of) Unable to click on object 'Object Repository/SearchResultPage/SearchItemTab/CatalogItems/Check Box For 3 Row Item List' (Root cause: com.kms.katalon.core.webui.exception.WebElementNotFoundException: Web element with id: 'Object Repository/SearchResultPage/SearchItemTab/CatalogItems/Check Box For 3 Row Item List' located by 'By.xpath: //dew-tab[@id='items-in-catalogs']/eproc-product-list/dew-card/dew-flex/dew-flex-item[3]/eproc-product-card/dew-card/dew-row/dew-col[1]/div' not found)]]></system-err>
      </testcase>
      <testcase name="Test Cases/DDS-272/DDS-3958 QTY or Amt field should not accept alphabets" classname="Test Cases/DDS-272/DDS-3958 QTY or Amt field should not accept alphabets" status="FAILED">
         <failure type="FAILED" message="Unable to click on object 'Object Repository/SearchResultPage/SearchItemTab/CatalogItems/Check Box For 3 Row Item List' (Root cause: com.kms.katalon.core.webui.exception.WebElementNotFoundException: Web element with id: 'Object Repository/SearchResultPage/SearchItemTab/CatalogItems/Check Box For 3 Row Item List' located by 'By.xpath: //dew-tab[@id='items-in-catalogs']/eproc-product-list/dew-card/dew-flex/dew-flex-item[3]/eproc-product-card/dew-card/dew-row/dew-col[1]/div' not found)"/>
         <system-out><![CDATA[2018-07-05 22:15:59 - [TEST_CASE][FAILED] - Test Cases/DDS-272/DDS-3958 QTY or Amt field should not accept alphabets: Test Cases/DDS-272/DDS-3958 QTY or Amt field should not accept alphabets FAILED because (of) Unable to click on object 'Object Repository/SearchResultPage/SearchItemTab/CatalogItems/Check Box For 3 Row Item List' (Root cause: com.kms.katalon.core.webui.exception.WebElementNotFoundException: Web element with id: 'Object Repository/SearchResultPage/SearchItemTab/CatalogItems/Check Box For 3 Row Item List' located by 'By.xpath: //dew-tab[@id='items-in-catalogs']/eproc-product-list/dew-card/dew-flex/dew-flex-item[3]/eproc-product-card/dew-card/dew-row/dew-col[1]/div' not found)

2018-07-05 22:15:59 - [TEST_STEP][PASSED] - callTestCase: Call Test Case 'Test Cases/CommonLibraries/Search By Item' successfully

2018-07-05 22:15:59 - [TEST_CASE][PASSED] - Test Cases/CommonLibraries/Search By Item: Test Cases/CommonLibraries/Search By Item

2018-07-05 22:15:59 - [TEST_STEP][PASSED] - callTestCase: Call Test Case 'Test Cases/CommonLibraries/Login' successfully

2018-07-05 22:16:00 - [TEST_CASE][PASSED] - Test Cases/CommonLibraries/Login: Test Cases/CommonLibraries/Login

2018-07-05 22:16:00 - [TEST_STEP][PASSED] - openBrowser: Browser is opened with url: 'https://smtlogin.zycus.net/sso/login?serviceName=http://eproc-qa.zycus.net/'

2018-07-05 22:16:00 - [MESSAGE][WARNING] - A browser is already opened. Closing browser and opening a new one

2018-07-05 22:16:16 - [MESSAGE][PASSED] - Browser is opened with url: 'https://smtlogin.zycus.net/sso/login?serviceName=http://eproc-qa.zycus.net/'

2018-07-05 22:16:16 - [TEST_STEP][PASSED] - maximizeWindow: Current window maximized

2018-07-05 22:16:16 - [MESSAGE][PASSED] - Current window maximized

2018-07-05 22:16:16 - [TEST_STEP][PASSED] - waitForElementVisible: Object 'Object Repository/LoginPage/UserID' is visible

2018-07-05 22:16:16 - [MESSAGE][PASSED] - Object 'Object Repository/LoginPage/UserID' is visible

2018-07-05 22:16:16 - [TEST_STEP][PASSED] - sendKeys: Keys 'monicaqa@zycus.com' sent to object: 'Object Repository/LoginPage/UserID'

2018-07-05 22:16:17 - [MESSAGE][PASSED] - Keys 'monicaqa@zycus.com' sent to object: 'Object Repository/LoginPage/UserID'

2018-07-05 22:16:17 - [TEST_STEP][PASSED] - sendKeys: Keys 'eProc@123' sent to object: 'Object Repository/LoginPage/Password'

2018-07-05 22:16:17 - [MESSAGE][PASSED] - Keys 'eProc@123' sent to object: 'Object Repository/LoginPage/Password'

2018-07-05 22:16:17 - [TEST_STEP][PASSED] - click: Object: 'Object Repository/LoginPage/LoginButton' is clicked on

2018-07-05 22:16:20 - [MESSAGE][PASSED] - Object: 'Object Repository/LoginPage/LoginButton' is clicked on

2018-07-05 22:16:20 - [MESSAGE][PASSED] - Call Test Case 'Test Cases/CommonLibraries/Login' successfully

2018-07-05 22:16:20 - [TEST_STEP][PASSED] - waitForElementPresent: Object 'Object Repository/OnlineStorePage/Search Box' is present

2018-07-05 22:16:45 - [MESSAGE][PASSED] - Object 'Object Repository/OnlineStorePage/Search Box' is present

2018-07-05 22:16:45 - [TEST_STEP][PASSED] - waitForPageLoad: Wait for page load successfully

2018-07-05 22:16:45 - [MESSAGE][PASSED] - Wait for page load successfully

2018-07-05 22:16:45 - [TEST_STEP][PASSED] - sendKeys: Keys 'Item' sent to object: 'Object Repository/OnlineStorePage/Search Box'

2018-07-05 22:16:46 - [MESSAGE][PASSED] - Keys 'Item' sent to object: 'Object Repository/OnlineStorePage/Search Box'

2018-07-05 22:16:46 - [TEST_STEP][PASSED] - click: Object: 'Object Repository/OnlineStorePage/Search Icon' is clicked on

2018-07-05 22:16:46 - [MESSAGE][PASSED] - Object: 'Object Repository/OnlineStorePage/Search Icon' is clicked on

2018-07-05 22:16:46 - [MESSAGE][PASSED] - Call Test Case 'Test Cases/CommonLibraries/Search By Item' successfully

2018-07-05 22:16:46 - [TEST_STEP][PASSED] - waitForElementPresent: Object 'Object Repository/SearchResultPage/SearchItemTab/CatalogItems/Check Box For 3 Row Item List' is not present after 0 second(s)

2018-07-05 22:16:46 - [MESSAGE][WARNING] - Timeout '0' is invalid. Using default page load timeout: '100'

2018-07-05 22:18:31 - [MESSAGE][WARNING] - Object 'Object Repository/SearchResultPage/SearchItemTab/CatalogItems/Check Box For 3 Row Item List' is not present after 0 second(s)

2018-07-05 22:18:31 - [TEST_STEP][FAILED] - click: Unable to click on object 'Object Repository/SearchResultPage/SearchItemTab/CatalogItems/Check Box For 3 Row Item List' (Root cause: com.kms.katalon.core.webui.exception.WebElementNotFoundException: Web element with id: 'Object Repository/SearchResultPage/SearchItemTab/CatalogItems/Check Box For 3 Row Item List' located by 'By.xpath: //dew-tab[@id='items-in-catalogs']/eproc-product-list/dew-card/dew-flex/dew-flex-item[3]/eproc-product-card/dew-card/dew-row/dew-col[1]/div' not found)

2018-07-05 22:20:16 - [MESSAGE][FAILED] - Unable to click on object 'Object Repository/SearchResultPage/SearchItemTab/CatalogItems/Check Box For 3 Row Item List' (Root cause: com.kms.katalon.core.webui.exception.WebElementNotFoundException: Web element with id: 'Object Repository/SearchResultPage/SearchItemTab/CatalogItems/Check Box For 3 Row Item List' located by 'By.xpath: //dew-tab[@id='items-in-catalogs']/eproc-product-list/dew-card/dew-flex/dew-flex-item[3]/eproc-product-card/dew-card/dew-row/dew-col[1]/div' not found)
[[ATTACHMENT|C:\\Users\\vikas.kiroula\\git\\eProc\\Reports\\VikasTestCase\\20180705_205940\\1530809416105.png]]]]></system-out>
         <system-err><![CDATA[2018-07-05 22:15:59 - [TEST_CASE][FAILED] - Test Cases/DDS-272/DDS-3958 QTY or Amt field should not accept alphabets: Test Cases/DDS-272/DDS-3958 QTY or Amt field should not accept alphabets FAILED because (of) Unable to click on object 'Object Repository/SearchResultPage/SearchItemTab/CatalogItems/Check Box For 3 Row Item List' (Root cause: com.kms.katalon.core.webui.exception.WebElementNotFoundException: Web element with id: 'Object Repository/SearchResultPage/SearchItemTab/CatalogItems/Check Box For 3 Row Item List' located by 'By.xpath: //dew-tab[@id='items-in-catalogs']/eproc-product-list/dew-card/dew-flex/dew-flex-item[3]/eproc-product-card/dew-card/dew-row/dew-col[1]/div' not found)]]></system-err>
      </testcase>
      <testcase name="Test Cases/DDS-272/DDS-3960 QTY or Amt field should not accept multilingual values" classname="Test Cases/DDS-272/DDS-3960 QTY or Amt field should not accept multilingual values" status="FAILED">
         <failure type="FAILED" message="Unable to click on object 'Object Repository/SearchResultPage/SearchItemTab/CatalogItems/Check Box For 3 Row Item List' (Root cause: com.kms.katalon.core.webui.exception.WebElementNotFoundException: Web element with id: 'Object Repository/SearchResultPage/SearchItemTab/CatalogItems/Check Box For 3 Row Item List' located by 'By.xpath: //dew-tab[@id='items-in-catalogs']/eproc-product-list/dew-card/dew-flex/dew-flex-item[3]/eproc-product-card/dew-card/dew-row/dew-col[1]/div' not found)"/>
         <system-out><![CDATA[2018-07-05 22:20:16 - [TEST_CASE][FAILED] - Test Cases/DDS-272/DDS-3960 QTY or Amt field should not accept multilingual values: Test Cases/DDS-272/DDS-3960 QTY or Amt field should not accept multilingual values FAILED because (of) Unable to click on object 'Object Repository/SearchResultPage/SearchItemTab/CatalogItems/Check Box For 3 Row Item List' (Root cause: com.kms.katalon.core.webui.exception.WebElementNotFoundException: Web element with id: 'Object Repository/SearchResultPage/SearchItemTab/CatalogItems/Check Box For 3 Row Item List' located by 'By.xpath: //dew-tab[@id='items-in-catalogs']/eproc-product-list/dew-card/dew-flex/dew-flex-item[3]/eproc-product-card/dew-card/dew-row/dew-col[1]/div' not found)

2018-07-05 22:20:17 - [TEST_STEP][PASSED] - callTestCase: Call Test Case 'Test Cases/CommonLibraries/Search By Item' successfully

2018-07-05 22:20:17 - [TEST_CASE][PASSED] - Test Cases/CommonLibraries/Search By Item: Test Cases/CommonLibraries/Search By Item

2018-07-05 22:20:17 - [TEST_STEP][PASSED] - callTestCase: Call Test Case 'Test Cases/CommonLibraries/Login' successfully

2018-07-05 22:20:17 - [TEST_CASE][PASSED] - Test Cases/CommonLibraries/Login: Test Cases/CommonLibraries/Login

2018-07-05 22:20:17 - [TEST_STEP][PASSED] - openBrowser: Browser is opened with url: 'https://smtlogin.zycus.net/sso/login?serviceName=http://eproc-qa.zycus.net/'

2018-07-05 22:20:17 - [MESSAGE][WARNING] - A browser is already opened. Closing browser and opening a new one

2018-07-05 22:20:28 - [MESSAGE][PASSED] - Browser is opened with url: 'https://smtlogin.zycus.net/sso/login?serviceName=http://eproc-qa.zycus.net/'

2018-07-05 22:20:28 - [TEST_STEP][PASSED] - maximizeWindow: Current window maximized

2018-07-05 22:20:30 - [MESSAGE][PASSED] - Current window maximized

2018-07-05 22:20:30 - [TEST_STEP][PASSED] - waitForElementVisible: Object 'Object Repository/LoginPage/UserID' is visible

2018-07-05 22:20:30 - [MESSAGE][PASSED] - Object 'Object Repository/LoginPage/UserID' is visible

2018-07-05 22:20:30 - [TEST_STEP][PASSED] - sendKeys: Keys 'monicaqa@zycus.com' sent to object: 'Object Repository/LoginPage/UserID'

2018-07-05 22:20:30 - [MESSAGE][PASSED] - Keys 'monicaqa@zycus.com' sent to object: 'Object Repository/LoginPage/UserID'

2018-07-05 22:20:30 - [TEST_STEP][PASSED] - sendKeys: Keys 'eProc@123' sent to object: 'Object Repository/LoginPage/Password'

2018-07-05 22:20:30 - [MESSAGE][PASSED] - Keys 'eProc@123' sent to object: 'Object Repository/LoginPage/Password'

2018-07-05 22:20:30 - [TEST_STEP][PASSED] - click: Object: 'Object Repository/LoginPage/LoginButton' is clicked on

2018-07-05 22:20:36 - [MESSAGE][PASSED] - Object: 'Object Repository/LoginPage/LoginButton' is clicked on

2018-07-05 22:20:36 - [MESSAGE][PASSED] - Call Test Case 'Test Cases/CommonLibraries/Login' successfully

2018-07-05 22:20:36 - [TEST_STEP][PASSED] - waitForElementPresent: Object 'Object Repository/OnlineStorePage/Search Box' is present

2018-07-05 22:21:06 - [MESSAGE][PASSED] - Object 'Object Repository/OnlineStorePage/Search Box' is present

2018-07-05 22:21:06 - [TEST_STEP][PASSED] - waitForPageLoad: Wait for page load successfully

2018-07-05 22:21:06 - [MESSAGE][PASSED] - Wait for page load successfully

2018-07-05 22:21:06 - [TEST_STEP][PASSED] - sendKeys: Keys 'Item' sent to object: 'Object Repository/OnlineStorePage/Search Box'

2018-07-05 22:21:06 - [MESSAGE][PASSED] - Keys 'Item' sent to object: 'Object Repository/OnlineStorePage/Search Box'

2018-07-05 22:21:06 - [TEST_STEP][PASSED] - click: Object: 'Object Repository/OnlineStorePage/Search Icon' is clicked on

2018-07-05 22:21:07 - [MESSAGE][PASSED] - Object: 'Object Repository/OnlineStorePage/Search Icon' is clicked on

2018-07-05 22:21:07 - [MESSAGE][PASSED] - Call Test Case 'Test Cases/CommonLibraries/Search By Item' successfully

2018-07-05 22:21:07 - [TEST_STEP][PASSED] - waitForElementPresent: Object 'Object Repository/SearchResultPage/SearchItemTab/CatalogItems/Check Box For 3 Row Item List' is not present after 0 second(s)

2018-07-05 22:21:07 - [MESSAGE][WARNING] - Timeout '0' is invalid. Using default page load timeout: '100'

2018-07-05 22:22:51 - [MESSAGE][WARNING] - Object 'Object Repository/SearchResultPage/SearchItemTab/CatalogItems/Check Box For 3 Row Item List' is not present after 0 second(s)

2018-07-05 22:22:51 - [TEST_STEP][FAILED] - click: Unable to click on object 'Object Repository/SearchResultPage/SearchItemTab/CatalogItems/Check Box For 3 Row Item List' (Root cause: com.kms.katalon.core.webui.exception.WebElementNotFoundException: Web element with id: 'Object Repository/SearchResultPage/SearchItemTab/CatalogItems/Check Box For 3 Row Item List' located by 'By.xpath: //dew-tab[@id='items-in-catalogs']/eproc-product-list/dew-card/dew-flex/dew-flex-item[3]/eproc-product-card/dew-card/dew-row/dew-col[1]/div' not found)

2018-07-05 22:24:37 - [MESSAGE][FAILED] - Unable to click on object 'Object Repository/SearchResultPage/SearchItemTab/CatalogItems/Check Box For 3 Row Item List' (Root cause: com.kms.katalon.core.webui.exception.WebElementNotFoundException: Web element with id: 'Object Repository/SearchResultPage/SearchItemTab/CatalogItems/Check Box For 3 Row Item List' located by 'By.xpath: //dew-tab[@id='items-in-catalogs']/eproc-product-list/dew-card/dew-flex/dew-flex-item[3]/eproc-product-card/dew-card/dew-row/dew-col[1]/div' not found)
[[ATTACHMENT|C:\\Users\\vikas.kiroula\\git\\eProc\\Reports\\VikasTestCase\\20180705_205940\\1530809676653.png]]]]></system-out>
         <system-err><![CDATA[2018-07-05 22:20:16 - [TEST_CASE][FAILED] - Test Cases/DDS-272/DDS-3960 QTY or Amt field should not accept multilingual values: Test Cases/DDS-272/DDS-3960 QTY or Amt field should not accept multilingual values FAILED because (of) Unable to click on object 'Object Repository/SearchResultPage/SearchItemTab/CatalogItems/Check Box For 3 Row Item List' (Root cause: com.kms.katalon.core.webui.exception.WebElementNotFoundException: Web element with id: 'Object Repository/SearchResultPage/SearchItemTab/CatalogItems/Check Box For 3 Row Item List' located by 'By.xpath: //dew-tab[@id='items-in-catalogs']/eproc-product-list/dew-card/dew-flex/dew-flex-item[3]/eproc-product-card/dew-card/dew-row/dew-col[1]/div' not found)]]></system-err>
      </testcase>
      <testcase name="Test Cases/DDS-272/DDS-3961 QTY or Amt field should accept minimum of 1" classname="Test Cases/DDS-272/DDS-3961 QTY or Amt field should accept minimum of 1" status="FAILED">
         <failure type="FAILED" message="Unable to click on object 'Object Repository/SearchResultPage/SearchItemTab/CatalogItems/Check Box For 3 Row Item List' (Root cause: com.kms.katalon.core.webui.exception.WebElementNotFoundException: Web element with id: 'Object Repository/SearchResultPage/SearchItemTab/CatalogItems/Check Box For 3 Row Item List' located by 'By.xpath: //dew-tab[@id='items-in-catalogs']/eproc-product-list/dew-card/dew-flex/dew-flex-item[3]/eproc-product-card/dew-card/dew-row/dew-col[1]/div' not found)"/>
         <system-out><![CDATA[2018-07-05 22:24:37 - [TEST_CASE][FAILED] - Test Cases/DDS-272/DDS-3961 QTY or Amt field should accept minimum of 1: Test Cases/DDS-272/DDS-3961 QTY or Amt field should accept minimum of 1 FAILED because (of) Unable to click on object 'Object Repository/SearchResultPage/SearchItemTab/CatalogItems/Check Box For 3 Row Item List' (Root cause: com.kms.katalon.core.webui.exception.WebElementNotFoundException: Web element with id: 'Object Repository/SearchResultPage/SearchItemTab/CatalogItems/Check Box For 3 Row Item List' located by 'By.xpath: //dew-tab[@id='items-in-catalogs']/eproc-product-list/dew-card/dew-flex/dew-flex-item[3]/eproc-product-card/dew-card/dew-row/dew-col[1]/div' not found)

2018-07-05 22:24:37 - [TEST_STEP][PASSED] - callTestCase: Call Test Case 'Test Cases/CommonLibraries/Search By Item' successfully

2018-07-05 22:24:37 - [TEST_CASE][PASSED] - Test Cases/CommonLibraries/Search By Item: Test Cases/CommonLibraries/Search By Item

2018-07-05 22:24:37 - [TEST_STEP][PASSED] - callTestCase: Call Test Case 'Test Cases/CommonLibraries/Login' successfully

2018-07-05 22:24:37 - [TEST_CASE][PASSED] - Test Cases/CommonLibraries/Login: Test Cases/CommonLibraries/Login

2018-07-05 22:24:37 - [TEST_STEP][PASSED] - openBrowser: Browser is opened with url: 'https://smtlogin.zycus.net/sso/login?serviceName=http://eproc-qa.zycus.net/'

2018-07-05 22:24:37 - [MESSAGE][WARNING] - A browser is already opened. Closing browser and opening a new one

2018-07-05 22:24:49 - [MESSAGE][PASSED] - Browser is opened with url: 'https://smtlogin.zycus.net/sso/login?serviceName=http://eproc-qa.zycus.net/'

2018-07-05 22:24:49 - [TEST_STEP][PASSED] - maximizeWindow: Current window maximized

2018-07-05 22:24:49 - [MESSAGE][PASSED] - Current window maximized

2018-07-05 22:24:49 - [TEST_STEP][PASSED] - waitForElementVisible: Object 'Object Repository/LoginPage/UserID' is visible

2018-07-05 22:24:49 - [MESSAGE][PASSED] - Object 'Object Repository/LoginPage/UserID' is visible

2018-07-05 22:24:49 - [TEST_STEP][PASSED] - sendKeys: Keys 'monicaqa@zycus.com' sent to object: 'Object Repository/LoginPage/UserID'

2018-07-05 22:24:49 - [MESSAGE][PASSED] - Keys 'monicaqa@zycus.com' sent to object: 'Object Repository/LoginPage/UserID'

2018-07-05 22:24:49 - [TEST_STEP][PASSED] - sendKeys: Keys 'eProc@123' sent to object: 'Object Repository/LoginPage/Password'

2018-07-05 22:24:49 - [MESSAGE][PASSED] - Keys 'eProc@123' sent to object: 'Object Repository/LoginPage/Password'

2018-07-05 22:24:49 - [TEST_STEP][PASSED] - click: Object: 'Object Repository/LoginPage/LoginButton' is clicked on

2018-07-05 22:24:55 - [MESSAGE][PASSED] - Object: 'Object Repository/LoginPage/LoginButton' is clicked on

2018-07-05 22:24:55 - [MESSAGE][PASSED] - Call Test Case 'Test Cases/CommonLibraries/Login' successfully

2018-07-05 22:24:55 - [TEST_STEP][PASSED] - waitForElementPresent: Object 'Object Repository/OnlineStorePage/Search Box' is present

2018-07-05 22:25:20 - [MESSAGE][PASSED] - Object 'Object Repository/OnlineStorePage/Search Box' is present

2018-07-05 22:25:20 - [TEST_STEP][PASSED] - waitForPageLoad: Wait for page load successfully

2018-07-05 22:25:20 - [MESSAGE][PASSED] - Wait for page load successfully

2018-07-05 22:25:20 - [TEST_STEP][PASSED] - sendKeys: Keys 'Item' sent to object: 'Object Repository/OnlineStorePage/Search Box'

2018-07-05 22:25:20 - [MESSAGE][PASSED] - Keys 'Item' sent to object: 'Object Repository/OnlineStorePage/Search Box'

2018-07-05 22:25:20 - [TEST_STEP][PASSED] - click: Object: 'Object Repository/OnlineStorePage/Search Icon' is clicked on

2018-07-05 22:25:20 - [MESSAGE][PASSED] - Object: 'Object Repository/OnlineStorePage/Search Icon' is clicked on

2018-07-05 22:25:20 - [MESSAGE][PASSED] - Call Test Case 'Test Cases/CommonLibraries/Search By Item' successfully

2018-07-05 22:25:20 - [TEST_STEP][PASSED] - waitForElementPresent: Object 'Object Repository/SearchResultPage/SearchItemTab/CatalogItems/Check Box For 3 Row Item List' is not present after 30 second(s)

2018-07-05 22:25:51 - [MESSAGE][WARNING] - Object 'Object Repository/SearchResultPage/SearchItemTab/CatalogItems/Check Box For 3 Row Item List' is not present after 30 second(s)

2018-07-05 22:25:51 - [TEST_STEP][FAILED] - click: Unable to click on object 'Object Repository/SearchResultPage/SearchItemTab/CatalogItems/Check Box For 3 Row Item List' (Root cause: com.kms.katalon.core.webui.exception.WebElementNotFoundException: Web element with id: 'Object Repository/SearchResultPage/SearchItemTab/CatalogItems/Check Box For 3 Row Item List' located by 'By.xpath: //dew-tab[@id='items-in-catalogs']/eproc-product-list/dew-card/dew-flex/dew-flex-item[3]/eproc-product-card/dew-card/dew-row/dew-col[1]/div' not found)

2018-07-05 22:27:37 - [MESSAGE][FAILED] - Unable to click on object 'Object Repository/SearchResultPage/SearchItemTab/CatalogItems/Check Box For 3 Row Item List' (Root cause: com.kms.katalon.core.webui.exception.WebElementNotFoundException: Web element with id: 'Object Repository/SearchResultPage/SearchItemTab/CatalogItems/Check Box For 3 Row Item List' located by 'By.xpath: //dew-tab[@id='items-in-catalogs']/eproc-product-list/dew-card/dew-flex/dew-flex-item[3]/eproc-product-card/dew-card/dew-row/dew-col[1]/div' not found)
[[ATTACHMENT|C:\\Users\\vikas.kiroula\\git\\eProc\\Reports\\VikasTestCase\\20180705_205940\\1530809856604.png]]]]></system-out>
         <system-err><![CDATA[2018-07-05 22:24:37 - [TEST_CASE][FAILED] - Test Cases/DDS-272/DDS-3961 QTY or Amt field should accept minimum of 1: Test Cases/DDS-272/DDS-3961 QTY or Amt field should accept minimum of 1 FAILED because (of) Unable to click on object 'Object Repository/SearchResultPage/SearchItemTab/CatalogItems/Check Box For 3 Row Item List' (Root cause: com.kms.katalon.core.webui.exception.WebElementNotFoundException: Web element with id: 'Object Repository/SearchResultPage/SearchItemTab/CatalogItems/Check Box For 3 Row Item List' located by 'By.xpath: //dew-tab[@id='items-in-catalogs']/eproc-product-list/dew-card/dew-flex/dew-flex-item[3]/eproc-product-card/dew-card/dew-row/dew-col[1]/div' not found)]]></system-err>
      </testcase>
      <testcase name="Test Cases/DDS-272/DDS-3969 When QTYor Amt field value is blank and user navigates to checkout page the quantity should be 1" classname="Test Cases/DDS-272/DDS-3969 When QTYor Amt field value is blank and user navigates to checkout page the quantity should be 1" status="FAILED">
         <failure type="FAILED" message="Unable to click on object 'Object Repository/SearchResultPage/SearchItemTab/CatalogItems/Check Box For 3 Row Item List' (Root cause: com.kms.katalon.core.webui.exception.WebElementNotFoundException: Web element with id: 'Object Repository/SearchResultPage/SearchItemTab/CatalogItems/Check Box For 3 Row Item List' located by 'By.xpath: //dew-tab[@id='items-in-catalogs']/eproc-product-list/dew-card/dew-flex/dew-flex-item[3]/eproc-product-card/dew-card/dew-row/dew-col[1]/div' not found)"/>
         <system-out><![CDATA[2018-07-05 22:27:37 - [TEST_CASE][FAILED] - Test Cases/DDS-272/DDS-3969 When QTYor Amt field value is blank and user navigates to checkout page the quantity should be 1: Test Cases/DDS-272/DDS-3969 When QTYor Amt field value is blank and user navigates to checkout page the quantity should be 1 FAILED because (of) Unable to click on object 'Object Repository/SearchResultPage/SearchItemTab/CatalogItems/Check Box For 3 Row Item List' (Root cause: com.kms.katalon.core.webui.exception.WebElementNotFoundException: Web element with id: 'Object Repository/SearchResultPage/SearchItemTab/CatalogItems/Check Box For 3 Row Item List' located by 'By.xpath: //dew-tab[@id='items-in-catalogs']/eproc-product-list/dew-card/dew-flex/dew-flex-item[3]/eproc-product-card/dew-card/dew-row/dew-col[1]/div' not found)

2018-07-05 22:27:37 - [TEST_STEP][PASSED] - callTestCase: Call Test Case 'Test Cases/CommonLibraries/Search By Item' successfully

2018-07-05 22:27:37 - [TEST_CASE][PASSED] - Test Cases/CommonLibraries/Search By Item: Test Cases/CommonLibraries/Search By Item

2018-07-05 22:27:37 - [TEST_STEP][PASSED] - callTestCase: Call Test Case 'Test Cases/CommonLibraries/Login' successfully

2018-07-05 22:27:37 - [TEST_CASE][PASSED] - Test Cases/CommonLibraries/Login: Test Cases/CommonLibraries/Login

2018-07-05 22:27:37 - [TEST_STEP][PASSED] - openBrowser: Browser is opened with url: 'https://smtlogin.zycus.net/sso/login?serviceName=http://eproc-qa.zycus.net/'

2018-07-05 22:27:37 - [MESSAGE][WARNING] - A browser is already opened. Closing browser and opening a new one

2018-07-05 22:27:49 - [MESSAGE][PASSED] - Browser is opened with url: 'https://smtlogin.zycus.net/sso/login?serviceName=http://eproc-qa.zycus.net/'

2018-07-05 22:27:49 - [TEST_STEP][PASSED] - maximizeWindow: Current window maximized

2018-07-05 22:27:49 - [MESSAGE][PASSED] - Current window maximized

2018-07-05 22:27:49 - [TEST_STEP][PASSED] - waitForElementVisible: Object 'Object Repository/LoginPage/UserID' is visible

2018-07-05 22:27:49 - [MESSAGE][PASSED] - Object 'Object Repository/LoginPage/UserID' is visible

2018-07-05 22:27:49 - [TEST_STEP][PASSED] - sendKeys: Keys 'monicaqa@zycus.com' sent to object: 'Object Repository/LoginPage/UserID'

2018-07-05 22:27:49 - [MESSAGE][PASSED] - Keys 'monicaqa@zycus.com' sent to object: 'Object Repository/LoginPage/UserID'

2018-07-05 22:27:49 - [TEST_STEP][PASSED] - sendKeys: Keys 'eProc@123' sent to object: 'Object Repository/LoginPage/Password'

2018-07-05 22:27:49 - [MESSAGE][PASSED] - Keys 'eProc@123' sent to object: 'Object Repository/LoginPage/Password'

2018-07-05 22:27:49 - [TEST_STEP][PASSED] - click: Object: 'Object Repository/LoginPage/LoginButton' is clicked on

2018-07-05 22:27:56 - [MESSAGE][PASSED] - Object: 'Object Repository/LoginPage/LoginButton' is clicked on

2018-07-05 22:27:56 - [MESSAGE][PASSED] - Call Test Case 'Test Cases/CommonLibraries/Login' successfully

2018-07-05 22:27:56 - [TEST_STEP][PASSED] - waitForElementPresent: Object 'Object Repository/OnlineStorePage/Search Box' is present

2018-07-05 22:28:20 - [MESSAGE][PASSED] - Object 'Object Repository/OnlineStorePage/Search Box' is present

2018-07-05 22:28:20 - [TEST_STEP][PASSED] - waitForPageLoad: Wait for page load successfully

2018-07-05 22:28:20 - [MESSAGE][PASSED] - Wait for page load successfully

2018-07-05 22:28:20 - [TEST_STEP][PASSED] - sendKeys: Keys 'Item' sent to object: 'Object Repository/OnlineStorePage/Search Box'

2018-07-05 22:28:20 - [MESSAGE][PASSED] - Keys 'Item' sent to object: 'Object Repository/OnlineStorePage/Search Box'

2018-07-05 22:28:20 - [TEST_STEP][PASSED] - click: Object: 'Object Repository/OnlineStorePage/Search Icon' is clicked on

2018-07-05 22:28:20 - [MESSAGE][PASSED] - Object: 'Object Repository/OnlineStorePage/Search Icon' is clicked on

2018-07-05 22:28:20 - [MESSAGE][PASSED] - Call Test Case 'Test Cases/CommonLibraries/Search By Item' successfully

2018-07-05 22:28:20 - [TEST_STEP][PASSED] - waitForElementPresent: Object 'Object Repository/SearchResultPage/SearchItemTab/CatalogItems/Check Box For 3 Row Item List' is not present after 50 second(s)

2018-07-05 22:29:12 - [MESSAGE][WARNING] - Object 'Object Repository/SearchResultPage/SearchItemTab/CatalogItems/Check Box For 3 Row Item List' is not present after 50 second(s)

2018-07-05 22:29:12 - [TEST_STEP][FAILED] - click: Unable to click on object 'Object Repository/SearchResultPage/SearchItemTab/CatalogItems/Check Box For 3 Row Item List' (Root cause: com.kms.katalon.core.webui.exception.WebElementNotFoundException: Web element with id: 'Object Repository/SearchResultPage/SearchItemTab/CatalogItems/Check Box For 3 Row Item List' located by 'By.xpath: //dew-tab[@id='items-in-catalogs']/eproc-product-list/dew-card/dew-flex/dew-flex-item[3]/eproc-product-card/dew-card/dew-row/dew-col[1]/div' not found)

2018-07-05 22:30:58 - [MESSAGE][FAILED] - Unable to click on object 'Object Repository/SearchResultPage/SearchItemTab/CatalogItems/Check Box For 3 Row Item List' (Root cause: com.kms.katalon.core.webui.exception.WebElementNotFoundException: Web element with id: 'Object Repository/SearchResultPage/SearchItemTab/CatalogItems/Check Box For 3 Row Item List' located by 'By.xpath: //dew-tab[@id='items-in-catalogs']/eproc-product-list/dew-card/dew-flex/dew-flex-item[3]/eproc-product-card/dew-card/dew-row/dew-col[1]/div' not found)
[[ATTACHMENT|C:\\Users\\vikas.kiroula\\git\\eProc\\Reports\\VikasTestCase\\20180705_205940\\1530810057540.png]]]]></system-out>
         <system-err><![CDATA[2018-07-05 22:27:37 - [TEST_CASE][FAILED] - Test Cases/DDS-272/DDS-3969 When QTYor Amt field value is blank and user navigates to checkout page the quantity should be 1: Test Cases/DDS-272/DDS-3969 When QTYor Amt field value is blank and user navigates to checkout page the quantity should be 1 FAILED because (of) Unable to click on object 'Object Repository/SearchResultPage/SearchItemTab/CatalogItems/Check Box For 3 Row Item List' (Root cause: com.kms.katalon.core.webui.exception.WebElementNotFoundException: Web element with id: 'Object Repository/SearchResultPage/SearchItemTab/CatalogItems/Check Box For 3 Row Item List' located by 'By.xpath: //dew-tab[@id='items-in-catalogs']/eproc-product-list/dew-card/dew-flex/dew-flex-item[3]/eproc-product-card/dew-card/dew-row/dew-col[1]/div' not found)]]></system-err>
      </testcase>
      <testcase name="Test Cases/DDS-272/DDS-3977 User should be able to delete the individual item" classname="Test Cases/DDS-272/DDS-3977 User should be able to delete the individual item" status="FAILED">
         <failure type="FAILED" message="Unable to click on object 'Object Repository/SearchResultPage/SearchItemTab/CatalogItems/Check Box For 3 Row Item List' (Root cause: com.kms.katalon.core.webui.exception.WebElementNotFoundException: Web element with id: 'Object Repository/SearchResultPage/SearchItemTab/CatalogItems/Check Box For 3 Row Item List' located by 'By.xpath: //dew-tab[@id='items-in-catalogs']/eproc-product-list/dew-card/dew-flex/dew-flex-item[3]/eproc-product-card/dew-card/dew-row/dew-col[1]/div' not found)"/>
         <system-out><![CDATA[2018-07-05 22:30:58 - [TEST_CASE][FAILED] - Test Cases/DDS-272/DDS-3977 User should be able to delete the individual item: Test Cases/DDS-272/DDS-3977 User should be able to delete the individual item FAILED because (of) Unable to click on object 'Object Repository/SearchResultPage/SearchItemTab/CatalogItems/Check Box For 3 Row Item List' (Root cause: com.kms.katalon.core.webui.exception.WebElementNotFoundException: Web element with id: 'Object Repository/SearchResultPage/SearchItemTab/CatalogItems/Check Box For 3 Row Item List' located by 'By.xpath: //dew-tab[@id='items-in-catalogs']/eproc-product-list/dew-card/dew-flex/dew-flex-item[3]/eproc-product-card/dew-card/dew-row/dew-col[1]/div' not found)

2018-07-05 22:30:58 - [TEST_STEP][PASSED] - callTestCase: Call Test Case 'Test Cases/CommonLibraries/Search By Item' successfully

2018-07-05 22:30:58 - [TEST_CASE][PASSED] - Test Cases/CommonLibraries/Search By Item: Test Cases/CommonLibraries/Search By Item

2018-07-05 22:30:58 - [TEST_STEP][PASSED] - callTestCase: Call Test Case 'Test Cases/CommonLibraries/Login' successfully

2018-07-05 22:30:58 - [TEST_CASE][PASSED] - Test Cases/CommonLibraries/Login: Test Cases/CommonLibraries/Login

2018-07-05 22:30:58 - [TEST_STEP][PASSED] - openBrowser: Browser is opened with url: 'https://smtlogin.zycus.net/sso/login?serviceName=http://eproc-qa.zycus.net/'

2018-07-05 22:30:58 - [MESSAGE][WARNING] - A browser is already opened. Closing browser and opening a new one

2018-07-05 22:31:12 - [MESSAGE][PASSED] - Browser is opened with url: 'https://smtlogin.zycus.net/sso/login?serviceName=http://eproc-qa.zycus.net/'

2018-07-05 22:31:12 - [TEST_STEP][PASSED] - maximizeWindow: Current window maximized

2018-07-05 22:31:12 - [MESSAGE][PASSED] - Current window maximized

2018-07-05 22:31:12 - [TEST_STEP][PASSED] - waitForElementVisible: Object 'Object Repository/LoginPage/UserID' is visible

2018-07-05 22:31:12 - [MESSAGE][PASSED] - Object 'Object Repository/LoginPage/UserID' is visible

2018-07-05 22:31:12 - [TEST_STEP][PASSED] - sendKeys: Keys 'monicaqa@zycus.com' sent to object: 'Object Repository/LoginPage/UserID'

2018-07-05 22:31:12 - [MESSAGE][PASSED] - Keys 'monicaqa@zycus.com' sent to object: 'Object Repository/LoginPage/UserID'

2018-07-05 22:31:12 - [TEST_STEP][PASSED] - sendKeys: Keys 'eProc@123' sent to object: 'Object Repository/LoginPage/Password'

2018-07-05 22:31:12 - [MESSAGE][PASSED] - Keys 'eProc@123' sent to object: 'Object Repository/LoginPage/Password'

2018-07-05 22:31:12 - [TEST_STEP][PASSED] - click: Object: 'Object Repository/LoginPage/LoginButton' is clicked on

2018-07-05 22:31:16 - [MESSAGE][PASSED] - Object: 'Object Repository/LoginPage/LoginButton' is clicked on

2018-07-05 22:31:16 - [MESSAGE][PASSED] - Call Test Case 'Test Cases/CommonLibraries/Login' successfully

2018-07-05 22:31:16 - [TEST_STEP][PASSED] - waitForElementPresent: Object 'Object Repository/OnlineStorePage/Search Box' is present

2018-07-05 22:31:41 - [MESSAGE][PASSED] - Object 'Object Repository/OnlineStorePage/Search Box' is present

2018-07-05 22:31:41 - [TEST_STEP][PASSED] - waitForPageLoad: Wait for page load successfully

2018-07-05 22:31:41 - [MESSAGE][PASSED] - Wait for page load successfully

2018-07-05 22:31:41 - [TEST_STEP][PASSED] - sendKeys: Keys 'Item' sent to object: 'Object Repository/OnlineStorePage/Search Box'

2018-07-05 22:31:41 - [MESSAGE][PASSED] - Keys 'Item' sent to object: 'Object Repository/OnlineStorePage/Search Box'

2018-07-05 22:31:41 - [TEST_STEP][PASSED] - click: Object: 'Object Repository/OnlineStorePage/Search Icon' is clicked on

2018-07-05 22:31:42 - [MESSAGE][PASSED] - Object: 'Object Repository/OnlineStorePage/Search Icon' is clicked on

2018-07-05 22:31:42 - [MESSAGE][PASSED] - Call Test Case 'Test Cases/CommonLibraries/Search By Item' successfully

2018-07-05 22:31:42 - [TEST_STEP][PASSED] - waitForElementPresent: Object 'Object Repository/SearchResultPage/SearchItemTab/CatalogItems/Check Box For 3 Row Item List' is not present after 0 second(s)

2018-07-05 22:31:42 - [MESSAGE][WARNING] - Timeout '0' is invalid. Using default page load timeout: '100'

2018-07-05 22:33:26 - [MESSAGE][WARNING] - Object 'Object Repository/SearchResultPage/SearchItemTab/CatalogItems/Check Box For 3 Row Item List' is not present after 0 second(s)

2018-07-05 22:33:26 - [TEST_STEP][FAILED] - click: Unable to click on object 'Object Repository/SearchResultPage/SearchItemTab/CatalogItems/Check Box For 3 Row Item List' (Root cause: com.kms.katalon.core.webui.exception.WebElementNotFoundException: Web element with id: 'Object Repository/SearchResultPage/SearchItemTab/CatalogItems/Check Box For 3 Row Item List' located by 'By.xpath: //dew-tab[@id='items-in-catalogs']/eproc-product-list/dew-card/dew-flex/dew-flex-item[3]/eproc-product-card/dew-card/dew-row/dew-col[1]/div' not found)

2018-07-05 22:35:12 - [MESSAGE][FAILED] - Unable to click on object 'Object Repository/SearchResultPage/SearchItemTab/CatalogItems/Check Box For 3 Row Item List' (Root cause: com.kms.katalon.core.webui.exception.WebElementNotFoundException: Web element with id: 'Object Repository/SearchResultPage/SearchItemTab/CatalogItems/Check Box For 3 Row Item List' located by 'By.xpath: //dew-tab[@id='items-in-catalogs']/eproc-product-list/dew-card/dew-flex/dew-flex-item[3]/eproc-product-card/dew-card/dew-row/dew-col[1]/div' not found)
[[ATTACHMENT|C:\\Users\\vikas.kiroula\\git\\eProc\\Reports\\VikasTestCase\\20180705_205940\\1530810311313.png]]]]></system-out>
         <system-err><![CDATA[2018-07-05 22:30:58 - [TEST_CASE][FAILED] - Test Cases/DDS-272/DDS-3977 User should be able to delete the individual item: Test Cases/DDS-272/DDS-3977 User should be able to delete the individual item FAILED because (of) Unable to click on object 'Object Repository/SearchResultPage/SearchItemTab/CatalogItems/Check Box For 3 Row Item List' (Root cause: com.kms.katalon.core.webui.exception.WebElementNotFoundException: Web element with id: 'Object Repository/SearchResultPage/SearchItemTab/CatalogItems/Check Box For 3 Row Item List' located by 'By.xpath: //dew-tab[@id='items-in-catalogs']/eproc-product-list/dew-card/dew-flex/dew-flex-item[3]/eproc-product-card/dew-card/dew-row/dew-col[1]/div' not found)]]></system-err>
      </testcase>
      <testcase name="Test Cases/DDS-272/DDS-3978 User should be able to delete the entire cart" classname="Test Cases/DDS-272/DDS-3978 User should be able to delete the entire cart" status="FAILED">
         <failure type="FAILED" message="Unable to click on object 'Object Repository/SearchResultPage/SearchItemTab/CatalogItems/Check Box For 3 Row Item List' (Root cause: com.kms.katalon.core.webui.exception.WebElementNotFoundException: Web element with id: 'Object Repository/SearchResultPage/SearchItemTab/CatalogItems/Check Box For 3 Row Item List' located by 'By.xpath: //dew-tab[@id='items-in-catalogs']/eproc-product-list/dew-card/dew-flex/dew-flex-item[3]/eproc-product-card/dew-card/dew-row/dew-col[1]/div' not found)"/>
         <system-out><![CDATA[2018-07-05 22:35:12 - [TEST_CASE][FAILED] - Test Cases/DDS-272/DDS-3978 User should be able to delete the entire cart: Test Cases/DDS-272/DDS-3978 User should be able to delete the entire cart FAILED because (of) Unable to click on object 'Object Repository/SearchResultPage/SearchItemTab/CatalogItems/Check Box For 3 Row Item List' (Root cause: com.kms.katalon.core.webui.exception.WebElementNotFoundException: Web element with id: 'Object Repository/SearchResultPage/SearchItemTab/CatalogItems/Check Box For 3 Row Item List' located by 'By.xpath: //dew-tab[@id='items-in-catalogs']/eproc-product-list/dew-card/dew-flex/dew-flex-item[3]/eproc-product-card/dew-card/dew-row/dew-col[1]/div' not found)

2018-07-05 22:35:12 - [TEST_STEP][PASSED] - callTestCase: Call Test Case 'Test Cases/CommonLibraries/Search By Item' successfully

2018-07-05 22:35:12 - [TEST_CASE][PASSED] - Test Cases/CommonLibraries/Search By Item: Test Cases/CommonLibraries/Search By Item

2018-07-05 22:35:12 - [TEST_STEP][PASSED] - callTestCase: Call Test Case 'Test Cases/CommonLibraries/Login' successfully

2018-07-05 22:35:12 - [TEST_CASE][PASSED] - Test Cases/CommonLibraries/Login: Test Cases/CommonLibraries/Login

2018-07-05 22:35:12 - [TEST_STEP][PASSED] - openBrowser: Browser is opened with url: 'https://smtlogin.zycus.net/sso/login?serviceName=http://eproc-qa.zycus.net/'

2018-07-05 22:35:12 - [MESSAGE][WARNING] - A browser is already opened. Closing browser and opening a new one

2018-07-05 22:35:24 - [MESSAGE][PASSED] - Browser is opened with url: 'https://smtlogin.zycus.net/sso/login?serviceName=http://eproc-qa.zycus.net/'

2018-07-05 22:35:24 - [TEST_STEP][PASSED] - maximizeWindow: Current window maximized

2018-07-05 22:35:24 - [MESSAGE][PASSED] - Current window maximized

2018-07-05 22:35:24 - [TEST_STEP][PASSED] - waitForElementVisible: Object 'Object Repository/LoginPage/UserID' is visible

2018-07-05 22:35:24 - [MESSAGE][PASSED] - Object 'Object Repository/LoginPage/UserID' is visible

2018-07-05 22:35:24 - [TEST_STEP][PASSED] - sendKeys: Keys 'monicaqa@zycus.com' sent to object: 'Object Repository/LoginPage/UserID'

2018-07-05 22:35:24 - [MESSAGE][PASSED] - Keys 'monicaqa@zycus.com' sent to object: 'Object Repository/LoginPage/UserID'

2018-07-05 22:35:24 - [TEST_STEP][PASSED] - sendKeys: Keys 'eProc@123' sent to object: 'Object Repository/LoginPage/Password'

2018-07-05 22:35:24 - [MESSAGE][PASSED] - Keys 'eProc@123' sent to object: 'Object Repository/LoginPage/Password'

2018-07-05 22:35:24 - [TEST_STEP][PASSED] - click: Object: 'Object Repository/LoginPage/LoginButton' is clicked on

2018-07-05 22:35:28 - [MESSAGE][PASSED] - Object: 'Object Repository/LoginPage/LoginButton' is clicked on

2018-07-05 22:35:28 - [MESSAGE][PASSED] - Call Test Case 'Test Cases/CommonLibraries/Login' successfully

2018-07-05 22:35:28 - [TEST_STEP][PASSED] - waitForElementPresent: Object 'Object Repository/OnlineStorePage/Search Box' is present

2018-07-05 22:35:55 - [MESSAGE][PASSED] - Object 'Object Repository/OnlineStorePage/Search Box' is present

2018-07-05 22:35:55 - [TEST_STEP][PASSED] - waitForPageLoad: Wait for page load successfully

2018-07-05 22:35:55 - [MESSAGE][PASSED] - Wait for page load successfully

2018-07-05 22:35:55 - [TEST_STEP][PASSED] - sendKeys: Keys 'Item' sent to object: 'Object Repository/OnlineStorePage/Search Box'

2018-07-05 22:35:55 - [MESSAGE][PASSED] - Keys 'Item' sent to object: 'Object Repository/OnlineStorePage/Search Box'

2018-07-05 22:35:55 - [TEST_STEP][PASSED] - click: Object: 'Object Repository/OnlineStorePage/Search Icon' is clicked on

2018-07-05 22:35:55 - [MESSAGE][PASSED] - Object: 'Object Repository/OnlineStorePage/Search Icon' is clicked on

2018-07-05 22:35:55 - [MESSAGE][PASSED] - Call Test Case 'Test Cases/CommonLibraries/Search By Item' successfully

2018-07-05 22:35:55 - [TEST_STEP][PASSED] - waitForElementPresent: Object 'Object Repository/SearchResultPage/SearchItemTab/CatalogItems/Check Box For 3 Row Item List' is not present after 0 second(s)

2018-07-05 22:35:55 - [MESSAGE][WARNING] - Timeout '0' is invalid. Using default page load timeout: '100'

2018-07-05 22:37:40 - [MESSAGE][WARNING] - Object 'Object Repository/SearchResultPage/SearchItemTab/CatalogItems/Check Box For 3 Row Item List' is not present after 0 second(s)

2018-07-05 22:37:40 - [TEST_STEP][FAILED] - click: Unable to click on object 'Object Repository/SearchResultPage/SearchItemTab/CatalogItems/Check Box For 3 Row Item List' (Root cause: com.kms.katalon.core.webui.exception.WebElementNotFoundException: Web element with id: 'Object Repository/SearchResultPage/SearchItemTab/CatalogItems/Check Box For 3 Row Item List' located by 'By.xpath: //dew-tab[@id='items-in-catalogs']/eproc-product-list/dew-card/dew-flex/dew-flex-item[3]/eproc-product-card/dew-card/dew-row/dew-col[1]/div' not found)

2018-07-05 22:39:26 - [MESSAGE][FAILED] - Unable to click on object 'Object Repository/SearchResultPage/SearchItemTab/CatalogItems/Check Box For 3 Row Item List' (Root cause: com.kms.katalon.core.webui.exception.WebElementNotFoundException: Web element with id: 'Object Repository/SearchResultPage/SearchItemTab/CatalogItems/Check Box For 3 Row Item List' located by 'By.xpath: //dew-tab[@id='items-in-catalogs']/eproc-product-list/dew-card/dew-flex/dew-flex-item[3]/eproc-product-card/dew-card/dew-row/dew-col[1]/div' not found)
[[ATTACHMENT|C:\\Users\\vikas.kiroula\\git\\eProc\\Reports\\VikasTestCase\\20180705_205940\\1530810565193.png]]]]></system-out>
         <system-err><![CDATA[2018-07-05 22:35:12 - [TEST_CASE][FAILED] - Test Cases/DDS-272/DDS-3978 User should be able to delete the entire cart: Test Cases/DDS-272/DDS-3978 User should be able to delete the entire cart FAILED because (of) Unable to click on object 'Object Repository/SearchResultPage/SearchItemTab/CatalogItems/Check Box For 3 Row Item List' (Root cause: com.kms.katalon.core.webui.exception.WebElementNotFoundException: Web element with id: 'Object Repository/SearchResultPage/SearchItemTab/CatalogItems/Check Box For 3 Row Item List' located by 'By.xpath: //dew-tab[@id='items-in-catalogs']/eproc-product-list/dew-card/dew-flex/dew-flex-item[3]/eproc-product-card/dew-card/dew-row/dew-col[1]/div' not found)]]></system-err>
      </testcase>
      <testcase name="Test Cases/DDS-272/DDS-3980 User should be able to add the deleted item again" classname="Test Cases/DDS-272/DDS-3980 User should be able to add the deleted item again" status="FAILED">
         <failure type="FAILED" message="Unable to click on object 'Object Repository/SearchResultPage/SearchItemTab/CatalogItems/Check Box For 3 Row Item List' (Root cause: com.kms.katalon.core.webui.exception.WebElementNotFoundException: Web element with id: 'Object Repository/SearchResultPage/SearchItemTab/CatalogItems/Check Box For 3 Row Item List' located by 'By.xpath: //dew-tab[@id='items-in-catalogs']/eproc-product-list/dew-card/dew-flex/dew-flex-item[3]/eproc-product-card/dew-card/dew-row/dew-col[1]/div' not found)"/>
         <system-out><![CDATA[2018-07-05 22:39:26 - [TEST_CASE][FAILED] - Test Cases/DDS-272/DDS-3980 User should be able to add the deleted item again: Test Cases/DDS-272/DDS-3980 User should be able to add the deleted item again FAILED because (of) Unable to click on object 'Object Repository/SearchResultPage/SearchItemTab/CatalogItems/Check Box For 3 Row Item List' (Root cause: com.kms.katalon.core.webui.exception.WebElementNotFoundException: Web element with id: 'Object Repository/SearchResultPage/SearchItemTab/CatalogItems/Check Box For 3 Row Item List' located by 'By.xpath: //dew-tab[@id='items-in-catalogs']/eproc-product-list/dew-card/dew-flex/dew-flex-item[3]/eproc-product-card/dew-card/dew-row/dew-col[1]/div' not found)

2018-07-05 22:39:26 - [TEST_STEP][PASSED] - callTestCase: Call Test Case 'Test Cases/CommonLibraries/Search By Item' successfully

2018-07-05 22:39:26 - [TEST_CASE][PASSED] - Test Cases/CommonLibraries/Search By Item: Test Cases/CommonLibraries/Search By Item

2018-07-05 22:39:26 - [TEST_STEP][PASSED] - callTestCase: Call Test Case 'Test Cases/CommonLibraries/Login' successfully

2018-07-05 22:39:26 - [TEST_CASE][PASSED] - Test Cases/CommonLibraries/Login: Test Cases/CommonLibraries/Login

2018-07-05 22:39:26 - [TEST_STEP][PASSED] - openBrowser: Browser is opened with url: 'https://smtlogin.zycus.net/sso/login?serviceName=http://eproc-qa.zycus.net/'

2018-07-05 22:39:26 - [MESSAGE][WARNING] - A browser is already opened. Closing browser and opening a new one

2018-07-05 22:39:39 - [MESSAGE][PASSED] - Browser is opened with url: 'https://smtlogin.zycus.net/sso/login?serviceName=http://eproc-qa.zycus.net/'

2018-07-05 22:39:39 - [TEST_STEP][PASSED] - maximizeWindow: Current window maximized

2018-07-05 22:39:39 - [MESSAGE][PASSED] - Current window maximized

2018-07-05 22:39:39 - [TEST_STEP][PASSED] - waitForElementVisible: Object 'Object Repository/LoginPage/UserID' is visible

2018-07-05 22:39:39 - [MESSAGE][PASSED] - Object 'Object Repository/LoginPage/UserID' is visible

2018-07-05 22:39:39 - [TEST_STEP][PASSED] - sendKeys: Keys 'monicaqa@zycus.com' sent to object: 'Object Repository/LoginPage/UserID'

2018-07-05 22:39:39 - [MESSAGE][PASSED] - Keys 'monicaqa@zycus.com' sent to object: 'Object Repository/LoginPage/UserID'

2018-07-05 22:39:39 - [TEST_STEP][PASSED] - sendKeys: Keys 'eProc@123' sent to object: 'Object Repository/LoginPage/Password'

2018-07-05 22:39:39 - [MESSAGE][PASSED] - Keys 'eProc@123' sent to object: 'Object Repository/LoginPage/Password'

2018-07-05 22:39:39 - [TEST_STEP][PASSED] - click: Object: 'Object Repository/LoginPage/LoginButton' is clicked on

2018-07-05 22:39:43 - [MESSAGE][PASSED] - Object: 'Object Repository/LoginPage/LoginButton' is clicked on

2018-07-05 22:39:43 - [MESSAGE][PASSED] - Call Test Case 'Test Cases/CommonLibraries/Login' successfully

2018-07-05 22:39:43 - [TEST_STEP][PASSED] - waitForElementPresent: Object 'Object Repository/OnlineStorePage/Search Box' is present

2018-07-05 22:40:09 - [MESSAGE][PASSED] - Object 'Object Repository/OnlineStorePage/Search Box' is present

2018-07-05 22:40:09 - [TEST_STEP][PASSED] - waitForPageLoad: Wait for page load successfully

2018-07-05 22:40:09 - [MESSAGE][PASSED] - Wait for page load successfully

2018-07-05 22:40:09 - [TEST_STEP][PASSED] - sendKeys: Keys 'Item' sent to object: 'Object Repository/OnlineStorePage/Search Box'

2018-07-05 22:40:09 - [MESSAGE][PASSED] - Keys 'Item' sent to object: 'Object Repository/OnlineStorePage/Search Box'

2018-07-05 22:40:09 - [TEST_STEP][PASSED] - click: Object: 'Object Repository/OnlineStorePage/Search Icon' is clicked on

2018-07-05 22:40:09 - [MESSAGE][PASSED] - Object: 'Object Repository/OnlineStorePage/Search Icon' is clicked on

2018-07-05 22:40:09 - [MESSAGE][PASSED] - Call Test Case 'Test Cases/CommonLibraries/Search By Item' successfully

2018-07-05 22:40:09 - [TEST_STEP][PASSED] - waitForElementPresent: Object 'Object Repository/SearchResultPage/SearchItemTab/CatalogItems/Check Box For 3 Row Item List' is not present after 0 second(s)

2018-07-05 22:40:09 - [MESSAGE][WARNING] - Timeout '0' is invalid. Using default page load timeout: '100'

2018-07-05 22:41:54 - [MESSAGE][WARNING] - Object 'Object Repository/SearchResultPage/SearchItemTab/CatalogItems/Check Box For 3 Row Item List' is not present after 0 second(s)

2018-07-05 22:41:54 - [TEST_STEP][FAILED] - click: Unable to click on object 'Object Repository/SearchResultPage/SearchItemTab/CatalogItems/Check Box For 3 Row Item List' (Root cause: com.kms.katalon.core.webui.exception.WebElementNotFoundException: Web element with id: 'Object Repository/SearchResultPage/SearchItemTab/CatalogItems/Check Box For 3 Row Item List' located by 'By.xpath: //dew-tab[@id='items-in-catalogs']/eproc-product-list/dew-card/dew-flex/dew-flex-item[3]/eproc-product-card/dew-card/dew-row/dew-col[1]/div' not found)

2018-07-05 22:43:40 - [MESSAGE][FAILED] - Unable to click on object 'Object Repository/SearchResultPage/SearchItemTab/CatalogItems/Check Box For 3 Row Item List' (Root cause: com.kms.katalon.core.webui.exception.WebElementNotFoundException: Web element with id: 'Object Repository/SearchResultPage/SearchItemTab/CatalogItems/Check Box For 3 Row Item List' located by 'By.xpath: //dew-tab[@id='items-in-catalogs']/eproc-product-list/dew-card/dew-flex/dew-flex-item[3]/eproc-product-card/dew-card/dew-row/dew-col[1]/div' not found)
[[ATTACHMENT|C:\\Users\\vikas.kiroula\\git\\eProc\\Reports\\VikasTestCase\\20180705_205940\\1530810819251.png]]]]></system-out>
         <system-err><![CDATA[2018-07-05 22:39:26 - [TEST_CASE][FAILED] - Test Cases/DDS-272/DDS-3980 User should be able to add the deleted item again: Test Cases/DDS-272/DDS-3980 User should be able to add the deleted item again FAILED because (of) Unable to click on object 'Object Repository/SearchResultPage/SearchItemTab/CatalogItems/Check Box For 3 Row Item List' (Root cause: com.kms.katalon.core.webui.exception.WebElementNotFoundException: Web element with id: 'Object Repository/SearchResultPage/SearchItemTab/CatalogItems/Check Box For 3 Row Item List' located by 'By.xpath: //dew-tab[@id='items-in-catalogs']/eproc-product-list/dew-card/dew-flex/dew-flex-item[3]/eproc-product-card/dew-card/dew-row/dew-col[1]/div' not found)]]></system-err>
      </testcase>
      <testcase name="Test Cases/DDS-272/DDS-3981 On deleting individual item appropriate Alert message should be displayed" classname="Test Cases/DDS-272/DDS-3981 On deleting individual item appropriate Alert message should be displayed" status="FAILED">
         <failure type="FAILED" message="Unable to click on object 'Object Repository/SearchResultPage/SearchItemTab/CatalogItems/Check Box For 3 Row Item List' (Root cause: com.kms.katalon.core.webui.exception.WebElementNotFoundException: Web element with id: 'Object Repository/SearchResultPage/SearchItemTab/CatalogItems/Check Box For 3 Row Item List' located by 'By.xpath: //dew-tab[@id='items-in-catalogs']/eproc-product-list/dew-card/dew-flex/dew-flex-item[3]/eproc-product-card/dew-card/dew-row/dew-col[1]/div' not found)"/>
         <system-out><![CDATA[2018-07-05 22:43:40 - [TEST_CASE][FAILED] - Test Cases/DDS-272/DDS-3981 On deleting individual item appropriate Alert message should be displayed: Test Cases/DDS-272/DDS-3981 On deleting individual item appropriate Alert message should be displayed FAILED because (of) Unable to click on object 'Object Repository/SearchResultPage/SearchItemTab/CatalogItems/Check Box For 3 Row Item List' (Root cause: com.kms.katalon.core.webui.exception.WebElementNotFoundException: Web element with id: 'Object Repository/SearchResultPage/SearchItemTab/CatalogItems/Check Box For 3 Row Item List' located by 'By.xpath: //dew-tab[@id='items-in-catalogs']/eproc-product-list/dew-card/dew-flex/dew-flex-item[3]/eproc-product-card/dew-card/dew-row/dew-col[1]/div' not found)

2018-07-05 22:43:40 - [TEST_STEP][PASSED] - callTestCase: Call Test Case 'Test Cases/CommonLibraries/Search By Item' successfully

2018-07-05 22:43:40 - [TEST_CASE][PASSED] - Test Cases/CommonLibraries/Search By Item: Test Cases/CommonLibraries/Search By Item

2018-07-05 22:43:40 - [TEST_STEP][PASSED] - callTestCase: Call Test Case 'Test Cases/CommonLibraries/Login' successfully

2018-07-05 22:43:40 - [TEST_CASE][PASSED] - Test Cases/CommonLibraries/Login: Test Cases/CommonLibraries/Login

2018-07-05 22:43:40 - [TEST_STEP][PASSED] - openBrowser: Browser is opened with url: 'https://smtlogin.zycus.net/sso/login?serviceName=http://eproc-qa.zycus.net/'

2018-07-05 22:43:40 - [MESSAGE][WARNING] - A browser is already opened. Closing browser and opening a new one

2018-07-05 22:43:55 - [MESSAGE][PASSED] - Browser is opened with url: 'https://smtlogin.zycus.net/sso/login?serviceName=http://eproc-qa.zycus.net/'

2018-07-05 22:43:55 - [TEST_STEP][PASSED] - maximizeWindow: Current window maximized

2018-07-05 22:43:55 - [MESSAGE][PASSED] - Current window maximized

2018-07-05 22:43:55 - [TEST_STEP][PASSED] - waitForElementVisible: Object 'Object Repository/LoginPage/UserID' is visible

2018-07-05 22:43:55 - [MESSAGE][PASSED] - Object 'Object Repository/LoginPage/UserID' is visible

2018-07-05 22:43:55 - [TEST_STEP][PASSED] - sendKeys: Keys 'monicaqa@zycus.com' sent to object: 'Object Repository/LoginPage/UserID'

2018-07-05 22:43:55 - [MESSAGE][PASSED] - Keys 'monicaqa@zycus.com' sent to object: 'Object Repository/LoginPage/UserID'

2018-07-05 22:43:55 - [TEST_STEP][PASSED] - sendKeys: Keys 'eProc@123' sent to object: 'Object Repository/LoginPage/Password'

2018-07-05 22:43:55 - [MESSAGE][PASSED] - Keys 'eProc@123' sent to object: 'Object Repository/LoginPage/Password'

2018-07-05 22:43:55 - [TEST_STEP][PASSED] - click: Object: 'Object Repository/LoginPage/LoginButton' is clicked on

2018-07-05 22:43:59 - [MESSAGE][PASSED] - Object: 'Object Repository/LoginPage/LoginButton' is clicked on

2018-07-05 22:43:59 - [MESSAGE][PASSED] - Call Test Case 'Test Cases/CommonLibraries/Login' successfully

2018-07-05 22:43:59 - [TEST_STEP][PASSED] - waitForElementPresent: Object 'Object Repository/OnlineStorePage/Search Box' is present

2018-07-05 22:44:24 - [MESSAGE][PASSED] - Object 'Object Repository/OnlineStorePage/Search Box' is present

2018-07-05 22:44:24 - [TEST_STEP][PASSED] - waitForPageLoad: Wait for page load successfully

2018-07-05 22:44:24 - [MESSAGE][PASSED] - Wait for page load successfully

2018-07-05 22:44:24 - [TEST_STEP][PASSED] - sendKeys: Keys 'Item' sent to object: 'Object Repository/OnlineStorePage/Search Box'

2018-07-05 22:44:25 - [MESSAGE][PASSED] - Keys 'Item' sent to object: 'Object Repository/OnlineStorePage/Search Box'

2018-07-05 22:44:25 - [TEST_STEP][PASSED] - click: Object: 'Object Repository/OnlineStorePage/Search Icon' is clicked on

2018-07-05 22:44:25 - [MESSAGE][PASSED] - Object: 'Object Repository/OnlineStorePage/Search Icon' is clicked on

2018-07-05 22:44:25 - [MESSAGE][PASSED] - Call Test Case 'Test Cases/CommonLibraries/Search By Item' successfully

2018-07-05 22:44:25 - [TEST_STEP][PASSED] - waitForElementPresent: Object 'Object Repository/SearchResultPage/SearchItemTab/CatalogItems/Check Box For 3 Row Item List' is not present after 0 second(s)

2018-07-05 22:44:25 - [MESSAGE][WARNING] - Timeout '0' is invalid. Using default page load timeout: '100'

2018-07-05 22:46:09 - [MESSAGE][WARNING] - Object 'Object Repository/SearchResultPage/SearchItemTab/CatalogItems/Check Box For 3 Row Item List' is not present after 0 second(s)

2018-07-05 22:46:09 - [TEST_STEP][FAILED] - click: Unable to click on object 'Object Repository/SearchResultPage/SearchItemTab/CatalogItems/Check Box For 3 Row Item List' (Root cause: com.kms.katalon.core.webui.exception.WebElementNotFoundException: Web element with id: 'Object Repository/SearchResultPage/SearchItemTab/CatalogItems/Check Box For 3 Row Item List' located by 'By.xpath: //dew-tab[@id='items-in-catalogs']/eproc-product-list/dew-card/dew-flex/dew-flex-item[3]/eproc-product-card/dew-card/dew-row/dew-col[1]/div' not found)

2018-07-05 22:47:55 - [MESSAGE][FAILED] - Unable to click on object 'Object Repository/SearchResultPage/SearchItemTab/CatalogItems/Check Box For 3 Row Item List' (Root cause: com.kms.katalon.core.webui.exception.WebElementNotFoundException: Web element with id: 'Object Repository/SearchResultPage/SearchItemTab/CatalogItems/Check Box For 3 Row Item List' located by 'By.xpath: //dew-tab[@id='items-in-catalogs']/eproc-product-list/dew-card/dew-flex/dew-flex-item[3]/eproc-product-card/dew-card/dew-row/dew-col[1]/div' not found)
[[ATTACHMENT|C:\\Users\\vikas.kiroula\\git\\eProc\\Reports\\VikasTestCase\\20180705_205940\\1530811074638.png]]]]></system-out>
         <system-err><![CDATA[2018-07-05 22:43:40 - [TEST_CASE][FAILED] - Test Cases/DDS-272/DDS-3981 On deleting individual item appropriate Alert message should be displayed: Test Cases/DDS-272/DDS-3981 On deleting individual item appropriate Alert message should be displayed FAILED because (of) Unable to click on object 'Object Repository/SearchResultPage/SearchItemTab/CatalogItems/Check Box For 3 Row Item List' (Root cause: com.kms.katalon.core.webui.exception.WebElementNotFoundException: Web element with id: 'Object Repository/SearchResultPage/SearchItemTab/CatalogItems/Check Box For 3 Row Item List' located by 'By.xpath: //dew-tab[@id='items-in-catalogs']/eproc-product-list/dew-card/dew-flex/dew-flex-item[3]/eproc-product-card/dew-card/dew-row/dew-col[1]/div' not found)]]></system-err>
      </testcase>
      <testcase name="Test Cases/DDS-272/DDS-3982 On deleting entire cart appropriate Alert message should be displayed" classname="Test Cases/DDS-272/DDS-3982 On deleting entire cart appropriate Alert message should be displayed" status="FAILED">
         <failure type="FAILED" message="Unable to click on object 'Object Repository/SearchResultPage/SearchItemTab/CatalogItems/Check Box For 3 Row Item List' (Root cause: com.kms.katalon.core.webui.exception.WebElementNotFoundException: Web element with id: 'Object Repository/SearchResultPage/SearchItemTab/CatalogItems/Check Box For 3 Row Item List' located by 'By.xpath: //dew-tab[@id='items-in-catalogs']/eproc-product-list/dew-card/dew-flex/dew-flex-item[3]/eproc-product-card/dew-card/dew-row/dew-col[1]/div' not found)"/>
         <system-out><![CDATA[2018-07-05 22:47:55 - [TEST_CASE][FAILED] - Test Cases/DDS-272/DDS-3982 On deleting entire cart appropriate Alert message should be displayed: Test Cases/DDS-272/DDS-3982 On deleting entire cart appropriate Alert message should be displayed FAILED because (of) Unable to click on object 'Object Repository/SearchResultPage/SearchItemTab/CatalogItems/Check Box For 3 Row Item List' (Root cause: com.kms.katalon.core.webui.exception.WebElementNotFoundException: Web element with id: 'Object Repository/SearchResultPage/SearchItemTab/CatalogItems/Check Box For 3 Row Item List' located by 'By.xpath: //dew-tab[@id='items-in-catalogs']/eproc-product-list/dew-card/dew-flex/dew-flex-item[3]/eproc-product-card/dew-card/dew-row/dew-col[1]/div' not found)

2018-07-05 22:47:55 - [TEST_STEP][PASSED] - callTestCase: Call Test Case 'Test Cases/CommonLibraries/Search By Item' successfully

2018-07-05 22:47:55 - [TEST_CASE][PASSED] - Test Cases/CommonLibraries/Search By Item: Test Cases/CommonLibraries/Search By Item

2018-07-05 22:47:55 - [TEST_STEP][PASSED] - callTestCase: Call Test Case 'Test Cases/CommonLibraries/Login' successfully

2018-07-05 22:47:55 - [TEST_CASE][PASSED] - Test Cases/CommonLibraries/Login: Test Cases/CommonLibraries/Login

2018-07-05 22:47:55 - [TEST_STEP][PASSED] - openBrowser: Browser is opened with url: 'https://smtlogin.zycus.net/sso/login?serviceName=http://eproc-qa.zycus.net/'

2018-07-05 22:47:55 - [MESSAGE][WARNING] - A browser is already opened. Closing browser and opening a new one

2018-07-05 22:48:18 - [MESSAGE][PASSED] - Browser is opened with url: 'https://smtlogin.zycus.net/sso/login?serviceName=http://eproc-qa.zycus.net/'

2018-07-05 22:48:18 - [TEST_STEP][PASSED] - maximizeWindow: Current window maximized

2018-07-05 22:48:18 - [MESSAGE][PASSED] - Current window maximized

2018-07-05 22:48:18 - [TEST_STEP][PASSED] - waitForElementVisible: Object 'Object Repository/LoginPage/UserID' is visible

2018-07-05 22:48:18 - [MESSAGE][PASSED] - Object 'Object Repository/LoginPage/UserID' is visible

2018-07-05 22:48:18 - [TEST_STEP][PASSED] - sendKeys: Keys 'monicaqa@zycus.com' sent to object: 'Object Repository/LoginPage/UserID'

2018-07-05 22:48:18 - [MESSAGE][PASSED] - Keys 'monicaqa@zycus.com' sent to object: 'Object Repository/LoginPage/UserID'

2018-07-05 22:48:18 - [TEST_STEP][PASSED] - sendKeys: Keys 'eProc@123' sent to object: 'Object Repository/LoginPage/Password'

2018-07-05 22:48:18 - [MESSAGE][PASSED] - Keys 'eProc@123' sent to object: 'Object Repository/LoginPage/Password'

2018-07-05 22:48:18 - [TEST_STEP][PASSED] - click: Object: 'Object Repository/LoginPage/LoginButton' is clicked on

2018-07-05 22:48:22 - [MESSAGE][PASSED] - Object: 'Object Repository/LoginPage/LoginButton' is clicked on

2018-07-05 22:48:22 - [MESSAGE][PASSED] - Call Test Case 'Test Cases/CommonLibraries/Login' successfully

2018-07-05 22:48:22 - [TEST_STEP][PASSED] - waitForElementPresent: Object 'Object Repository/OnlineStorePage/Search Box' is present

2018-07-05 22:48:48 - [MESSAGE][PASSED] - Object 'Object Repository/OnlineStorePage/Search Box' is present

2018-07-05 22:48:48 - [TEST_STEP][PASSED] - waitForPageLoad: Wait for page load successfully

2018-07-05 22:48:48 - [MESSAGE][PASSED] - Wait for page load successfully

2018-07-05 22:48:48 - [TEST_STEP][PASSED] - sendKeys: Keys 'Item' sent to object: 'Object Repository/OnlineStorePage/Search Box'

2018-07-05 22:48:48 - [MESSAGE][PASSED] - Keys 'Item' sent to object: 'Object Repository/OnlineStorePage/Search Box'

2018-07-05 22:48:48 - [TEST_STEP][PASSED] - click: Object: 'Object Repository/OnlineStorePage/Search Icon' is clicked on

2018-07-05 22:48:49 - [MESSAGE][PASSED] - Object: 'Object Repository/OnlineStorePage/Search Icon' is clicked on

2018-07-05 22:48:49 - [MESSAGE][PASSED] - Call Test Case 'Test Cases/CommonLibraries/Search By Item' successfully

2018-07-05 22:48:49 - [TEST_STEP][PASSED] - waitForElementPresent: Object 'Object Repository/SearchResultPage/SearchItemTab/CatalogItems/Check Box For 3 Row Item List' is not present after 50 second(s)

2018-07-05 22:49:41 - [MESSAGE][WARNING] - Object 'Object Repository/SearchResultPage/SearchItemTab/CatalogItems/Check Box For 3 Row Item List' is not present after 50 second(s)

2018-07-05 22:49:41 - [TEST_STEP][FAILED] - click: Unable to click on object 'Object Repository/SearchResultPage/SearchItemTab/CatalogItems/Check Box For 3 Row Item List' (Root cause: com.kms.katalon.core.webui.exception.WebElementNotFoundException: Web element with id: 'Object Repository/SearchResultPage/SearchItemTab/CatalogItems/Check Box For 3 Row Item List' located by 'By.xpath: //dew-tab[@id='items-in-catalogs']/eproc-product-list/dew-card/dew-flex/dew-flex-item[3]/eproc-product-card/dew-card/dew-row/dew-col[1]/div' not found)

2018-07-05 22:51:26 - [MESSAGE][FAILED] - Unable to click on object 'Object Repository/SearchResultPage/SearchItemTab/CatalogItems/Check Box For 3 Row Item List' (Root cause: com.kms.katalon.core.webui.exception.WebElementNotFoundException: Web element with id: 'Object Repository/SearchResultPage/SearchItemTab/CatalogItems/Check Box For 3 Row Item List' located by 'By.xpath: //dew-tab[@id='items-in-catalogs']/eproc-product-list/dew-card/dew-flex/dew-flex-item[3]/eproc-product-card/dew-card/dew-row/dew-col[1]/div' not found)
[[ATTACHMENT|C:\\Users\\vikas.kiroula\\git\\eProc\\Reports\\VikasTestCase\\20180705_205940\\1530811285743.png]]]]></system-out>
         <system-err><![CDATA[2018-07-05 22:47:55 - [TEST_CASE][FAILED] - Test Cases/DDS-272/DDS-3982 On deleting entire cart appropriate Alert message should be displayed: Test Cases/DDS-272/DDS-3982 On deleting entire cart appropriate Alert message should be displayed FAILED because (of) Unable to click on object 'Object Repository/SearchResultPage/SearchItemTab/CatalogItems/Check Box For 3 Row Item List' (Root cause: com.kms.katalon.core.webui.exception.WebElementNotFoundException: Web element with id: 'Object Repository/SearchResultPage/SearchItemTab/CatalogItems/Check Box For 3 Row Item List' located by 'By.xpath: //dew-tab[@id='items-in-catalogs']/eproc-product-list/dew-card/dew-flex/dew-flex-item[3]/eproc-product-card/dew-card/dew-row/dew-col[1]/div' not found)]]></system-err>
      </testcase>
      <testcase name="Test Cases/DDS-272/DDS-3983 On successful deletion of individual item appropriate message should be displayed" classname="Test Cases/DDS-272/DDS-3983 On successful deletion of individual item appropriate message should be displayed" status="FAILED">
         <failure type="FAILED" message="Unable to click on object 'Object Repository/SearchResultPage/SearchItemTab/CatalogItems/Check Box For 3 Row Item List' (Root cause: com.kms.katalon.core.webui.exception.WebElementNotFoundException: Web element with id: 'Object Repository/SearchResultPage/SearchItemTab/CatalogItems/Check Box For 3 Row Item List' located by 'By.xpath: //dew-tab[@id='items-in-catalogs']/eproc-product-list/dew-card/dew-flex/dew-flex-item[3]/eproc-product-card/dew-card/dew-row/dew-col[1]/div' not found)"/>
         <system-out><![CDATA[2018-07-05 22:51:26 - [TEST_CASE][FAILED] - Test Cases/DDS-272/DDS-3983 On successful deletion of individual item appropriate message should be displayed: Test Cases/DDS-272/DDS-3983 On successful deletion of individual item appropriate message should be displayed FAILED because (of) Unable to click on object 'Object Repository/SearchResultPage/SearchItemTab/CatalogItems/Check Box For 3 Row Item List' (Root cause: com.kms.katalon.core.webui.exception.WebElementNotFoundException: Web element with id: 'Object Repository/SearchResultPage/SearchItemTab/CatalogItems/Check Box For 3 Row Item List' located by 'By.xpath: //dew-tab[@id='items-in-catalogs']/eproc-product-list/dew-card/dew-flex/dew-flex-item[3]/eproc-product-card/dew-card/dew-row/dew-col[1]/div' not found)

2018-07-05 22:51:26 - [TEST_STEP][PASSED] - callTestCase: Call Test Case 'Test Cases/CommonLibraries/Search By Item' successfully

2018-07-05 22:51:26 - [TEST_CASE][PASSED] - Test Cases/CommonLibraries/Search By Item: Test Cases/CommonLibraries/Search By Item

2018-07-05 22:51:26 - [TEST_STEP][PASSED] - callTestCase: Call Test Case 'Test Cases/CommonLibraries/Login' successfully

2018-07-05 22:51:26 - [TEST_CASE][PASSED] - Test Cases/CommonLibraries/Login: Test Cases/CommonLibraries/Login

2018-07-05 22:51:26 - [TEST_STEP][PASSED] - openBrowser: Browser is opened with url: 'https://smtlogin.zycus.net/sso/login?serviceName=http://eproc-qa.zycus.net/'

2018-07-05 22:51:26 - [MESSAGE][WARNING] - A browser is already opened. Closing browser and opening a new one

2018-07-05 22:51:41 - [MESSAGE][PASSED] - Browser is opened with url: 'https://smtlogin.zycus.net/sso/login?serviceName=http://eproc-qa.zycus.net/'

2018-07-05 22:51:41 - [TEST_STEP][PASSED] - maximizeWindow: Current window maximized

2018-07-05 22:51:41 - [MESSAGE][PASSED] - Current window maximized

2018-07-05 22:51:41 - [TEST_STEP][PASSED] - waitForElementVisible: Object 'Object Repository/LoginPage/UserID' is visible

2018-07-05 22:51:41 - [MESSAGE][PASSED] - Object 'Object Repository/LoginPage/UserID' is visible

2018-07-05 22:51:41 - [TEST_STEP][PASSED] - sendKeys: Keys 'monicaqa@zycus.com' sent to object: 'Object Repository/LoginPage/UserID'

2018-07-05 22:51:41 - [MESSAGE][PASSED] - Keys 'monicaqa@zycus.com' sent to object: 'Object Repository/LoginPage/UserID'

2018-07-05 22:51:41 - [TEST_STEP][PASSED] - sendKeys: Keys 'eProc@123' sent to object: 'Object Repository/LoginPage/Password'

2018-07-05 22:51:42 - [MESSAGE][PASSED] - Keys 'eProc@123' sent to object: 'Object Repository/LoginPage/Password'

2018-07-05 22:51:42 - [TEST_STEP][PASSED] - click: Object: 'Object Repository/LoginPage/LoginButton' is clicked on

2018-07-05 22:51:46 - [MESSAGE][PASSED] - Object: 'Object Repository/LoginPage/LoginButton' is clicked on

2018-07-05 22:51:46 - [MESSAGE][PASSED] - Call Test Case 'Test Cases/CommonLibraries/Login' successfully

2018-07-05 22:51:46 - [TEST_STEP][PASSED] - waitForElementPresent: Object 'Object Repository/OnlineStorePage/Search Box' is present

2018-07-05 22:52:14 - [MESSAGE][PASSED] - Object 'Object Repository/OnlineStorePage/Search Box' is present

2018-07-05 22:52:14 - [TEST_STEP][PASSED] - waitForPageLoad: Wait for page load successfully

2018-07-05 22:52:14 - [MESSAGE][PASSED] - Wait for page load successfully

2018-07-05 22:52:14 - [TEST_STEP][PASSED] - sendKeys: Keys 'Item' sent to object: 'Object Repository/OnlineStorePage/Search Box'

2018-07-05 22:52:14 - [MESSAGE][PASSED] - Keys 'Item' sent to object: 'Object Repository/OnlineStorePage/Search Box'

2018-07-05 22:52:14 - [TEST_STEP][PASSED] - click: Object: 'Object Repository/OnlineStorePage/Search Icon' is clicked on

2018-07-05 22:52:14 - [MESSAGE][PASSED] - Object: 'Object Repository/OnlineStorePage/Search Icon' is clicked on

2018-07-05 22:52:14 - [MESSAGE][PASSED] - Call Test Case 'Test Cases/CommonLibraries/Search By Item' successfully

2018-07-05 22:52:14 - [TEST_STEP][PASSED] - waitForElementPresent: Object 'Object Repository/SearchResultPage/SearchItemTab/CatalogItems/Check Box For 3 Row Item List' is not present after 0 second(s)

2018-07-05 22:52:14 - [MESSAGE][WARNING] - Timeout '0' is invalid. Using default page load timeout: '100'

2018-07-05 22:53:59 - [MESSAGE][WARNING] - Object 'Object Repository/SearchResultPage/SearchItemTab/CatalogItems/Check Box For 3 Row Item List' is not present after 0 second(s)

2018-07-05 22:53:59 - [TEST_STEP][FAILED] - click: Unable to click on object 'Object Repository/SearchResultPage/SearchItemTab/CatalogItems/Check Box For 3 Row Item List' (Root cause: com.kms.katalon.core.webui.exception.WebElementNotFoundException: Web element with id: 'Object Repository/SearchResultPage/SearchItemTab/CatalogItems/Check Box For 3 Row Item List' located by 'By.xpath: //dew-tab[@id='items-in-catalogs']/eproc-product-list/dew-card/dew-flex/dew-flex-item[3]/eproc-product-card/dew-card/dew-row/dew-col[1]/div' not found)

2018-07-05 22:55:44 - [MESSAGE][FAILED] - Unable to click on object 'Object Repository/SearchResultPage/SearchItemTab/CatalogItems/Check Box For 3 Row Item List' (Root cause: com.kms.katalon.core.webui.exception.WebElementNotFoundException: Web element with id: 'Object Repository/SearchResultPage/SearchItemTab/CatalogItems/Check Box For 3 Row Item List' located by 'By.xpath: //dew-tab[@id='items-in-catalogs']/eproc-product-list/dew-card/dew-flex/dew-flex-item[3]/eproc-product-card/dew-card/dew-row/dew-col[1]/div' not found)
[[ATTACHMENT|C:\\Users\\vikas.kiroula\\git\\eProc\\Reports\\VikasTestCase\\20180705_205940\\1530811543794.png]]]]></system-out>
         <system-err><![CDATA[2018-07-05 22:51:26 - [TEST_CASE][FAILED] - Test Cases/DDS-272/DDS-3983 On successful deletion of individual item appropriate message should be displayed: Test Cases/DDS-272/DDS-3983 On successful deletion of individual item appropriate message should be displayed FAILED because (of) Unable to click on object 'Object Repository/SearchResultPage/SearchItemTab/CatalogItems/Check Box For 3 Row Item List' (Root cause: com.kms.katalon.core.webui.exception.WebElementNotFoundException: Web element with id: 'Object Repository/SearchResultPage/SearchItemTab/CatalogItems/Check Box For 3 Row Item List' located by 'By.xpath: //dew-tab[@id='items-in-catalogs']/eproc-product-list/dew-card/dew-flex/dew-flex-item[3]/eproc-product-card/dew-card/dew-row/dew-col[1]/div' not found)]]></system-err>
      </testcase>
      <testcase name="Test Cases/DDS-272/DDS-3984 On successful deletion of entire appropriate message should be displayed" classname="Test Cases/DDS-272/DDS-3984 On successful deletion of entire appropriate message should be displayed" status="FAILED">
         <failure type="FAILED" message="Unable to click on object 'Object Repository/SearchResultPage/SearchItemTab/CatalogItems/Check Box For 3 Row Item List' (Root cause: com.kms.katalon.core.webui.exception.WebElementNotFoundException: Web element with id: 'Object Repository/SearchResultPage/SearchItemTab/CatalogItems/Check Box For 3 Row Item List' located by 'By.xpath: //dew-tab[@id='items-in-catalogs']/eproc-product-list/dew-card/dew-flex/dew-flex-item[3]/eproc-product-card/dew-card/dew-row/dew-col[1]/div' not found)"/>
         <system-out><![CDATA[2018-07-05 22:55:44 - [TEST_CASE][FAILED] - Test Cases/DDS-272/DDS-3984 On successful deletion of entire appropriate message should be displayed: Test Cases/DDS-272/DDS-3984 On successful deletion of entire appropriate message should be displayed FAILED because (of) Unable to click on object 'Object Repository/SearchResultPage/SearchItemTab/CatalogItems/Check Box For 3 Row Item List' (Root cause: com.kms.katalon.core.webui.exception.WebElementNotFoundException: Web element with id: 'Object Repository/SearchResultPage/SearchItemTab/CatalogItems/Check Box For 3 Row Item List' located by 'By.xpath: //dew-tab[@id='items-in-catalogs']/eproc-product-list/dew-card/dew-flex/dew-flex-item[3]/eproc-product-card/dew-card/dew-row/dew-col[1]/div' not found)

2018-07-05 22:55:44 - [TEST_STEP][PASSED] - callTestCase: Call Test Case 'Test Cases/CommonLibraries/Search By Item' successfully

2018-07-05 22:55:44 - [TEST_CASE][PASSED] - Test Cases/CommonLibraries/Search By Item: Test Cases/CommonLibraries/Search By Item

2018-07-05 22:55:44 - [TEST_STEP][PASSED] - callTestCase: Call Test Case 'Test Cases/CommonLibraries/Login' successfully

2018-07-05 22:55:44 - [TEST_CASE][PASSED] - Test Cases/CommonLibraries/Login: Test Cases/CommonLibraries/Login

2018-07-05 22:55:44 - [TEST_STEP][PASSED] - openBrowser: Browser is opened with url: 'https://smtlogin.zycus.net/sso/login?serviceName=http://eproc-qa.zycus.net/'

2018-07-05 22:55:44 - [MESSAGE][WARNING] - A browser is already opened. Closing browser and opening a new one

2018-07-05 22:55:57 - [MESSAGE][PASSED] - Browser is opened with url: 'https://smtlogin.zycus.net/sso/login?serviceName=http://eproc-qa.zycus.net/'

2018-07-05 22:55:57 - [TEST_STEP][PASSED] - maximizeWindow: Current window maximized

2018-07-05 22:55:57 - [MESSAGE][PASSED] - Current window maximized

2018-07-05 22:55:57 - [TEST_STEP][PASSED] - waitForElementVisible: Object 'Object Repository/LoginPage/UserID' is visible

2018-07-05 22:55:57 - [MESSAGE][PASSED] - Object 'Object Repository/LoginPage/UserID' is visible

2018-07-05 22:55:57 - [TEST_STEP][PASSED] - sendKeys: Keys 'monicaqa@zycus.com' sent to object: 'Object Repository/LoginPage/UserID'

2018-07-05 22:55:57 - [MESSAGE][PASSED] - Keys 'monicaqa@zycus.com' sent to object: 'Object Repository/LoginPage/UserID'

2018-07-05 22:55:57 - [TEST_STEP][PASSED] - sendKeys: Keys 'eProc@123' sent to object: 'Object Repository/LoginPage/Password'

2018-07-05 22:55:57 - [MESSAGE][PASSED] - Keys 'eProc@123' sent to object: 'Object Repository/LoginPage/Password'

2018-07-05 22:55:57 - [TEST_STEP][PASSED] - click: Object: 'Object Repository/LoginPage/LoginButton' is clicked on

2018-07-05 22:56:01 - [MESSAGE][PASSED] - Object: 'Object Repository/LoginPage/LoginButton' is clicked on

2018-07-05 22:56:01 - [MESSAGE][PASSED] - Call Test Case 'Test Cases/CommonLibraries/Login' successfully

2018-07-05 22:56:01 - [TEST_STEP][PASSED] - waitForElementPresent: Object 'Object Repository/OnlineStorePage/Search Box' is present

2018-07-05 22:56:29 - [MESSAGE][PASSED] - Object 'Object Repository/OnlineStorePage/Search Box' is present

2018-07-05 22:56:29 - [TEST_STEP][PASSED] - waitForPageLoad: Wait for page load successfully

2018-07-05 22:56:29 - [MESSAGE][PASSED] - Wait for page load successfully

2018-07-05 22:56:29 - [TEST_STEP][PASSED] - sendKeys: Keys 'Item' sent to object: 'Object Repository/OnlineStorePage/Search Box'

2018-07-05 22:56:29 - [MESSAGE][PASSED] - Keys 'Item' sent to object: 'Object Repository/OnlineStorePage/Search Box'

2018-07-05 22:56:29 - [TEST_STEP][PASSED] - click: Object: 'Object Repository/OnlineStorePage/Search Icon' is clicked on

2018-07-05 22:56:29 - [MESSAGE][PASSED] - Object: 'Object Repository/OnlineStorePage/Search Icon' is clicked on

2018-07-05 22:56:29 - [MESSAGE][PASSED] - Call Test Case 'Test Cases/CommonLibraries/Search By Item' successfully

2018-07-05 22:56:29 - [TEST_STEP][PASSED] - waitForElementPresent: Object 'Object Repository/SearchResultPage/SearchItemTab/CatalogItems/Check Box For 3 Row Item List' is not present after 30 second(s)

2018-07-05 22:57:00 - [MESSAGE][WARNING] - Object 'Object Repository/SearchResultPage/SearchItemTab/CatalogItems/Check Box For 3 Row Item List' is not present after 30 second(s)

2018-07-05 22:57:00 - [TEST_STEP][FAILED] - click: Unable to click on object 'Object Repository/SearchResultPage/SearchItemTab/CatalogItems/Check Box For 3 Row Item List' (Root cause: com.kms.katalon.core.webui.exception.WebElementNotFoundException: Web element with id: 'Object Repository/SearchResultPage/SearchItemTab/CatalogItems/Check Box For 3 Row Item List' located by 'By.xpath: //dew-tab[@id='items-in-catalogs']/eproc-product-list/dew-card/dew-flex/dew-flex-item[3]/eproc-product-card/dew-card/dew-row/dew-col[1]/div' not found)

2018-07-05 22:58:46 - [MESSAGE][FAILED] - Unable to click on object 'Object Repository/SearchResultPage/SearchItemTab/CatalogItems/Check Box For 3 Row Item List' (Root cause: com.kms.katalon.core.webui.exception.WebElementNotFoundException: Web element with id: 'Object Repository/SearchResultPage/SearchItemTab/CatalogItems/Check Box For 3 Row Item List' located by 'By.xpath: //dew-tab[@id='items-in-catalogs']/eproc-product-list/dew-card/dew-flex/dew-flex-item[3]/eproc-product-card/dew-card/dew-row/dew-col[1]/div' not found)
[[ATTACHMENT|C:\\Users\\vikas.kiroula\\git\\eProc\\Reports\\VikasTestCase\\20180705_205940\\1530811725712.png]]]]></system-out>
         <system-err><![CDATA[2018-07-05 22:55:44 - [TEST_CASE][FAILED] - Test Cases/DDS-272/DDS-3984 On successful deletion of entire appropriate message should be displayed: Test Cases/DDS-272/DDS-3984 On successful deletion of entire appropriate message should be displayed FAILED because (of) Unable to click on object 'Object Repository/SearchResultPage/SearchItemTab/CatalogItems/Check Box For 3 Row Item List' (Root cause: com.kms.katalon.core.webui.exception.WebElementNotFoundException: Web element with id: 'Object Repository/SearchResultPage/SearchItemTab/CatalogItems/Check Box For 3 Row Item List' located by 'By.xpath: //dew-tab[@id='items-in-catalogs']/eproc-product-list/dew-card/dew-flex/dew-flex-item[3]/eproc-product-card/dew-card/dew-row/dew-col[1]/div' not found)]]></system-err>
      </testcase>
      <testcase name="Test Cases/DDS-272/DDS-3985 When entire cart is deleted continue shopping option should be displayed whereas other options should be hidden" classname="Test Cases/DDS-272/DDS-3985 When entire cart is deleted continue shopping option should be displayed whereas other options should be hidden" status="FAILED">
         <failure type="FAILED" message="Unable to click on object 'Object Repository/SearchResultPage/SearchItemTab/CatalogItems/Check Box For 3 Row Item List' (Root cause: com.kms.katalon.core.webui.exception.WebElementNotFoundException: Web element with id: 'Object Repository/SearchResultPage/SearchItemTab/CatalogItems/Check Box For 3 Row Item List' located by 'By.xpath: //dew-tab[@id='items-in-catalogs']/eproc-product-list/dew-card/dew-flex/dew-flex-item[3]/eproc-product-card/dew-card/dew-row/dew-col[1]/div' not found)"/>
         <system-out><![CDATA[2018-07-05 22:58:46 - [TEST_CASE][FAILED] - Test Cases/DDS-272/DDS-3985 When entire cart is deleted continue shopping option should be displayed whereas other options should be hidden: Test Cases/DDS-272/DDS-3985 When entire cart is deleted continue shopping option should be displayed whereas other options should be hidden FAILED because (of) Unable to click on object 'Object Repository/SearchResultPage/SearchItemTab/CatalogItems/Check Box For 3 Row Item List' (Root cause: com.kms.katalon.core.webui.exception.WebElementNotFoundException: Web element with id: 'Object Repository/SearchResultPage/SearchItemTab/CatalogItems/Check Box For 3 Row Item List' located by 'By.xpath: //dew-tab[@id='items-in-catalogs']/eproc-product-list/dew-card/dew-flex/dew-flex-item[3]/eproc-product-card/dew-card/dew-row/dew-col[1]/div' not found)

2018-07-05 22:58:46 - [TEST_STEP][PASSED] - callTestCase: Call Test Case 'Test Cases/CommonLibraries/Search By Item' successfully

2018-07-05 22:58:46 - [TEST_CASE][PASSED] - Test Cases/CommonLibraries/Search By Item: Test Cases/CommonLibraries/Search By Item

2018-07-05 22:58:46 - [TEST_STEP][PASSED] - callTestCase: Call Test Case 'Test Cases/CommonLibraries/Login' successfully

2018-07-05 22:58:46 - [TEST_CASE][PASSED] - Test Cases/CommonLibraries/Login: Test Cases/CommonLibraries/Login

2018-07-05 22:58:46 - [TEST_STEP][PASSED] - openBrowser: Browser is opened with url: 'https://smtlogin.zycus.net/sso/login?serviceName=http://eproc-qa.zycus.net/'

2018-07-05 22:58:46 - [MESSAGE][WARNING] - A browser is already opened. Closing browser and opening a new one

2018-07-05 22:59:00 - [MESSAGE][PASSED] - Browser is opened with url: 'https://smtlogin.zycus.net/sso/login?serviceName=http://eproc-qa.zycus.net/'

2018-07-05 22:59:00 - [TEST_STEP][PASSED] - maximizeWindow: Current window maximized

2018-07-05 22:59:02 - [MESSAGE][PASSED] - Current window maximized

2018-07-05 22:59:02 - [TEST_STEP][PASSED] - waitForElementVisible: Object 'Object Repository/LoginPage/UserID' is visible

2018-07-05 22:59:02 - [MESSAGE][PASSED] - Object 'Object Repository/LoginPage/UserID' is visible

2018-07-05 22:59:02 - [TEST_STEP][PASSED] - sendKeys: Keys 'monicaqa@zycus.com' sent to object: 'Object Repository/LoginPage/UserID'

2018-07-05 22:59:03 - [MESSAGE][PASSED] - Keys 'monicaqa@zycus.com' sent to object: 'Object Repository/LoginPage/UserID'

2018-07-05 22:59:03 - [TEST_STEP][PASSED] - sendKeys: Keys 'eProc@123' sent to object: 'Object Repository/LoginPage/Password'

2018-07-05 22:59:03 - [MESSAGE][PASSED] - Keys 'eProc@123' sent to object: 'Object Repository/LoginPage/Password'

2018-07-05 22:59:03 - [TEST_STEP][PASSED] - click: Object: 'Object Repository/LoginPage/LoginButton' is clicked on

2018-07-05 22:59:07 - [MESSAGE][PASSED] - Object: 'Object Repository/LoginPage/LoginButton' is clicked on

2018-07-05 22:59:07 - [MESSAGE][PASSED] - Call Test Case 'Test Cases/CommonLibraries/Login' successfully

2018-07-05 22:59:07 - [TEST_STEP][PASSED] - waitForElementPresent: Object 'Object Repository/OnlineStorePage/Search Box' is present

2018-07-05 22:59:40 - [MESSAGE][PASSED] - Object 'Object Repository/OnlineStorePage/Search Box' is present

2018-07-05 22:59:40 - [TEST_STEP][PASSED] - waitForPageLoad: Wait for page load successfully

2018-07-05 22:59:40 - [MESSAGE][PASSED] - Wait for page load successfully

2018-07-05 22:59:40 - [TEST_STEP][PASSED] - sendKeys: Keys 'Item' sent to object: 'Object Repository/OnlineStorePage/Search Box'

2018-07-05 22:59:40 - [MESSAGE][PASSED] - Keys 'Item' sent to object: 'Object Repository/OnlineStorePage/Search Box'

2018-07-05 22:59:40 - [TEST_STEP][PASSED] - click: Object: 'Object Repository/OnlineStorePage/Search Icon' is clicked on

2018-07-05 22:59:41 - [MESSAGE][PASSED] - Object: 'Object Repository/OnlineStorePage/Search Icon' is clicked on

2018-07-05 22:59:41 - [MESSAGE][PASSED] - Call Test Case 'Test Cases/CommonLibraries/Search By Item' successfully

2018-07-05 22:59:41 - [TEST_STEP][PASSED] - waitForElementPresent: Object 'Object Repository/SearchResultPage/SearchItemTab/CatalogItems/Check Box For 3 Row Item List' is not present after 30 second(s)

2018-07-05 23:00:12 - [MESSAGE][WARNING] - Object 'Object Repository/SearchResultPage/SearchItemTab/CatalogItems/Check Box For 3 Row Item List' is not present after 30 second(s)

2018-07-05 23:00:12 - [TEST_STEP][FAILED] - click: Unable to click on object 'Object Repository/SearchResultPage/SearchItemTab/CatalogItems/Check Box For 3 Row Item List' (Root cause: com.kms.katalon.core.webui.exception.WebElementNotFoundException: Web element with id: 'Object Repository/SearchResultPage/SearchItemTab/CatalogItems/Check Box For 3 Row Item List' located by 'By.xpath: //dew-tab[@id='items-in-catalogs']/eproc-product-list/dew-card/dew-flex/dew-flex-item[3]/eproc-product-card/dew-card/dew-row/dew-col[1]/div' not found)

2018-07-05 23:01:57 - [MESSAGE][FAILED] - Unable to click on object 'Object Repository/SearchResultPage/SearchItemTab/CatalogItems/Check Box For 3 Row Item List' (Root cause: com.kms.katalon.core.webui.exception.WebElementNotFoundException: Web element with id: 'Object Repository/SearchResultPage/SearchItemTab/CatalogItems/Check Box For 3 Row Item List' located by 'By.xpath: //dew-tab[@id='items-in-catalogs']/eproc-product-list/dew-card/dew-flex/dew-flex-item[3]/eproc-product-card/dew-card/dew-row/dew-col[1]/div' not found)
[[ATTACHMENT|C:\\Users\\vikas.kiroula\\git\\eProc\\Reports\\VikasTestCase\\20180705_205940\\1530811917011.png]]]]></system-out>
         <system-err><![CDATA[2018-07-05 22:58:46 - [TEST_CASE][FAILED] - Test Cases/DDS-272/DDS-3985 When entire cart is deleted continue shopping option should be displayed whereas other options should be hidden: Test Cases/DDS-272/DDS-3985 When entire cart is deleted continue shopping option should be displayed whereas other options should be hidden FAILED because (of) Unable to click on object 'Object Repository/SearchResultPage/SearchItemTab/CatalogItems/Check Box For 3 Row Item List' (Root cause: com.kms.katalon.core.webui.exception.WebElementNotFoundException: Web element with id: 'Object Repository/SearchResultPage/SearchItemTab/CatalogItems/Check Box For 3 Row Item List' located by 'By.xpath: //dew-tab[@id='items-in-catalogs']/eproc-product-list/dew-card/dew-flex/dew-flex-item[3]/eproc-product-card/dew-card/dew-row/dew-col[1]/div' not found)]]></system-err>
      </testcase>
      <testcase name="Test Cases/DDS-273/DDS- 5088 verify is that field accepting any Language" classname="Test Cases/DDS-273/DDS- 5088 verify is that field accepting any Language" status="FAILED">
         <failure type="FAILED" message="Unable to click on object 'Object Repository/SearchResultPage/SearchItemTab/CatalogItems/Check Box For 2 row item list' (Root cause: com.kms.katalon.core.webui.exception.WebElementNotFoundException: Web element with id: 'Object Repository/SearchResultPage/SearchItemTab/CatalogItems/Check Box For 2 row item list' located by 'By.xpath: //dew-tab[@id='items-in-catalogs']/eproc-product-list/dew-card/dew-flex/dew-flex-item[2]/eproc-product-card/dew-card/dew-row/dew-col[1]/div' not found)"/>
         <system-out><![CDATA[2018-07-05 23:01:57 - [TEST_CASE][FAILED] - Test Cases/DDS-273/DDS- 5088 verify is that field accepting any Language: Test Cases/DDS-273/DDS- 5088 verify is that field accepting any Language FAILED because (of) Unable to click on object 'Object Repository/SearchResultPage/SearchItemTab/CatalogItems/Check Box For 2 row item list' (Root cause: com.kms.katalon.core.webui.exception.WebElementNotFoundException: Web element with id: 'Object Repository/SearchResultPage/SearchItemTab/CatalogItems/Check Box For 2 row item list' located by 'By.xpath: //dew-tab[@id='items-in-catalogs']/eproc-product-list/dew-card/dew-flex/dew-flex-item[2]/eproc-product-card/dew-card/dew-row/dew-col[1]/div' not found)

2018-07-05 23:01:57 - [TEST_STEP][PASSED] - callTestCase: Call Test Case 'Test Cases/CommonLibraries/Search By Item' successfully

2018-07-05 23:01:57 - [TEST_CASE][PASSED] - Test Cases/CommonLibraries/Search By Item: Test Cases/CommonLibraries/Search By Item

2018-07-05 23:01:57 - [TEST_STEP][PASSED] - callTestCase: Call Test Case 'Test Cases/CommonLibraries/Login' successfully

2018-07-05 23:01:58 - [TEST_CASE][PASSED] - Test Cases/CommonLibraries/Login: Test Cases/CommonLibraries/Login

2018-07-05 23:01:58 - [TEST_STEP][PASSED] - openBrowser: Browser is opened with url: 'https://smtlogin.zycus.net/sso/login?serviceName=http://eproc-qa.zycus.net/'

2018-07-05 23:01:58 - [MESSAGE][WARNING] - A browser is already opened. Closing browser and opening a new one

2018-07-05 23:02:16 - [MESSAGE][PASSED] - Browser is opened with url: 'https://smtlogin.zycus.net/sso/login?serviceName=http://eproc-qa.zycus.net/'

2018-07-05 23:02:16 - [TEST_STEP][PASSED] - maximizeWindow: Current window maximized

2018-07-05 23:02:16 - [MESSAGE][PASSED] - Current window maximized

2018-07-05 23:02:16 - [TEST_STEP][PASSED] - waitForElementVisible: Object 'Object Repository/LoginPage/UserID' is visible

2018-07-05 23:02:16 - [MESSAGE][PASSED] - Object 'Object Repository/LoginPage/UserID' is visible

2018-07-05 23:02:16 - [TEST_STEP][PASSED] - sendKeys: Keys 'monicaqa@zycus.com' sent to object: 'Object Repository/LoginPage/UserID'

2018-07-05 23:02:16 - [MESSAGE][PASSED] - Keys 'monicaqa@zycus.com' sent to object: 'Object Repository/LoginPage/UserID'

2018-07-05 23:02:16 - [TEST_STEP][PASSED] - sendKeys: Keys 'eProc@123' sent to object: 'Object Repository/LoginPage/Password'

2018-07-05 23:02:16 - [MESSAGE][PASSED] - Keys 'eProc@123' sent to object: 'Object Repository/LoginPage/Password'

2018-07-05 23:02:16 - [TEST_STEP][PASSED] - click: Object: 'Object Repository/LoginPage/LoginButton' is clicked on

2018-07-05 23:02:20 - [MESSAGE][PASSED] - Object: 'Object Repository/LoginPage/LoginButton' is clicked on

2018-07-05 23:02:20 - [MESSAGE][PASSED] - Call Test Case 'Test Cases/CommonLibraries/Login' successfully

2018-07-05 23:02:20 - [TEST_STEP][PASSED] - waitForElementPresent: Object 'Object Repository/OnlineStorePage/Search Box' is present

2018-07-05 23:02:44 - [MESSAGE][PASSED] - Object 'Object Repository/OnlineStorePage/Search Box' is present

2018-07-05 23:02:44 - [TEST_STEP][PASSED] - waitForPageLoad: Wait for page load successfully

2018-07-05 23:02:44 - [MESSAGE][PASSED] - Wait for page load successfully

2018-07-05 23:02:44 - [TEST_STEP][PASSED] - sendKeys: Keys 'Item' sent to object: 'Object Repository/OnlineStorePage/Search Box'

2018-07-05 23:02:44 - [MESSAGE][PASSED] - Keys 'Item' sent to object: 'Object Repository/OnlineStorePage/Search Box'

2018-07-05 23:02:44 - [TEST_STEP][PASSED] - click: Object: 'Object Repository/OnlineStorePage/Search Icon' is clicked on

2018-07-05 23:02:45 - [MESSAGE][PASSED] - Object: 'Object Repository/OnlineStorePage/Search Icon' is clicked on

2018-07-05 23:02:45 - [MESSAGE][PASSED] - Call Test Case 'Test Cases/CommonLibraries/Search By Item' successfully

2018-07-05 23:02:45 - [TEST_STEP][PASSED] - waitForElementPresent: Object 'Object Repository/SearchResultPage/SearchItemTab/CatalogItems/Check Box For 2 row item list' is not present after 30 second(s)

2018-07-05 23:03:16 - [MESSAGE][WARNING] - Object 'Object Repository/SearchResultPage/SearchItemTab/CatalogItems/Check Box For 2 row item list' is not present after 30 second(s)

2018-07-05 23:03:16 - [TEST_STEP][FAILED] - click: Unable to click on object 'Object Repository/SearchResultPage/SearchItemTab/CatalogItems/Check Box For 2 row item list' (Root cause: com.kms.katalon.core.webui.exception.WebElementNotFoundException: Web element with id: 'Object Repository/SearchResultPage/SearchItemTab/CatalogItems/Check Box For 2 row item list' located by 'By.xpath: //dew-tab[@id='items-in-catalogs']/eproc-product-list/dew-card/dew-flex/dew-flex-item[2]/eproc-product-card/dew-card/dew-row/dew-col[1]/div' not found)

2018-07-05 23:05:01 - [MESSAGE][FAILED] - Unable to click on object 'Object Repository/SearchResultPage/SearchItemTab/CatalogItems/Check Box For 2 row item list' (Root cause: com.kms.katalon.core.webui.exception.WebElementNotFoundException: Web element with id: 'Object Repository/SearchResultPage/SearchItemTab/CatalogItems/Check Box For 2 row item list' located by 'By.xpath: //dew-tab[@id='items-in-catalogs']/eproc-product-list/dew-card/dew-flex/dew-flex-item[2]/eproc-product-card/dew-card/dew-row/dew-col[1]/div' not found)
[[ATTACHMENT|C:\\Users\\vikas.kiroula\\git\\eProc\\Reports\\VikasTestCase\\20180705_205940\\1530812100964.png]]]]></system-out>
         <system-err><![CDATA[2018-07-05 23:01:57 - [TEST_CASE][FAILED] - Test Cases/DDS-273/DDS- 5088 verify is that field accepting any Language: Test Cases/DDS-273/DDS- 5088 verify is that field accepting any Language FAILED because (of) Unable to click on object 'Object Repository/SearchResultPage/SearchItemTab/CatalogItems/Check Box For 2 row item list' (Root cause: com.kms.katalon.core.webui.exception.WebElementNotFoundException: Web element with id: 'Object Repository/SearchResultPage/SearchItemTab/CatalogItems/Check Box For 2 row item list' located by 'By.xpath: //dew-tab[@id='items-in-catalogs']/eproc-product-list/dew-card/dew-flex/dew-flex-item[2]/eproc-product-card/dew-card/dew-row/dew-col[1]/div' not found)]]></system-err>
      </testcase>
      <testcase name="Test Cases/DDS-273/DDS-5071 verify user can be able to editable" classname="Test Cases/DDS-273/DDS-5071 verify user can be able to editable" status="FAILED">
         <failure type="FAILED" message="Unable to click on object 'Object Repository/SearchResultPage/SearchItemTab/CatalogItems/Check Box For 3 Row Item List' (Root cause: com.kms.katalon.core.webui.exception.WebElementNotFoundException: Web element with id: 'Object Repository/SearchResultPage/SearchItemTab/CatalogItems/Check Box For 3 Row Item List' located by 'By.xpath: //dew-tab[@id='items-in-catalogs']/eproc-product-list/dew-card/dew-flex/dew-flex-item[3]/eproc-product-card/dew-card/dew-row/dew-col[1]/div' not found)"/>
         <system-out><![CDATA[2018-07-05 23:05:01 - [TEST_CASE][FAILED] - Test Cases/DDS-273/DDS-5071 verify user can be able to editable: Test Cases/DDS-273/DDS-5071 verify user can be able to editable FAILED because (of) Unable to click on object 'Object Repository/SearchResultPage/SearchItemTab/CatalogItems/Check Box For 3 Row Item List' (Root cause: com.kms.katalon.core.webui.exception.WebElementNotFoundException: Web element with id: 'Object Repository/SearchResultPage/SearchItemTab/CatalogItems/Check Box For 3 Row Item List' located by 'By.xpath: //dew-tab[@id='items-in-catalogs']/eproc-product-list/dew-card/dew-flex/dew-flex-item[3]/eproc-product-card/dew-card/dew-row/dew-col[1]/div' not found)

2018-07-05 23:05:01 - [TEST_STEP][PASSED] - callTestCase: Call Test Case 'Test Cases/CommonLibraries/Search By Item' successfully

2018-07-05 23:05:01 - [TEST_CASE][PASSED] - Test Cases/CommonLibraries/Search By Item: Test Cases/CommonLibraries/Search By Item

2018-07-05 23:05:01 - [TEST_STEP][PASSED] - callTestCase: Call Test Case 'Test Cases/CommonLibraries/Login' successfully

2018-07-05 23:05:01 - [TEST_CASE][PASSED] - Test Cases/CommonLibraries/Login: Test Cases/CommonLibraries/Login

2018-07-05 23:05:01 - [TEST_STEP][PASSED] - openBrowser: Browser is opened with url: 'https://smtlogin.zycus.net/sso/login?serviceName=http://eproc-qa.zycus.net/'

2018-07-05 23:05:01 - [MESSAGE][WARNING] - A browser is already opened. Closing browser and opening a new one

2018-07-05 23:05:16 - [MESSAGE][PASSED] - Browser is opened with url: 'https://smtlogin.zycus.net/sso/login?serviceName=http://eproc-qa.zycus.net/'

2018-07-05 23:05:16 - [TEST_STEP][PASSED] - maximizeWindow: Current window maximized

2018-07-05 23:05:17 - [MESSAGE][PASSED] - Current window maximized

2018-07-05 23:05:17 - [TEST_STEP][PASSED] - waitForElementVisible: Object 'Object Repository/LoginPage/UserID' is visible

2018-07-05 23:05:17 - [MESSAGE][PASSED] - Object 'Object Repository/LoginPage/UserID' is visible

2018-07-05 23:05:17 - [TEST_STEP][PASSED] - sendKeys: Keys 'monicaqa@zycus.com' sent to object: 'Object Repository/LoginPage/UserID'

2018-07-05 23:05:17 - [MESSAGE][PASSED] - Keys 'monicaqa@zycus.com' sent to object: 'Object Repository/LoginPage/UserID'

2018-07-05 23:05:17 - [TEST_STEP][PASSED] - sendKeys: Keys 'eProc@123' sent to object: 'Object Repository/LoginPage/Password'

2018-07-05 23:05:17 - [MESSAGE][PASSED] - Keys 'eProc@123' sent to object: 'Object Repository/LoginPage/Password'

2018-07-05 23:05:17 - [TEST_STEP][PASSED] - click: Object: 'Object Repository/LoginPage/LoginButton' is clicked on

2018-07-05 23:05:20 - [MESSAGE][PASSED] - Object: 'Object Repository/LoginPage/LoginButton' is clicked on

2018-07-05 23:05:20 - [MESSAGE][PASSED] - Call Test Case 'Test Cases/CommonLibraries/Login' successfully

2018-07-05 23:05:20 - [TEST_STEP][PASSED] - waitForElementPresent: Object 'Object Repository/OnlineStorePage/Search Box' is present

2018-07-05 23:05:51 - [MESSAGE][PASSED] - Object 'Object Repository/OnlineStorePage/Search Box' is present

2018-07-05 23:05:51 - [TEST_STEP][PASSED] - waitForPageLoad: Wait for page load successfully

2018-07-05 23:05:51 - [MESSAGE][PASSED] - Wait for page load successfully

2018-07-05 23:05:51 - [TEST_STEP][PASSED] - sendKeys: Keys 'Item' sent to object: 'Object Repository/OnlineStorePage/Search Box'

2018-07-05 23:05:51 - [MESSAGE][PASSED] - Keys 'Item' sent to object: 'Object Repository/OnlineStorePage/Search Box'

2018-07-05 23:05:51 - [TEST_STEP][PASSED] - click: Object: 'Object Repository/OnlineStorePage/Search Icon' is clicked on

2018-07-05 23:05:51 - [MESSAGE][PASSED] - Object: 'Object Repository/OnlineStorePage/Search Icon' is clicked on

2018-07-05 23:05:51 - [MESSAGE][PASSED] - Call Test Case 'Test Cases/CommonLibraries/Search By Item' successfully

2018-07-05 23:05:51 - [TEST_STEP][PASSED] - waitForElementPresent: Object 'Object Repository/SearchResultPage/SearchItemTab/CatalogItems/Check Box For 3 Row Item List' is not present after 30 second(s)

2018-07-05 23:06:22 - [MESSAGE][WARNING] - Object 'Object Repository/SearchResultPage/SearchItemTab/CatalogItems/Check Box For 3 Row Item List' is not present after 30 second(s)

2018-07-05 23:06:22 - [TEST_STEP][FAILED] - click: Unable to click on object 'Object Repository/SearchResultPage/SearchItemTab/CatalogItems/Check Box For 3 Row Item List' (Root cause: com.kms.katalon.core.webui.exception.WebElementNotFoundException: Web element with id: 'Object Repository/SearchResultPage/SearchItemTab/CatalogItems/Check Box For 3 Row Item List' located by 'By.xpath: //dew-tab[@id='items-in-catalogs']/eproc-product-list/dew-card/dew-flex/dew-flex-item[3]/eproc-product-card/dew-card/dew-row/dew-col[1]/div' not found)

2018-07-05 23:08:08 - [MESSAGE][FAILED] - Unable to click on object 'Object Repository/SearchResultPage/SearchItemTab/CatalogItems/Check Box For 3 Row Item List' (Root cause: com.kms.katalon.core.webui.exception.WebElementNotFoundException: Web element with id: 'Object Repository/SearchResultPage/SearchItemTab/CatalogItems/Check Box For 3 Row Item List' located by 'By.xpath: //dew-tab[@id='items-in-catalogs']/eproc-product-list/dew-card/dew-flex/dew-flex-item[3]/eproc-product-card/dew-card/dew-row/dew-col[1]/div' not found)
[[ATTACHMENT|C:\\Users\\vikas.kiroula\\git\\eProc\\Reports\\VikasTestCase\\20180705_205940\\1530812287593.png]]]]></system-out>
         <system-err><![CDATA[2018-07-05 23:05:01 - [TEST_CASE][FAILED] - Test Cases/DDS-273/DDS-5071 verify user can be able to editable: Test Cases/DDS-273/DDS-5071 verify user can be able to editable FAILED because (of) Unable to click on object 'Object Repository/SearchResultPage/SearchItemTab/CatalogItems/Check Box For 3 Row Item List' (Root cause: com.kms.katalon.core.webui.exception.WebElementNotFoundException: Web element with id: 'Object Repository/SearchResultPage/SearchItemTab/CatalogItems/Check Box For 3 Row Item List' located by 'By.xpath: //dew-tab[@id='items-in-catalogs']/eproc-product-list/dew-card/dew-flex/dew-flex-item[3]/eproc-product-card/dew-card/dew-row/dew-col[1]/div' not found)]]></system-err>
      </testcase>
      <testcase name="Test Cases/DDS-273/DDS-5072 verify user can not able to enter zero" classname="Test Cases/DDS-273/DDS-5072 verify user can not able to enter zero" status="FAILED">
         <failure type="FAILED" message="Unable to click on object 'Object Repository/SearchResultPage/SearchItemTab/CatalogItems/Check Box For 3 Row Item List' (Root cause: com.kms.katalon.core.webui.exception.WebElementNotFoundException: Web element with id: 'Object Repository/SearchResultPage/SearchItemTab/CatalogItems/Check Box For 3 Row Item List' located by 'By.xpath: //dew-tab[@id='items-in-catalogs']/eproc-product-list/dew-card/dew-flex/dew-flex-item[3]/eproc-product-card/dew-card/dew-row/dew-col[1]/div' not found)"/>
         <system-out><![CDATA[2018-07-05 23:08:08 - [TEST_CASE][FAILED] - Test Cases/DDS-273/DDS-5072 verify user can not able to enter zero: Test Cases/DDS-273/DDS-5072 verify user can not able to enter zero FAILED because (of) Unable to click on object 'Object Repository/SearchResultPage/SearchItemTab/CatalogItems/Check Box For 3 Row Item List' (Root cause: com.kms.katalon.core.webui.exception.WebElementNotFoundException: Web element with id: 'Object Repository/SearchResultPage/SearchItemTab/CatalogItems/Check Box For 3 Row Item List' located by 'By.xpath: //dew-tab[@id='items-in-catalogs']/eproc-product-list/dew-card/dew-flex/dew-flex-item[3]/eproc-product-card/dew-card/dew-row/dew-col[1]/div' not found)

2018-07-05 23:08:08 - [TEST_STEP][PASSED] - callTestCase: Call Test Case 'Test Cases/CommonLibraries/Search By Item' successfully

2018-07-05 23:08:08 - [TEST_CASE][PASSED] - Test Cases/CommonLibraries/Search By Item: Test Cases/CommonLibraries/Search By Item

2018-07-05 23:08:08 - [TEST_STEP][PASSED] - callTestCase: Call Test Case 'Test Cases/CommonLibraries/Login' successfully

2018-07-05 23:08:08 - [TEST_CASE][PASSED] - Test Cases/CommonLibraries/Login: Test Cases/CommonLibraries/Login

2018-07-05 23:08:08 - [TEST_STEP][PASSED] - openBrowser: Browser is opened with url: 'https://smtlogin.zycus.net/sso/login?serviceName=http://eproc-qa.zycus.net/'

2018-07-05 23:08:08 - [MESSAGE][WARNING] - A browser is already opened. Closing browser and opening a new one

2018-07-05 23:08:21 - [MESSAGE][PASSED] - Browser is opened with url: 'https://smtlogin.zycus.net/sso/login?serviceName=http://eproc-qa.zycus.net/'

2018-07-05 23:08:21 - [TEST_STEP][PASSED] - maximizeWindow: Current window maximized

2018-07-05 23:08:21 - [MESSAGE][PASSED] - Current window maximized

2018-07-05 23:08:21 - [TEST_STEP][PASSED] - waitForElementVisible: Object 'Object Repository/LoginPage/UserID' is visible

2018-07-05 23:08:21 - [MESSAGE][PASSED] - Object 'Object Repository/LoginPage/UserID' is visible

2018-07-05 23:08:21 - [TEST_STEP][PASSED] - sendKeys: Keys 'monicaqa@zycus.com' sent to object: 'Object Repository/LoginPage/UserID'

2018-07-05 23:08:22 - [MESSAGE][PASSED] - Keys 'monicaqa@zycus.com' sent to object: 'Object Repository/LoginPage/UserID'

2018-07-05 23:08:22 - [TEST_STEP][PASSED] - sendKeys: Keys 'eProc@123' sent to object: 'Object Repository/LoginPage/Password'

2018-07-05 23:08:22 - [MESSAGE][PASSED] - Keys 'eProc@123' sent to object: 'Object Repository/LoginPage/Password'

2018-07-05 23:08:22 - [TEST_STEP][PASSED] - click: Object: 'Object Repository/LoginPage/LoginButton' is clicked on

2018-07-05 23:08:26 - [MESSAGE][PASSED] - Object: 'Object Repository/LoginPage/LoginButton' is clicked on

2018-07-05 23:08:26 - [MESSAGE][PASSED] - Call Test Case 'Test Cases/CommonLibraries/Login' successfully

2018-07-05 23:08:26 - [TEST_STEP][PASSED] - waitForElementPresent: Object 'Object Repository/OnlineStorePage/Search Box' is present

2018-07-05 23:08:55 - [MESSAGE][PASSED] - Object 'Object Repository/OnlineStorePage/Search Box' is present

2018-07-05 23:08:55 - [TEST_STEP][PASSED] - waitForPageLoad: Wait for page load successfully

2018-07-05 23:08:55 - [MESSAGE][PASSED] - Wait for page load successfully

2018-07-05 23:08:55 - [TEST_STEP][PASSED] - sendKeys: Keys 'Item' sent to object: 'Object Repository/OnlineStorePage/Search Box'

2018-07-05 23:08:56 - [MESSAGE][PASSED] - Keys 'Item' sent to object: 'Object Repository/OnlineStorePage/Search Box'

2018-07-05 23:08:56 - [TEST_STEP][PASSED] - click: Object: 'Object Repository/OnlineStorePage/Search Icon' is clicked on

2018-07-05 23:08:56 - [MESSAGE][PASSED] - Object: 'Object Repository/OnlineStorePage/Search Icon' is clicked on

2018-07-05 23:08:56 - [MESSAGE][PASSED] - Call Test Case 'Test Cases/CommonLibraries/Search By Item' successfully

2018-07-05 23:08:56 - [TEST_STEP][PASSED] - waitForElementPresent: Object 'Object Repository/SearchResultPage/SearchItemTab/CatalogItems/Check Box For 3 Row Item List' is not present after 30 second(s)

2018-07-05 23:09:27 - [MESSAGE][WARNING] - Object 'Object Repository/SearchResultPage/SearchItemTab/CatalogItems/Check Box For 3 Row Item List' is not present after 30 second(s)

2018-07-05 23:09:27 - [TEST_STEP][FAILED] - click: Unable to click on object 'Object Repository/SearchResultPage/SearchItemTab/CatalogItems/Check Box For 3 Row Item List' (Root cause: com.kms.katalon.core.webui.exception.WebElementNotFoundException: Web element with id: 'Object Repository/SearchResultPage/SearchItemTab/CatalogItems/Check Box For 3 Row Item List' located by 'By.xpath: //dew-tab[@id='items-in-catalogs']/eproc-product-list/dew-card/dew-flex/dew-flex-item[3]/eproc-product-card/dew-card/dew-row/dew-col[1]/div' not found)

2018-07-05 23:11:13 - [MESSAGE][FAILED] - Unable to click on object 'Object Repository/SearchResultPage/SearchItemTab/CatalogItems/Check Box For 3 Row Item List' (Root cause: com.kms.katalon.core.webui.exception.WebElementNotFoundException: Web element with id: 'Object Repository/SearchResultPage/SearchItemTab/CatalogItems/Check Box For 3 Row Item List' located by 'By.xpath: //dew-tab[@id='items-in-catalogs']/eproc-product-list/dew-card/dew-flex/dew-flex-item[3]/eproc-product-card/dew-card/dew-row/dew-col[1]/div' not found)
[[ATTACHMENT|C:\\Users\\vikas.kiroula\\git\\eProc\\Reports\\VikasTestCase\\20180705_205940\\1530812472273.png]]]]></system-out>
         <system-err><![CDATA[2018-07-05 23:08:08 - [TEST_CASE][FAILED] - Test Cases/DDS-273/DDS-5072 verify user can not able to enter zero: Test Cases/DDS-273/DDS-5072 verify user can not able to enter zero FAILED because (of) Unable to click on object 'Object Repository/SearchResultPage/SearchItemTab/CatalogItems/Check Box For 3 Row Item List' (Root cause: com.kms.katalon.core.webui.exception.WebElementNotFoundException: Web element with id: 'Object Repository/SearchResultPage/SearchItemTab/CatalogItems/Check Box For 3 Row Item List' located by 'By.xpath: //dew-tab[@id='items-in-catalogs']/eproc-product-list/dew-card/dew-flex/dew-flex-item[3]/eproc-product-card/dew-card/dew-row/dew-col[1]/div' not found)]]></system-err>
      </testcase>
      <testcase name="Test Cases/DDS-273/DDS-5073 verify is that field is empty" classname="Test Cases/DDS-273/DDS-5073 verify is that field is empty" status="FAILED">
         <failure type="FAILED" message="Unable to click on object 'Object Repository/SearchResultPage/SearchItemTab/CatalogItems/Check Box For 3 Row Item List' (Root cause: com.kms.katalon.core.webui.exception.WebElementNotFoundException: Web element with id: 'Object Repository/SearchResultPage/SearchItemTab/CatalogItems/Check Box For 3 Row Item List' located by 'By.xpath: //dew-tab[@id='items-in-catalogs']/eproc-product-list/dew-card/dew-flex/dew-flex-item[3]/eproc-product-card/dew-card/dew-row/dew-col[1]/div' not found)"/>
         <system-out><![CDATA[2018-07-05 23:11:13 - [TEST_CASE][FAILED] - Test Cases/DDS-273/DDS-5073 verify is that field is empty: Test Cases/DDS-273/DDS-5073 verify is that field is empty FAILED because (of) Unable to click on object 'Object Repository/SearchResultPage/SearchItemTab/CatalogItems/Check Box For 3 Row Item List' (Root cause: com.kms.katalon.core.webui.exception.WebElementNotFoundException: Web element with id: 'Object Repository/SearchResultPage/SearchItemTab/CatalogItems/Check Box For 3 Row Item List' located by 'By.xpath: //dew-tab[@id='items-in-catalogs']/eproc-product-list/dew-card/dew-flex/dew-flex-item[3]/eproc-product-card/dew-card/dew-row/dew-col[1]/div' not found)

2018-07-05 23:11:13 - [TEST_STEP][PASSED] - callTestCase: Call Test Case 'Test Cases/CommonLibraries/Search By Item' successfully

2018-07-05 23:11:13 - [TEST_CASE][PASSED] - Test Cases/CommonLibraries/Search By Item: Test Cases/CommonLibraries/Search By Item

2018-07-05 23:11:13 - [TEST_STEP][PASSED] - callTestCase: Call Test Case 'Test Cases/CommonLibraries/Login' successfully

2018-07-05 23:11:13 - [TEST_CASE][PASSED] - Test Cases/CommonLibraries/Login: Test Cases/CommonLibraries/Login

2018-07-05 23:11:13 - [TEST_STEP][PASSED] - openBrowser: Browser is opened with url: 'https://smtlogin.zycus.net/sso/login?serviceName=http://eproc-qa.zycus.net/'

2018-07-05 23:11:13 - [MESSAGE][WARNING] - A browser is already opened. Closing browser and opening a new one

2018-07-05 23:11:24 - [MESSAGE][PASSED] - Browser is opened with url: 'https://smtlogin.zycus.net/sso/login?serviceName=http://eproc-qa.zycus.net/'

2018-07-05 23:11:24 - [TEST_STEP][PASSED] - maximizeWindow: Current window maximized

2018-07-05 23:11:24 - [MESSAGE][PASSED] - Current window maximized

2018-07-05 23:11:24 - [TEST_STEP][PASSED] - waitForElementVisible: Object 'Object Repository/LoginPage/UserID' is visible

2018-07-05 23:11:24 - [MESSAGE][PASSED] - Object 'Object Repository/LoginPage/UserID' is visible

2018-07-05 23:11:24 - [TEST_STEP][PASSED] - sendKeys: Keys 'monicaqa@zycus.com' sent to object: 'Object Repository/LoginPage/UserID'

2018-07-05 23:11:24 - [MESSAGE][PASSED] - Keys 'monicaqa@zycus.com' sent to object: 'Object Repository/LoginPage/UserID'

2018-07-05 23:11:24 - [TEST_STEP][PASSED] - sendKeys: Keys 'eProc@123' sent to object: 'Object Repository/LoginPage/Password'

2018-07-05 23:11:25 - [MESSAGE][PASSED] - Keys 'eProc@123' sent to object: 'Object Repository/LoginPage/Password'

2018-07-05 23:11:25 - [TEST_STEP][PASSED] - click: Object: 'Object Repository/LoginPage/LoginButton' is clicked on

2018-07-05 23:11:28 - [MESSAGE][PASSED] - Object: 'Object Repository/LoginPage/LoginButton' is clicked on

2018-07-05 23:11:28 - [MESSAGE][PASSED] - Call Test Case 'Test Cases/CommonLibraries/Login' successfully

2018-07-05 23:11:28 - [TEST_STEP][PASSED] - waitForElementPresent: Object 'Object Repository/OnlineStorePage/Search Box' is present

2018-07-05 23:11:50 - [MESSAGE][PASSED] - Object 'Object Repository/OnlineStorePage/Search Box' is present

2018-07-05 23:11:50 - [TEST_STEP][PASSED] - waitForPageLoad: Wait for page load successfully

2018-07-05 23:11:50 - [MESSAGE][PASSED] - Wait for page load successfully

2018-07-05 23:11:50 - [TEST_STEP][PASSED] - sendKeys: Keys 'Item' sent to object: 'Object Repository/OnlineStorePage/Search Box'

2018-07-05 23:11:50 - [MESSAGE][PASSED] - Keys 'Item' sent to object: 'Object Repository/OnlineStorePage/Search Box'

2018-07-05 23:11:50 - [TEST_STEP][PASSED] - click: Object: 'Object Repository/OnlineStorePage/Search Icon' is clicked on

2018-07-05 23:11:51 - [MESSAGE][PASSED] - Object: 'Object Repository/OnlineStorePage/Search Icon' is clicked on

2018-07-05 23:11:51 - [MESSAGE][PASSED] - Call Test Case 'Test Cases/CommonLibraries/Search By Item' successfully

2018-07-05 23:11:51 - [TEST_STEP][PASSED] - waitForElementPresent: Object 'Object Repository/SearchResultPage/SearchItemTab/CatalogItems/Check Box For 3 Row Item List' is not present after 30 second(s)

2018-07-05 23:12:22 - [MESSAGE][WARNING] - Object 'Object Repository/SearchResultPage/SearchItemTab/CatalogItems/Check Box For 3 Row Item List' is not present after 30 second(s)

2018-07-05 23:12:22 - [TEST_STEP][FAILED] - click: Unable to click on object 'Object Repository/SearchResultPage/SearchItemTab/CatalogItems/Check Box For 3 Row Item List' (Root cause: com.kms.katalon.core.webui.exception.WebElementNotFoundException: Web element with id: 'Object Repository/SearchResultPage/SearchItemTab/CatalogItems/Check Box For 3 Row Item List' located by 'By.xpath: //dew-tab[@id='items-in-catalogs']/eproc-product-list/dew-card/dew-flex/dew-flex-item[3]/eproc-product-card/dew-card/dew-row/dew-col[1]/div' not found)

2018-07-05 23:14:07 - [MESSAGE][FAILED] - Unable to click on object 'Object Repository/SearchResultPage/SearchItemTab/CatalogItems/Check Box For 3 Row Item List' (Root cause: com.kms.katalon.core.webui.exception.WebElementNotFoundException: Web element with id: 'Object Repository/SearchResultPage/SearchItemTab/CatalogItems/Check Box For 3 Row Item List' located by 'By.xpath: //dew-tab[@id='items-in-catalogs']/eproc-product-list/dew-card/dew-flex/dew-flex-item[3]/eproc-product-card/dew-card/dew-row/dew-col[1]/div' not found)
[[ATTACHMENT|C:\\Users\\vikas.kiroula\\git\\eProc\\Reports\\VikasTestCase\\20180705_205940\\1530812646894.png]]]]></system-out>
         <system-err><![CDATA[2018-07-05 23:11:13 - [TEST_CASE][FAILED] - Test Cases/DDS-273/DDS-5073 verify is that field is empty: Test Cases/DDS-273/DDS-5073 verify is that field is empty FAILED because (of) Unable to click on object 'Object Repository/SearchResultPage/SearchItemTab/CatalogItems/Check Box For 3 Row Item List' (Root cause: com.kms.katalon.core.webui.exception.WebElementNotFoundException: Web element with id: 'Object Repository/SearchResultPage/SearchItemTab/CatalogItems/Check Box For 3 Row Item List' located by 'By.xpath: //dew-tab[@id='items-in-catalogs']/eproc-product-list/dew-card/dew-flex/dew-flex-item[3]/eproc-product-card/dew-card/dew-row/dew-col[1]/div' not found)]]></system-err>
      </testcase>
      <testcase name="Test Cases/DDS-273/DDS-5074 verify if user not enter quantity throwing a message Enter valid quantity" classname="Test Cases/DDS-273/DDS-5074 verify if user not enter quantity throwing a message Enter valid quantity" status="FAILED">
         <failure type="FAILED" message="Unable to click on object 'Object Repository/SearchResultPage/SearchItemTab/CatalogItems/Check Box For 3 Row Item List' (Root cause: com.kms.katalon.core.webui.exception.WebElementNotFoundException: Web element with id: 'Object Repository/SearchResultPage/SearchItemTab/CatalogItems/Check Box For 3 Row Item List' located by 'By.xpath: //dew-tab[@id='items-in-catalogs']/eproc-product-list/dew-card/dew-flex/dew-flex-item[3]/eproc-product-card/dew-card/dew-row/dew-col[1]/div' not found)"/>
         <system-out><![CDATA[2018-07-05 23:14:07 - [TEST_CASE][FAILED] - Test Cases/DDS-273/DDS-5074 verify if user not enter quantity throwing a message Enter valid quantity: Test Cases/DDS-273/DDS-5074 verify if user not enter quantity throwing a message Enter valid quantity FAILED because (of) Unable to click on object 'Object Repository/SearchResultPage/SearchItemTab/CatalogItems/Check Box For 3 Row Item List' (Root cause: com.kms.katalon.core.webui.exception.WebElementNotFoundException: Web element with id: 'Object Repository/SearchResultPage/SearchItemTab/CatalogItems/Check Box For 3 Row Item List' located by 'By.xpath: //dew-tab[@id='items-in-catalogs']/eproc-product-list/dew-card/dew-flex/dew-flex-item[3]/eproc-product-card/dew-card/dew-row/dew-col[1]/div' not found)

2018-07-05 23:14:07 - [TEST_STEP][PASSED] - callTestCase: Call Test Case 'Test Cases/CommonLibraries/Search By Item' successfully

2018-07-05 23:14:07 - [TEST_CASE][PASSED] - Test Cases/CommonLibraries/Search By Item: Test Cases/CommonLibraries/Search By Item

2018-07-05 23:14:07 - [TEST_STEP][PASSED] - callTestCase: Call Test Case 'Test Cases/CommonLibraries/Login' successfully

2018-07-05 23:14:07 - [TEST_CASE][PASSED] - Test Cases/CommonLibraries/Login: Test Cases/CommonLibraries/Login

2018-07-05 23:14:07 - [TEST_STEP][PASSED] - openBrowser: Browser is opened with url: 'https://smtlogin.zycus.net/sso/login?serviceName=http://eproc-qa.zycus.net/'

2018-07-05 23:14:07 - [MESSAGE][WARNING] - A browser is already opened. Closing browser and opening a new one

2018-07-05 23:14:29 - [MESSAGE][PASSED] - Browser is opened with url: 'https://smtlogin.zycus.net/sso/login?serviceName=http://eproc-qa.zycus.net/'

2018-07-05 23:14:29 - [TEST_STEP][PASSED] - maximizeWindow: Current window maximized

2018-07-05 23:14:29 - [MESSAGE][PASSED] - Current window maximized

2018-07-05 23:14:29 - [TEST_STEP][PASSED] - waitForElementVisible: Object 'Object Repository/LoginPage/UserID' is visible

2018-07-05 23:14:29 - [MESSAGE][PASSED] - Object 'Object Repository/LoginPage/UserID' is visible

2018-07-05 23:14:29 - [TEST_STEP][PASSED] - sendKeys: Keys 'monicaqa@zycus.com' sent to object: 'Object Repository/LoginPage/UserID'

2018-07-05 23:14:29 - [MESSAGE][PASSED] - Keys 'monicaqa@zycus.com' sent to object: 'Object Repository/LoginPage/UserID'

2018-07-05 23:14:29 - [TEST_STEP][PASSED] - sendKeys: Keys 'eProc@123' sent to object: 'Object Repository/LoginPage/Password'

2018-07-05 23:14:29 - [MESSAGE][PASSED] - Keys 'eProc@123' sent to object: 'Object Repository/LoginPage/Password'

2018-07-05 23:14:29 - [TEST_STEP][PASSED] - click: Object: 'Object Repository/LoginPage/LoginButton' is clicked on

2018-07-05 23:14:35 - [MESSAGE][PASSED] - Object: 'Object Repository/LoginPage/LoginButton' is clicked on

2018-07-05 23:14:35 - [MESSAGE][PASSED] - Call Test Case 'Test Cases/CommonLibraries/Login' successfully

2018-07-05 23:14:35 - [TEST_STEP][PASSED] - waitForElementPresent: Object 'Object Repository/OnlineStorePage/Search Box' is present

2018-07-05 23:15:01 - [MESSAGE][PASSED] - Object 'Object Repository/OnlineStorePage/Search Box' is present

2018-07-05 23:15:01 - [TEST_STEP][PASSED] - waitForPageLoad: Wait for page load successfully

2018-07-05 23:15:01 - [MESSAGE][PASSED] - Wait for page load successfully

2018-07-05 23:15:01 - [TEST_STEP][PASSED] - sendKeys: Keys 'Item' sent to object: 'Object Repository/OnlineStorePage/Search Box'

2018-07-05 23:15:02 - [MESSAGE][PASSED] - Keys 'Item' sent to object: 'Object Repository/OnlineStorePage/Search Box'

2018-07-05 23:15:02 - [TEST_STEP][PASSED] - click: Object: 'Object Repository/OnlineStorePage/Search Icon' is clicked on

2018-07-05 23:15:02 - [MESSAGE][PASSED] - Object: 'Object Repository/OnlineStorePage/Search Icon' is clicked on

2018-07-05 23:15:02 - [MESSAGE][PASSED] - Call Test Case 'Test Cases/CommonLibraries/Search By Item' successfully

2018-07-05 23:15:02 - [TEST_STEP][PASSED] - waitForElementPresent: Object 'Object Repository/SearchResultPage/SearchItemTab/CatalogItems/Check Box For 3 Row Item List' is not present after 30 second(s)

2018-07-05 23:15:33 - [MESSAGE][WARNING] - Object 'Object Repository/SearchResultPage/SearchItemTab/CatalogItems/Check Box For 3 Row Item List' is not present after 30 second(s)

2018-07-05 23:15:33 - [TEST_STEP][FAILED] - click: Unable to click on object 'Object Repository/SearchResultPage/SearchItemTab/CatalogItems/Check Box For 3 Row Item List' (Root cause: com.kms.katalon.core.webui.exception.WebElementNotFoundException: Web element with id: 'Object Repository/SearchResultPage/SearchItemTab/CatalogItems/Check Box For 3 Row Item List' located by 'By.xpath: //dew-tab[@id='items-in-catalogs']/eproc-product-list/dew-card/dew-flex/dew-flex-item[3]/eproc-product-card/dew-card/dew-row/dew-col[1]/div' not found)

2018-07-05 23:17:18 - [MESSAGE][FAILED] - Unable to click on object 'Object Repository/SearchResultPage/SearchItemTab/CatalogItems/Check Box For 3 Row Item List' (Root cause: com.kms.katalon.core.webui.exception.WebElementNotFoundException: Web element with id: 'Object Repository/SearchResultPage/SearchItemTab/CatalogItems/Check Box For 3 Row Item List' located by 'By.xpath: //dew-tab[@id='items-in-catalogs']/eproc-product-list/dew-card/dew-flex/dew-flex-item[3]/eproc-product-card/dew-card/dew-row/dew-col[1]/div' not found)
[[ATTACHMENT|C:\\Users\\vikas.kiroula\\git\\eProc\\Reports\\VikasTestCase\\20180705_205940\\1530812838008.png]]]]></system-out>
         <system-err><![CDATA[2018-07-05 23:14:07 - [TEST_CASE][FAILED] - Test Cases/DDS-273/DDS-5074 verify if user not enter quantity throwing a message Enter valid quantity: Test Cases/DDS-273/DDS-5074 verify if user not enter quantity throwing a message Enter valid quantity FAILED because (of) Unable to click on object 'Object Repository/SearchResultPage/SearchItemTab/CatalogItems/Check Box For 3 Row Item List' (Root cause: com.kms.katalon.core.webui.exception.WebElementNotFoundException: Web element with id: 'Object Repository/SearchResultPage/SearchItemTab/CatalogItems/Check Box For 3 Row Item List' located by 'By.xpath: //dew-tab[@id='items-in-catalogs']/eproc-product-list/dew-card/dew-flex/dew-flex-item[3]/eproc-product-card/dew-card/dew-row/dew-col[1]/div' not found)]]></system-err>
      </testcase>
      <testcase name="Test Cases/DDS-273/DDS-5075 verify user can able to enter negative quantity" classname="Test Cases/DDS-273/DDS-5075 verify user can able to enter negative quantity" status="FAILED">
         <failure type="FAILED" message="Unable to click on object 'Object Repository/SearchResultPage/SearchItemTab/CatalogItems/Check Box For 2 row item list' (Root cause: com.kms.katalon.core.webui.exception.WebElementNotFoundException: Web element with id: 'Object Repository/SearchResultPage/SearchItemTab/CatalogItems/Check Box For 2 row item list' located by 'By.xpath: //dew-tab[@id='items-in-catalogs']/eproc-product-list/dew-card/dew-flex/dew-flex-item[2]/eproc-product-card/dew-card/dew-row/dew-col[1]/div' not found)"/>
         <system-out><![CDATA[2018-07-05 23:17:18 - [TEST_CASE][FAILED] - Test Cases/DDS-273/DDS-5075 verify user can able to enter negative quantity: Test Cases/DDS-273/DDS-5075 verify user can able to enter negative quantity FAILED because (of) Unable to click on object 'Object Repository/SearchResultPage/SearchItemTab/CatalogItems/Check Box For 2 row item list' (Root cause: com.kms.katalon.core.webui.exception.WebElementNotFoundException: Web element with id: 'Object Repository/SearchResultPage/SearchItemTab/CatalogItems/Check Box For 2 row item list' located by 'By.xpath: //dew-tab[@id='items-in-catalogs']/eproc-product-list/dew-card/dew-flex/dew-flex-item[2]/eproc-product-card/dew-card/dew-row/dew-col[1]/div' not found)

2018-07-05 23:17:18 - [TEST_STEP][PASSED] - callTestCase: Call Test Case 'Test Cases/CommonLibraries/Search By Item' successfully

2018-07-05 23:17:18 - [TEST_CASE][PASSED] - Test Cases/CommonLibraries/Search By Item: Test Cases/CommonLibraries/Search By Item

2018-07-05 23:17:18 - [TEST_STEP][PASSED] - callTestCase: Call Test Case 'Test Cases/CommonLibraries/Login' successfully

2018-07-05 23:17:19 - [TEST_CASE][PASSED] - Test Cases/CommonLibraries/Login: Test Cases/CommonLibraries/Login

2018-07-05 23:17:19 - [TEST_STEP][PASSED] - openBrowser: Browser is opened with url: 'https://smtlogin.zycus.net/sso/login?serviceName=http://eproc-qa.zycus.net/'

2018-07-05 23:17:19 - [MESSAGE][WARNING] - A browser is already opened. Closing browser and opening a new one

2018-07-05 23:17:35 - [MESSAGE][PASSED] - Browser is opened with url: 'https://smtlogin.zycus.net/sso/login?serviceName=http://eproc-qa.zycus.net/'

2018-07-05 23:17:35 - [TEST_STEP][PASSED] - maximizeWindow: Current window maximized

2018-07-05 23:17:35 - [MESSAGE][PASSED] - Current window maximized

2018-07-05 23:17:35 - [TEST_STEP][PASSED] - waitForElementVisible: Object 'Object Repository/LoginPage/UserID' is visible

2018-07-05 23:17:36 - [MESSAGE][PASSED] - Object 'Object Repository/LoginPage/UserID' is visible

2018-07-05 23:17:36 - [TEST_STEP][PASSED] - sendKeys: Keys 'monicaqa@zycus.com' sent to object: 'Object Repository/LoginPage/UserID'

2018-07-05 23:17:36 - [MESSAGE][PASSED] - Keys 'monicaqa@zycus.com' sent to object: 'Object Repository/LoginPage/UserID'

2018-07-05 23:17:36 - [TEST_STEP][PASSED] - sendKeys: Keys 'eProc@123' sent to object: 'Object Repository/LoginPage/Password'

2018-07-05 23:17:36 - [MESSAGE][PASSED] - Keys 'eProc@123' sent to object: 'Object Repository/LoginPage/Password'

2018-07-05 23:17:36 - [TEST_STEP][PASSED] - click: Object: 'Object Repository/LoginPage/LoginButton' is clicked on

2018-07-05 23:17:40 - [MESSAGE][PASSED] - Object: 'Object Repository/LoginPage/LoginButton' is clicked on

2018-07-05 23:17:40 - [MESSAGE][PASSED] - Call Test Case 'Test Cases/CommonLibraries/Login' successfully

2018-07-05 23:17:40 - [TEST_STEP][PASSED] - waitForElementPresent: Object 'Object Repository/OnlineStorePage/Search Box' is present

2018-07-05 23:18:10 - [MESSAGE][PASSED] - Object 'Object Repository/OnlineStorePage/Search Box' is present

2018-07-05 23:18:10 - [TEST_STEP][PASSED] - waitForPageLoad: Wait for page load successfully

2018-07-05 23:18:10 - [MESSAGE][PASSED] - Wait for page load successfully

2018-07-05 23:18:10 - [TEST_STEP][PASSED] - sendKeys: Keys 'Item' sent to object: 'Object Repository/OnlineStorePage/Search Box'

2018-07-05 23:18:10 - [MESSAGE][PASSED] - Keys 'Item' sent to object: 'Object Repository/OnlineStorePage/Search Box'

2018-07-05 23:18:10 - [TEST_STEP][PASSED] - click: Object: 'Object Repository/OnlineStorePage/Search Icon' is clicked on

2018-07-05 23:18:10 - [MESSAGE][PASSED] - Object: 'Object Repository/OnlineStorePage/Search Icon' is clicked on

2018-07-05 23:18:10 - [MESSAGE][PASSED] - Call Test Case 'Test Cases/CommonLibraries/Search By Item' successfully

2018-07-05 23:18:10 - [TEST_STEP][PASSED] - waitForElementPresent: Object 'Object Repository/SearchResultPage/SearchItemTab/CatalogItems/Check Box For 2 row item list' is not present after 30 second(s)

2018-07-05 23:18:41 - [MESSAGE][WARNING] - Object 'Object Repository/SearchResultPage/SearchItemTab/CatalogItems/Check Box For 2 row item list' is not present after 30 second(s)

2018-07-05 23:18:41 - [TEST_STEP][FAILED] - click: Unable to click on object 'Object Repository/SearchResultPage/SearchItemTab/CatalogItems/Check Box For 2 row item list' (Root cause: com.kms.katalon.core.webui.exception.WebElementNotFoundException: Web element with id: 'Object Repository/SearchResultPage/SearchItemTab/CatalogItems/Check Box For 2 row item list' located by 'By.xpath: //dew-tab[@id='items-in-catalogs']/eproc-product-list/dew-card/dew-flex/dew-flex-item[2]/eproc-product-card/dew-card/dew-row/dew-col[1]/div' not found)

2018-07-05 23:20:27 - [MESSAGE][FAILED] - Unable to click on object 'Object Repository/SearchResultPage/SearchItemTab/CatalogItems/Check Box For 2 row item list' (Root cause: com.kms.katalon.core.webui.exception.WebElementNotFoundException: Web element with id: 'Object Repository/SearchResultPage/SearchItemTab/CatalogItems/Check Box For 2 row item list' located by 'By.xpath: //dew-tab[@id='items-in-catalogs']/eproc-product-list/dew-card/dew-flex/dew-flex-item[2]/eproc-product-card/dew-card/dew-row/dew-col[1]/div' not found)
[[ATTACHMENT|C:\\Users\\vikas.kiroula\\git\\eProc\\Reports\\VikasTestCase\\20180705_205940\\1530813026895.png]]]]></system-out>
         <system-err><![CDATA[2018-07-05 23:17:18 - [TEST_CASE][FAILED] - Test Cases/DDS-273/DDS-5075 verify user can able to enter negative quantity: Test Cases/DDS-273/DDS-5075 verify user can able to enter negative quantity FAILED because (of) Unable to click on object 'Object Repository/SearchResultPage/SearchItemTab/CatalogItems/Check Box For 2 row item list' (Root cause: com.kms.katalon.core.webui.exception.WebElementNotFoundException: Web element with id: 'Object Repository/SearchResultPage/SearchItemTab/CatalogItems/Check Box For 2 row item list' located by 'By.xpath: //dew-tab[@id='items-in-catalogs']/eproc-product-list/dew-card/dew-flex/dew-flex-item[2]/eproc-product-card/dew-card/dew-row/dew-col[1]/div' not found)]]></system-err>
      </testcase>
      <testcase name="Test Cases/DDS-273/DDS-5076 verify User will be able to update the quantity in the field" classname="Test Cases/DDS-273/DDS-5076 verify User will be able to update the quantity in the field" status="FAILED">
         <failure type="FAILED" message="Unable to click on object 'Object Repository/SearchResultPage/SearchItemTab/CatalogItems/Check Box For 2 row item list' (Root cause: com.kms.katalon.core.webui.exception.WebElementNotFoundException: Web element with id: 'Object Repository/SearchResultPage/SearchItemTab/CatalogItems/Check Box For 2 row item list' located by 'By.xpath: //dew-tab[@id='items-in-catalogs']/eproc-product-list/dew-card/dew-flex/dew-flex-item[2]/eproc-product-card/dew-card/dew-row/dew-col[1]/div' not found)"/>
         <system-out><![CDATA[2018-07-05 23:20:27 - [TEST_CASE][FAILED] - Test Cases/DDS-273/DDS-5076 verify User will be able to update the quantity in the field: Test Cases/DDS-273/DDS-5076 verify User will be able to update the quantity in the field FAILED because (of) Unable to click on object 'Object Repository/SearchResultPage/SearchItemTab/CatalogItems/Check Box For 2 row item list' (Root cause: com.kms.katalon.core.webui.exception.WebElementNotFoundException: Web element with id: 'Object Repository/SearchResultPage/SearchItemTab/CatalogItems/Check Box For 2 row item list' located by 'By.xpath: //dew-tab[@id='items-in-catalogs']/eproc-product-list/dew-card/dew-flex/dew-flex-item[2]/eproc-product-card/dew-card/dew-row/dew-col[1]/div' not found)

2018-07-05 23:20:27 - [TEST_STEP][PASSED] - callTestCase: Call Test Case 'Test Cases/CommonLibraries/Search By Item' successfully

2018-07-05 23:20:27 - [TEST_CASE][PASSED] - Test Cases/CommonLibraries/Search By Item: Test Cases/CommonLibraries/Search By Item

2018-07-05 23:20:27 - [TEST_STEP][PASSED] - callTestCase: Call Test Case 'Test Cases/CommonLibraries/Login' successfully

2018-07-05 23:20:27 - [TEST_CASE][PASSED] - Test Cases/CommonLibraries/Login: Test Cases/CommonLibraries/Login

2018-07-05 23:20:27 - [TEST_STEP][PASSED] - openBrowser: Browser is opened with url: 'https://smtlogin.zycus.net/sso/login?serviceName=http://eproc-qa.zycus.net/'

2018-07-05 23:20:27 - [MESSAGE][WARNING] - A browser is already opened. Closing browser and opening a new one

2018-07-05 23:20:38 - [MESSAGE][PASSED] - Browser is opened with url: 'https://smtlogin.zycus.net/sso/login?serviceName=http://eproc-qa.zycus.net/'

2018-07-05 23:20:38 - [TEST_STEP][PASSED] - maximizeWindow: Current window maximized

2018-07-05 23:20:38 - [MESSAGE][PASSED] - Current window maximized

2018-07-05 23:20:38 - [TEST_STEP][PASSED] - waitForElementVisible: Object 'Object Repository/LoginPage/UserID' is visible

2018-07-05 23:20:38 - [MESSAGE][PASSED] - Object 'Object Repository/LoginPage/UserID' is visible

2018-07-05 23:20:38 - [TEST_STEP][PASSED] - sendKeys: Keys 'monicaqa@zycus.com' sent to object: 'Object Repository/LoginPage/UserID'

2018-07-05 23:20:38 - [MESSAGE][PASSED] - Keys 'monicaqa@zycus.com' sent to object: 'Object Repository/LoginPage/UserID'

2018-07-05 23:20:38 - [TEST_STEP][PASSED] - sendKeys: Keys 'eProc@123' sent to object: 'Object Repository/LoginPage/Password'

2018-07-05 23:20:38 - [MESSAGE][PASSED] - Keys 'eProc@123' sent to object: 'Object Repository/LoginPage/Password'

2018-07-05 23:20:38 - [TEST_STEP][PASSED] - click: Object: 'Object Repository/LoginPage/LoginButton' is clicked on

2018-07-05 23:20:41 - [MESSAGE][PASSED] - Object: 'Object Repository/LoginPage/LoginButton' is clicked on

2018-07-05 23:20:41 - [MESSAGE][PASSED] - Call Test Case 'Test Cases/CommonLibraries/Login' successfully

2018-07-05 23:20:41 - [TEST_STEP][PASSED] - waitForElementPresent: Object 'Object Repository/OnlineStorePage/Search Box' is present

2018-07-05 23:21:11 - [MESSAGE][PASSED] - Object 'Object Repository/OnlineStorePage/Search Box' is present

2018-07-05 23:21:11 - [TEST_STEP][PASSED] - waitForPageLoad: Wait for page load successfully

2018-07-05 23:21:11 - [MESSAGE][PASSED] - Wait for page load successfully

2018-07-05 23:21:11 - [TEST_STEP][PASSED] - sendKeys: Keys 'Item' sent to object: 'Object Repository/OnlineStorePage/Search Box'

2018-07-05 23:21:12 - [MESSAGE][PASSED] - Keys 'Item' sent to object: 'Object Repository/OnlineStorePage/Search Box'

2018-07-05 23:21:12 - [TEST_STEP][PASSED] - click: Object: 'Object Repository/OnlineStorePage/Search Icon' is clicked on

2018-07-05 23:21:12 - [MESSAGE][PASSED] - Object: 'Object Repository/OnlineStorePage/Search Icon' is clicked on

2018-07-05 23:21:12 - [MESSAGE][PASSED] - Call Test Case 'Test Cases/CommonLibraries/Search By Item' successfully

2018-07-05 23:21:12 - [TEST_STEP][PASSED] - waitForElementPresent: Object 'Object Repository/SearchResultPage/SearchItemTab/CatalogItems/Check Box For 2 row item list' is not present after 30 second(s)

2018-07-05 23:21:43 - [MESSAGE][WARNING] - Object 'Object Repository/SearchResultPage/SearchItemTab/CatalogItems/Check Box For 2 row item list' is not present after 30 second(s)

2018-07-05 23:21:43 - [TEST_STEP][FAILED] - click: Unable to click on object 'Object Repository/SearchResultPage/SearchItemTab/CatalogItems/Check Box For 2 row item list' (Root cause: com.kms.katalon.core.webui.exception.WebElementNotFoundException: Web element with id: 'Object Repository/SearchResultPage/SearchItemTab/CatalogItems/Check Box For 2 row item list' located by 'By.xpath: //dew-tab[@id='items-in-catalogs']/eproc-product-list/dew-card/dew-flex/dew-flex-item[2]/eproc-product-card/dew-card/dew-row/dew-col[1]/div' not found)

2018-07-05 23:23:28 - [MESSAGE][FAILED] - Unable to click on object 'Object Repository/SearchResultPage/SearchItemTab/CatalogItems/Check Box For 2 row item list' (Root cause: com.kms.katalon.core.webui.exception.WebElementNotFoundException: Web element with id: 'Object Repository/SearchResultPage/SearchItemTab/CatalogItems/Check Box For 2 row item list' located by 'By.xpath: //dew-tab[@id='items-in-catalogs']/eproc-product-list/dew-card/dew-flex/dew-flex-item[2]/eproc-product-card/dew-card/dew-row/dew-col[1]/div' not found)
[[ATTACHMENT|C:\\Users\\vikas.kiroula\\git\\eProc\\Reports\\VikasTestCase\\20180705_205940\\1530813208035.png]]]]></system-out>
         <system-err><![CDATA[2018-07-05 23:20:27 - [TEST_CASE][FAILED] - Test Cases/DDS-273/DDS-5076 verify User will be able to update the quantity in the field: Test Cases/DDS-273/DDS-5076 verify User will be able to update the quantity in the field FAILED because (of) Unable to click on object 'Object Repository/SearchResultPage/SearchItemTab/CatalogItems/Check Box For 2 row item list' (Root cause: com.kms.katalon.core.webui.exception.WebElementNotFoundException: Web element with id: 'Object Repository/SearchResultPage/SearchItemTab/CatalogItems/Check Box For 2 row item list' located by 'By.xpath: //dew-tab[@id='items-in-catalogs']/eproc-product-list/dew-card/dew-flex/dew-flex-item[2]/eproc-product-card/dew-card/dew-row/dew-col[1]/div' not found)]]></system-err>
      </testcase>
      <testcase name="Test Cases/DDS-273/DDS-5077 check if user enters zero in the quantity field and tries to navigate away from the field. Throwing a message Enter valid quantity" classname="Test Cases/DDS-273/DDS-5077 check if user enters zero in the quantity field and tries to navigate away from the field. Throwing a message Enter valid quantity" status="FAILED">
         <failure type="FAILED" message="Unable to click on object 'Object Repository/SearchResultPage/SearchItemTab/CatalogItems/Check Box For 3 Row Item List' (Root cause: com.kms.katalon.core.webui.exception.WebElementNotFoundException: Web element with id: 'Object Repository/SearchResultPage/SearchItemTab/CatalogItems/Check Box For 3 Row Item List' located by 'By.xpath: //dew-tab[@id='items-in-catalogs']/eproc-product-list/dew-card/dew-flex/dew-flex-item[3]/eproc-product-card/dew-card/dew-row/dew-col[1]/div' not found)"/>
         <system-out><![CDATA[2018-07-05 23:23:28 - [TEST_CASE][FAILED] - Test Cases/DDS-273/DDS-5077 check if user enters zero in the quantity field and tries to navigate away from the field. Throwing a message Enter valid quantity: Test Cases/DDS-273/DDS-5077 check if user enters zero in the quantity field and tries to navigate away from the field. Throwing a message Enter valid quantity FAILED because (of) Unable to click on object 'Object Repository/SearchResultPage/SearchItemTab/CatalogItems/Check Box For 3 Row Item List' (Root cause: com.kms.katalon.core.webui.exception.WebElementNotFoundException: Web element with id: 'Object Repository/SearchResultPage/SearchItemTab/CatalogItems/Check Box For 3 Row Item List' located by 'By.xpath: //dew-tab[@id='items-in-catalogs']/eproc-product-list/dew-card/dew-flex/dew-flex-item[3]/eproc-product-card/dew-card/dew-row/dew-col[1]/div' not found)

2018-07-05 23:23:28 - [TEST_STEP][PASSED] - callTestCase: Call Test Case 'Test Cases/CommonLibraries/Search By Item' successfully

2018-07-05 23:23:29 - [TEST_CASE][PASSED] - Test Cases/CommonLibraries/Search By Item: Test Cases/CommonLibraries/Search By Item

2018-07-05 23:23:29 - [TEST_STEP][PASSED] - callTestCase: Call Test Case 'Test Cases/CommonLibraries/Login' successfully

2018-07-05 23:23:29 - [TEST_CASE][PASSED] - Test Cases/CommonLibraries/Login: Test Cases/CommonLibraries/Login

2018-07-05 23:23:29 - [TEST_STEP][PASSED] - openBrowser: Browser is opened with url: 'https://smtlogin.zycus.net/sso/login?serviceName=http://eproc-qa.zycus.net/'

2018-07-05 23:23:29 - [MESSAGE][WARNING] - A browser is already opened. Closing browser and opening a new one

2018-07-05 23:23:41 - [MESSAGE][PASSED] - Browser is opened with url: 'https://smtlogin.zycus.net/sso/login?serviceName=http://eproc-qa.zycus.net/'

2018-07-05 23:23:41 - [TEST_STEP][PASSED] - maximizeWindow: Current window maximized

2018-07-05 23:23:43 - [MESSAGE][PASSED] - Current window maximized

2018-07-05 23:23:43 - [TEST_STEP][PASSED] - waitForElementVisible: Object 'Object Repository/LoginPage/UserID' is visible

2018-07-05 23:23:43 - [MESSAGE][PASSED] - Object 'Object Repository/LoginPage/UserID' is visible

2018-07-05 23:23:43 - [TEST_STEP][PASSED] - sendKeys: Keys 'monicaqa@zycus.com' sent to object: 'Object Repository/LoginPage/UserID'

2018-07-05 23:23:43 - [MESSAGE][PASSED] - Keys 'monicaqa@zycus.com' sent to object: 'Object Repository/LoginPage/UserID'

2018-07-05 23:23:43 - [TEST_STEP][PASSED] - sendKeys: Keys 'eProc@123' sent to object: 'Object Repository/LoginPage/Password'

2018-07-05 23:23:43 - [MESSAGE][PASSED] - Keys 'eProc@123' sent to object: 'Object Repository/LoginPage/Password'

2018-07-05 23:23:43 - [TEST_STEP][PASSED] - click: Object: 'Object Repository/LoginPage/LoginButton' is clicked on

2018-07-05 23:23:48 - [MESSAGE][PASSED] - Object: 'Object Repository/LoginPage/LoginButton' is clicked on

2018-07-05 23:23:48 - [MESSAGE][PASSED] - Call Test Case 'Test Cases/CommonLibraries/Login' successfully

2018-07-05 23:23:48 - [TEST_STEP][PASSED] - waitForElementPresent: Object 'Object Repository/OnlineStorePage/Search Box' is present

2018-07-05 23:24:20 - [MESSAGE][PASSED] - Object 'Object Repository/OnlineStorePage/Search Box' is present

2018-07-05 23:24:20 - [TEST_STEP][PASSED] - waitForPageLoad: Wait for page load successfully

2018-07-05 23:24:20 - [MESSAGE][PASSED] - Wait for page load successfully

2018-07-05 23:24:20 - [TEST_STEP][PASSED] - sendKeys: Keys 'Item' sent to object: 'Object Repository/OnlineStorePage/Search Box'

2018-07-05 23:24:20 - [MESSAGE][PASSED] - Keys 'Item' sent to object: 'Object Repository/OnlineStorePage/Search Box'

2018-07-05 23:24:20 - [TEST_STEP][PASSED] - click: Object: 'Object Repository/OnlineStorePage/Search Icon' is clicked on

2018-07-05 23:24:20 - [MESSAGE][PASSED] - Object: 'Object Repository/OnlineStorePage/Search Icon' is clicked on

2018-07-05 23:24:20 - [MESSAGE][PASSED] - Call Test Case 'Test Cases/CommonLibraries/Search By Item' successfully

2018-07-05 23:24:20 - [TEST_STEP][PASSED] - waitForElementPresent: Object 'Object Repository/SearchResultPage/SearchItemTab/CatalogItems/Check Box For 3 Row Item List' is not present after 30 second(s)

2018-07-05 23:24:52 - [MESSAGE][WARNING] - Object 'Object Repository/SearchResultPage/SearchItemTab/CatalogItems/Check Box For 3 Row Item List' is not present after 30 second(s)

2018-07-05 23:24:52 - [TEST_STEP][FAILED] - click: Unable to click on object 'Object Repository/SearchResultPage/SearchItemTab/CatalogItems/Check Box For 3 Row Item List' (Root cause: com.kms.katalon.core.webui.exception.WebElementNotFoundException: Web element with id: 'Object Repository/SearchResultPage/SearchItemTab/CatalogItems/Check Box For 3 Row Item List' located by 'By.xpath: //dew-tab[@id='items-in-catalogs']/eproc-product-list/dew-card/dew-flex/dew-flex-item[3]/eproc-product-card/dew-card/dew-row/dew-col[1]/div' not found)

2018-07-05 23:26:37 - [MESSAGE][FAILED] - Unable to click on object 'Object Repository/SearchResultPage/SearchItemTab/CatalogItems/Check Box For 3 Row Item List' (Root cause: com.kms.katalon.core.webui.exception.WebElementNotFoundException: Web element with id: 'Object Repository/SearchResultPage/SearchItemTab/CatalogItems/Check Box For 3 Row Item List' located by 'By.xpath: //dew-tab[@id='items-in-catalogs']/eproc-product-list/dew-card/dew-flex/dew-flex-item[3]/eproc-product-card/dew-card/dew-row/dew-col[1]/div' not found)
[[ATTACHMENT|C:\\Users\\vikas.kiroula\\git\\eProc\\Reports\\VikasTestCase\\20180705_205940\\1530813396683.png]]]]></system-out>
         <system-err><![CDATA[2018-07-05 23:23:28 - [TEST_CASE][FAILED] - Test Cases/DDS-273/DDS-5077 check if user enters zero in the quantity field and tries to navigate away from the field. Throwing a message Enter valid quantity: Test Cases/DDS-273/DDS-5077 check if user enters zero in the quantity field and tries to navigate away from the field. Throwing a message Enter valid quantity FAILED because (of) Unable to click on object 'Object Repository/SearchResultPage/SearchItemTab/CatalogItems/Check Box For 3 Row Item List' (Root cause: com.kms.katalon.core.webui.exception.WebElementNotFoundException: Web element with id: 'Object Repository/SearchResultPage/SearchItemTab/CatalogItems/Check Box For 3 Row Item List' located by 'By.xpath: //dew-tab[@id='items-in-catalogs']/eproc-product-list/dew-card/dew-flex/dew-flex-item[3]/eproc-product-card/dew-card/dew-row/dew-col[1]/div' not found)]]></system-err>
      </testcase>
      <testcase name="Test Cases/DDS-273/DDS-5078 check if user not enter quantity ,when the user tries to navigate away from that field.throwing a message Enter valid quantity" classname="Test Cases/DDS-273/DDS-5078 check if user not enter quantity ,when the user tries to navigate away from that field.throwing a message Enter valid quantity" status="FAILED">
         <failure type="FAILED" message="Unable to click on object 'Object Repository/SearchResultPage/SearchItemTab/CatalogItems/Check Box For 3 Row Item List' (Root cause: com.kms.katalon.core.webui.exception.WebElementNotFoundException: Web element with id: 'Object Repository/SearchResultPage/SearchItemTab/CatalogItems/Check Box For 3 Row Item List' located by 'By.xpath: //dew-tab[@id='items-in-catalogs']/eproc-product-list/dew-card/dew-flex/dew-flex-item[3]/eproc-product-card/dew-card/dew-row/dew-col[1]/div' not found)"/>
         <system-out><![CDATA[2018-07-05 23:26:37 - [TEST_CASE][FAILED] - Test Cases/DDS-273/DDS-5078 check if user not enter quantity ,when the user tries to navigate away from that field.throwing a message Enter valid quantity: Test Cases/DDS-273/DDS-5078 check if user not enter quantity ,when the user tries to navigate away from that field.throwing a message Enter valid quantity FAILED because (of) Unable to click on object 'Object Repository/SearchResultPage/SearchItemTab/CatalogItems/Check Box For 3 Row Item List' (Root cause: com.kms.katalon.core.webui.exception.WebElementNotFoundException: Web element with id: 'Object Repository/SearchResultPage/SearchItemTab/CatalogItems/Check Box For 3 Row Item List' located by 'By.xpath: //dew-tab[@id='items-in-catalogs']/eproc-product-list/dew-card/dew-flex/dew-flex-item[3]/eproc-product-card/dew-card/dew-row/dew-col[1]/div' not found)

2018-07-05 23:26:37 - [TEST_STEP][PASSED] - callTestCase: Call Test Case 'Test Cases/CommonLibraries/Search By Item' successfully

2018-07-05 23:26:37 - [TEST_CASE][PASSED] - Test Cases/CommonLibraries/Search By Item: Test Cases/CommonLibraries/Search By Item

2018-07-05 23:26:37 - [TEST_STEP][PASSED] - callTestCase: Call Test Case 'Test Cases/CommonLibraries/Login' successfully

2018-07-05 23:26:37 - [TEST_CASE][PASSED] - Test Cases/CommonLibraries/Login: Test Cases/CommonLibraries/Login

2018-07-05 23:26:37 - [TEST_STEP][PASSED] - openBrowser: Browser is opened with url: 'https://smtlogin.zycus.net/sso/login?serviceName=http://eproc-qa.zycus.net/'

2018-07-05 23:26:37 - [MESSAGE][WARNING] - A browser is already opened. Closing browser and opening a new one

2018-07-05 23:26:51 - [MESSAGE][PASSED] - Browser is opened with url: 'https://smtlogin.zycus.net/sso/login?serviceName=http://eproc-qa.zycus.net/'

2018-07-05 23:26:51 - [TEST_STEP][PASSED] - maximizeWindow: Current window maximized

2018-07-05 23:26:51 - [MESSAGE][PASSED] - Current window maximized

2018-07-05 23:26:51 - [TEST_STEP][PASSED] - waitForElementVisible: Object 'Object Repository/LoginPage/UserID' is visible

2018-07-05 23:26:51 - [MESSAGE][PASSED] - Object 'Object Repository/LoginPage/UserID' is visible

2018-07-05 23:26:51 - [TEST_STEP][PASSED] - sendKeys: Keys 'monicaqa@zycus.com' sent to object: 'Object Repository/LoginPage/UserID'

2018-07-05 23:26:51 - [MESSAGE][PASSED] - Keys 'monicaqa@zycus.com' sent to object: 'Object Repository/LoginPage/UserID'

2018-07-05 23:26:51 - [TEST_STEP][PASSED] - sendKeys: Keys 'eProc@123' sent to object: 'Object Repository/LoginPage/Password'

2018-07-05 23:26:51 - [MESSAGE][PASSED] - Keys 'eProc@123' sent to object: 'Object Repository/LoginPage/Password'

2018-07-05 23:26:51 - [TEST_STEP][PASSED] - click: Object: 'Object Repository/LoginPage/LoginButton' is clicked on

2018-07-05 23:26:56 - [MESSAGE][PASSED] - Object: 'Object Repository/LoginPage/LoginButton' is clicked on

2018-07-05 23:26:56 - [MESSAGE][PASSED] - Call Test Case 'Test Cases/CommonLibraries/Login' successfully

2018-07-05 23:26:56 - [TEST_STEP][PASSED] - waitForElementPresent: Object 'Object Repository/OnlineStorePage/Search Box' is present

2018-07-05 23:27:25 - [MESSAGE][PASSED] - Object 'Object Repository/OnlineStorePage/Search Box' is present

2018-07-05 23:27:25 - [TEST_STEP][PASSED] - waitForPageLoad: Wait for page load successfully

2018-07-05 23:27:25 - [MESSAGE][PASSED] - Wait for page load successfully

2018-07-05 23:27:25 - [TEST_STEP][PASSED] - sendKeys: Keys 'Item' sent to object: 'Object Repository/OnlineStorePage/Search Box'

2018-07-05 23:27:25 - [MESSAGE][PASSED] - Keys 'Item' sent to object: 'Object Repository/OnlineStorePage/Search Box'

2018-07-05 23:27:25 - [TEST_STEP][PASSED] - click: Object: 'Object Repository/OnlineStorePage/Search Icon' is clicked on

2018-07-05 23:27:26 - [MESSAGE][PASSED] - Object: 'Object Repository/OnlineStorePage/Search Icon' is clicked on

2018-07-05 23:27:26 - [MESSAGE][PASSED] - Call Test Case 'Test Cases/CommonLibraries/Search By Item' successfully

2018-07-05 23:27:26 - [TEST_STEP][PASSED] - waitForElementPresent: Object 'Object Repository/SearchResultPage/SearchItemTab/CatalogItems/Check Box For 3 Row Item List' is not present after 30 second(s)

2018-07-05 23:27:57 - [MESSAGE][WARNING] - Object 'Object Repository/SearchResultPage/SearchItemTab/CatalogItems/Check Box For 3 Row Item List' is not present after 30 second(s)

2018-07-05 23:27:57 - [TEST_STEP][FAILED] - click: Unable to click on object 'Object Repository/SearchResultPage/SearchItemTab/CatalogItems/Check Box For 3 Row Item List' (Root cause: com.kms.katalon.core.webui.exception.WebElementNotFoundException: Web element with id: 'Object Repository/SearchResultPage/SearchItemTab/CatalogItems/Check Box For 3 Row Item List' located by 'By.xpath: //dew-tab[@id='items-in-catalogs']/eproc-product-list/dew-card/dew-flex/dew-flex-item[3]/eproc-product-card/dew-card/dew-row/dew-col[1]/div' not found)

2018-07-05 23:29:42 - [MESSAGE][FAILED] - Unable to click on object 'Object Repository/SearchResultPage/SearchItemTab/CatalogItems/Check Box For 3 Row Item List' (Root cause: com.kms.katalon.core.webui.exception.WebElementNotFoundException: Web element with id: 'Object Repository/SearchResultPage/SearchItemTab/CatalogItems/Check Box For 3 Row Item List' located by 'By.xpath: //dew-tab[@id='items-in-catalogs']/eproc-product-list/dew-card/dew-flex/dew-flex-item[3]/eproc-product-card/dew-card/dew-row/dew-col[1]/div' not found)
[[ATTACHMENT|C:\\Users\\vikas.kiroula\\git\\eProc\\Reports\\VikasTestCase\\20180705_205940\\1530813581710.png]]]]></system-out>
         <system-err><![CDATA[2018-07-05 23:26:37 - [TEST_CASE][FAILED] - Test Cases/DDS-273/DDS-5078 check if user not enter quantity ,when the user tries to navigate away from that field.throwing a message Enter valid quantity: Test Cases/DDS-273/DDS-5078 check if user not enter quantity ,when the user tries to navigate away from that field.throwing a message Enter valid quantity FAILED because (of) Unable to click on object 'Object Repository/SearchResultPage/SearchItemTab/CatalogItems/Check Box For 3 Row Item List' (Root cause: com.kms.katalon.core.webui.exception.WebElementNotFoundException: Web element with id: 'Object Repository/SearchResultPage/SearchItemTab/CatalogItems/Check Box For 3 Row Item List' located by 'By.xpath: //dew-tab[@id='items-in-catalogs']/eproc-product-list/dew-card/dew-flex/dew-flex-item[3]/eproc-product-card/dew-card/dew-row/dew-col[1]/div' not found)]]></system-err>
      </testcase>
      <testcase name="Test Cases/DDS-273/DDS-5080 verify If user clicks on add to cart, and item of the quantity or amount field is blank, system will throw a message Enter valid quantity" classname="Test Cases/DDS-273/DDS-5080 verify If user clicks on add to cart, and item of the quantity or amount field is blank, system will throw a message Enter valid quantity" status="FAILED">
         <failure type="FAILED" message="Unable to click on object 'Object Repository/SearchResultPage/SearchItemTab/CatalogItems/Check Box For 2 row item list' (Root cause: com.kms.katalon.core.webui.exception.WebElementNotFoundException: Web element with id: 'Object Repository/SearchResultPage/SearchItemTab/CatalogItems/Check Box For 2 row item list' located by 'By.xpath: //dew-tab[@id='items-in-catalogs']/eproc-product-list/dew-card/dew-flex/dew-flex-item[2]/eproc-product-card/dew-card/dew-row/dew-col[1]/div' not found)"/>
         <system-out><![CDATA[2018-07-05 23:29:42 - [TEST_CASE][FAILED] - Test Cases/DDS-273/DDS-5080 verify If user clicks on add to cart, and item of the quantity or amount field is blank, system will throw a message Enter valid quantity: Test Cases/DDS-273/DDS-5080 verify If user clicks on add to cart, and item of the quantity or amount field is blank, system will throw a message Enter valid quantity FAILED because (of) Unable to click on object 'Object Repository/SearchResultPage/SearchItemTab/CatalogItems/Check Box For 2 row item list' (Root cause: com.kms.katalon.core.webui.exception.WebElementNotFoundException: Web element with id: 'Object Repository/SearchResultPage/SearchItemTab/CatalogItems/Check Box For 2 row item list' located by 'By.xpath: //dew-tab[@id='items-in-catalogs']/eproc-product-list/dew-card/dew-flex/dew-flex-item[2]/eproc-product-card/dew-card/dew-row/dew-col[1]/div' not found)

2018-07-05 23:29:42 - [TEST_STEP][PASSED] - callTestCase: Call Test Case 'Test Cases/CommonLibraries/Search By Item' successfully

2018-07-05 23:29:42 - [TEST_CASE][PASSED] - Test Cases/CommonLibraries/Search By Item: Test Cases/CommonLibraries/Search By Item

2018-07-05 23:29:42 - [TEST_STEP][PASSED] - callTestCase: Call Test Case 'Test Cases/CommonLibraries/Login' successfully

2018-07-05 23:29:42 - [TEST_CASE][PASSED] - Test Cases/CommonLibraries/Login: Test Cases/CommonLibraries/Login

2018-07-05 23:29:42 - [TEST_STEP][PASSED] - openBrowser: Browser is opened with url: 'https://smtlogin.zycus.net/sso/login?serviceName=http://eproc-qa.zycus.net/'

2018-07-05 23:29:42 - [MESSAGE][WARNING] - A browser is already opened. Closing browser and opening a new one

2018-07-05 23:29:58 - [MESSAGE][PASSED] - Browser is opened with url: 'https://smtlogin.zycus.net/sso/login?serviceName=http://eproc-qa.zycus.net/'

2018-07-05 23:29:58 - [TEST_STEP][PASSED] - maximizeWindow: Current window maximized

2018-07-05 23:29:58 - [MESSAGE][PASSED] - Current window maximized

2018-07-05 23:29:58 - [TEST_STEP][PASSED] - waitForElementVisible: Object 'Object Repository/LoginPage/UserID' is visible

2018-07-05 23:29:58 - [MESSAGE][PASSED] - Object 'Object Repository/LoginPage/UserID' is visible

2018-07-05 23:29:58 - [TEST_STEP][PASSED] - sendKeys: Keys 'monicaqa@zycus.com' sent to object: 'Object Repository/LoginPage/UserID'

2018-07-05 23:29:58 - [MESSAGE][PASSED] - Keys 'monicaqa@zycus.com' sent to object: 'Object Repository/LoginPage/UserID'

2018-07-05 23:29:58 - [TEST_STEP][PASSED] - sendKeys: Keys 'eProc@123' sent to object: 'Object Repository/LoginPage/Password'

2018-07-05 23:29:58 - [MESSAGE][PASSED] - Keys 'eProc@123' sent to object: 'Object Repository/LoginPage/Password'

2018-07-05 23:29:58 - [TEST_STEP][PASSED] - click: Object: 'Object Repository/LoginPage/LoginButton' is clicked on

2018-07-05 23:30:04 - [MESSAGE][PASSED] - Object: 'Object Repository/LoginPage/LoginButton' is clicked on

2018-07-05 23:30:04 - [MESSAGE][PASSED] - Call Test Case 'Test Cases/CommonLibraries/Login' successfully

2018-07-05 23:30:04 - [TEST_STEP][PASSED] - waitForElementPresent: Object 'Object Repository/OnlineStorePage/Search Box' is present

2018-07-05 23:30:35 - [MESSAGE][PASSED] - Object 'Object Repository/OnlineStorePage/Search Box' is present

2018-07-05 23:30:35 - [TEST_STEP][PASSED] - waitForPageLoad: Wait for page load successfully

2018-07-05 23:30:35 - [MESSAGE][PASSED] - Wait for page load successfully

2018-07-05 23:30:35 - [TEST_STEP][PASSED] - sendKeys: Keys 'Item' sent to object: 'Object Repository/OnlineStorePage/Search Box'

2018-07-05 23:30:35 - [MESSAGE][PASSED] - Keys 'Item' sent to object: 'Object Repository/OnlineStorePage/Search Box'

2018-07-05 23:30:35 - [TEST_STEP][PASSED] - click: Object: 'Object Repository/OnlineStorePage/Search Icon' is clicked on

2018-07-05 23:30:35 - [MESSAGE][PASSED] - Object: 'Object Repository/OnlineStorePage/Search Icon' is clicked on

2018-07-05 23:30:35 - [MESSAGE][PASSED] - Call Test Case 'Test Cases/CommonLibraries/Search By Item' successfully

2018-07-05 23:30:35 - [TEST_STEP][PASSED] - waitForElementPresent: Object 'Object Repository/SearchResultPage/SearchItemTab/CatalogItems/Check Box For 2 row item list' is not present after 30 second(s)

2018-07-05 23:31:06 - [MESSAGE][WARNING] - Object 'Object Repository/SearchResultPage/SearchItemTab/CatalogItems/Check Box For 2 row item list' is not present after 30 second(s)

2018-07-05 23:31:06 - [TEST_STEP][FAILED] - click: Unable to click on object 'Object Repository/SearchResultPage/SearchItemTab/CatalogItems/Check Box For 2 row item list' (Root cause: com.kms.katalon.core.webui.exception.WebElementNotFoundException: Web element with id: 'Object Repository/SearchResultPage/SearchItemTab/CatalogItems/Check Box For 2 row item list' located by 'By.xpath: //dew-tab[@id='items-in-catalogs']/eproc-product-list/dew-card/dew-flex/dew-flex-item[2]/eproc-product-card/dew-card/dew-row/dew-col[1]/div' not found)

2018-07-05 23:32:52 - [MESSAGE][FAILED] - Unable to click on object 'Object Repository/SearchResultPage/SearchItemTab/CatalogItems/Check Box For 2 row item list' (Root cause: com.kms.katalon.core.webui.exception.WebElementNotFoundException: Web element with id: 'Object Repository/SearchResultPage/SearchItemTab/CatalogItems/Check Box For 2 row item list' located by 'By.xpath: //dew-tab[@id='items-in-catalogs']/eproc-product-list/dew-card/dew-flex/dew-flex-item[2]/eproc-product-card/dew-card/dew-row/dew-col[1]/div' not found)
[[ATTACHMENT|C:\\Users\\vikas.kiroula\\git\\eProc\\Reports\\VikasTestCase\\20180705_205940\\1530813771381.png]]]]></system-out>
         <system-err><![CDATA[2018-07-05 23:29:42 - [TEST_CASE][FAILED] - Test Cases/DDS-273/DDS-5080 verify If user clicks on add to cart, and item of the quantity or amount field is blank, system will throw a message Enter valid quantity: Test Cases/DDS-273/DDS-5080 verify If user clicks on add to cart, and item of the quantity or amount field is blank, system will throw a message Enter valid quantity FAILED because (of) Unable to click on object 'Object Repository/SearchResultPage/SearchItemTab/CatalogItems/Check Box For 2 row item list' (Root cause: com.kms.katalon.core.webui.exception.WebElementNotFoundException: Web element with id: 'Object Repository/SearchResultPage/SearchItemTab/CatalogItems/Check Box For 2 row item list' located by 'By.xpath: //dew-tab[@id='items-in-catalogs']/eproc-product-list/dew-card/dew-flex/dew-flex-item[2]/eproc-product-card/dew-card/dew-row/dew-col[1]/div' not found)]]></system-err>
      </testcase>
      <testcase name="Test Cases/DDS-273/DDS-5082 verify when item of the quantity or amount field is blank if user try to navigate away from field system will not update quantity amout field automatically will throw error" classname="Test Cases/DDS-273/DDS-5082 verify when item of the quantity or amount field is blank if user try to navigate away from field system will not update quantity amout field automatically will throw error" status="FAILED">
         <failure type="FAILED" message="Unable to click on object 'Object Repository/SearchResultPage/SearchItemTab/CatalogItems/Check Box For 3 Row Item List' (Root cause: com.kms.katalon.core.webui.exception.WebElementNotFoundException: Web element with id: 'Object Repository/SearchResultPage/SearchItemTab/CatalogItems/Check Box For 3 Row Item List' located by 'By.xpath: //dew-tab[@id='items-in-catalogs']/eproc-product-list/dew-card/dew-flex/dew-flex-item[3]/eproc-product-card/dew-card/dew-row/dew-col[1]/div' not found)"/>
         <system-out><![CDATA[2018-07-05 23:32:52 - [TEST_CASE][FAILED] - Test Cases/DDS-273/DDS-5082 verify when item of the quantity or amount field is blank if user try to navigate away from field system will not update quantity amout field automatically will throw error: Test Cases/DDS-273/DDS-5082 verify when item of the quantity or amount field is blank if user try to navigate away from field system will not update quantity amout field automatically will throw error FAILED because (of) Unable to click on object 'Object Repository/SearchResultPage/SearchItemTab/CatalogItems/Check Box For 3 Row Item List' (Root cause: com.kms.katalon.core.webui.exception.WebElementNotFoundException: Web element with id: 'Object Repository/SearchResultPage/SearchItemTab/CatalogItems/Check Box For 3 Row Item List' located by 'By.xpath: //dew-tab[@id='items-in-catalogs']/eproc-product-list/dew-card/dew-flex/dew-flex-item[3]/eproc-product-card/dew-card/dew-row/dew-col[1]/div' not found)

2018-07-05 23:32:52 - [TEST_STEP][PASSED] - callTestCase: Call Test Case 'Test Cases/CommonLibraries/Search By Item' successfully

2018-07-05 23:32:52 - [TEST_CASE][PASSED] - Test Cases/CommonLibraries/Search By Item: Test Cases/CommonLibraries/Search By Item

2018-07-05 23:32:52 - [TEST_STEP][PASSED] - callTestCase: Call Test Case 'Test Cases/CommonLibraries/Login' successfully

2018-07-05 23:32:52 - [TEST_CASE][PASSED] - Test Cases/CommonLibraries/Login: Test Cases/CommonLibraries/Login

2018-07-05 23:32:52 - [TEST_STEP][PASSED] - openBrowser: Browser is opened with url: 'https://smtlogin.zycus.net/sso/login?serviceName=http://eproc-qa.zycus.net/'

2018-07-05 23:32:52 - [MESSAGE][WARNING] - A browser is already opened. Closing browser and opening a new one

2018-07-05 23:33:08 - [MESSAGE][PASSED] - Browser is opened with url: 'https://smtlogin.zycus.net/sso/login?serviceName=http://eproc-qa.zycus.net/'

2018-07-05 23:33:08 - [TEST_STEP][PASSED] - maximizeWindow: Current window maximized

2018-07-05 23:33:10 - [MESSAGE][PASSED] - Current window maximized

2018-07-05 23:33:10 - [TEST_STEP][PASSED] - waitForElementVisible: Object 'Object Repository/LoginPage/UserID' is visible

2018-07-05 23:33:10 - [MESSAGE][PASSED] - Object 'Object Repository/LoginPage/UserID' is visible

2018-07-05 23:33:10 - [TEST_STEP][PASSED] - sendKeys: Keys 'monicaqa@zycus.com' sent to object: 'Object Repository/LoginPage/UserID'

2018-07-05 23:33:10 - [MESSAGE][PASSED] - Keys 'monicaqa@zycus.com' sent to object: 'Object Repository/LoginPage/UserID'

2018-07-05 23:33:10 - [TEST_STEP][PASSED] - sendKeys: Keys 'eProc@123' sent to object: 'Object Repository/LoginPage/Password'

2018-07-05 23:33:10 - [MESSAGE][PASSED] - Keys 'eProc@123' sent to object: 'Object Repository/LoginPage/Password'

2018-07-05 23:33:10 - [TEST_STEP][PASSED] - click: Object: 'Object Repository/LoginPage/LoginButton' is clicked on

2018-07-05 23:33:16 - [MESSAGE][PASSED] - Object: 'Object Repository/LoginPage/LoginButton' is clicked on

2018-07-05 23:33:16 - [MESSAGE][PASSED] - Call Test Case 'Test Cases/CommonLibraries/Login' successfully

2018-07-05 23:33:16 - [TEST_STEP][PASSED] - waitForElementPresent: Object 'Object Repository/OnlineStorePage/Search Box' is present

2018-07-05 23:33:42 - [MESSAGE][PASSED] - Object 'Object Repository/OnlineStorePage/Search Box' is present

2018-07-05 23:33:42 - [TEST_STEP][PASSED] - waitForPageLoad: Wait for page load successfully

2018-07-05 23:33:42 - [MESSAGE][PASSED] - Wait for page load successfully

2018-07-05 23:33:42 - [TEST_STEP][PASSED] - sendKeys: Keys 'Item' sent to object: 'Object Repository/OnlineStorePage/Search Box'

2018-07-05 23:33:43 - [MESSAGE][PASSED] - Keys 'Item' sent to object: 'Object Repository/OnlineStorePage/Search Box'

2018-07-05 23:33:43 - [TEST_STEP][PASSED] - click: Object: 'Object Repository/OnlineStorePage/Search Icon' is clicked on

2018-07-05 23:33:43 - [MESSAGE][PASSED] - Object: 'Object Repository/OnlineStorePage/Search Icon' is clicked on

2018-07-05 23:33:43 - [MESSAGE][PASSED] - Call Test Case 'Test Cases/CommonLibraries/Search By Item' successfully

2018-07-05 23:33:43 - [TEST_STEP][PASSED] - waitForElementPresent: Object 'Object Repository/SearchResultPage/SearchItemTab/CatalogItems/Check Box For 3 Row Item List' is not present after 50 second(s)

2018-07-05 23:34:35 - [MESSAGE][WARNING] - Object 'Object Repository/SearchResultPage/SearchItemTab/CatalogItems/Check Box For 3 Row Item List' is not present after 50 second(s)

2018-07-05 23:34:35 - [TEST_STEP][FAILED] - click: Unable to click on object 'Object Repository/SearchResultPage/SearchItemTab/CatalogItems/Check Box For 3 Row Item List' (Root cause: com.kms.katalon.core.webui.exception.WebElementNotFoundException: Web element with id: 'Object Repository/SearchResultPage/SearchItemTab/CatalogItems/Check Box For 3 Row Item List' located by 'By.xpath: //dew-tab[@id='items-in-catalogs']/eproc-product-list/dew-card/dew-flex/dew-flex-item[3]/eproc-product-card/dew-card/dew-row/dew-col[1]/div' not found)

2018-07-05 23:36:20 - [MESSAGE][FAILED] - Unable to click on object 'Object Repository/SearchResultPage/SearchItemTab/CatalogItems/Check Box For 3 Row Item List' (Root cause: com.kms.katalon.core.webui.exception.WebElementNotFoundException: Web element with id: 'Object Repository/SearchResultPage/SearchItemTab/CatalogItems/Check Box For 3 Row Item List' located by 'By.xpath: //dew-tab[@id='items-in-catalogs']/eproc-product-list/dew-card/dew-flex/dew-flex-item[3]/eproc-product-card/dew-card/dew-row/dew-col[1]/div' not found)
[[ATTACHMENT|C:\\Users\\vikas.kiroula\\git\\eProc\\Reports\\VikasTestCase\\20180705_205940\\1530813980121.png]]]]></system-out>
         <system-err><![CDATA[2018-07-05 23:32:52 - [TEST_CASE][FAILED] - Test Cases/DDS-273/DDS-5082 verify when item of the quantity or amount field is blank if user try to navigate away from field system will not update quantity amout field automatically will throw error: Test Cases/DDS-273/DDS-5082 verify when item of the quantity or amount field is blank if user try to navigate away from field system will not update quantity amout field automatically will throw error FAILED because (of) Unable to click on object 'Object Repository/SearchResultPage/SearchItemTab/CatalogItems/Check Box For 3 Row Item List' (Root cause: com.kms.katalon.core.webui.exception.WebElementNotFoundException: Web element with id: 'Object Repository/SearchResultPage/SearchItemTab/CatalogItems/Check Box For 3 Row Item List' located by 'By.xpath: //dew-tab[@id='items-in-catalogs']/eproc-product-list/dew-card/dew-flex/dew-flex-item[3]/eproc-product-card/dew-card/dew-row/dew-col[1]/div' not found)]]></system-err>
      </testcase>
      <testcase name="Test Cases/DDS-273/DDS-5087 verify it this field accepting XSS Character" classname="Test Cases/DDS-273/DDS-5087 verify it this field accepting XSS Character" status="FAILED">
         <failure type="FAILED" message="Unable to click on object 'Object Repository/SearchResultPage/SearchItemTab/CatalogItems/Check Box For 3 Row Item List' (Root cause: com.kms.katalon.core.webui.exception.WebElementNotFoundException: Web element with id: 'Object Repository/SearchResultPage/SearchItemTab/CatalogItems/Check Box For 3 Row Item List' located by 'By.xpath: //dew-tab[@id='items-in-catalogs']/eproc-product-list/dew-card/dew-flex/dew-flex-item[3]/eproc-product-card/dew-card/dew-row/dew-col[1]/div' not found)"/>
         <system-out><![CDATA[2018-07-05 23:36:20 - [TEST_CASE][FAILED] - Test Cases/DDS-273/DDS-5087 verify it this field accepting XSS Character: Test Cases/DDS-273/DDS-5087 verify it this field accepting XSS Character FAILED because (of) Unable to click on object 'Object Repository/SearchResultPage/SearchItemTab/CatalogItems/Check Box For 3 Row Item List' (Root cause: com.kms.katalon.core.webui.exception.WebElementNotFoundException: Web element with id: 'Object Repository/SearchResultPage/SearchItemTab/CatalogItems/Check Box For 3 Row Item List' located by 'By.xpath: //dew-tab[@id='items-in-catalogs']/eproc-product-list/dew-card/dew-flex/dew-flex-item[3]/eproc-product-card/dew-card/dew-row/dew-col[1]/div' not found)

2018-07-05 23:36:21 - [TEST_STEP][PASSED] - callTestCase: Call Test Case 'Test Cases/CommonLibraries/Search By Item' successfully

2018-07-05 23:36:21 - [TEST_CASE][PASSED] - Test Cases/CommonLibraries/Search By Item: Test Cases/CommonLibraries/Search By Item

2018-07-05 23:36:21 - [TEST_STEP][PASSED] - callTestCase: Call Test Case 'Test Cases/CommonLibraries/Login' successfully

2018-07-05 23:36:21 - [TEST_CASE][PASSED] - Test Cases/CommonLibraries/Login: Test Cases/CommonLibraries/Login

2018-07-05 23:36:21 - [TEST_STEP][PASSED] - openBrowser: Browser is opened with url: 'https://smtlogin.zycus.net/sso/login?serviceName=http://eproc-qa.zycus.net/'

2018-07-05 23:36:21 - [MESSAGE][WARNING] - A browser is already opened. Closing browser and opening a new one

2018-07-05 23:36:32 - [MESSAGE][PASSED] - Browser is opened with url: 'https://smtlogin.zycus.net/sso/login?serviceName=http://eproc-qa.zycus.net/'

2018-07-05 23:36:32 - [TEST_STEP][PASSED] - maximizeWindow: Current window maximized

2018-07-05 23:36:34 - [MESSAGE][PASSED] - Current window maximized

2018-07-05 23:36:34 - [TEST_STEP][PASSED] - waitForElementVisible: Object 'Object Repository/LoginPage/UserID' is visible

2018-07-05 23:36:34 - [MESSAGE][PASSED] - Object 'Object Repository/LoginPage/UserID' is visible

2018-07-05 23:36:34 - [TEST_STEP][PASSED] - sendKeys: Keys 'monicaqa@zycus.com' sent to object: 'Object Repository/LoginPage/UserID'

2018-07-05 23:36:35 - [MESSAGE][PASSED] - Keys 'monicaqa@zycus.com' sent to object: 'Object Repository/LoginPage/UserID'

2018-07-05 23:36:35 - [TEST_STEP][PASSED] - sendKeys: Keys 'eProc@123' sent to object: 'Object Repository/LoginPage/Password'

2018-07-05 23:36:35 - [MESSAGE][PASSED] - Keys 'eProc@123' sent to object: 'Object Repository/LoginPage/Password'

2018-07-05 23:36:35 - [TEST_STEP][PASSED] - click: Object: 'Object Repository/LoginPage/LoginButton' is clicked on

2018-07-05 23:36:40 - [MESSAGE][PASSED] - Object: 'Object Repository/LoginPage/LoginButton' is clicked on

2018-07-05 23:36:40 - [MESSAGE][PASSED] - Call Test Case 'Test Cases/CommonLibraries/Login' successfully

2018-07-05 23:36:40 - [TEST_STEP][PASSED] - waitForElementPresent: Object 'Object Repository/OnlineStorePage/Search Box' is present

2018-07-05 23:37:07 - [MESSAGE][PASSED] - Object 'Object Repository/OnlineStorePage/Search Box' is present

2018-07-05 23:37:07 - [TEST_STEP][PASSED] - waitForPageLoad: Wait for page load successfully

2018-07-05 23:37:07 - [MESSAGE][PASSED] - Wait for page load successfully

2018-07-05 23:37:07 - [TEST_STEP][PASSED] - sendKeys: Keys 'Item' sent to object: 'Object Repository/OnlineStorePage/Search Box'

2018-07-05 23:37:07 - [MESSAGE][PASSED] - Keys 'Item' sent to object: 'Object Repository/OnlineStorePage/Search Box'

2018-07-05 23:37:07 - [TEST_STEP][PASSED] - click: Object: 'Object Repository/OnlineStorePage/Search Icon' is clicked on

2018-07-05 23:37:08 - [MESSAGE][PASSED] - Object: 'Object Repository/OnlineStorePage/Search Icon' is clicked on

2018-07-05 23:37:08 - [MESSAGE][PASSED] - Call Test Case 'Test Cases/CommonLibraries/Search By Item' successfully

2018-07-05 23:37:08 - [TEST_STEP][PASSED] - waitForElementPresent: Object 'Object Repository/SearchResultPage/SearchItemTab/CatalogItems/Check Box For 3 Row Item List' is not present after 30 second(s)

2018-07-05 23:37:39 - [MESSAGE][WARNING] - Object 'Object Repository/SearchResultPage/SearchItemTab/CatalogItems/Check Box For 3 Row Item List' is not present after 30 second(s)

2018-07-05 23:37:39 - [TEST_STEP][FAILED] - click: Unable to click on object 'Object Repository/SearchResultPage/SearchItemTab/CatalogItems/Check Box For 3 Row Item List' (Root cause: com.kms.katalon.core.webui.exception.WebElementNotFoundException: Web element with id: 'Object Repository/SearchResultPage/SearchItemTab/CatalogItems/Check Box For 3 Row Item List' located by 'By.xpath: //dew-tab[@id='items-in-catalogs']/eproc-product-list/dew-card/dew-flex/dew-flex-item[3]/eproc-product-card/dew-card/dew-row/dew-col[1]/div' not found)

2018-07-05 23:39:24 - [MESSAGE][FAILED] - Unable to click on object 'Object Repository/SearchResultPage/SearchItemTab/CatalogItems/Check Box For 3 Row Item List' (Root cause: com.kms.katalon.core.webui.exception.WebElementNotFoundException: Web element with id: 'Object Repository/SearchResultPage/SearchItemTab/CatalogItems/Check Box For 3 Row Item List' located by 'By.xpath: //dew-tab[@id='items-in-catalogs']/eproc-product-list/dew-card/dew-flex/dew-flex-item[3]/eproc-product-card/dew-card/dew-row/dew-col[1]/div' not found)
[[ATTACHMENT|C:\\Users\\vikas.kiroula\\git\\eProc\\Reports\\VikasTestCase\\20180705_205940\\1530814163577.png]]]]></system-out>
         <system-err><![CDATA[2018-07-05 23:36:20 - [TEST_CASE][FAILED] - Test Cases/DDS-273/DDS-5087 verify it this field accepting XSS Character: Test Cases/DDS-273/DDS-5087 verify it this field accepting XSS Character FAILED because (of) Unable to click on object 'Object Repository/SearchResultPage/SearchItemTab/CatalogItems/Check Box For 3 Row Item List' (Root cause: com.kms.katalon.core.webui.exception.WebElementNotFoundException: Web element with id: 'Object Repository/SearchResultPage/SearchItemTab/CatalogItems/Check Box For 3 Row Item List' located by 'By.xpath: //dew-tab[@id='items-in-catalogs']/eproc-product-list/dew-card/dew-flex/dew-flex-item[3]/eproc-product-card/dew-card/dew-row/dew-col[1]/div' not found)]]></system-err>
      </testcase>
      <testcase name="Test Cases/DDS-273/DDS-5089 verify is this field accepting Alphabetic Character" classname="Test Cases/DDS-273/DDS-5089 verify is this field accepting Alphabetic Character" status="FAILED">
         <failure type="FAILED" message="Unable to click on object 'Object Repository/SearchResultPage/SearchItemTab/CatalogItems/Check Box For 2 row item list' (Root cause: com.kms.katalon.core.webui.exception.WebElementNotFoundException: Web element with id: 'Object Repository/SearchResultPage/SearchItemTab/CatalogItems/Check Box For 2 row item list' located by 'By.xpath: //dew-tab[@id='items-in-catalogs']/eproc-product-list/dew-card/dew-flex/dew-flex-item[2]/eproc-product-card/dew-card/dew-row/dew-col[1]/div' not found)"/>
         <system-out><![CDATA[2018-07-05 23:39:24 - [TEST_CASE][FAILED] - Test Cases/DDS-273/DDS-5089 verify is this field accepting Alphabetic Character: Test Cases/DDS-273/DDS-5089 verify is this field accepting Alphabetic Character FAILED because (of) Unable to click on object 'Object Repository/SearchResultPage/SearchItemTab/CatalogItems/Check Box For 2 row item list' (Root cause: com.kms.katalon.core.webui.exception.WebElementNotFoundException: Web element with id: 'Object Repository/SearchResultPage/SearchItemTab/CatalogItems/Check Box For 2 row item list' located by 'By.xpath: //dew-tab[@id='items-in-catalogs']/eproc-product-list/dew-card/dew-flex/dew-flex-item[2]/eproc-product-card/dew-card/dew-row/dew-col[1]/div' not found)

2018-07-05 23:39:24 - [TEST_STEP][PASSED] - callTestCase: Call Test Case 'Test Cases/CommonLibraries/Search By Item' successfully

2018-07-05 23:39:24 - [TEST_CASE][PASSED] - Test Cases/CommonLibraries/Search By Item: Test Cases/CommonLibraries/Search By Item

2018-07-05 23:39:24 - [TEST_STEP][PASSED] - callTestCase: Call Test Case 'Test Cases/CommonLibraries/Login' successfully

2018-07-05 23:39:24 - [TEST_CASE][PASSED] - Test Cases/CommonLibraries/Login: Test Cases/CommonLibraries/Login

2018-07-05 23:39:24 - [TEST_STEP][PASSED] - openBrowser: Browser is opened with url: 'https://smtlogin.zycus.net/sso/login?serviceName=http://eproc-qa.zycus.net/'

2018-07-05 23:39:24 - [MESSAGE][WARNING] - A browser is already opened. Closing browser and opening a new one

2018-07-05 23:39:36 - [MESSAGE][PASSED] - Browser is opened with url: 'https://smtlogin.zycus.net/sso/login?serviceName=http://eproc-qa.zycus.net/'

2018-07-05 23:39:36 - [TEST_STEP][PASSED] - maximizeWindow: Current window maximized

2018-07-05 23:39:36 - [MESSAGE][PASSED] - Current window maximized

2018-07-05 23:39:36 - [TEST_STEP][PASSED] - waitForElementVisible: Object 'Object Repository/LoginPage/UserID' is visible

2018-07-05 23:39:36 - [MESSAGE][PASSED] - Object 'Object Repository/LoginPage/UserID' is visible

2018-07-05 23:39:36 - [TEST_STEP][PASSED] - sendKeys: Keys 'monicaqa@zycus.com' sent to object: 'Object Repository/LoginPage/UserID'

2018-07-05 23:39:36 - [MESSAGE][PASSED] - Keys 'monicaqa@zycus.com' sent to object: 'Object Repository/LoginPage/UserID'

2018-07-05 23:39:36 - [TEST_STEP][PASSED] - sendKeys: Keys 'eProc@123' sent to object: 'Object Repository/LoginPage/Password'

2018-07-05 23:39:36 - [MESSAGE][PASSED] - Keys 'eProc@123' sent to object: 'Object Repository/LoginPage/Password'

2018-07-05 23:39:36 - [TEST_STEP][PASSED] - click: Object: 'Object Repository/LoginPage/LoginButton' is clicked on

2018-07-05 23:39:40 - [MESSAGE][PASSED] - Object: 'Object Repository/LoginPage/LoginButton' is clicked on

2018-07-05 23:39:40 - [MESSAGE][PASSED] - Call Test Case 'Test Cases/CommonLibraries/Login' successfully

2018-07-05 23:39:40 - [TEST_STEP][PASSED] - waitForElementPresent: Object 'Object Repository/OnlineStorePage/Search Box' is present

2018-07-05 23:40:06 - [MESSAGE][PASSED] - Object 'Object Repository/OnlineStorePage/Search Box' is present

2018-07-05 23:40:06 - [TEST_STEP][PASSED] - waitForPageLoad: Wait for page load successfully

2018-07-05 23:40:06 - [MESSAGE][PASSED] - Wait for page load successfully

2018-07-05 23:40:06 - [TEST_STEP][PASSED] - sendKeys: Keys 'Item' sent to object: 'Object Repository/OnlineStorePage/Search Box'

2018-07-05 23:40:06 - [MESSAGE][PASSED] - Keys 'Item' sent to object: 'Object Repository/OnlineStorePage/Search Box'

2018-07-05 23:40:06 - [TEST_STEP][PASSED] - click: Object: 'Object Repository/OnlineStorePage/Search Icon' is clicked on

2018-07-05 23:40:07 - [MESSAGE][PASSED] - Object: 'Object Repository/OnlineStorePage/Search Icon' is clicked on

2018-07-05 23:40:07 - [MESSAGE][PASSED] - Call Test Case 'Test Cases/CommonLibraries/Search By Item' successfully

2018-07-05 23:40:07 - [TEST_STEP][PASSED] - waitForElementPresent: Object 'Object Repository/SearchResultPage/SearchItemTab/CatalogItems/Check Box For 2 row item list' is not present after 30 second(s)

2018-07-05 23:40:38 - [MESSAGE][WARNING] - Object 'Object Repository/SearchResultPage/SearchItemTab/CatalogItems/Check Box For 2 row item list' is not present after 30 second(s)

2018-07-05 23:40:38 - [TEST_STEP][FAILED] - click: Unable to click on object 'Object Repository/SearchResultPage/SearchItemTab/CatalogItems/Check Box For 2 row item list' (Root cause: com.kms.katalon.core.webui.exception.WebElementNotFoundException: Web element with id: 'Object Repository/SearchResultPage/SearchItemTab/CatalogItems/Check Box For 2 row item list' located by 'By.xpath: //dew-tab[@id='items-in-catalogs']/eproc-product-list/dew-card/dew-flex/dew-flex-item[2]/eproc-product-card/dew-card/dew-row/dew-col[1]/div' not found)

2018-07-05 23:42:23 - [MESSAGE][FAILED] - Unable to click on object 'Object Repository/SearchResultPage/SearchItemTab/CatalogItems/Check Box For 2 row item list' (Root cause: com.kms.katalon.core.webui.exception.WebElementNotFoundException: Web element with id: 'Object Repository/SearchResultPage/SearchItemTab/CatalogItems/Check Box For 2 row item list' located by 'By.xpath: //dew-tab[@id='items-in-catalogs']/eproc-product-list/dew-card/dew-flex/dew-flex-item[2]/eproc-product-card/dew-card/dew-row/dew-col[1]/div' not found)
[[ATTACHMENT|C:\\Users\\vikas.kiroula\\git\\eProc\\Reports\\VikasTestCase\\20180705_205940\\1530814342800.png]]]]></system-out>
         <system-err><![CDATA[2018-07-05 23:39:24 - [TEST_CASE][FAILED] - Test Cases/DDS-273/DDS-5089 verify is this field accepting Alphabetic Character: Test Cases/DDS-273/DDS-5089 verify is this field accepting Alphabetic Character FAILED because (of) Unable to click on object 'Object Repository/SearchResultPage/SearchItemTab/CatalogItems/Check Box For 2 row item list' (Root cause: com.kms.katalon.core.webui.exception.WebElementNotFoundException: Web element with id: 'Object Repository/SearchResultPage/SearchItemTab/CatalogItems/Check Box For 2 row item list' located by 'By.xpath: //dew-tab[@id='items-in-catalogs']/eproc-product-list/dew-card/dew-flex/dew-flex-item[2]/eproc-product-card/dew-card/dew-row/dew-col[1]/div' not found)]]></system-err>
      </testcase>
      <testcase name="Test Cases/DDS-273/DDS-5092 verify Qty or Amt field accepting numeric digits" classname="Test Cases/DDS-273/DDS-5092 verify Qty or Amt field accepting numeric digits" status="FAILED">
         <failure type="FAILED" message="Unable to click on object 'Object Repository/SearchResultPage/SearchItemTab/CatalogItems/Check Box For 3 Row Item List' (Root cause: com.kms.katalon.core.webui.exception.WebElementNotFoundException: Web element with id: 'Object Repository/SearchResultPage/SearchItemTab/CatalogItems/Check Box For 3 Row Item List' located by 'By.xpath: //dew-tab[@id='items-in-catalogs']/eproc-product-list/dew-card/dew-flex/dew-flex-item[3]/eproc-product-card/dew-card/dew-row/dew-col[1]/div' not found)"/>
         <system-out><![CDATA[2018-07-05 23:42:23 - [TEST_CASE][FAILED] - Test Cases/DDS-273/DDS-5092 verify Qty or Amt field accepting numeric digits: Test Cases/DDS-273/DDS-5092 verify Qty or Amt field accepting numeric digits FAILED because (of) Unable to click on object 'Object Repository/SearchResultPage/SearchItemTab/CatalogItems/Check Box For 3 Row Item List' (Root cause: com.kms.katalon.core.webui.exception.WebElementNotFoundException: Web element with id: 'Object Repository/SearchResultPage/SearchItemTab/CatalogItems/Check Box For 3 Row Item List' located by 'By.xpath: //dew-tab[@id='items-in-catalogs']/eproc-product-list/dew-card/dew-flex/dew-flex-item[3]/eproc-product-card/dew-card/dew-row/dew-col[1]/div' not found)

2018-07-05 23:42:23 - [TEST_STEP][PASSED] - callTestCase: Call Test Case 'Test Cases/CommonLibraries/Search By Item' successfully

2018-07-05 23:42:23 - [TEST_CASE][PASSED] - Test Cases/CommonLibraries/Search By Item: Test Cases/CommonLibraries/Search By Item

2018-07-05 23:42:23 - [TEST_STEP][PASSED] - callTestCase: Call Test Case 'Test Cases/CommonLibraries/Login' successfully

2018-07-05 23:42:23 - [TEST_CASE][PASSED] - Test Cases/CommonLibraries/Login: Test Cases/CommonLibraries/Login

2018-07-05 23:42:23 - [TEST_STEP][PASSED] - openBrowser: Browser is opened with url: 'https://smtlogin.zycus.net/sso/login?serviceName=http://eproc-qa.zycus.net/'

2018-07-05 23:42:23 - [MESSAGE][WARNING] - A browser is already opened. Closing browser and opening a new one

2018-07-05 23:42:35 - [MESSAGE][PASSED] - Browser is opened with url: 'https://smtlogin.zycus.net/sso/login?serviceName=http://eproc-qa.zycus.net/'

2018-07-05 23:42:35 - [TEST_STEP][PASSED] - maximizeWindow: Current window maximized

2018-07-05 23:42:35 - [MESSAGE][PASSED] - Current window maximized

2018-07-05 23:42:35 - [TEST_STEP][PASSED] - waitForElementVisible: Object 'Object Repository/LoginPage/UserID' is visible

2018-07-05 23:42:35 - [MESSAGE][PASSED] - Object 'Object Repository/LoginPage/UserID' is visible

2018-07-05 23:42:35 - [TEST_STEP][PASSED] - sendKeys: Keys 'monicaqa@zycus.com' sent to object: 'Object Repository/LoginPage/UserID'

2018-07-05 23:42:35 - [MESSAGE][PASSED] - Keys 'monicaqa@zycus.com' sent to object: 'Object Repository/LoginPage/UserID'

2018-07-05 23:42:35 - [TEST_STEP][PASSED] - sendKeys: Keys 'eProc@123' sent to object: 'Object Repository/LoginPage/Password'

2018-07-05 23:42:35 - [MESSAGE][PASSED] - Keys 'eProc@123' sent to object: 'Object Repository/LoginPage/Password'

2018-07-05 23:42:35 - [TEST_STEP][PASSED] - click: Object: 'Object Repository/LoginPage/LoginButton' is clicked on

2018-07-05 23:42:39 - [MESSAGE][PASSED] - Object: 'Object Repository/LoginPage/LoginButton' is clicked on

2018-07-05 23:42:39 - [MESSAGE][PASSED] - Call Test Case 'Test Cases/CommonLibraries/Login' successfully

2018-07-05 23:42:39 - [TEST_STEP][PASSED] - waitForElementPresent: Object 'Object Repository/OnlineStorePage/Search Box' is present

2018-07-05 23:43:04 - [MESSAGE][PASSED] - Object 'Object Repository/OnlineStorePage/Search Box' is present

2018-07-05 23:43:04 - [TEST_STEP][PASSED] - waitForPageLoad: Wait for page load successfully

2018-07-05 23:43:04 - [MESSAGE][PASSED] - Wait for page load successfully

2018-07-05 23:43:04 - [TEST_STEP][PASSED] - sendKeys: Keys 'Item' sent to object: 'Object Repository/OnlineStorePage/Search Box'

2018-07-05 23:43:05 - [MESSAGE][PASSED] - Keys 'Item' sent to object: 'Object Repository/OnlineStorePage/Search Box'

2018-07-05 23:43:05 - [TEST_STEP][PASSED] - click: Object: 'Object Repository/OnlineStorePage/Search Icon' is clicked on

2018-07-05 23:43:05 - [MESSAGE][PASSED] - Object: 'Object Repository/OnlineStorePage/Search Icon' is clicked on

2018-07-05 23:43:05 - [MESSAGE][PASSED] - Call Test Case 'Test Cases/CommonLibraries/Search By Item' successfully

2018-07-05 23:43:05 - [TEST_STEP][PASSED] - waitForElementPresent: Object 'Object Repository/SearchResultPage/SearchItemTab/CatalogItems/Check Box For 3 Row Item List' is not present after 30 second(s)

2018-07-05 23:43:36 - [MESSAGE][WARNING] - Object 'Object Repository/SearchResultPage/SearchItemTab/CatalogItems/Check Box For 3 Row Item List' is not present after 30 second(s)

2018-07-05 23:43:36 - [TEST_STEP][FAILED] - click: Unable to click on object 'Object Repository/SearchResultPage/SearchItemTab/CatalogItems/Check Box For 3 Row Item List' (Root cause: com.kms.katalon.core.webui.exception.WebElementNotFoundException: Web element with id: 'Object Repository/SearchResultPage/SearchItemTab/CatalogItems/Check Box For 3 Row Item List' located by 'By.xpath: //dew-tab[@id='items-in-catalogs']/eproc-product-list/dew-card/dew-flex/dew-flex-item[3]/eproc-product-card/dew-card/dew-row/dew-col[1]/div' not found)

2018-07-05 23:45:21 - [MESSAGE][FAILED] - Unable to click on object 'Object Repository/SearchResultPage/SearchItemTab/CatalogItems/Check Box For 3 Row Item List' (Root cause: com.kms.katalon.core.webui.exception.WebElementNotFoundException: Web element with id: 'Object Repository/SearchResultPage/SearchItemTab/CatalogItems/Check Box For 3 Row Item List' located by 'By.xpath: //dew-tab[@id='items-in-catalogs']/eproc-product-list/dew-card/dew-flex/dew-flex-item[3]/eproc-product-card/dew-card/dew-row/dew-col[1]/div' not found)
[[ATTACHMENT|C:\\Users\\vikas.kiroula\\git\\eProc\\Reports\\VikasTestCase\\20180705_205940\\1530814521158.png]]]]></system-out>
         <system-err><![CDATA[2018-07-05 23:42:23 - [TEST_CASE][FAILED] - Test Cases/DDS-273/DDS-5092 verify Qty or Amt field accepting numeric digits: Test Cases/DDS-273/DDS-5092 verify Qty or Amt field accepting numeric digits FAILED because (of) Unable to click on object 'Object Repository/SearchResultPage/SearchItemTab/CatalogItems/Check Box For 3 Row Item List' (Root cause: com.kms.katalon.core.webui.exception.WebElementNotFoundException: Web element with id: 'Object Repository/SearchResultPage/SearchItemTab/CatalogItems/Check Box For 3 Row Item List' located by 'By.xpath: //dew-tab[@id='items-in-catalogs']/eproc-product-list/dew-card/dew-flex/dew-flex-item[3]/eproc-product-card/dew-card/dew-row/dew-col[1]/div' not found)]]></system-err>
      </testcase>
      <testcase name="Test Cases/DDS-276/DDS-4230 User should be able to scroll through keyboard arrow keys in user cart" classname="Test Cases/DDS-276/DDS-4230 User should be able to scroll through keyboard arrow keys in user cart" status="FAILED">
         <failure type="FAILED" message="Unable to click on object 'Object Repository/SearchResultPage/SearchItemTab/CatalogItems/Check Box For 1 Row Item List' (Root cause: com.kms.katalon.core.webui.exception.WebElementNotFoundException: Web element with id: 'Object Repository/SearchResultPage/SearchItemTab/CatalogItems/Check Box For 1 Row Item List' located by 'By.xpath: //dew-tab[@id='items-in-catalogs']/eproc-product-list/dew-card/dew-flex/dew-flex-item[1]/eproc-product-card/dew-card/dew-row/dew-col[1]/div' not found)"/>
         <system-out><![CDATA[2018-07-05 23:45:21 - [TEST_CASE][FAILED] - Test Cases/DDS-276/DDS-4230 User should be able to scroll through keyboard arrow keys in user cart: Test Cases/DDS-276/DDS-4230 User should be able to scroll through keyboard arrow keys in user cart FAILED because (of) Unable to click on object 'Object Repository/SearchResultPage/SearchItemTab/CatalogItems/Check Box For 1 Row Item List' (Root cause: com.kms.katalon.core.webui.exception.WebElementNotFoundException: Web element with id: 'Object Repository/SearchResultPage/SearchItemTab/CatalogItems/Check Box For 1 Row Item List' located by 'By.xpath: //dew-tab[@id='items-in-catalogs']/eproc-product-list/dew-card/dew-flex/dew-flex-item[1]/eproc-product-card/dew-card/dew-row/dew-col[1]/div' not found)

2018-07-05 23:45:22 - [TEST_STEP][PASSED] - callTestCase: Call Test Case 'Test Cases/CommonLibraries/Search By Pen' successfully

2018-07-05 23:45:22 - [TEST_CASE][PASSED] - Test Cases/CommonLibraries/Search By Pen: Test Cases/CommonLibraries/Search By Pen

2018-07-05 23:45:22 - [TEST_STEP][PASSED] - callTestCase: Call Test Case 'Test Cases/CommonLibraries/Login' successfully

2018-07-05 23:45:22 - [TEST_CASE][PASSED] - Test Cases/CommonLibraries/Login: Test Cases/CommonLibraries/Login

2018-07-05 23:45:22 - [TEST_STEP][PASSED] - openBrowser: Browser is opened with url: 'https://smtlogin.zycus.net/sso/login?serviceName=http://eproc-qa.zycus.net/'

2018-07-05 23:45:22 - [MESSAGE][WARNING] - A browser is already opened. Closing browser and opening a new one

2018-07-05 23:45:34 - [MESSAGE][PASSED] - Browser is opened with url: 'https://smtlogin.zycus.net/sso/login?serviceName=http://eproc-qa.zycus.net/'

2018-07-05 23:45:34 - [TEST_STEP][PASSED] - maximizeWindow: Current window maximized

2018-07-05 23:45:34 - [MESSAGE][PASSED] - Current window maximized

2018-07-05 23:45:34 - [TEST_STEP][PASSED] - waitForElementVisible: Object 'Object Repository/LoginPage/UserID' is visible

2018-07-05 23:45:34 - [MESSAGE][PASSED] - Object 'Object Repository/LoginPage/UserID' is visible

2018-07-05 23:45:34 - [TEST_STEP][PASSED] - sendKeys: Keys 'monicaqa@zycus.com' sent to object: 'Object Repository/LoginPage/UserID'

2018-07-05 23:45:34 - [MESSAGE][PASSED] - Keys 'monicaqa@zycus.com' sent to object: 'Object Repository/LoginPage/UserID'

2018-07-05 23:45:34 - [TEST_STEP][PASSED] - sendKeys: Keys 'eProc@123' sent to object: 'Object Repository/LoginPage/Password'

2018-07-05 23:45:34 - [MESSAGE][PASSED] - Keys 'eProc@123' sent to object: 'Object Repository/LoginPage/Password'

2018-07-05 23:45:34 - [TEST_STEP][PASSED] - click: Object: 'Object Repository/LoginPage/LoginButton' is clicked on

2018-07-05 23:45:38 - [MESSAGE][PASSED] - Object: 'Object Repository/LoginPage/LoginButton' is clicked on

2018-07-05 23:45:38 - [MESSAGE][PASSED] - Call Test Case 'Test Cases/CommonLibraries/Login' successfully

2018-07-05 23:45:38 - [TEST_STEP][PASSED] - waitForPageLoad: Wait for page load successfully

2018-07-05 23:45:38 - [MESSAGE][PASSED] - Wait for page load successfully

2018-07-05 23:45:38 - [TEST_STEP][PASSED] - sendKeys: Keys 'Pen' sent to object: 'Object Repository/OnlineStorePage/Search Box'

2018-07-05 23:46:08 - [MESSAGE][PASSED] - Keys 'Pen' sent to object: 'Object Repository/OnlineStorePage/Search Box'

2018-07-05 23:46:08 - [TEST_STEP][PASSED] - waitForElementPresent: Object 'Object Repository/OnlineStorePage/Search Box' is present

2018-07-05 23:46:08 - [MESSAGE][PASSED] - Object 'Object Repository/OnlineStorePage/Search Box' is present

2018-07-05 23:46:08 - [TEST_STEP][PASSED] - click: Object: 'Object Repository/OnlineStorePage/Search Icon' is clicked on

2018-07-05 23:46:08 - [MESSAGE][PASSED] - Object: 'Object Repository/OnlineStorePage/Search Icon' is clicked on

2018-07-05 23:46:08 - [MESSAGE][PASSED] - Call Test Case 'Test Cases/CommonLibraries/Search By Pen' successfully

2018-07-05 23:46:08 - [TEST_STEP][PASSED] - waitForElementPresent: Object 'Object Repository/SearchResultPage/SearchItemTab/CatalogItems/Check Box For 1 Row Item List' is not present after 50 second(s)

2018-07-05 23:47:00 - [MESSAGE][WARNING] - Object 'Object Repository/SearchResultPage/SearchItemTab/CatalogItems/Check Box For 1 Row Item List' is not present after 50 second(s)

2018-07-05 23:47:00 - [TEST_STEP][FAILED] - click: Unable to click on object 'Object Repository/SearchResultPage/SearchItemTab/CatalogItems/Check Box For 1 Row Item List' (Root cause: com.kms.katalon.core.webui.exception.WebElementNotFoundException: Web element with id: 'Object Repository/SearchResultPage/SearchItemTab/CatalogItems/Check Box For 1 Row Item List' located by 'By.xpath: //dew-tab[@id='items-in-catalogs']/eproc-product-list/dew-card/dew-flex/dew-flex-item[1]/eproc-product-card/dew-card/dew-row/dew-col[1]/div' not found)

2018-07-05 23:48:46 - [MESSAGE][FAILED] - Unable to click on object 'Object Repository/SearchResultPage/SearchItemTab/CatalogItems/Check Box For 1 Row Item List' (Root cause: com.kms.katalon.core.webui.exception.WebElementNotFoundException: Web element with id: 'Object Repository/SearchResultPage/SearchItemTab/CatalogItems/Check Box For 1 Row Item List' located by 'By.xpath: //dew-tab[@id='items-in-catalogs']/eproc-product-list/dew-card/dew-flex/dew-flex-item[1]/eproc-product-card/dew-card/dew-row/dew-col[1]/div' not found)
[[ATTACHMENT|C:\\Users\\vikas.kiroula\\git\\eProc\\Reports\\VikasTestCase\\20180705_205940\\1530814725289.png]]]]></system-out>
         <system-err><![CDATA[2018-07-05 23:45:21 - [TEST_CASE][FAILED] - Test Cases/DDS-276/DDS-4230 User should be able to scroll through keyboard arrow keys in user cart: Test Cases/DDS-276/DDS-4230 User should be able to scroll through keyboard arrow keys in user cart FAILED because (of) Unable to click on object 'Object Repository/SearchResultPage/SearchItemTab/CatalogItems/Check Box For 1 Row Item List' (Root cause: com.kms.katalon.core.webui.exception.WebElementNotFoundException: Web element with id: 'Object Repository/SearchResultPage/SearchItemTab/CatalogItems/Check Box For 1 Row Item List' located by 'By.xpath: //dew-tab[@id='items-in-catalogs']/eproc-product-list/dew-card/dew-flex/dew-flex-item[1]/eproc-product-card/dew-card/dew-row/dew-col[1]/div' not found)]]></system-err>
      </testcase>
      <testcase name="Test Cases/DDS-276/DDS-4231 Scroll bar should be well aligned in user cart" classname="Test Cases/DDS-276/DDS-4231 Scroll bar should be well aligned in user cart" status="FAILED">
         <failure type="FAILED" message="Unable to click on object 'Object Repository/SearchResultPage/SearchItemTab/CatalogItems/Check Box For 1 Row Item List' (Root cause: com.kms.katalon.core.webui.exception.WebElementNotFoundException: Web element with id: 'Object Repository/SearchResultPage/SearchItemTab/CatalogItems/Check Box For 1 Row Item List' located by 'By.xpath: //dew-tab[@id='items-in-catalogs']/eproc-product-list/dew-card/dew-flex/dew-flex-item[1]/eproc-product-card/dew-card/dew-row/dew-col[1]/div' not found)"/>
         <system-out><![CDATA[2018-07-05 23:48:46 - [TEST_CASE][FAILED] - Test Cases/DDS-276/DDS-4231 Scroll bar should be well aligned in user cart: Test Cases/DDS-276/DDS-4231 Scroll bar should be well aligned in user cart FAILED because (of) Unable to click on object 'Object Repository/SearchResultPage/SearchItemTab/CatalogItems/Check Box For 1 Row Item List' (Root cause: com.kms.katalon.core.webui.exception.WebElementNotFoundException: Web element with id: 'Object Repository/SearchResultPage/SearchItemTab/CatalogItems/Check Box For 1 Row Item List' located by 'By.xpath: //dew-tab[@id='items-in-catalogs']/eproc-product-list/dew-card/dew-flex/dew-flex-item[1]/eproc-product-card/dew-card/dew-row/dew-col[1]/div' not found)

2018-07-05 23:48:46 - [TEST_STEP][PASSED] - callTestCase: Call Test Case 'Test Cases/CommonLibraries/Search By Pen' successfully

2018-07-05 23:48:46 - [TEST_CASE][PASSED] - Test Cases/CommonLibraries/Search By Pen: Test Cases/CommonLibraries/Search By Pen

2018-07-05 23:48:46 - [TEST_STEP][PASSED] - callTestCase: Call Test Case 'Test Cases/CommonLibraries/Login' successfully

2018-07-05 23:48:46 - [TEST_CASE][PASSED] - Test Cases/CommonLibraries/Login: Test Cases/CommonLibraries/Login

2018-07-05 23:48:46 - [TEST_STEP][PASSED] - openBrowser: Browser is opened with url: 'https://smtlogin.zycus.net/sso/login?serviceName=http://eproc-qa.zycus.net/'

2018-07-05 23:48:46 - [MESSAGE][WARNING] - A browser is already opened. Closing browser and opening a new one

2018-07-05 23:48:57 - [MESSAGE][PASSED] - Browser is opened with url: 'https://smtlogin.zycus.net/sso/login?serviceName=http://eproc-qa.zycus.net/'

2018-07-05 23:48:57 - [TEST_STEP][PASSED] - maximizeWindow: Current window maximized

2018-07-05 23:48:57 - [MESSAGE][PASSED] - Current window maximized

2018-07-05 23:48:57 - [TEST_STEP][PASSED] - waitForElementVisible: Object 'Object Repository/LoginPage/UserID' is visible

2018-07-05 23:48:57 - [MESSAGE][PASSED] - Object 'Object Repository/LoginPage/UserID' is visible

2018-07-05 23:48:57 - [TEST_STEP][PASSED] - sendKeys: Keys 'monicaqa@zycus.com' sent to object: 'Object Repository/LoginPage/UserID'

2018-07-05 23:48:57 - [MESSAGE][PASSED] - Keys 'monicaqa@zycus.com' sent to object: 'Object Repository/LoginPage/UserID'

2018-07-05 23:48:57 - [TEST_STEP][PASSED] - sendKeys: Keys 'eProc@123' sent to object: 'Object Repository/LoginPage/Password'

2018-07-05 23:48:57 - [MESSAGE][PASSED] - Keys 'eProc@123' sent to object: 'Object Repository/LoginPage/Password'

2018-07-05 23:48:57 - [TEST_STEP][PASSED] - click: Object: 'Object Repository/LoginPage/LoginButton' is clicked on

2018-07-05 23:49:02 - [MESSAGE][PASSED] - Object: 'Object Repository/LoginPage/LoginButton' is clicked on

2018-07-05 23:49:02 - [MESSAGE][PASSED] - Call Test Case 'Test Cases/CommonLibraries/Login' successfully

2018-07-05 23:49:02 - [TEST_STEP][PASSED] - waitForPageLoad: Wait for page load successfully

2018-07-05 23:49:02 - [MESSAGE][PASSED] - Wait for page load successfully

2018-07-05 23:49:02 - [TEST_STEP][PASSED] - sendKeys: Keys 'Pen' sent to object: 'Object Repository/OnlineStorePage/Search Box'

2018-07-05 23:49:31 - [MESSAGE][PASSED] - Keys 'Pen' sent to object: 'Object Repository/OnlineStorePage/Search Box'

2018-07-05 23:49:31 - [TEST_STEP][PASSED] - waitForElementPresent: Object 'Object Repository/OnlineStorePage/Search Box' is present

2018-07-05 23:49:31 - [MESSAGE][PASSED] - Object 'Object Repository/OnlineStorePage/Search Box' is present

2018-07-05 23:49:31 - [TEST_STEP][PASSED] - click: Object: 'Object Repository/OnlineStorePage/Search Icon' is clicked on

2018-07-05 23:49:31 - [MESSAGE][PASSED] - Object: 'Object Repository/OnlineStorePage/Search Icon' is clicked on

2018-07-05 23:49:31 - [MESSAGE][PASSED] - Call Test Case 'Test Cases/CommonLibraries/Search By Pen' successfully

2018-07-05 23:49:31 - [TEST_STEP][PASSED] - waitForElementPresent: Object 'Object Repository/SearchResultPage/SearchItemTab/CatalogItems/Check Box For 1 Row Item List' is not present after 50 second(s)

2018-07-05 23:50:23 - [MESSAGE][WARNING] - Object 'Object Repository/SearchResultPage/SearchItemTab/CatalogItems/Check Box For 1 Row Item List' is not present after 50 second(s)

2018-07-05 23:50:23 - [TEST_STEP][FAILED] - click: Unable to click on object 'Object Repository/SearchResultPage/SearchItemTab/CatalogItems/Check Box For 1 Row Item List' (Root cause: com.kms.katalon.core.webui.exception.WebElementNotFoundException: Web element with id: 'Object Repository/SearchResultPage/SearchItemTab/CatalogItems/Check Box For 1 Row Item List' located by 'By.xpath: //dew-tab[@id='items-in-catalogs']/eproc-product-list/dew-card/dew-flex/dew-flex-item[1]/eproc-product-card/dew-card/dew-row/dew-col[1]/div' not found)

2018-07-05 23:52:09 - [MESSAGE][FAILED] - Unable to click on object 'Object Repository/SearchResultPage/SearchItemTab/CatalogItems/Check Box For 1 Row Item List' (Root cause: com.kms.katalon.core.webui.exception.WebElementNotFoundException: Web element with id: 'Object Repository/SearchResultPage/SearchItemTab/CatalogItems/Check Box For 1 Row Item List' located by 'By.xpath: //dew-tab[@id='items-in-catalogs']/eproc-product-list/dew-card/dew-flex/dew-flex-item[1]/eproc-product-card/dew-card/dew-row/dew-col[1]/div' not found)
[[ATTACHMENT|C:\\Users\\vikas.kiroula\\git\\eProc\\Reports\\VikasTestCase\\20180705_205940\\1530814928601.png]]]]></system-out>
         <system-err><![CDATA[2018-07-05 23:48:46 - [TEST_CASE][FAILED] - Test Cases/DDS-276/DDS-4231 Scroll bar should be well aligned in user cart: Test Cases/DDS-276/DDS-4231 Scroll bar should be well aligned in user cart FAILED because (of) Unable to click on object 'Object Repository/SearchResultPage/SearchItemTab/CatalogItems/Check Box For 1 Row Item List' (Root cause: com.kms.katalon.core.webui.exception.WebElementNotFoundException: Web element with id: 'Object Repository/SearchResultPage/SearchItemTab/CatalogItems/Check Box For 1 Row Item List' located by 'By.xpath: //dew-tab[@id='items-in-catalogs']/eproc-product-list/dew-card/dew-flex/dew-flex-item[1]/eproc-product-card/dew-card/dew-row/dew-col[1]/div' not found)]]></system-err>
      </testcase>
      <testcase name="Test Cases/DDS-277/DDS-4238 On search result page, there should be toggle switch present  between list view of items and grid view of items" classname="Test Cases/DDS-277/DDS-4238 On search result page, there should be toggle switch present  between list view of items and grid view of items" status="FAILED">
         <failure type="FAILED" message="Verify element text of test object 'Object Repository/SearchResultPage/SearchItemTab/CatalogItems/Catalog Item List Verification/Item3 For 3 Row' FAILED. (Root cause: com.kms.katalon.core.webui.exception.WebElementNotFoundException: Web element with id: 'Object Repository/SearchResultPage/SearchItemTab/CatalogItems/Catalog Item List Verification/Item3 For 3 Row' located by 'By.xpath: //dew-flex-item[3]//span[normalize-space(text()) = 'Item3']' not found)"/>
         <system-out><![CDATA[2018-07-05 23:52:09 - [TEST_CASE][FAILED] - Test Cases/DDS-277/DDS-4238 On search result page, there should be toggle switch present  between list view of items and grid view of items: Test Cases/DDS-277/DDS-4238 On search result page, there should be toggle switch present  between list view of items and grid view of items FAILED because (of) Verify element text of test object 'Object Repository/SearchResultPage/SearchItemTab/CatalogItems/Catalog Item List Verification/Item3 For 3 Row' FAILED. (Root cause: com.kms.katalon.core.webui.exception.WebElementNotFoundException: Web element with id: 'Object Repository/SearchResultPage/SearchItemTab/CatalogItems/Catalog Item List Verification/Item3 For 3 Row' located by 'By.xpath: //dew-flex-item[3]//span[normalize-space(text()) = 'Item3']' not found)

2018-07-05 23:52:09 - [TEST_STEP][PASSED] - callTestCase: Call Test Case 'Test Cases/CommonLibraries/Search By Item' successfully

2018-07-05 23:52:09 - [TEST_CASE][PASSED] - Test Cases/CommonLibraries/Search By Item: Test Cases/CommonLibraries/Search By Item

2018-07-05 23:52:09 - [TEST_STEP][PASSED] - callTestCase: Call Test Case 'Test Cases/CommonLibraries/Login' successfully

2018-07-05 23:52:09 - [TEST_CASE][PASSED] - Test Cases/CommonLibraries/Login: Test Cases/CommonLibraries/Login

2018-07-05 23:52:09 - [TEST_STEP][PASSED] - openBrowser: Browser is opened with url: 'https://smtlogin.zycus.net/sso/login?serviceName=http://eproc-qa.zycus.net/'

2018-07-05 23:52:09 - [MESSAGE][WARNING] - A browser is already opened. Closing browser and opening a new one

2018-07-05 23:52:22 - [MESSAGE][PASSED] - Browser is opened with url: 'https://smtlogin.zycus.net/sso/login?serviceName=http://eproc-qa.zycus.net/'

2018-07-05 23:52:22 - [TEST_STEP][PASSED] - maximizeWindow: Current window maximized

2018-07-05 23:52:22 - [MESSAGE][PASSED] - Current window maximized

2018-07-05 23:52:22 - [TEST_STEP][PASSED] - waitForElementVisible: Object 'Object Repository/LoginPage/UserID' is visible

2018-07-05 23:52:22 - [MESSAGE][PASSED] - Object 'Object Repository/LoginPage/UserID' is visible

2018-07-05 23:52:22 - [TEST_STEP][PASSED] - sendKeys: Keys 'monicaqa@zycus.com' sent to object: 'Object Repository/LoginPage/UserID'

2018-07-05 23:52:22 - [MESSAGE][PASSED] - Keys 'monicaqa@zycus.com' sent to object: 'Object Repository/LoginPage/UserID'

2018-07-05 23:52:22 - [TEST_STEP][PASSED] - sendKeys: Keys 'eProc@123' sent to object: 'Object Repository/LoginPage/Password'

2018-07-05 23:52:22 - [MESSAGE][PASSED] - Keys 'eProc@123' sent to object: 'Object Repository/LoginPage/Password'

2018-07-05 23:52:22 - [TEST_STEP][PASSED] - click: Object: 'Object Repository/LoginPage/LoginButton' is clicked on

2018-07-05 23:52:27 - [MESSAGE][PASSED] - Object: 'Object Repository/LoginPage/LoginButton' is clicked on

2018-07-05 23:52:27 - [MESSAGE][PASSED] - Call Test Case 'Test Cases/CommonLibraries/Login' successfully

2018-07-05 23:52:27 - [TEST_STEP][PASSED] - waitForElementPresent: Object 'Object Repository/OnlineStorePage/Search Box' is present

2018-07-05 23:52:58 - [MESSAGE][PASSED] - Object 'Object Repository/OnlineStorePage/Search Box' is present

2018-07-05 23:52:58 - [TEST_STEP][PASSED] - waitForPageLoad: Wait for page load successfully

2018-07-05 23:52:58 - [MESSAGE][PASSED] - Wait for page load successfully

2018-07-05 23:52:58 - [TEST_STEP][PASSED] - sendKeys: Keys 'Item' sent to object: 'Object Repository/OnlineStorePage/Search Box'

2018-07-05 23:52:58 - [MESSAGE][PASSED] - Keys 'Item' sent to object: 'Object Repository/OnlineStorePage/Search Box'

2018-07-05 23:52:58 - [TEST_STEP][PASSED] - click: Object: 'Object Repository/OnlineStorePage/Search Icon' is clicked on

2018-07-05 23:52:59 - [MESSAGE][PASSED] - Object: 'Object Repository/OnlineStorePage/Search Icon' is clicked on

2018-07-05 23:52:59 - [MESSAGE][PASSED] - Call Test Case 'Test Cases/CommonLibraries/Search By Item' successfully

2018-07-05 23:52:59 - [TEST_STEP][PASSED] - waitForElementPresent: Object 'Object Repository/SearchResultPage/SearchItemTab/CatalogItems/Check Box For 1 Row Item List' is not present after 50 second(s)

2018-07-05 23:53:51 - [MESSAGE][WARNING] - Object 'Object Repository/SearchResultPage/SearchItemTab/CatalogItems/Check Box For 1 Row Item List' is not present after 50 second(s)

2018-07-05 23:53:51 - [TEST_STEP][FAILED] - verifyElementText: Verify element text of test object 'Object Repository/SearchResultPage/SearchItemTab/CatalogItems/Catalog Item List Verification/Item3 For 3 Row' FAILED. (Root cause: com.kms.katalon.core.webui.exception.WebElementNotFoundException: Web element with id: 'Object Repository/SearchResultPage/SearchItemTab/CatalogItems/Catalog Item List Verification/Item3 For 3 Row' located by 'By.xpath: //dew-flex-item[3]//span[normalize-space(text()) = 'Item3']' not found)

2018-07-05 23:55:37 - [MESSAGE][FAILED] - com.kms.katalon.core.webui.exception.WebElementNotFoundException: Web element with id: 'Object Repository/SearchResultPage/SearchItemTab/CatalogItems/Catalog Item List Verification/Item3 For 3 Row' located by 'By.xpath: //dew-flex-item[3]//span[normalize-space(text()) = 'Item3']' not found
[[ATTACHMENT|C:\\Users\\vikas.kiroula\\git\\eProc\\Reports\\VikasTestCase\\20180705_205940\\1530815136244.png]]

2018-07-05 23:55:37 - [MESSAGE][FAILED] - Verify element text of test object 'Object Repository/SearchResultPage/SearchItemTab/CatalogItems/Catalog Item List Verification/Item3 For 3 Row' FAILED. (Root cause: com.kms.katalon.core.webui.exception.WebElementNotFoundException: Web element with id: 'Object Repository/SearchResultPage/SearchItemTab/CatalogItems/Catalog Item List Verification/Item3 For 3 Row' located by 'By.xpath: //dew-flex-item[3]//span[normalize-space(text()) = 'Item3']' not found)
[[ATTACHMENT|C:\\Users\\vikas.kiroula\\git\\eProc\\Reports\\VikasTestCase\\20180705_205940\\1530815137077.png]]]]></system-out>
         <system-err><![CDATA[2018-07-05 23:52:09 - [TEST_CASE][FAILED] - Test Cases/DDS-277/DDS-4238 On search result page, there should be toggle switch present  between list view of items and grid view of items: Test Cases/DDS-277/DDS-4238 On search result page, there should be toggle switch present  between list view of items and grid view of items FAILED because (of) Verify element text of test object 'Object Repository/SearchResultPage/SearchItemTab/CatalogItems/Catalog Item List Verification/Item3 For 3 Row' FAILED. (Root cause: com.kms.katalon.core.webui.exception.WebElementNotFoundException: Web element with id: 'Object Repository/SearchResultPage/SearchItemTab/CatalogItems/Catalog Item List Verification/Item3 For 3 Row' located by 'By.xpath: //dew-flex-item[3]//span[normalize-space(text()) = 'Item3']' not found)]]></system-err>
      </testcase>
      <testcase name="Test Cases/DDS-277/DDS-4239 On search result page, by default the list view of the items should be present" classname="Test Cases/DDS-277/DDS-4239 On search result page, by default the list view of the items should be present" status="PASSED">
         <system-out><![CDATA[2018-07-05 23:55:37 - [TEST_CASE][PASSED] - Test Cases/DDS-277/DDS-4239 On search result page, by default the list view of the items should be present: Test Cases/DDS-277/DDS-4239 On search result page, by default the list view of the items should be present

2018-07-05 23:55:37 - [TEST_STEP][PASSED] - callTestCase: Call Test Case 'Test Cases/CommonLibraries/Search By Item' successfully

2018-07-05 23:55:37 - [TEST_CASE][PASSED] - Test Cases/CommonLibraries/Search By Item: Test Cases/CommonLibraries/Search By Item

2018-07-05 23:55:37 - [TEST_STEP][PASSED] - callTestCase: Call Test Case 'Test Cases/CommonLibraries/Login' successfully

2018-07-05 23:55:37 - [TEST_CASE][PASSED] - Test Cases/CommonLibraries/Login: Test Cases/CommonLibraries/Login

2018-07-05 23:55:37 - [TEST_STEP][PASSED] - openBrowser: Browser is opened with url: 'https://smtlogin.zycus.net/sso/login?serviceName=http://eproc-qa.zycus.net/'

2018-07-05 23:55:37 - [MESSAGE][WARNING] - A browser is already opened. Closing browser and opening a new one

2018-07-05 23:55:54 - [MESSAGE][PASSED] - Browser is opened with url: 'https://smtlogin.zycus.net/sso/login?serviceName=http://eproc-qa.zycus.net/'

2018-07-05 23:55:54 - [TEST_STEP][PASSED] - maximizeWindow: Current window maximized

2018-07-05 23:55:54 - [MESSAGE][PASSED] - Current window maximized

2018-07-05 23:55:54 - [TEST_STEP][PASSED] - waitForElementVisible: Object 'Object Repository/LoginPage/UserID' is visible

2018-07-05 23:55:54 - [MESSAGE][PASSED] - Object 'Object Repository/LoginPage/UserID' is visible

2018-07-05 23:55:54 - [TEST_STEP][PASSED] - sendKeys: Keys 'monicaqa@zycus.com' sent to object: 'Object Repository/LoginPage/UserID'

2018-07-05 23:55:54 - [MESSAGE][PASSED] - Keys 'monicaqa@zycus.com' sent to object: 'Object Repository/LoginPage/UserID'

2018-07-05 23:55:54 - [TEST_STEP][PASSED] - sendKeys: Keys 'eProc@123' sent to object: 'Object Repository/LoginPage/Password'

2018-07-05 23:55:54 - [MESSAGE][PASSED] - Keys 'eProc@123' sent to object: 'Object Repository/LoginPage/Password'

2018-07-05 23:55:54 - [TEST_STEP][PASSED] - click: Object: 'Object Repository/LoginPage/LoginButton' is clicked on

2018-07-05 23:55:58 - [MESSAGE][PASSED] - Object: 'Object Repository/LoginPage/LoginButton' is clicked on

2018-07-05 23:55:58 - [MESSAGE][PASSED] - Call Test Case 'Test Cases/CommonLibraries/Login' successfully

2018-07-05 23:55:58 - [TEST_STEP][PASSED] - waitForElementPresent: Object 'Object Repository/OnlineStorePage/Search Box' is present

2018-07-05 23:56:25 - [MESSAGE][PASSED] - Object 'Object Repository/OnlineStorePage/Search Box' is present

2018-07-05 23:56:25 - [TEST_STEP][PASSED] - waitForPageLoad: Wait for page load successfully

2018-07-05 23:56:25 - [MESSAGE][PASSED] - Wait for page load successfully

2018-07-05 23:56:25 - [TEST_STEP][PASSED] - sendKeys: Keys 'Item' sent to object: 'Object Repository/OnlineStorePage/Search Box'

2018-07-05 23:56:26 - [MESSAGE][PASSED] - Keys 'Item' sent to object: 'Object Repository/OnlineStorePage/Search Box'

2018-07-05 23:56:26 - [TEST_STEP][PASSED] - click: Object: 'Object Repository/OnlineStorePage/Search Icon' is clicked on

2018-07-05 23:56:26 - [MESSAGE][PASSED] - Object: 'Object Repository/OnlineStorePage/Search Icon' is clicked on

2018-07-05 23:56:26 - [MESSAGE][PASSED] - Call Test Case 'Test Cases/CommonLibraries/Search By Item' successfully

2018-07-05 23:56:26 - [TEST_STEP][PASSED] - delay: Delayed 6 second(s)

2018-07-05 23:56:32 - [MESSAGE][PASSED] - Delayed 6 second(s)

2018-07-05 23:56:32 - [TEST_STEP][PASSED] - takeScreenshot: Taking screenshot successfully

2018-07-05 23:56:32 - [MESSAGE][PASSED] - Taking screenshot successfully
[[ATTACHMENT|C:\\Screenshot/DefaultView.png]]]]></system-out>
         <system-err><![CDATA[]]></system-err>
      </testcase>
      <testcase name="Test Cases/DDS-277/DDS-4240 User should be able to flip the view of the search results to grid view from list view" classname="Test Cases/DDS-277/DDS-4240 User should be able to flip the view of the search results to grid view from list view" status="PASSED">
         <system-out><![CDATA[2018-07-05 23:56:32 - [TEST_CASE][PASSED] - Test Cases/DDS-277/DDS-4240 User should be able to flip the view of the search results to grid view from list view: Test Cases/DDS-277/DDS-4240 User should be able to flip the view of the search results to grid view from list view

2018-07-05 23:56:32 - [TEST_STEP][PASSED] - callTestCase: Call Test Case 'Test Cases/CommonLibraries/Search By Item' successfully

2018-07-05 23:56:33 - [TEST_CASE][PASSED] - Test Cases/CommonLibraries/Search By Item: Test Cases/CommonLibraries/Search By Item

2018-07-05 23:56:33 - [TEST_STEP][PASSED] - callTestCase: Call Test Case 'Test Cases/CommonLibraries/Login' successfully

2018-07-05 23:56:33 - [TEST_CASE][PASSED] - Test Cases/CommonLibraries/Login: Test Cases/CommonLibraries/Login

2018-07-05 23:56:33 - [TEST_STEP][PASSED] - openBrowser: Browser is opened with url: 'https://smtlogin.zycus.net/sso/login?serviceName=http://eproc-qa.zycus.net/'

2018-07-05 23:56:33 - [MESSAGE][WARNING] - A browser is already opened. Closing browser and opening a new one

2018-07-05 23:56:46 - [MESSAGE][PASSED] - Browser is opened with url: 'https://smtlogin.zycus.net/sso/login?serviceName=http://eproc-qa.zycus.net/'

2018-07-05 23:56:46 - [TEST_STEP][PASSED] - maximizeWindow: Current window maximized

2018-07-05 23:56:49 - [MESSAGE][PASSED] - Current window maximized

2018-07-05 23:56:49 - [TEST_STEP][PASSED] - waitForElementVisible: Object 'Object Repository/LoginPage/UserID' is visible

2018-07-05 23:56:49 - [MESSAGE][PASSED] - Object 'Object Repository/LoginPage/UserID' is visible

2018-07-05 23:56:49 - [TEST_STEP][PASSED] - sendKeys: Keys 'monicaqa@zycus.com' sent to object: 'Object Repository/LoginPage/UserID'

2018-07-05 23:56:49 - [MESSAGE][PASSED] - Keys 'monicaqa@zycus.com' sent to object: 'Object Repository/LoginPage/UserID'

2018-07-05 23:56:49 - [TEST_STEP][PASSED] - sendKeys: Keys 'eProc@123' sent to object: 'Object Repository/LoginPage/Password'

2018-07-05 23:56:49 - [MESSAGE][PASSED] - Keys 'eProc@123' sent to object: 'Object Repository/LoginPage/Password'

2018-07-05 23:56:49 - [TEST_STEP][PASSED] - click: Object: 'Object Repository/LoginPage/LoginButton' is clicked on

2018-07-05 23:56:53 - [MESSAGE][PASSED] - Object: 'Object Repository/LoginPage/LoginButton' is clicked on

2018-07-05 23:56:53 - [MESSAGE][PASSED] - Call Test Case 'Test Cases/CommonLibraries/Login' successfully

2018-07-05 23:56:53 - [TEST_STEP][PASSED] - waitForElementPresent: Object 'Object Repository/OnlineStorePage/Search Box' is present

2018-07-05 23:57:17 - [MESSAGE][PASSED] - Object 'Object Repository/OnlineStorePage/Search Box' is present

2018-07-05 23:57:17 - [TEST_STEP][PASSED] - waitForPageLoad: Wait for page load successfully

2018-07-05 23:57:17 - [MESSAGE][PASSED] - Wait for page load successfully

2018-07-05 23:57:17 - [TEST_STEP][PASSED] - sendKeys: Keys 'Item' sent to object: 'Object Repository/OnlineStorePage/Search Box'

2018-07-05 23:57:18 - [MESSAGE][PASSED] - Keys 'Item' sent to object: 'Object Repository/OnlineStorePage/Search Box'

2018-07-05 23:57:18 - [TEST_STEP][PASSED] - click: Object: 'Object Repository/OnlineStorePage/Search Icon' is clicked on

2018-07-05 23:57:18 - [MESSAGE][PASSED] - Object: 'Object Repository/OnlineStorePage/Search Icon' is clicked on

2018-07-05 23:57:18 - [MESSAGE][PASSED] - Call Test Case 'Test Cases/CommonLibraries/Search By Item' successfully

2018-07-05 23:57:18 - [TEST_STEP][PASSED] - waitForPageLoad: Wait for page load successfully

2018-07-05 23:57:18 - [MESSAGE][PASSED] - Wait for page load successfully

2018-07-05 23:57:18 - [TEST_STEP][PASSED] - click: Object: 'Object Repository/SearchResultPage/ListViewButton' is clicked on

2018-07-05 23:57:18 - [MESSAGE][PASSED] - Object: 'Object Repository/SearchResultPage/ListViewButton' is clicked on

2018-07-05 23:57:18 - [TEST_STEP][PASSED] - delay: Delayed 10 second(s)

2018-07-05 23:57:28 - [MESSAGE][PASSED] - Delayed 10 second(s)

2018-07-05 23:57:28 - [TEST_STEP][PASSED] - takeScreenshot: Taking screenshot successfully

2018-07-05 23:57:28 - [MESSAGE][PASSED] - Taking screenshot successfully
[[ATTACHMENT|C:\\Screenshot/ListView.png]]

2018-07-05 23:57:28 - [TEST_STEP][PASSED] - click: Object: 'Object Repository/SearchResultPage/GridViewButton' is clicked on

2018-07-05 23:57:28 - [MESSAGE][PASSED] - Object: 'Object Repository/SearchResultPage/GridViewButton' is clicked on

2018-07-05 23:57:28 - [TEST_STEP][PASSED] - delay: Delayed 10 second(s)

2018-07-05 23:57:38 - [MESSAGE][PASSED] - Delayed 10 second(s)

2018-07-05 23:57:38 - [TEST_STEP][PASSED] - takeScreenshot: Taking screenshot successfully

2018-07-05 23:57:39 - [MESSAGE][PASSED] - Taking screenshot successfully
[[ATTACHMENT|C:\\Screenshot/GridView.png]]

2018-07-05 23:57:39 - [TEST_STEP][PASSED] - closeBrowser: Browser is closed

2018-07-05 23:57:39 - [MESSAGE][PASSED] - Browser is closed]]></system-out>
         <system-err><![CDATA[]]></system-err>
      </testcase>
      <testcase name="Test Cases/DDS-277/DDS-4241 User should be able to flip the view of the search results to list view from grid view" classname="Test Cases/DDS-277/DDS-4241 User should be able to flip the view of the search results to list view from grid view" status="FAILED">
         <failure type="FAILED" message="Verify element text of test object 'Object Repository/SearchResultPage/SearchItemTab/CatalogItems/Catalog Item List Verification/Item3 For 3 Row' FAILED. (Root cause: com.kms.katalon.core.webui.exception.WebElementNotFoundException: Web element with id: 'Object Repository/SearchResultPage/SearchItemTab/CatalogItems/Catalog Item List Verification/Item3 For 3 Row' located by 'By.xpath: //dew-flex-item[3]//span[normalize-space(text()) = 'Item3']' not found)"/>
         <system-out><![CDATA[2018-07-05 23:57:39 - [TEST_CASE][FAILED] - Test Cases/DDS-277/DDS-4241 User should be able to flip the view of the search results to list view from grid view: Test Cases/DDS-277/DDS-4241 User should be able to flip the view of the search results to list view from grid view FAILED because (of) Verify element text of test object 'Object Repository/SearchResultPage/SearchItemTab/CatalogItems/Catalog Item List Verification/Item3 For 3 Row' FAILED. (Root cause: com.kms.katalon.core.webui.exception.WebElementNotFoundException: Web element with id: 'Object Repository/SearchResultPage/SearchItemTab/CatalogItems/Catalog Item List Verification/Item3 For 3 Row' located by 'By.xpath: //dew-flex-item[3]//span[normalize-space(text()) = 'Item3']' not found)

2018-07-05 23:57:39 - [TEST_STEP][PASSED] - callTestCase: Call Test Case 'Test Cases/CommonLibraries/Search By Item' successfully

2018-07-05 23:57:39 - [TEST_CASE][PASSED] - Test Cases/CommonLibraries/Search By Item: Test Cases/CommonLibraries/Search By Item

2018-07-05 23:57:39 - [TEST_STEP][PASSED] - callTestCase: Call Test Case 'Test Cases/CommonLibraries/Login' successfully

2018-07-05 23:57:39 - [TEST_CASE][PASSED] - Test Cases/CommonLibraries/Login: Test Cases/CommonLibraries/Login

2018-07-05 23:57:39 - [TEST_STEP][PASSED] - openBrowser: Browser is opened with url: 'https://smtlogin.zycus.net/sso/login?serviceName=http://eproc-qa.zycus.net/'

2018-07-05 23:57:53 - [MESSAGE][PASSED] - Browser is opened with url: 'https://smtlogin.zycus.net/sso/login?serviceName=http://eproc-qa.zycus.net/'

2018-07-05 23:57:53 - [TEST_STEP][PASSED] - maximizeWindow: Current window maximized

2018-07-05 23:57:53 - [MESSAGE][PASSED] - Current window maximized

2018-07-05 23:57:53 - [TEST_STEP][PASSED] - waitForElementVisible: Object 'Object Repository/LoginPage/UserID' is visible

2018-07-05 23:57:53 - [MESSAGE][PASSED] - Object 'Object Repository/LoginPage/UserID' is visible

2018-07-05 23:57:53 - [TEST_STEP][PASSED] - sendKeys: Keys 'monicaqa@zycus.com' sent to object: 'Object Repository/LoginPage/UserID'

2018-07-05 23:57:53 - [MESSAGE][PASSED] - Keys 'monicaqa@zycus.com' sent to object: 'Object Repository/LoginPage/UserID'

2018-07-05 23:57:53 - [TEST_STEP][PASSED] - sendKeys: Keys 'eProc@123' sent to object: 'Object Repository/LoginPage/Password'

2018-07-05 23:57:53 - [MESSAGE][PASSED] - Keys 'eProc@123' sent to object: 'Object Repository/LoginPage/Password'

2018-07-05 23:57:53 - [TEST_STEP][PASSED] - click: Object: 'Object Repository/LoginPage/LoginButton' is clicked on

2018-07-05 23:57:56 - [MESSAGE][PASSED] - Object: 'Object Repository/LoginPage/LoginButton' is clicked on

2018-07-05 23:57:56 - [MESSAGE][PASSED] - Call Test Case 'Test Cases/CommonLibraries/Login' successfully

2018-07-05 23:57:56 - [TEST_STEP][PASSED] - waitForElementPresent: Object 'Object Repository/OnlineStorePage/Search Box' is present

2018-07-05 23:58:24 - [MESSAGE][PASSED] - Object 'Object Repository/OnlineStorePage/Search Box' is present

2018-07-05 23:58:24 - [TEST_STEP][PASSED] - waitForPageLoad: Wait for page load successfully

2018-07-05 23:58:24 - [MESSAGE][PASSED] - Wait for page load successfully

2018-07-05 23:58:24 - [TEST_STEP][PASSED] - sendKeys: Keys 'Item' sent to object: 'Object Repository/OnlineStorePage/Search Box'

2018-07-05 23:58:25 - [MESSAGE][PASSED] - Keys 'Item' sent to object: 'Object Repository/OnlineStorePage/Search Box'

2018-07-05 23:58:25 - [TEST_STEP][PASSED] - click: Object: 'Object Repository/OnlineStorePage/Search Icon' is clicked on

2018-07-05 23:58:25 - [MESSAGE][PASSED] - Object: 'Object Repository/OnlineStorePage/Search Icon' is clicked on

2018-07-05 23:58:25 - [MESSAGE][PASSED] - Call Test Case 'Test Cases/CommonLibraries/Search By Item' successfully

2018-07-05 23:58:25 - [TEST_STEP][PASSED] - waitForElementVisible: Web element with id: 'Object Repository/SearchResultPage/SearchItemTab/CatalogItems/Catalog Item List Verification/Item3 For 3 Row' located by 'By.xpath: //dew-flex-item[3]//span[normalize-space(text()) = 'Item3']' not found

2018-07-05 23:59:17 - [MESSAGE][WARNING] - Web element with id: 'Object Repository/SearchResultPage/SearchItemTab/CatalogItems/Catalog Item List Verification/Item3 For 3 Row' located by 'By.xpath: //dew-flex-item[3]//span[normalize-space(text()) = 'Item3']' not found

2018-07-05 23:59:17 - [TEST_STEP][FAILED] - verifyElementText: Verify element text of test object 'Object Repository/SearchResultPage/SearchItemTab/CatalogItems/Catalog Item List Verification/Item3 For 3 Row' FAILED. (Root cause: com.kms.katalon.core.webui.exception.WebElementNotFoundException: Web element with id: 'Object Repository/SearchResultPage/SearchItemTab/CatalogItems/Catalog Item List Verification/Item3 For 3 Row' located by 'By.xpath: //dew-flex-item[3]//span[normalize-space(text()) = 'Item3']' not found)

2018-07-06 00:01:03 - [MESSAGE][FAILED] - com.kms.katalon.core.webui.exception.WebElementNotFoundException: Web element with id: 'Object Repository/SearchResultPage/SearchItemTab/CatalogItems/Catalog Item List Verification/Item3 For 3 Row' located by 'By.xpath: //dew-flex-item[3]//span[normalize-space(text()) = 'Item3']' not found
[[ATTACHMENT|C:\\Users\\vikas.kiroula\\git\\eProc\\Reports\\VikasTestCase\\20180705_205940\\1530815462465.png]]

2018-07-06 00:01:03 - [MESSAGE][FAILED] - Verify element text of test object 'Object Repository/SearchResultPage/SearchItemTab/CatalogItems/Catalog Item List Verification/Item3 For 3 Row' FAILED. (Root cause: com.kms.katalon.core.webui.exception.WebElementNotFoundException: Web element with id: 'Object Repository/SearchResultPage/SearchItemTab/CatalogItems/Catalog Item List Verification/Item3 For 3 Row' located by 'By.xpath: //dew-flex-item[3]//span[normalize-space(text()) = 'Item3']' not found)
[[ATTACHMENT|C:\\Users\\vikas.kiroula\\git\\eProc\\Reports\\VikasTestCase\\20180705_205940\\1530815463311.png]]]]></system-out>
         <system-err><![CDATA[2018-07-05 23:57:39 - [TEST_CASE][FAILED] - Test Cases/DDS-277/DDS-4241 User should be able to flip the view of the search results to list view from grid view: Test Cases/DDS-277/DDS-4241 User should be able to flip the view of the search results to list view from grid view FAILED because (of) Verify element text of test object 'Object Repository/SearchResultPage/SearchItemTab/CatalogItems/Catalog Item List Verification/Item3 For 3 Row' FAILED. (Root cause: com.kms.katalon.core.webui.exception.WebElementNotFoundException: Web element with id: 'Object Repository/SearchResultPage/SearchItemTab/CatalogItems/Catalog Item List Verification/Item3 For 3 Row' located by 'By.xpath: //dew-flex-item[3]//span[normalize-space(text()) = 'Item3']' not found)]]></system-err>
      </testcase>
      <testcase name="Test Cases/DDS-277/DDS-4242 In Grid view Catalog item should be displayed in grid format" classname="Test Cases/DDS-277/DDS-4242 In Grid view Catalog item should be displayed in grid format" status="FAILED">
         <failure type="FAILED" message="Verify element text of test object 'Object Repository/SearchResultPage/SearchItemTab/CatalogItems/Catalog Item List Verification/Item3 For 3 Row' FAILED. (Root cause: com.kms.katalon.core.webui.exception.WebElementNotFoundException: Web element with id: 'Object Repository/SearchResultPage/SearchItemTab/CatalogItems/Catalog Item List Verification/Item3 For 3 Row' located by 'By.xpath: //dew-flex-item[3]//span[normalize-space(text()) = 'Item3']' not found)"/>
         <system-out><![CDATA[2018-07-06 00:01:03 - [TEST_CASE][FAILED] - Test Cases/DDS-277/DDS-4242 In Grid view Catalog item should be displayed in grid format: Test Cases/DDS-277/DDS-4242 In Grid view Catalog item should be displayed in grid format FAILED because (of) Verify element text of test object 'Object Repository/SearchResultPage/SearchItemTab/CatalogItems/Catalog Item List Verification/Item3 For 3 Row' FAILED. (Root cause: com.kms.katalon.core.webui.exception.WebElementNotFoundException: Web element with id: 'Object Repository/SearchResultPage/SearchItemTab/CatalogItems/Catalog Item List Verification/Item3 For 3 Row' located by 'By.xpath: //dew-flex-item[3]//span[normalize-space(text()) = 'Item3']' not found)

2018-07-06 00:01:03 - [TEST_STEP][PASSED] - callTestCase: Call Test Case 'Test Cases/CommonLibraries/Search By Item' successfully

2018-07-06 00:01:03 - [TEST_CASE][PASSED] - Test Cases/CommonLibraries/Search By Item: Test Cases/CommonLibraries/Search By Item

2018-07-06 00:01:03 - [TEST_STEP][PASSED] - callTestCase: Call Test Case 'Test Cases/CommonLibraries/Login' successfully

2018-07-06 00:01:03 - [TEST_CASE][PASSED] - Test Cases/CommonLibraries/Login: Test Cases/CommonLibraries/Login

2018-07-06 00:01:03 - [TEST_STEP][PASSED] - openBrowser: Browser is opened with url: 'https://smtlogin.zycus.net/sso/login?serviceName=http://eproc-qa.zycus.net/'

2018-07-06 00:01:03 - [MESSAGE][WARNING] - A browser is already opened. Closing browser and opening a new one

2018-07-06 00:01:20 - [MESSAGE][PASSED] - Browser is opened with url: 'https://smtlogin.zycus.net/sso/login?serviceName=http://eproc-qa.zycus.net/'

2018-07-06 00:01:20 - [TEST_STEP][PASSED] - maximizeWindow: Current window maximized

2018-07-06 00:01:20 - [MESSAGE][PASSED] - Current window maximized

2018-07-06 00:01:20 - [TEST_STEP][PASSED] - waitForElementVisible: Object 'Object Repository/LoginPage/UserID' is visible

2018-07-06 00:01:20 - [MESSAGE][PASSED] - Object 'Object Repository/LoginPage/UserID' is visible

2018-07-06 00:01:20 - [TEST_STEP][PASSED] - sendKeys: Keys 'monicaqa@zycus.com' sent to object: 'Object Repository/LoginPage/UserID'

2018-07-06 00:01:20 - [MESSAGE][PASSED] - Keys 'monicaqa@zycus.com' sent to object: 'Object Repository/LoginPage/UserID'

2018-07-06 00:01:20 - [TEST_STEP][PASSED] - sendKeys: Keys 'eProc@123' sent to object: 'Object Repository/LoginPage/Password'

2018-07-06 00:01:20 - [MESSAGE][PASSED] - Keys 'eProc@123' sent to object: 'Object Repository/LoginPage/Password'

2018-07-06 00:01:20 - [TEST_STEP][PASSED] - click: Object: 'Object Repository/LoginPage/LoginButton' is clicked on

2018-07-06 00:01:25 - [MESSAGE][PASSED] - Object: 'Object Repository/LoginPage/LoginButton' is clicked on

2018-07-06 00:01:25 - [MESSAGE][PASSED] - Call Test Case 'Test Cases/CommonLibraries/Login' successfully

2018-07-06 00:01:25 - [TEST_STEP][PASSED] - waitForElementPresent: Object 'Object Repository/OnlineStorePage/Search Box' is present

2018-07-06 00:01:48 - [MESSAGE][PASSED] - Object 'Object Repository/OnlineStorePage/Search Box' is present

2018-07-06 00:01:48 - [TEST_STEP][PASSED] - waitForPageLoad: Wait for page load successfully

2018-07-06 00:01:48 - [MESSAGE][PASSED] - Wait for page load successfully

2018-07-06 00:01:48 - [TEST_STEP][PASSED] - sendKeys: Keys 'Item' sent to object: 'Object Repository/OnlineStorePage/Search Box'

2018-07-06 00:01:48 - [MESSAGE][PASSED] - Keys 'Item' sent to object: 'Object Repository/OnlineStorePage/Search Box'

2018-07-06 00:01:48 - [TEST_STEP][PASSED] - click: Object: 'Object Repository/OnlineStorePage/Search Icon' is clicked on

2018-07-06 00:01:49 - [MESSAGE][PASSED] - Object: 'Object Repository/OnlineStorePage/Search Icon' is clicked on

2018-07-06 00:01:49 - [MESSAGE][PASSED] - Call Test Case 'Test Cases/CommonLibraries/Search By Item' successfully

2018-07-06 00:01:49 - [TEST_STEP][PASSED] - waitForElementVisible: Web element with id: 'Object Repository/SearchResultPage/SearchItemTab/CatalogItems/Catalog Item List Verification/ITEM1 For 1 row' located by 'By.xpath: //dew-flex-item[1]//span[text()='ITEM1']' not found

2018-07-06 00:02:41 - [MESSAGE][WARNING] - Web element with id: 'Object Repository/SearchResultPage/SearchItemTab/CatalogItems/Catalog Item List Verification/ITEM1 For 1 row' located by 'By.xpath: //dew-flex-item[1]//span[text()='ITEM1']' not found

2018-07-06 00:02:41 - [TEST_STEP][FAILED] - verifyElementText: Verify element text of test object 'Object Repository/SearchResultPage/SearchItemTab/CatalogItems/Catalog Item List Verification/Item3 For 3 Row' FAILED. (Root cause: com.kms.katalon.core.webui.exception.WebElementNotFoundException: Web element with id: 'Object Repository/SearchResultPage/SearchItemTab/CatalogItems/Catalog Item List Verification/Item3 For 3 Row' located by 'By.xpath: //dew-flex-item[3]//span[normalize-space(text()) = 'Item3']' not found)

2018-07-06 00:04:27 - [MESSAGE][FAILED] - com.kms.katalon.core.webui.exception.WebElementNotFoundException: Web element with id: 'Object Repository/SearchResultPage/SearchItemTab/CatalogItems/Catalog Item List Verification/Item3 For 3 Row' located by 'By.xpath: //dew-flex-item[3]//span[normalize-space(text()) = 'Item3']' not found
[[ATTACHMENT|C:\\Users\\vikas.kiroula\\git\\eProc\\Reports\\VikasTestCase\\20180705_205940\\1530815666352.png]]

2018-07-06 00:04:27 - [MESSAGE][FAILED] - Verify element text of test object 'Object Repository/SearchResultPage/SearchItemTab/CatalogItems/Catalog Item List Verification/Item3 For 3 Row' FAILED. (Root cause: com.kms.katalon.core.webui.exception.WebElementNotFoundException: Web element with id: 'Object Repository/SearchResultPage/SearchItemTab/CatalogItems/Catalog Item List Verification/Item3 For 3 Row' located by 'By.xpath: //dew-flex-item[3]//span[normalize-space(text()) = 'Item3']' not found)
[[ATTACHMENT|C:\\Users\\vikas.kiroula\\git\\eProc\\Reports\\VikasTestCase\\20180705_205940\\1530815667180.png]]]]></system-out>
         <system-err><![CDATA[2018-07-06 00:01:03 - [TEST_CASE][FAILED] - Test Cases/DDS-277/DDS-4242 In Grid view Catalog item should be displayed in grid format: Test Cases/DDS-277/DDS-4242 In Grid view Catalog item should be displayed in grid format FAILED because (of) Verify element text of test object 'Object Repository/SearchResultPage/SearchItemTab/CatalogItems/Catalog Item List Verification/Item3 For 3 Row' FAILED. (Root cause: com.kms.katalon.core.webui.exception.WebElementNotFoundException: Web element with id: 'Object Repository/SearchResultPage/SearchItemTab/CatalogItems/Catalog Item List Verification/Item3 For 3 Row' located by 'By.xpath: //dew-flex-item[3]//span[normalize-space(text()) = 'Item3']' not found)]]></system-err>
      </testcase>
      <testcase name="Test Cases/DDS-277/DDS-4243 In Grid view User should be able to add catalog items into cart" classname="Test Cases/DDS-277/DDS-4243 In Grid view User should be able to add catalog items into cart" status="FAILED">
         <failure type="FAILED" message="Unable to click on object 'Object Repository/SearchResultPage/SearchItemTab/CatalogItems/Grid view/Check Box 2 Item' (Root cause: com.kms.katalon.core.webui.exception.WebElementNotFoundException: Web element with id: 'Object Repository/SearchResultPage/SearchItemTab/CatalogItems/Grid view/Check Box 2 Item' located by 'By.xpath: //dew-flex-item[2]/eproc-product-card/dew-card/dew-card-img/div/dew-checkbox' not found)"/>
         <system-out><![CDATA[2018-07-06 00:04:27 - [TEST_CASE][FAILED] - Test Cases/DDS-277/DDS-4243 In Grid view User should be able to add catalog items into cart: Test Cases/DDS-277/DDS-4243 In Grid view User should be able to add catalog items into cart FAILED because (of) Unable to click on object 'Object Repository/SearchResultPage/SearchItemTab/CatalogItems/Grid view/Check Box 2 Item' (Root cause: com.kms.katalon.core.webui.exception.WebElementNotFoundException: Web element with id: 'Object Repository/SearchResultPage/SearchItemTab/CatalogItems/Grid view/Check Box 2 Item' located by 'By.xpath: //dew-flex-item[2]/eproc-product-card/dew-card/dew-card-img/div/dew-checkbox' not found)

2018-07-06 00:04:27 - [TEST_STEP][PASSED] - callTestCase: Call Test Case 'Test Cases/CommonLibraries/Search By Item' successfully

2018-07-06 00:04:27 - [TEST_CASE][PASSED] - Test Cases/CommonLibraries/Search By Item: Test Cases/CommonLibraries/Search By Item

2018-07-06 00:04:27 - [TEST_STEP][PASSED] - callTestCase: Call Test Case 'Test Cases/CommonLibraries/Login' successfully

2018-07-06 00:04:27 - [TEST_CASE][PASSED] - Test Cases/CommonLibraries/Login: Test Cases/CommonLibraries/Login

2018-07-06 00:04:27 - [TEST_STEP][PASSED] - openBrowser: Browser is opened with url: 'https://smtlogin.zycus.net/sso/login?serviceName=http://eproc-qa.zycus.net/'

2018-07-06 00:04:27 - [MESSAGE][WARNING] - A browser is already opened. Closing browser and opening a new one

2018-07-06 00:04:42 - [MESSAGE][PASSED] - Browser is opened with url: 'https://smtlogin.zycus.net/sso/login?serviceName=http://eproc-qa.zycus.net/'

2018-07-06 00:04:42 - [TEST_STEP][PASSED] - maximizeWindow: Current window maximized

2018-07-06 00:04:44 - [MESSAGE][PASSED] - Current window maximized

2018-07-06 00:04:44 - [TEST_STEP][PASSED] - waitForElementVisible: Object 'Object Repository/LoginPage/UserID' is visible

2018-07-06 00:04:44 - [MESSAGE][PASSED] - Object 'Object Repository/LoginPage/UserID' is visible

2018-07-06 00:04:44 - [TEST_STEP][PASSED] - sendKeys: Keys 'monicaqa@zycus.com' sent to object: 'Object Repository/LoginPage/UserID'

2018-07-06 00:04:45 - [MESSAGE][PASSED] - Keys 'monicaqa@zycus.com' sent to object: 'Object Repository/LoginPage/UserID'

2018-07-06 00:04:45 - [TEST_STEP][PASSED] - sendKeys: Keys 'eProc@123' sent to object: 'Object Repository/LoginPage/Password'

2018-07-06 00:04:45 - [MESSAGE][PASSED] - Keys 'eProc@123' sent to object: 'Object Repository/LoginPage/Password'

2018-07-06 00:04:45 - [TEST_STEP][PASSED] - click: Object: 'Object Repository/LoginPage/LoginButton' is clicked on

2018-07-06 00:04:51 - [MESSAGE][PASSED] - Object: 'Object Repository/LoginPage/LoginButton' is clicked on

2018-07-06 00:04:51 - [MESSAGE][PASSED] - Call Test Case 'Test Cases/CommonLibraries/Login' successfully

2018-07-06 00:04:51 - [TEST_STEP][PASSED] - waitForElementPresent: Object 'Object Repository/OnlineStorePage/Search Box' is present

2018-07-06 00:05:18 - [MESSAGE][PASSED] - Object 'Object Repository/OnlineStorePage/Search Box' is present

2018-07-06 00:05:18 - [TEST_STEP][PASSED] - waitForPageLoad: Wait for page load successfully

2018-07-06 00:05:18 - [MESSAGE][PASSED] - Wait for page load successfully

2018-07-06 00:05:18 - [TEST_STEP][PASSED] - sendKeys: Keys 'Item' sent to object: 'Object Repository/OnlineStorePage/Search Box'

2018-07-06 00:05:19 - [MESSAGE][PASSED] - Keys 'Item' sent to object: 'Object Repository/OnlineStorePage/Search Box'

2018-07-06 00:05:19 - [TEST_STEP][PASSED] - click: Object: 'Object Repository/OnlineStorePage/Search Icon' is clicked on

2018-07-06 00:05:19 - [MESSAGE][PASSED] - Object: 'Object Repository/OnlineStorePage/Search Icon' is clicked on

2018-07-06 00:05:19 - [MESSAGE][PASSED] - Call Test Case 'Test Cases/CommonLibraries/Search By Item' successfully

2018-07-06 00:05:19 - [TEST_STEP][PASSED] - waitForElementVisible: Web element with id: 'Object Repository/SearchResultPage/SearchItemTab/CatalogItems/Check Box For 1 Row Item List' located by 'By.xpath: //dew-tab[@id='items-in-catalogs']/eproc-product-list/dew-card/dew-flex/dew-flex-item[1]/eproc-product-card/dew-card/dew-row/dew-col[1]/div' not found

2018-07-06 00:06:11 - [MESSAGE][WARNING] - Web element with id: 'Object Repository/SearchResultPage/SearchItemTab/CatalogItems/Check Box For 1 Row Item List' located by 'By.xpath: //dew-tab[@id='items-in-catalogs']/eproc-product-list/dew-card/dew-flex/dew-flex-item[1]/eproc-product-card/dew-card/dew-row/dew-col[1]/div' not found

2018-07-06 00:06:11 - [TEST_STEP][PASSED] - click: Object: 'Object Repository/SearchResultPage/GridViewButton' is clicked on

2018-07-06 00:06:11 - [MESSAGE][PASSED] - Object: 'Object Repository/SearchResultPage/GridViewButton' is clicked on

2018-07-06 00:06:11 - [TEST_STEP][PASSED] - waitForElementPresent: Object 'Object Repository/SearchResultPage/SearchItemTab/CatalogItems/Grid view/Check Box 1 item' is not present after 50 second(s)

2018-07-06 00:07:03 - [MESSAGE][WARNING] - Object 'Object Repository/SearchResultPage/SearchItemTab/CatalogItems/Grid view/Check Box 1 item' is not present after 50 second(s)

2018-07-06 00:07:03 - [TEST_STEP][PASSED] - waitForElementVisible: Web element with id: 'Object Repository/SearchResultPage/SearchItemTab/CatalogItems/Grid view/Check Box 2 Item' located by 'By.xpath: //dew-flex-item[2]/eproc-product-card/dew-card/dew-card-img/div/dew-checkbox' not found

2018-07-06 00:07:56 - [MESSAGE][WARNING] - Web element with id: 'Object Repository/SearchResultPage/SearchItemTab/CatalogItems/Grid view/Check Box 2 Item' located by 'By.xpath: //dew-flex-item[2]/eproc-product-card/dew-card/dew-card-img/div/dew-checkbox' not found

2018-07-06 00:07:56 - [TEST_STEP][FAILED] - click: Unable to click on object 'Object Repository/SearchResultPage/SearchItemTab/CatalogItems/Grid view/Check Box 2 Item' (Root cause: com.kms.katalon.core.webui.exception.WebElementNotFoundException: Web element with id: 'Object Repository/SearchResultPage/SearchItemTab/CatalogItems/Grid view/Check Box 2 Item' located by 'By.xpath: //dew-flex-item[2]/eproc-product-card/dew-card/dew-card-img/div/dew-checkbox' not found)

2018-07-06 00:09:42 - [MESSAGE][FAILED] - Unable to click on object 'Object Repository/SearchResultPage/SearchItemTab/CatalogItems/Grid view/Check Box 2 Item' (Root cause: com.kms.katalon.core.webui.exception.WebElementNotFoundException: Web element with id: 'Object Repository/SearchResultPage/SearchItemTab/CatalogItems/Grid view/Check Box 2 Item' located by 'By.xpath: //dew-flex-item[2]/eproc-product-card/dew-card/dew-card-img/div/dew-checkbox' not found)
[[ATTACHMENT|C:\\Users\\vikas.kiroula\\git\\eProc\\Reports\\VikasTestCase\\20180705_205940\\1530815981123.png]]]]></system-out>
         <system-err><![CDATA[2018-07-06 00:04:27 - [TEST_CASE][FAILED] - Test Cases/DDS-277/DDS-4243 In Grid view User should be able to add catalog items into cart: Test Cases/DDS-277/DDS-4243 In Grid view User should be able to add catalog items into cart FAILED because (of) Unable to click on object 'Object Repository/SearchResultPage/SearchItemTab/CatalogItems/Grid view/Check Box 2 Item' (Root cause: com.kms.katalon.core.webui.exception.WebElementNotFoundException: Web element with id: 'Object Repository/SearchResultPage/SearchItemTab/CatalogItems/Grid view/Check Box 2 Item' located by 'By.xpath: //dew-flex-item[2]/eproc-product-card/dew-card/dew-card-img/div/dew-checkbox' not found)]]></system-err>
      </testcase>
      <testcase name="Test Cases/DDS-277/DDS-4244 In Grid view User should be able to select multiple catalog items and add it to cart" classname="Test Cases/DDS-277/DDS-4244 In Grid view User should be able to select multiple catalog items and add it to cart" status="FAILED">
         <failure type="FAILED" message="Unable to click on object 'Object Repository/SearchResultPage/SearchItemTab/CatalogItems/Grid view/Check Box 2 Item' (Root cause: com.kms.katalon.core.webui.exception.WebElementNotFoundException: Web element with id: 'Object Repository/SearchResultPage/SearchItemTab/CatalogItems/Grid view/Check Box 2 Item' located by 'By.xpath: //dew-flex-item[2]/eproc-product-card/dew-card/dew-card-img/div/dew-checkbox' not found)"/>
         <system-out><![CDATA[2018-07-06 00:09:42 - [TEST_CASE][FAILED] - Test Cases/DDS-277/DDS-4244 In Grid view User should be able to select multiple catalog items and add it to cart: Test Cases/DDS-277/DDS-4244 In Grid view User should be able to select multiple catalog items and add it to cart FAILED because (of) Unable to click on object 'Object Repository/SearchResultPage/SearchItemTab/CatalogItems/Grid view/Check Box 2 Item' (Root cause: com.kms.katalon.core.webui.exception.WebElementNotFoundException: Web element with id: 'Object Repository/SearchResultPage/SearchItemTab/CatalogItems/Grid view/Check Box 2 Item' located by 'By.xpath: //dew-flex-item[2]/eproc-product-card/dew-card/dew-card-img/div/dew-checkbox' not found)

2018-07-06 00:09:42 - [TEST_STEP][PASSED] - callTestCase: Call Test Case 'Test Cases/CommonLibraries/Search By Item' successfully

2018-07-06 00:09:42 - [TEST_CASE][PASSED] - Test Cases/CommonLibraries/Search By Item: Test Cases/CommonLibraries/Search By Item

2018-07-06 00:09:42 - [TEST_STEP][PASSED] - callTestCase: Call Test Case 'Test Cases/CommonLibraries/Login' successfully

2018-07-06 00:09:42 - [TEST_CASE][PASSED] - Test Cases/CommonLibraries/Login: Test Cases/CommonLibraries/Login

2018-07-06 00:09:42 - [TEST_STEP][PASSED] - openBrowser: Browser is opened with url: 'https://smtlogin.zycus.net/sso/login?serviceName=http://eproc-qa.zycus.net/'

2018-07-06 00:09:42 - [MESSAGE][WARNING] - A browser is already opened. Closing browser and opening a new one

2018-07-06 00:09:52 - [MESSAGE][PASSED] - Browser is opened with url: 'https://smtlogin.zycus.net/sso/login?serviceName=http://eproc-qa.zycus.net/'

2018-07-06 00:09:52 - [TEST_STEP][PASSED] - maximizeWindow: Current window maximized

2018-07-06 00:09:52 - [MESSAGE][PASSED] - Current window maximized

2018-07-06 00:09:52 - [TEST_STEP][PASSED] - waitForElementVisible: Object 'Object Repository/LoginPage/UserID' is visible

2018-07-06 00:09:53 - [MESSAGE][PASSED] - Object 'Object Repository/LoginPage/UserID' is visible

2018-07-06 00:09:53 - [TEST_STEP][PASSED] - sendKeys: Keys 'monicaqa@zycus.com' sent to object: 'Object Repository/LoginPage/UserID'

2018-07-06 00:09:53 - [MESSAGE][PASSED] - Keys 'monicaqa@zycus.com' sent to object: 'Object Repository/LoginPage/UserID'

2018-07-06 00:09:53 - [TEST_STEP][PASSED] - sendKeys: Keys 'eProc@123' sent to object: 'Object Repository/LoginPage/Password'

2018-07-06 00:09:53 - [MESSAGE][PASSED] - Keys 'eProc@123' sent to object: 'Object Repository/LoginPage/Password'

2018-07-06 00:09:53 - [TEST_STEP][PASSED] - click: Object: 'Object Repository/LoginPage/LoginButton' is clicked on

2018-07-06 00:09:57 - [MESSAGE][PASSED] - Object: 'Object Repository/LoginPage/LoginButton' is clicked on

2018-07-06 00:09:57 - [MESSAGE][PASSED] - Call Test Case 'Test Cases/CommonLibraries/Login' successfully

2018-07-06 00:09:57 - [TEST_STEP][PASSED] - waitForElementPresent: Object 'Object Repository/OnlineStorePage/Search Box' is present

2018-07-06 00:10:21 - [MESSAGE][PASSED] - Object 'Object Repository/OnlineStorePage/Search Box' is present

2018-07-06 00:10:21 - [TEST_STEP][PASSED] - waitForPageLoad: Wait for page load successfully

2018-07-06 00:10:21 - [MESSAGE][PASSED] - Wait for page load successfully

2018-07-06 00:10:21 - [TEST_STEP][PASSED] - sendKeys: Keys 'Item' sent to object: 'Object Repository/OnlineStorePage/Search Box'

2018-07-06 00:10:22 - [MESSAGE][PASSED] - Keys 'Item' sent to object: 'Object Repository/OnlineStorePage/Search Box'

2018-07-06 00:10:22 - [TEST_STEP][PASSED] - click: Object: 'Object Repository/OnlineStorePage/Search Icon' is clicked on

2018-07-06 00:10:22 - [MESSAGE][PASSED] - Object: 'Object Repository/OnlineStorePage/Search Icon' is clicked on

2018-07-06 00:10:22 - [MESSAGE][PASSED] - Call Test Case 'Test Cases/CommonLibraries/Search By Item' successfully

2018-07-06 00:10:22 - [TEST_STEP][PASSED] - waitForElementVisible: Web element with id: 'Object Repository/SearchResultPage/SearchItemTab/CatalogItems/Check Box For 1 Row Item List' located by 'By.xpath: //dew-tab[@id='items-in-catalogs']/eproc-product-list/dew-card/dew-flex/dew-flex-item[1]/eproc-product-card/dew-card/dew-row/dew-col[1]/div' not found

2018-07-06 00:11:14 - [MESSAGE][WARNING] - Web element with id: 'Object Repository/SearchResultPage/SearchItemTab/CatalogItems/Check Box For 1 Row Item List' located by 'By.xpath: //dew-tab[@id='items-in-catalogs']/eproc-product-list/dew-card/dew-flex/dew-flex-item[1]/eproc-product-card/dew-card/dew-row/dew-col[1]/div' not found

2018-07-06 00:11:14 - [TEST_STEP][PASSED] - click: Object: 'Object Repository/SearchResultPage/GridViewButton' is clicked on

2018-07-06 00:11:15 - [MESSAGE][PASSED] - Object: 'Object Repository/SearchResultPage/GridViewButton' is clicked on

2018-07-06 00:11:15 - [TEST_STEP][PASSED] - waitForElementVisible: Web element with id: 'Object Repository/SearchResultPage/SearchItemTab/CatalogItems/Grid view/Check Box 2 Item' located by 'By.xpath: //dew-flex-item[2]/eproc-product-card/dew-card/dew-card-img/div/dew-checkbox' not found

2018-07-06 00:12:07 - [MESSAGE][WARNING] - Web element with id: 'Object Repository/SearchResultPage/SearchItemTab/CatalogItems/Grid view/Check Box 2 Item' located by 'By.xpath: //dew-flex-item[2]/eproc-product-card/dew-card/dew-card-img/div/dew-checkbox' not found

2018-07-06 00:12:07 - [TEST_STEP][FAILED] - click: Unable to click on object 'Object Repository/SearchResultPage/SearchItemTab/CatalogItems/Grid view/Check Box 2 Item' (Root cause: com.kms.katalon.core.webui.exception.WebElementNotFoundException: Web element with id: 'Object Repository/SearchResultPage/SearchItemTab/CatalogItems/Grid view/Check Box 2 Item' located by 'By.xpath: //dew-flex-item[2]/eproc-product-card/dew-card/dew-card-img/div/dew-checkbox' not found)

2018-07-06 00:13:53 - [MESSAGE][FAILED] - Unable to click on object 'Object Repository/SearchResultPage/SearchItemTab/CatalogItems/Grid view/Check Box 2 Item' (Root cause: com.kms.katalon.core.webui.exception.WebElementNotFoundException: Web element with id: 'Object Repository/SearchResultPage/SearchItemTab/CatalogItems/Grid view/Check Box 2 Item' located by 'By.xpath: //dew-flex-item[2]/eproc-product-card/dew-card/dew-card-img/div/dew-checkbox' not found)
[[ATTACHMENT|C:\\Users\\vikas.kiroula\\git\\eProc\\Reports\\VikasTestCase\\20180705_205940\\1530816232520.png]]]]></system-out>
         <system-err><![CDATA[2018-07-06 00:09:42 - [TEST_CASE][FAILED] - Test Cases/DDS-277/DDS-4244 In Grid view User should be able to select multiple catalog items and add it to cart: Test Cases/DDS-277/DDS-4244 In Grid view User should be able to select multiple catalog items and add it to cart FAILED because (of) Unable to click on object 'Object Repository/SearchResultPage/SearchItemTab/CatalogItems/Grid view/Check Box 2 Item' (Root cause: com.kms.katalon.core.webui.exception.WebElementNotFoundException: Web element with id: 'Object Repository/SearchResultPage/SearchItemTab/CatalogItems/Grid view/Check Box 2 Item' located by 'By.xpath: //dew-flex-item[2]/eproc-product-card/dew-card/dew-card-img/div/dew-checkbox' not found)]]></system-err>
      </testcase>
      <testcase name="Test Cases/DDS-280/DDS-4311 User should be able to remove items from the cart" classname="Test Cases/DDS-280/DDS-4311 User should be able to remove items from the cart" status="FAILED">
         <failure type="FAILED" message="Unable to click on object 'Object Repository/SearchResultPage/SearchItemTab/CatalogItems/Check Box For 3 Row Item List' (Root cause: com.kms.katalon.core.webui.exception.WebElementNotFoundException: Web element with id: 'Object Repository/SearchResultPage/SearchItemTab/CatalogItems/Check Box For 3 Row Item List' located by 'By.xpath: //dew-tab[@id='items-in-catalogs']/eproc-product-list/dew-card/dew-flex/dew-flex-item[3]/eproc-product-card/dew-card/dew-row/dew-col[1]/div' not found)"/>
         <system-out><![CDATA[2018-07-06 00:13:53 - [TEST_CASE][FAILED] - Test Cases/DDS-280/DDS-4311 User should be able to remove items from the cart: Test Cases/DDS-280/DDS-4311 User should be able to remove items from the cart FAILED because (of) Unable to click on object 'Object Repository/SearchResultPage/SearchItemTab/CatalogItems/Check Box For 3 Row Item List' (Root cause: com.kms.katalon.core.webui.exception.WebElementNotFoundException: Web element with id: 'Object Repository/SearchResultPage/SearchItemTab/CatalogItems/Check Box For 3 Row Item List' located by 'By.xpath: //dew-tab[@id='items-in-catalogs']/eproc-product-list/dew-card/dew-flex/dew-flex-item[3]/eproc-product-card/dew-card/dew-row/dew-col[1]/div' not found)

2018-07-06 00:13:53 - [TEST_STEP][PASSED] - callTestCase: Call Test Case 'Test Cases/CommonLibraries/Login' successfully

2018-07-06 00:13:53 - [TEST_CASE][PASSED] - Test Cases/CommonLibraries/Login: Test Cases/CommonLibraries/Login

2018-07-06 00:13:53 - [TEST_STEP][PASSED] - openBrowser: Browser is opened with url: 'https://smtlogin.zycus.net/sso/login?serviceName=http://eproc-qa.zycus.net/'

2018-07-06 00:13:53 - [MESSAGE][WARNING] - A browser is already opened. Closing browser and opening a new one

2018-07-06 00:14:04 - [MESSAGE][PASSED] - Browser is opened with url: 'https://smtlogin.zycus.net/sso/login?serviceName=http://eproc-qa.zycus.net/'

2018-07-06 00:14:04 - [TEST_STEP][PASSED] - maximizeWindow: Current window maximized

2018-07-06 00:14:04 - [MESSAGE][PASSED] - Current window maximized

2018-07-06 00:14:04 - [TEST_STEP][PASSED] - waitForElementVisible: Object 'Object Repository/LoginPage/UserID' is visible

2018-07-06 00:14:04 - [MESSAGE][PASSED] - Object 'Object Repository/LoginPage/UserID' is visible

2018-07-06 00:14:04 - [TEST_STEP][PASSED] - sendKeys: Keys 'monicaqa@zycus.com' sent to object: 'Object Repository/LoginPage/UserID'

2018-07-06 00:14:04 - [MESSAGE][PASSED] - Keys 'monicaqa@zycus.com' sent to object: 'Object Repository/LoginPage/UserID'

2018-07-06 00:14:04 - [TEST_STEP][PASSED] - sendKeys: Keys 'eProc@123' sent to object: 'Object Repository/LoginPage/Password'

2018-07-06 00:14:04 - [MESSAGE][PASSED] - Keys 'eProc@123' sent to object: 'Object Repository/LoginPage/Password'

2018-07-06 00:14:04 - [TEST_STEP][PASSED] - click: Object: 'Object Repository/LoginPage/LoginButton' is clicked on

2018-07-06 00:14:09 - [MESSAGE][PASSED] - Object: 'Object Repository/LoginPage/LoginButton' is clicked on

2018-07-06 00:14:09 - [MESSAGE][PASSED] - Call Test Case 'Test Cases/CommonLibraries/Login' successfully

2018-07-06 00:14:09 - [TEST_STEP][PASSED] - click: Object: 'Object Repository/OnlineStorePage/CartIcon' is clicked on

2018-07-06 00:14:35 - [MESSAGE][PASSED] - Object: 'Object Repository/OnlineStorePage/CartIcon' is clicked on

2018-07-06 00:14:35 - [TEST_STEP][PASSED] - delay: Delayed 3 second(s)

2018-07-06 00:14:38 - [MESSAGE][PASSED] - Delayed 3 second(s)

2018-07-06 00:14:38 - [TEST_STEP][PASSED] - Statement - b = com.kms.katalon.core.webui.keyword.WebUiBuiltInKeywords.getAttribute(com.kms.katalon.core.testobject.ObjectRepository.findTestObject(Cart Page/Empty Cart Button), "ng-reflect-is-disabled"): Attribute 'ng-reflect-is-disabled' of object 'Object Repository/Cart Page/Empty Cart Button' is: 'null'

2018-07-06 00:14:38 - [MESSAGE][PASSED] - Attribute 'ng-reflect-is-disabled' of object 'Object Repository/Cart Page/Empty Cart Button' is: 'null'

2018-07-06 00:14:38 - [TEST_STEP][PASSED] - Statement - If (b == "false"): null

2018-07-06 00:14:38 - [TEST_STEP][FAILED] - Statement - Else: Unable to click on object 'Object Repository/SearchResultPage/SearchItemTab/CatalogItems/Check Box For 3 Row Item List' (Root cause: com.kms.katalon.core.webui.exception.WebElementNotFoundException: Web element with id: 'Object Repository/SearchResultPage/SearchItemTab/CatalogItems/Check Box For 3 Row Item List' located by 'By.xpath: //dew-tab[@id='items-in-catalogs']/eproc-product-list/dew-card/dew-flex/dew-flex-item[3]/eproc-product-card/dew-card/dew-row/dew-col[1]/div' not found)

2018-07-06 00:14:38 - [TEST_STEP][PASSED] - click: Object: 'Object Repository/Home' is clicked on

2018-07-06 00:14:38 - [MESSAGE][PASSED] - Object: 'Object Repository/Home' is clicked on

2018-07-06 00:14:38 - [TEST_STEP][PASSED] - sendKeys: Keys 'Item' sent to object: 'Object Repository/OnlineStorePage/Search Box'

2018-07-06 00:14:39 - [MESSAGE][PASSED] - Keys 'Item' sent to object: 'Object Repository/OnlineStorePage/Search Box'

2018-07-06 00:14:39 - [TEST_STEP][PASSED] - click: Object: 'Object Repository/OnlineStorePage/Search Icon' is clicked on

2018-07-06 00:14:40 - [MESSAGE][PASSED] - Object: 'Object Repository/OnlineStorePage/Search Icon' is clicked on

2018-07-06 00:14:40 - [TEST_STEP][PASSED] - waitForElementVisible: Web element with id: 'Object Repository/SearchResultPage/SearchItemTab/CatalogItems/Check Box For 3 Row Item List' located by 'By.xpath: //dew-tab[@id='items-in-catalogs']/eproc-product-list/dew-card/dew-flex/dew-flex-item[3]/eproc-product-card/dew-card/dew-row/dew-col[1]/div' not found

2018-07-06 00:15:31 - [MESSAGE][WARNING] - Web element with id: 'Object Repository/SearchResultPage/SearchItemTab/CatalogItems/Check Box For 3 Row Item List' located by 'By.xpath: //dew-tab[@id='items-in-catalogs']/eproc-product-list/dew-card/dew-flex/dew-flex-item[3]/eproc-product-card/dew-card/dew-row/dew-col[1]/div' not found

2018-07-06 00:15:31 - [TEST_STEP][FAILED] - click: Unable to click on object 'Object Repository/SearchResultPage/SearchItemTab/CatalogItems/Check Box For 3 Row Item List' (Root cause: com.kms.katalon.core.webui.exception.WebElementNotFoundException: Web element with id: 'Object Repository/SearchResultPage/SearchItemTab/CatalogItems/Check Box For 3 Row Item List' located by 'By.xpath: //dew-tab[@id='items-in-catalogs']/eproc-product-list/dew-card/dew-flex/dew-flex-item[3]/eproc-product-card/dew-card/dew-row/dew-col[1]/div' not found)

2018-07-06 00:17:17 - [MESSAGE][FAILED] - Unable to click on object 'Object Repository/SearchResultPage/SearchItemTab/CatalogItems/Check Box For 3 Row Item List' (Root cause: com.kms.katalon.core.webui.exception.WebElementNotFoundException: Web element with id: 'Object Repository/SearchResultPage/SearchItemTab/CatalogItems/Check Box For 3 Row Item List' located by 'By.xpath: //dew-tab[@id='items-in-catalogs']/eproc-product-list/dew-card/dew-flex/dew-flex-item[3]/eproc-product-card/dew-card/dew-row/dew-col[1]/div' not found)
[[ATTACHMENT|C:\\Users\\vikas.kiroula\\git\\eProc\\Reports\\VikasTestCase\\20180705_205940\\1530816436578.png]]]]></system-out>
         <system-err><![CDATA[2018-07-06 00:13:53 - [TEST_CASE][FAILED] - Test Cases/DDS-280/DDS-4311 User should be able to remove items from the cart: Test Cases/DDS-280/DDS-4311 User should be able to remove items from the cart FAILED because (of) Unable to click on object 'Object Repository/SearchResultPage/SearchItemTab/CatalogItems/Check Box For 3 Row Item List' (Root cause: com.kms.katalon.core.webui.exception.WebElementNotFoundException: Web element with id: 'Object Repository/SearchResultPage/SearchItemTab/CatalogItems/Check Box For 3 Row Item List' located by 'By.xpath: //dew-tab[@id='items-in-catalogs']/eproc-product-list/dew-card/dew-flex/dew-flex-item[3]/eproc-product-card/dew-card/dew-row/dew-col[1]/div' not found)]]></system-err>
      </testcase>
      <testcase name="Test Cases/DDS-280/DDS-4312 System should display confirm pop up message on deleting single item in cart" classname="Test Cases/DDS-280/DDS-4312 System should display confirm pop up message on deleting single item in cart" status="PASSED">
         <system-out><![CDATA[2018-07-06 00:17:17 - [TEST_CASE][PASSED] - Test Cases/DDS-280/DDS-4312 System should display confirm pop up message on deleting single item in cart: Test Cases/DDS-280/DDS-4312 System should display confirm pop up message on deleting single item in cart

2018-07-06 00:17:17 - [TEST_STEP][PASSED] - callTestCase: Call Test Case 'Test Cases/CommonLibraries/Search By Item' successfully

2018-07-06 00:17:17 - [TEST_CASE][PASSED] - Test Cases/CommonLibraries/Search By Item: Test Cases/CommonLibraries/Search By Item

2018-07-06 00:17:17 - [TEST_STEP][PASSED] - callTestCase: Call Test Case 'Test Cases/CommonLibraries/Login' successfully

2018-07-06 00:17:17 - [TEST_CASE][PASSED] - Test Cases/CommonLibraries/Login: Test Cases/CommonLibraries/Login

2018-07-06 00:17:17 - [TEST_STEP][PASSED] - openBrowser: Browser is opened with url: 'https://smtlogin.zycus.net/sso/login?serviceName=http://eproc-qa.zycus.net/'

2018-07-06 00:17:17 - [MESSAGE][WARNING] - A browser is already opened. Closing browser and opening a new one

2018-07-06 00:17:31 - [MESSAGE][PASSED] - Browser is opened with url: 'https://smtlogin.zycus.net/sso/login?serviceName=http://eproc-qa.zycus.net/'

2018-07-06 00:17:31 - [TEST_STEP][PASSED] - maximizeWindow: Current window maximized

2018-07-06 00:17:31 - [MESSAGE][PASSED] - Current window maximized

2018-07-06 00:17:31 - [TEST_STEP][PASSED] - waitForElementVisible: Object 'Object Repository/LoginPage/UserID' is visible

2018-07-06 00:17:31 - [MESSAGE][PASSED] - Object 'Object Repository/LoginPage/UserID' is visible

2018-07-06 00:17:31 - [TEST_STEP][PASSED] - sendKeys: Keys 'monicaqa@zycus.com' sent to object: 'Object Repository/LoginPage/UserID'

2018-07-06 00:17:31 - [MESSAGE][PASSED] - Keys 'monicaqa@zycus.com' sent to object: 'Object Repository/LoginPage/UserID'

2018-07-06 00:17:31 - [TEST_STEP][PASSED] - sendKeys: Keys 'eProc@123' sent to object: 'Object Repository/LoginPage/Password'

2018-07-06 00:17:31 - [MESSAGE][PASSED] - Keys 'eProc@123' sent to object: 'Object Repository/LoginPage/Password'

2018-07-06 00:17:31 - [TEST_STEP][PASSED] - click: Object: 'Object Repository/LoginPage/LoginButton' is clicked on

2018-07-06 00:17:36 - [MESSAGE][PASSED] - Object: 'Object Repository/LoginPage/LoginButton' is clicked on

2018-07-06 00:17:36 - [MESSAGE][PASSED] - Call Test Case 'Test Cases/CommonLibraries/Login' successfully

2018-07-06 00:17:36 - [TEST_STEP][PASSED] - waitForElementPresent: Object 'Object Repository/OnlineStorePage/Search Box' is present

2018-07-06 00:18:02 - [MESSAGE][PASSED] - Object 'Object Repository/OnlineStorePage/Search Box' is present

2018-07-06 00:18:02 - [TEST_STEP][PASSED] - waitForPageLoad: Wait for page load successfully

2018-07-06 00:18:02 - [MESSAGE][PASSED] - Wait for page load successfully

2018-07-06 00:18:02 - [TEST_STEP][PASSED] - sendKeys: Keys 'Item' sent to object: 'Object Repository/OnlineStorePage/Search Box'

2018-07-06 00:18:03 - [MESSAGE][PASSED] - Keys 'Item' sent to object: 'Object Repository/OnlineStorePage/Search Box'

2018-07-06 00:18:03 - [TEST_STEP][PASSED] - click: Object: 'Object Repository/OnlineStorePage/Search Icon' is clicked on

2018-07-06 00:18:03 - [MESSAGE][PASSED] - Object: 'Object Repository/OnlineStorePage/Search Icon' is clicked on

2018-07-06 00:18:03 - [MESSAGE][PASSED] - Call Test Case 'Test Cases/CommonLibraries/Search By Item' successfully

2018-07-06 00:18:03 - [TEST_STEP][PASSED] - waitForElementPresent: Object 'Object Repository/SearchResultPage/SearchItemTab/CatalogItems/Check Box For 3 Row Item List' is present

2018-07-06 00:18:09 - [MESSAGE][PASSED] - Object 'Object Repository/SearchResultPage/SearchItemTab/CatalogItems/Check Box For 3 Row Item List' is present

2018-07-06 00:18:09 - [TEST_STEP][PASSED] - click: Object: 'Object Repository/SearchResultPage/SearchItemTab/CatalogItems/Check Box For 3 Row Item List' is clicked on

2018-07-06 00:18:09 - [MESSAGE][PASSED] - Object: 'Object Repository/SearchResultPage/SearchItemTab/CatalogItems/Check Box For 3 Row Item List' is clicked on

2018-07-06 00:18:09 - [TEST_STEP][PASSED] - click: Object: 'Object Repository/SearchResultPage/SearchItemTab/CatalogItems/AddToCart_MultipleItem' is clicked on

2018-07-06 00:18:10 - [MESSAGE][PASSED] - Object: 'Object Repository/SearchResultPage/SearchItemTab/CatalogItems/AddToCart_MultipleItem' is clicked on

2018-07-06 00:18:10 - [TEST_STEP][PASSED] - click: Object: 'Object Repository/OnlineStorePage/CartIcon' is clicked on

2018-07-06 00:18:10 - [MESSAGE][PASSED] - Object: 'Object Repository/OnlineStorePage/CartIcon' is clicked on

2018-07-06 00:18:10 - [TEST_STEP][PASSED] - delay: Delayed 2 second(s)

2018-07-06 00:18:12 - [MESSAGE][PASSED] - Delayed 2 second(s)

2018-07-06 00:18:12 - [TEST_STEP][PASSED] - click: Object: 'Object Repository/Cart Page/Delete Icon_line item 1' is clicked on

2018-07-06 00:18:12 - [MESSAGE][PASSED] - Object: 'Object Repository/Cart Page/Delete Icon_line item 1' is clicked on

2018-07-06 00:18:12 - [TEST_STEP][PASSED] - delay: Delayed 2 second(s)

2018-07-06 00:18:14 - [MESSAGE][PASSED] - Delayed 2 second(s)

2018-07-06 00:18:14 - [TEST_STEP][PASSED] - waitForElementPresent: Object 'Object Repository/Popups/Empty cart/Text Displayed pop up' is present

2018-07-06 00:18:14 - [MESSAGE][PASSED] - Object 'Object Repository/Popups/Empty cart/Text Displayed pop up' is present

2018-07-06 00:18:14 - [TEST_STEP][PASSED] - verifyElementText: Actual text and expected text of test object 'Object Repository/Popups/Empty cart/Text Displayed pop up' are matched.

2018-07-06 00:18:14 - [MESSAGE][PASSED] - Actual text and expected text of test object 'Object Repository/Popups/Empty cart/Text Displayed pop up' are matched.

2018-07-06 00:18:14 - [TEST_STEP][PASSED] - closeBrowser: Browser is closed

2018-07-06 00:18:14 - [MESSAGE][PASSED] - Browser is closed]]></system-out>
         <system-err><![CDATA[]]></system-err>
      </testcase>
      <testcase name="Test Cases/DDS-280/DDS-4313 Verify confirm pop up message  after deleting single item  stating Are you sure you want to delete item Name on the cart  with yes and No button" classname="Test Cases/DDS-280/DDS-4313 Verify confirm pop up message  after deleting single item  stating Are you sure you want to delete item Name on the cart  with yes and No button" status="FAILED">
         <failure type="FAILED" message="Unable to click on object 'Object Repository/Cart Page/Delete Icon_line item 1' (Root cause: org.openqa.selenium.StaleElementReferenceException: Element is no longer attached to the DOM
Command duration or timeout: 0 milliseconds)"/>
         <system-out><![CDATA[2018-07-06 00:18:14 - [TEST_CASE][FAILED] - Test Cases/DDS-280/DDS-4313 Verify confirm pop up message  after deleting single item  stating Are you sure you want to delete item Name on the cart  with yes and No button: Test Cases/DDS-280/DDS-4313 Verify confirm pop up message  after deleting single item  stating Are you sure you want to delete item Name on the cart  with yes and No button FAILED because (of) Unable to click on object 'Object Repository/Cart Page/Delete Icon_line item 1' (Root cause: org.openqa.selenium.StaleElementReferenceException: Element is no longer attached to the DOM
Command duration or timeout: 0 milliseconds)

2018-07-06 00:18:14 - [TEST_STEP][PASSED] - callTestCase: Call Test Case 'Test Cases/CommonLibraries/Search By Item' successfully

2018-07-06 00:18:14 - [TEST_CASE][PASSED] - Test Cases/CommonLibraries/Search By Item: Test Cases/CommonLibraries/Search By Item

2018-07-06 00:18:14 - [TEST_STEP][PASSED] - callTestCase: Call Test Case 'Test Cases/CommonLibraries/Login' successfully

2018-07-06 00:18:14 - [TEST_CASE][PASSED] - Test Cases/CommonLibraries/Login: Test Cases/CommonLibraries/Login

2018-07-06 00:18:14 - [TEST_STEP][PASSED] - openBrowser: Browser is opened with url: 'https://smtlogin.zycus.net/sso/login?serviceName=http://eproc-qa.zycus.net/'

2018-07-06 00:18:27 - [MESSAGE][PASSED] - Browser is opened with url: 'https://smtlogin.zycus.net/sso/login?serviceName=http://eproc-qa.zycus.net/'

2018-07-06 00:18:27 - [TEST_STEP][PASSED] - maximizeWindow: Current window maximized

2018-07-06 00:18:27 - [MESSAGE][PASSED] - Current window maximized

2018-07-06 00:18:27 - [TEST_STEP][PASSED] - waitForElementVisible: Object 'Object Repository/LoginPage/UserID' is visible

2018-07-06 00:18:27 - [MESSAGE][PASSED] - Object 'Object Repository/LoginPage/UserID' is visible

2018-07-06 00:18:27 - [TEST_STEP][PASSED] - sendKeys: Keys 'monicaqa@zycus.com' sent to object: 'Object Repository/LoginPage/UserID'

2018-07-06 00:18:28 - [MESSAGE][PASSED] - Keys 'monicaqa@zycus.com' sent to object: 'Object Repository/LoginPage/UserID'

2018-07-06 00:18:28 - [TEST_STEP][PASSED] - sendKeys: Keys 'eProc@123' sent to object: 'Object Repository/LoginPage/Password'

2018-07-06 00:18:28 - [MESSAGE][PASSED] - Keys 'eProc@123' sent to object: 'Object Repository/LoginPage/Password'

2018-07-06 00:18:28 - [TEST_STEP][PASSED] - click: Object: 'Object Repository/LoginPage/LoginButton' is clicked on

2018-07-06 00:18:32 - [MESSAGE][PASSED] - Object: 'Object Repository/LoginPage/LoginButton' is clicked on

2018-07-06 00:18:32 - [MESSAGE][PASSED] - Call Test Case 'Test Cases/CommonLibraries/Login' successfully

2018-07-06 00:18:32 - [TEST_STEP][PASSED] - waitForElementPresent: Object 'Object Repository/OnlineStorePage/Search Box' is present

2018-07-06 00:19:02 - [MESSAGE][PASSED] - Object 'Object Repository/OnlineStorePage/Search Box' is present

2018-07-06 00:19:02 - [TEST_STEP][PASSED] - waitForPageLoad: Wait for page load successfully

2018-07-06 00:19:02 - [MESSAGE][PASSED] - Wait for page load successfully

2018-07-06 00:19:02 - [TEST_STEP][PASSED] - sendKeys: Keys 'Item' sent to object: 'Object Repository/OnlineStorePage/Search Box'

2018-07-06 00:19:02 - [MESSAGE][PASSED] - Keys 'Item' sent to object: 'Object Repository/OnlineStorePage/Search Box'

2018-07-06 00:19:02 - [TEST_STEP][PASSED] - click: Object: 'Object Repository/OnlineStorePage/Search Icon' is clicked on

2018-07-06 00:19:03 - [MESSAGE][PASSED] - Object: 'Object Repository/OnlineStorePage/Search Icon' is clicked on

2018-07-06 00:19:03 - [MESSAGE][PASSED] - Call Test Case 'Test Cases/CommonLibraries/Search By Item' successfully

2018-07-06 00:19:03 - [TEST_STEP][PASSED] - waitForElementVisible: Object 'Object Repository/SearchResultPage/SearchItemTab/CatalogItems/Check Box For 3 Row Item List' is visible

2018-07-06 00:19:08 - [MESSAGE][PASSED] - Object 'Object Repository/SearchResultPage/SearchItemTab/CatalogItems/Check Box For 3 Row Item List' is visible

2018-07-06 00:19:08 - [TEST_STEP][PASSED] - click: Object: 'Object Repository/SearchResultPage/SearchItemTab/CatalogItems/Check Box For 3 Row Item List' is clicked on

2018-07-06 00:19:08 - [MESSAGE][PASSED] - Object: 'Object Repository/SearchResultPage/SearchItemTab/CatalogItems/Check Box For 3 Row Item List' is clicked on

2018-07-06 00:19:08 - [TEST_STEP][PASSED] - click: Object: 'Object Repository/SearchResultPage/SearchItemTab/CatalogItems/AddToCart_MultipleItem' is clicked on

2018-07-06 00:19:09 - [MESSAGE][PASSED] - Object: 'Object Repository/SearchResultPage/SearchItemTab/CatalogItems/AddToCart_MultipleItem' is clicked on

2018-07-06 00:19:09 - [TEST_STEP][PASSED] - click: Object: 'Object Repository/OnlineStorePage/CartIcon' is clicked on

2018-07-06 00:19:09 - [MESSAGE][PASSED] - Object: 'Object Repository/OnlineStorePage/CartIcon' is clicked on

2018-07-06 00:19:09 - [TEST_STEP][FAILED] - click: Unable to click on object 'Object Repository/Cart Page/Delete Icon_line item 1' (Root cause: org.openqa.selenium.StaleElementReferenceException: Element is no longer attached to the DOM
Command duration or timeout: 0 milliseconds)

2018-07-06 00:19:10 - [MESSAGE][FAILED] - Unable to click on object 'Object Repository/Cart Page/Delete Icon_line item 1' (Root cause: org.openqa.selenium.StaleElementReferenceException: Element is no longer attached to the DOM
Command duration or timeout: 0 milliseconds)
[[ATTACHMENT|C:\\Users\\vikas.kiroula\\git\\eProc\\Reports\\VikasTestCase\\20180705_205940\\1530816549798.png]]]]></system-out>
         <system-err><![CDATA[2018-07-06 00:18:14 - [TEST_CASE][FAILED] - Test Cases/DDS-280/DDS-4313 Verify confirm pop up message  after deleting single item  stating Are you sure you want to delete item Name on the cart  with yes and No button: Test Cases/DDS-280/DDS-4313 Verify confirm pop up message  after deleting single item  stating Are you sure you want to delete item Name on the cart  with yes and No button FAILED because (of) Unable to click on object 'Object Repository/Cart Page/Delete Icon_line item 1' (Root cause: org.openqa.selenium.StaleElementReferenceException: Element is no longer attached to the DOM
Command duration or timeout: 0 milliseconds)]]></system-err>
      </testcase>
      <testcase name="Test Cases/DDS-280/DDS-4314 If all items are deleted, system should show message Your cart is empty" classname="Test Cases/DDS-280/DDS-4314 If all items are deleted, system should show message Your cart is empty" status="FAILED">
         <failure type="FAILED" message="Unable to click on object 'Object Repository/Popups/Empty cart/Yes Button' (Root cause: org.openqa.selenium.ElementNotVisibleException: Element is not currently visible and so may not be interacted with
Command duration or timeout: 0 milliseconds)"/>
         <system-out><![CDATA[2018-07-06 00:19:10 - [TEST_CASE][FAILED] - Test Cases/DDS-280/DDS-4314 If all items are deleted, system should show message Your cart is empty: Test Cases/DDS-280/DDS-4314 If all items are deleted, system should show message Your cart is empty FAILED because (of) Unable to click on object 'Object Repository/Popups/Empty cart/Yes Button' (Root cause: org.openqa.selenium.ElementNotVisibleException: Element is not currently visible and so may not be interacted with
Command duration or timeout: 0 milliseconds)

2018-07-06 00:19:10 - [TEST_STEP][PASSED] - callTestCase: Call Test Case 'Test Cases/CommonLibraries/Search By Item' successfully

2018-07-06 00:19:10 - [TEST_CASE][PASSED] - Test Cases/CommonLibraries/Search By Item: Test Cases/CommonLibraries/Search By Item

2018-07-06 00:19:10 - [TEST_STEP][PASSED] - callTestCase: Call Test Case 'Test Cases/CommonLibraries/Login' successfully

2018-07-06 00:19:10 - [TEST_CASE][PASSED] - Test Cases/CommonLibraries/Login: Test Cases/CommonLibraries/Login

2018-07-06 00:19:10 - [TEST_STEP][PASSED] - openBrowser: Browser is opened with url: 'https://smtlogin.zycus.net/sso/login?serviceName=http://eproc-qa.zycus.net/'

2018-07-06 00:19:10 - [MESSAGE][WARNING] - A browser is already opened. Closing browser and opening a new one

2018-07-06 00:19:22 - [MESSAGE][PASSED] - Browser is opened with url: 'https://smtlogin.zycus.net/sso/login?serviceName=http://eproc-qa.zycus.net/'

2018-07-06 00:19:22 - [TEST_STEP][PASSED] - maximizeWindow: Current window maximized

2018-07-06 00:19:22 - [MESSAGE][PASSED] - Current window maximized

2018-07-06 00:19:22 - [TEST_STEP][PASSED] - waitForElementVisible: Object 'Object Repository/LoginPage/UserID' is visible

2018-07-06 00:19:22 - [MESSAGE][PASSED] - Object 'Object Repository/LoginPage/UserID' is visible

2018-07-06 00:19:22 - [TEST_STEP][PASSED] - sendKeys: Keys 'monicaqa@zycus.com' sent to object: 'Object Repository/LoginPage/UserID'

2018-07-06 00:19:22 - [MESSAGE][PASSED] - Keys 'monicaqa@zycus.com' sent to object: 'Object Repository/LoginPage/UserID'

2018-07-06 00:19:22 - [TEST_STEP][PASSED] - sendKeys: Keys 'eProc@123' sent to object: 'Object Repository/LoginPage/Password'

2018-07-06 00:19:22 - [MESSAGE][PASSED] - Keys 'eProc@123' sent to object: 'Object Repository/LoginPage/Password'

2018-07-06 00:19:22 - [TEST_STEP][PASSED] - click: Object: 'Object Repository/LoginPage/LoginButton' is clicked on

2018-07-06 00:19:26 - [MESSAGE][PASSED] - Object: 'Object Repository/LoginPage/LoginButton' is clicked on

2018-07-06 00:19:26 - [MESSAGE][PASSED] - Call Test Case 'Test Cases/CommonLibraries/Login' successfully

2018-07-06 00:19:26 - [TEST_STEP][PASSED] - waitForElementPresent: Object 'Object Repository/OnlineStorePage/Search Box' is present

2018-07-06 00:19:53 - [MESSAGE][PASSED] - Object 'Object Repository/OnlineStorePage/Search Box' is present

2018-07-06 00:19:53 - [TEST_STEP][PASSED] - waitForPageLoad: Wait for page load successfully

2018-07-06 00:19:53 - [MESSAGE][PASSED] - Wait for page load successfully

2018-07-06 00:19:53 - [TEST_STEP][PASSED] - sendKeys: Keys 'Item' sent to object: 'Object Repository/OnlineStorePage/Search Box'

2018-07-06 00:19:54 - [MESSAGE][PASSED] - Keys 'Item' sent to object: 'Object Repository/OnlineStorePage/Search Box'

2018-07-06 00:19:54 - [TEST_STEP][PASSED] - click: Object: 'Object Repository/OnlineStorePage/Search Icon' is clicked on

2018-07-06 00:19:54 - [MESSAGE][PASSED] - Object: 'Object Repository/OnlineStorePage/Search Icon' is clicked on

2018-07-06 00:19:54 - [MESSAGE][PASSED] - Call Test Case 'Test Cases/CommonLibraries/Search By Item' successfully

2018-07-06 00:19:54 - [TEST_STEP][PASSED] - waitForElementVisible: Object 'Object Repository/SearchResultPage/SearchItemTab/CatalogItems/Check Box For 3 Row Item List' is visible

2018-07-06 00:20:00 - [MESSAGE][PASSED] - Object 'Object Repository/SearchResultPage/SearchItemTab/CatalogItems/Check Box For 3 Row Item List' is visible

2018-07-06 00:20:00 - [TEST_STEP][PASSED] - click: Object: 'Object Repository/SearchResultPage/SearchItemTab/CatalogItems/Check Box For 3 Row Item List' is clicked on

2018-07-06 00:20:00 - [MESSAGE][PASSED] - Object: 'Object Repository/SearchResultPage/SearchItemTab/CatalogItems/Check Box For 3 Row Item List' is clicked on

2018-07-06 00:20:00 - [TEST_STEP][PASSED] - click: Object: 'Object Repository/SearchResultPage/SearchItemTab/CatalogItems/AddToCart_MultipleItem' is clicked on

2018-07-06 00:20:00 - [MESSAGE][PASSED] - Object: 'Object Repository/SearchResultPage/SearchItemTab/CatalogItems/AddToCart_MultipleItem' is clicked on

2018-07-06 00:20:00 - [TEST_STEP][PASSED] - click: Object: 'Object Repository/OnlineStorePage/CartIcon' is clicked on

2018-07-06 00:20:00 - [MESSAGE][PASSED] - Object: 'Object Repository/OnlineStorePage/CartIcon' is clicked on

2018-07-06 00:20:00 - [TEST_STEP][NOT_RUN] - click: NOT_RUN: click

2018-07-06 00:20:00 - [MESSAGE][NOT_RUN] - NOT_RUN: click

2018-07-06 00:20:00 - [TEST_STEP][FAILED] - click: Unable to click on object 'Object Repository/Popups/Empty cart/Yes Button' (Root cause: org.openqa.selenium.ElementNotVisibleException: Element is not currently visible and so may not be interacted with
Command duration or timeout: 0 milliseconds)

2018-07-06 00:20:00 - [MESSAGE][FAILED] - Unable to click on object 'Object Repository/Popups/Empty cart/Yes Button' (Root cause: org.openqa.selenium.ElementNotVisibleException: Element is not currently visible and so may not be interacted with
Command duration or timeout: 0 milliseconds)
[[ATTACHMENT|C:\\Users\\vikas.kiroula\\git\\eProc\\Reports\\VikasTestCase\\20180705_205940\\1530816600675.png]]]]></system-out>
         <system-err><![CDATA[2018-07-06 00:19:10 - [TEST_CASE][FAILED] - Test Cases/DDS-280/DDS-4314 If all items are deleted, system should show message Your cart is empty: Test Cases/DDS-280/DDS-4314 If all items are deleted, system should show message Your cart is empty FAILED because (of) Unable to click on object 'Object Repository/Popups/Empty cart/Yes Button' (Root cause: org.openqa.selenium.ElementNotVisibleException: Element is not currently visible and so may not be interacted with
Command duration or timeout: 0 milliseconds)]]></system-err>
      </testcase>
      <testcase name="Test Cases/DDS-280/DDS-4315 Add cart to basket Empty cart and checkout button should be disabled if cart is empty" classname="Test Cases/DDS-280/DDS-4315 Add cart to basket Empty cart and checkout button should be disabled if cart is empty" status="FAILED">
         <failure type="FAILED" message="Unable to click on object 'Object Repository/Popups/Empty cart/Yes Button' (Root cause: org.openqa.selenium.ElementNotVisibleException: Element is not currently visible and so may not be interacted with
Command duration or timeout: 0 milliseconds)"/>
         <system-out><![CDATA[2018-07-06 00:20:00 - [TEST_CASE][FAILED] - Test Cases/DDS-280/DDS-4315 Add cart to basket Empty cart and checkout button should be disabled if cart is empty: Test Cases/DDS-280/DDS-4315 Add cart to basket Empty cart and checkout button should be disabled if cart is empty FAILED because (of) Unable to click on object 'Object Repository/Popups/Empty cart/Yes Button' (Root cause: org.openqa.selenium.ElementNotVisibleException: Element is not currently visible and so may not be interacted with
Command duration or timeout: 0 milliseconds)

2018-07-06 00:20:00 - [TEST_STEP][PASSED] - callTestCase: Call Test Case 'Test Cases/CommonLibraries/Search By Item' successfully

2018-07-06 00:20:01 - [TEST_CASE][PASSED] - Test Cases/CommonLibraries/Search By Item: Test Cases/CommonLibraries/Search By Item

2018-07-06 00:20:01 - [TEST_STEP][PASSED] - callTestCase: Call Test Case 'Test Cases/CommonLibraries/Login' successfully

2018-07-06 00:20:01 - [TEST_CASE][PASSED] - Test Cases/CommonLibraries/Login: Test Cases/CommonLibraries/Login

2018-07-06 00:20:01 - [TEST_STEP][PASSED] - openBrowser: Browser is opened with url: 'https://smtlogin.zycus.net/sso/login?serviceName=http://eproc-qa.zycus.net/'

2018-07-06 00:20:01 - [MESSAGE][WARNING] - A browser is already opened. Closing browser and opening a new one

2018-07-06 00:20:10 - [MESSAGE][PASSED] - Browser is opened with url: 'https://smtlogin.zycus.net/sso/login?serviceName=http://eproc-qa.zycus.net/'

2018-07-06 00:20:10 - [TEST_STEP][PASSED] - maximizeWindow: Current window maximized

2018-07-06 00:20:10 - [MESSAGE][PASSED] - Current window maximized

2018-07-06 00:20:10 - [TEST_STEP][PASSED] - waitForElementVisible: Object 'Object Repository/LoginPage/UserID' is visible

2018-07-06 00:20:11 - [MESSAGE][PASSED] - Object 'Object Repository/LoginPage/UserID' is visible

2018-07-06 00:20:11 - [TEST_STEP][PASSED] - sendKeys: Keys 'monicaqa@zycus.com' sent to object: 'Object Repository/LoginPage/UserID'

2018-07-06 00:20:11 - [MESSAGE][PASSED] - Keys 'monicaqa@zycus.com' sent to object: 'Object Repository/LoginPage/UserID'

2018-07-06 00:20:11 - [TEST_STEP][PASSED] - sendKeys: Keys 'eProc@123' sent to object: 'Object Repository/LoginPage/Password'

2018-07-06 00:20:11 - [MESSAGE][PASSED] - Keys 'eProc@123' sent to object: 'Object Repository/LoginPage/Password'

2018-07-06 00:20:11 - [TEST_STEP][PASSED] - click: Object: 'Object Repository/LoginPage/LoginButton' is clicked on

2018-07-06 00:20:14 - [MESSAGE][PASSED] - Object: 'Object Repository/LoginPage/LoginButton' is clicked on

2018-07-06 00:20:14 - [MESSAGE][PASSED] - Call Test Case 'Test Cases/CommonLibraries/Login' successfully

2018-07-06 00:20:14 - [TEST_STEP][PASSED] - waitForElementPresent: Object 'Object Repository/OnlineStorePage/Search Box' is present

2018-07-06 00:20:41 - [MESSAGE][PASSED] - Object 'Object Repository/OnlineStorePage/Search Box' is present

2018-07-06 00:20:41 - [TEST_STEP][PASSED] - waitForPageLoad: Wait for page load successfully

2018-07-06 00:20:41 - [MESSAGE][PASSED] - Wait for page load successfully

2018-07-06 00:20:41 - [TEST_STEP][PASSED] - sendKeys: Keys 'Item' sent to object: 'Object Repository/OnlineStorePage/Search Box'

2018-07-06 00:20:41 - [MESSAGE][PASSED] - Keys 'Item' sent to object: 'Object Repository/OnlineStorePage/Search Box'

2018-07-06 00:20:41 - [TEST_STEP][PASSED] - click: Object: 'Object Repository/OnlineStorePage/Search Icon' is clicked on

2018-07-06 00:20:41 - [MESSAGE][PASSED] - Object: 'Object Repository/OnlineStorePage/Search Icon' is clicked on

2018-07-06 00:20:41 - [MESSAGE][PASSED] - Call Test Case 'Test Cases/CommonLibraries/Search By Item' successfully

2018-07-06 00:20:41 - [TEST_STEP][PASSED] - waitForElementVisible: Object 'Object Repository/SearchResultPage/SearchItemTab/CatalogItems/Check Box For 3 Row Item List' is visible

2018-07-06 00:20:49 - [MESSAGE][PASSED] - Object 'Object Repository/SearchResultPage/SearchItemTab/CatalogItems/Check Box For 3 Row Item List' is visible

2018-07-06 00:20:49 - [TEST_STEP][PASSED] - click: Object: 'Object Repository/SearchResultPage/SearchItemTab/CatalogItems/Check Box For 3 Row Item List' is clicked on

2018-07-06 00:20:49 - [MESSAGE][PASSED] - Object: 'Object Repository/SearchResultPage/SearchItemTab/CatalogItems/Check Box For 3 Row Item List' is clicked on

2018-07-06 00:20:49 - [TEST_STEP][PASSED] - click: Object: 'Object Repository/SearchResultPage/SearchItemTab/CatalogItems/AddToCart_MultipleItem' is clicked on

2018-07-06 00:20:49 - [MESSAGE][PASSED] - Object: 'Object Repository/SearchResultPage/SearchItemTab/CatalogItems/AddToCart_MultipleItem' is clicked on

2018-07-06 00:20:49 - [TEST_STEP][PASSED] - click: Object: 'Object Repository/OnlineStorePage/CartIcon' is clicked on

2018-07-06 00:20:49 - [MESSAGE][PASSED] - Object: 'Object Repository/OnlineStorePage/CartIcon' is clicked on

2018-07-06 00:20:49 - [TEST_STEP][PASSED] - click: Object: 'Object Repository/Cart Page/Empty Cart Button' is clicked on

2018-07-06 00:20:49 - [MESSAGE][PASSED] - Object: 'Object Repository/Cart Page/Empty Cart Button' is clicked on

2018-07-06 00:20:49 - [TEST_STEP][PASSED] - delay: Delayed 2 second(s)

2018-07-06 00:20:51 - [MESSAGE][PASSED] - Delayed 2 second(s)

2018-07-06 00:20:51 - [TEST_STEP][FAILED] - click: Unable to click on object 'Object Repository/Popups/Empty cart/Yes Button' (Root cause: org.openqa.selenium.ElementNotVisibleException: Element is not currently visible and so may not be interacted with
Command duration or timeout: 0 milliseconds)

2018-07-06 00:20:52 - [MESSAGE][FAILED] - Unable to click on object 'Object Repository/Popups/Empty cart/Yes Button' (Root cause: org.openqa.selenium.ElementNotVisibleException: Element is not currently visible and so may not be interacted with
Command duration or timeout: 0 milliseconds)
[[ATTACHMENT|C:\\Users\\vikas.kiroula\\git\\eProc\\Reports\\VikasTestCase\\20180705_205940\\1530816652040.png]]]]></system-out>
         <system-err><![CDATA[2018-07-06 00:20:00 - [TEST_CASE][FAILED] - Test Cases/DDS-280/DDS-4315 Add cart to basket Empty cart and checkout button should be disabled if cart is empty: Test Cases/DDS-280/DDS-4315 Add cart to basket Empty cart and checkout button should be disabled if cart is empty FAILED because (of) Unable to click on object 'Object Repository/Popups/Empty cart/Yes Button' (Root cause: org.openqa.selenium.ElementNotVisibleException: Element is not currently visible and so may not be interacted with
Command duration or timeout: 0 milliseconds)]]></system-err>
      </testcase>
      <testcase name="Test Cases/CommonLibraries/Login" classname="Test Cases/CommonLibraries/Login" status="PASSED">
         <system-out><![CDATA[2018-07-06 00:20:52 - [TEST_CASE][PASSED] - Test Cases/CommonLibraries/Login: Test Cases/CommonLibraries/Login

2018-07-06 00:20:52 - [TEST_STEP][PASSED] - openBrowser: Browser is opened with url: 'https://smtlogin.zycus.net/sso/login?serviceName=http://eproc-qa.zycus.net/'

2018-07-06 00:20:52 - [MESSAGE][WARNING] - A browser is already opened. Closing browser and opening a new one

2018-07-06 00:21:03 - [MESSAGE][PASSED] - Browser is opened with url: 'https://smtlogin.zycus.net/sso/login?serviceName=http://eproc-qa.zycus.net/'

2018-07-06 00:21:03 - [TEST_STEP][PASSED] - maximizeWindow: Current window maximized

2018-07-06 00:21:03 - [MESSAGE][PASSED] - Current window maximized

2018-07-06 00:21:03 - [TEST_STEP][PASSED] - waitForElementVisible: Object 'Object Repository/LoginPage/UserID' is visible

2018-07-06 00:21:03 - [MESSAGE][PASSED] - Object 'Object Repository/LoginPage/UserID' is visible

2018-07-06 00:21:03 - [TEST_STEP][PASSED] - sendKeys: Keys 'monicaqa@zycus.com' sent to object: 'Object Repository/LoginPage/UserID'

2018-07-06 00:21:03 - [MESSAGE][PASSED] - Keys 'monicaqa@zycus.com' sent to object: 'Object Repository/LoginPage/UserID'

2018-07-06 00:21:03 - [TEST_STEP][PASSED] - sendKeys: Keys 'eProc@123' sent to object: 'Object Repository/LoginPage/Password'

2018-07-06 00:21:03 - [MESSAGE][PASSED] - Keys 'eProc@123' sent to object: 'Object Repository/LoginPage/Password'

2018-07-06 00:21:03 - [TEST_STEP][PASSED] - click: Object: 'Object Repository/LoginPage/LoginButton' is clicked on

2018-07-06 00:21:06 - [MESSAGE][PASSED] - Object: 'Object Repository/LoginPage/LoginButton' is clicked on]]></system-out>
         <system-err><![CDATA[]]></system-err>
      </testcase>
      <testcase name="Test Cases/CommonLibraries/Logout" classname="Test Cases/CommonLibraries/Logout" status="PASSED">
         <system-out><![CDATA[2018-07-06 00:21:06 - [TEST_CASE][PASSED] - Test Cases/CommonLibraries/Logout: Test Cases/CommonLibraries/Logout

2018-07-06 00:21:07 - [TEST_STEP][PASSED] - Statement - return null: null]]></system-out>
         <system-err><![CDATA[]]></system-err>
      </testcase>
      <testcase name="Test Cases/CommonLibraries/Search By Item" classname="Test Cases/CommonLibraries/Search By Item" status="PASSED">
         <system-out><![CDATA[2018-07-06 00:21:07 - [TEST_CASE][PASSED] - Test Cases/CommonLibraries/Search By Item: Test Cases/CommonLibraries/Search By Item

2018-07-06 00:21:07 - [TEST_STEP][PASSED] - callTestCase: Call Test Case 'Test Cases/CommonLibraries/Login' successfully

2018-07-06 00:21:07 - [TEST_CASE][PASSED] - Test Cases/CommonLibraries/Login: Test Cases/CommonLibraries/Login

2018-07-06 00:21:07 - [TEST_STEP][PASSED] - openBrowser: Browser is opened with url: 'https://smtlogin.zycus.net/sso/login?serviceName=http://eproc-qa.zycus.net/'

2018-07-06 00:21:07 - [MESSAGE][WARNING] - A browser is already opened. Closing browser and opening a new one

2018-07-06 00:21:17 - [MESSAGE][PASSED] - Browser is opened with url: 'https://smtlogin.zycus.net/sso/login?serviceName=http://eproc-qa.zycus.net/'

2018-07-06 00:21:17 - [TEST_STEP][PASSED] - maximizeWindow: Current window maximized

2018-07-06 00:21:17 - [MESSAGE][PASSED] - Current window maximized

2018-07-06 00:21:17 - [TEST_STEP][PASSED] - waitForElementVisible: Object 'Object Repository/LoginPage/UserID' is visible

2018-07-06 00:21:17 - [MESSAGE][PASSED] - Object 'Object Repository/LoginPage/UserID' is visible

2018-07-06 00:21:17 - [TEST_STEP][PASSED] - sendKeys: Keys 'monicaqa@zycus.com' sent to object: 'Object Repository/LoginPage/UserID'

2018-07-06 00:21:17 - [MESSAGE][PASSED] - Keys 'monicaqa@zycus.com' sent to object: 'Object Repository/LoginPage/UserID'

2018-07-06 00:21:17 - [TEST_STEP][PASSED] - sendKeys: Keys 'eProc@123' sent to object: 'Object Repository/LoginPage/Password'

2018-07-06 00:21:17 - [MESSAGE][PASSED] - Keys 'eProc@123' sent to object: 'Object Repository/LoginPage/Password'

2018-07-06 00:21:17 - [TEST_STEP][PASSED] - click: Object: 'Object Repository/LoginPage/LoginButton' is clicked on

2018-07-06 00:21:21 - [MESSAGE][PASSED] - Object: 'Object Repository/LoginPage/LoginButton' is clicked on

2018-07-06 00:21:21 - [MESSAGE][PASSED] - Call Test Case 'Test Cases/CommonLibraries/Login' successfully

2018-07-06 00:21:21 - [TEST_STEP][PASSED] - waitForElementPresent: Object 'Object Repository/OnlineStorePage/Search Box' is present

2018-07-06 00:21:53 - [MESSAGE][PASSED] - Object 'Object Repository/OnlineStorePage/Search Box' is present

2018-07-06 00:21:53 - [TEST_STEP][PASSED] - waitForPageLoad: Wait for page load successfully

2018-07-06 00:21:53 - [MESSAGE][PASSED] - Wait for page load successfully

2018-07-06 00:21:53 - [TEST_STEP][PASSED] - sendKeys: Keys 'Item' sent to object: 'Object Repository/OnlineStorePage/Search Box'

2018-07-06 00:21:53 - [MESSAGE][PASSED] - Keys 'Item' sent to object: 'Object Repository/OnlineStorePage/Search Box'

2018-07-06 00:21:53 - [TEST_STEP][PASSED] - click: Object: 'Object Repository/OnlineStorePage/Search Icon' is clicked on

2018-07-06 00:21:53 - [MESSAGE][PASSED] - Object: 'Object Repository/OnlineStorePage/Search Icon' is clicked on]]></system-out>
         <system-err><![CDATA[]]></system-err>
      </testcase>
      <testcase name="Test Cases/CommonLibraries/Search By Laptop" classname="Test Cases/CommonLibraries/Search By Laptop" status="PASSED">
         <system-out><![CDATA[2018-07-06 00:21:53 - [TEST_CASE][PASSED] - Test Cases/CommonLibraries/Search By Laptop: Test Cases/CommonLibraries/Search By Laptop

2018-07-06 00:21:53 - [TEST_STEP][PASSED] - callTestCase: Call Test Case 'Test Cases/CommonLibraries/Login' successfully

2018-07-06 00:21:53 - [TEST_CASE][PASSED] - Test Cases/CommonLibraries/Login: Test Cases/CommonLibraries/Login

2018-07-06 00:21:53 - [TEST_STEP][PASSED] - openBrowser: Browser is opened with url: 'https://smtlogin.zycus.net/sso/login?serviceName=http://eproc-qa.zycus.net/'

2018-07-06 00:21:53 - [MESSAGE][WARNING] - A browser is already opened. Closing browser and opening a new one

2018-07-06 00:22:08 - [MESSAGE][PASSED] - Browser is opened with url: 'https://smtlogin.zycus.net/sso/login?serviceName=http://eproc-qa.zycus.net/'

2018-07-06 00:22:08 - [TEST_STEP][PASSED] - maximizeWindow: Current window maximized

2018-07-06 00:22:08 - [MESSAGE][PASSED] - Current window maximized

2018-07-06 00:22:08 - [TEST_STEP][PASSED] - waitForElementVisible: Object 'Object Repository/LoginPage/UserID' is visible

2018-07-06 00:22:08 - [MESSAGE][PASSED] - Object 'Object Repository/LoginPage/UserID' is visible

2018-07-06 00:22:08 - [TEST_STEP][PASSED] - sendKeys: Keys 'monicaqa@zycus.com' sent to object: 'Object Repository/LoginPage/UserID'

2018-07-06 00:22:08 - [MESSAGE][PASSED] - Keys 'monicaqa@zycus.com' sent to object: 'Object Repository/LoginPage/UserID'

2018-07-06 00:22:08 - [TEST_STEP][PASSED] - sendKeys: Keys 'eProc@123' sent to object: 'Object Repository/LoginPage/Password'

2018-07-06 00:22:08 - [MESSAGE][PASSED] - Keys 'eProc@123' sent to object: 'Object Repository/LoginPage/Password'

2018-07-06 00:22:08 - [TEST_STEP][PASSED] - click: Object: 'Object Repository/LoginPage/LoginButton' is clicked on

2018-07-06 00:22:13 - [MESSAGE][PASSED] - Object: 'Object Repository/LoginPage/LoginButton' is clicked on

2018-07-06 00:22:13 - [MESSAGE][PASSED] - Call Test Case 'Test Cases/CommonLibraries/Login' successfully

2018-07-06 00:22:13 - [TEST_STEP][PASSED] - waitForPageLoad: Wait for page load successfully

2018-07-06 00:22:13 - [MESSAGE][PASSED] - Wait for page load successfully

2018-07-06 00:22:13 - [TEST_STEP][PASSED] - sendKeys: Keys 'Laptop' sent to object: 'Object Repository/OnlineStorePage/Search Box'

2018-07-06 00:22:44 - [MESSAGE][PASSED] - Keys 'Laptop' sent to object: 'Object Repository/OnlineStorePage/Search Box'

2018-07-06 00:22:44 - [TEST_STEP][PASSED] - click: Object: 'Object Repository/OnlineStorePage/Search Icon' is clicked on

2018-07-06 00:22:45 - [MESSAGE][PASSED] - Object: 'Object Repository/OnlineStorePage/Search Icon' is clicked on]]></system-out>
         <system-err><![CDATA[]]></system-err>
      </testcase>
      <testcase name="Test Cases/CommonLibraries/Search By Pen" classname="Test Cases/CommonLibraries/Search By Pen" status="PASSED">
         <system-out><![CDATA[2018-07-06 00:22:45 - [TEST_CASE][PASSED] - Test Cases/CommonLibraries/Search By Pen: Test Cases/CommonLibraries/Search By Pen

2018-07-06 00:22:45 - [TEST_STEP][PASSED] - callTestCase: Call Test Case 'Test Cases/CommonLibraries/Login' successfully

2018-07-06 00:22:45 - [TEST_CASE][PASSED] - Test Cases/CommonLibraries/Login: Test Cases/CommonLibraries/Login

2018-07-06 00:22:45 - [TEST_STEP][PASSED] - openBrowser: Browser is opened with url: 'https://smtlogin.zycus.net/sso/login?serviceName=http://eproc-qa.zycus.net/'

2018-07-06 00:22:45 - [MESSAGE][WARNING] - A browser is already opened. Closing browser and opening a new one

2018-07-06 00:22:57 - [MESSAGE][PASSED] - Browser is opened with url: 'https://smtlogin.zycus.net/sso/login?serviceName=http://eproc-qa.zycus.net/'

2018-07-06 00:22:57 - [TEST_STEP][PASSED] - maximizeWindow: Current window maximized

2018-07-06 00:22:57 - [MESSAGE][PASSED] - Current window maximized

2018-07-06 00:22:57 - [TEST_STEP][PASSED] - waitForElementVisible: Object 'Object Repository/LoginPage/UserID' is visible

2018-07-06 00:22:57 - [MESSAGE][PASSED] - Object 'Object Repository/LoginPage/UserID' is visible

2018-07-06 00:22:57 - [TEST_STEP][PASSED] - sendKeys: Keys 'monicaqa@zycus.com' sent to object: 'Object Repository/LoginPage/UserID'

2018-07-06 00:22:57 - [MESSAGE][PASSED] - Keys 'monicaqa@zycus.com' sent to object: 'Object Repository/LoginPage/UserID'

2018-07-06 00:22:57 - [TEST_STEP][PASSED] - sendKeys: Keys 'eProc@123' sent to object: 'Object Repository/LoginPage/Password'

2018-07-06 00:22:57 - [MESSAGE][PASSED] - Keys 'eProc@123' sent to object: 'Object Repository/LoginPage/Password'

2018-07-06 00:22:57 - [TEST_STEP][PASSED] - click: Object: 'Object Repository/LoginPage/LoginButton' is clicked on

2018-07-06 00:23:01 - [MESSAGE][PASSED] - Object: 'Object Repository/LoginPage/LoginButton' is clicked on

2018-07-06 00:23:01 - [MESSAGE][PASSED] - Call Test Case 'Test Cases/CommonLibraries/Login' successfully

2018-07-06 00:23:01 - [TEST_STEP][PASSED] - waitForPageLoad: Wait for page load successfully

2018-07-06 00:23:01 - [MESSAGE][PASSED] - Wait for page load successfully

2018-07-06 00:23:01 - [TEST_STEP][PASSED] - sendKeys: Keys 'Pen' sent to object: 'Object Repository/OnlineStorePage/Search Box'

2018-07-06 00:23:26 - [MESSAGE][PASSED] - Keys 'Pen' sent to object: 'Object Repository/OnlineStorePage/Search Box'

2018-07-06 00:23:26 - [TEST_STEP][PASSED] - waitForElementPresent: Object 'Object Repository/OnlineStorePage/Search Box' is present

2018-07-06 00:23:26 - [MESSAGE][PASSED] - Object 'Object Repository/OnlineStorePage/Search Box' is present

2018-07-06 00:23:26 - [TEST_STEP][PASSED] - click: Object: 'Object Repository/OnlineStorePage/Search Icon' is clicked on

2018-07-06 00:23:26 - [MESSAGE][PASSED] - Object: 'Object Repository/OnlineStorePage/Search Icon' is clicked on]]></system-out>
         <system-err><![CDATA[]]></system-err>
      </testcase>
      <system-out><![CDATA[2018-07-05 20:59:41 - [TEST_SUITE][FAILED] - VikasTestCase: Test Cases/DDS-2053/DDS-3906 User should be able to remove item(s) from the favourites section FAILED because (of) Unable to click on object 'Object Repository/OnlineStorePage/HeaderTab/FavoritesAndPreviouslyUsedTab/View All Section/Menu Icon' (Root cause: com.kms.katalon.core.webui.exception.WebElementNotFoundException: Web element with id: 'Object Repository/OnlineStorePage/HeaderTab/FavoritesAndPreviouslyUsedTab/View All Section/Menu Icon' located by 'By.xpath: //dew-icon[@ng-reflect-icon='menu']' not found)]]></system-out>
      <system-err><![CDATA[2018-07-05 20:59:41 - [TEST_SUITE][FAILED] - VikasTestCase: Test Cases/DDS-2053/DDS-3906 User should be able to remove item(s) from the favourites section FAILED because (of) Unable to click on object 'Object Repository/OnlineStorePage/HeaderTab/FavoritesAndPreviouslyUsedTab/View All Section/Menu Icon' (Root cause: com.kms.katalon.core.webui.exception.WebElementNotFoundException: Web element with id: 'Object Repository/OnlineStorePage/HeaderTab/FavoritesAndPreviouslyUsedTab/View All Section/Menu Icon' located by 'By.xpath: //dew-icon[@ng-reflect-icon='menu']' not found)]]></system-err>
   </testsuite>
</testsuites>
