<?xml version="1.0" encoding="UTF-8"?>
<testsuites name="Run" time="7543" tests="62" failures="39" errors="27">
   <testsuite name="Run" tests="62" failures="39" errors="27" time="7543" timestamp="2018-07-02 20:30:17" hostname="vikas.kiroula - ZIPLBLRSY139.zycus.net" id="Test Suites/Run">
      <properties>
         <property name="deviceName" value=""/>
         <property name="devicePlatform" value=""/>
         <property name="logFolder" value="C:\\Users\\vikas.kiroula\\git\\eProc\\Reports\\Run\\20180702_203015"/>
         <property name="logFiles" value="C:\\Users\\vikas.kiroula\\git\\eProc\\Reports\\Run\\20180702_203015\\execution0.log"/>
         <property name="attachments" value="C:\\Users\\vikas.kiroula\\git\\eProc\\Reports\\Run\\20180702_203015\\1530543729271.png, C:\\Users\\vikas.kiroula\\git\\eProc\\Reports\\Run\\20180702_203015\\1530543828400.png, C:\\Users\\vikas.kiroula\\git\\eProc\\Reports\\Run\\20180702_203015\\1530543893735.png, C:\\Users\\vikas.kiroula\\git\\eProc\\Reports\\Run\\20180702_203015\\1530543942666.png, C:\\Users\\vikas.kiroula\\git\\eProc\\Reports\\Run\\20180702_203015\\1530543990792.png, C:\\Users\\vikas.kiroula\\git\\eProc\\Reports\\Run\\20180702_203015\\1530544049067.png, C:\\Users\\vikas.kiroula\\git\\eProc\\Reports\\Run\\20180702_203015\\1530544091492.png, C:\\Users\\vikas.kiroula\\git\\eProc\\Reports\\Run\\20180702_203015\\1530544091696.png, C:\\Users\\vikas.kiroula\\git\\eProc\\Reports\\Run\\20180702_203015\\1530544139362.png, C:\\Users\\vikas.kiroula\\git\\eProc\\Reports\\Run\\20180702_203015\\1530544384838.png, C:\\Users\\vikas.kiroula\\git\\eProc\\Reports\\Run\\20180702_203015\\1530544766620.png, C:\\Users\\vikas.kiroula\\git\\eProc\\Reports\\Run\\20180702_203015\\1530544878902.png, C:\\Screenshot/ResultPage.png, C:\\Screenshot/SupplierNameSearch.png, C:\\Screenshot/MfrIDSearch.png, C:\\Screenshot/SupplierNameSearch.png, C:\\Screenshot/ERPIDSearch.png, C:\\Screenshot/Name.png, C:\\Screenshot/list.png, C:\\Screenshot/resultPageIcon.png, C:\\Screenshot/Item Description.png, C:\\Users\\vikas.kiroula\\git\\eProc\\Reports\\Run\\20180702_203015\\1530547036841.png, C:\\Users\\vikas.kiroula\\git\\eProc\\Reports\\Run\\20180702_203015\\1530547131979.png, C:\\Users\\vikas.kiroula\\git\\eProc\\Reports\\Run\\20180702_203015\\1530547248844.png, C:\\Users\\vikas.kiroula\\git\\eProc\\Reports\\Run\\20180702_203015\\1530547489994.png, C:\\Users\\vikas.kiroula\\git\\eProc\\Reports\\Run\\20180702_203015\\1530547551812.png, C:\\Users\\vikas.kiroula\\git\\eProc\\Reports\\Run\\20180702_203015\\1530547740202.png, C:\\Users\\vikas.kiroula\\git\\eProc\\Reports\\Run\\20180702_203015\\1530547740428.png, C:\\Users\\vikas.kiroula\\git\\eProc\\Reports\\Run\\20180702_203015\\1530548050143.png, C:\\Users\\vikas.kiroula\\git\\eProc\\Reports\\Run\\20180702_203015\\1530548198605.png, C:\\Users\\vikas.kiroula\\git\\eProc\\Reports\\Run\\20180702_203015\\1530548198757.png, C:\\Users\\vikas.kiroula\\git\\eProc\\Reports\\Run\\20180702_203015\\1530548260226.png, C:\\Users\\vikas.kiroula\\git\\eProc\\Reports\\Run\\20180702_203015\\1530548260353.png, C:\\Users\\vikas.kiroula\\git\\eProc\\Reports\\Run\\20180702_203015\\1530548451121.png, C:\\Users\\vikas.kiroula\\git\\eProc\\Reports\\Run\\20180702_203015\\1530548508792.png, C:\\Users\\vikas.kiroula\\git\\eProc\\Reports\\Run\\20180702_203015\\1530549493127.png, C:\\Users\\vikas.kiroula\\git\\eProc\\Reports\\Run\\20180702_203015\\1530549624972.png, C:\\Users\\vikas.kiroula\\git\\eProc\\Reports\\Run\\20180702_203015\\1530549748850.png, C:\\Users\\vikas.kiroula\\git\\eProc\\Reports\\Run\\20180702_203015\\1530549807203.png, C:\\Users\\vikas.kiroula\\git\\eProc\\Reports\\Run\\20180702_203015\\1530549844849.png, C:\\Users\\vikas.kiroula\\git\\eProc\\Reports\\Run\\20180702_203015\\1530549845042.png, C:\\Users\\vikas.kiroula\\git\\eProc\\Reports\\Run\\20180702_203015\\1530549882681.png, C:\\Users\\vikas.kiroula\\git\\eProc\\Reports\\Run\\20180702_203015\\1530549882864.png, C:\\Users\\vikas.kiroula\\git\\eProc\\Reports\\Run\\20180702_203015\\1530549950565.png, C:\\Users\\vikas.kiroula\\git\\eProc\\Reports\\Run\\20180702_203015\\1530549950876.png, C:\\Screenshot/DefaultView.png, C:\\Screenshot/ListView.png, C:\\Screenshot/GridView.png, C:\\Users\\vikas.kiroula\\git\\eProc\\Reports\\Run\\20180702_203015\\1530550176012.png, C:\\Users\\vikas.kiroula\\git\\eProc\\Reports\\Run\\20180702_203015\\1530550176360.png, C:\\Users\\vikas.kiroula\\git\\eProc\\Reports\\Run\\20180702_203015\\1530550266394.png, C:\\Users\\vikas.kiroula\\git\\eProc\\Reports\\Run\\20180702_203015\\1530550266722.png, C:\\Users\\vikas.kiroula\\git\\eProc\\Reports\\Run\\20180702_203015\\1530550398718.png, C:\\Users\\vikas.kiroula\\git\\eProc\\Reports\\Run\\20180702_203015\\1530550528448.png, C:\\Users\\vikas.kiroula\\git\\eProc\\Reports\\Run\\20180702_203015\\1530550657145.png, C:\\Users\\vikas.kiroula\\git\\eProc\\Reports\\Run\\20180702_203015\\1530550750076.png, C:\\Users\\vikas.kiroula\\git\\eProc\\Reports\\Run\\20180702_203015\\1530550839747.png, C:\\Users\\vikas.kiroula\\git\\eProc\\Reports\\Run\\20180702_203015\\1530550927698.png, C:\\Users\\vikas.kiroula\\git\\eProc\\Reports\\Run\\20180702_203015\\1530551017394.png, C:\\Users\\vikas.kiroula\\git\\eProc\\Reports\\Run\\20180702_203015\\1530551159838.png"/>
         <property name="hostName" value="vikas.kiroula - ZIPLBLRSY139.zycus.net"/>
         <property name="os" value="Windows 10 64bit"/>
         <property name="katalonVersion" value="5.4.2.1"/>
         <property name="browser" value="Firefox 52.0"/>
         <property name="hostAddress" value="10.30.30.239"/>
         <property name="sessionId" value="51ef2802-83ff-4ffd-a989-4ebfa0669498"/>
         <property name="seleniumVersion" value="3.7.1"/>
         <property name="proxyInformation" value="ProxyInformation{proxyOption=NO_PROXY, proxyServerType=HTTP, password=, proxyServerAddress=, proxyServerPort=0}"/>
         <property name="platform" value="Windows 10"/>
      </properties>
      <testcase name="Test Cases/DDS-2052/DDS-3844" classname="Test Cases/DDS-2052/DDS-3844" status="FAILED">
         <failure type="FAILED" message="Unable to double click on object 'Object Repository/BasketsPage/NewBasket' (Root cause: com.kms.katalon.core.webui.exception.WebElementNotFoundException: Web element with id: 'Object Repository/BasketsPage/NewBasket' located by 'By.xpath: //*[@id='all-baskets']/dew-row/dew-col[1]/eproc-basket-card/dew-card/dew-card-body/dew-flex/dew-flex-item[1]/span' not found)"/>
         <system-out><![CDATA[2018-07-02 20:30:17 - [TEST_CASE][FAILED] - Test Cases/DDS-2052/DDS-3844: Test Cases/DDS-2052/DDS-3844 FAILED because (of) Unable to double click on object 'Object Repository/BasketsPage/NewBasket' (Root cause: com.kms.katalon.core.webui.exception.WebElementNotFoundException: Web element with id: 'Object Repository/BasketsPage/NewBasket' located by 'By.xpath: //*[@id='all-baskets']/dew-row/dew-col[1]/eproc-basket-card/dew-card/dew-card-body/dew-flex/dew-flex-item[1]/span' not found)

2018-07-02 20:30:17 - [TEST_STEP][PASSED] - callTestCase: Call Test Case 'Test Cases/CommonLibraries/Search By Item' successfully

2018-07-02 20:30:17 - [TEST_CASE][PASSED] - Test Cases/CommonLibraries/Search By Item: Test Cases/CommonLibraries/Search By Item

2018-07-02 20:30:17 - [TEST_STEP][PASSED] - callTestCase: Call Test Case 'Test Cases/CommonLibraries/Login' successfully

2018-07-02 20:30:17 - [TEST_CASE][PASSED] - Test Cases/CommonLibraries/Login: Test Cases/CommonLibraries/Login

2018-07-02 20:30:18 - [TEST_STEP][PASSED] - openBrowser: Browser is opened with url: 'https://smtlogin.zycus.net/sso/login?serviceName=http://eproc-qa.zycus.net/'

2018-07-02 20:30:28 - [MESSAGE][PASSED] - Browser is opened with url: 'https://smtlogin.zycus.net/sso/login?serviceName=http://eproc-qa.zycus.net/'

2018-07-02 20:30:28 - [TEST_STEP][PASSED] - maximizeWindow: Current window maximized

2018-07-02 20:30:28 - [MESSAGE][PASSED] - Current window maximized

2018-07-02 20:30:28 - [TEST_STEP][PASSED] - waitForElementVisible: Object 'Object Repository/LoginPage/UserID' is visible

2018-07-02 20:30:29 - [MESSAGE][PASSED] - Object 'Object Repository/LoginPage/UserID' is visible

2018-07-02 20:30:29 - [TEST_STEP][PASSED] - sendKeys: Keys 'monicaqa@zycus.com' sent to object: 'Object Repository/LoginPage/UserID'

2018-07-02 20:30:29 - [MESSAGE][PASSED] - Keys 'monicaqa@zycus.com' sent to object: 'Object Repository/LoginPage/UserID'

2018-07-02 20:30:29 - [TEST_STEP][PASSED] - sendKeys: Keys 'eProc@123' sent to object: 'Object Repository/LoginPage/Password'

2018-07-02 20:30:29 - [MESSAGE][PASSED] - Keys 'eProc@123' sent to object: 'Object Repository/LoginPage/Password'

2018-07-02 20:30:29 - [TEST_STEP][PASSED] - click: Object: 'Object Repository/LoginPage/LoginButton' is clicked on

2018-07-02 20:30:35 - [MESSAGE][PASSED] - Object: 'Object Repository/LoginPage/LoginButton' is clicked on

2018-07-02 20:30:35 - [MESSAGE][PASSED] - Call Test Case 'Test Cases/CommonLibraries/Login' successfully

2018-07-02 20:30:35 - [TEST_STEP][PASSED] - waitForElementPresent: Object 'Object Repository/OnlineStorePage/Search Box' is present

2018-07-02 20:30:56 - [MESSAGE][PASSED] - Object 'Object Repository/OnlineStorePage/Search Box' is present

2018-07-02 20:30:56 - [TEST_STEP][PASSED] - waitForPageLoad: Wait for page load successfully

2018-07-02 20:30:56 - [MESSAGE][PASSED] - Wait for page load successfully

2018-07-02 20:30:56 - [TEST_STEP][PASSED] - sendKeys: Keys 'Item' sent to object: 'Object Repository/OnlineStorePage/Search Box'

2018-07-02 20:30:56 - [MESSAGE][PASSED] - Keys 'Item' sent to object: 'Object Repository/OnlineStorePage/Search Box'

2018-07-02 20:30:56 - [TEST_STEP][PASSED] - click: Object: 'Object Repository/OnlineStorePage/Search Icon' is clicked on

2018-07-02 20:30:57 - [MESSAGE][PASSED] - Object: 'Object Repository/OnlineStorePage/Search Icon' is clicked on

2018-07-02 20:30:57 - [MESSAGE][PASSED] - Call Test Case 'Test Cases/CommonLibraries/Search By Item' successfully

2018-07-02 20:30:57 - [TEST_STEP][PASSED] - delay: Delayed 20 second(s)

2018-07-02 20:31:17 - [MESSAGE][PASSED] - Delayed 20 second(s)

2018-07-02 20:31:17 - [TEST_STEP][PASSED] - click: Object: 'Object Repository/SearchResultPage/SearchItemTab/CatalogItems/Check Box For 1 Row Item List' is clicked on

2018-07-02 20:31:21 - [MESSAGE][PASSED] - Object: 'Object Repository/SearchResultPage/SearchItemTab/CatalogItems/Check Box For 1 Row Item List' is clicked on

2018-07-02 20:31:21 - [TEST_STEP][PASSED] - click: Object: 'Object Repository/SearchResultPage/SearchItemTab/CatalogItems/Check Box For 2 row item list' is clicked on

2018-07-02 20:31:21 - [MESSAGE][PASSED] - Object: 'Object Repository/SearchResultPage/SearchItemTab/CatalogItems/Check Box For 2 row item list' is clicked on

2018-07-02 20:31:21 - [TEST_STEP][PASSED] - doubleClick: Object: 'Object Repository/SearchResultPage/SearchItemTab/CatalogItems/AddToBasketMultipleItem' is double clicked on

2018-07-02 20:31:21 - [MESSAGE][PASSED] - Object: 'Object Repository/SearchResultPage/SearchItemTab/CatalogItems/AddToBasketMultipleItem' is double clicked on

2018-07-02 20:31:21 - [TEST_STEP][PASSED] - sendKeys: Keys 'vidhi11' sent to object: 'tempBody'

2018-07-02 20:31:21 - [MESSAGE][WARNING] - Test object with id 'Object Repository/Popups/AddToBasket/BasketNameInputBox' does not exist

2018-07-02 20:31:21 - [MESSAGE][WARNING] - Test object with id 'Object Repository/' does not exist

2018-07-02 20:31:22 - [MESSAGE][PASSED] - Keys 'vidhi11' sent to object: 'tempBody'

2018-07-02 20:31:22 - [TEST_STEP][PASSED] - doubleClick: Object: 'Object Repository/Popups/AddToBasket/ButtonAddToBasket' is double clicked on

2018-07-02 20:31:22 - [MESSAGE][PASSED] - Object: 'Object Repository/Popups/AddToBasket/ButtonAddToBasket' is double clicked on

2018-07-02 20:31:22 - [TEST_STEP][PASSED] - delay: Delayed 5 second(s)

2018-07-02 20:31:27 - [MESSAGE][PASSED] - Delayed 5 second(s)

2018-07-02 20:31:27 - [TEST_STEP][PASSED] - back: Navigate back successfully

2018-07-02 20:31:27 - [MESSAGE][PASSED] - Navigate back successfully

2018-07-02 20:31:27 - [TEST_STEP][PASSED] - delay: Delayed 10 second(s)

2018-07-02 20:31:37 - [MESSAGE][PASSED] - Delayed 10 second(s)

2018-07-02 20:31:37 - [TEST_STEP][PASSED] - doubleClick: Object: 'Object Repository/OnlineStorePage/HeaderTab/BasketsTab/BasketsTab' is double clicked on

2018-07-02 20:31:37 - [MESSAGE][PASSED] - Object: 'Object Repository/OnlineStorePage/HeaderTab/BasketsTab/BasketsTab' is double clicked on

2018-07-02 20:31:37 - [TEST_STEP][PASSED] - doubleClick: Object: 'Object Repository/OnlineStorePage/HeaderTab/BasketsTab/ViewAllButton' is double clicked on

2018-07-02 20:31:37 - [MESSAGE][PASSED] - Object: 'Object Repository/OnlineStorePage/HeaderTab/BasketsTab/ViewAllButton' is double clicked on

2018-07-02 20:31:37 - [TEST_STEP][FAILED] - doubleClick: Unable to double click on object 'Object Repository/BasketsPage/NewBasket' (Root cause: com.kms.katalon.core.webui.exception.WebElementNotFoundException: Web element with id: 'Object Repository/BasketsPage/NewBasket' located by 'By.xpath: //*[@id='all-baskets']/dew-row/dew-col[1]/eproc-basket-card/dew-card/dew-card-body/dew-flex/dew-flex-item[1]/span' not found)

2018-07-02 20:32:09 - [MESSAGE][FAILED] - Unable to double click on object 'Object Repository/BasketsPage/NewBasket' (Root cause: com.kms.katalon.core.webui.exception.WebElementNotFoundException: Web element with id: 'Object Repository/BasketsPage/NewBasket' located by 'By.xpath: //*[@id='all-baskets']/dew-row/dew-col[1]/eproc-basket-card/dew-card/dew-card-body/dew-flex/dew-flex-item[1]/span' not found)
[[ATTACHMENT|C:\\Users\\vikas.kiroula\\git\\eProc\\Reports\\Run\\20180702_203015\\1530543729271.png]]]]></system-out>
         <system-err><![CDATA[2018-07-02 20:30:17 - [TEST_CASE][FAILED] - Test Cases/DDS-2052/DDS-3844: Test Cases/DDS-2052/DDS-3844 FAILED because (of) Unable to double click on object 'Object Repository/BasketsPage/NewBasket' (Root cause: com.kms.katalon.core.webui.exception.WebElementNotFoundException: Web element with id: 'Object Repository/BasketsPage/NewBasket' located by 'By.xpath: //*[@id='all-baskets']/dew-row/dew-col[1]/eproc-basket-card/dew-card/dew-card-body/dew-flex/dew-flex-item[1]/span' not found)]]></system-err>
      </testcase>
      <testcase name="Test Cases/DDS-2052/DDS-3845" classname="Test Cases/DDS-2052/DDS-3845" status="ERROR">
         <error type="ERROR" message="Test Cases/DDS-2052/DDS-3845 FAILED because (of) java.lang.IllegalArgumentException: Cannot find test case with id 'Test Cases/common/Login Logout'"/>
         <system-out><![CDATA[2018-07-02 20:32:09 - [TEST_CASE][ERROR] - Test Cases/DDS-2052/DDS-3845: Test Cases/DDS-2052/DDS-3845 FAILED because (of) java.lang.IllegalArgumentException: Cannot find test case with id 'Test Cases/common/Login Logout'

2018-07-02 20:32:09 - [TEST_STEP][PASSED] - callTestCase: null]]></system-out>
         <system-err><![CDATA[2018-07-02 20:32:09 - [TEST_CASE][ERROR] - Test Cases/DDS-2052/DDS-3845: Test Cases/DDS-2052/DDS-3845 FAILED because (of) java.lang.IllegalArgumentException: Cannot find test case with id 'Test Cases/common/Login Logout']]></system-err>
      </testcase>
      <testcase name="Test Cases/DDS-2052/DDS-3856" classname="Test Cases/DDS-2052/DDS-3856" status="FAILED">
         <failure type="FAILED" message="Unable to click on object (Root cause: java.lang.IllegalArgumentException: Object is null)"/>
         <system-out><![CDATA[2018-07-02 20:32:09 - [TEST_CASE][FAILED] - Test Cases/DDS-2052/DDS-3856: Test Cases/DDS-2052/DDS-3856 FAILED because (of) Unable to click on object (Root cause: java.lang.IllegalArgumentException: Object is null)

2018-07-02 20:32:09 - [TEST_STEP][PASSED] - callTestCase: Call Test Case 'Test Cases/CommonLibraries/Login' successfully

2018-07-02 20:32:09 - [TEST_CASE][PASSED] - Test Cases/CommonLibraries/Login: Test Cases/CommonLibraries/Login

2018-07-02 20:32:09 - [TEST_STEP][PASSED] - openBrowser: Browser is opened with url: 'https://smtlogin.zycus.net/sso/login?serviceName=http://eproc-qa.zycus.net/'

2018-07-02 20:32:09 - [MESSAGE][WARNING] - A browser is already opened. Closing browser and opening a new one

2018-07-02 20:32:20 - [MESSAGE][PASSED] - Browser is opened with url: 'https://smtlogin.zycus.net/sso/login?serviceName=http://eproc-qa.zycus.net/'

2018-07-02 20:32:20 - [TEST_STEP][PASSED] - maximizeWindow: Current window maximized

2018-07-02 20:32:21 - [MESSAGE][PASSED] - Current window maximized

2018-07-02 20:32:21 - [TEST_STEP][PASSED] - waitForElementVisible: Object 'Object Repository/LoginPage/UserID' is visible

2018-07-02 20:32:21 - [MESSAGE][PASSED] - Object 'Object Repository/LoginPage/UserID' is visible

2018-07-02 20:32:21 - [TEST_STEP][PASSED] - sendKeys: Keys 'monicaqa@zycus.com' sent to object: 'Object Repository/LoginPage/UserID'

2018-07-02 20:32:21 - [MESSAGE][PASSED] - Keys 'monicaqa@zycus.com' sent to object: 'Object Repository/LoginPage/UserID'

2018-07-02 20:32:21 - [TEST_STEP][PASSED] - sendKeys: Keys 'eProc@123' sent to object: 'Object Repository/LoginPage/Password'

2018-07-02 20:32:21 - [MESSAGE][PASSED] - Keys 'eProc@123' sent to object: 'Object Repository/LoginPage/Password'

2018-07-02 20:32:21 - [TEST_STEP][PASSED] - click: Object: 'Object Repository/LoginPage/LoginButton' is clicked on

2018-07-02 20:32:29 - [MESSAGE][PASSED] - Object: 'Object Repository/LoginPage/LoginButton' is clicked on

2018-07-02 20:32:29 - [MESSAGE][PASSED] - Call Test Case 'Test Cases/CommonLibraries/Login' successfully

2018-07-02 20:32:29 - [TEST_STEP][PASSED] - delay: Delayed 10 second(s)

2018-07-02 20:32:39 - [MESSAGE][PASSED] - Delayed 10 second(s)

2018-07-02 20:32:39 - [TEST_STEP][PASSED] - doubleClick: Object: 'Object Repository/OnlineStorePage/CartIcon' is double clicked on

2018-07-02 20:32:49 - [MESSAGE][PASSED] - Object: 'Object Repository/OnlineStorePage/CartIcon' is double clicked on

2018-07-02 20:32:49 - [TEST_STEP][PASSED] - Statement - If (com.kms.katalon.core.webui.keyword.WebUiBuiltInKeywords.verifyElementAttributeValue(com.kms.katalon.core.testobject.ObjectRepository.findTestObject(Cart Page/Empty Cart Button), "ng-reflect-is-disabled", "false", 5) == true): Delayed 5 second(s)

2018-07-02 20:32:49 - [MESSAGE][PASSED] - Object 'Object Repository/Cart Page/Empty Cart Button' has attribute 'ng-reflect-is-disabled' with value 'false'

2018-07-02 20:32:49 - [TEST_STEP][PASSED] - doubleClick: Object: 'Object Repository/Cart Page/Empty Cart Button' is double clicked on

2018-07-02 20:32:49 - [MESSAGE][PASSED] - Object: 'Object Repository/Cart Page/Empty Cart Button' is double clicked on

2018-07-02 20:32:49 - [TEST_STEP][PASSED] - doubleClick: Object: 'Object Repository/Popups/Empty cart/Yes Button' is double clicked on

2018-07-02 20:32:49 - [MESSAGE][PASSED] - Object: 'Object Repository/Popups/Empty cart/Yes Button' is double clicked on

2018-07-02 20:32:49 - [TEST_STEP][PASSED] - delay: Delayed 5 second(s)

2018-07-02 20:32:54 - [MESSAGE][PASSED] - Delayed 5 second(s)

2018-07-02 20:32:54 - [TEST_STEP][PASSED] - back: Navigate back successfully

2018-07-02 20:32:55 - [MESSAGE][PASSED] - Navigate back successfully

2018-07-02 20:32:55 - [TEST_STEP][PASSED] - delay: Delayed 10 second(s)

2018-07-02 20:33:05 - [MESSAGE][PASSED] - Delayed 10 second(s)

2018-07-02 20:33:05 - [TEST_STEP][PASSED] - sendKeys: Keys 'Item' sent to object: 'Object Repository/OnlineStorePage/Search Box'

2018-07-02 20:33:18 - [MESSAGE][PASSED] - Keys 'Item' sent to object: 'Object Repository/OnlineStorePage/Search Box'

2018-07-02 20:33:18 - [TEST_STEP][PASSED] - click: Object: 'Object Repository/OnlineStorePage/Search Icon' is clicked on

2018-07-02 20:33:18 - [MESSAGE][PASSED] - Object: 'Object Repository/OnlineStorePage/Search Icon' is clicked on

2018-07-02 20:33:18 - [TEST_STEP][PASSED] - delay: Delayed 30 second(s)

2018-07-02 20:33:48 - [MESSAGE][PASSED] - Delayed 30 second(s)

2018-07-02 20:33:48 - [TEST_STEP][FAILED] - click: Unable to click on object (Root cause: java.lang.IllegalArgumentException: Object is null)

2018-07-02 20:33:48 - [MESSAGE][WARNING] - Test object with id 'Object Repository/SearchResultPage/SearchItemTab/CatalogItems/CheckboxFirstItem' does not exist

2018-07-02 20:33:48 - [MESSAGE][WARNING] - Test object with id 'Object Repository/' does not exist

2018-07-02 20:33:49 - [MESSAGE][FAILED] - Unable to click on object (Root cause: java.lang.IllegalArgumentException: Object is null)
[[ATTACHMENT|C:\\Users\\vikas.kiroula\\git\\eProc\\Reports\\Run\\20180702_203015\\1530543828400.png]]]]></system-out>
         <system-err><![CDATA[2018-07-02 20:32:09 - [TEST_CASE][FAILED] - Test Cases/DDS-2052/DDS-3856: Test Cases/DDS-2052/DDS-3856 FAILED because (of) Unable to click on object (Root cause: java.lang.IllegalArgumentException: Object is null)]]></system-err>
      </testcase>
      <testcase name="Test Cases/DDS-2052/DDS-3864" classname="Test Cases/DDS-2052/DDS-3864" status="FAILED">
         <failure type="FAILED" message="Unable to click on object 'Object Repository/Home' (Root cause: org.openqa.selenium.WebDriverException: Element &lt;li class=&quot;breadcrumb-item&quot;>&lt;/li> is not clickable at point (268.5, 81). Other element would receive the click: &lt;dew-modal _ngcontent-c21=&quot;&quot; ng-reflect-should-show=&quot;true&quot; ng-reflect-is-extra-small=&quot;true&quot; ng-reflect-title=&quot;Add to Basket&quot; class=&quot;show modal fade&quot;>&lt;/dew-modal>
Command duration or timeout: 0 milliseconds
Build info: version: '3.7.1', revision: '8a0099a', time: '2017-11-06T21:07:36.161Z'
System info: host: 'ZIPLBLRSY139', ip: '10.30.30.239', os.name: 'Windows 10', os.arch: 'amd64', os.version: '10.0', java.version: '1.8.0_102'
Driver info: com.kms.katalon.core.webui.driver.firefox.CFirefoxDriver47
Capabilities {acceptSslCerts: true, applicationCacheEnabled: true, browserName: firefox, cssSelectorsEnabled: true, databaseEnabled: true, handlesAlerts: true, javascriptEnabled: true, locationContextEnabled: true, nativeEvents: false, platform: WINDOWS, platformName: WINDOWS, rotatable: false, takesScreenshot: true, version: 52.0, webStorageEnabled: true}
Session ID: 46ca6070-50c4-4e5e-b1ad-27e0e769f37d)"/>
         <system-out><![CDATA[2018-07-02 20:33:49 - [TEST_CASE][FAILED] - Test Cases/DDS-2052/DDS-3864: Test Cases/DDS-2052/DDS-3864 FAILED because (of) Unable to click on object 'Object Repository/Home' (Root cause: org.openqa.selenium.WebDriverException: Element <li class="breadcrumb-item"></li> is not clickable at point (268.5, 81). Other element would receive the click: <dew-modal _ngcontent-c21="" ng-reflect-should-show="true" ng-reflect-is-extra-small="true" ng-reflect-title="Add to Basket" class="show modal fade"></dew-modal>
Command duration or timeout: 0 milliseconds
Build info: version: '3.7.1', revision: '8a0099a', time: '2017-11-06T21:07:36.161Z'
System info: host: 'ZIPLBLRSY139', ip: '10.30.30.239', os.name: 'Windows 10', os.arch: 'amd64', os.version: '10.0', java.version: '1.8.0_102'
Driver info: com.kms.katalon.core.webui.driver.firefox.CFirefoxDriver47
Capabilities {acceptSslCerts: true, applicationCacheEnabled: true, browserName: firefox, cssSelectorsEnabled: true, databaseEnabled: true, handlesAlerts: true, javascriptEnabled: true, locationContextEnabled: true, nativeEvents: false, platform: WINDOWS, platformName: WINDOWS, rotatable: false, takesScreenshot: true, version: 52.0, webStorageEnabled: true}
Session ID: 46ca6070-50c4-4e5e-b1ad-27e0e769f37d)

2018-07-02 20:33:49 - [TEST_STEP][PASSED] - callTestCase: Call Test Case 'Test Cases/CommonLibraries/Search By Item' successfully

2018-07-02 20:33:49 - [TEST_CASE][PASSED] - Test Cases/CommonLibraries/Search By Item: Test Cases/CommonLibraries/Search By Item

2018-07-02 20:33:49 - [TEST_STEP][PASSED] - callTestCase: Call Test Case 'Test Cases/CommonLibraries/Login' successfully

2018-07-02 20:33:49 - [TEST_CASE][PASSED] - Test Cases/CommonLibraries/Login: Test Cases/CommonLibraries/Login

2018-07-02 20:33:49 - [TEST_STEP][PASSED] - openBrowser: Browser is opened with url: 'https://smtlogin.zycus.net/sso/login?serviceName=http://eproc-qa.zycus.net/'

2018-07-02 20:33:49 - [MESSAGE][WARNING] - A browser is already opened. Closing browser and opening a new one

2018-07-02 20:33:57 - [MESSAGE][PASSED] - Browser is opened with url: 'https://smtlogin.zycus.net/sso/login?serviceName=http://eproc-qa.zycus.net/'

2018-07-02 20:33:57 - [TEST_STEP][PASSED] - maximizeWindow: Current window maximized

2018-07-02 20:33:59 - [MESSAGE][PASSED] - Current window maximized

2018-07-02 20:33:59 - [TEST_STEP][PASSED] - waitForElementVisible: Object 'Object Repository/LoginPage/UserID' is visible

2018-07-02 20:33:59 - [MESSAGE][PASSED] - Object 'Object Repository/LoginPage/UserID' is visible

2018-07-02 20:33:59 - [TEST_STEP][PASSED] - sendKeys: Keys 'monicaqa@zycus.com' sent to object: 'Object Repository/LoginPage/UserID'

2018-07-02 20:33:59 - [MESSAGE][PASSED] - Keys 'monicaqa@zycus.com' sent to object: 'Object Repository/LoginPage/UserID'

2018-07-02 20:33:59 - [TEST_STEP][PASSED] - sendKeys: Keys 'eProc@123' sent to object: 'Object Repository/LoginPage/Password'

2018-07-02 20:34:00 - [MESSAGE][PASSED] - Keys 'eProc@123' sent to object: 'Object Repository/LoginPage/Password'

2018-07-02 20:34:00 - [TEST_STEP][PASSED] - click: Object: 'Object Repository/LoginPage/LoginButton' is clicked on

2018-07-02 20:34:07 - [MESSAGE][PASSED] - Object: 'Object Repository/LoginPage/LoginButton' is clicked on

2018-07-02 20:34:07 - [MESSAGE][PASSED] - Call Test Case 'Test Cases/CommonLibraries/Login' successfully

2018-07-02 20:34:07 - [TEST_STEP][PASSED] - waitForElementPresent: Object 'Object Repository/OnlineStorePage/Search Box' is present

2018-07-02 20:34:28 - [MESSAGE][PASSED] - Object 'Object Repository/OnlineStorePage/Search Box' is present

2018-07-02 20:34:28 - [TEST_STEP][PASSED] - waitForPageLoad: Wait for page load successfully

2018-07-02 20:34:28 - [MESSAGE][PASSED] - Wait for page load successfully

2018-07-02 20:34:28 - [TEST_STEP][PASSED] - sendKeys: Keys 'Item' sent to object: 'Object Repository/OnlineStorePage/Search Box'

2018-07-02 20:34:28 - [MESSAGE][PASSED] - Keys 'Item' sent to object: 'Object Repository/OnlineStorePage/Search Box'

2018-07-02 20:34:28 - [TEST_STEP][PASSED] - click: Object: 'Object Repository/OnlineStorePage/Search Icon' is clicked on

2018-07-02 20:34:29 - [MESSAGE][PASSED] - Object: 'Object Repository/OnlineStorePage/Search Icon' is clicked on

2018-07-02 20:34:29 - [MESSAGE][PASSED] - Call Test Case 'Test Cases/CommonLibraries/Search By Item' successfully

2018-07-02 20:34:29 - [TEST_STEP][PASSED] - waitForElementClickable: Object 'Object Repository/SearchResultPage/SearchItemTab/CatalogItems/Check Box For 3 Row Item List' is clickable

2018-07-02 20:34:50 - [MESSAGE][PASSED] - Object 'Object Repository/SearchResultPage/SearchItemTab/CatalogItems/Check Box For 3 Row Item List' is clickable

2018-07-02 20:34:50 - [TEST_STEP][PASSED] - click: Object: 'Object Repository/SearchResultPage/SearchItemTab/CatalogItems/Check Box For 3 Row Item List' is clicked on

2018-07-02 20:34:50 - [MESSAGE][PASSED] - Object: 'Object Repository/SearchResultPage/SearchItemTab/CatalogItems/Check Box For 3 Row Item List' is clicked on

2018-07-02 20:34:50 - [TEST_STEP][PASSED] - click: Object: 'Object Repository/SearchResultPage/SearchItemTab/CatalogItems/AddToBasketMultipleItem' is clicked on

2018-07-02 20:34:50 - [MESSAGE][PASSED] - Object: 'Object Repository/SearchResultPage/SearchItemTab/CatalogItems/AddToBasketMultipleItem' is clicked on

2018-07-02 20:34:50 - [TEST_STEP][PASSED] - click: Object: 'Object Repository/Popups/AddToBasket/RadioButtonExistingBasket' is clicked on

2018-07-02 20:34:50 - [MESSAGE][PASSED] - Object: 'Object Repository/Popups/AddToBasket/RadioButtonExistingBasket' is clicked on

2018-07-02 20:34:50 - [TEST_STEP][PASSED] - delay: Delayed 2 second(s)

2018-07-02 20:34:52 - [MESSAGE][PASSED] - Delayed 2 second(s)

2018-07-02 20:34:52 - [TEST_STEP][PASSED] - sendKeys: Keys 'vidhi' sent to object: 'Object Repository/Popups/AddToBasket/SearchAndSelectBox'

2018-07-02 20:34:52 - [MESSAGE][PASSED] - Keys 'vidhi' sent to object: 'Object Repository/Popups/AddToBasket/SearchAndSelectBox'

2018-07-02 20:34:52 - [TEST_STEP][PASSED] - click: Object: 'Object Repository/Popups/AddToBasket/SelectNameFromTextBox' is clicked on

2018-07-02 20:34:53 - [MESSAGE][PASSED] - Object: 'Object Repository/Popups/AddToBasket/SelectNameFromTextBox' is clicked on

2018-07-02 20:34:53 - [TEST_STEP][PASSED] - waitForElementVisible: Object 'Object Repository/Popups/AddToBasket/ButtonAddToBasket' is visible

2018-07-02 20:34:53 - [MESSAGE][WARNING] - Timeout '0' is invalid. Using default page load timeout: '30'

2018-07-02 20:34:53 - [MESSAGE][PASSED] - Object 'Object Repository/Popups/AddToBasket/ButtonAddToBasket' is visible

2018-07-02 20:34:53 - [TEST_STEP][PASSED] - click: Object: 'Object Repository/Popups/AddToBasket/ButtonAddToBasket' is clicked on

2018-07-02 20:34:53 - [MESSAGE][PASSED] - Object: 'Object Repository/Popups/AddToBasket/ButtonAddToBasket' is clicked on

2018-07-02 20:34:53 - [TEST_STEP][FAILED] - click: Unable to click on object 'Object Repository/Home' (Root cause: org.openqa.selenium.WebDriverException: Element <li class="breadcrumb-item"></li> is not clickable at point (268.5, 81). Other element would receive the click: <dew-modal _ngcontent-c21="" ng-reflect-should-show="true" ng-reflect-is-extra-small="true" ng-reflect-title="Add to Basket" class="show modal fade"></dew-modal>
Command duration or timeout: 0 milliseconds
Build info: version: '3.7.1', revision: '8a0099a', time: '2017-11-06T21:07:36.161Z'
System info: host: 'ZIPLBLRSY139', ip: '10.30.30.239', os.name: 'Windows 10', os.arch: 'amd64', os.version: '10.0', java.version: '1.8.0_102'
Driver info: com.kms.katalon.core.webui.driver.firefox.CFirefoxDriver47
Capabilities {acceptSslCerts: true, applicationCacheEnabled: true, browserName: firefox, cssSelectorsEnabled: true, databaseEnabled: true, handlesAlerts: true, javascriptEnabled: true, locationContextEnabled: true, nativeEvents: false, platform: WINDOWS, platformName: WINDOWS, rotatable: false, takesScreenshot: true, version: 52.0, webStorageEnabled: true}
Session ID: 46ca6070-50c4-4e5e-b1ad-27e0e769f37d)

2018-07-02 20:34:54 - [MESSAGE][FAILED] - Unable to click on object 'Object Repository/Home' (Root cause: org.openqa.selenium.WebDriverException: Element <li class="breadcrumb-item"></li> is not clickable at point (268.5, 81). Other element would receive the click: <dew-modal _ngcontent-c21="" ng-reflect-should-show="true" ng-reflect-is-extra-small="true" ng-reflect-title="Add to Basket" class="show modal fade"></dew-modal>
Command duration or timeout: 0 milliseconds
Build info: version: '3.7.1', revision: '8a0099a', time: '2017-11-06T21:07:36.161Z'
System info: host: 'ZIPLBLRSY139', ip: '10.30.30.239', os.name: 'Windows 10', os.arch: 'amd64', os.version: '10.0', java.version: '1.8.0_102'
Driver info: com.kms.katalon.core.webui.driver.firefox.CFirefoxDriver47
Capabilities {acceptSslCerts: true, applicationCacheEnabled: true, browserName: firefox, cssSelectorsEnabled: true, databaseEnabled: true, handlesAlerts: true, javascriptEnabled: true, locationContextEnabled: true, nativeEvents: false, platform: WINDOWS, platformName: WINDOWS, rotatable: false, takesScreenshot: true, version: 52.0, webStorageEnabled: true}
Session ID: 46ca6070-50c4-4e5e-b1ad-27e0e769f37d)
[[ATTACHMENT|C:\\Users\\vikas.kiroula\\git\\eProc\\Reports\\Run\\20180702_203015\\1530543893735.png]]]]></system-out>
         <system-err><![CDATA[2018-07-02 20:33:49 - [TEST_CASE][FAILED] - Test Cases/DDS-2052/DDS-3864: Test Cases/DDS-2052/DDS-3864 FAILED because (of) Unable to click on object 'Object Repository/Home' (Root cause: org.openqa.selenium.WebDriverException: Element <li class="breadcrumb-item"></li> is not clickable at point (268.5, 81). Other element would receive the click: <dew-modal _ngcontent-c21="" ng-reflect-should-show="true" ng-reflect-is-extra-small="true" ng-reflect-title="Add to Basket" class="show modal fade"></dew-modal>
Command duration or timeout: 0 milliseconds
Build info: version: '3.7.1', revision: '8a0099a', time: '2017-11-06T21:07:36.161Z'
System info: host: 'ZIPLBLRSY139', ip: '10.30.30.239', os.name: 'Windows 10', os.arch: 'amd64', os.version: '10.0', java.version: '1.8.0_102'
Driver info: com.kms.katalon.core.webui.driver.firefox.CFirefoxDriver47
Capabilities {acceptSslCerts: true, applicationCacheEnabled: true, browserName: firefox, cssSelectorsEnabled: true, databaseEnabled: true, handlesAlerts: true, javascriptEnabled: true, locationContextEnabled: true, nativeEvents: false, platform: WINDOWS, platformName: WINDOWS, rotatable: false, takesScreenshot: true, version: 52.0, webStorageEnabled: true}
Session ID: 46ca6070-50c4-4e5e-b1ad-27e0e769f37d)]]></system-err>
      </testcase>
      <testcase name="Test Cases/DDS-2052/DDS.3846" classname="Test Cases/DDS-2052/DDS.3846" status="FAILED">
         <failure type="FAILED" message="Unable to send keys 'Item' to object 'Object Repository/OnlineStorePage/Search Box' (Root cause: com.kms.katalon.core.webui.exception.WebElementNotFoundException: Web element with id: 'Object Repository/OnlineStorePage/Search Box' located by 'By.xpath: //eproc-online-store/eproc-spotlight/div[2]/div/div/div[2]/div/eproc-main-search/div[1]/input' not found)"/>
         <system-out><![CDATA[2018-07-02 20:34:54 - [TEST_CASE][FAILED] - Test Cases/DDS-2052/DDS.3846: Test Cases/DDS-2052/DDS.3846 FAILED because (of) Unable to send keys 'Item' to object 'Object Repository/OnlineStorePage/Search Box' (Root cause: com.kms.katalon.core.webui.exception.WebElementNotFoundException: Web element with id: 'Object Repository/OnlineStorePage/Search Box' located by 'By.xpath: //eproc-online-store/eproc-spotlight/div[2]/div/div/div[2]/div/eproc-main-search/div[1]/input' not found)

2018-07-02 20:34:54 - [TEST_STEP][PASSED] - openBrowser: Browser is opened with url: 'https://smtlogin.zycus.net/sso/login?serviceName=http://eproc-qa.zycus.net/'

2018-07-02 20:34:54 - [MESSAGE][WARNING] - A browser is already opened. Closing browser and opening a new one

2018-07-02 20:35:04 - [MESSAGE][PASSED] - Browser is opened with url: 'https://smtlogin.zycus.net/sso/login?serviceName=http://eproc-qa.zycus.net/'

2018-07-02 20:35:04 - [TEST_STEP][PASSED] - waitForElementVisible: Object 'Object Repository/LoginPage/UserID' is visible

2018-07-02 20:35:04 - [MESSAGE][PASSED] - Object 'Object Repository/LoginPage/UserID' is visible

2018-07-02 20:35:04 - [TEST_STEP][PASSED] - sendKeys: Keys '' sent to object: 'Object Repository/LoginPage/UserID'

2018-07-02 20:35:04 - [MESSAGE][PASSED] - Keys '' sent to object: 'Object Repository/LoginPage/UserID'

2018-07-02 20:35:04 - [TEST_STEP][PASSED] - sendKeys: Keys '' sent to object: 'Object Repository/LoginPage/Password'

2018-07-02 20:35:04 - [MESSAGE][PASSED] - Keys '' sent to object: 'Object Repository/LoginPage/Password'

2018-07-02 20:35:04 - [TEST_STEP][PASSED] - click: Object: 'Object Repository/LoginPage/LoginButton' is clicked on

2018-07-02 20:35:05 - [MESSAGE][PASSED] - Object: 'Object Repository/LoginPage/LoginButton' is clicked on

2018-07-02 20:35:05 - [TEST_STEP][PASSED] - delay: Delayed 5 second(s)

2018-07-02 20:35:10 - [MESSAGE][PASSED] - Delayed 5 second(s)

2018-07-02 20:35:10 - [TEST_STEP][FAILED] - sendKeys: Unable to send keys 'Item' to object 'Object Repository/OnlineStorePage/Search Box' (Root cause: com.kms.katalon.core.webui.exception.WebElementNotFoundException: Web element with id: 'Object Repository/OnlineStorePage/Search Box' located by 'By.xpath: //eproc-online-store/eproc-spotlight/div[2]/div/div/div[2]/div/eproc-main-search/div[1]/input' not found)

2018-07-02 20:35:42 - [MESSAGE][FAILED] - Unable to send keys 'Item' to object 'Object Repository/OnlineStorePage/Search Box' (Root cause: com.kms.katalon.core.webui.exception.WebElementNotFoundException: Web element with id: 'Object Repository/OnlineStorePage/Search Box' located by 'By.xpath: //eproc-online-store/eproc-spotlight/div[2]/div/div/div[2]/div/eproc-main-search/div[1]/input' not found)
[[ATTACHMENT|C:\\Users\\vikas.kiroula\\git\\eProc\\Reports\\Run\\20180702_203015\\1530543942666.png]]]]></system-out>
         <system-err><![CDATA[2018-07-02 20:34:54 - [TEST_CASE][FAILED] - Test Cases/DDS-2052/DDS.3846: Test Cases/DDS-2052/DDS.3846 FAILED because (of) Unable to send keys 'Item' to object 'Object Repository/OnlineStorePage/Search Box' (Root cause: com.kms.katalon.core.webui.exception.WebElementNotFoundException: Web element with id: 'Object Repository/OnlineStorePage/Search Box' located by 'By.xpath: //eproc-online-store/eproc-spotlight/div[2]/div/div/div[2]/div/eproc-main-search/div[1]/input' not found)]]></system-err>
      </testcase>
      <testcase name="Test Cases/DDS-2052/DDS.3859" classname="Test Cases/DDS-2052/DDS.3859" status="FAILED">
         <failure type="FAILED" message="Unable to send keys 'Item' to object 'Object Repository/OnlineStorePage/Search Box' (Root cause: com.kms.katalon.core.webui.exception.WebElementNotFoundException: Web element with id: 'Object Repository/OnlineStorePage/Search Box' located by 'By.xpath: //eproc-online-store/eproc-spotlight/div[2]/div/div/div[2]/div/eproc-main-search/div[1]/input' not found)"/>
         <system-out><![CDATA[2018-07-02 20:35:42 - [TEST_CASE][FAILED] - Test Cases/DDS-2052/DDS.3859: Test Cases/DDS-2052/DDS.3859 FAILED because (of) Unable to send keys 'Item' to object 'Object Repository/OnlineStorePage/Search Box' (Root cause: com.kms.katalon.core.webui.exception.WebElementNotFoundException: Web element with id: 'Object Repository/OnlineStorePage/Search Box' located by 'By.xpath: //eproc-online-store/eproc-spotlight/div[2]/div/div/div[2]/div/eproc-main-search/div[1]/input' not found)

2018-07-02 20:35:43 - [TEST_STEP][PASSED] - openBrowser: Browser is opened with url: 'https://smtlogin.zycus.net/sso/login?serviceName=http://eproc-qa.zycus.net/'

2018-07-02 20:35:43 - [MESSAGE][WARNING] - A browser is already opened. Closing browser and opening a new one

2018-07-02 20:35:52 - [MESSAGE][PASSED] - Browser is opened with url: 'https://smtlogin.zycus.net/sso/login?serviceName=http://eproc-qa.zycus.net/'

2018-07-02 20:35:52 - [TEST_STEP][PASSED] - waitForElementVisible: Object 'Object Repository/LoginPage/UserID' is visible

2018-07-02 20:35:52 - [MESSAGE][PASSED] - Object 'Object Repository/LoginPage/UserID' is visible

2018-07-02 20:35:52 - [TEST_STEP][PASSED] - sendKeys: Keys '' sent to object: 'Object Repository/LoginPage/UserID'

2018-07-02 20:35:52 - [MESSAGE][PASSED] - Keys '' sent to object: 'Object Repository/LoginPage/UserID'

2018-07-02 20:35:52 - [TEST_STEP][PASSED] - sendKeys: Keys '' sent to object: 'Object Repository/LoginPage/Password'

2018-07-02 20:35:52 - [MESSAGE][PASSED] - Keys '' sent to object: 'Object Repository/LoginPage/Password'

2018-07-02 20:35:52 - [TEST_STEP][PASSED] - click: Object: 'Object Repository/LoginPage/LoginButton' is clicked on

2018-07-02 20:35:53 - [MESSAGE][PASSED] - Object: 'Object Repository/LoginPage/LoginButton' is clicked on

2018-07-02 20:35:53 - [TEST_STEP][PASSED] - delay: Delayed 5 second(s)

2018-07-02 20:35:58 - [MESSAGE][PASSED] - Delayed 5 second(s)

2018-07-02 20:35:58 - [TEST_STEP][FAILED] - sendKeys: Unable to send keys 'Item' to object 'Object Repository/OnlineStorePage/Search Box' (Root cause: com.kms.katalon.core.webui.exception.WebElementNotFoundException: Web element with id: 'Object Repository/OnlineStorePage/Search Box' located by 'By.xpath: //eproc-online-store/eproc-spotlight/div[2]/div/div/div[2]/div/eproc-main-search/div[1]/input' not found)

2018-07-02 20:36:31 - [MESSAGE][FAILED] - Unable to send keys 'Item' to object 'Object Repository/OnlineStorePage/Search Box' (Root cause: com.kms.katalon.core.webui.exception.WebElementNotFoundException: Web element with id: 'Object Repository/OnlineStorePage/Search Box' located by 'By.xpath: //eproc-online-store/eproc-spotlight/div[2]/div/div/div[2]/div/eproc-main-search/div[1]/input' not found)
[[ATTACHMENT|C:\\Users\\vikas.kiroula\\git\\eProc\\Reports\\Run\\20180702_203015\\1530543990792.png]]]]></system-out>
         <system-err><![CDATA[2018-07-02 20:35:42 - [TEST_CASE][FAILED] - Test Cases/DDS-2052/DDS.3859: Test Cases/DDS-2052/DDS.3859 FAILED because (of) Unable to send keys 'Item' to object 'Object Repository/OnlineStorePage/Search Box' (Root cause: com.kms.katalon.core.webui.exception.WebElementNotFoundException: Web element with id: 'Object Repository/OnlineStorePage/Search Box' located by 'By.xpath: //eproc-online-store/eproc-spotlight/div[2]/div/div/div[2]/div/eproc-main-search/div[1]/input' not found)]]></system-err>
      </testcase>
      <testcase name="Test Cases/DDS-2052/DDS_3840" classname="Test Cases/DDS-2052/DDS_3840" status="ERROR">
         <error type="ERROR" message="Test Cases/DDS-2052/DDS_3840 FAILED because (of) java.lang.IllegalArgumentException: Cannot find test case with id 'Test Cases/CommonLibraries/Search'"/>
         <system-out><![CDATA[2018-07-02 20:36:31 - [TEST_CASE][ERROR] - Test Cases/DDS-2052/DDS_3840: Test Cases/DDS-2052/DDS_3840 FAILED because (of) java.lang.IllegalArgumentException: Cannot find test case with id 'Test Cases/CommonLibraries/Search'

2018-07-02 20:36:31 - [TEST_STEP][PASSED] - callTestCase: null]]></system-out>
         <system-err><![CDATA[2018-07-02 20:36:31 - [TEST_CASE][ERROR] - Test Cases/DDS-2052/DDS_3840: Test Cases/DDS-2052/DDS_3840 FAILED because (of) java.lang.IllegalArgumentException: Cannot find test case with id 'Test Cases/CommonLibraries/Search']]></system-err>
      </testcase>
      <testcase name="Test Cases/DDS-2052/DDS_3841" classname="Test Cases/DDS-2052/DDS_3841" status="ERROR">
         <error type="ERROR" message="Test Cases/DDS-2052/DDS_3841 FAILED because (of) java.lang.IllegalArgumentException: Cannot find test case with id 'Test Cases/CommonLibraries/Search'"/>
         <system-out><![CDATA[2018-07-02 20:36:31 - [TEST_CASE][ERROR] - Test Cases/DDS-2052/DDS_3841: Test Cases/DDS-2052/DDS_3841 FAILED because (of) java.lang.IllegalArgumentException: Cannot find test case with id 'Test Cases/CommonLibraries/Search'

2018-07-02 20:36:31 - [TEST_STEP][PASSED] - callTestCase: null]]></system-out>
         <system-err><![CDATA[2018-07-02 20:36:31 - [TEST_CASE][ERROR] - Test Cases/DDS-2052/DDS_3841: Test Cases/DDS-2052/DDS_3841 FAILED because (of) java.lang.IllegalArgumentException: Cannot find test case with id 'Test Cases/CommonLibraries/Search']]></system-err>
      </testcase>
      <testcase name="Test Cases/DDS-2052/DDS_3842" classname="Test Cases/DDS-2052/DDS_3842" status="ERROR">
         <error type="ERROR" message="Test Cases/DDS-2052/DDS_3842 FAILED because (of) java.lang.IllegalArgumentException: Cannot find test case with id 'Test Cases/CommonLibraries/Search'"/>
         <system-out><![CDATA[2018-07-02 20:36:31 - [TEST_CASE][ERROR] - Test Cases/DDS-2052/DDS_3842: Test Cases/DDS-2052/DDS_3842 FAILED because (of) java.lang.IllegalArgumentException: Cannot find test case with id 'Test Cases/CommonLibraries/Search'

2018-07-02 20:36:31 - [TEST_STEP][PASSED] - callTestCase: null]]></system-out>
         <system-err><![CDATA[2018-07-02 20:36:31 - [TEST_CASE][ERROR] - Test Cases/DDS-2052/DDS_3842: Test Cases/DDS-2052/DDS_3842 FAILED because (of) java.lang.IllegalArgumentException: Cannot find test case with id 'Test Cases/CommonLibraries/Search']]></system-err>
      </testcase>
      <testcase name="Test Cases/DDS-2052/DDS_3843" classname="Test Cases/DDS-2052/DDS_3843" status="ERROR">
         <error type="ERROR" message="Test Cases/DDS-2052/DDS_3843 FAILED because (of) java.lang.IllegalArgumentException: Cannot find test case with id 'Test Cases/CommonLibraries/Search'"/>
         <system-out><![CDATA[2018-07-02 20:36:31 - [TEST_CASE][ERROR] - Test Cases/DDS-2052/DDS_3843: Test Cases/DDS-2052/DDS_3843 FAILED because (of) java.lang.IllegalArgumentException: Cannot find test case with id 'Test Cases/CommonLibraries/Search'

2018-07-02 20:36:31 - [TEST_STEP][PASSED] - callTestCase: null]]></system-out>
         <system-err><![CDATA[2018-07-02 20:36:31 - [TEST_CASE][ERROR] - Test Cases/DDS-2052/DDS_3843: Test Cases/DDS-2052/DDS_3843 FAILED because (of) java.lang.IllegalArgumentException: Cannot find test case with id 'Test Cases/CommonLibraries/Search']]></system-err>
      </testcase>
      <testcase name="Test Cases/DDS-2052/DDS_3847" classname="Test Cases/DDS-2052/DDS_3847" status="FAILED">
         <failure type="FAILED" message="Unable to click on object (Root cause: java.lang.IllegalArgumentException: Object is null)"/>
         <system-out><![CDATA[2018-07-02 20:36:31 - [TEST_CASE][FAILED] - Test Cases/DDS-2052/DDS_3847: Test Cases/DDS-2052/DDS_3847 FAILED because (of) Unable to click on object (Root cause: java.lang.IllegalArgumentException: Object is null)

2018-07-02 20:36:31 - [TEST_STEP][PASSED] - callTestCase: Call Test Case 'Test Cases/CommonLibraries/Search By Item' successfully

2018-07-02 20:36:31 - [TEST_CASE][PASSED] - Test Cases/CommonLibraries/Search By Item: Test Cases/CommonLibraries/Search By Item

2018-07-02 20:36:31 - [TEST_STEP][PASSED] - callTestCase: Call Test Case 'Test Cases/CommonLibraries/Login' successfully

2018-07-02 20:36:31 - [TEST_CASE][PASSED] - Test Cases/CommonLibraries/Login: Test Cases/CommonLibraries/Login

2018-07-02 20:36:31 - [TEST_STEP][PASSED] - openBrowser: Browser is opened with url: 'https://smtlogin.zycus.net/sso/login?serviceName=http://eproc-qa.zycus.net/'

2018-07-02 20:36:31 - [MESSAGE][WARNING] - A browser is already opened. Closing browser and opening a new one

2018-07-02 20:36:39 - [MESSAGE][PASSED] - Browser is opened with url: 'https://smtlogin.zycus.net/sso/login?serviceName=http://eproc-qa.zycus.net/'

2018-07-02 20:36:39 - [TEST_STEP][PASSED] - maximizeWindow: Current window maximized

2018-07-02 20:36:41 - [MESSAGE][PASSED] - Current window maximized

2018-07-02 20:36:41 - [TEST_STEP][PASSED] - waitForElementVisible: Object 'Object Repository/LoginPage/UserID' is visible

2018-07-02 20:36:41 - [MESSAGE][PASSED] - Object 'Object Repository/LoginPage/UserID' is visible

2018-07-02 20:36:41 - [TEST_STEP][PASSED] - sendKeys: Keys 'monicaqa@zycus.com' sent to object: 'Object Repository/LoginPage/UserID'

2018-07-02 20:36:41 - [MESSAGE][PASSED] - Keys 'monicaqa@zycus.com' sent to object: 'Object Repository/LoginPage/UserID'

2018-07-02 20:36:41 - [TEST_STEP][PASSED] - sendKeys: Keys 'eProc@123' sent to object: 'Object Repository/LoginPage/Password'

2018-07-02 20:36:41 - [MESSAGE][PASSED] - Keys 'eProc@123' sent to object: 'Object Repository/LoginPage/Password'

2018-07-02 20:36:41 - [TEST_STEP][PASSED] - click: Object: 'Object Repository/LoginPage/LoginButton' is clicked on

2018-07-02 20:36:46 - [MESSAGE][PASSED] - Object: 'Object Repository/LoginPage/LoginButton' is clicked on

2018-07-02 20:36:46 - [MESSAGE][PASSED] - Call Test Case 'Test Cases/CommonLibraries/Login' successfully

2018-07-02 20:36:46 - [TEST_STEP][PASSED] - waitForElementPresent: Object 'Object Repository/OnlineStorePage/Search Box' is present

2018-07-02 20:37:08 - [MESSAGE][PASSED] - Object 'Object Repository/OnlineStorePage/Search Box' is present

2018-07-02 20:37:08 - [TEST_STEP][PASSED] - waitForPageLoad: Wait for page load successfully

2018-07-02 20:37:08 - [MESSAGE][PASSED] - Wait for page load successfully

2018-07-02 20:37:08 - [TEST_STEP][PASSED] - sendKeys: Keys 'Item' sent to object: 'Object Repository/OnlineStorePage/Search Box'

2018-07-02 20:37:08 - [MESSAGE][PASSED] - Keys 'Item' sent to object: 'Object Repository/OnlineStorePage/Search Box'

2018-07-02 20:37:08 - [TEST_STEP][PASSED] - click: Object: 'Object Repository/OnlineStorePage/Search Icon' is clicked on

2018-07-02 20:37:09 - [MESSAGE][PASSED] - Object: 'Object Repository/OnlineStorePage/Search Icon' is clicked on

2018-07-02 20:37:09 - [MESSAGE][PASSED] - Call Test Case 'Test Cases/CommonLibraries/Search By Item' successfully

2018-07-02 20:37:09 - [TEST_STEP][PASSED] - delay: Delayed 20 second(s)

2018-07-02 20:37:29 - [MESSAGE][PASSED] - Delayed 20 second(s)

2018-07-02 20:37:29 - [TEST_STEP][FAILED] - click: Unable to click on object (Root cause: java.lang.IllegalArgumentException: Object is null)

2018-07-02 20:37:29 - [MESSAGE][WARNING] - Test object with id 'Object Repository/SearchResultPage/SearchItemTab/CatalogItems/CheckboxFirstItem' does not exist

2018-07-02 20:37:29 - [MESSAGE][WARNING] - Test object with id 'Object Repository/' does not exist

2018-07-02 20:37:29 - [MESSAGE][FAILED] - Unable to click on object (Root cause: java.lang.IllegalArgumentException: Object is null)
[[ATTACHMENT|C:\\Users\\vikas.kiroula\\git\\eProc\\Reports\\Run\\20180702_203015\\1530544049067.png]]]]></system-out>
         <system-err><![CDATA[2018-07-02 20:36:31 - [TEST_CASE][FAILED] - Test Cases/DDS-2052/DDS_3847: Test Cases/DDS-2052/DDS_3847 FAILED because (of) Unable to click on object (Root cause: java.lang.IllegalArgumentException: Object is null)]]></system-err>
      </testcase>
      <testcase name="Test Cases/DDS-2052/DDS_3848" classname="Test Cases/DDS-2052/DDS_3848" status="ERROR">
         <error type="ERROR" message="Test Cases/DDS-2052/DDS_3848 FAILED because (of) java.lang.IllegalArgumentException: Cannot find test case with id 'Test Cases/CommonLibraries/Search'"/>
         <system-out><![CDATA[2018-07-02 20:37:29 - [TEST_CASE][ERROR] - Test Cases/DDS-2052/DDS_3848: Test Cases/DDS-2052/DDS_3848 FAILED because (of) java.lang.IllegalArgumentException: Cannot find test case with id 'Test Cases/CommonLibraries/Search'

2018-07-02 20:37:30 - [TEST_STEP][PASSED] - callTestCase: null]]></system-out>
         <system-err><![CDATA[2018-07-02 20:37:29 - [TEST_CASE][ERROR] - Test Cases/DDS-2052/DDS_3848: Test Cases/DDS-2052/DDS_3848 FAILED because (of) java.lang.IllegalArgumentException: Cannot find test case with id 'Test Cases/CommonLibraries/Search']]></system-err>
      </testcase>
      <testcase name="Test Cases/DDS-2052/DDS_3849" classname="Test Cases/DDS-2052/DDS_3849" status="ERROR">
         <error type="ERROR" message="Test Cases/DDS-2052/DDS_3849 FAILED because (of) java.lang.IllegalArgumentException: Cannot find test case with id 'Test Cases/CommonLibraries/Search'"/>
         <system-out><![CDATA[2018-07-02 20:37:30 - [TEST_CASE][ERROR] - Test Cases/DDS-2052/DDS_3849: Test Cases/DDS-2052/DDS_3849 FAILED because (of) java.lang.IllegalArgumentException: Cannot find test case with id 'Test Cases/CommonLibraries/Search'

2018-07-02 20:37:30 - [TEST_STEP][PASSED] - callTestCase: null]]></system-out>
         <system-err><![CDATA[2018-07-02 20:37:30 - [TEST_CASE][ERROR] - Test Cases/DDS-2052/DDS_3849: Test Cases/DDS-2052/DDS_3849 FAILED because (of) java.lang.IllegalArgumentException: Cannot find test case with id 'Test Cases/CommonLibraries/Search']]></system-err>
      </testcase>
      <testcase name="Test Cases/DDS-2052/DDS_3850" classname="Test Cases/DDS-2052/DDS_3850" status="ERROR">
         <error type="ERROR" message="Test Cases/DDS-2052/DDS_3850 FAILED because (of) java.lang.IllegalArgumentException: Cannot find test case with id 'Test Cases/CommonLibraries/Search'"/>
         <system-out><![CDATA[2018-07-02 20:37:30 - [TEST_CASE][ERROR] - Test Cases/DDS-2052/DDS_3850: Test Cases/DDS-2052/DDS_3850 FAILED because (of) java.lang.IllegalArgumentException: Cannot find test case with id 'Test Cases/CommonLibraries/Search'

2018-07-02 20:37:30 - [TEST_STEP][PASSED] - callTestCase: null]]></system-out>
         <system-err><![CDATA[2018-07-02 20:37:30 - [TEST_CASE][ERROR] - Test Cases/DDS-2052/DDS_3850: Test Cases/DDS-2052/DDS_3850 FAILED because (of) java.lang.IllegalArgumentException: Cannot find test case with id 'Test Cases/CommonLibraries/Search']]></system-err>
      </testcase>
      <testcase name="Test Cases/DDS-2052/DDS_3851" classname="Test Cases/DDS-2052/DDS_3851" status="ERROR">
         <error type="ERROR" message="Test Cases/DDS-2052/DDS_3851 FAILED because (of) java.lang.IllegalArgumentException: Cannot find test case with id 'Test Cases/CommonLibraries/Search'"/>
         <system-out><![CDATA[2018-07-02 20:37:30 - [TEST_CASE][ERROR] - Test Cases/DDS-2052/DDS_3851: Test Cases/DDS-2052/DDS_3851 FAILED because (of) java.lang.IllegalArgumentException: Cannot find test case with id 'Test Cases/CommonLibraries/Search'

2018-07-02 20:37:30 - [TEST_STEP][PASSED] - callTestCase: null]]></system-out>
         <system-err><![CDATA[2018-07-02 20:37:30 - [TEST_CASE][ERROR] - Test Cases/DDS-2052/DDS_3851: Test Cases/DDS-2052/DDS_3851 FAILED because (of) java.lang.IllegalArgumentException: Cannot find test case with id 'Test Cases/CommonLibraries/Search']]></system-err>
      </testcase>
      <testcase name="Test Cases/DDS-2052/DDS_3852" classname="Test Cases/DDS-2052/DDS_3852" status="ERROR">
         <error type="ERROR" message="Test Cases/DDS-2052/DDS_3852 FAILED because (of) java.lang.IllegalArgumentException: Cannot find test case with id 'Test Cases/CommonLibraries/Search'"/>
         <system-out><![CDATA[2018-07-02 20:37:30 - [TEST_CASE][ERROR] - Test Cases/DDS-2052/DDS_3852: Test Cases/DDS-2052/DDS_3852 FAILED because (of) java.lang.IllegalArgumentException: Cannot find test case with id 'Test Cases/CommonLibraries/Search'

2018-07-02 20:37:30 - [TEST_STEP][PASSED] - callTestCase: null]]></system-out>
         <system-err><![CDATA[2018-07-02 20:37:30 - [TEST_CASE][ERROR] - Test Cases/DDS-2052/DDS_3852: Test Cases/DDS-2052/DDS_3852 FAILED because (of) java.lang.IllegalArgumentException: Cannot find test case with id 'Test Cases/CommonLibraries/Search']]></system-err>
      </testcase>
      <testcase name="Test Cases/DDS-2052/DDS_3853" classname="Test Cases/DDS-2052/DDS_3853" status="ERROR">
         <error type="ERROR" message="Test Cases/DDS-2052/DDS_3853 FAILED because (of) java.lang.IllegalArgumentException: Cannot find test case with id 'Test Cases/CommonLibraries/Search'"/>
         <system-out><![CDATA[2018-07-02 20:37:30 - [TEST_CASE][ERROR] - Test Cases/DDS-2052/DDS_3853: Test Cases/DDS-2052/DDS_3853 FAILED because (of) java.lang.IllegalArgumentException: Cannot find test case with id 'Test Cases/CommonLibraries/Search'

2018-07-02 20:37:30 - [TEST_STEP][PASSED] - callTestCase: null]]></system-out>
         <system-err><![CDATA[2018-07-02 20:37:30 - [TEST_CASE][ERROR] - Test Cases/DDS-2052/DDS_3853: Test Cases/DDS-2052/DDS_3853 FAILED because (of) java.lang.IllegalArgumentException: Cannot find test case with id 'Test Cases/CommonLibraries/Search']]></system-err>
      </testcase>
      <testcase name="Test Cases/DDS-2052/DDS_3854" classname="Test Cases/DDS-2052/DDS_3854" status="ERROR">
         <error type="ERROR" message="Test Cases/DDS-2052/DDS_3854 FAILED because (of) java.lang.IllegalArgumentException: Cannot find test case with id 'Test Cases/CommonLibraries/Search'"/>
         <system-out><![CDATA[2018-07-02 20:37:30 - [TEST_CASE][ERROR] - Test Cases/DDS-2052/DDS_3854: Test Cases/DDS-2052/DDS_3854 FAILED because (of) java.lang.IllegalArgumentException: Cannot find test case with id 'Test Cases/CommonLibraries/Search'

2018-07-02 20:37:30 - [TEST_STEP][PASSED] - callTestCase: null]]></system-out>
         <system-err><![CDATA[2018-07-02 20:37:30 - [TEST_CASE][ERROR] - Test Cases/DDS-2052/DDS_3854: Test Cases/DDS-2052/DDS_3854 FAILED because (of) java.lang.IllegalArgumentException: Cannot find test case with id 'Test Cases/CommonLibraries/Search']]></system-err>
      </testcase>
      <testcase name="Test Cases/DDS-2052/DDS_3855" classname="Test Cases/DDS-2052/DDS_3855" status="ERROR">
         <error type="ERROR" message="Test Cases/DDS-2052/DDS_3855 FAILED because (of) java.lang.IllegalArgumentException: Cannot find test case with id 'Test Cases/CommonLibraries/Search'"/>
         <system-out><![CDATA[2018-07-02 20:37:30 - [TEST_CASE][ERROR] - Test Cases/DDS-2052/DDS_3855: Test Cases/DDS-2052/DDS_3855 FAILED because (of) java.lang.IllegalArgumentException: Cannot find test case with id 'Test Cases/CommonLibraries/Search'

2018-07-02 20:37:30 - [TEST_STEP][PASSED] - callTestCase: null]]></system-out>
         <system-err><![CDATA[2018-07-02 20:37:30 - [TEST_CASE][ERROR] - Test Cases/DDS-2052/DDS_3855: Test Cases/DDS-2052/DDS_3855 FAILED because (of) java.lang.IllegalArgumentException: Cannot find test case with id 'Test Cases/CommonLibraries/Search']]></system-err>
      </testcase>
      <testcase name="Test Cases/DDS-2052/DDS_3857" classname="Test Cases/DDS-2052/DDS_3857" status="ERROR">
         <error type="ERROR" message="Test Cases/DDS-2052/DDS_3857 FAILED because (of) java.lang.IllegalArgumentException: Cannot find test case with id 'Test Cases/CommonLibraries/Search'"/>
         <system-out><![CDATA[2018-07-02 20:37:30 - [TEST_CASE][ERROR] - Test Cases/DDS-2052/DDS_3857: Test Cases/DDS-2052/DDS_3857 FAILED because (of) java.lang.IllegalArgumentException: Cannot find test case with id 'Test Cases/CommonLibraries/Search'

2018-07-02 20:37:30 - [TEST_STEP][PASSED] - callTestCase: null]]></system-out>
         <system-err><![CDATA[2018-07-02 20:37:30 - [TEST_CASE][ERROR] - Test Cases/DDS-2052/DDS_3857: Test Cases/DDS-2052/DDS_3857 FAILED because (of) java.lang.IllegalArgumentException: Cannot find test case with id 'Test Cases/CommonLibraries/Search']]></system-err>
      </testcase>
      <testcase name="Test Cases/DDS-2052/DDS_3860" classname="Test Cases/DDS-2052/DDS_3860" status="ERROR">
         <error type="ERROR" message="Test Cases/DDS-2052/DDS_3860 FAILED because (of) java.lang.IllegalArgumentException: Cannot find test case with id 'Test Cases/CommonLibraries/Search'"/>
         <system-out><![CDATA[2018-07-02 20:37:30 - [TEST_CASE][ERROR] - Test Cases/DDS-2052/DDS_3860: Test Cases/DDS-2052/DDS_3860 FAILED because (of) java.lang.IllegalArgumentException: Cannot find test case with id 'Test Cases/CommonLibraries/Search'

2018-07-02 20:37:30 - [TEST_STEP][PASSED] - callTestCase: null]]></system-out>
         <system-err><![CDATA[2018-07-02 20:37:30 - [TEST_CASE][ERROR] - Test Cases/DDS-2052/DDS_3860: Test Cases/DDS-2052/DDS_3860 FAILED because (of) java.lang.IllegalArgumentException: Cannot find test case with id 'Test Cases/CommonLibraries/Search']]></system-err>
      </testcase>
      <testcase name="Test Cases/DDS-2052/DDS_3861" classname="Test Cases/DDS-2052/DDS_3861" status="FAILED">
         <failure type="FAILED" message="Unable to verify if object 'Object Repository/Cart Page/Empty Cart Button' has attribute 'ng-reflect-is-disabled' with value 'false' (Root cause: Object 'Object Repository/Cart Page/Empty Cart Button' has attribute 'ng-reflect-is-disabled' with actual value 'true' instead of expected value 'false')"/>
         <system-out><![CDATA[2018-07-02 20:37:30 - [TEST_CASE][FAILED] - Test Cases/DDS-2052/DDS_3861: Test Cases/DDS-2052/DDS_3861 FAILED because (of) Unable to verify if object 'Object Repository/Cart Page/Empty Cart Button' has attribute 'ng-reflect-is-disabled' with value 'false' (Root cause: Object 'Object Repository/Cart Page/Empty Cart Button' has attribute 'ng-reflect-is-disabled' with actual value 'true' instead of expected value 'false')

2018-07-02 20:37:30 - [TEST_STEP][PASSED] - callTestCase: Call Test Case 'Test Cases/CommonLibraries/Login' successfully

2018-07-02 20:37:30 - [TEST_CASE][PASSED] - Test Cases/CommonLibraries/Login: Test Cases/CommonLibraries/Login

2018-07-02 20:37:30 - [TEST_STEP][PASSED] - openBrowser: Browser is opened with url: 'https://smtlogin.zycus.net/sso/login?serviceName=http://eproc-qa.zycus.net/'

2018-07-02 20:37:30 - [MESSAGE][WARNING] - A browser is already opened. Closing browser and opening a new one

2018-07-02 20:37:40 - [MESSAGE][PASSED] - Browser is opened with url: 'https://smtlogin.zycus.net/sso/login?serviceName=http://eproc-qa.zycus.net/'

2018-07-02 20:37:40 - [TEST_STEP][PASSED] - maximizeWindow: Current window maximized

2018-07-02 20:37:40 - [MESSAGE][PASSED] - Current window maximized

2018-07-02 20:37:40 - [TEST_STEP][PASSED] - waitForElementVisible: Object 'Object Repository/LoginPage/UserID' is visible

2018-07-02 20:37:40 - [MESSAGE][PASSED] - Object 'Object Repository/LoginPage/UserID' is visible

2018-07-02 20:37:40 - [TEST_STEP][PASSED] - sendKeys: Keys 'monicaqa@zycus.com' sent to object: 'Object Repository/LoginPage/UserID'

2018-07-02 20:37:40 - [MESSAGE][PASSED] - Keys 'monicaqa@zycus.com' sent to object: 'Object Repository/LoginPage/UserID'

2018-07-02 20:37:40 - [TEST_STEP][PASSED] - sendKeys: Keys 'eProc@123' sent to object: 'Object Repository/LoginPage/Password'

2018-07-02 20:37:40 - [MESSAGE][PASSED] - Keys 'eProc@123' sent to object: 'Object Repository/LoginPage/Password'

2018-07-02 20:37:40 - [TEST_STEP][PASSED] - click: Object: 'Object Repository/LoginPage/LoginButton' is clicked on

2018-07-02 20:37:45 - [MESSAGE][PASSED] - Object: 'Object Repository/LoginPage/LoginButton' is clicked on

2018-07-02 20:37:45 - [MESSAGE][PASSED] - Call Test Case 'Test Cases/CommonLibraries/Login' successfully

2018-07-02 20:37:45 - [TEST_STEP][PASSED] - delay: Delayed 20 second(s)

2018-07-02 20:38:05 - [MESSAGE][PASSED] - Delayed 20 second(s)

2018-07-02 20:38:05 - [TEST_STEP][PASSED] - doubleClick: Object: 'Object Repository/OnlineStorePage/CartIcon' is double clicked on

2018-07-02 20:38:06 - [MESSAGE][PASSED] - Object: 'Object Repository/OnlineStorePage/CartIcon' is double clicked on

2018-07-02 20:38:06 - [TEST_STEP][PASSED] - delay: Delayed 5 second(s)

2018-07-02 20:38:11 - [MESSAGE][PASSED] - Delayed 5 second(s)

2018-07-02 20:38:11 - [TEST_STEP][FAILED] - Statement - If (com.kms.katalon.core.webui.keyword.WebUiBuiltInKeywords.verifyElementAttributeValue(com.kms.katalon.core.testobject.ObjectRepository.findTestObject(Cart Page/Empty Cart Button), "ng-reflect-is-disabled", "false", 5) == true): Unable to verify if object 'Object Repository/Cart Page/Empty Cart Button' has attribute 'ng-reflect-is-disabled' with value 'false' (Root cause: Object 'Object Repository/Cart Page/Empty Cart Button' has attribute 'ng-reflect-is-disabled' with actual value 'true' instead of expected value 'false')

2018-07-02 20:38:11 - [MESSAGE][FAILED] - Object 'Object Repository/Cart Page/Empty Cart Button' has attribute 'ng-reflect-is-disabled' with actual value 'true' instead of expected value 'false'
[[ATTACHMENT|C:\\Users\\vikas.kiroula\\git\\eProc\\Reports\\Run\\20180702_203015\\1530544091492.png]]

2018-07-02 20:38:11 - [MESSAGE][FAILED] - Unable to verify if object 'Object Repository/Cart Page/Empty Cart Button' has attribute 'ng-reflect-is-disabled' with value 'false' (Root cause: Object 'Object Repository/Cart Page/Empty Cart Button' has attribute 'ng-reflect-is-disabled' with actual value 'true' instead of expected value 'false')
[[ATTACHMENT|C:\\Users\\vikas.kiroula\\git\\eProc\\Reports\\Run\\20180702_203015\\1530544091696.png]]]]></system-out>
         <system-err><![CDATA[2018-07-02 20:37:30 - [TEST_CASE][FAILED] - Test Cases/DDS-2052/DDS_3861: Test Cases/DDS-2052/DDS_3861 FAILED because (of) Unable to verify if object 'Object Repository/Cart Page/Empty Cart Button' has attribute 'ng-reflect-is-disabled' with value 'false' (Root cause: Object 'Object Repository/Cart Page/Empty Cart Button' has attribute 'ng-reflect-is-disabled' with actual value 'true' instead of expected value 'false')]]></system-err>
      </testcase>
      <testcase name="Test Cases/DDS-2052/DDS_3865" classname="Test Cases/DDS-2052/DDS_3865" status="ERROR">
         <error type="ERROR" message="Test Cases/DDS-2052/DDS_3865 FAILED because (of) java.lang.IllegalArgumentException: Cannot find test case with id 'Test Cases/CommonLibraries/Search'"/>
         <system-out><![CDATA[2018-07-02 20:38:11 - [TEST_CASE][ERROR] - Test Cases/DDS-2052/DDS_3865: Test Cases/DDS-2052/DDS_3865 FAILED because (of) java.lang.IllegalArgumentException: Cannot find test case with id 'Test Cases/CommonLibraries/Search'

2018-07-02 20:38:11 - [TEST_STEP][PASSED] - callTestCase: null]]></system-out>
         <system-err><![CDATA[2018-07-02 20:38:11 - [TEST_CASE][ERROR] - Test Cases/DDS-2052/DDS_3865: Test Cases/DDS-2052/DDS_3865 FAILED because (of) java.lang.IllegalArgumentException: Cannot find test case with id 'Test Cases/CommonLibraries/Search']]></system-err>
      </testcase>
      <testcase name="Test Cases/DDS-2052/DDS_3877" classname="Test Cases/DDS-2052/DDS_3877" status="FAILED">
         <failure type="FAILED" message="Unable to send keys 'Item' to object 'Object Repository/OnlineStorePage/Search Box' (Root cause: com.kms.katalon.core.webui.exception.WebElementNotFoundException: Web element with id: 'Object Repository/OnlineStorePage/Search Box' located by 'By.xpath: //eproc-online-store/eproc-spotlight/div[2]/div/div/div[2]/div/eproc-main-search/div[1]/input' not found)"/>
         <system-out><![CDATA[2018-07-02 20:38:11 - [TEST_CASE][FAILED] - Test Cases/DDS-2052/DDS_3877: Test Cases/DDS-2052/DDS_3877 FAILED because (of) Unable to send keys 'Item' to object 'Object Repository/OnlineStorePage/Search Box' (Root cause: com.kms.katalon.core.webui.exception.WebElementNotFoundException: Web element with id: 'Object Repository/OnlineStorePage/Search Box' located by 'By.xpath: //eproc-online-store/eproc-spotlight/div[2]/div/div/div[2]/div/eproc-main-search/div[1]/input' not found)

2018-07-02 20:38:12 - [TEST_STEP][PASSED] - openBrowser: Browser is opened with url: 'https://smtlogin.zycus.net/sso/login?serviceName=http://eproc-qa.zycus.net/'

2018-07-02 20:38:12 - [MESSAGE][WARNING] - A browser is already opened. Closing browser and opening a new one

2018-07-02 20:38:21 - [MESSAGE][PASSED] - Browser is opened with url: 'https://smtlogin.zycus.net/sso/login?serviceName=http://eproc-qa.zycus.net/'

2018-07-02 20:38:21 - [TEST_STEP][PASSED] - waitForElementVisible: Object 'Object Repository/LoginPage/UserID' is visible

2018-07-02 20:38:21 - [MESSAGE][PASSED] - Object 'Object Repository/LoginPage/UserID' is visible

2018-07-02 20:38:21 - [TEST_STEP][PASSED] - sendKeys: Keys '' sent to object: 'Object Repository/LoginPage/UserID'

2018-07-02 20:38:21 - [MESSAGE][PASSED] - Keys '' sent to object: 'Object Repository/LoginPage/UserID'

2018-07-02 20:38:21 - [TEST_STEP][PASSED] - sendKeys: Keys '' sent to object: 'Object Repository/LoginPage/Password'

2018-07-02 20:38:21 - [MESSAGE][PASSED] - Keys '' sent to object: 'Object Repository/LoginPage/Password'

2018-07-02 20:38:21 - [TEST_STEP][PASSED] - click: Object: 'Object Repository/LoginPage/LoginButton' is clicked on

2018-07-02 20:38:22 - [MESSAGE][PASSED] - Object: 'Object Repository/LoginPage/LoginButton' is clicked on

2018-07-02 20:38:22 - [TEST_STEP][PASSED] - delay: Delayed 5 second(s)

2018-07-02 20:38:27 - [MESSAGE][PASSED] - Delayed 5 second(s)

2018-07-02 20:38:27 - [TEST_STEP][FAILED] - sendKeys: Unable to send keys 'Item' to object 'Object Repository/OnlineStorePage/Search Box' (Root cause: com.kms.katalon.core.webui.exception.WebElementNotFoundException: Web element with id: 'Object Repository/OnlineStorePage/Search Box' located by 'By.xpath: //eproc-online-store/eproc-spotlight/div[2]/div/div/div[2]/div/eproc-main-search/div[1]/input' not found)

2018-07-02 20:38:59 - [MESSAGE][FAILED] - Unable to send keys 'Item' to object 'Object Repository/OnlineStorePage/Search Box' (Root cause: com.kms.katalon.core.webui.exception.WebElementNotFoundException: Web element with id: 'Object Repository/OnlineStorePage/Search Box' located by 'By.xpath: //eproc-online-store/eproc-spotlight/div[2]/div/div/div[2]/div/eproc-main-search/div[1]/input' not found)
[[ATTACHMENT|C:\\Users\\vikas.kiroula\\git\\eProc\\Reports\\Run\\20180702_203015\\1530544139362.png]]]]></system-out>
         <system-err><![CDATA[2018-07-02 20:38:11 - [TEST_CASE][FAILED] - Test Cases/DDS-2052/DDS_3877: Test Cases/DDS-2052/DDS_3877 FAILED because (of) Unable to send keys 'Item' to object 'Object Repository/OnlineStorePage/Search Box' (Root cause: com.kms.katalon.core.webui.exception.WebElementNotFoundException: Web element with id: 'Object Repository/OnlineStorePage/Search Box' located by 'By.xpath: //eproc-online-store/eproc-spotlight/div[2]/div/div/div[2]/div/eproc-main-search/div[1]/input' not found)]]></system-err>
      </testcase>
      <testcase name="Test Cases/DDS-2052/DDS_3885" classname="Test Cases/DDS-2052/DDS_3885" status="ERROR">
         <error type="ERROR" message="Test Cases/DDS-2052/DDS_3885 FAILED because (of) java.lang.IllegalArgumentException: Cannot find test case with id 'Test Cases/CommonLibraries/Search'"/>
         <system-out><![CDATA[2018-07-02 20:38:59 - [TEST_CASE][ERROR] - Test Cases/DDS-2052/DDS_3885: Test Cases/DDS-2052/DDS_3885 FAILED because (of) java.lang.IllegalArgumentException: Cannot find test case with id 'Test Cases/CommonLibraries/Search'

2018-07-02 20:38:59 - [TEST_STEP][PASSED] - callTestCase: null]]></system-out>
         <system-err><![CDATA[2018-07-02 20:38:59 - [TEST_CASE][ERROR] - Test Cases/DDS-2052/DDS_3885: Test Cases/DDS-2052/DDS_3885 FAILED because (of) java.lang.IllegalArgumentException: Cannot find test case with id 'Test Cases/CommonLibraries/Search']]></system-err>
      </testcase>
      <testcase name="Test Cases/DDS-2052/DDS_3888" classname="Test Cases/DDS-2052/DDS_3888" status="ERROR">
         <error type="ERROR" message="Test Cases/DDS-2052/DDS_3888 FAILED because (of) java.lang.IllegalArgumentException: Cannot find test case with id 'Test Cases/CommonLibraries/Search'"/>
         <system-out><![CDATA[2018-07-02 20:38:59 - [TEST_CASE][ERROR] - Test Cases/DDS-2052/DDS_3888: Test Cases/DDS-2052/DDS_3888 FAILED because (of) java.lang.IllegalArgumentException: Cannot find test case with id 'Test Cases/CommonLibraries/Search'

2018-07-02 20:38:59 - [TEST_STEP][PASSED] - callTestCase: null]]></system-out>
         <system-err><![CDATA[2018-07-02 20:38:59 - [TEST_CASE][ERROR] - Test Cases/DDS-2052/DDS_3888: Test Cases/DDS-2052/DDS_3888 FAILED because (of) java.lang.IllegalArgumentException: Cannot find test case with id 'Test Cases/CommonLibraries/Search']]></system-err>
      </testcase>
      <testcase name="Test Cases/DDS-2053/DDS- 3890 User should be able to mark individual items as favourites on the online store search results page" classname="Test Cases/DDS-2053/DDS- 3890 User should be able to mark individual items as favourites on the online store search results page" status="PASSED">
         <system-out><![CDATA[2018-07-02 20:38:59 - [TEST_CASE][PASSED] - Test Cases/DDS-2053/DDS- 3890 User should be able to mark individual items as favourites on the online store search results page: Test Cases/DDS-2053/DDS- 3890 User should be able to mark individual items as favourites on the online store search results page

2018-07-02 20:38:59 - [TEST_STEP][PASSED] - callTestCase: Call Test Case 'Test Cases/CommonLibraries/Search By Item' successfully

2018-07-02 20:38:59 - [TEST_CASE][PASSED] - Test Cases/CommonLibraries/Search By Item: Test Cases/CommonLibraries/Search By Item

2018-07-02 20:38:59 - [TEST_STEP][PASSED] - callTestCase: Call Test Case 'Test Cases/CommonLibraries/Login' successfully

2018-07-02 20:38:59 - [TEST_CASE][PASSED] - Test Cases/CommonLibraries/Login: Test Cases/CommonLibraries/Login

2018-07-02 20:38:59 - [TEST_STEP][PASSED] - openBrowser: Browser is opened with url: 'https://smtlogin.zycus.net/sso/login?serviceName=http://eproc-qa.zycus.net/'

2018-07-02 20:38:59 - [MESSAGE][WARNING] - A browser is already opened. Closing browser and opening a new one

2018-07-02 20:39:09 - [MESSAGE][PASSED] - Browser is opened with url: 'https://smtlogin.zycus.net/sso/login?serviceName=http://eproc-qa.zycus.net/'

2018-07-02 20:39:09 - [TEST_STEP][PASSED] - maximizeWindow: Current window maximized

2018-07-02 20:39:09 - [MESSAGE][PASSED] - Current window maximized

2018-07-02 20:39:09 - [TEST_STEP][PASSED] - waitForElementVisible: Object 'Object Repository/LoginPage/UserID' is visible

2018-07-02 20:39:09 - [MESSAGE][PASSED] - Object 'Object Repository/LoginPage/UserID' is visible

2018-07-02 20:39:09 - [TEST_STEP][PASSED] - sendKeys: Keys 'monicaqa@zycus.com' sent to object: 'Object Repository/LoginPage/UserID'

2018-07-02 20:39:09 - [MESSAGE][PASSED] - Keys 'monicaqa@zycus.com' sent to object: 'Object Repository/LoginPage/UserID'

2018-07-02 20:39:09 - [TEST_STEP][PASSED] - sendKeys: Keys 'eProc@123' sent to object: 'Object Repository/LoginPage/Password'

2018-07-02 20:39:09 - [MESSAGE][PASSED] - Keys 'eProc@123' sent to object: 'Object Repository/LoginPage/Password'

2018-07-02 20:39:09 - [TEST_STEP][PASSED] - click: Object: 'Object Repository/LoginPage/LoginButton' is clicked on

2018-07-02 20:39:14 - [MESSAGE][PASSED] - Object: 'Object Repository/LoginPage/LoginButton' is clicked on

2018-07-02 20:39:14 - [MESSAGE][PASSED] - Call Test Case 'Test Cases/CommonLibraries/Login' successfully

2018-07-02 20:39:14 - [TEST_STEP][PASSED] - waitForElementPresent: Object 'Object Repository/OnlineStorePage/Search Box' is present

2018-07-02 20:39:38 - [MESSAGE][PASSED] - Object 'Object Repository/OnlineStorePage/Search Box' is present

2018-07-02 20:39:38 - [TEST_STEP][PASSED] - waitForPageLoad: Wait for page load successfully

2018-07-02 20:39:38 - [MESSAGE][PASSED] - Wait for page load successfully

2018-07-02 20:39:38 - [TEST_STEP][PASSED] - sendKeys: Keys 'Item' sent to object: 'Object Repository/OnlineStorePage/Search Box'

2018-07-02 20:39:38 - [MESSAGE][PASSED] - Keys 'Item' sent to object: 'Object Repository/OnlineStorePage/Search Box'

2018-07-02 20:39:38 - [TEST_STEP][PASSED] - click: Object: 'Object Repository/OnlineStorePage/Search Icon' is clicked on

2018-07-02 20:39:39 - [MESSAGE][PASSED] - Object: 'Object Repository/OnlineStorePage/Search Icon' is clicked on

2018-07-02 20:39:39 - [MESSAGE][PASSED] - Call Test Case 'Test Cases/CommonLibraries/Search By Item' successfully

2018-07-02 20:39:39 - [TEST_STEP][PASSED] - waitForElementPresent: Object 'Object Repository/SearchResultPage/SearchItemTab/CatalogItems/Check Box For 2 row item list' is present

2018-07-02 20:40:15 - [MESSAGE][PASSED] - Object 'Object Repository/SearchResultPage/SearchItemTab/CatalogItems/Check Box For 2 row item list' is present

2018-07-02 20:40:15 - [TEST_STEP][PASSED] - waitForElementPresent: Object 'Object Repository/SearchResultPage/SearchItemTab/CatalogItems/Favorite Button For ITEM1' is present

2018-07-02 20:40:15 - [MESSAGE][PASSED] - Object 'Object Repository/SearchResultPage/SearchItemTab/CatalogItems/Favorite Button For ITEM1' is present

2018-07-02 20:40:15 - [TEST_STEP][PASSED] - waitForElementPresent: Object 'Object Repository/SearchResultPage/SearchItemTab/CatalogItems/Favorite Button For Item3' is present

2018-07-02 20:40:15 - [MESSAGE][PASSED] - Object 'Object Repository/SearchResultPage/SearchItemTab/CatalogItems/Favorite Button For Item3' is present

2018-07-02 20:40:15 - [TEST_STEP][PASSED] - Statement - Attribute1 = com.kms.katalon.core.webui.keyword.WebUiBuiltInKeywords.getAttribute(com.kms.katalon.core.testobject.ObjectRepository.findTestObject(SearchResultPage/SearchItemTab/CatalogItems/Favorite Button For ITEM1), "ng-reflect-icon"): Attribute 'ng-reflect-icon' of object 'Object Repository/SearchResultPage/SearchItemTab/CatalogItems/Favorite Button For ITEM1' is: 'heart'

2018-07-02 20:40:15 - [MESSAGE][PASSED] - Attribute 'ng-reflect-icon' of object 'Object Repository/SearchResultPage/SearchItemTab/CatalogItems/Favorite Button For ITEM1' is: 'heart'

2018-07-02 20:40:15 - [TEST_STEP][PASSED] - Statement - Attribute2 = com.kms.katalon.core.webui.keyword.WebUiBuiltInKeywords.getAttribute(com.kms.katalon.core.testobject.ObjectRepository.findTestObject(SearchResultPage/SearchItemTab/CatalogItems/Favorite Button For Item3), "ng-reflect-icon"): Attribute 'ng-reflect-icon' of object 'Object Repository/SearchResultPage/SearchItemTab/CatalogItems/Favorite Button For Item3' is: 'heart'

2018-07-02 20:40:15 - [MESSAGE][PASSED] - Attribute 'ng-reflect-icon' of object 'Object Repository/SearchResultPage/SearchItemTab/CatalogItems/Favorite Button For Item3' is: 'heart'

2018-07-02 20:40:15 - [TEST_STEP][PASSED] - Statement - If (Attribute1 == "heart-fill"): null

2018-07-02 20:40:15 - [TEST_STEP][PASSED] - Statement - Else: Object 'Object Repository/SearchResultPage/SearchItemTab/CatalogItems/Favorite Button For ITEM1' has attribute 'ng-reflect-icon' with value 'heart-fill'

2018-07-02 20:40:15 - [TEST_STEP][PASSED] - mouseOver: Object: 'Object Repository/SearchResultPage/SearchItemTab/CatalogItems/Favorite Button For ITEM1' is hovered

2018-07-02 20:40:15 - [MESSAGE][PASSED] - Object: 'Object Repository/SearchResultPage/SearchItemTab/CatalogItems/Favorite Button For ITEM1' is hovered

2018-07-02 20:40:15 - [TEST_STEP][PASSED] - click: Object: 'Object Repository/SearchResultPage/SearchItemTab/CatalogItems/Favorite Button For ITEM1' is clicked on

2018-07-02 20:40:15 - [MESSAGE][PASSED] - Object: 'Object Repository/SearchResultPage/SearchItemTab/CatalogItems/Favorite Button For ITEM1' is clicked on

2018-07-02 20:40:15 - [TEST_STEP][PASSED] - delay: Delayed 2 second(s)

2018-07-02 20:40:17 - [MESSAGE][PASSED] - Delayed 2 second(s)

2018-07-02 20:40:17 - [TEST_STEP][PASSED] - verifyElementAttributeValue: Object 'Object Repository/SearchResultPage/SearchItemTab/CatalogItems/Favorite Button For ITEM1' has attribute 'ng-reflect-icon' with value 'heart-fill'

2018-07-02 20:40:17 - [MESSAGE][PASSED] - Object 'Object Repository/SearchResultPage/SearchItemTab/CatalogItems/Favorite Button For ITEM1' has attribute 'ng-reflect-icon' with value 'heart-fill'

2018-07-02 20:40:17 - [TEST_STEP][PASSED] - Statement - If (Attribute2 == "heart-fill"): null

2018-07-02 20:40:17 - [TEST_STEP][PASSED] - Statement - Else: Object 'Object Repository/SearchResultPage/SearchItemTab/CatalogItems/Favorite Button For Item3' has attribute 'ng-reflect-icon' with value 'heart-fill'

2018-07-02 20:40:17 - [TEST_STEP][PASSED] - mouseOver: Object: 'Object Repository/SearchResultPage/SearchItemTab/CatalogItems/Favorite Button For Item3' is hovered

2018-07-02 20:40:17 - [MESSAGE][PASSED] - Object: 'Object Repository/SearchResultPage/SearchItemTab/CatalogItems/Favorite Button For Item3' is hovered

2018-07-02 20:40:17 - [TEST_STEP][PASSED] - click: Object: 'Object Repository/SearchResultPage/SearchItemTab/CatalogItems/Favorite Button For Item3' is clicked on

2018-07-02 20:40:17 - [MESSAGE][PASSED] - Object: 'Object Repository/SearchResultPage/SearchItemTab/CatalogItems/Favorite Button For Item3' is clicked on

2018-07-02 20:40:17 - [TEST_STEP][PASSED] - delay: Delayed 3 second(s)

2018-07-02 20:40:20 - [MESSAGE][PASSED] - Delayed 3 second(s)

2018-07-02 20:40:20 - [TEST_STEP][PASSED] - verifyElementAttributeValue: Object 'Object Repository/SearchResultPage/SearchItemTab/CatalogItems/Favorite Button For Item3' has attribute 'ng-reflect-icon' with value 'heart-fill'

2018-07-02 20:40:21 - [MESSAGE][PASSED] - Object 'Object Repository/SearchResultPage/SearchItemTab/CatalogItems/Favorite Button For Item3' has attribute 'ng-reflect-icon' with value 'heart-fill'

2018-07-02 20:40:21 - [TEST_STEP][PASSED] - closeBrowser: Browser is closed

2018-07-02 20:40:21 - [MESSAGE][PASSED] - Browser is closed]]></system-out>
         <system-err><![CDATA[]]></system-err>
      </testcase>
      <testcase name="Test Cases/DDS-2053/DDS-2890" classname="Test Cases/DDS-2053/DDS-2890" status="ERROR">
         <error type="ERROR" message="Test Cases/DDS-2053/DDS-2890 FAILED because (of) java.lang.IllegalArgumentException: Cannot find test case with id 'Test Cases/CommonLibraries/Search'"/>
         <system-out><![CDATA[2018-07-02 20:40:21 - [TEST_CASE][ERROR] - Test Cases/DDS-2053/DDS-2890: Test Cases/DDS-2053/DDS-2890 FAILED because (of) java.lang.IllegalArgumentException: Cannot find test case with id 'Test Cases/CommonLibraries/Search'

2018-07-02 20:40:21 - [TEST_STEP][PASSED] - callTestCase: null]]></system-out>
         <system-err><![CDATA[2018-07-02 20:40:21 - [TEST_CASE][ERROR] - Test Cases/DDS-2053/DDS-2890: Test Cases/DDS-2053/DDS-2890 FAILED because (of) java.lang.IllegalArgumentException: Cannot find test case with id 'Test Cases/CommonLibraries/Search']]></system-err>
      </testcase>
      <testcase name="Test Cases/DDS-2053/DDS-3894 Verify that items marked as favorites should be visible on the favourite section of the online store" classname="Test Cases/DDS-2053/DDS-3894 Verify that items marked as favorites should be visible on the favourite section of the online store" status="FAILED">
         <failure type="FAILED" message="Unable to get text of object 'Object Repository/SearchResultPage/SearchItemTab/CatalogItems/Catalog Item List Verification/ITEM1 For 2 Row' (Root cause: com.kms.katalon.core.webui.exception.WebElementNotFoundException: Web element with id: 'Object Repository/SearchResultPage/SearchItemTab/CatalogItems/Catalog Item List Verification/ITEM1 For 2 Row' located by 'By.xpath: //dew-flex-item[2]//span[text()='ITEM1']' not found)"/>
         <system-out><![CDATA[2018-07-02 20:40:21 - [TEST_CASE][FAILED] - Test Cases/DDS-2053/DDS-3894 Verify that items marked as favorites should be visible on the favourite section of the online store: Test Cases/DDS-2053/DDS-3894 Verify that items marked as favorites should be visible on the favourite section of the online store FAILED because (of) Unable to get text of object 'Object Repository/SearchResultPage/SearchItemTab/CatalogItems/Catalog Item List Verification/ITEM1 For 2 Row' (Root cause: com.kms.katalon.core.webui.exception.WebElementNotFoundException: Web element with id: 'Object Repository/SearchResultPage/SearchItemTab/CatalogItems/Catalog Item List Verification/ITEM1 For 2 Row' located by 'By.xpath: //dew-flex-item[2]//span[text()='ITEM1']' not found)

2018-07-02 20:40:21 - [TEST_STEP][PASSED] - callTestCase: Call Test Case 'Test Cases/CommonLibraries/Search By Item' successfully

2018-07-02 20:40:21 - [TEST_CASE][PASSED] - Test Cases/CommonLibraries/Search By Item: Test Cases/CommonLibraries/Search By Item

2018-07-02 20:40:21 - [TEST_STEP][PASSED] - callTestCase: Call Test Case 'Test Cases/CommonLibraries/Login' successfully

2018-07-02 20:40:21 - [TEST_CASE][PASSED] - Test Cases/CommonLibraries/Login: Test Cases/CommonLibraries/Login

2018-07-02 20:40:21 - [TEST_STEP][PASSED] - openBrowser: Browser is opened with url: 'https://smtlogin.zycus.net/sso/login?serviceName=http://eproc-qa.zycus.net/'

2018-07-02 20:40:31 - [MESSAGE][PASSED] - Browser is opened with url: 'https://smtlogin.zycus.net/sso/login?serviceName=http://eproc-qa.zycus.net/'

2018-07-02 20:40:31 - [TEST_STEP][PASSED] - maximizeWindow: Current window maximized

2018-07-02 20:40:31 - [MESSAGE][PASSED] - Current window maximized

2018-07-02 20:40:31 - [TEST_STEP][PASSED] - waitForElementVisible: Object 'Object Repository/LoginPage/UserID' is visible

2018-07-02 20:40:31 - [MESSAGE][PASSED] - Object 'Object Repository/LoginPage/UserID' is visible

2018-07-02 20:40:31 - [TEST_STEP][PASSED] - sendKeys: Keys 'monicaqa@zycus.com' sent to object: 'Object Repository/LoginPage/UserID'

2018-07-02 20:40:31 - [MESSAGE][PASSED] - Keys 'monicaqa@zycus.com' sent to object: 'Object Repository/LoginPage/UserID'

2018-07-02 20:40:31 - [TEST_STEP][PASSED] - sendKeys: Keys 'eProc@123' sent to object: 'Object Repository/LoginPage/Password'

2018-07-02 20:40:31 - [MESSAGE][PASSED] - Keys 'eProc@123' sent to object: 'Object Repository/LoginPage/Password'

2018-07-02 20:40:31 - [TEST_STEP][PASSED] - click: Object: 'Object Repository/LoginPage/LoginButton' is clicked on

2018-07-02 20:40:38 - [MESSAGE][PASSED] - Object: 'Object Repository/LoginPage/LoginButton' is clicked on

2018-07-02 20:40:38 - [MESSAGE][PASSED] - Call Test Case 'Test Cases/CommonLibraries/Login' successfully

2018-07-02 20:40:38 - [TEST_STEP][PASSED] - waitForElementPresent: Object 'Object Repository/OnlineStorePage/Search Box' is present

2018-07-02 20:41:18 - [MESSAGE][PASSED] - Object 'Object Repository/OnlineStorePage/Search Box' is present

2018-07-02 20:41:18 - [TEST_STEP][PASSED] - waitForPageLoad: Wait for page load successfully

2018-07-02 20:41:18 - [MESSAGE][PASSED] - Wait for page load successfully

2018-07-02 20:41:18 - [TEST_STEP][PASSED] - sendKeys: Keys 'Item' sent to object: 'Object Repository/OnlineStorePage/Search Box'

2018-07-02 20:41:18 - [MESSAGE][PASSED] - Keys 'Item' sent to object: 'Object Repository/OnlineStorePage/Search Box'

2018-07-02 20:41:18 - [TEST_STEP][PASSED] - click: Object: 'Object Repository/OnlineStorePage/Search Icon' is clicked on

2018-07-02 20:41:19 - [MESSAGE][PASSED] - Object: 'Object Repository/OnlineStorePage/Search Icon' is clicked on

2018-07-02 20:41:19 - [MESSAGE][PASSED] - Call Test Case 'Test Cases/CommonLibraries/Search By Item' successfully

2018-07-02 20:41:19 - [TEST_STEP][PASSED] - waitForElementPresent: Object 'Object Repository/SearchResultPage/SearchItemTab/CatalogItems/Check Box For 2 row item list' is not present after 50 second(s)

2018-07-02 20:42:12 - [MESSAGE][WARNING] - Object 'Object Repository/SearchResultPage/SearchItemTab/CatalogItems/Check Box For 2 row item list' is not present after 50 second(s)

2018-07-02 20:42:12 - [TEST_STEP][PASSED] - waitForElementPresent: Object 'Object Repository/SearchResultPage/SearchItemTab/CatalogItems/Favorite Button For ITEM1' is not present after 10 second(s)

2018-07-02 20:42:22 - [MESSAGE][WARNING] - Object 'Object Repository/SearchResultPage/SearchItemTab/CatalogItems/Favorite Button For ITEM1' is not present after 10 second(s)

2018-07-02 20:42:22 - [TEST_STEP][PASSED] - waitForElementPresent: Object 'Object Repository/SearchResultPage/SearchItemTab/CatalogItems/Favorite Button For Item3' is not present after 10 second(s)

2018-07-02 20:42:33 - [MESSAGE][WARNING] - Object 'Object Repository/SearchResultPage/SearchItemTab/CatalogItems/Favorite Button For Item3' is not present after 10 second(s)

2018-07-02 20:42:33 - [TEST_STEP][FAILED] - Statement - Actual1 = com.kms.katalon.core.webui.keyword.WebUiBuiltInKeywords.getText(com.kms.katalon.core.testobject.ObjectRepository.findTestObject(SearchResultPage/SearchItemTab/CatalogItems/Catalog Item List Verification/ITEM1 For 2 Row)): Unable to get text of object 'Object Repository/SearchResultPage/SearchItemTab/CatalogItems/Catalog Item List Verification/ITEM1 For 2 Row' (Root cause: com.kms.katalon.core.webui.exception.WebElementNotFoundException: Web element with id: 'Object Repository/SearchResultPage/SearchItemTab/CatalogItems/Catalog Item List Verification/ITEM1 For 2 Row' located by 'By.xpath: //dew-flex-item[2]//span[text()='ITEM1']' not found)

2018-07-02 20:43:05 - [MESSAGE][FAILED] - Unable to get text of object 'Object Repository/SearchResultPage/SearchItemTab/CatalogItems/Catalog Item List Verification/ITEM1 For 2 Row' (Root cause: com.kms.katalon.core.webui.exception.WebElementNotFoundException: Web element with id: 'Object Repository/SearchResultPage/SearchItemTab/CatalogItems/Catalog Item List Verification/ITEM1 For 2 Row' located by 'By.xpath: //dew-flex-item[2]//span[text()='ITEM1']' not found)
[[ATTACHMENT|C:\\Users\\vikas.kiroula\\git\\eProc\\Reports\\Run\\20180702_203015\\1530544384838.png]]]]></system-out>
         <system-err><![CDATA[2018-07-02 20:40:21 - [TEST_CASE][FAILED] - Test Cases/DDS-2053/DDS-3894 Verify that items marked as favorites should be visible on the favourite section of the online store: Test Cases/DDS-2053/DDS-3894 Verify that items marked as favorites should be visible on the favourite section of the online store FAILED because (of) Unable to get text of object 'Object Repository/SearchResultPage/SearchItemTab/CatalogItems/Catalog Item List Verification/ITEM1 For 2 Row' (Root cause: com.kms.katalon.core.webui.exception.WebElementNotFoundException: Web element with id: 'Object Repository/SearchResultPage/SearchItemTab/CatalogItems/Catalog Item List Verification/ITEM1 For 2 Row' located by 'By.xpath: //dew-flex-item[2]//span[text()='ITEM1']' not found)]]></system-err>
      </testcase>
      <testcase name="Test Cases/DDS-2053/DDS-3895 When the user clicks on the View all under favorites section, user is navigated to a new window listing down all the favorites under each entity" classname="Test Cases/DDS-2053/DDS-3895 When the user clicks on the View all under favorites section, user is navigated to a new window listing down all the favorites under each entity" status="PASSED">
         <system-out><![CDATA[2018-07-02 20:43:05 - [TEST_CASE][PASSED] - Test Cases/DDS-2053/DDS-3895 When the user clicks on the View all under favorites section, user is navigated to a new window listing down all the favorites under each entity: Test Cases/DDS-2053/DDS-3895 When the user clicks on the View all under favorites section, user is navigated to a new window listing down all the favorites under each entity

2018-07-02 20:43:05 - [TEST_STEP][PASSED] - callTestCase: Call Test Case 'Test Cases/CommonLibraries/Search By Item' successfully

2018-07-02 20:43:05 - [TEST_CASE][PASSED] - Test Cases/CommonLibraries/Search By Item: Test Cases/CommonLibraries/Search By Item

2018-07-02 20:43:05 - [TEST_STEP][PASSED] - callTestCase: Call Test Case 'Test Cases/CommonLibraries/Login' successfully

2018-07-02 20:43:05 - [TEST_CASE][PASSED] - Test Cases/CommonLibraries/Login: Test Cases/CommonLibraries/Login

2018-07-02 20:43:05 - [TEST_STEP][PASSED] - openBrowser: Browser is opened with url: 'https://smtlogin.zycus.net/sso/login?serviceName=http://eproc-qa.zycus.net/'

2018-07-02 20:43:05 - [MESSAGE][WARNING] - A browser is already opened. Closing browser and opening a new one

2018-07-02 20:43:15 - [MESSAGE][PASSED] - Browser is opened with url: 'https://smtlogin.zycus.net/sso/login?serviceName=http://eproc-qa.zycus.net/'

2018-07-02 20:43:15 - [TEST_STEP][PASSED] - maximizeWindow: Current window maximized

2018-07-02 20:43:15 - [MESSAGE][PASSED] - Current window maximized

2018-07-02 20:43:15 - [TEST_STEP][PASSED] - waitForElementVisible: Object 'Object Repository/LoginPage/UserID' is visible

2018-07-02 20:43:15 - [MESSAGE][PASSED] - Object 'Object Repository/LoginPage/UserID' is visible

2018-07-02 20:43:15 - [TEST_STEP][PASSED] - sendKeys: Keys 'monicaqa@zycus.com' sent to object: 'Object Repository/LoginPage/UserID'

2018-07-02 20:43:15 - [MESSAGE][PASSED] - Keys 'monicaqa@zycus.com' sent to object: 'Object Repository/LoginPage/UserID'

2018-07-02 20:43:15 - [TEST_STEP][PASSED] - sendKeys: Keys 'eProc@123' sent to object: 'Object Repository/LoginPage/Password'

2018-07-02 20:43:15 - [MESSAGE][PASSED] - Keys 'eProc@123' sent to object: 'Object Repository/LoginPage/Password'

2018-07-02 20:43:15 - [TEST_STEP][PASSED] - click: Object: 'Object Repository/LoginPage/LoginButton' is clicked on

2018-07-02 20:43:23 - [MESSAGE][PASSED] - Object: 'Object Repository/LoginPage/LoginButton' is clicked on

2018-07-02 20:43:23 - [MESSAGE][PASSED] - Call Test Case 'Test Cases/CommonLibraries/Login' successfully

2018-07-02 20:43:23 - [TEST_STEP][PASSED] - waitForElementPresent: Object 'Object Repository/OnlineStorePage/Search Box' is present

2018-07-02 20:44:02 - [MESSAGE][PASSED] - Object 'Object Repository/OnlineStorePage/Search Box' is present

2018-07-02 20:44:02 - [TEST_STEP][PASSED] - waitForPageLoad: Wait for page load successfully

2018-07-02 20:44:02 - [MESSAGE][PASSED] - Wait for page load successfully

2018-07-02 20:44:02 - [TEST_STEP][PASSED] - sendKeys: Keys 'Item' sent to object: 'Object Repository/OnlineStorePage/Search Box'

2018-07-02 20:44:02 - [MESSAGE][PASSED] - Keys 'Item' sent to object: 'Object Repository/OnlineStorePage/Search Box'

2018-07-02 20:44:02 - [TEST_STEP][PASSED] - click: Object: 'Object Repository/OnlineStorePage/Search Icon' is clicked on

2018-07-02 20:44:02 - [MESSAGE][PASSED] - Object: 'Object Repository/OnlineStorePage/Search Icon' is clicked on

2018-07-02 20:44:02 - [MESSAGE][PASSED] - Call Test Case 'Test Cases/CommonLibraries/Search By Item' successfully

2018-07-02 20:44:02 - [TEST_STEP][PASSED] - waitForElementPresent: Object 'Object Repository/SearchResultPage/SearchItemTab/CatalogItems/Check Box For 2 row item list' is present

2018-07-02 20:44:11 - [MESSAGE][PASSED] - Object 'Object Repository/SearchResultPage/SearchItemTab/CatalogItems/Check Box For 2 row item list' is present

2018-07-02 20:44:11 - [TEST_STEP][PASSED] - waitForElementPresent: Object 'Object Repository/SearchResultPage/SearchItemTab/CatalogItems/Favorite Button For ITEM1' is present

2018-07-02 20:44:11 - [MESSAGE][PASSED] - Object 'Object Repository/SearchResultPage/SearchItemTab/CatalogItems/Favorite Button For ITEM1' is present

2018-07-02 20:44:11 - [TEST_STEP][PASSED] - waitForElementPresent: Object 'Object Repository/SearchResultPage/SearchItemTab/CatalogItems/Favorite Button For Item3' is present

2018-07-02 20:44:11 - [MESSAGE][PASSED] - Object 'Object Repository/SearchResultPage/SearchItemTab/CatalogItems/Favorite Button For Item3' is present

2018-07-02 20:44:11 - [TEST_STEP][PASSED] - Statement - Actual1 = com.kms.katalon.core.webui.keyword.WebUiBuiltInKeywords.getText(com.kms.katalon.core.testobject.ObjectRepository.findTestObject(SearchResultPage/SearchItemTab/CatalogItems/Catalog Item List Verification/ITEM1 For 2 Row)): Text of object 'Object Repository/SearchResultPage/SearchItemTab/CatalogItems/Catalog Item List Verification/ITEM1 For 2 Row' is: 'ITEM1'

2018-07-02 20:44:11 - [MESSAGE][PASSED] - Text of object 'Object Repository/SearchResultPage/SearchItemTab/CatalogItems/Catalog Item List Verification/ITEM1 For 2 Row' is: 'ITEM1'

2018-07-02 20:44:11 - [TEST_STEP][PASSED] - Statement - Actual2 = com.kms.katalon.core.webui.keyword.WebUiBuiltInKeywords.getText(com.kms.katalon.core.testobject.ObjectRepository.findTestObject(SearchResultPage/SearchItemTab/CatalogItems/Catalog Item List Verification/Item3 For 3 Row)): Text of object 'Object Repository/SearchResultPage/SearchItemTab/CatalogItems/Catalog Item List Verification/Item3 For 3 Row' is: 'Item3'

2018-07-02 20:44:11 - [MESSAGE][PASSED] - Text of object 'Object Repository/SearchResultPage/SearchItemTab/CatalogItems/Catalog Item List Verification/Item3 For 3 Row' is: 'Item3'

2018-07-02 20:44:11 - [TEST_STEP][PASSED] - Statement - Attribute1 = com.kms.katalon.core.webui.keyword.WebUiBuiltInKeywords.getAttribute(com.kms.katalon.core.testobject.ObjectRepository.findTestObject(SearchResultPage/SearchItemTab/CatalogItems/Favorite Button For ITEM1), "ng-reflect-icon"): Attribute 'ng-reflect-icon' of object 'Object Repository/SearchResultPage/SearchItemTab/CatalogItems/Favorite Button For ITEM1' is: 'heart-fill'

2018-07-02 20:44:11 - [MESSAGE][PASSED] - Attribute 'ng-reflect-icon' of object 'Object Repository/SearchResultPage/SearchItemTab/CatalogItems/Favorite Button For ITEM1' is: 'heart-fill'

2018-07-02 20:44:11 - [TEST_STEP][PASSED] - Statement - Attribute2 = com.kms.katalon.core.webui.keyword.WebUiBuiltInKeywords.getAttribute(com.kms.katalon.core.testobject.ObjectRepository.findTestObject(SearchResultPage/SearchItemTab/CatalogItems/Favorite Button For Item3), "ng-reflect-icon"): Attribute 'ng-reflect-icon' of object 'Object Repository/SearchResultPage/SearchItemTab/CatalogItems/Favorite Button For Item3' is: 'heart-fill'

2018-07-02 20:44:11 - [MESSAGE][PASSED] - Attribute 'ng-reflect-icon' of object 'Object Repository/SearchResultPage/SearchItemTab/CatalogItems/Favorite Button For Item3' is: 'heart-fill'

2018-07-02 20:44:11 - [TEST_STEP][PASSED] - Statement - If (Attribute1 == "heart-fill"): Object 'Object Repository/SearchResultPage/SearchItemTab/CatalogItems/Favorite Button For ITEM1' has attribute 'ng-reflect-icon' with value 'heart-fill'

2018-07-02 20:44:11 - [TEST_STEP][PASSED] - mouseOver: Object: 'Object Repository/SearchResultPage/SearchItemTab/CatalogItems/Favorite Button For ITEM1' is hovered

2018-07-02 20:44:11 - [MESSAGE][PASSED] - Object: 'Object Repository/SearchResultPage/SearchItemTab/CatalogItems/Favorite Button For ITEM1' is hovered

2018-07-02 20:44:11 - [TEST_STEP][PASSED] - click: Object: 'Object Repository/SearchResultPage/SearchItemTab/CatalogItems/Favorite Button For ITEM1' is clicked on

2018-07-02 20:44:11 - [MESSAGE][PASSED] - Object: 'Object Repository/SearchResultPage/SearchItemTab/CatalogItems/Favorite Button For ITEM1' is clicked on

2018-07-02 20:44:11 - [TEST_STEP][PASSED] - delay: Delayed 2 second(s)

2018-07-02 20:44:13 - [MESSAGE][PASSED] - Delayed 2 second(s)

2018-07-02 20:44:13 - [TEST_STEP][PASSED] - click: Object: 'Object Repository/SearchResultPage/SearchItemTab/CatalogItems/Favorite Button For ITEM1' is clicked on

2018-07-02 20:44:13 - [MESSAGE][PASSED] - Object: 'Object Repository/SearchResultPage/SearchItemTab/CatalogItems/Favorite Button For ITEM1' is clicked on

2018-07-02 20:44:13 - [TEST_STEP][PASSED] - delay: Delayed 3 second(s)

2018-07-02 20:44:16 - [MESSAGE][PASSED] - Delayed 3 second(s)

2018-07-02 20:44:16 - [TEST_STEP][PASSED] - verifyElementAttributeValue: Object 'Object Repository/SearchResultPage/SearchItemTab/CatalogItems/Favorite Button For ITEM1' has attribute 'ng-reflect-icon' with value 'heart-fill'

2018-07-02 20:44:16 - [MESSAGE][PASSED] - Object 'Object Repository/SearchResultPage/SearchItemTab/CatalogItems/Favorite Button For ITEM1' has attribute 'ng-reflect-icon' with value 'heart-fill'

2018-07-02 20:44:16 - [TEST_STEP][PASSED] - Statement - If (Attribute2 == "heart-fill"): Object 'Object Repository/SearchResultPage/SearchItemTab/CatalogItems/Favorite Button For Item3' has attribute 'ng-reflect-icon' with value 'heart-fill'

2018-07-02 20:44:16 - [TEST_STEP][PASSED] - mouseOver: Object: 'Object Repository/SearchResultPage/SearchItemTab/CatalogItems/Favorite Button For Item3' is hovered

2018-07-02 20:44:16 - [MESSAGE][PASSED] - Object: 'Object Repository/SearchResultPage/SearchItemTab/CatalogItems/Favorite Button For Item3' is hovered

2018-07-02 20:44:16 - [TEST_STEP][PASSED] - click: Object: 'Object Repository/SearchResultPage/SearchItemTab/CatalogItems/Favorite Button For Item3' is clicked on

2018-07-02 20:44:17 - [MESSAGE][PASSED] - Object: 'Object Repository/SearchResultPage/SearchItemTab/CatalogItems/Favorite Button For Item3' is clicked on

2018-07-02 20:44:17 - [TEST_STEP][PASSED] - delay: Delayed 2 second(s)

2018-07-02 20:44:19 - [MESSAGE][PASSED] - Delayed 2 second(s)

2018-07-02 20:44:19 - [TEST_STEP][PASSED] - click: Object: 'Object Repository/SearchResultPage/SearchItemTab/CatalogItems/Favorite Button For Item3' is clicked on

2018-07-02 20:44:19 - [MESSAGE][PASSED] - Object: 'Object Repository/SearchResultPage/SearchItemTab/CatalogItems/Favorite Button For Item3' is clicked on

2018-07-02 20:44:19 - [TEST_STEP][PASSED] - delay: Delayed 3 second(s)

2018-07-02 20:44:22 - [MESSAGE][PASSED] - Delayed 3 second(s)

2018-07-02 20:44:22 - [TEST_STEP][PASSED] - verifyElementAttributeValue: Object 'Object Repository/SearchResultPage/SearchItemTab/CatalogItems/Favorite Button For Item3' has attribute 'ng-reflect-icon' with value 'heart-fill'

2018-07-02 20:44:22 - [MESSAGE][PASSED] - Object 'Object Repository/SearchResultPage/SearchItemTab/CatalogItems/Favorite Button For Item3' has attribute 'ng-reflect-icon' with value 'heart-fill'

2018-07-02 20:44:22 - [TEST_STEP][PASSED] - click: Object: 'Object Repository/Home' is clicked on

2018-07-02 20:44:22 - [MESSAGE][PASSED] - Object: 'Object Repository/Home' is clicked on

2018-07-02 20:44:22 - [TEST_STEP][PASSED] - click: Object: 'Object Repository/OnlineStorePage/HeaderTab/FavoritesAndPreviouslyUsedTab/Favorite' is clicked on

2018-07-02 20:44:22 - [MESSAGE][PASSED] - Object: 'Object Repository/OnlineStorePage/HeaderTab/FavoritesAndPreviouslyUsedTab/Favorite' is clicked on

2018-07-02 20:44:22 - [TEST_STEP][PASSED] - waitForElementPresent: Object 'Object Repository/OnlineStorePage/HeaderTab/FavoritesAndPreviouslyUsedTab/Verify ITEM1' is present

2018-07-02 20:44:24 - [MESSAGE][PASSED] - Object 'Object Repository/OnlineStorePage/HeaderTab/FavoritesAndPreviouslyUsedTab/Verify ITEM1' is present

2018-07-02 20:44:24 - [TEST_STEP][PASSED] - Statement - Exp1 = com.kms.katalon.core.webui.keyword.WebUiBuiltInKeywords.getText(com.kms.katalon.core.testobject.ObjectRepository.findTestObject(OnlineStorePage/HeaderTab/FavoritesAndPreviouslyUsedTab/Verify ITEM1)): Text of object 'Object Repository/OnlineStorePage/HeaderTab/FavoritesAndPreviouslyUsedTab/Verify ITEM1' is: 'ITEM1'

2018-07-02 20:44:24 - [MESSAGE][PASSED] - Text of object 'Object Repository/OnlineStorePage/HeaderTab/FavoritesAndPreviouslyUsedTab/Verify ITEM1' is: 'ITEM1'

2018-07-02 20:44:25 - [TEST_STEP][PASSED] - Statement - Exp2 = com.kms.katalon.core.webui.keyword.WebUiBuiltInKeywords.getText(com.kms.katalon.core.testobject.ObjectRepository.findTestObject(OnlineStorePage/HeaderTab/FavoritesAndPreviouslyUsedTab/Verify Item3)): Text of object 'Object Repository/OnlineStorePage/HeaderTab/FavoritesAndPreviouslyUsedTab/Verify Item3' is: 'Item3'

2018-07-02 20:44:25 - [MESSAGE][PASSED] - Text of object 'Object Repository/OnlineStorePage/HeaderTab/FavoritesAndPreviouslyUsedTab/Verify Item3' is: 'Item3'

2018-07-02 20:44:25 - [TEST_STEP][PASSED] - verifyMatch: Actual text 'ITEM1' and expected text 'ITEM1' are matched  using regular expression

2018-07-02 20:44:25 - [MESSAGE][PASSED] - Actual text 'ITEM1' and expected text 'ITEM1' are matched  using regular expression

2018-07-02 20:44:25 - [TEST_STEP][PASSED] - verifyMatch: Actual text 'Item3' and expected text 'Item3' are matched  using regular expression

2018-07-02 20:44:25 - [MESSAGE][PASSED] - Actual text 'Item3' and expected text 'Item3' are matched  using regular expression

2018-07-02 20:44:25 - [TEST_STEP][PASSED] - click: Object: 'Object Repository/OnlineStorePage/HeaderTab/FavoritesAndPreviouslyUsedTab/ViewAllButton' is clicked on

2018-07-02 20:44:25 - [MESSAGE][PASSED] - Object: 'Object Repository/OnlineStorePage/HeaderTab/FavoritesAndPreviouslyUsedTab/ViewAllButton' is clicked on

2018-07-02 20:44:25 - [TEST_STEP][PASSED] - Statement - Val1 = com.kms.katalon.core.webui.keyword.WebUiBuiltInKeywords.getText(com.kms.katalon.core.testobject.ObjectRepository.findTestObject(OnlineStorePage/HeaderTab/FavoritesAndPreviouslyUsedTab/View All Section/Verify ITEM1)): Text of object 'Object Repository/OnlineStorePage/HeaderTab/FavoritesAndPreviouslyUsedTab/View All Section/Verify ITEM1' is: 'ITEM1'

2018-07-02 20:44:25 - [MESSAGE][PASSED] - Text of object 'Object Repository/OnlineStorePage/HeaderTab/FavoritesAndPreviouslyUsedTab/View All Section/Verify ITEM1' is: 'ITEM1'

2018-07-02 20:44:25 - [TEST_STEP][PASSED] - Statement - Val2 = com.kms.katalon.core.webui.keyword.WebUiBuiltInKeywords.getText(com.kms.katalon.core.testobject.ObjectRepository.findTestObject(OnlineStorePage/HeaderTab/FavoritesAndPreviouslyUsedTab/View All Section/Verify ITEM3)): Text of object 'Object Repository/OnlineStorePage/HeaderTab/FavoritesAndPreviouslyUsedTab/View All Section/Verify ITEM3' is: 'Item3'

2018-07-02 20:44:25 - [MESSAGE][PASSED] - Text of object 'Object Repository/OnlineStorePage/HeaderTab/FavoritesAndPreviouslyUsedTab/View All Section/Verify ITEM3' is: 'Item3'

2018-07-02 20:44:25 - [TEST_STEP][PASSED] - verifyMatch: Actual text 'ITEM1' and expected text 'ITEM1' are matched  using regular expression

2018-07-02 20:44:25 - [MESSAGE][PASSED] - Actual text 'ITEM1' and expected text 'ITEM1' are matched  using regular expression

2018-07-02 20:44:25 - [TEST_STEP][PASSED] - verifyMatch: Actual text 'Item3' and expected text 'Item3' are matched  using regular expression

2018-07-02 20:44:25 - [MESSAGE][PASSED] - Actual text 'Item3' and expected text 'Item3' are matched  using regular expression

2018-07-02 20:44:25 - [TEST_STEP][PASSED] - closeBrowser: Browser is closed

2018-07-02 20:44:25 - [MESSAGE][PASSED] - Browser is closed]]></system-out>
         <system-err><![CDATA[]]></system-err>
      </testcase>
      <testcase name="Test Cases/DDS-2053/DDS-3898 Verify that the items added from the favorites section should be appended to the already existing items of the cart" classname="Test Cases/DDS-2053/DDS-3898 Verify that the items added from the favorites section should be appended to the already existing items of the cart" status="PASSED">
         <system-out><![CDATA[2018-07-02 20:44:25 - [TEST_CASE][PASSED] - Test Cases/DDS-2053/DDS-3898 Verify that the items added from the favorites section should be appended to the already existing items of the cart: Test Cases/DDS-2053/DDS-3898 Verify that the items added from the favorites section should be appended to the already existing items of the cart

2018-07-02 20:44:26 - [TEST_STEP][PASSED] - callTestCase: Call Test Case 'Test Cases/CommonLibraries/Search By Item' successfully

2018-07-02 20:44:26 - [TEST_CASE][PASSED] - Test Cases/CommonLibraries/Search By Item: Test Cases/CommonLibraries/Search By Item

2018-07-02 20:44:26 - [TEST_STEP][PASSED] - callTestCase: Call Test Case 'Test Cases/CommonLibraries/Login' successfully

2018-07-02 20:44:26 - [TEST_CASE][PASSED] - Test Cases/CommonLibraries/Login: Test Cases/CommonLibraries/Login

2018-07-02 20:44:26 - [TEST_STEP][PASSED] - openBrowser: Browser is opened with url: 'https://smtlogin.zycus.net/sso/login?serviceName=http://eproc-qa.zycus.net/'

2018-07-02 20:44:35 - [MESSAGE][PASSED] - Browser is opened with url: 'https://smtlogin.zycus.net/sso/login?serviceName=http://eproc-qa.zycus.net/'

2018-07-02 20:44:35 - [TEST_STEP][PASSED] - maximizeWindow: Current window maximized

2018-07-02 20:44:35 - [MESSAGE][PASSED] - Current window maximized

2018-07-02 20:44:35 - [TEST_STEP][PASSED] - waitForElementVisible: Object 'Object Repository/LoginPage/UserID' is visible

2018-07-02 20:44:36 - [MESSAGE][PASSED] - Object 'Object Repository/LoginPage/UserID' is visible

2018-07-02 20:44:36 - [TEST_STEP][PASSED] - sendKeys: Keys 'monicaqa@zycus.com' sent to object: 'Object Repository/LoginPage/UserID'

2018-07-02 20:44:36 - [MESSAGE][PASSED] - Keys 'monicaqa@zycus.com' sent to object: 'Object Repository/LoginPage/UserID'

2018-07-02 20:44:36 - [TEST_STEP][PASSED] - sendKeys: Keys 'eProc@123' sent to object: 'Object Repository/LoginPage/Password'

2018-07-02 20:44:36 - [MESSAGE][PASSED] - Keys 'eProc@123' sent to object: 'Object Repository/LoginPage/Password'

2018-07-02 20:44:36 - [TEST_STEP][PASSED] - click: Object: 'Object Repository/LoginPage/LoginButton' is clicked on

2018-07-02 20:44:45 - [MESSAGE][PASSED] - Object: 'Object Repository/LoginPage/LoginButton' is clicked on

2018-07-02 20:44:45 - [MESSAGE][PASSED] - Call Test Case 'Test Cases/CommonLibraries/Login' successfully

2018-07-02 20:44:45 - [TEST_STEP][PASSED] - waitForElementPresent: Object 'Object Repository/OnlineStorePage/Search Box' is present

2018-07-02 20:45:48 - [MESSAGE][PASSED] - Object 'Object Repository/OnlineStorePage/Search Box' is present

2018-07-02 20:45:48 - [TEST_STEP][PASSED] - waitForPageLoad: Wait for page load successfully

2018-07-02 20:45:48 - [MESSAGE][PASSED] - Wait for page load successfully

2018-07-02 20:45:48 - [TEST_STEP][PASSED] - sendKeys: Keys 'Item' sent to object: 'Object Repository/OnlineStorePage/Search Box'

2018-07-02 20:45:48 - [MESSAGE][PASSED] - Keys 'Item' sent to object: 'Object Repository/OnlineStorePage/Search Box'

2018-07-02 20:45:48 - [TEST_STEP][PASSED] - click: Object: 'Object Repository/OnlineStorePage/Search Icon' is clicked on

2018-07-02 20:45:49 - [MESSAGE][PASSED] - Object: 'Object Repository/OnlineStorePage/Search Icon' is clicked on

2018-07-02 20:45:49 - [MESSAGE][PASSED] - Call Test Case 'Test Cases/CommonLibraries/Search By Item' successfully

2018-07-02 20:45:49 - [TEST_STEP][PASSED] - waitForElementPresent: Object 'Object Repository/SearchResultPage/SearchItemTab/CatalogItems/Check Box For 2 row item list' is present

2018-07-02 20:45:57 - [MESSAGE][PASSED] - Object 'Object Repository/SearchResultPage/SearchItemTab/CatalogItems/Check Box For 2 row item list' is present

2018-07-02 20:45:57 - [TEST_STEP][PASSED] - waitForElementPresent: Object 'Object Repository/SearchResultPage/SearchItemTab/CatalogItems/Favorite Button For ITEM1' is present

2018-07-02 20:45:57 - [MESSAGE][PASSED] - Object 'Object Repository/SearchResultPage/SearchItemTab/CatalogItems/Favorite Button For ITEM1' is present

2018-07-02 20:45:57 - [TEST_STEP][PASSED] - waitForElementPresent: Object 'Object Repository/SearchResultPage/SearchItemTab/CatalogItems/Favorite Button For Item3' is present

2018-07-02 20:45:57 - [MESSAGE][PASSED] - Object 'Object Repository/SearchResultPage/SearchItemTab/CatalogItems/Favorite Button For Item3' is present

2018-07-02 20:45:57 - [TEST_STEP][PASSED] - Statement - Actual1 = com.kms.katalon.core.webui.keyword.WebUiBuiltInKeywords.getText(com.kms.katalon.core.testobject.ObjectRepository.findTestObject(SearchResultPage/SearchItemTab/CatalogItems/Catalog Item List Verification/ITEM1 For 2 Row)): Text of object 'Object Repository/SearchResultPage/SearchItemTab/CatalogItems/Catalog Item List Verification/ITEM1 For 2 Row' is: 'ITEM1'

2018-07-02 20:45:58 - [MESSAGE][PASSED] - Text of object 'Object Repository/SearchResultPage/SearchItemTab/CatalogItems/Catalog Item List Verification/ITEM1 For 2 Row' is: 'ITEM1'

2018-07-02 20:45:58 - [TEST_STEP][PASSED] - Statement - Actual2 = com.kms.katalon.core.webui.keyword.WebUiBuiltInKeywords.getText(com.kms.katalon.core.testobject.ObjectRepository.findTestObject(SearchResultPage/SearchItemTab/CatalogItems/Catalog Item List Verification/Item3 For 3 Row)): Text of object 'Object Repository/SearchResultPage/SearchItemTab/CatalogItems/Catalog Item List Verification/Item3 For 3 Row' is: 'Item3'

2018-07-02 20:45:58 - [MESSAGE][PASSED] - Text of object 'Object Repository/SearchResultPage/SearchItemTab/CatalogItems/Catalog Item List Verification/Item3 For 3 Row' is: 'Item3'

2018-07-02 20:45:58 - [TEST_STEP][PASSED] - Statement - Attribute1 = com.kms.katalon.core.webui.keyword.WebUiBuiltInKeywords.getAttribute(com.kms.katalon.core.testobject.ObjectRepository.findTestObject(SearchResultPage/SearchItemTab/CatalogItems/Favorite Button For ITEM1), "ng-reflect-icon"): Attribute 'ng-reflect-icon' of object 'Object Repository/SearchResultPage/SearchItemTab/CatalogItems/Favorite Button For ITEM1' is: 'heart-fill'

2018-07-02 20:45:58 - [MESSAGE][PASSED] - Attribute 'ng-reflect-icon' of object 'Object Repository/SearchResultPage/SearchItemTab/CatalogItems/Favorite Button For ITEM1' is: 'heart-fill'

2018-07-02 20:45:58 - [TEST_STEP][PASSED] - Statement - Attribute2 = com.kms.katalon.core.webui.keyword.WebUiBuiltInKeywords.getAttribute(com.kms.katalon.core.testobject.ObjectRepository.findTestObject(SearchResultPage/SearchItemTab/CatalogItems/Favorite Button For Item3), "ng-reflect-icon"): Attribute 'ng-reflect-icon' of object 'Object Repository/SearchResultPage/SearchItemTab/CatalogItems/Favorite Button For Item3' is: 'heart-fill'

2018-07-02 20:45:58 - [MESSAGE][PASSED] - Attribute 'ng-reflect-icon' of object 'Object Repository/SearchResultPage/SearchItemTab/CatalogItems/Favorite Button For Item3' is: 'heart-fill'

2018-07-02 20:45:58 - [TEST_STEP][PASSED] - Statement - If (Attribute1 == "heart-fill"): Object 'Object Repository/SearchResultPage/SearchItemTab/CatalogItems/Favorite Button For ITEM1' has attribute 'ng-reflect-icon' with value 'heart-fill'

2018-07-02 20:45:58 - [TEST_STEP][PASSED] - mouseOver: Object: 'Object Repository/SearchResultPage/SearchItemTab/CatalogItems/Favorite Button For ITEM1' is hovered

2018-07-02 20:45:58 - [MESSAGE][PASSED] - Object: 'Object Repository/SearchResultPage/SearchItemTab/CatalogItems/Favorite Button For ITEM1' is hovered

2018-07-02 20:45:58 - [TEST_STEP][PASSED] - click: Object: 'Object Repository/SearchResultPage/SearchItemTab/CatalogItems/Favorite Button For ITEM1' is clicked on

2018-07-02 20:45:58 - [MESSAGE][PASSED] - Object: 'Object Repository/SearchResultPage/SearchItemTab/CatalogItems/Favorite Button For ITEM1' is clicked on

2018-07-02 20:45:58 - [TEST_STEP][PASSED] - delay: Delayed 2 second(s)

2018-07-02 20:46:00 - [MESSAGE][PASSED] - Delayed 2 second(s)

2018-07-02 20:46:00 - [TEST_STEP][PASSED] - click: Object: 'Object Repository/SearchResultPage/SearchItemTab/CatalogItems/Favorite Button For ITEM1' is clicked on

2018-07-02 20:46:00 - [MESSAGE][PASSED] - Object: 'Object Repository/SearchResultPage/SearchItemTab/CatalogItems/Favorite Button For ITEM1' is clicked on

2018-07-02 20:46:00 - [TEST_STEP][PASSED] - delay: Delayed 3 second(s)

2018-07-02 20:46:03 - [MESSAGE][PASSED] - Delayed 3 second(s)

2018-07-02 20:46:03 - [TEST_STEP][PASSED] - verifyElementAttributeValue: Object 'Object Repository/SearchResultPage/SearchItemTab/CatalogItems/Favorite Button For ITEM1' has attribute 'ng-reflect-icon' with value 'heart-fill'

2018-07-02 20:46:03 - [MESSAGE][PASSED] - Object 'Object Repository/SearchResultPage/SearchItemTab/CatalogItems/Favorite Button For ITEM1' has attribute 'ng-reflect-icon' with value 'heart-fill'

2018-07-02 20:46:03 - [TEST_STEP][PASSED] - Statement - If (Attribute2 == "heart-fill"): Object 'Object Repository/SearchResultPage/SearchItemTab/CatalogItems/Favorite Button For Item3' has attribute 'ng-reflect-icon' with value 'heart-fill'

2018-07-02 20:46:03 - [TEST_STEP][PASSED] - mouseOver: Object: 'Object Repository/SearchResultPage/SearchItemTab/CatalogItems/Favorite Button For Item3' is hovered

2018-07-02 20:46:03 - [MESSAGE][PASSED] - Object: 'Object Repository/SearchResultPage/SearchItemTab/CatalogItems/Favorite Button For Item3' is hovered

2018-07-02 20:46:03 - [TEST_STEP][PASSED] - click: Object: 'Object Repository/SearchResultPage/SearchItemTab/CatalogItems/Favorite Button For Item3' is clicked on

2018-07-02 20:46:03 - [MESSAGE][PASSED] - Object: 'Object Repository/SearchResultPage/SearchItemTab/CatalogItems/Favorite Button For Item3' is clicked on

2018-07-02 20:46:03 - [TEST_STEP][PASSED] - delay: Delayed 2 second(s)

2018-07-02 20:46:05 - [MESSAGE][PASSED] - Delayed 2 second(s)

2018-07-02 20:46:05 - [TEST_STEP][PASSED] - click: Object: 'Object Repository/SearchResultPage/SearchItemTab/CatalogItems/Favorite Button For Item3' is clicked on

2018-07-02 20:46:05 - [MESSAGE][PASSED] - Object: 'Object Repository/SearchResultPage/SearchItemTab/CatalogItems/Favorite Button For Item3' is clicked on

2018-07-02 20:46:05 - [TEST_STEP][PASSED] - delay: Delayed 3 second(s)

2018-07-02 20:46:08 - [MESSAGE][PASSED] - Delayed 3 second(s)

2018-07-02 20:46:08 - [TEST_STEP][PASSED] - verifyElementAttributeValue: Object 'Object Repository/SearchResultPage/SearchItemTab/CatalogItems/Favorite Button For Item3' has attribute 'ng-reflect-icon' with value 'heart-fill'

2018-07-02 20:46:08 - [MESSAGE][PASSED] - Object 'Object Repository/SearchResultPage/SearchItemTab/CatalogItems/Favorite Button For Item3' has attribute 'ng-reflect-icon' with value 'heart-fill'

2018-07-02 20:46:08 - [TEST_STEP][PASSED] - click: Object: 'Object Repository/Home' is clicked on

2018-07-02 20:46:09 - [MESSAGE][PASSED] - Object: 'Object Repository/Home' is clicked on

2018-07-02 20:46:09 - [TEST_STEP][PASSED] - click: Object: 'Object Repository/OnlineStorePage/HeaderTab/FavoritesAndPreviouslyUsedTab/Favorite' is clicked on

2018-07-02 20:46:09 - [MESSAGE][PASSED] - Object: 'Object Repository/OnlineStorePage/HeaderTab/FavoritesAndPreviouslyUsedTab/Favorite' is clicked on

2018-07-02 20:46:09 - [TEST_STEP][PASSED] - waitForElementPresent: Object 'Object Repository/OnlineStorePage/HeaderTab/FavoritesAndPreviouslyUsedTab/Verify ITEM1' is present

2018-07-02 20:46:10 - [MESSAGE][PASSED] - Object 'Object Repository/OnlineStorePage/HeaderTab/FavoritesAndPreviouslyUsedTab/Verify ITEM1' is present

2018-07-02 20:46:10 - [TEST_STEP][PASSED] - Statement - Exp1 = com.kms.katalon.core.webui.keyword.WebUiBuiltInKeywords.getText(com.kms.katalon.core.testobject.ObjectRepository.findTestObject(OnlineStorePage/HeaderTab/FavoritesAndPreviouslyUsedTab/Verify ITEM1)): Text of object 'Object Repository/OnlineStorePage/HeaderTab/FavoritesAndPreviouslyUsedTab/Verify ITEM1' is: 'ITEM1'

2018-07-02 20:46:10 - [MESSAGE][PASSED] - Text of object 'Object Repository/OnlineStorePage/HeaderTab/FavoritesAndPreviouslyUsedTab/Verify ITEM1' is: 'ITEM1'

2018-07-02 20:46:10 - [TEST_STEP][PASSED] - Statement - Exp2 = com.kms.katalon.core.webui.keyword.WebUiBuiltInKeywords.getText(com.kms.katalon.core.testobject.ObjectRepository.findTestObject(OnlineStorePage/HeaderTab/FavoritesAndPreviouslyUsedTab/Verify Item3)): Text of object 'Object Repository/OnlineStorePage/HeaderTab/FavoritesAndPreviouslyUsedTab/Verify Item3' is: 'Item3'

2018-07-02 20:46:10 - [MESSAGE][PASSED] - Text of object 'Object Repository/OnlineStorePage/HeaderTab/FavoritesAndPreviouslyUsedTab/Verify Item3' is: 'Item3'

2018-07-02 20:46:10 - [TEST_STEP][PASSED] - verifyMatch: Actual text 'ITEM1' and expected text 'ITEM1' are matched  using regular expression

2018-07-02 20:46:10 - [MESSAGE][PASSED] - Actual text 'ITEM1' and expected text 'ITEM1' are matched  using regular expression

2018-07-02 20:46:10 - [TEST_STEP][PASSED] - verifyMatch: Actual text 'Item3' and expected text 'Item3' are matched  using regular expression

2018-07-02 20:46:10 - [MESSAGE][PASSED] - Actual text 'Item3' and expected text 'Item3' are matched  using regular expression]]></system-out>
         <system-err><![CDATA[]]></system-err>
      </testcase>
      <testcase name="Test Cases/DDS-2053/DDS-3901 Verify that the item name should be a hyperlink which will navigate to the item details pop-up with the following information Specifications" classname="Test Cases/DDS-2053/DDS-3901 Verify that the item name should be a hyperlink which will navigate to the item details pop-up with the following information Specifications" status="PASSED">
         <system-out><![CDATA[2018-07-02 20:46:10 - [TEST_CASE][PASSED] - Test Cases/DDS-2053/DDS-3901 Verify that the item name should be a hyperlink which will navigate to the item details pop-up with the following information Specifications: Test Cases/DDS-2053/DDS-3901 Verify that the item name should be a hyperlink which will navigate to the item details pop-up with the following information Specifications

2018-07-02 20:46:10 - [TEST_STEP][PASSED] - callTestCase: Call Test Case 'Test Cases/CommonLibraries/Search By Item' successfully

2018-07-02 20:46:10 - [TEST_CASE][PASSED] - Test Cases/CommonLibraries/Search By Item: Test Cases/CommonLibraries/Search By Item

2018-07-02 20:46:11 - [TEST_STEP][PASSED] - callTestCase: Call Test Case 'Test Cases/CommonLibraries/Login' successfully

2018-07-02 20:46:11 - [TEST_CASE][PASSED] - Test Cases/CommonLibraries/Login: Test Cases/CommonLibraries/Login

2018-07-02 20:46:11 - [TEST_STEP][PASSED] - openBrowser: Browser is opened with url: 'https://smtlogin.zycus.net/sso/login?serviceName=http://eproc-qa.zycus.net/'

2018-07-02 20:46:11 - [MESSAGE][WARNING] - A browser is already opened. Closing browser and opening a new one

2018-07-02 20:46:20 - [MESSAGE][PASSED] - Browser is opened with url: 'https://smtlogin.zycus.net/sso/login?serviceName=http://eproc-qa.zycus.net/'

2018-07-02 20:46:20 - [TEST_STEP][PASSED] - maximizeWindow: Current window maximized

2018-07-02 20:46:20 - [MESSAGE][PASSED] - Current window maximized

2018-07-02 20:46:20 - [TEST_STEP][PASSED] - waitForElementVisible: Object 'Object Repository/LoginPage/UserID' is visible

2018-07-02 20:46:20 - [MESSAGE][PASSED] - Object 'Object Repository/LoginPage/UserID' is visible

2018-07-02 20:46:20 - [TEST_STEP][PASSED] - sendKeys: Keys 'monicaqa@zycus.com' sent to object: 'Object Repository/LoginPage/UserID'

2018-07-02 20:46:20 - [MESSAGE][PASSED] - Keys 'monicaqa@zycus.com' sent to object: 'Object Repository/LoginPage/UserID'

2018-07-02 20:46:20 - [TEST_STEP][PASSED] - sendKeys: Keys 'eProc@123' sent to object: 'Object Repository/LoginPage/Password'

2018-07-02 20:46:21 - [MESSAGE][PASSED] - Keys 'eProc@123' sent to object: 'Object Repository/LoginPage/Password'

2018-07-02 20:46:21 - [TEST_STEP][PASSED] - click: Object: 'Object Repository/LoginPage/LoginButton' is clicked on

2018-07-02 20:46:25 - [MESSAGE][PASSED] - Object: 'Object Repository/LoginPage/LoginButton' is clicked on

2018-07-02 20:46:25 - [MESSAGE][PASSED] - Call Test Case 'Test Cases/CommonLibraries/Login' successfully

2018-07-02 20:46:25 - [TEST_STEP][PASSED] - waitForElementPresent: Object 'Object Repository/OnlineStorePage/Search Box' is present

2018-07-02 20:47:02 - [MESSAGE][PASSED] - Object 'Object Repository/OnlineStorePage/Search Box' is present

2018-07-02 20:47:02 - [TEST_STEP][PASSED] - waitForPageLoad: Wait for page load successfully

2018-07-02 20:47:02 - [MESSAGE][PASSED] - Wait for page load successfully

2018-07-02 20:47:02 - [TEST_STEP][PASSED] - sendKeys: Keys 'Item' sent to object: 'Object Repository/OnlineStorePage/Search Box'

2018-07-02 20:47:03 - [MESSAGE][PASSED] - Keys 'Item' sent to object: 'Object Repository/OnlineStorePage/Search Box'

2018-07-02 20:47:03 - [TEST_STEP][PASSED] - click: Object: 'Object Repository/OnlineStorePage/Search Icon' is clicked on

2018-07-02 20:47:03 - [MESSAGE][PASSED] - Object: 'Object Repository/OnlineStorePage/Search Icon' is clicked on

2018-07-02 20:47:03 - [MESSAGE][PASSED] - Call Test Case 'Test Cases/CommonLibraries/Search By Item' successfully

2018-07-02 20:47:03 - [TEST_STEP][PASSED] - waitForElementPresent: Object 'Object Repository/SearchResultPage/SearchItemTab/CatalogItems/Check Box For 2 row item list' is present

2018-07-02 20:47:11 - [MESSAGE][PASSED] - Object 'Object Repository/SearchResultPage/SearchItemTab/CatalogItems/Check Box For 2 row item list' is present

2018-07-02 20:47:11 - [TEST_STEP][PASSED] - waitForElementPresent: Object 'Object Repository/SearchResultPage/SearchItemTab/CatalogItems/Favorite Button For ITEM1' is present

2018-07-02 20:47:11 - [MESSAGE][PASSED] - Object 'Object Repository/SearchResultPage/SearchItemTab/CatalogItems/Favorite Button For ITEM1' is present

2018-07-02 20:47:11 - [TEST_STEP][PASSED] - waitForElementPresent: Object 'Object Repository/SearchResultPage/SearchItemTab/CatalogItems/Favorite Button For Item3' is present

2018-07-02 20:47:11 - [MESSAGE][PASSED] - Object 'Object Repository/SearchResultPage/SearchItemTab/CatalogItems/Favorite Button For Item3' is present

2018-07-02 20:47:11 - [TEST_STEP][PASSED] - Statement - Actual1 = com.kms.katalon.core.webui.keyword.WebUiBuiltInKeywords.getText(com.kms.katalon.core.testobject.ObjectRepository.findTestObject(SearchResultPage/SearchItemTab/CatalogItems/Catalog Item List Verification/ITEM1 For 2 Row)): Text of object 'Object Repository/SearchResultPage/SearchItemTab/CatalogItems/Catalog Item List Verification/ITEM1 For 2 Row' is: 'ITEM1'

2018-07-02 20:47:11 - [MESSAGE][PASSED] - Text of object 'Object Repository/SearchResultPage/SearchItemTab/CatalogItems/Catalog Item List Verification/ITEM1 For 2 Row' is: 'ITEM1'

2018-07-02 20:47:11 - [TEST_STEP][PASSED] - Statement - Actual2 = com.kms.katalon.core.webui.keyword.WebUiBuiltInKeywords.getText(com.kms.katalon.core.testobject.ObjectRepository.findTestObject(SearchResultPage/SearchItemTab/CatalogItems/Catalog Item List Verification/Item3 For 3 Row)): Text of object 'Object Repository/SearchResultPage/SearchItemTab/CatalogItems/Catalog Item List Verification/Item3 For 3 Row' is: 'Item3'

2018-07-02 20:47:11 - [MESSAGE][PASSED] - Text of object 'Object Repository/SearchResultPage/SearchItemTab/CatalogItems/Catalog Item List Verification/Item3 For 3 Row' is: 'Item3'

2018-07-02 20:47:11 - [TEST_STEP][PASSED] - Statement - Attribute1 = com.kms.katalon.core.webui.keyword.WebUiBuiltInKeywords.getAttribute(com.kms.katalon.core.testobject.ObjectRepository.findTestObject(SearchResultPage/SearchItemTab/CatalogItems/Favorite Button For ITEM1), "ng-reflect-icon"): Attribute 'ng-reflect-icon' of object 'Object Repository/SearchResultPage/SearchItemTab/CatalogItems/Favorite Button For ITEM1' is: 'heart-fill'

2018-07-02 20:47:11 - [MESSAGE][PASSED] - Attribute 'ng-reflect-icon' of object 'Object Repository/SearchResultPage/SearchItemTab/CatalogItems/Favorite Button For ITEM1' is: 'heart-fill'

2018-07-02 20:47:11 - [TEST_STEP][PASSED] - Statement - Attribute2 = com.kms.katalon.core.webui.keyword.WebUiBuiltInKeywords.getAttribute(com.kms.katalon.core.testobject.ObjectRepository.findTestObject(SearchResultPage/SearchItemTab/CatalogItems/Favorite Button For Item3), "ng-reflect-icon"): Attribute 'ng-reflect-icon' of object 'Object Repository/SearchResultPage/SearchItemTab/CatalogItems/Favorite Button For Item3' is: 'heart-fill'

2018-07-02 20:47:11 - [MESSAGE][PASSED] - Attribute 'ng-reflect-icon' of object 'Object Repository/SearchResultPage/SearchItemTab/CatalogItems/Favorite Button For Item3' is: 'heart-fill'

2018-07-02 20:47:11 - [TEST_STEP][PASSED] - Statement - If (Attribute1 == "heart-fill"): Object 'Object Repository/SearchResultPage/SearchItemTab/CatalogItems/Favorite Button For ITEM1' has attribute 'ng-reflect-icon' with value 'heart-fill'

2018-07-02 20:47:11 - [TEST_STEP][PASSED] - mouseOver: Object: 'Object Repository/SearchResultPage/SearchItemTab/CatalogItems/Favorite Button For ITEM1' is hovered

2018-07-02 20:47:11 - [MESSAGE][PASSED] - Object: 'Object Repository/SearchResultPage/SearchItemTab/CatalogItems/Favorite Button For ITEM1' is hovered

2018-07-02 20:47:11 - [TEST_STEP][PASSED] - click: Object: 'Object Repository/SearchResultPage/SearchItemTab/CatalogItems/Favorite Button For ITEM1' is clicked on

2018-07-02 20:47:11 - [MESSAGE][PASSED] - Object: 'Object Repository/SearchResultPage/SearchItemTab/CatalogItems/Favorite Button For ITEM1' is clicked on

2018-07-02 20:47:11 - [TEST_STEP][PASSED] - delay: Delayed 2 second(s)

2018-07-02 20:47:13 - [MESSAGE][PASSED] - Delayed 2 second(s)

2018-07-02 20:47:13 - [TEST_STEP][PASSED] - click: Object: 'Object Repository/SearchResultPage/SearchItemTab/CatalogItems/Favorite Button For ITEM1' is clicked on

2018-07-02 20:47:13 - [MESSAGE][PASSED] - Object: 'Object Repository/SearchResultPage/SearchItemTab/CatalogItems/Favorite Button For ITEM1' is clicked on

2018-07-02 20:47:13 - [TEST_STEP][PASSED] - delay: Delayed 3 second(s)

2018-07-02 20:47:16 - [MESSAGE][PASSED] - Delayed 3 second(s)

2018-07-02 20:47:16 - [TEST_STEP][PASSED] - verifyElementAttributeValue: Object 'Object Repository/SearchResultPage/SearchItemTab/CatalogItems/Favorite Button For ITEM1' has attribute 'ng-reflect-icon' with value 'heart-fill'

2018-07-02 20:47:16 - [MESSAGE][PASSED] - Object 'Object Repository/SearchResultPage/SearchItemTab/CatalogItems/Favorite Button For ITEM1' has attribute 'ng-reflect-icon' with value 'heart-fill'

2018-07-02 20:47:16 - [TEST_STEP][PASSED] - Statement - If (Attribute2 == "heart-fill"): Object 'Object Repository/SearchResultPage/SearchItemTab/CatalogItems/Favorite Button For Item3' has attribute 'ng-reflect-icon' with value 'heart-fill'

2018-07-02 20:47:16 - [TEST_STEP][PASSED] - mouseOver: Object: 'Object Repository/SearchResultPage/SearchItemTab/CatalogItems/Favorite Button For Item3' is hovered

2018-07-02 20:47:16 - [MESSAGE][PASSED] - Object: 'Object Repository/SearchResultPage/SearchItemTab/CatalogItems/Favorite Button For Item3' is hovered

2018-07-02 20:47:16 - [TEST_STEP][PASSED] - click: Object: 'Object Repository/SearchResultPage/SearchItemTab/CatalogItems/Favorite Button For Item3' is clicked on

2018-07-02 20:47:16 - [MESSAGE][PASSED] - Object: 'Object Repository/SearchResultPage/SearchItemTab/CatalogItems/Favorite Button For Item3' is clicked on

2018-07-02 20:47:16 - [TEST_STEP][PASSED] - delay: Delayed 2 second(s)

2018-07-02 20:47:18 - [MESSAGE][PASSED] - Delayed 2 second(s)

2018-07-02 20:47:18 - [TEST_STEP][PASSED] - click: Object: 'Object Repository/SearchResultPage/SearchItemTab/CatalogItems/Favorite Button For Item3' is clicked on

2018-07-02 20:47:19 - [MESSAGE][PASSED] - Object: 'Object Repository/SearchResultPage/SearchItemTab/CatalogItems/Favorite Button For Item3' is clicked on

2018-07-02 20:47:19 - [TEST_STEP][PASSED] - delay: Delayed 3 second(s)

2018-07-02 20:47:22 - [MESSAGE][PASSED] - Delayed 3 second(s)

2018-07-02 20:47:22 - [TEST_STEP][PASSED] - verifyElementAttributeValue: Object 'Object Repository/SearchResultPage/SearchItemTab/CatalogItems/Favorite Button For Item3' has attribute 'ng-reflect-icon' with value 'heart-fill'

2018-07-02 20:47:22 - [MESSAGE][PASSED] - Object 'Object Repository/SearchResultPage/SearchItemTab/CatalogItems/Favorite Button For Item3' has attribute 'ng-reflect-icon' with value 'heart-fill'

2018-07-02 20:47:22 - [TEST_STEP][PASSED] - click: Object: 'Object Repository/Home' is clicked on

2018-07-02 20:47:22 - [MESSAGE][PASSED] - Object: 'Object Repository/Home' is clicked on

2018-07-02 20:47:22 - [TEST_STEP][PASSED] - click: Object: 'Object Repository/OnlineStorePage/HeaderTab/FavoritesAndPreviouslyUsedTab/Favorite' is clicked on

2018-07-02 20:47:22 - [MESSAGE][PASSED] - Object: 'Object Repository/OnlineStorePage/HeaderTab/FavoritesAndPreviouslyUsedTab/Favorite' is clicked on

2018-07-02 20:47:22 - [TEST_STEP][PASSED] - click: Object: 'Object Repository/OnlineStorePage/HeaderTab/FavoritesAndPreviouslyUsedTab/Verify ITEM1' is clicked on

2018-07-02 20:47:23 - [MESSAGE][PASSED] - Object: 'Object Repository/OnlineStorePage/HeaderTab/FavoritesAndPreviouslyUsedTab/Verify ITEM1' is clicked on

2018-07-02 20:47:23 - [TEST_STEP][PASSED] - click: Object: 'Object Repository/OnlineStorePage/HeaderTab/FavoritesAndPreviouslyUsedTab/Item Section/Specification Tab' is clicked on

2018-07-02 20:47:23 - [MESSAGE][PASSED] - Object: 'Object Repository/OnlineStorePage/HeaderTab/FavoritesAndPreviouslyUsedTab/Item Section/Specification Tab' is clicked on

2018-07-02 20:47:23 - [TEST_STEP][PASSED] - verifyElementText: Actual text and expected text of test object 'Object Repository/OnlineStorePage/HeaderTab/FavoritesAndPreviouslyUsedTab/Item Section/Verify No Specification display' are matched.

2018-07-02 20:47:23 - [MESSAGE][PASSED] - Actual text and expected text of test object 'Object Repository/OnlineStorePage/HeaderTab/FavoritesAndPreviouslyUsedTab/Item Section/Verify No Specification display' are matched.

2018-07-02 20:47:23 - [TEST_STEP][PASSED] - closeBrowser: Browser is closed

2018-07-02 20:47:24 - [MESSAGE][PASSED] - Browser is closed]]></system-out>
         <system-err><![CDATA[]]></system-err>
      </testcase>
      <testcase name="Test Cases/DDS-2053/DDS-3902 Verify that the item name should be a hyperlink which will navigate to the item details pop-up with the following information Attachment" classname="Test Cases/DDS-2053/DDS-3902 Verify that the item name should be a hyperlink which will navigate to the item details pop-up with the following information Attachment" status="PASSED">
         <system-out><![CDATA[2018-07-02 20:47:24 - [TEST_CASE][PASSED] - Test Cases/DDS-2053/DDS-3902 Verify that the item name should be a hyperlink which will navigate to the item details pop-up with the following information Attachment: Test Cases/DDS-2053/DDS-3902 Verify that the item name should be a hyperlink which will navigate to the item details pop-up with the following information Attachment

2018-07-02 20:47:24 - [TEST_STEP][PASSED] - callTestCase: Call Test Case 'Test Cases/CommonLibraries/Search By Item' successfully

2018-07-02 20:47:24 - [TEST_CASE][PASSED] - Test Cases/CommonLibraries/Search By Item: Test Cases/CommonLibraries/Search By Item

2018-07-02 20:47:24 - [TEST_STEP][PASSED] - callTestCase: Call Test Case 'Test Cases/CommonLibraries/Login' successfully

2018-07-02 20:47:24 - [TEST_CASE][PASSED] - Test Cases/CommonLibraries/Login: Test Cases/CommonLibraries/Login

2018-07-02 20:47:24 - [TEST_STEP][PASSED] - openBrowser: Browser is opened with url: 'https://smtlogin.zycus.net/sso/login?serviceName=http://eproc-qa.zycus.net/'

2018-07-02 20:47:35 - [MESSAGE][PASSED] - Browser is opened with url: 'https://smtlogin.zycus.net/sso/login?serviceName=http://eproc-qa.zycus.net/'

2018-07-02 20:47:35 - [TEST_STEP][PASSED] - maximizeWindow: Current window maximized

2018-07-02 20:47:35 - [MESSAGE][PASSED] - Current window maximized

2018-07-02 20:47:35 - [TEST_STEP][PASSED] - waitForElementVisible: Object 'Object Repository/LoginPage/UserID' is visible

2018-07-02 20:47:36 - [MESSAGE][PASSED] - Object 'Object Repository/LoginPage/UserID' is visible

2018-07-02 20:47:36 - [TEST_STEP][PASSED] - sendKeys: Keys 'monicaqa@zycus.com' sent to object: 'Object Repository/LoginPage/UserID'

2018-07-02 20:47:36 - [MESSAGE][PASSED] - Keys 'monicaqa@zycus.com' sent to object: 'Object Repository/LoginPage/UserID'

2018-07-02 20:47:36 - [TEST_STEP][PASSED] - sendKeys: Keys 'eProc@123' sent to object: 'Object Repository/LoginPage/Password'

2018-07-02 20:47:36 - [MESSAGE][PASSED] - Keys 'eProc@123' sent to object: 'Object Repository/LoginPage/Password'

2018-07-02 20:47:36 - [TEST_STEP][PASSED] - click: Object: 'Object Repository/LoginPage/LoginButton' is clicked on

2018-07-02 20:47:40 - [MESSAGE][PASSED] - Object: 'Object Repository/LoginPage/LoginButton' is clicked on

2018-07-02 20:47:40 - [MESSAGE][PASSED] - Call Test Case 'Test Cases/CommonLibraries/Login' successfully

2018-07-02 20:47:40 - [TEST_STEP][PASSED] - waitForElementPresent: Object 'Object Repository/OnlineStorePage/Search Box' is present

2018-07-02 20:48:14 - [MESSAGE][PASSED] - Object 'Object Repository/OnlineStorePage/Search Box' is present

2018-07-02 20:48:14 - [TEST_STEP][PASSED] - waitForPageLoad: Wait for page load successfully

2018-07-02 20:48:14 - [MESSAGE][PASSED] - Wait for page load successfully

2018-07-02 20:48:14 - [TEST_STEP][PASSED] - sendKeys: Keys 'Item' sent to object: 'Object Repository/OnlineStorePage/Search Box'

2018-07-02 20:48:15 - [MESSAGE][PASSED] - Keys 'Item' sent to object: 'Object Repository/OnlineStorePage/Search Box'

2018-07-02 20:48:15 - [TEST_STEP][PASSED] - click: Object: 'Object Repository/OnlineStorePage/Search Icon' is clicked on

2018-07-02 20:48:15 - [MESSAGE][PASSED] - Object: 'Object Repository/OnlineStorePage/Search Icon' is clicked on

2018-07-02 20:48:15 - [MESSAGE][PASSED] - Call Test Case 'Test Cases/CommonLibraries/Search By Item' successfully

2018-07-02 20:48:15 - [TEST_STEP][PASSED] - waitForElementPresent: Object 'Object Repository/SearchResultPage/SearchItemTab/CatalogItems/Check Box For 2 row item list' is present

2018-07-02 20:48:23 - [MESSAGE][PASSED] - Object 'Object Repository/SearchResultPage/SearchItemTab/CatalogItems/Check Box For 2 row item list' is present

2018-07-02 20:48:23 - [TEST_STEP][PASSED] - waitForElementPresent: Object 'Object Repository/SearchResultPage/SearchItemTab/CatalogItems/Favorite Button For ITEM1' is present

2018-07-02 20:48:23 - [MESSAGE][PASSED] - Object 'Object Repository/SearchResultPage/SearchItemTab/CatalogItems/Favorite Button For ITEM1' is present

2018-07-02 20:48:23 - [TEST_STEP][PASSED] - waitForElementPresent: Object 'Object Repository/SearchResultPage/SearchItemTab/CatalogItems/Favorite Button For Item3' is present

2018-07-02 20:48:23 - [MESSAGE][PASSED] - Object 'Object Repository/SearchResultPage/SearchItemTab/CatalogItems/Favorite Button For Item3' is present

2018-07-02 20:48:23 - [TEST_STEP][PASSED] - Statement - Actual1 = com.kms.katalon.core.webui.keyword.WebUiBuiltInKeywords.getText(com.kms.katalon.core.testobject.ObjectRepository.findTestObject(SearchResultPage/SearchItemTab/CatalogItems/Catalog Item List Verification/ITEM1 For 2 Row)): Text of object 'Object Repository/SearchResultPage/SearchItemTab/CatalogItems/Catalog Item List Verification/ITEM1 For 2 Row' is: 'ITEM1'

2018-07-02 20:48:23 - [MESSAGE][PASSED] - Text of object 'Object Repository/SearchResultPage/SearchItemTab/CatalogItems/Catalog Item List Verification/ITEM1 For 2 Row' is: 'ITEM1'

2018-07-02 20:48:23 - [TEST_STEP][PASSED] - Statement - Actual2 = com.kms.katalon.core.webui.keyword.WebUiBuiltInKeywords.getText(com.kms.katalon.core.testobject.ObjectRepository.findTestObject(SearchResultPage/SearchItemTab/CatalogItems/Catalog Item List Verification/Item3 For 3 Row)): Text of object 'Object Repository/SearchResultPage/SearchItemTab/CatalogItems/Catalog Item List Verification/Item3 For 3 Row' is: 'Item3'

2018-07-02 20:48:23 - [MESSAGE][PASSED] - Text of object 'Object Repository/SearchResultPage/SearchItemTab/CatalogItems/Catalog Item List Verification/Item3 For 3 Row' is: 'Item3'

2018-07-02 20:48:23 - [TEST_STEP][PASSED] - Statement - Attribute1 = com.kms.katalon.core.webui.keyword.WebUiBuiltInKeywords.getAttribute(com.kms.katalon.core.testobject.ObjectRepository.findTestObject(SearchResultPage/SearchItemTab/CatalogItems/Favorite Button For ITEM1), "ng-reflect-icon"): Attribute 'ng-reflect-icon' of object 'Object Repository/SearchResultPage/SearchItemTab/CatalogItems/Favorite Button For ITEM1' is: 'heart-fill'

2018-07-02 20:48:23 - [MESSAGE][PASSED] - Attribute 'ng-reflect-icon' of object 'Object Repository/SearchResultPage/SearchItemTab/CatalogItems/Favorite Button For ITEM1' is: 'heart-fill'

2018-07-02 20:48:23 - [TEST_STEP][PASSED] - Statement - Attribute2 = com.kms.katalon.core.webui.keyword.WebUiBuiltInKeywords.getAttribute(com.kms.katalon.core.testobject.ObjectRepository.findTestObject(SearchResultPage/SearchItemTab/CatalogItems/Favorite Button For Item3), "ng-reflect-icon"): Attribute 'ng-reflect-icon' of object 'Object Repository/SearchResultPage/SearchItemTab/CatalogItems/Favorite Button For Item3' is: 'heart-fill'

2018-07-02 20:48:23 - [MESSAGE][PASSED] - Attribute 'ng-reflect-icon' of object 'Object Repository/SearchResultPage/SearchItemTab/CatalogItems/Favorite Button For Item3' is: 'heart-fill'

2018-07-02 20:48:23 - [TEST_STEP][PASSED] - Statement - If (Attribute1 == "heart-fill"): Object 'Object Repository/SearchResultPage/SearchItemTab/CatalogItems/Favorite Button For ITEM1' has attribute 'ng-reflect-icon' with value 'heart-fill'

2018-07-02 20:48:23 - [TEST_STEP][PASSED] - mouseOver: Object: 'Object Repository/SearchResultPage/SearchItemTab/CatalogItems/Favorite Button For ITEM1' is hovered

2018-07-02 20:48:23 - [MESSAGE][PASSED] - Object: 'Object Repository/SearchResultPage/SearchItemTab/CatalogItems/Favorite Button For ITEM1' is hovered

2018-07-02 20:48:23 - [TEST_STEP][PASSED] - click: Object: 'Object Repository/SearchResultPage/SearchItemTab/CatalogItems/Favorite Button For ITEM1' is clicked on

2018-07-02 20:48:23 - [MESSAGE][PASSED] - Object: 'Object Repository/SearchResultPage/SearchItemTab/CatalogItems/Favorite Button For ITEM1' is clicked on

2018-07-02 20:48:23 - [TEST_STEP][PASSED] - delay: Delayed 2 second(s)

2018-07-02 20:48:25 - [MESSAGE][PASSED] - Delayed 2 second(s)

2018-07-02 20:48:25 - [TEST_STEP][PASSED] - click: Object: 'Object Repository/SearchResultPage/SearchItemTab/CatalogItems/Favorite Button For ITEM1' is clicked on

2018-07-02 20:48:25 - [MESSAGE][PASSED] - Object: 'Object Repository/SearchResultPage/SearchItemTab/CatalogItems/Favorite Button For ITEM1' is clicked on

2018-07-02 20:48:25 - [TEST_STEP][PASSED] - delay: Delayed 3 second(s)

2018-07-02 20:48:28 - [MESSAGE][PASSED] - Delayed 3 second(s)

2018-07-02 20:48:28 - [TEST_STEP][PASSED] - verifyElementAttributeValue: Object 'Object Repository/SearchResultPage/SearchItemTab/CatalogItems/Favorite Button For ITEM1' has attribute 'ng-reflect-icon' with value 'heart-fill'

2018-07-02 20:48:29 - [MESSAGE][PASSED] - Object 'Object Repository/SearchResultPage/SearchItemTab/CatalogItems/Favorite Button For ITEM1' has attribute 'ng-reflect-icon' with value 'heart-fill'

2018-07-02 20:48:29 - [TEST_STEP][PASSED] - Statement - If (Attribute2 == "heart-fill"): Object 'Object Repository/SearchResultPage/SearchItemTab/CatalogItems/Favorite Button For Item3' has attribute 'ng-reflect-icon' with value 'heart-fill'

2018-07-02 20:48:29 - [TEST_STEP][PASSED] - mouseOver: Object: 'Object Repository/SearchResultPage/SearchItemTab/CatalogItems/Favorite Button For Item3' is hovered

2018-07-02 20:48:29 - [MESSAGE][PASSED] - Object: 'Object Repository/SearchResultPage/SearchItemTab/CatalogItems/Favorite Button For Item3' is hovered

2018-07-02 20:48:29 - [TEST_STEP][PASSED] - click: Object: 'Object Repository/SearchResultPage/SearchItemTab/CatalogItems/Favorite Button For Item3' is clicked on

2018-07-02 20:48:29 - [MESSAGE][PASSED] - Object: 'Object Repository/SearchResultPage/SearchItemTab/CatalogItems/Favorite Button For Item3' is clicked on

2018-07-02 20:48:29 - [TEST_STEP][PASSED] - delay: Delayed 2 second(s)

2018-07-02 20:48:31 - [MESSAGE][PASSED] - Delayed 2 second(s)

2018-07-02 20:48:31 - [TEST_STEP][PASSED] - click: Object: 'Object Repository/SearchResultPage/SearchItemTab/CatalogItems/Favorite Button For Item3' is clicked on

2018-07-02 20:48:31 - [MESSAGE][PASSED] - Object: 'Object Repository/SearchResultPage/SearchItemTab/CatalogItems/Favorite Button For Item3' is clicked on

2018-07-02 20:48:31 - [TEST_STEP][PASSED] - delay: Delayed 3 second(s)

2018-07-02 20:48:34 - [MESSAGE][PASSED] - Delayed 3 second(s)

2018-07-02 20:48:34 - [TEST_STEP][PASSED] - verifyElementAttributeValue: Object 'Object Repository/SearchResultPage/SearchItemTab/CatalogItems/Favorite Button For Item3' has attribute 'ng-reflect-icon' with value 'heart-fill'

2018-07-02 20:48:34 - [MESSAGE][PASSED] - Object 'Object Repository/SearchResultPage/SearchItemTab/CatalogItems/Favorite Button For Item3' has attribute 'ng-reflect-icon' with value 'heart-fill'

2018-07-02 20:48:34 - [TEST_STEP][PASSED] - click: Object: 'Object Repository/Home' is clicked on

2018-07-02 20:48:34 - [MESSAGE][PASSED] - Object: 'Object Repository/Home' is clicked on

2018-07-02 20:48:34 - [TEST_STEP][PASSED] - click: Object: 'Object Repository/OnlineStorePage/HeaderTab/FavoritesAndPreviouslyUsedTab/Favorite' is clicked on

2018-07-02 20:48:34 - [MESSAGE][PASSED] - Object: 'Object Repository/OnlineStorePage/HeaderTab/FavoritesAndPreviouslyUsedTab/Favorite' is clicked on

2018-07-02 20:48:34 - [TEST_STEP][PASSED] - click: Object: 'Object Repository/OnlineStorePage/HeaderTab/FavoritesAndPreviouslyUsedTab/Verify ITEM1' is clicked on

2018-07-02 20:48:36 - [MESSAGE][PASSED] - Object: 'Object Repository/OnlineStorePage/HeaderTab/FavoritesAndPreviouslyUsedTab/Verify ITEM1' is clicked on

2018-07-02 20:48:36 - [TEST_STEP][PASSED] - click: Object: 'Object Repository/OnlineStorePage/HeaderTab/FavoritesAndPreviouslyUsedTab/Item Section/Attachment Tab' is clicked on

2018-07-02 20:48:36 - [MESSAGE][PASSED] - Object: 'Object Repository/OnlineStorePage/HeaderTab/FavoritesAndPreviouslyUsedTab/Item Section/Attachment Tab' is clicked on

2018-07-02 20:48:36 - [TEST_STEP][PASSED] - verifyElementText: Actual text and expected text of test object 'Object Repository/OnlineStorePage/HeaderTab/FavoritesAndPreviouslyUsedTab/Item Section/Verify No Attachment Display' are matched.

2018-07-02 20:48:36 - [MESSAGE][PASSED] - Actual text and expected text of test object 'Object Repository/OnlineStorePage/HeaderTab/FavoritesAndPreviouslyUsedTab/Item Section/Verify No Attachment Display' are matched.

2018-07-02 20:48:36 - [TEST_STEP][PASSED] - closeBrowser: Browser is closed

2018-07-02 20:48:36 - [MESSAGE][PASSED] - Browser is closed]]></system-out>
         <system-err><![CDATA[]]></system-err>
      </testcase>
      <testcase name="Test Cases/DDS-2053/DDS-3903" classname="Test Cases/DDS-2053/DDS-3903" status="ERROR">
         <error type="ERROR" message="Test Cases/DDS-2053/DDS-3903 FAILED because (of) java.lang.IllegalArgumentException: Cannot find test case with id 'Test Cases/common/Login'"/>
         <system-out><![CDATA[2018-07-02 20:48:36 - [TEST_CASE][ERROR] - Test Cases/DDS-2053/DDS-3903: Test Cases/DDS-2053/DDS-3903 FAILED because (of) java.lang.IllegalArgumentException: Cannot find test case with id 'Test Cases/common/Login'

2018-07-02 20:48:36 - [TEST_STEP][PASSED] - callTestCase: null]]></system-out>
         <system-err><![CDATA[2018-07-02 20:48:36 - [TEST_CASE][ERROR] - Test Cases/DDS-2053/DDS-3903: Test Cases/DDS-2053/DDS-3903 FAILED because (of) java.lang.IllegalArgumentException: Cannot find test case with id 'Test Cases/common/Login']]></system-err>
      </testcase>
      <testcase name="Test Cases/DDS-2053/DDS-3905" classname="Test Cases/DDS-2053/DDS-3905" status="FAILED">
         <failure type="FAILED" message="Unable to double click on object (Root cause: java.lang.IllegalArgumentException: Object is null)"/>
         <system-out><![CDATA[2018-07-02 20:48:36 - [TEST_CASE][FAILED] - Test Cases/DDS-2053/DDS-3905: Test Cases/DDS-2053/DDS-3905 FAILED because (of) Unable to double click on object (Root cause: java.lang.IllegalArgumentException: Object is null)

2018-07-02 20:48:36 - [TEST_STEP][PASSED] - callTestCase: Call Test Case 'Test Cases/CommonLibraries/Search By Pen' successfully

2018-07-02 20:48:36 - [TEST_CASE][PASSED] - Test Cases/CommonLibraries/Search By Pen: Test Cases/CommonLibraries/Search By Pen

2018-07-02 20:48:36 - [TEST_STEP][PASSED] - callTestCase: Call Test Case 'Test Cases/CommonLibraries/Login' successfully

2018-07-02 20:48:36 - [TEST_CASE][PASSED] - Test Cases/CommonLibraries/Login: Test Cases/CommonLibraries/Login

2018-07-02 20:48:36 - [TEST_STEP][PASSED] - openBrowser: Browser is opened with url: 'https://smtlogin.zycus.net/sso/login?serviceName=http://eproc-qa.zycus.net/'

2018-07-02 20:48:45 - [MESSAGE][PASSED] - Browser is opened with url: 'https://smtlogin.zycus.net/sso/login?serviceName=http://eproc-qa.zycus.net/'

2018-07-02 20:48:45 - [TEST_STEP][PASSED] - maximizeWindow: Current window maximized

2018-07-02 20:48:47 - [MESSAGE][PASSED] - Current window maximized

2018-07-02 20:48:47 - [TEST_STEP][PASSED] - waitForElementVisible: Object 'Object Repository/LoginPage/UserID' is visible

2018-07-02 20:48:47 - [MESSAGE][PASSED] - Object 'Object Repository/LoginPage/UserID' is visible

2018-07-02 20:48:47 - [TEST_STEP][PASSED] - sendKeys: Keys 'monicaqa@zycus.com' sent to object: 'Object Repository/LoginPage/UserID'

2018-07-02 20:48:47 - [MESSAGE][PASSED] - Keys 'monicaqa@zycus.com' sent to object: 'Object Repository/LoginPage/UserID'

2018-07-02 20:48:47 - [TEST_STEP][PASSED] - sendKeys: Keys 'eProc@123' sent to object: 'Object Repository/LoginPage/Password'

2018-07-02 20:48:47 - [MESSAGE][PASSED] - Keys 'eProc@123' sent to object: 'Object Repository/LoginPage/Password'

2018-07-02 20:48:47 - [TEST_STEP][PASSED] - click: Object: 'Object Repository/LoginPage/LoginButton' is clicked on

2018-07-02 20:48:52 - [MESSAGE][PASSED] - Object: 'Object Repository/LoginPage/LoginButton' is clicked on

2018-07-02 20:48:52 - [MESSAGE][PASSED] - Call Test Case 'Test Cases/CommonLibraries/Login' successfully

2018-07-02 20:48:52 - [TEST_STEP][PASSED] - waitForPageLoad: Wait for page load successfully

2018-07-02 20:48:52 - [MESSAGE][PASSED] - Wait for page load successfully

2018-07-02 20:48:52 - [TEST_STEP][PASSED] - sendKeys: Keys 'Pen' sent to object: 'Object Repository/OnlineStorePage/Search Box'

2018-07-02 20:49:26 - [MESSAGE][PASSED] - Keys 'Pen' sent to object: 'Object Repository/OnlineStorePage/Search Box'

2018-07-02 20:49:26 - [TEST_STEP][PASSED] - waitForElementPresent: Object 'Object Repository/OnlineStorePage/Search Box' is present

2018-07-02 20:49:26 - [MESSAGE][PASSED] - Object 'Object Repository/OnlineStorePage/Search Box' is present

2018-07-02 20:49:26 - [TEST_STEP][PASSED] - click: Object: 'Object Repository/OnlineStorePage/Search Icon' is clicked on

2018-07-02 20:49:26 - [MESSAGE][PASSED] - Object: 'Object Repository/OnlineStorePage/Search Icon' is clicked on

2018-07-02 20:49:26 - [MESSAGE][PASSED] - Call Test Case 'Test Cases/CommonLibraries/Search By Pen' successfully

2018-07-02 20:49:26 - [TEST_STEP][FAILED] - doubleClick: Unable to double click on object (Root cause: java.lang.IllegalArgumentException: Object is null)

2018-07-02 20:49:26 - [MESSAGE][WARNING] - Test object with id 'Object Repository/Online Store Page/SearchIcon' does not exist

2018-07-02 20:49:26 - [MESSAGE][WARNING] - Test object with id 'Object Repository/' does not exist

2018-07-02 20:49:26 - [MESSAGE][FAILED] - Unable to double click on object (Root cause: java.lang.IllegalArgumentException: Object is null)
[[ATTACHMENT|C:\\Users\\vikas.kiroula\\git\\eProc\\Reports\\Run\\20180702_203015\\1530544766620.png]]]]></system-out>
         <system-err><![CDATA[2018-07-02 20:48:36 - [TEST_CASE][FAILED] - Test Cases/DDS-2053/DDS-3905: Test Cases/DDS-2053/DDS-3905 FAILED because (of) Unable to double click on object (Root cause: java.lang.IllegalArgumentException: Object is null)]]></system-err>
      </testcase>
      <testcase name="Test Cases/DDS-2053/DDS-3906 User should be able to remove item(s) from the favourites section" classname="Test Cases/DDS-2053/DDS-3906 User should be able to remove item(s) from the favourites section" status="FAILED">
         <failure type="FAILED" message="Unable to click on object 'Object Repository/OnlineStorePage/HeaderTab/FavoritesAndPreviouslyUsedTab/View All Section/Menu Icon' (Root cause: com.kms.katalon.core.webui.exception.WebElementNotFoundException: Web element with id: 'Object Repository/OnlineStorePage/HeaderTab/FavoritesAndPreviouslyUsedTab/View All Section/Menu Icon' located by 'By.xpath: //dew-icon[@ng-reflect-icon='menu']' not found)"/>
         <system-out><![CDATA[2018-07-02 20:49:26 - [TEST_CASE][FAILED] - Test Cases/DDS-2053/DDS-3906 User should be able to remove item(s) from the favourites section: Test Cases/DDS-2053/DDS-3906 User should be able to remove item(s) from the favourites section FAILED because (of) Unable to click on object 'Object Repository/OnlineStorePage/HeaderTab/FavoritesAndPreviouslyUsedTab/View All Section/Menu Icon' (Root cause: com.kms.katalon.core.webui.exception.WebElementNotFoundException: Web element with id: 'Object Repository/OnlineStorePage/HeaderTab/FavoritesAndPreviouslyUsedTab/View All Section/Menu Icon' located by 'By.xpath: //dew-icon[@ng-reflect-icon='menu']' not found)

2018-07-02 20:49:27 - [TEST_STEP][PASSED] - callTestCase: Call Test Case 'Test Cases/CommonLibraries/Search By Item' successfully

2018-07-02 20:49:27 - [TEST_CASE][PASSED] - Test Cases/CommonLibraries/Search By Item: Test Cases/CommonLibraries/Search By Item

2018-07-02 20:49:27 - [TEST_STEP][PASSED] - callTestCase: Call Test Case 'Test Cases/CommonLibraries/Login' successfully

2018-07-02 20:49:27 - [TEST_CASE][PASSED] - Test Cases/CommonLibraries/Login: Test Cases/CommonLibraries/Login

2018-07-02 20:49:27 - [TEST_STEP][PASSED] - openBrowser: Browser is opened with url: 'https://smtlogin.zycus.net/sso/login?serviceName=http://eproc-qa.zycus.net/'

2018-07-02 20:49:27 - [MESSAGE][WARNING] - A browser is already opened. Closing browser and opening a new one

2018-07-02 20:49:36 - [MESSAGE][PASSED] - Browser is opened with url: 'https://smtlogin.zycus.net/sso/login?serviceName=http://eproc-qa.zycus.net/'

2018-07-02 20:49:36 - [TEST_STEP][PASSED] - maximizeWindow: Current window maximized

2018-07-02 20:49:36 - [MESSAGE][PASSED] - Current window maximized

2018-07-02 20:49:36 - [TEST_STEP][PASSED] - waitForElementVisible: Object 'Object Repository/LoginPage/UserID' is visible

2018-07-02 20:49:36 - [MESSAGE][PASSED] - Object 'Object Repository/LoginPage/UserID' is visible

2018-07-02 20:49:36 - [TEST_STEP][PASSED] - sendKeys: Keys 'monicaqa@zycus.com' sent to object: 'Object Repository/LoginPage/UserID'

2018-07-02 20:49:36 - [MESSAGE][PASSED] - Keys 'monicaqa@zycus.com' sent to object: 'Object Repository/LoginPage/UserID'

2018-07-02 20:49:36 - [TEST_STEP][PASSED] - sendKeys: Keys 'eProc@123' sent to object: 'Object Repository/LoginPage/Password'

2018-07-02 20:49:36 - [MESSAGE][PASSED] - Keys 'eProc@123' sent to object: 'Object Repository/LoginPage/Password'

2018-07-02 20:49:36 - [TEST_STEP][PASSED] - click: Object: 'Object Repository/LoginPage/LoginButton' is clicked on

2018-07-02 20:49:42 - [MESSAGE][PASSED] - Object: 'Object Repository/LoginPage/LoginButton' is clicked on

2018-07-02 20:49:42 - [MESSAGE][PASSED] - Call Test Case 'Test Cases/CommonLibraries/Login' successfully

2018-07-02 20:49:42 - [TEST_STEP][PASSED] - waitForElementPresent: Object 'Object Repository/OnlineStorePage/Search Box' is present

2018-07-02 20:50:14 - [MESSAGE][PASSED] - Object 'Object Repository/OnlineStorePage/Search Box' is present

2018-07-02 20:50:14 - [TEST_STEP][PASSED] - waitForPageLoad: Wait for page load successfully

2018-07-02 20:50:14 - [MESSAGE][PASSED] - Wait for page load successfully

2018-07-02 20:50:14 - [TEST_STEP][PASSED] - sendKeys: Keys 'Item' sent to object: 'Object Repository/OnlineStorePage/Search Box'

2018-07-02 20:50:14 - [MESSAGE][PASSED] - Keys 'Item' sent to object: 'Object Repository/OnlineStorePage/Search Box'

2018-07-02 20:50:14 - [TEST_STEP][PASSED] - click: Object: 'Object Repository/OnlineStorePage/Search Icon' is clicked on

2018-07-02 20:50:14 - [MESSAGE][PASSED] - Object: 'Object Repository/OnlineStorePage/Search Icon' is clicked on

2018-07-02 20:50:14 - [MESSAGE][PASSED] - Call Test Case 'Test Cases/CommonLibraries/Search By Item' successfully

2018-07-02 20:50:14 - [TEST_STEP][PASSED] - waitForElementPresent: Object 'Object Repository/SearchResultPage/SearchItemTab/CatalogItems/Check Box For 2 row item list' is present

2018-07-02 20:50:20 - [MESSAGE][PASSED] - Object 'Object Repository/SearchResultPage/SearchItemTab/CatalogItems/Check Box For 2 row item list' is present

2018-07-02 20:50:20 - [TEST_STEP][PASSED] - waitForElementPresent: Object 'Object Repository/SearchResultPage/SearchItemTab/CatalogItems/Favorite Button For ITEM1' is present

2018-07-02 20:50:20 - [MESSAGE][PASSED] - Object 'Object Repository/SearchResultPage/SearchItemTab/CatalogItems/Favorite Button For ITEM1' is present

2018-07-02 20:50:20 - [TEST_STEP][PASSED] - waitForElementPresent: Object 'Object Repository/SearchResultPage/SearchItemTab/CatalogItems/Favorite Button For Item3' is present

2018-07-02 20:50:20 - [MESSAGE][PASSED] - Object 'Object Repository/SearchResultPage/SearchItemTab/CatalogItems/Favorite Button For Item3' is present

2018-07-02 20:50:20 - [TEST_STEP][PASSED] - Statement - Attribute1 = com.kms.katalon.core.webui.keyword.WebUiBuiltInKeywords.getAttribute(com.kms.katalon.core.testobject.ObjectRepository.findTestObject(SearchResultPage/SearchItemTab/CatalogItems/Favorite Button For ITEM1), "ng-reflect-icon"): Attribute 'ng-reflect-icon' of object 'Object Repository/SearchResultPage/SearchItemTab/CatalogItems/Favorite Button For ITEM1' is: 'heart-fill'

2018-07-02 20:50:20 - [MESSAGE][PASSED] - Attribute 'ng-reflect-icon' of object 'Object Repository/SearchResultPage/SearchItemTab/CatalogItems/Favorite Button For ITEM1' is: 'heart-fill'

2018-07-02 20:50:20 - [TEST_STEP][PASSED] - Statement - Attribute2 = com.kms.katalon.core.webui.keyword.WebUiBuiltInKeywords.getAttribute(com.kms.katalon.core.testobject.ObjectRepository.findTestObject(SearchResultPage/SearchItemTab/CatalogItems/Favorite Button For Item3), "ng-reflect-icon"): Attribute 'ng-reflect-icon' of object 'Object Repository/SearchResultPage/SearchItemTab/CatalogItems/Favorite Button For Item3' is: 'heart-fill'

2018-07-02 20:50:20 - [MESSAGE][PASSED] - Attribute 'ng-reflect-icon' of object 'Object Repository/SearchResultPage/SearchItemTab/CatalogItems/Favorite Button For Item3' is: 'heart-fill'

2018-07-02 20:50:20 - [TEST_STEP][PASSED] - Statement - If (Attribute1 == "heart-fill"): Object 'Object Repository/SearchResultPage/SearchItemTab/CatalogItems/Favorite Button For ITEM1' has attribute 'ng-reflect-icon' with value 'heart-fill'

2018-07-02 20:50:20 - [TEST_STEP][PASSED] - mouseOver: Object: 'Object Repository/SearchResultPage/SearchItemTab/CatalogItems/Favorite Button For ITEM1' is hovered

2018-07-02 20:50:21 - [MESSAGE][PASSED] - Object: 'Object Repository/SearchResultPage/SearchItemTab/CatalogItems/Favorite Button For ITEM1' is hovered

2018-07-02 20:50:21 - [TEST_STEP][PASSED] - click: Object: 'Object Repository/SearchResultPage/SearchItemTab/CatalogItems/Favorite Button For ITEM1' is clicked on

2018-07-02 20:50:21 - [MESSAGE][PASSED] - Object: 'Object Repository/SearchResultPage/SearchItemTab/CatalogItems/Favorite Button For ITEM1' is clicked on

2018-07-02 20:50:21 - [TEST_STEP][PASSED] - delay: Delayed 2 second(s)

2018-07-02 20:50:23 - [MESSAGE][PASSED] - Delayed 2 second(s)

2018-07-02 20:50:23 - [TEST_STEP][PASSED] - click: Object: 'Object Repository/SearchResultPage/SearchItemTab/CatalogItems/Favorite Button For ITEM1' is clicked on

2018-07-02 20:50:23 - [MESSAGE][PASSED] - Object: 'Object Repository/SearchResultPage/SearchItemTab/CatalogItems/Favorite Button For ITEM1' is clicked on

2018-07-02 20:50:23 - [TEST_STEP][PASSED] - delay: Delayed 3 second(s)

2018-07-02 20:50:26 - [MESSAGE][PASSED] - Delayed 3 second(s)

2018-07-02 20:50:26 - [TEST_STEP][PASSED] - verifyElementAttributeValue: Object 'Object Repository/SearchResultPage/SearchItemTab/CatalogItems/Favorite Button For ITEM1' has attribute 'ng-reflect-icon' with value 'heart-fill'

2018-07-02 20:50:26 - [MESSAGE][PASSED] - Object 'Object Repository/SearchResultPage/SearchItemTab/CatalogItems/Favorite Button For ITEM1' has attribute 'ng-reflect-icon' with value 'heart-fill'

2018-07-02 20:50:26 - [TEST_STEP][PASSED] - Statement - If (Attribute2 == "heart-fill"): Object 'Object Repository/SearchResultPage/SearchItemTab/CatalogItems/Favorite Button For Item3' has attribute 'ng-reflect-icon' with value 'heart-fill'

2018-07-02 20:50:26 - [TEST_STEP][PASSED] - mouseOver: Object: 'Object Repository/SearchResultPage/SearchItemTab/CatalogItems/Favorite Button For Item3' is hovered

2018-07-02 20:50:26 - [MESSAGE][PASSED] - Object: 'Object Repository/SearchResultPage/SearchItemTab/CatalogItems/Favorite Button For Item3' is hovered

2018-07-02 20:50:26 - [TEST_STEP][PASSED] - click: Object: 'Object Repository/SearchResultPage/SearchItemTab/CatalogItems/Favorite Button For Item3' is clicked on

2018-07-02 20:50:26 - [MESSAGE][PASSED] - Object: 'Object Repository/SearchResultPage/SearchItemTab/CatalogItems/Favorite Button For Item3' is clicked on

2018-07-02 20:50:26 - [TEST_STEP][PASSED] - delay: Delayed 2 second(s)

2018-07-02 20:50:28 - [MESSAGE][PASSED] - Delayed 2 second(s)

2018-07-02 20:50:28 - [TEST_STEP][PASSED] - click: Object: 'Object Repository/SearchResultPage/SearchItemTab/CatalogItems/Favorite Button For Item3' is clicked on

2018-07-02 20:50:28 - [MESSAGE][PASSED] - Object: 'Object Repository/SearchResultPage/SearchItemTab/CatalogItems/Favorite Button For Item3' is clicked on

2018-07-02 20:50:28 - [TEST_STEP][PASSED] - delay: Delayed 3 second(s)

2018-07-02 20:50:31 - [MESSAGE][PASSED] - Delayed 3 second(s)

2018-07-02 20:50:31 - [TEST_STEP][PASSED] - verifyElementAttributeValue: Object 'Object Repository/SearchResultPage/SearchItemTab/CatalogItems/Favorite Button For Item3' has attribute 'ng-reflect-icon' with value 'heart-fill'

2018-07-02 20:50:31 - [MESSAGE][PASSED] - Object 'Object Repository/SearchResultPage/SearchItemTab/CatalogItems/Favorite Button For Item3' has attribute 'ng-reflect-icon' with value 'heart-fill'

2018-07-02 20:50:31 - [TEST_STEP][PASSED] - click: Object: 'Object Repository/Home' is clicked on

2018-07-02 20:50:32 - [MESSAGE][PASSED] - Object: 'Object Repository/Home' is clicked on

2018-07-02 20:50:32 - [TEST_STEP][PASSED] - click: Object: 'Object Repository/OnlineStorePage/HeaderTab/FavoritesAndPreviouslyUsedTab/Favorite' is clicked on

2018-07-02 20:50:33 - [MESSAGE][PASSED] - Object: 'Object Repository/OnlineStorePage/HeaderTab/FavoritesAndPreviouslyUsedTab/Favorite' is clicked on

2018-07-02 20:50:33 - [TEST_STEP][PASSED] - delay: Delayed 2 second(s)

2018-07-02 20:50:35 - [MESSAGE][PASSED] - Delayed 2 second(s)

2018-07-02 20:50:35 - [TEST_STEP][PASSED] - click: Object: 'Object Repository/OnlineStorePage/HeaderTab/FavoritesAndPreviouslyUsedTab/ViewAllButton' is clicked on

2018-07-02 20:50:35 - [MESSAGE][PASSED] - Object: 'Object Repository/OnlineStorePage/HeaderTab/FavoritesAndPreviouslyUsedTab/ViewAllButton' is clicked on

2018-07-02 20:50:35 - [TEST_STEP][PASSED] - delay: Delayed 4 second(s)

2018-07-02 20:50:39 - [MESSAGE][PASSED] - Delayed 4 second(s)

2018-07-02 20:50:39 - [TEST_STEP][PASSED] - click: Object: 'Object Repository/OnlineStorePage/HeaderTab/FavoritesAndPreviouslyUsedTab/View All Section/Check Box 1' is clicked on

2018-07-02 20:50:39 - [MESSAGE][PASSED] - Object: 'Object Repository/OnlineStorePage/HeaderTab/FavoritesAndPreviouslyUsedTab/View All Section/Check Box 1' is clicked on

2018-07-02 20:50:39 - [TEST_STEP][PASSED] - delay: Delayed 4 second(s)

2018-07-02 20:50:43 - [MESSAGE][PASSED] - Delayed 4 second(s)

2018-07-02 20:50:43 - [TEST_STEP][PASSED] - click: Object: 'Object Repository/OnlineStorePage/HeaderTab/FavoritesAndPreviouslyUsedTab/View All Section/Check Box 2' is clicked on

2018-07-02 20:50:43 - [MESSAGE][PASSED] - Object: 'Object Repository/OnlineStorePage/HeaderTab/FavoritesAndPreviouslyUsedTab/View All Section/Check Box 2' is clicked on

2018-07-02 20:50:43 - [TEST_STEP][PASSED] - delay: Delayed 4 second(s)

2018-07-02 20:50:47 - [MESSAGE][PASSED] - Delayed 4 second(s)

2018-07-02 20:50:47 - [TEST_STEP][FAILED] - click: Unable to click on object 'Object Repository/OnlineStorePage/HeaderTab/FavoritesAndPreviouslyUsedTab/View All Section/Menu Icon' (Root cause: com.kms.katalon.core.webui.exception.WebElementNotFoundException: Web element with id: 'Object Repository/OnlineStorePage/HeaderTab/FavoritesAndPreviouslyUsedTab/View All Section/Menu Icon' located by 'By.xpath: //dew-icon[@ng-reflect-icon='menu']' not found)

2018-07-02 20:51:19 - [MESSAGE][FAILED] - Unable to click on object 'Object Repository/OnlineStorePage/HeaderTab/FavoritesAndPreviouslyUsedTab/View All Section/Menu Icon' (Root cause: com.kms.katalon.core.webui.exception.WebElementNotFoundException: Web element with id: 'Object Repository/OnlineStorePage/HeaderTab/FavoritesAndPreviouslyUsedTab/View All Section/Menu Icon' located by 'By.xpath: //dew-icon[@ng-reflect-icon='menu']' not found)
[[ATTACHMENT|C:\\Users\\vikas.kiroula\\git\\eProc\\Reports\\Run\\20180702_203015\\1530544878902.png]]]]></system-out>
         <system-err><![CDATA[2018-07-02 20:49:26 - [TEST_CASE][FAILED] - Test Cases/DDS-2053/DDS-3906 User should be able to remove item(s) from the favourites section: Test Cases/DDS-2053/DDS-3906 User should be able to remove item(s) from the favourites section FAILED because (of) Unable to click on object 'Object Repository/OnlineStorePage/HeaderTab/FavoritesAndPreviouslyUsedTab/View All Section/Menu Icon' (Root cause: com.kms.katalon.core.webui.exception.WebElementNotFoundException: Web element with id: 'Object Repository/OnlineStorePage/HeaderTab/FavoritesAndPreviouslyUsedTab/View All Section/Menu Icon' located by 'By.xpath: //dew-icon[@ng-reflect-icon='menu']' not found)]]></system-err>
      </testcase>
      <testcase name="Test Cases/DDS-264/DDS-4093 User should be able to enter the name of the item in the search box" classname="Test Cases/DDS-264/DDS-4093 User should be able to enter the name of the item in the search box" status="PASSED">
         <system-out><![CDATA[2018-07-02 20:51:19 - [TEST_CASE][PASSED] - Test Cases/DDS-264/DDS-4093 User should be able to enter the name of the item in the search box: Test Cases/DDS-264/DDS-4093 User should be able to enter the name of the item in the search box

2018-07-02 20:51:19 - [TEST_STEP][PASSED] - callTestCase: Call Test Case 'Test Cases/CommonLibraries/Login' successfully

2018-07-02 20:51:19 - [TEST_CASE][PASSED] - Test Cases/CommonLibraries/Login: Test Cases/CommonLibraries/Login

2018-07-02 20:51:19 - [TEST_STEP][PASSED] - openBrowser: Browser is opened with url: 'https://smtlogin.zycus.net/sso/login?serviceName=http://eproc-qa.zycus.net/'

2018-07-02 20:51:19 - [MESSAGE][WARNING] - A browser is already opened. Closing browser and opening a new one

2018-07-02 20:51:28 - [MESSAGE][PASSED] - Browser is opened with url: 'https://smtlogin.zycus.net/sso/login?serviceName=http://eproc-qa.zycus.net/'

2018-07-02 20:51:28 - [TEST_STEP][PASSED] - maximizeWindow: Current window maximized

2018-07-02 20:51:29 - [MESSAGE][PASSED] - Current window maximized

2018-07-02 20:51:29 - [TEST_STEP][PASSED] - waitForElementVisible: Object 'Object Repository/LoginPage/UserID' is visible

2018-07-02 20:51:29 - [MESSAGE][PASSED] - Object 'Object Repository/LoginPage/UserID' is visible

2018-07-02 20:51:29 - [TEST_STEP][PASSED] - sendKeys: Keys 'monicaqa@zycus.com' sent to object: 'Object Repository/LoginPage/UserID'

2018-07-02 20:51:29 - [MESSAGE][PASSED] - Keys 'monicaqa@zycus.com' sent to object: 'Object Repository/LoginPage/UserID'

2018-07-02 20:51:29 - [TEST_STEP][PASSED] - sendKeys: Keys 'eProc@123' sent to object: 'Object Repository/LoginPage/Password'

2018-07-02 20:51:29 - [MESSAGE][PASSED] - Keys 'eProc@123' sent to object: 'Object Repository/LoginPage/Password'

2018-07-02 20:51:29 - [TEST_STEP][PASSED] - click: Object: 'Object Repository/LoginPage/LoginButton' is clicked on

2018-07-02 20:51:34 - [MESSAGE][PASSED] - Object: 'Object Repository/LoginPage/LoginButton' is clicked on

2018-07-02 20:51:34 - [MESSAGE][PASSED] - Call Test Case 'Test Cases/CommonLibraries/Login' successfully

2018-07-02 20:51:34 - [TEST_STEP][PASSED] - waitForElementPresent: Object 'Object Repository/OnlineStorePage/Search Box' is present

2018-07-02 20:52:06 - [MESSAGE][PASSED] - Object 'Object Repository/OnlineStorePage/Search Box' is present

2018-07-02 20:52:06 - [TEST_STEP][PASSED] - sendKeys: Keys '<script>alert('Executing JS')</script>' sent to object: 'Object Repository/OnlineStorePage/Search Box'

2018-07-02 20:52:08 - [MESSAGE][PASSED] - Keys '<script>alert('Executing JS')</script>' sent to object: 'Object Repository/OnlineStorePage/Search Box'

2018-07-02 20:52:08 - [TEST_STEP][PASSED] - click: Object: 'Object Repository/OnlineStorePage/Search Icon' is clicked on

2018-07-02 20:52:08 - [MESSAGE][PASSED] - Object: 'Object Repository/OnlineStorePage/Search Icon' is clicked on

2018-07-02 20:52:08 - [TEST_STEP][PASSED] - verifyElementAttributeValue: Object 'Object Repository/OnlineStorePage/Search Box' is not present

2018-07-02 20:52:13 - [MESSAGE][WARNING] - Object 'Object Repository/OnlineStorePage/Search Box' is not present

2018-07-02 20:52:13 - [TEST_STEP][PASSED] - closeBrowser: Browser is closed

2018-07-02 20:52:13 - [MESSAGE][PASSED] - Browser is closed]]></system-out>
         <system-err><![CDATA[]]></system-err>
      </testcase>
      <testcase name="Test Cases/DDS-264/DDS-4094 search by type section should be displayed on entering the name of the text" classname="Test Cases/DDS-264/DDS-4094 search by type section should be displayed on entering the name of the text" status="PASSED">
         <system-out><![CDATA[2018-07-02 20:52:13 - [TEST_CASE][PASSED] - Test Cases/DDS-264/DDS-4094 search by type section should be displayed on entering the name of the text: Test Cases/DDS-264/DDS-4094 search by type section should be displayed on entering the name of the text

2018-07-02 20:52:13 - [TEST_STEP][PASSED] - callTestCase: Call Test Case 'Test Cases/CommonLibraries/Search By Laptop' successfully

2018-07-02 20:52:13 - [TEST_CASE][PASSED] - Test Cases/CommonLibraries/Search By Laptop: Test Cases/CommonLibraries/Search By Laptop

2018-07-02 20:52:13 - [TEST_STEP][PASSED] - callTestCase: Call Test Case 'Test Cases/CommonLibraries/Login' successfully

2018-07-02 20:52:13 - [TEST_CASE][PASSED] - Test Cases/CommonLibraries/Login: Test Cases/CommonLibraries/Login

2018-07-02 20:52:13 - [TEST_STEP][PASSED] - openBrowser: Browser is opened with url: 'https://smtlogin.zycus.net/sso/login?serviceName=http://eproc-qa.zycus.net/'

2018-07-02 20:52:22 - [MESSAGE][PASSED] - Browser is opened with url: 'https://smtlogin.zycus.net/sso/login?serviceName=http://eproc-qa.zycus.net/'

2018-07-02 20:52:22 - [TEST_STEP][PASSED] - maximizeWindow: Current window maximized

2018-07-02 20:52:22 - [MESSAGE][PASSED] - Current window maximized

2018-07-02 20:52:22 - [TEST_STEP][PASSED] - waitForElementVisible: Object 'Object Repository/LoginPage/UserID' is visible

2018-07-02 20:52:23 - [MESSAGE][PASSED] - Object 'Object Repository/LoginPage/UserID' is visible

2018-07-02 20:52:23 - [TEST_STEP][PASSED] - sendKeys: Keys 'monicaqa@zycus.com' sent to object: 'Object Repository/LoginPage/UserID'

2018-07-02 20:52:23 - [MESSAGE][PASSED] - Keys 'monicaqa@zycus.com' sent to object: 'Object Repository/LoginPage/UserID'

2018-07-02 20:52:23 - [TEST_STEP][PASSED] - sendKeys: Keys 'eProc@123' sent to object: 'Object Repository/LoginPage/Password'

2018-07-02 20:52:23 - [MESSAGE][PASSED] - Keys 'eProc@123' sent to object: 'Object Repository/LoginPage/Password'

2018-07-02 20:52:23 - [TEST_STEP][PASSED] - click: Object: 'Object Repository/LoginPage/LoginButton' is clicked on

2018-07-02 20:52:29 - [MESSAGE][PASSED] - Object: 'Object Repository/LoginPage/LoginButton' is clicked on

2018-07-02 20:52:29 - [MESSAGE][PASSED] - Call Test Case 'Test Cases/CommonLibraries/Login' successfully

2018-07-02 20:52:29 - [TEST_STEP][PASSED] - waitForPageLoad: Wait for page load successfully

2018-07-02 20:52:29 - [MESSAGE][PASSED] - Wait for page load successfully

2018-07-02 20:52:29 - [TEST_STEP][PASSED] - sendKeys: Keys 'Laptop' sent to object: 'Object Repository/OnlineStorePage/Search Box'

2018-07-02 20:53:04 - [MESSAGE][PASSED] - Keys 'Laptop' sent to object: 'Object Repository/OnlineStorePage/Search Box'

2018-07-02 20:53:04 - [TEST_STEP][PASSED] - click: Object: 'Object Repository/OnlineStorePage/Search Icon' is clicked on

2018-07-02 20:53:05 - [MESSAGE][PASSED] - Object: 'Object Repository/OnlineStorePage/Search Icon' is clicked on

2018-07-02 20:53:05 - [MESSAGE][PASSED] - Call Test Case 'Test Cases/CommonLibraries/Search By Laptop' successfully

2018-07-02 20:53:05 - [TEST_STEP][PASSED] - waitForElementPresent: Object 'Object Repository/SearchResultPage/SearchItemTab/CatalogItems/Check Box For 1 Row Item List' is present

2018-07-02 20:53:44 - [MESSAGE][PASSED] - Object 'Object Repository/SearchResultPage/SearchItemTab/CatalogItems/Check Box For 1 Row Item List' is present

2018-07-02 20:53:44 - [TEST_STEP][PASSED] - Statement - Value = com.kms.katalon.core.webui.keyword.WebUiBuiltInKeywords.getText(com.kms.katalon.core.testobject.ObjectRepository.findTestObject(SearchResultPage/SearchItemTab/CatalogItems/Catalog Item List Verification/Laptop For 1 Row), STOP_ON_FAILURE): Text of object 'Object Repository/SearchResultPage/SearchItemTab/CatalogItems/Catalog Item List Verification/Laptop For 1 Row' is: 'Laptop'

2018-07-02 20:53:44 - [MESSAGE][PASSED] - Text of object 'Object Repository/SearchResultPage/SearchItemTab/CatalogItems/Catalog Item List Verification/Laptop For 1 Row' is: 'Laptop'

2018-07-02 20:53:44 - [TEST_STEP][PASSED] - verifyMatch: Actual text 'Laptop' and expected text 'Laptop' are matched  using regular expression

2018-07-02 20:53:44 - [MESSAGE][PASSED] - Actual text 'Laptop' and expected text 'Laptop' are matched  using regular expression]]></system-out>
         <system-err><![CDATA[]]></system-err>
      </testcase>
      <testcase name="Test Cases/DDS-264/DDS-4096  Cant find what u are looking for  Create request option  should be displayed below search type after typing item name in the search box" classname="Test Cases/DDS-264/DDS-4096  Cant find what u are looking for  Create request option  should be displayed below search type after typing item name in the search box" status="PASSED">
         <system-out><![CDATA[2018-07-02 20:53:44 - [TEST_CASE][PASSED] - Test Cases/DDS-264/DDS-4096  Cant find what u are looking for  Create request option  should be displayed below search type after typing item name in the search box: Test Cases/DDS-264/DDS-4096  Cant find what u are looking for  Create request option  should be displayed below search type after typing item name in the search box

2018-07-02 20:53:44 - [TEST_STEP][PASSED] - callTestCase: Call Test Case 'Test Cases/CommonLibraries/Login' successfully

2018-07-02 20:53:44 - [TEST_CASE][PASSED] - Test Cases/CommonLibraries/Login: Test Cases/CommonLibraries/Login

2018-07-02 20:53:44 - [TEST_STEP][PASSED] - openBrowser: Browser is opened with url: 'https://smtlogin.zycus.net/sso/login?serviceName=http://eproc-qa.zycus.net/'

2018-07-02 20:53:44 - [MESSAGE][WARNING] - A browser is already opened. Closing browser and opening a new one

2018-07-02 20:53:53 - [MESSAGE][PASSED] - Browser is opened with url: 'https://smtlogin.zycus.net/sso/login?serviceName=http://eproc-qa.zycus.net/'

2018-07-02 20:53:53 - [TEST_STEP][PASSED] - maximizeWindow: Current window maximized

2018-07-02 20:53:55 - [MESSAGE][PASSED] - Current window maximized

2018-07-02 20:53:55 - [TEST_STEP][PASSED] - waitForElementVisible: Object 'Object Repository/LoginPage/UserID' is visible

2018-07-02 20:53:55 - [MESSAGE][PASSED] - Object 'Object Repository/LoginPage/UserID' is visible

2018-07-02 20:53:55 - [TEST_STEP][PASSED] - sendKeys: Keys 'monicaqa@zycus.com' sent to object: 'Object Repository/LoginPage/UserID'

2018-07-02 20:53:55 - [MESSAGE][PASSED] - Keys 'monicaqa@zycus.com' sent to object: 'Object Repository/LoginPage/UserID'

2018-07-02 20:53:55 - [TEST_STEP][PASSED] - sendKeys: Keys 'eProc@123' sent to object: 'Object Repository/LoginPage/Password'

2018-07-02 20:53:56 - [MESSAGE][PASSED] - Keys 'eProc@123' sent to object: 'Object Repository/LoginPage/Password'

2018-07-02 20:53:56 - [TEST_STEP][PASSED] - click: Object: 'Object Repository/LoginPage/LoginButton' is clicked on

2018-07-02 20:54:01 - [MESSAGE][PASSED] - Object: 'Object Repository/LoginPage/LoginButton' is clicked on

2018-07-02 20:54:01 - [MESSAGE][PASSED] - Call Test Case 'Test Cases/CommonLibraries/Login' successfully

2018-07-02 20:54:01 - [TEST_STEP][PASSED] - waitForElementPresent: Object 'Object Repository/OnlineStorePage/Search Box' is present

2018-07-02 20:54:29 - [MESSAGE][PASSED] - Object 'Object Repository/OnlineStorePage/Search Box' is present

2018-07-02 20:54:29 - [TEST_STEP][PASSED] - sendKeys: Keys 'Cataog' sent to object: 'Object Repository/OnlineStorePage/Search Box'

2018-07-02 20:54:30 - [MESSAGE][PASSED] - Keys 'Cataog' sent to object: 'Object Repository/OnlineStorePage/Search Box'

2018-07-02 20:54:30 - [TEST_STEP][PASSED] - click: Object: 'Object Repository/OnlineStorePage/Search Icon' is clicked on

2018-07-02 20:54:30 - [MESSAGE][PASSED] - Object: 'Object Repository/OnlineStorePage/Search Icon' is clicked on

2018-07-02 20:54:30 - [TEST_STEP][PASSED] - verifyElementText: Actual text and expected text of test object 'Object Repository/OnlineStorePage/Create Request' are matched.

2018-07-02 20:54:30 - [MESSAGE][PASSED] - Actual text and expected text of test object 'Object Repository/OnlineStorePage/Create Request' are matched.

2018-07-02 20:54:30 - [TEST_STEP][PASSED] - closeBrowser: Browser is closed

2018-07-02 20:54:30 - [MESSAGE][PASSED] - Browser is closed]]></system-out>
         <system-err><![CDATA[]]></system-err>
      </testcase>
      <testcase name="Test Cases/DDS-264/DDS-4097 On online store page, user should be able to search item with multilingual characters" classname="Test Cases/DDS-264/DDS-4097 On online store page, user should be able to search item with multilingual characters" status="PASSED">
         <system-out><![CDATA[2018-07-02 20:54:30 - [TEST_CASE][PASSED] - Test Cases/DDS-264/DDS-4097 On online store page, user should be able to search item with multilingual characters: Test Cases/DDS-264/DDS-4097 On online store page, user should be able to search item with multilingual characters

2018-07-02 20:54:30 - [TEST_STEP][PASSED] - callTestCase: Call Test Case 'Test Cases/CommonLibraries/Login' successfully

2018-07-02 20:54:30 - [TEST_CASE][PASSED] - Test Cases/CommonLibraries/Login: Test Cases/CommonLibraries/Login

2018-07-02 20:54:30 - [TEST_STEP][PASSED] - openBrowser: Browser is opened with url: 'https://smtlogin.zycus.net/sso/login?serviceName=http://eproc-qa.zycus.net/'

2018-07-02 20:54:40 - [MESSAGE][PASSED] - Browser is opened with url: 'https://smtlogin.zycus.net/sso/login?serviceName=http://eproc-qa.zycus.net/'

2018-07-02 20:54:40 - [TEST_STEP][PASSED] - maximizeWindow: Current window maximized

2018-07-02 20:54:40 - [MESSAGE][PASSED] - Current window maximized

2018-07-02 20:54:40 - [TEST_STEP][PASSED] - waitForElementVisible: Object 'Object Repository/LoginPage/UserID' is visible

2018-07-02 20:54:40 - [MESSAGE][PASSED] - Object 'Object Repository/LoginPage/UserID' is visible

2018-07-02 20:54:40 - [TEST_STEP][PASSED] - sendKeys: Keys 'monicaqa@zycus.com' sent to object: 'Object Repository/LoginPage/UserID'

2018-07-02 20:54:40 - [MESSAGE][PASSED] - Keys 'monicaqa@zycus.com' sent to object: 'Object Repository/LoginPage/UserID'

2018-07-02 20:54:40 - [TEST_STEP][PASSED] - sendKeys: Keys 'eProc@123' sent to object: 'Object Repository/LoginPage/Password'

2018-07-02 20:54:40 - [MESSAGE][PASSED] - Keys 'eProc@123' sent to object: 'Object Repository/LoginPage/Password'

2018-07-02 20:54:40 - [TEST_STEP][PASSED] - click: Object: 'Object Repository/LoginPage/LoginButton' is clicked on

2018-07-02 20:54:45 - [MESSAGE][PASSED] - Object: 'Object Repository/LoginPage/LoginButton' is clicked on

2018-07-02 20:54:45 - [MESSAGE][PASSED] - Call Test Case 'Test Cases/CommonLibraries/Login' successfully

2018-07-02 20:54:45 - [TEST_STEP][PASSED] - waitForElementPresent: Object 'Object Repository/OnlineStorePage/Search Box' is present

2018-07-02 20:55:19 - [MESSAGE][PASSED] - Object 'Object Repository/OnlineStorePage/Search Box' is present

2018-07-02 20:55:19 - [TEST_STEP][PASSED] - sendKeys: Keys '美国法国德国' sent to object: 'Object Repository/OnlineStorePage/Search Box'

2018-07-02 20:55:19 - [MESSAGE][PASSED] - Keys '美国法国德国' sent to object: 'Object Repository/OnlineStorePage/Search Box'

2018-07-02 20:55:19 - [TEST_STEP][PASSED] - click: Object: 'Object Repository/OnlineStorePage/Search Icon' is clicked on

2018-07-02 20:55:19 - [MESSAGE][PASSED] - Object: 'Object Repository/OnlineStorePage/Search Icon' is clicked on

2018-07-02 20:55:19 - [TEST_STEP][PASSED] - verifyElementAttributeValue: Object 'Object Repository/OnlineStorePage/Search Box' is not present

2018-07-02 20:55:24 - [MESSAGE][WARNING] - Object 'Object Repository/OnlineStorePage/Search Box' is not present

2018-07-02 20:55:24 - [TEST_STEP][PASSED] - closeBrowser: Browser is closed

2018-07-02 20:55:24 - [MESSAGE][PASSED] - Browser is closed]]></system-out>
         <system-err><![CDATA[]]></system-err>
      </testcase>
      <testcase name="Test Cases/DDS-264/DDS-4098 On online store page, user should be able to search item with xss character" classname="Test Cases/DDS-264/DDS-4098 On online store page, user should be able to search item with xss character" status="ERROR">
         <error type="ERROR" message="Test Cases/DDS-264/DDS-4098 On online store page, user should be able to search item with xss character FAILED because (of) java.lang.IllegalArgumentException: Cannot find test case with id 'Test Cases/common/Login'"/>
         <system-out><![CDATA[2018-07-02 20:55:24 - [TEST_CASE][ERROR] - Test Cases/DDS-264/DDS-4098 On online store page, user should be able to search item with xss character: Test Cases/DDS-264/DDS-4098 On online store page, user should be able to search item with xss character FAILED because (of) java.lang.IllegalArgumentException: Cannot find test case with id 'Test Cases/common/Login'

2018-07-02 20:55:24 - [TEST_STEP][PASSED] - callTestCase: null]]></system-out>
         <system-err><![CDATA[2018-07-02 20:55:24 - [TEST_CASE][ERROR] - Test Cases/DDS-264/DDS-4098 On online store page, user should be able to search item with xss character: Test Cases/DDS-264/DDS-4098 On online store page, user should be able to search item with xss character FAILED because (of) java.lang.IllegalArgumentException: Cannot find test case with id 'Test Cases/common/Login']]></system-err>
      </testcase>
      <testcase name="Test Cases/DDS-264/DDS-4099 On online store page user should be able to search item with special characters" classname="Test Cases/DDS-264/DDS-4099 On online store page user should be able to search item with special characters" status="PASSED">
         <system-out><![CDATA[2018-07-02 20:55:24 - [TEST_CASE][PASSED] - Test Cases/DDS-264/DDS-4099 On online store page user should be able to search item with special characters: Test Cases/DDS-264/DDS-4099 On online store page user should be able to search item with special characters

2018-07-02 20:55:24 - [TEST_STEP][PASSED] - callTestCase: Call Test Case 'Test Cases/CommonLibraries/Login' successfully

2018-07-02 20:55:24 - [TEST_CASE][PASSED] - Test Cases/CommonLibraries/Login: Test Cases/CommonLibraries/Login

2018-07-02 20:55:24 - [TEST_STEP][PASSED] - openBrowser: Browser is opened with url: 'https://smtlogin.zycus.net/sso/login?serviceName=http://eproc-qa.zycus.net/'

2018-07-02 20:55:33 - [MESSAGE][PASSED] - Browser is opened with url: 'https://smtlogin.zycus.net/sso/login?serviceName=http://eproc-qa.zycus.net/'

2018-07-02 20:55:33 - [TEST_STEP][PASSED] - maximizeWindow: Current window maximized

2018-07-02 20:55:34 - [MESSAGE][PASSED] - Current window maximized

2018-07-02 20:55:34 - [TEST_STEP][PASSED] - waitForElementVisible: Object 'Object Repository/LoginPage/UserID' is visible

2018-07-02 20:55:34 - [MESSAGE][PASSED] - Object 'Object Repository/LoginPage/UserID' is visible

2018-07-02 20:55:34 - [TEST_STEP][PASSED] - sendKeys: Keys 'monicaqa@zycus.com' sent to object: 'Object Repository/LoginPage/UserID'

2018-07-02 20:55:34 - [MESSAGE][PASSED] - Keys 'monicaqa@zycus.com' sent to object: 'Object Repository/LoginPage/UserID'

2018-07-02 20:55:34 - [TEST_STEP][PASSED] - sendKeys: Keys 'eProc@123' sent to object: 'Object Repository/LoginPage/Password'

2018-07-02 20:55:34 - [MESSAGE][PASSED] - Keys 'eProc@123' sent to object: 'Object Repository/LoginPage/Password'

2018-07-02 20:55:34 - [TEST_STEP][PASSED] - click: Object: 'Object Repository/LoginPage/LoginButton' is clicked on

2018-07-02 20:55:39 - [MESSAGE][PASSED] - Object: 'Object Repository/LoginPage/LoginButton' is clicked on

2018-07-02 20:55:39 - [MESSAGE][PASSED] - Call Test Case 'Test Cases/CommonLibraries/Login' successfully

2018-07-02 20:55:39 - [TEST_STEP][PASSED] - waitForElementPresent: Object 'Object Repository/OnlineStorePage/Search Box' is present

2018-07-02 20:56:15 - [MESSAGE][PASSED] - Object 'Object Repository/OnlineStorePage/Search Box' is present

2018-07-02 20:56:15 - [TEST_STEP][PASSED] - sendKeys: Keys '!@#$' sent to object: 'Object Repository/OnlineStorePage/Search Box'

2018-07-02 20:56:15 - [MESSAGE][PASSED] - Keys '!@#$' sent to object: 'Object Repository/OnlineStorePage/Search Box'

2018-07-02 20:56:15 - [TEST_STEP][PASSED] - click: Object: 'Object Repository/OnlineStorePage/Search Icon' is clicked on

2018-07-02 20:56:16 - [MESSAGE][PASSED] - Object: 'Object Repository/OnlineStorePage/Search Icon' is clicked on

2018-07-02 20:56:16 - [TEST_STEP][PASSED] - verifyElementAttributeValue: Object 'Object Repository/OnlineStorePage/Search Box' is not present

2018-07-02 20:56:20 - [MESSAGE][WARNING] - Object 'Object Repository/OnlineStorePage/Search Box' is not present

2018-07-02 20:56:20 - [TEST_STEP][PASSED] - closeBrowser: Browser is closed

2018-07-02 20:56:20 - [MESSAGE][PASSED] - Browser is closed]]></system-out>
         <system-err><![CDATA[]]></system-err>
      </testcase>
      <testcase name="Test Cases/DDS-264/DDS-4100 On online store page, user should be able to search item with numeric  characters" classname="Test Cases/DDS-264/DDS-4100 On online store page, user should be able to search item with numeric  characters" status="PASSED">
         <system-out><![CDATA[2018-07-02 20:56:20 - [TEST_CASE][PASSED] - Test Cases/DDS-264/DDS-4100 On online store page, user should be able to search item with numeric  characters: Test Cases/DDS-264/DDS-4100 On online store page, user should be able to search item with numeric  characters

2018-07-02 20:56:20 - [TEST_STEP][PASSED] - callTestCase: Call Test Case 'Test Cases/CommonLibraries/Login' successfully

2018-07-02 20:56:20 - [TEST_CASE][PASSED] - Test Cases/CommonLibraries/Login: Test Cases/CommonLibraries/Login

2018-07-02 20:56:20 - [TEST_STEP][PASSED] - openBrowser: Browser is opened with url: 'https://smtlogin.zycus.net/sso/login?serviceName=http://eproc-qa.zycus.net/'

2018-07-02 20:56:29 - [MESSAGE][PASSED] - Browser is opened with url: 'https://smtlogin.zycus.net/sso/login?serviceName=http://eproc-qa.zycus.net/'

2018-07-02 20:56:29 - [TEST_STEP][PASSED] - maximizeWindow: Current window maximized

2018-07-02 20:56:30 - [MESSAGE][PASSED] - Current window maximized

2018-07-02 20:56:30 - [TEST_STEP][PASSED] - waitForElementVisible: Object 'Object Repository/LoginPage/UserID' is visible

2018-07-02 20:56:30 - [MESSAGE][PASSED] - Object 'Object Repository/LoginPage/UserID' is visible

2018-07-02 20:56:30 - [TEST_STEP][PASSED] - sendKeys: Keys 'monicaqa@zycus.com' sent to object: 'Object Repository/LoginPage/UserID'

2018-07-02 20:56:30 - [MESSAGE][PASSED] - Keys 'monicaqa@zycus.com' sent to object: 'Object Repository/LoginPage/UserID'

2018-07-02 20:56:30 - [TEST_STEP][PASSED] - sendKeys: Keys 'eProc@123' sent to object: 'Object Repository/LoginPage/Password'

2018-07-02 20:56:30 - [MESSAGE][PASSED] - Keys 'eProc@123' sent to object: 'Object Repository/LoginPage/Password'

2018-07-02 20:56:30 - [TEST_STEP][PASSED] - click: Object: 'Object Repository/LoginPage/LoginButton' is clicked on

2018-07-02 20:56:35 - [MESSAGE][PASSED] - Object: 'Object Repository/LoginPage/LoginButton' is clicked on

2018-07-02 20:56:35 - [MESSAGE][PASSED] - Call Test Case 'Test Cases/CommonLibraries/Login' successfully

2018-07-02 20:56:35 - [TEST_STEP][PASSED] - sendKeys: Keys '1234' sent to object: 'Object Repository/OnlineStorePage/Search Box'

2018-07-02 20:57:13 - [MESSAGE][PASSED] - Keys '1234' sent to object: 'Object Repository/OnlineStorePage/Search Box'

2018-07-02 20:57:13 - [TEST_STEP][PASSED] - click: Object: 'Object Repository/OnlineStorePage/Search Icon' is clicked on

2018-07-02 20:57:13 - [MESSAGE][PASSED] - Object: 'Object Repository/OnlineStorePage/Search Icon' is clicked on

2018-07-02 20:57:13 - [TEST_STEP][PASSED] - waitForElementPresent: Object 'Object Repository/SearchResultPage/SearchItemTab/CatalogItems/Check Box For 1 Row Item List' is present

2018-07-02 20:57:21 - [MESSAGE][PASSED] - Object 'Object Repository/SearchResultPage/SearchItemTab/CatalogItems/Check Box For 1 Row Item List' is present

2018-07-02 20:57:21 - [TEST_STEP][PASSED] - verifyElementText: Actual text and expected text of test object 'Object Repository/SearchResultPage/SearchItemTab/CatalogItems/Catalog Item List Verification/Numeric Field Verification' are matched.

2018-07-02 20:57:21 - [MESSAGE][PASSED] - Actual text and expected text of test object 'Object Repository/SearchResultPage/SearchItemTab/CatalogItems/Catalog Item List Verification/Numeric Field Verification' are matched.

2018-07-02 20:57:21 - [TEST_STEP][PASSED] - closeBrowser: Browser is closed

2018-07-02 20:57:21 - [MESSAGE][PASSED] - Browser is closed]]></system-out>
         <system-err><![CDATA[]]></system-err>
      </testcase>
      <testcase name="Test Cases/DDS-264/DDS-4101 Item search should perform text-based search in various catalog field such as item name and show all those items on search result page" classname="Test Cases/DDS-264/DDS-4101 Item search should perform text-based search in various catalog field such as item name and show all those items on search result page" status="PASSED">
         <system-out><![CDATA[2018-07-02 20:57:21 - [TEST_CASE][PASSED] - Test Cases/DDS-264/DDS-4101 Item search should perform text-based search in various catalog field such as item name and show all those items on search result page: Test Cases/DDS-264/DDS-4101 Item search should perform text-based search in various catalog field such as item name and show all those items on search result page

2018-07-02 20:57:21 - [TEST_STEP][PASSED] - callTestCase: Call Test Case 'Test Cases/CommonLibraries/Login' successfully

2018-07-02 20:57:21 - [TEST_CASE][PASSED] - Test Cases/CommonLibraries/Login: Test Cases/CommonLibraries/Login

2018-07-02 20:57:21 - [TEST_STEP][PASSED] - openBrowser: Browser is opened with url: 'https://smtlogin.zycus.net/sso/login?serviceName=http://eproc-qa.zycus.net/'

2018-07-02 20:57:30 - [MESSAGE][PASSED] - Browser is opened with url: 'https://smtlogin.zycus.net/sso/login?serviceName=http://eproc-qa.zycus.net/'

2018-07-02 20:57:30 - [TEST_STEP][PASSED] - maximizeWindow: Current window maximized

2018-07-02 20:57:32 - [MESSAGE][PASSED] - Current window maximized

2018-07-02 20:57:32 - [TEST_STEP][PASSED] - waitForElementVisible: Object 'Object Repository/LoginPage/UserID' is visible

2018-07-02 20:57:32 - [MESSAGE][PASSED] - Object 'Object Repository/LoginPage/UserID' is visible

2018-07-02 20:57:32 - [TEST_STEP][PASSED] - sendKeys: Keys 'monicaqa@zycus.com' sent to object: 'Object Repository/LoginPage/UserID'

2018-07-02 20:57:32 - [MESSAGE][PASSED] - Keys 'monicaqa@zycus.com' sent to object: 'Object Repository/LoginPage/UserID'

2018-07-02 20:57:32 - [TEST_STEP][PASSED] - sendKeys: Keys 'eProc@123' sent to object: 'Object Repository/LoginPage/Password'

2018-07-02 20:57:32 - [MESSAGE][PASSED] - Keys 'eProc@123' sent to object: 'Object Repository/LoginPage/Password'

2018-07-02 20:57:32 - [TEST_STEP][PASSED] - click: Object: 'Object Repository/LoginPage/LoginButton' is clicked on

2018-07-02 20:57:37 - [MESSAGE][PASSED] - Object: 'Object Repository/LoginPage/LoginButton' is clicked on

2018-07-02 20:57:37 - [MESSAGE][PASSED] - Call Test Case 'Test Cases/CommonLibraries/Login' successfully

2018-07-02 20:57:37 - [TEST_STEP][PASSED] - sendKeys: Keys 'pen3' sent to object: 'Object Repository/OnlineStorePage/Search Box'

2018-07-02 20:58:11 - [MESSAGE][PASSED] - Keys 'pen3' sent to object: 'Object Repository/OnlineStorePage/Search Box'

2018-07-02 20:58:11 - [TEST_STEP][PASSED] - click: Object: 'Object Repository/OnlineStorePage/Search Icon' is clicked on

2018-07-02 20:58:11 - [MESSAGE][PASSED] - Object: 'Object Repository/OnlineStorePage/Search Icon' is clicked on

2018-07-02 20:58:11 - [TEST_STEP][PASSED] - waitForElementPresent: Object 'Object Repository/SearchResultPage/SearchItemTab/CatalogItems/Check Box For 1 Row Item List' is present

2018-07-02 20:58:43 - [MESSAGE][PASSED] - Object 'Object Repository/SearchResultPage/SearchItemTab/CatalogItems/Check Box For 1 Row Item List' is present

2018-07-02 20:58:43 - [TEST_STEP][PASSED] - verifyElementText: Actual text and expected text of test object 'Object Repository/SearchResultPage/SearchItemTab/CatalogItems/Catalog Item List Verification/Pen3 Text Verification' are matched.

2018-07-02 20:58:43 - [MESSAGE][PASSED] - Actual text and expected text of test object 'Object Repository/SearchResultPage/SearchItemTab/CatalogItems/Catalog Item List Verification/Pen3 Text Verification' are matched.

2018-07-02 20:58:43 - [TEST_STEP][PASSED] - closeBrowser: Browser is closed

2018-07-02 20:58:44 - [MESSAGE][PASSED] - Browser is closed]]></system-out>
         <system-err><![CDATA[]]></system-err>
      </testcase>
      <testcase name="Test Cases/DDS-264/DDS-4102" classname="Test Cases/DDS-264/DDS-4102" status="ERROR">
         <error type="ERROR" message="Test Cases/DDS-264/DDS-4102 FAILED because (of) java.lang.IllegalArgumentException: Cannot find test case with id 'Test Cases/common/Login'"/>
         <system-out><![CDATA[2018-07-02 20:58:44 - [TEST_CASE][ERROR] - Test Cases/DDS-264/DDS-4102: Test Cases/DDS-264/DDS-4102 FAILED because (of) java.lang.IllegalArgumentException: Cannot find test case with id 'Test Cases/common/Login'

2018-07-02 20:58:44 - [TEST_STEP][PASSED] - callTestCase: null]]></system-out>
         <system-err><![CDATA[2018-07-02 20:58:44 - [TEST_CASE][ERROR] - Test Cases/DDS-264/DDS-4102: Test Cases/DDS-264/DDS-4102 FAILED because (of) java.lang.IllegalArgumentException: Cannot find test case with id 'Test Cases/common/Login']]></system-err>
      </testcase>
      <testcase name="Test Cases/DDS-264/DDS-4103 Item search should perform text-based  search in various catalog field such as  mfr name and show all those items on search result page" classname="Test Cases/DDS-264/DDS-4103 Item search should perform text-based  search in various catalog field such as  mfr name and show all those items on search result page" status="PASSED">
         <system-out><![CDATA[2018-07-02 20:58:44 - [TEST_CASE][PASSED] - Test Cases/DDS-264/DDS-4103 Item search should perform text-based  search in various catalog field such as  mfr name and show all those items on search result page: Test Cases/DDS-264/DDS-4103 Item search should perform text-based  search in various catalog field such as  mfr name and show all those items on search result page

2018-07-02 20:58:44 - [TEST_STEP][PASSED] - callTestCase: Call Test Case 'Test Cases/CommonLibraries/Login' successfully

2018-07-02 20:58:44 - [TEST_CASE][PASSED] - Test Cases/CommonLibraries/Login: Test Cases/CommonLibraries/Login

2018-07-02 20:58:44 - [TEST_STEP][PASSED] - openBrowser: Browser is opened with url: 'https://smtlogin.zycus.net/sso/login?serviceName=http://eproc-qa.zycus.net/'

2018-07-02 20:58:51 - [MESSAGE][PASSED] - Browser is opened with url: 'https://smtlogin.zycus.net/sso/login?serviceName=http://eproc-qa.zycus.net/'

2018-07-02 20:58:51 - [TEST_STEP][PASSED] - maximizeWindow: Current window maximized

2018-07-02 20:58:53 - [MESSAGE][PASSED] - Current window maximized

2018-07-02 20:58:53 - [TEST_STEP][PASSED] - waitForElementVisible: Object 'Object Repository/LoginPage/UserID' is visible

2018-07-02 20:58:53 - [MESSAGE][PASSED] - Object 'Object Repository/LoginPage/UserID' is visible

2018-07-02 20:58:53 - [TEST_STEP][PASSED] - sendKeys: Keys 'monicaqa@zycus.com' sent to object: 'Object Repository/LoginPage/UserID'

2018-07-02 20:58:53 - [MESSAGE][PASSED] - Keys 'monicaqa@zycus.com' sent to object: 'Object Repository/LoginPage/UserID'

2018-07-02 20:58:53 - [TEST_STEP][PASSED] - sendKeys: Keys 'eProc@123' sent to object: 'Object Repository/LoginPage/Password'

2018-07-02 20:58:54 - [MESSAGE][PASSED] - Keys 'eProc@123' sent to object: 'Object Repository/LoginPage/Password'

2018-07-02 20:58:54 - [TEST_STEP][PASSED] - click: Object: 'Object Repository/LoginPage/LoginButton' is clicked on

2018-07-02 20:58:59 - [MESSAGE][PASSED] - Object: 'Object Repository/LoginPage/LoginButton' is clicked on

2018-07-02 20:58:59 - [MESSAGE][PASSED] - Call Test Case 'Test Cases/CommonLibraries/Login' successfully

2018-07-02 20:58:59 - [TEST_STEP][PASSED] - sendKeys: Keys 'ZYCUS SUPPLIER' sent to object: 'Object Repository/OnlineStorePage/Search Box'

2018-07-02 20:59:34 - [MESSAGE][PASSED] - Keys 'ZYCUS SUPPLIER' sent to object: 'Object Repository/OnlineStorePage/Search Box'

2018-07-02 20:59:34 - [TEST_STEP][PASSED] - click: Object: 'Object Repository/OnlineStorePage/Search Icon' is clicked on

2018-07-02 20:59:35 - [MESSAGE][PASSED] - Object: 'Object Repository/OnlineStorePage/Search Icon' is clicked on

2018-07-02 20:59:35 - [TEST_STEP][PASSED] - waitForElementVisible: Object 'Object Repository/SearchResultPage/SearchItemTab/CatalogItems/Check Box For 1 Row Item List' is visible

2018-07-02 20:59:55 - [MESSAGE][PASSED] - Object 'Object Repository/SearchResultPage/SearchItemTab/CatalogItems/Check Box For 1 Row Item List' is visible

2018-07-02 20:59:55 - [TEST_STEP][PASSED] - delay: Delayed 2 second(s)

2018-07-02 20:59:57 - [MESSAGE][PASSED] - Delayed 2 second(s)

2018-07-02 20:59:57 - [TEST_STEP][PASSED] - takeScreenshot: Taking screenshot successfully

2018-07-02 20:59:58 - [MESSAGE][PASSED] - Taking screenshot successfully
[[ATTACHMENT|C:\\Screenshot/ResultPage.png]]

2018-07-02 20:59:58 - [TEST_STEP][PASSED] - closeBrowser: Browser is closed

2018-07-02 20:59:58 - [MESSAGE][PASSED] - Browser is closed]]></system-out>
         <system-err><![CDATA[]]></system-err>
      </testcase>
      <testcase name="Test Cases/DDS-264/DDS-4104 Item search should perform text-based search in various catalog field such as supplier name and show all those items on search result page" classname="Test Cases/DDS-264/DDS-4104 Item search should perform text-based search in various catalog field such as supplier name and show all those items on search result page" status="PASSED">
         <system-out><![CDATA[2018-07-02 20:59:58 - [TEST_CASE][PASSED] - Test Cases/DDS-264/DDS-4104 Item search should perform text-based search in various catalog field such as supplier name and show all those items on search result page: Test Cases/DDS-264/DDS-4104 Item search should perform text-based search in various catalog field such as supplier name and show all those items on search result page

2018-07-02 20:59:58 - [TEST_STEP][PASSED] - callTestCase: Call Test Case 'Test Cases/CommonLibraries/Login' successfully

2018-07-02 20:59:58 - [TEST_CASE][PASSED] - Test Cases/CommonLibraries/Login: Test Cases/CommonLibraries/Login

2018-07-02 20:59:58 - [TEST_STEP][PASSED] - openBrowser: Browser is opened with url: 'https://smtlogin.zycus.net/sso/login?serviceName=http://eproc-qa.zycus.net/'

2018-07-02 21:00:08 - [MESSAGE][PASSED] - Browser is opened with url: 'https://smtlogin.zycus.net/sso/login?serviceName=http://eproc-qa.zycus.net/'

2018-07-02 21:00:08 - [TEST_STEP][PASSED] - maximizeWindow: Current window maximized

2018-07-02 21:00:08 - [MESSAGE][PASSED] - Current window maximized

2018-07-02 21:00:08 - [TEST_STEP][PASSED] - waitForElementVisible: Object 'Object Repository/LoginPage/UserID' is visible

2018-07-02 21:00:08 - [MESSAGE][PASSED] - Object 'Object Repository/LoginPage/UserID' is visible

2018-07-02 21:00:08 - [TEST_STEP][PASSED] - sendKeys: Keys 'monicaqa@zycus.com' sent to object: 'Object Repository/LoginPage/UserID'

2018-07-02 21:00:08 - [MESSAGE][PASSED] - Keys 'monicaqa@zycus.com' sent to object: 'Object Repository/LoginPage/UserID'

2018-07-02 21:00:08 - [TEST_STEP][PASSED] - sendKeys: Keys 'eProc@123' sent to object: 'Object Repository/LoginPage/Password'

2018-07-02 21:00:08 - [MESSAGE][PASSED] - Keys 'eProc@123' sent to object: 'Object Repository/LoginPage/Password'

2018-07-02 21:00:08 - [TEST_STEP][PASSED] - click: Object: 'Object Repository/LoginPage/LoginButton' is clicked on

2018-07-02 21:00:13 - [MESSAGE][PASSED] - Object: 'Object Repository/LoginPage/LoginButton' is clicked on

2018-07-02 21:00:13 - [MESSAGE][PASSED] - Call Test Case 'Test Cases/CommonLibraries/Login' successfully

2018-07-02 21:00:13 - [TEST_STEP][PASSED] - sendKeys: Keys 'ZYCUS SUPPLIER' sent to object: 'Object Repository/OnlineStorePage/Search Box'

2018-07-02 21:00:52 - [MESSAGE][PASSED] - Keys 'ZYCUS SUPPLIER' sent to object: 'Object Repository/OnlineStorePage/Search Box'

2018-07-02 21:00:52 - [TEST_STEP][PASSED] - click: Object: 'Object Repository/OnlineStorePage/Search Icon' is clicked on

2018-07-02 21:00:52 - [MESSAGE][PASSED] - Object: 'Object Repository/OnlineStorePage/Search Icon' is clicked on

2018-07-02 21:00:52 - [TEST_STEP][PASSED] - waitForElementPresent: Object 'Object Repository/SearchResultPage/SearchItemTab/CatalogItems/Check Box For 1 Row Item List' is present

2018-07-02 21:01:33 - [MESSAGE][PASSED] - Object 'Object Repository/SearchResultPage/SearchItemTab/CatalogItems/Check Box For 1 Row Item List' is present

2018-07-02 21:01:33 - [TEST_STEP][PASSED] - verifyElementText: Actual text and expected text of test object 'Object Repository/SearchResultPage/SearchItemTab/CatalogItems/Catalog Item List Verification/Supplier Name Verification' are matched.

2018-07-02 21:01:33 - [MESSAGE][PASSED] - Actual text and expected text of test object 'Object Repository/SearchResultPage/SearchItemTab/CatalogItems/Catalog Item List Verification/Supplier Name Verification' are matched.

2018-07-02 21:01:33 - [TEST_STEP][PASSED] - takeScreenshot: Taking screenshot successfully

2018-07-02 21:01:34 - [MESSAGE][PASSED] - Taking screenshot successfully
[[ATTACHMENT|C:\\Screenshot/SupplierNameSearch.png]]

2018-07-02 21:01:34 - [TEST_STEP][PASSED] - closeBrowser: Browser is closed

2018-07-02 21:01:34 - [MESSAGE][PASSED] - Browser is closed]]></system-out>
         <system-err><![CDATA[]]></system-err>
      </testcase>
      <testcase name="Test Cases/DDS-264/DDS-4105 Item search should perform text-based search in various catalog field such as mfr part ID and show all those items on search result page" classname="Test Cases/DDS-264/DDS-4105 Item search should perform text-based search in various catalog field such as mfr part ID and show all those items on search result page" status="PASSED">
         <system-out><![CDATA[2018-07-02 21:01:34 - [TEST_CASE][PASSED] - Test Cases/DDS-264/DDS-4105 Item search should perform text-based search in various catalog field such as mfr part ID and show all those items on search result page: Test Cases/DDS-264/DDS-4105 Item search should perform text-based search in various catalog field such as mfr part ID and show all those items on search result page

2018-07-02 21:01:34 - [TEST_STEP][PASSED] - callTestCase: Call Test Case 'Test Cases/CommonLibraries/Login' successfully

2018-07-02 21:01:34 - [TEST_CASE][PASSED] - Test Cases/CommonLibraries/Login: Test Cases/CommonLibraries/Login

2018-07-02 21:01:34 - [TEST_STEP][PASSED] - openBrowser: Browser is opened with url: 'https://smtlogin.zycus.net/sso/login?serviceName=http://eproc-qa.zycus.net/'

2018-07-02 21:01:44 - [MESSAGE][PASSED] - Browser is opened with url: 'https://smtlogin.zycus.net/sso/login?serviceName=http://eproc-qa.zycus.net/'

2018-07-02 21:01:44 - [TEST_STEP][PASSED] - maximizeWindow: Current window maximized

2018-07-02 21:01:44 - [MESSAGE][PASSED] - Current window maximized

2018-07-02 21:01:44 - [TEST_STEP][PASSED] - waitForElementVisible: Object 'Object Repository/LoginPage/UserID' is visible

2018-07-02 21:01:44 - [MESSAGE][PASSED] - Object 'Object Repository/LoginPage/UserID' is visible

2018-07-02 21:01:44 - [TEST_STEP][PASSED] - sendKeys: Keys 'monicaqa@zycus.com' sent to object: 'Object Repository/LoginPage/UserID'

2018-07-02 21:01:44 - [MESSAGE][PASSED] - Keys 'monicaqa@zycus.com' sent to object: 'Object Repository/LoginPage/UserID'

2018-07-02 21:01:44 - [TEST_STEP][PASSED] - sendKeys: Keys 'eProc@123' sent to object: 'Object Repository/LoginPage/Password'

2018-07-02 21:01:44 - [MESSAGE][PASSED] - Keys 'eProc@123' sent to object: 'Object Repository/LoginPage/Password'

2018-07-02 21:01:44 - [TEST_STEP][PASSED] - click: Object: 'Object Repository/LoginPage/LoginButton' is clicked on

2018-07-02 21:01:49 - [MESSAGE][PASSED] - Object: 'Object Repository/LoginPage/LoginButton' is clicked on

2018-07-02 21:01:49 - [MESSAGE][PASSED] - Call Test Case 'Test Cases/CommonLibraries/Login' successfully

2018-07-02 21:01:49 - [TEST_STEP][PASSED] - sendKeys: Keys 'TTSIBM412CID' sent to object: 'Object Repository/OnlineStorePage/Search Box'

2018-07-02 21:02:24 - [MESSAGE][PASSED] - Keys 'TTSIBM412CID' sent to object: 'Object Repository/OnlineStorePage/Search Box'

2018-07-02 21:02:24 - [TEST_STEP][PASSED] - click: Object: 'Object Repository/OnlineStorePage/Search Icon' is clicked on

2018-07-02 21:02:24 - [MESSAGE][PASSED] - Object: 'Object Repository/OnlineStorePage/Search Icon' is clicked on

2018-07-02 21:02:24 - [TEST_STEP][PASSED] - waitForElementPresent: Object 'Object Repository/SearchResultPage/SearchItemTab/CatalogItems/Catalog Item List Verification/Mfr ID Verifications/Mfr search' is present

2018-07-02 21:02:35 - [MESSAGE][PASSED] - Object 'Object Repository/SearchResultPage/SearchItemTab/CatalogItems/Catalog Item List Verification/Mfr ID Verifications/Mfr search' is present

2018-07-02 21:02:35 - [TEST_STEP][PASSED] - scrollToElement: Scroll to object 'Object Repository/SearchResultPage/SearchItemTab/CatalogItems/Check Box For 3 Row Item List' successfully

2018-07-02 21:02:35 - [MESSAGE][PASSED] - Scroll to object 'Object Repository/SearchResultPage/SearchItemTab/CatalogItems/Check Box For 3 Row Item List' successfully

2018-07-02 21:02:35 - [TEST_STEP][PASSED] - click: Object: 'Object Repository/SearchResultPage/SearchItemTab/CatalogItems/Catalog Item List Verification/Mfr ID Verifications/Mfr search' is clicked on

2018-07-02 21:02:35 - [MESSAGE][PASSED] - Object: 'Object Repository/SearchResultPage/SearchItemTab/CatalogItems/Catalog Item List Verification/Mfr ID Verifications/Mfr search' is clicked on

2018-07-02 21:02:35 - [TEST_STEP][PASSED] - verifyElementText: Actual text and expected text of test object 'Object Repository/SearchResultPage/SearchItemTab/CatalogItems/Catalog Item List Verification/Mfr ID Verifications/Mfr Id Verification' are matched.

2018-07-02 21:02:36 - [MESSAGE][PASSED] - Actual text and expected text of test object 'Object Repository/SearchResultPage/SearchItemTab/CatalogItems/Catalog Item List Verification/Mfr ID Verifications/Mfr Id Verification' are matched.

2018-07-02 21:02:36 - [TEST_STEP][PASSED] - delay: Delayed 2 second(s)

2018-07-02 21:02:38 - [MESSAGE][PASSED] - Delayed 2 second(s)

2018-07-02 21:02:38 - [TEST_STEP][PASSED] - takeScreenshot: Taking screenshot successfully

2018-07-02 21:02:38 - [MESSAGE][PASSED] - Taking screenshot successfully
[[ATTACHMENT|C:\\Screenshot/MfrIDSearch.png]]

2018-07-02 21:02:38 - [TEST_STEP][PASSED] - closeBrowser: Browser is closed

2018-07-02 21:02:38 - [MESSAGE][PASSED] - Browser is closed]]></system-out>
         <system-err><![CDATA[]]></system-err>
      </testcase>
      <testcase name="Test Cases/DDS-264/DDS-4106 Item search should perform text-based search in various catalog field such as item desc and show all those items on search result page" classname="Test Cases/DDS-264/DDS-4106 Item search should perform text-based search in various catalog field such as item desc and show all those items on search result page" status="PASSED">
         <system-out><![CDATA[2018-07-02 21:02:38 - [TEST_CASE][PASSED] - Test Cases/DDS-264/DDS-4106 Item search should perform text-based search in various catalog field such as item desc and show all those items on search result page: Test Cases/DDS-264/DDS-4106 Item search should perform text-based search in various catalog field such as item desc and show all those items on search result page

2018-07-02 21:02:38 - [TEST_STEP][PASSED] - callTestCase: Call Test Case 'Test Cases/CommonLibraries/Login' successfully

2018-07-02 21:02:38 - [TEST_CASE][PASSED] - Test Cases/CommonLibraries/Login: Test Cases/CommonLibraries/Login

2018-07-02 21:02:38 - [TEST_STEP][PASSED] - openBrowser: Browser is opened with url: 'https://smtlogin.zycus.net/sso/login?serviceName=http://eproc-qa.zycus.net/'

2018-07-02 21:02:47 - [MESSAGE][PASSED] - Browser is opened with url: 'https://smtlogin.zycus.net/sso/login?serviceName=http://eproc-qa.zycus.net/'

2018-07-02 21:02:47 - [TEST_STEP][PASSED] - maximizeWindow: Current window maximized

2018-07-02 21:02:49 - [MESSAGE][PASSED] - Current window maximized

2018-07-02 21:02:49 - [TEST_STEP][PASSED] - waitForElementVisible: Object 'Object Repository/LoginPage/UserID' is visible

2018-07-02 21:02:49 - [MESSAGE][PASSED] - Object 'Object Repository/LoginPage/UserID' is visible

2018-07-02 21:02:49 - [TEST_STEP][PASSED] - sendKeys: Keys 'monicaqa@zycus.com' sent to object: 'Object Repository/LoginPage/UserID'

2018-07-02 21:02:49 - [MESSAGE][PASSED] - Keys 'monicaqa@zycus.com' sent to object: 'Object Repository/LoginPage/UserID'

2018-07-02 21:02:49 - [TEST_STEP][PASSED] - sendKeys: Keys 'eProc@123' sent to object: 'Object Repository/LoginPage/Password'

2018-07-02 21:02:49 - [MESSAGE][PASSED] - Keys 'eProc@123' sent to object: 'Object Repository/LoginPage/Password'

2018-07-02 21:02:49 - [TEST_STEP][PASSED] - click: Object: 'Object Repository/LoginPage/LoginButton' is clicked on

2018-07-02 21:02:55 - [MESSAGE][PASSED] - Object: 'Object Repository/LoginPage/LoginButton' is clicked on

2018-07-02 21:02:55 - [MESSAGE][PASSED] - Call Test Case 'Test Cases/CommonLibraries/Login' successfully

2018-07-02 21:02:55 - [TEST_STEP][PASSED] - sendKeys: Keys 'ZYCUS SUPPLIER' sent to object: 'Object Repository/OnlineStorePage/Search Box'

2018-07-02 21:03:26 - [MESSAGE][PASSED] - Keys 'ZYCUS SUPPLIER' sent to object: 'Object Repository/OnlineStorePage/Search Box'

2018-07-02 21:03:26 - [TEST_STEP][PASSED] - click: Object: 'Object Repository/OnlineStorePage/Search Icon' is clicked on

2018-07-02 21:03:26 - [MESSAGE][PASSED] - Object: 'Object Repository/OnlineStorePage/Search Icon' is clicked on

2018-07-02 21:03:26 - [TEST_STEP][PASSED] - waitForElementPresent: Object 'Object Repository/SearchResultPage/SearchItemTab/CatalogItems/Check Box For 1 Row Item List' is present

2018-07-02 21:03:37 - [MESSAGE][PASSED] - Object 'Object Repository/SearchResultPage/SearchItemTab/CatalogItems/Check Box For 1 Row Item List' is present

2018-07-02 21:03:37 - [TEST_STEP][PASSED] - verifyElementText: Actual text and expected text of test object 'Object Repository/SearchResultPage/SearchItemTab/CatalogItems/Catalog Item List Verification/Supplier Name Verification' are matched.

2018-07-02 21:03:37 - [MESSAGE][PASSED] - Actual text and expected text of test object 'Object Repository/SearchResultPage/SearchItemTab/CatalogItems/Catalog Item List Verification/Supplier Name Verification' are matched.

2018-07-02 21:03:37 - [TEST_STEP][PASSED] - takeScreenshot: Taking screenshot successfully

2018-07-02 21:03:37 - [MESSAGE][PASSED] - Taking screenshot successfully
[[ATTACHMENT|C:\\Screenshot/SupplierNameSearch.png]]

2018-07-02 21:03:37 - [TEST_STEP][PASSED] - closeBrowser: Browser is closed

2018-07-02 21:03:38 - [MESSAGE][PASSED] - Browser is closed]]></system-out>
         <system-err><![CDATA[]]></system-err>
      </testcase>
      <testcase name="Test Cases/DDS-264/DDS-4107 Item search should perform text-based search in various catalog field such as  ERP ID and show all those items on search result page" classname="Test Cases/DDS-264/DDS-4107 Item search should perform text-based search in various catalog field such as  ERP ID and show all those items on search result page" status="PASSED">
         <system-out><![CDATA[2018-07-02 21:03:38 - [TEST_CASE][PASSED] - Test Cases/DDS-264/DDS-4107 Item search should perform text-based search in various catalog field such as  ERP ID and show all those items on search result page: Test Cases/DDS-264/DDS-4107 Item search should perform text-based search in various catalog field such as  ERP ID and show all those items on search result page

2018-07-02 21:03:38 - [TEST_STEP][PASSED] - callTestCase: Call Test Case 'Test Cases/CommonLibraries/Login' successfully

2018-07-02 21:03:38 - [TEST_CASE][PASSED] - Test Cases/CommonLibraries/Login: Test Cases/CommonLibraries/Login

2018-07-02 21:03:38 - [TEST_STEP][PASSED] - openBrowser: Browser is opened with url: 'https://smtlogin.zycus.net/sso/login?serviceName=http://eproc-qa.zycus.net/'

2018-07-02 21:03:48 - [MESSAGE][PASSED] - Browser is opened with url: 'https://smtlogin.zycus.net/sso/login?serviceName=http://eproc-qa.zycus.net/'

2018-07-02 21:03:48 - [TEST_STEP][PASSED] - maximizeWindow: Current window maximized

2018-07-02 21:03:48 - [MESSAGE][PASSED] - Current window maximized

2018-07-02 21:03:48 - [TEST_STEP][PASSED] - waitForElementVisible: Object 'Object Repository/LoginPage/UserID' is visible

2018-07-02 21:03:48 - [MESSAGE][PASSED] - Object 'Object Repository/LoginPage/UserID' is visible

2018-07-02 21:03:48 - [TEST_STEP][PASSED] - sendKeys: Keys 'monicaqa@zycus.com' sent to object: 'Object Repository/LoginPage/UserID'

2018-07-02 21:03:48 - [MESSAGE][PASSED] - Keys 'monicaqa@zycus.com' sent to object: 'Object Repository/LoginPage/UserID'

2018-07-02 21:03:48 - [TEST_STEP][PASSED] - sendKeys: Keys 'eProc@123' sent to object: 'Object Repository/LoginPage/Password'

2018-07-02 21:03:48 - [MESSAGE][PASSED] - Keys 'eProc@123' sent to object: 'Object Repository/LoginPage/Password'

2018-07-02 21:03:48 - [TEST_STEP][PASSED] - click: Object: 'Object Repository/LoginPage/LoginButton' is clicked on

2018-07-02 21:03:54 - [MESSAGE][PASSED] - Object: 'Object Repository/LoginPage/LoginButton' is clicked on

2018-07-02 21:03:54 - [MESSAGE][PASSED] - Call Test Case 'Test Cases/CommonLibraries/Login' successfully

2018-07-02 21:03:54 - [TEST_STEP][PASSED] - sendKeys: Keys '9999999999999' sent to object: 'Object Repository/OnlineStorePage/Search Box'

2018-07-02 21:04:28 - [MESSAGE][PASSED] - Keys '9999999999999' sent to object: 'Object Repository/OnlineStorePage/Search Box'

2018-07-02 21:04:28 - [TEST_STEP][PASSED] - click: Object: 'Object Repository/OnlineStorePage/Search Icon' is clicked on

2018-07-02 21:04:29 - [MESSAGE][PASSED] - Object: 'Object Repository/OnlineStorePage/Search Icon' is clicked on

2018-07-02 21:04:29 - [TEST_STEP][PASSED] - waitForElementPresent: Object 'Object Repository/SearchResultPage/SearchItemTab/CatalogItems/Check Box For 1 Row Item List' is present

2018-07-02 21:04:43 - [MESSAGE][PASSED] - Object 'Object Repository/SearchResultPage/SearchItemTab/CatalogItems/Check Box For 1 Row Item List' is present

2018-07-02 21:04:43 - [TEST_STEP][PASSED] - click: Object: 'Object Repository/SearchResultPage/SearchItemTab/CatalogItems/Catalog Item List Verification/ERP ID verifications/ERP ID verification' is clicked on

2018-07-02 21:04:43 - [MESSAGE][PASSED] - Object: 'Object Repository/SearchResultPage/SearchItemTab/CatalogItems/Catalog Item List Verification/ERP ID verifications/ERP ID verification' is clicked on

2018-07-02 21:04:43 - [TEST_STEP][PASSED] - verifyElementText: Actual text and expected text of test object 'Object Repository/SearchResultPage/SearchItemTab/CatalogItems/Catalog Item List Verification/ERP ID verifications/ERP ID text' are matched.

2018-07-02 21:04:44 - [MESSAGE][PASSED] - Actual text and expected text of test object 'Object Repository/SearchResultPage/SearchItemTab/CatalogItems/Catalog Item List Verification/ERP ID verifications/ERP ID text' are matched.

2018-07-02 21:04:44 - [TEST_STEP][PASSED] - delay: Delayed 2 second(s)

2018-07-02 21:04:46 - [MESSAGE][PASSED] - Delayed 2 second(s)

2018-07-02 21:04:46 - [TEST_STEP][PASSED] - takeScreenshot: Taking screenshot successfully

2018-07-02 21:04:46 - [MESSAGE][PASSED] - Taking screenshot successfully
[[ATTACHMENT|C:\\Screenshot/ERPIDSearch.png]]

2018-07-02 21:04:46 - [TEST_STEP][PASSED] - closeBrowser: Browser is closed

2018-07-02 21:04:46 - [MESSAGE][PASSED] - Browser is closed]]></system-out>
         <system-err><![CDATA[]]></system-err>
      </testcase>
      <testcase name="Test Cases/DDS-264/DDS-4108" classname="Test Cases/DDS-264/DDS-4108" status="ERROR">
         <error type="ERROR" message="Test Cases/DDS-264/DDS-4108 FAILED because (of) java.lang.IllegalArgumentException: Cannot find test case with id 'Test Cases/common/Login'"/>
         <system-out><![CDATA[2018-07-02 21:04:46 - [TEST_CASE][ERROR] - Test Cases/DDS-264/DDS-4108: Test Cases/DDS-264/DDS-4108 FAILED because (of) java.lang.IllegalArgumentException: Cannot find test case with id 'Test Cases/common/Login'

2018-07-02 21:04:46 - [TEST_STEP][PASSED] - callTestCase: null]]></system-out>
         <system-err><![CDATA[2018-07-02 21:04:46 - [TEST_CASE][ERROR] - Test Cases/DDS-264/DDS-4108: Test Cases/DDS-264/DDS-4108 FAILED because (of) java.lang.IllegalArgumentException: Cannot find test case with id 'Test Cases/common/Login']]></system-err>
      </testcase>
      <testcase name="Test Cases/DDS-264/DDS-4109 User should be able to view the search results in order of relevance mentioned" classname="Test Cases/DDS-264/DDS-4109 User should be able to view the search results in order of relevance mentioned" status="PASSED">
         <system-out><![CDATA[2018-07-02 21:04:46 - [TEST_CASE][PASSED] - Test Cases/DDS-264/DDS-4109 User should be able to view the search results in order of relevance mentioned: Test Cases/DDS-264/DDS-4109 User should be able to view the search results in order of relevance mentioned

2018-07-02 21:04:46 - [TEST_STEP][PASSED] - callTestCase: Call Test Case 'Test Cases/CommonLibraries/Search By Pen' successfully

2018-07-02 21:04:46 - [TEST_CASE][PASSED] - Test Cases/CommonLibraries/Search By Pen: Test Cases/CommonLibraries/Search By Pen

2018-07-02 21:04:46 - [TEST_STEP][PASSED] - callTestCase: Call Test Case 'Test Cases/CommonLibraries/Login' successfully

2018-07-02 21:04:46 - [TEST_CASE][PASSED] - Test Cases/CommonLibraries/Login: Test Cases/CommonLibraries/Login

2018-07-02 21:04:46 - [TEST_STEP][PASSED] - openBrowser: Browser is opened with url: 'https://smtlogin.zycus.net/sso/login?serviceName=http://eproc-qa.zycus.net/'

2018-07-02 21:04:56 - [MESSAGE][PASSED] - Browser is opened with url: 'https://smtlogin.zycus.net/sso/login?serviceName=http://eproc-qa.zycus.net/'

2018-07-02 21:04:56 - [TEST_STEP][PASSED] - maximizeWindow: Current window maximized

2018-07-02 21:04:57 - [MESSAGE][PASSED] - Current window maximized

2018-07-02 21:04:57 - [TEST_STEP][PASSED] - waitForElementVisible: Object 'Object Repository/LoginPage/UserID' is visible

2018-07-02 21:04:57 - [MESSAGE][PASSED] - Object 'Object Repository/LoginPage/UserID' is visible

2018-07-02 21:04:57 - [TEST_STEP][PASSED] - sendKeys: Keys 'monicaqa@zycus.com' sent to object: 'Object Repository/LoginPage/UserID'

2018-07-02 21:04:57 - [MESSAGE][PASSED] - Keys 'monicaqa@zycus.com' sent to object: 'Object Repository/LoginPage/UserID'

2018-07-02 21:04:57 - [TEST_STEP][PASSED] - sendKeys: Keys 'eProc@123' sent to object: 'Object Repository/LoginPage/Password'

2018-07-02 21:04:57 - [MESSAGE][PASSED] - Keys 'eProc@123' sent to object: 'Object Repository/LoginPage/Password'

2018-07-02 21:04:57 - [TEST_STEP][PASSED] - click: Object: 'Object Repository/LoginPage/LoginButton' is clicked on

2018-07-02 21:05:08 - [MESSAGE][PASSED] - Object: 'Object Repository/LoginPage/LoginButton' is clicked on

2018-07-02 21:05:08 - [MESSAGE][PASSED] - Call Test Case 'Test Cases/CommonLibraries/Login' successfully

2018-07-02 21:05:08 - [TEST_STEP][PASSED] - waitForPageLoad: Wait for page load successfully

2018-07-02 21:05:08 - [MESSAGE][PASSED] - Wait for page load successfully

2018-07-02 21:05:08 - [TEST_STEP][PASSED] - sendKeys: Keys 'Pen' sent to object: 'Object Repository/OnlineStorePage/Search Box'

2018-07-02 21:05:43 - [MESSAGE][PASSED] - Keys 'Pen' sent to object: 'Object Repository/OnlineStorePage/Search Box'

2018-07-02 21:05:43 - [TEST_STEP][PASSED] - waitForElementPresent: Object 'Object Repository/OnlineStorePage/Search Box' is present

2018-07-02 21:05:43 - [MESSAGE][PASSED] - Object 'Object Repository/OnlineStorePage/Search Box' is present

2018-07-02 21:05:43 - [TEST_STEP][PASSED] - click: Object: 'Object Repository/OnlineStorePage/Search Icon' is clicked on

2018-07-02 21:05:44 - [MESSAGE][PASSED] - Object: 'Object Repository/OnlineStorePage/Search Icon' is clicked on

2018-07-02 21:05:44 - [MESSAGE][PASSED] - Call Test Case 'Test Cases/CommonLibraries/Search By Pen' successfully

2018-07-02 21:05:44 - [TEST_STEP][PASSED] - waitForElementVisible: Object 'Object Repository/SearchResultPage/SearchItemTab/CatalogItems/Check Box For 1 Row Item List' is visible

2018-07-02 21:06:27 - [MESSAGE][PASSED] - Object 'Object Repository/SearchResultPage/SearchItemTab/CatalogItems/Check Box For 1 Row Item List' is visible

2018-07-02 21:06:27 - [TEST_STEP][PASSED] - takeScreenshot: Taking screenshot successfully

2018-07-02 21:06:27 - [MESSAGE][PASSED] - Taking screenshot successfully
[[ATTACHMENT|C:\\Screenshot/Name.png]]

2018-07-02 21:06:27 - [TEST_STEP][PASSED] - closeBrowser: Browser is closed

2018-07-02 21:06:28 - [MESSAGE][PASSED] - Browser is closed]]></system-out>
         <system-err><![CDATA[]]></system-err>
      </testcase>
      <testcase name="Test Cases/DDS-264/DDS-4110 System should display the number of results found, along with the search text" classname="Test Cases/DDS-264/DDS-4110 System should display the number of results found, along with the search text" status="PASSED">
         <system-out><![CDATA[2018-07-02 21:06:28 - [TEST_CASE][PASSED] - Test Cases/DDS-264/DDS-4110 System should display the number of results found, along with the search text: Test Cases/DDS-264/DDS-4110 System should display the number of results found, along with the search text

2018-07-02 21:06:28 - [TEST_STEP][PASSED] - callTestCase: Call Test Case 'Test Cases/CommonLibraries/Search By Laptop' successfully

2018-07-02 21:06:28 - [TEST_CASE][PASSED] - Test Cases/CommonLibraries/Search By Laptop: Test Cases/CommonLibraries/Search By Laptop

2018-07-02 21:06:28 - [TEST_STEP][PASSED] - callTestCase: Call Test Case 'Test Cases/CommonLibraries/Login' successfully

2018-07-02 21:06:28 - [TEST_CASE][PASSED] - Test Cases/CommonLibraries/Login: Test Cases/CommonLibraries/Login

2018-07-02 21:06:28 - [TEST_STEP][PASSED] - openBrowser: Browser is opened with url: 'https://smtlogin.zycus.net/sso/login?serviceName=http://eproc-qa.zycus.net/'

2018-07-02 21:06:38 - [MESSAGE][PASSED] - Browser is opened with url: 'https://smtlogin.zycus.net/sso/login?serviceName=http://eproc-qa.zycus.net/'

2018-07-02 21:06:38 - [TEST_STEP][PASSED] - maximizeWindow: Current window maximized

2018-07-02 21:06:38 - [MESSAGE][PASSED] - Current window maximized

2018-07-02 21:06:38 - [TEST_STEP][PASSED] - waitForElementVisible: Object 'Object Repository/LoginPage/UserID' is visible

2018-07-02 21:06:38 - [MESSAGE][PASSED] - Object 'Object Repository/LoginPage/UserID' is visible

2018-07-02 21:06:38 - [TEST_STEP][PASSED] - sendKeys: Keys 'monicaqa@zycus.com' sent to object: 'Object Repository/LoginPage/UserID'

2018-07-02 21:06:38 - [MESSAGE][PASSED] - Keys 'monicaqa@zycus.com' sent to object: 'Object Repository/LoginPage/UserID'

2018-07-02 21:06:38 - [TEST_STEP][PASSED] - sendKeys: Keys 'eProc@123' sent to object: 'Object Repository/LoginPage/Password'

2018-07-02 21:06:39 - [MESSAGE][PASSED] - Keys 'eProc@123' sent to object: 'Object Repository/LoginPage/Password'

2018-07-02 21:06:39 - [TEST_STEP][PASSED] - click: Object: 'Object Repository/LoginPage/LoginButton' is clicked on

2018-07-02 21:06:46 - [MESSAGE][PASSED] - Object: 'Object Repository/LoginPage/LoginButton' is clicked on

2018-07-02 21:06:46 - [MESSAGE][PASSED] - Call Test Case 'Test Cases/CommonLibraries/Login' successfully

2018-07-02 21:06:46 - [TEST_STEP][PASSED] - waitForPageLoad: Wait for page load successfully

2018-07-02 21:06:46 - [MESSAGE][PASSED] - Wait for page load successfully

2018-07-02 21:06:46 - [TEST_STEP][PASSED] - sendKeys: Keys 'Laptop' sent to object: 'Object Repository/OnlineStorePage/Search Box'

2018-07-02 21:07:19 - [MESSAGE][PASSED] - Keys 'Laptop' sent to object: 'Object Repository/OnlineStorePage/Search Box'

2018-07-02 21:07:19 - [TEST_STEP][PASSED] - click: Object: 'Object Repository/OnlineStorePage/Search Icon' is clicked on

2018-07-02 21:07:20 - [MESSAGE][PASSED] - Object: 'Object Repository/OnlineStorePage/Search Icon' is clicked on

2018-07-02 21:07:20 - [MESSAGE][PASSED] - Call Test Case 'Test Cases/CommonLibraries/Search By Laptop' successfully

2018-07-02 21:07:20 - [TEST_STEP][PASSED] - waitForElementPresent: Object 'Object Repository/SearchResultPage/SearchItemTab/CatalogItems/Check Box For 1 Row Item List' is present

2018-07-02 21:07:33 - [MESSAGE][PASSED] - Object 'Object Repository/SearchResultPage/SearchItemTab/CatalogItems/Check Box For 1 Row Item List' is present

2018-07-02 21:07:33 - [TEST_STEP][PASSED] - delay: Delayed 10 second(s)

2018-07-02 21:07:43 - [MESSAGE][PASSED] - Delayed 10 second(s)

2018-07-02 21:07:43 - [TEST_STEP][PASSED] - takeScreenshot: Taking screenshot successfully

2018-07-02 21:07:43 - [MESSAGE][PASSED] - Taking screenshot successfully
[[ATTACHMENT|C:\\Screenshot/list.png]]]]></system-out>
         <system-err><![CDATA[]]></system-err>
      </testcase>
      <testcase name="Test Cases/DDS-264/DDS-4111 On search result page Verbiage in the title should be , Showing 1 of 1 results of item" classname="Test Cases/DDS-264/DDS-4111 On search result page Verbiage in the title should be , Showing 1 of 1 results of item" status="PASSED">
         <system-out><![CDATA[2018-07-02 21:07:43 - [TEST_CASE][PASSED] - Test Cases/DDS-264/DDS-4111 On search result page Verbiage in the title should be , Showing 1 of 1 results of item: Test Cases/DDS-264/DDS-4111 On search result page Verbiage in the title should be , Showing 1 of 1 results of item

2018-07-02 21:07:43 - [TEST_STEP][PASSED] - callTestCase: Call Test Case 'Test Cases/CommonLibraries/Search By Laptop' successfully

2018-07-02 21:07:43 - [TEST_CASE][PASSED] - Test Cases/CommonLibraries/Search By Laptop: Test Cases/CommonLibraries/Search By Laptop

2018-07-02 21:07:43 - [TEST_STEP][PASSED] - callTestCase: Call Test Case 'Test Cases/CommonLibraries/Login' successfully

2018-07-02 21:07:43 - [TEST_CASE][PASSED] - Test Cases/CommonLibraries/Login: Test Cases/CommonLibraries/Login

2018-07-02 21:07:43 - [TEST_STEP][PASSED] - openBrowser: Browser is opened with url: 'https://smtlogin.zycus.net/sso/login?serviceName=http://eproc-qa.zycus.net/'

2018-07-02 21:07:43 - [MESSAGE][WARNING] - A browser is already opened. Closing browser and opening a new one

2018-07-02 21:07:53 - [MESSAGE][PASSED] - Browser is opened with url: 'https://smtlogin.zycus.net/sso/login?serviceName=http://eproc-qa.zycus.net/'

2018-07-02 21:07:53 - [TEST_STEP][PASSED] - maximizeWindow: Current window maximized

2018-07-02 21:07:53 - [MESSAGE][PASSED] - Current window maximized

2018-07-02 21:07:53 - [TEST_STEP][PASSED] - waitForElementVisible: Object 'Object Repository/LoginPage/UserID' is visible

2018-07-02 21:07:53 - [MESSAGE][PASSED] - Object 'Object Repository/LoginPage/UserID' is visible

2018-07-02 21:07:53 - [TEST_STEP][PASSED] - sendKeys: Keys 'monicaqa@zycus.com' sent to object: 'Object Repository/LoginPage/UserID'

2018-07-02 21:07:53 - [MESSAGE][PASSED] - Keys 'monicaqa@zycus.com' sent to object: 'Object Repository/LoginPage/UserID'

2018-07-02 21:07:53 - [TEST_STEP][PASSED] - sendKeys: Keys 'eProc@123' sent to object: 'Object Repository/LoginPage/Password'

2018-07-02 21:07:53 - [MESSAGE][PASSED] - Keys 'eProc@123' sent to object: 'Object Repository/LoginPage/Password'

2018-07-02 21:07:53 - [TEST_STEP][PASSED] - click: Object: 'Object Repository/LoginPage/LoginButton' is clicked on

2018-07-02 21:08:00 - [MESSAGE][PASSED] - Object: 'Object Repository/LoginPage/LoginButton' is clicked on

2018-07-02 21:08:00 - [MESSAGE][PASSED] - Call Test Case 'Test Cases/CommonLibraries/Login' successfully

2018-07-02 21:08:00 - [TEST_STEP][PASSED] - waitForPageLoad: Wait for page load successfully

2018-07-02 21:08:00 - [MESSAGE][PASSED] - Wait for page load successfully

2018-07-02 21:08:00 - [TEST_STEP][PASSED] - sendKeys: Keys 'Laptop' sent to object: 'Object Repository/OnlineStorePage/Search Box'

2018-07-02 21:08:32 - [MESSAGE][PASSED] - Keys 'Laptop' sent to object: 'Object Repository/OnlineStorePage/Search Box'

2018-07-02 21:08:32 - [TEST_STEP][PASSED] - click: Object: 'Object Repository/OnlineStorePage/Search Icon' is clicked on

2018-07-02 21:08:33 - [MESSAGE][PASSED] - Object: 'Object Repository/OnlineStorePage/Search Icon' is clicked on

2018-07-02 21:08:33 - [MESSAGE][PASSED] - Call Test Case 'Test Cases/CommonLibraries/Search By Laptop' successfully

2018-07-02 21:08:33 - [TEST_STEP][PASSED] - waitForElementVisible: Object 'Object Repository/SearchResultPage/SearchItemTab/CatalogItems/Check Box For 8 Row Item List' is visible

2018-07-02 21:08:57 - [MESSAGE][PASSED] - Object 'Object Repository/SearchResultPage/SearchItemTab/CatalogItems/Check Box For 8 Row Item List' is visible

2018-07-02 21:08:57 - [TEST_STEP][PASSED] - scrollToElement: Scroll to object 'Object Repository/SearchResultPage/SearchItemTab/CatalogItems/Check Box For 8 Row Item List' successfully

2018-07-02 21:08:57 - [MESSAGE][WARNING] - Timeout '0' is invalid. Using default page load timeout: '30'

2018-07-02 21:08:57 - [MESSAGE][PASSED] - Scroll to object 'Object Repository/SearchResultPage/SearchItemTab/CatalogItems/Check Box For 8 Row Item List' successfully

2018-07-02 21:08:57 - [TEST_STEP][PASSED] - takeScreenshot: Taking screenshot successfully

2018-07-02 21:08:57 - [MESSAGE][PASSED] - Taking screenshot successfully
[[ATTACHMENT|C:\\Screenshot/resultPageIcon.png]]

2018-07-02 21:08:57 - [TEST_STEP][PASSED] - closeBrowser: Browser is closed

2018-07-02 21:08:57 - [MESSAGE][PASSED] - Browser is closed]]></system-out>
         <system-err><![CDATA[]]></system-err>
      </testcase>
      <testcase name="Test Cases/DDS-264/DDS-4112 User should be able to view product details by clicking on the item description" classname="Test Cases/DDS-264/DDS-4112 User should be able to view product details by clicking on the item description" status="PASSED">
         <system-out><![CDATA[2018-07-02 21:08:57 - [TEST_CASE][PASSED] - Test Cases/DDS-264/DDS-4112 User should be able to view product details by clicking on the item description: Test Cases/DDS-264/DDS-4112 User should be able to view product details by clicking on the item description

2018-07-02 21:08:57 - [TEST_STEP][PASSED] - callTestCase: Call Test Case 'Test Cases/CommonLibraries/Search By Item' successfully

2018-07-02 21:08:58 - [TEST_CASE][PASSED] - Test Cases/CommonLibraries/Search By Item: Test Cases/CommonLibraries/Search By Item

2018-07-02 21:08:58 - [TEST_STEP][PASSED] - callTestCase: Call Test Case 'Test Cases/CommonLibraries/Login' successfully

2018-07-02 21:08:58 - [TEST_CASE][PASSED] - Test Cases/CommonLibraries/Login: Test Cases/CommonLibraries/Login

2018-07-02 21:08:58 - [TEST_STEP][PASSED] - openBrowser: Browser is opened with url: 'https://smtlogin.zycus.net/sso/login?serviceName=http://eproc-qa.zycus.net/'

2018-07-02 21:09:07 - [MESSAGE][PASSED] - Browser is opened with url: 'https://smtlogin.zycus.net/sso/login?serviceName=http://eproc-qa.zycus.net/'

2018-07-02 21:09:07 - [TEST_STEP][PASSED] - maximizeWindow: Current window maximized

2018-07-02 21:09:07 - [MESSAGE][PASSED] - Current window maximized

2018-07-02 21:09:07 - [TEST_STEP][PASSED] - waitForElementVisible: Object 'Object Repository/LoginPage/UserID' is visible

2018-07-02 21:09:07 - [MESSAGE][PASSED] - Object 'Object Repository/LoginPage/UserID' is visible

2018-07-02 21:09:07 - [TEST_STEP][PASSED] - sendKeys: Keys 'monicaqa@zycus.com' sent to object: 'Object Repository/LoginPage/UserID'

2018-07-02 21:09:08 - [MESSAGE][PASSED] - Keys 'monicaqa@zycus.com' sent to object: 'Object Repository/LoginPage/UserID'

2018-07-02 21:09:08 - [TEST_STEP][PASSED] - sendKeys: Keys 'eProc@123' sent to object: 'Object Repository/LoginPage/Password'

2018-07-02 21:09:08 - [MESSAGE][PASSED] - Keys 'eProc@123' sent to object: 'Object Repository/LoginPage/Password'

2018-07-02 21:09:08 - [TEST_STEP][PASSED] - click: Object: 'Object Repository/LoginPage/LoginButton' is clicked on

2018-07-02 21:09:15 - [MESSAGE][PASSED] - Object: 'Object Repository/LoginPage/LoginButton' is clicked on

2018-07-02 21:09:15 - [MESSAGE][PASSED] - Call Test Case 'Test Cases/CommonLibraries/Login' successfully

2018-07-02 21:09:15 - [TEST_STEP][PASSED] - waitForElementPresent: Object 'Object Repository/OnlineStorePage/Search Box' is present

2018-07-02 21:09:46 - [MESSAGE][PASSED] - Object 'Object Repository/OnlineStorePage/Search Box' is present

2018-07-02 21:09:46 - [TEST_STEP][PASSED] - waitForPageLoad: Wait for page load successfully

2018-07-02 21:09:46 - [MESSAGE][PASSED] - Wait for page load successfully

2018-07-02 21:09:46 - [TEST_STEP][PASSED] - sendKeys: Keys 'Item' sent to object: 'Object Repository/OnlineStorePage/Search Box'

2018-07-02 21:09:46 - [MESSAGE][PASSED] - Keys 'Item' sent to object: 'Object Repository/OnlineStorePage/Search Box'

2018-07-02 21:09:46 - [TEST_STEP][PASSED] - click: Object: 'Object Repository/OnlineStorePage/Search Icon' is clicked on

2018-07-02 21:09:47 - [MESSAGE][PASSED] - Object: 'Object Repository/OnlineStorePage/Search Icon' is clicked on

2018-07-02 21:09:47 - [MESSAGE][PASSED] - Call Test Case 'Test Cases/CommonLibraries/Search By Item' successfully

2018-07-02 21:09:47 - [TEST_STEP][PASSED] - waitForElementPresent: Object 'Object Repository/SearchResultPage/SearchItemTab/CatalogItems/Check Box For 1 Row Item List' is present

2018-07-02 21:10:17 - [MESSAGE][PASSED] - Object 'Object Repository/SearchResultPage/SearchItemTab/CatalogItems/Check Box For 1 Row Item List' is present

2018-07-02 21:10:17 - [TEST_STEP][PASSED] - click: Object: 'Object Repository/SearchResultPage/SearchItemTab/CatalogItems/Catalog Item List Verification/Item3 For 3 Row' is clicked on

2018-07-02 21:10:17 - [MESSAGE][PASSED] - Object: 'Object Repository/SearchResultPage/SearchItemTab/CatalogItems/Catalog Item List Verification/Item3 For 3 Row' is clicked on

2018-07-02 21:10:17 - [TEST_STEP][PASSED] - delay: Delayed 2 second(s)

2018-07-02 21:10:19 - [MESSAGE][PASSED] - Delayed 2 second(s)

2018-07-02 21:10:19 - [TEST_STEP][PASSED] - takeScreenshot: Taking screenshot successfully

2018-07-02 21:10:19 - [MESSAGE][PASSED] - Taking screenshot successfully
[[ATTACHMENT|C:\\Screenshot/Item Description.png]]

2018-07-02 21:10:19 - [TEST_STEP][PASSED] - closeBrowser: Browser is closed

2018-07-02 21:10:19 - [MESSAGE][PASSED] - Browser is closed]]></system-out>
         <system-err><![CDATA[]]></system-err>
      </testcase>
      <testcase name="Test Cases/DDS-264/DDS-4119 Out of Stock should be displayed within search results with a Out of Stock label in red in front of the lead time" classname="Test Cases/DDS-264/DDS-4119 Out of Stock should be displayed within search results with a Out of Stock label in red in front of the lead time" status="PASSED">
         <system-out><![CDATA[2018-07-02 21:10:19 - [TEST_CASE][PASSED] - Test Cases/DDS-264/DDS-4119 Out of Stock should be displayed within search results with a Out of Stock label in red in front of the lead time: Test Cases/DDS-264/DDS-4119 Out of Stock should be displayed within search results with a Out of Stock label in red in front of the lead time

2018-07-02 21:10:19 - [TEST_STEP][PASSED] - callTestCase: Call Test Case 'Test Cases/CommonLibraries/Login' successfully

2018-07-02 21:10:19 - [TEST_CASE][PASSED] - Test Cases/CommonLibraries/Login: Test Cases/CommonLibraries/Login

2018-07-02 21:10:19 - [TEST_STEP][PASSED] - openBrowser: Browser is opened with url: 'https://smtlogin.zycus.net/sso/login?serviceName=http://eproc-qa.zycus.net/'

2018-07-02 21:10:27 - [MESSAGE][PASSED] - Browser is opened with url: 'https://smtlogin.zycus.net/sso/login?serviceName=http://eproc-qa.zycus.net/'

2018-07-02 21:10:27 - [TEST_STEP][PASSED] - maximizeWindow: Current window maximized

2018-07-02 21:10:29 - [MESSAGE][PASSED] - Current window maximized

2018-07-02 21:10:29 - [TEST_STEP][PASSED] - waitForElementVisible: Object 'Object Repository/LoginPage/UserID' is visible

2018-07-02 21:10:30 - [MESSAGE][PASSED] - Object 'Object Repository/LoginPage/UserID' is visible

2018-07-02 21:10:30 - [TEST_STEP][PASSED] - sendKeys: Keys 'monicaqa@zycus.com' sent to object: 'Object Repository/LoginPage/UserID'

2018-07-02 21:10:30 - [MESSAGE][PASSED] - Keys 'monicaqa@zycus.com' sent to object: 'Object Repository/LoginPage/UserID'

2018-07-02 21:10:30 - [TEST_STEP][PASSED] - sendKeys: Keys 'eProc@123' sent to object: 'Object Repository/LoginPage/Password'

2018-07-02 21:10:30 - [MESSAGE][PASSED] - Keys 'eProc@123' sent to object: 'Object Repository/LoginPage/Password'

2018-07-02 21:10:30 - [TEST_STEP][PASSED] - click: Object: 'Object Repository/LoginPage/LoginButton' is clicked on

2018-07-02 21:10:36 - [MESSAGE][PASSED] - Object: 'Object Repository/LoginPage/LoginButton' is clicked on

2018-07-02 21:10:36 - [MESSAGE][PASSED] - Call Test Case 'Test Cases/CommonLibraries/Login' successfully

2018-07-02 21:10:36 - [TEST_STEP][PASSED] - sendKeys: Keys 'hem' sent to object: 'Object Repository/OnlineStorePage/Search Box'

2018-07-02 21:11:10 - [MESSAGE][PASSED] - Keys 'hem' sent to object: 'Object Repository/OnlineStorePage/Search Box'

2018-07-02 21:11:10 - [TEST_STEP][PASSED] - click: Object: 'Object Repository/OnlineStorePage/Search Icon' is clicked on

2018-07-02 21:11:10 - [MESSAGE][PASSED] - Object: 'Object Repository/OnlineStorePage/Search Icon' is clicked on

2018-07-02 21:11:10 - [TEST_STEP][PASSED] - waitForElementPresent: Object 'Object Repository/SearchResultPage/SearchItemTab/CatalogItems/Check Box For 1 Row Item List' is present

2018-07-02 21:11:37 - [MESSAGE][PASSED] - Object 'Object Repository/SearchResultPage/SearchItemTab/CatalogItems/Check Box For 1 Row Item List' is present

2018-07-02 21:11:37 - [TEST_STEP][PASSED] - verifyElementAttributeValue: Object 'Object Repository/SearchResultPage/SearchItemTab/CatalogItems/Out Of Stock Item' has attribute 'ng-reflect-status' with value 'Out of Stock'

2018-07-02 21:11:37 - [MESSAGE][PASSED] - Object 'Object Repository/SearchResultPage/SearchItemTab/CatalogItems/Out Of Stock Item' has attribute 'ng-reflect-status' with value 'Out of Stock'

2018-07-02 21:11:37 - [TEST_STEP][PASSED] - closeBrowser: Browser is closed

2018-07-02 21:11:37 - [MESSAGE][PASSED] - Browser is closed]]></system-out>
         <system-err><![CDATA[]]></system-err>
      </testcase>
      <testcase name="Test Cases/DDS-266/DDS-4206" classname="Test Cases/DDS-266/DDS-4206" status="ERROR">
         <error type="ERROR" message="Test Cases/DDS-266/DDS-4206 FAILED because (of) java.lang.IllegalArgumentException: Cannot find test case with id 'Test Cases/common/Login'"/>
         <system-out><![CDATA[2018-07-02 21:11:37 - [TEST_CASE][ERROR] - Test Cases/DDS-266/DDS-4206: Test Cases/DDS-266/DDS-4206 FAILED because (of) java.lang.IllegalArgumentException: Cannot find test case with id 'Test Cases/common/Login'

2018-07-02 21:11:37 - [TEST_STEP][PASSED] - callTestCase: null]]></system-out>
         <system-err><![CDATA[2018-07-02 21:11:37 - [TEST_CASE][ERROR] - Test Cases/DDS-266/DDS-4206: Test Cases/DDS-266/DDS-4206 FAILED because (of) java.lang.IllegalArgumentException: Cannot find test case with id 'Test Cases/common/Login']]></system-err>
      </testcase>
      <testcase name="Test Cases/DDS-272/DDS - 3964 QTY or Amt field should n ot accept minimum -1 value" classname="Test Cases/DDS-272/DDS - 3964 QTY or Amt field should n ot accept minimum -1 value" status="PASSED">
         <system-out><![CDATA[2018-07-02 21:11:37 - [TEST_CASE][PASSED] - Test Cases/DDS-272/DDS - 3964 QTY or Amt field should n ot accept minimum -1 value: Test Cases/DDS-272/DDS - 3964 QTY or Amt field should n ot accept minimum -1 value

2018-07-02 21:11:37 - [TEST_STEP][PASSED] - callTestCase: Call Test Case 'Test Cases/CommonLibraries/Search By Item' successfully

2018-07-02 21:11:37 - [TEST_CASE][PASSED] - Test Cases/CommonLibraries/Search By Item: Test Cases/CommonLibraries/Search By Item

2018-07-02 21:11:37 - [TEST_STEP][PASSED] - callTestCase: Call Test Case 'Test Cases/CommonLibraries/Login' successfully

2018-07-02 21:11:37 - [TEST_CASE][PASSED] - Test Cases/CommonLibraries/Login: Test Cases/CommonLibraries/Login

2018-07-02 21:11:37 - [TEST_STEP][PASSED] - openBrowser: Browser is opened with url: 'https://smtlogin.zycus.net/sso/login?serviceName=http://eproc-qa.zycus.net/'

2018-07-02 21:11:47 - [MESSAGE][PASSED] - Browser is opened with url: 'https://smtlogin.zycus.net/sso/login?serviceName=http://eproc-qa.zycus.net/'

2018-07-02 21:11:47 - [TEST_STEP][PASSED] - maximizeWindow: Current window maximized

2018-07-02 21:11:47 - [MESSAGE][PASSED] - Current window maximized

2018-07-02 21:11:47 - [TEST_STEP][PASSED] - waitForElementVisible: Object 'Object Repository/LoginPage/UserID' is visible

2018-07-02 21:11:47 - [MESSAGE][PASSED] - Object 'Object Repository/LoginPage/UserID' is visible

2018-07-02 21:11:47 - [TEST_STEP][PASSED] - sendKeys: Keys 'monicaqa@zycus.com' sent to object: 'Object Repository/LoginPage/UserID'

2018-07-02 21:11:47 - [MESSAGE][PASSED] - Keys 'monicaqa@zycus.com' sent to object: 'Object Repository/LoginPage/UserID'

2018-07-02 21:11:47 - [TEST_STEP][PASSED] - sendKeys: Keys 'eProc@123' sent to object: 'Object Repository/LoginPage/Password'

2018-07-02 21:11:47 - [MESSAGE][PASSED] - Keys 'eProc@123' sent to object: 'Object Repository/LoginPage/Password'

2018-07-02 21:11:47 - [TEST_STEP][PASSED] - click: Object: 'Object Repository/LoginPage/LoginButton' is clicked on

2018-07-02 21:11:55 - [MESSAGE][PASSED] - Object: 'Object Repository/LoginPage/LoginButton' is clicked on

2018-07-02 21:11:55 - [MESSAGE][PASSED] - Call Test Case 'Test Cases/CommonLibraries/Login' successfully

2018-07-02 21:11:55 - [TEST_STEP][PASSED] - waitForElementPresent: Object 'Object Repository/OnlineStorePage/Search Box' is present

2018-07-02 21:12:28 - [MESSAGE][PASSED] - Object 'Object Repository/OnlineStorePage/Search Box' is present

2018-07-02 21:12:28 - [TEST_STEP][PASSED] - waitForPageLoad: Wait for page load successfully

2018-07-02 21:12:28 - [MESSAGE][PASSED] - Wait for page load successfully

2018-07-02 21:12:28 - [TEST_STEP][PASSED] - sendKeys: Keys 'Item' sent to object: 'Object Repository/OnlineStorePage/Search Box'

2018-07-02 21:12:29 - [MESSAGE][PASSED] - Keys 'Item' sent to object: 'Object Repository/OnlineStorePage/Search Box'

2018-07-02 21:12:29 - [TEST_STEP][PASSED] - click: Object: 'Object Repository/OnlineStorePage/Search Icon' is clicked on

2018-07-02 21:12:29 - [MESSAGE][PASSED] - Object: 'Object Repository/OnlineStorePage/Search Icon' is clicked on

2018-07-02 21:12:29 - [MESSAGE][PASSED] - Call Test Case 'Test Cases/CommonLibraries/Search By Item' successfully

2018-07-02 21:12:29 - [TEST_STEP][PASSED] - waitForElementPresent: Object 'Object Repository/SearchResultPage/SearchItemTab/CatalogItems/Check Box For 3 Row Item List' is present

2018-07-02 21:12:40 - [MESSAGE][PASSED] - Object 'Object Repository/SearchResultPage/SearchItemTab/CatalogItems/Check Box For 3 Row Item List' is present

2018-07-02 21:12:40 - [TEST_STEP][PASSED] - click: Object: 'Object Repository/SearchResultPage/SearchItemTab/CatalogItems/Check Box For 3 Row Item List' is clicked on

2018-07-02 21:12:41 - [MESSAGE][PASSED] - Object: 'Object Repository/SearchResultPage/SearchItemTab/CatalogItems/Check Box For 3 Row Item List' is clicked on

2018-07-02 21:12:41 - [TEST_STEP][PASSED] - click: Object: 'Object Repository/SearchResultPage/SearchItemTab/CatalogItems/AddToCart_MultipleItem' is clicked on

2018-07-02 21:12:41 - [MESSAGE][PASSED] - Object: 'Object Repository/SearchResultPage/SearchItemTab/CatalogItems/AddToCart_MultipleItem' is clicked on

2018-07-02 21:12:41 - [TEST_STEP][PASSED] - click: Object: 'Object Repository/OnlineStorePage/CartIcon' is clicked on

2018-07-02 21:12:41 - [MESSAGE][PASSED] - Object: 'Object Repository/OnlineStorePage/CartIcon' is clicked on

2018-07-02 21:12:41 - [TEST_STEP][PASSED] - delay: Delayed 3 second(s)

2018-07-02 21:12:44 - [MESSAGE][PASSED] - Delayed 3 second(s)

2018-07-02 21:12:44 - [TEST_STEP][PASSED] - sendKeys: Keys 'INSERT + BACK_SPACE + BACK_SPACE + -' sent to object: 'Object Repository/Cart Page/Qty or Amt Edit Box for line item1'

2018-07-02 21:12:44 - [MESSAGE][PASSED] - Keys 'INSERT + BACK_SPACE + BACK_SPACE + -' sent to object: 'Object Repository/Cart Page/Qty or Amt Edit Box for line item1'

2018-07-02 21:12:44 - [TEST_STEP][PASSED] - click: Object: 'Object Repository/Cart Page/Line Item Details/Quantity or Amt' is clicked on

2018-07-02 21:12:44 - [MESSAGE][PASSED] - Object: 'Object Repository/Cart Page/Line Item Details/Quantity or Amt' is clicked on

2018-07-02 21:12:44 - [TEST_STEP][PASSED] - waitForElementPresent: Object 'Object Repository/Popups/Alert Pop Up/Alert message' is present

2018-07-02 21:12:44 - [MESSAGE][PASSED] - Object 'Object Repository/Popups/Alert Pop Up/Alert message' is present

2018-07-02 21:12:44 - [TEST_STEP][PASSED] - verifyElementText: Actual text and expected text of test object 'Object Repository/Popups/Alert Pop Up/Alert message' are matched.

2018-07-02 21:12:44 - [MESSAGE][PASSED] - Actual text and expected text of test object 'Object Repository/Popups/Alert Pop Up/Alert message' are matched.

2018-07-02 21:12:44 - [TEST_STEP][PASSED] - closeBrowser: Browser is closed

2018-07-02 21:12:44 - [MESSAGE][PASSED] - Browser is closed]]></system-out>
         <system-err><![CDATA[]]></system-err>
      </testcase>
      <testcase name="Test Cases/DDS-272/DDS 3939 login to a different window with same credentials and add the item verify whether in other window count in the cart increases dynamically" classname="Test Cases/DDS-272/DDS 3939 login to a different window with same credentials and add the item verify whether in other window count in the cart increases dynamically" status="PASSED">
         <system-out><![CDATA[2018-07-02 21:12:44 - [TEST_CASE][PASSED] - Test Cases/DDS-272/DDS 3939 login to a different window with same credentials and add the item verify whether in other window count in the cart increases dynamically: Test Cases/DDS-272/DDS 3939 login to a different window with same credentials and add the item verify whether in other window count in the cart increases dynamically

2018-07-02 21:12:44 - [TEST_STEP][PASSED] - callTestCase: Call Test Case 'Test Cases/CommonLibraries/Login' successfully

2018-07-02 21:12:44 - [TEST_CASE][PASSED] - Test Cases/CommonLibraries/Login: Test Cases/CommonLibraries/Login

2018-07-02 21:12:44 - [TEST_STEP][PASSED] - openBrowser: Browser is opened with url: 'https://smtlogin.zycus.net/sso/login?serviceName=http://eproc-qa.zycus.net/'

2018-07-02 21:12:52 - [MESSAGE][PASSED] - Browser is opened with url: 'https://smtlogin.zycus.net/sso/login?serviceName=http://eproc-qa.zycus.net/'

2018-07-02 21:12:52 - [TEST_STEP][PASSED] - maximizeWindow: Current window maximized

2018-07-02 21:12:54 - [MESSAGE][PASSED] - Current window maximized

2018-07-02 21:12:54 - [TEST_STEP][PASSED] - waitForElementVisible: Object 'Object Repository/LoginPage/UserID' is visible

2018-07-02 21:12:54 - [MESSAGE][PASSED] - Object 'Object Repository/LoginPage/UserID' is visible

2018-07-02 21:12:54 - [TEST_STEP][PASSED] - sendKeys: Keys 'monicaqa@zycus.com' sent to object: 'Object Repository/LoginPage/UserID'

2018-07-02 21:12:54 - [MESSAGE][PASSED] - Keys 'monicaqa@zycus.com' sent to object: 'Object Repository/LoginPage/UserID'

2018-07-02 21:12:54 - [TEST_STEP][PASSED] - sendKeys: Keys 'eProc@123' sent to object: 'Object Repository/LoginPage/Password'

2018-07-02 21:12:54 - [MESSAGE][PASSED] - Keys 'eProc@123' sent to object: 'Object Repository/LoginPage/Password'

2018-07-02 21:12:54 - [TEST_STEP][PASSED] - click: Object: 'Object Repository/LoginPage/LoginButton' is clicked on

2018-07-02 21:12:59 - [MESSAGE][PASSED] - Object: 'Object Repository/LoginPage/LoginButton' is clicked on

2018-07-02 21:12:59 - [MESSAGE][PASSED] - Call Test Case 'Test Cases/CommonLibraries/Login' successfully

2018-07-02 21:12:59 - [TEST_STEP][PASSED] - click: Object: 'Object Repository/OnlineStorePage/CartIcon' is clicked on

2018-07-02 21:13:45 - [MESSAGE][PASSED] - Object: 'Object Repository/OnlineStorePage/CartIcon' is clicked on

2018-07-02 21:13:45 - [TEST_STEP][PASSED] - delay: Delayed 3 second(s)

2018-07-02 21:13:48 - [MESSAGE][PASSED] - Delayed 3 second(s)

2018-07-02 21:13:48 - [TEST_STEP][PASSED] - Statement - b = com.kms.katalon.core.webui.keyword.WebUiBuiltInKeywords.getAttribute(com.kms.katalon.core.testobject.ObjectRepository.findTestObject(Cart Page/Empty Cart Button), "ng-reflect-is-disabled"): Attribute 'ng-reflect-is-disabled' of object 'Object Repository/Cart Page/Empty Cart Button' is: 'false'

2018-07-02 21:13:48 - [MESSAGE][PASSED] - Attribute 'ng-reflect-is-disabled' of object 'Object Repository/Cart Page/Empty Cart Button' is: 'false'

2018-07-02 21:13:48 - [TEST_STEP][PASSED] - Statement - If (b == "false"): Browser is closed

2018-07-02 21:13:48 - [TEST_STEP][PASSED] - click: Object: 'Object Repository/Cart Page/Empty Cart Button' is clicked on

2018-07-02 21:13:49 - [MESSAGE][PASSED] - Object: 'Object Repository/Cart Page/Empty Cart Button' is clicked on

2018-07-02 21:13:49 - [TEST_STEP][PASSED] - click: Object: 'Object Repository/Popups/Empty cart/Yes Button' is clicked on

2018-07-02 21:13:49 - [MESSAGE][PASSED] - Object: 'Object Repository/Popups/Empty cart/Yes Button' is clicked on

2018-07-02 21:13:49 - [TEST_STEP][PASSED] - delay: Delayed 2 second(s)

2018-07-02 21:13:51 - [MESSAGE][PASSED] - Delayed 2 second(s)

2018-07-02 21:13:51 - [TEST_STEP][PASSED] - click: Object: 'Object Repository/Home' is clicked on

2018-07-02 21:13:51 - [MESSAGE][PASSED] - Object: 'Object Repository/Home' is clicked on

2018-07-02 21:13:51 - [TEST_STEP][PASSED] - sendKeys: Keys 'Item' sent to object: 'Object Repository/OnlineStorePage/Search Box'

2018-07-02 21:13:51 - [MESSAGE][PASSED] - Keys 'Item' sent to object: 'Object Repository/OnlineStorePage/Search Box'

2018-07-02 21:13:51 - [TEST_STEP][PASSED] - click: Object: 'Object Repository/OnlineStorePage/Search Icon' is clicked on

2018-07-02 21:13:51 - [MESSAGE][PASSED] - Object: 'Object Repository/OnlineStorePage/Search Icon' is clicked on

2018-07-02 21:13:51 - [TEST_STEP][PASSED] - waitForElementVisible: Object 'Object Repository/SearchResultPage/SearchItemTab/CatalogItems/Check Box For 3 Row Item List' is visible

2018-07-02 21:13:59 - [MESSAGE][PASSED] - Object 'Object Repository/SearchResultPage/SearchItemTab/CatalogItems/Check Box For 3 Row Item List' is visible

2018-07-02 21:13:59 - [TEST_STEP][PASSED] - click: Object: 'Object Repository/SearchResultPage/SearchItemTab/CatalogItems/Check Box For 3 Row Item List' is clicked on

2018-07-02 21:13:59 - [MESSAGE][PASSED] - Object: 'Object Repository/SearchResultPage/SearchItemTab/CatalogItems/Check Box For 3 Row Item List' is clicked on

2018-07-02 21:13:59 - [TEST_STEP][PASSED] - click: Object: 'Object Repository/SearchResultPage/SearchItemTab/CatalogItems/Check Box For 2 row item list' is clicked on

2018-07-02 21:13:59 - [MESSAGE][PASSED] - Object: 'Object Repository/SearchResultPage/SearchItemTab/CatalogItems/Check Box For 2 row item list' is clicked on

2018-07-02 21:13:59 - [TEST_STEP][PASSED] - click: Object: 'Object Repository/SearchResultPage/SearchItemTab/CatalogItems/AddToCart_MultipleItem' is clicked on

2018-07-02 21:13:59 - [MESSAGE][PASSED] - Object: 'Object Repository/SearchResultPage/SearchItemTab/CatalogItems/AddToCart_MultipleItem' is clicked on

2018-07-02 21:13:59 - [TEST_STEP][PASSED] - callTestCase: Call Test Case 'Test Cases/CommonLibraries/Login' successfully

2018-07-02 21:14:00 - [TEST_CASE][PASSED] - Test Cases/CommonLibraries/Login: Test Cases/CommonLibraries/Login

2018-07-02 21:14:00 - [TEST_STEP][PASSED] - openBrowser: Browser is opened with url: 'https://smtlogin.zycus.net/sso/login?serviceName=http://eproc-qa.zycus.net/'

2018-07-02 21:14:00 - [MESSAGE][WARNING] - A browser is already opened. Closing browser and opening a new one

2018-07-02 21:14:09 - [MESSAGE][PASSED] - Browser is opened with url: 'https://smtlogin.zycus.net/sso/login?serviceName=http://eproc-qa.zycus.net/'

2018-07-02 21:14:09 - [TEST_STEP][PASSED] - maximizeWindow: Current window maximized

2018-07-02 21:14:09 - [MESSAGE][PASSED] - Current window maximized

2018-07-02 21:14:09 - [TEST_STEP][PASSED] - waitForElementVisible: Object 'Object Repository/LoginPage/UserID' is visible

2018-07-02 21:14:09 - [MESSAGE][PASSED] - Object 'Object Repository/LoginPage/UserID' is visible

2018-07-02 21:14:09 - [TEST_STEP][PASSED] - sendKeys: Keys 'monicaqa@zycus.com' sent to object: 'Object Repository/LoginPage/UserID'

2018-07-02 21:14:09 - [MESSAGE][PASSED] - Keys 'monicaqa@zycus.com' sent to object: 'Object Repository/LoginPage/UserID'

2018-07-02 21:14:09 - [TEST_STEP][PASSED] - sendKeys: Keys 'eProc@123' sent to object: 'Object Repository/LoginPage/Password'

2018-07-02 21:14:09 - [MESSAGE][PASSED] - Keys 'eProc@123' sent to object: 'Object Repository/LoginPage/Password'

2018-07-02 21:14:09 - [TEST_STEP][PASSED] - click: Object: 'Object Repository/LoginPage/LoginButton' is clicked on

2018-07-02 21:14:14 - [MESSAGE][PASSED] - Object: 'Object Repository/LoginPage/LoginButton' is clicked on

2018-07-02 21:14:14 - [MESSAGE][PASSED] - Call Test Case 'Test Cases/CommonLibraries/Login' successfully

2018-07-02 21:14:14 - [TEST_STEP][PASSED] - waitForElementVisible: Object 'Object Repository/OnlineStorePage/CartIcon' is visible

2018-07-02 21:14:42 - [MESSAGE][PASSED] - Object 'Object Repository/OnlineStorePage/CartIcon' is visible

2018-07-02 21:14:42 - [TEST_STEP][PASSED] - click: Object: 'Object Repository/OnlineStorePage/CartIcon' is clicked on

2018-07-02 21:14:42 - [MESSAGE][PASSED] - Object: 'Object Repository/OnlineStorePage/CartIcon' is clicked on

2018-07-02 21:14:42 - [TEST_STEP][PASSED] - verifyElementText: Actual text and expected text of test object 'Object Repository/Cart Page/Count Display For Count 2' are matched.

2018-07-02 21:14:43 - [MESSAGE][PASSED] - Actual text and expected text of test object 'Object Repository/Cart Page/Count Display For Count 2' are matched.

2018-07-02 21:14:43 - [TEST_STEP][PASSED] - closeBrowser: Browser is closed

2018-07-02 21:14:43 - [MESSAGE][PASSED] - Browser is closed]]></system-out>
         <system-err><![CDATA[]]></system-err>
      </testcase>
      <testcase name="Test Cases/DDS-272/DDS 3940 Cart page header should display the count of the items in it" classname="Test Cases/DDS-272/DDS 3940 Cart page header should display the count of the items in it" status="PASSED">
         <system-out><![CDATA[2018-07-02 21:14:43 - [TEST_CASE][PASSED] - Test Cases/DDS-272/DDS 3940 Cart page header should display the count of the items in it: Test Cases/DDS-272/DDS 3940 Cart page header should display the count of the items in it

2018-07-02 21:14:43 - [TEST_STEP][PASSED] - callTestCase: Call Test Case 'Test Cases/CommonLibraries/Login' successfully

2018-07-02 21:14:43 - [TEST_CASE][PASSED] - Test Cases/CommonLibraries/Login: Test Cases/CommonLibraries/Login

2018-07-02 21:14:43 - [TEST_STEP][PASSED] - openBrowser: Browser is opened with url: 'https://smtlogin.zycus.net/sso/login?serviceName=http://eproc-qa.zycus.net/'

2018-07-02 21:14:51 - [MESSAGE][PASSED] - Browser is opened with url: 'https://smtlogin.zycus.net/sso/login?serviceName=http://eproc-qa.zycus.net/'

2018-07-02 21:14:51 - [TEST_STEP][PASSED] - maximizeWindow: Current window maximized

2018-07-02 21:14:53 - [MESSAGE][PASSED] - Current window maximized

2018-07-02 21:14:53 - [TEST_STEP][PASSED] - waitForElementVisible: Object 'Object Repository/LoginPage/UserID' is visible

2018-07-02 21:14:53 - [MESSAGE][PASSED] - Object 'Object Repository/LoginPage/UserID' is visible

2018-07-02 21:14:53 - [TEST_STEP][PASSED] - sendKeys: Keys 'monicaqa@zycus.com' sent to object: 'Object Repository/LoginPage/UserID'

2018-07-02 21:14:53 - [MESSAGE][PASSED] - Keys 'monicaqa@zycus.com' sent to object: 'Object Repository/LoginPage/UserID'

2018-07-02 21:14:53 - [TEST_STEP][PASSED] - sendKeys: Keys 'eProc@123' sent to object: 'Object Repository/LoginPage/Password'

2018-07-02 21:14:53 - [MESSAGE][PASSED] - Keys 'eProc@123' sent to object: 'Object Repository/LoginPage/Password'

2018-07-02 21:14:53 - [TEST_STEP][PASSED] - click: Object: 'Object Repository/LoginPage/LoginButton' is clicked on

2018-07-02 21:14:59 - [MESSAGE][PASSED] - Object: 'Object Repository/LoginPage/LoginButton' is clicked on

2018-07-02 21:14:59 - [MESSAGE][PASSED] - Call Test Case 'Test Cases/CommonLibraries/Login' successfully

2018-07-02 21:14:59 - [TEST_STEP][PASSED] - click: Object: 'Object Repository/OnlineStorePage/CartIcon' is clicked on

2018-07-02 21:15:34 - [MESSAGE][PASSED] - Object: 'Object Repository/OnlineStorePage/CartIcon' is clicked on

2018-07-02 21:15:34 - [TEST_STEP][PASSED] - delay: Delayed 3 second(s)

2018-07-02 21:15:37 - [MESSAGE][PASSED] - Delayed 3 second(s)

2018-07-02 21:15:37 - [TEST_STEP][PASSED] - Statement - b = com.kms.katalon.core.webui.keyword.WebUiBuiltInKeywords.getAttribute(com.kms.katalon.core.testobject.ObjectRepository.findTestObject(Cart Page/Empty Cart Button), "ng-reflect-is-disabled"): Attribute 'ng-reflect-is-disabled' of object 'Object Repository/Cart Page/Empty Cart Button' is: 'false'

2018-07-02 21:15:37 - [MESSAGE][PASSED] - Attribute 'ng-reflect-is-disabled' of object 'Object Repository/Cart Page/Empty Cart Button' is: 'false'

2018-07-02 21:15:37 - [TEST_STEP][PASSED] - Statement - If (b == "false"): Browser is closed

2018-07-02 21:15:37 - [TEST_STEP][PASSED] - click: Object: 'Object Repository/Cart Page/Empty Cart Button' is clicked on

2018-07-02 21:15:37 - [MESSAGE][PASSED] - Object: 'Object Repository/Cart Page/Empty Cart Button' is clicked on

2018-07-02 21:15:37 - [TEST_STEP][PASSED] - click: Object: 'Object Repository/Popups/Empty cart/Yes Button' is clicked on

2018-07-02 21:15:37 - [MESSAGE][PASSED] - Object: 'Object Repository/Popups/Empty cart/Yes Button' is clicked on

2018-07-02 21:15:37 - [TEST_STEP][PASSED] - delay: Delayed 2 second(s)

2018-07-02 21:15:39 - [MESSAGE][PASSED] - Delayed 2 second(s)

2018-07-02 21:15:39 - [TEST_STEP][PASSED] - click: Object: 'Object Repository/Home' is clicked on

2018-07-02 21:15:39 - [MESSAGE][PASSED] - Object: 'Object Repository/Home' is clicked on

2018-07-02 21:15:39 - [TEST_STEP][PASSED] - sendKeys: Keys 'Item' sent to object: 'Object Repository/OnlineStorePage/Search Box'

2018-07-02 21:15:41 - [MESSAGE][PASSED] - Keys 'Item' sent to object: 'Object Repository/OnlineStorePage/Search Box'

2018-07-02 21:15:41 - [TEST_STEP][PASSED] - click: Object: 'Object Repository/OnlineStorePage/Search Icon' is clicked on

2018-07-02 21:15:41 - [MESSAGE][PASSED] - Object: 'Object Repository/OnlineStorePage/Search Icon' is clicked on

2018-07-02 21:15:41 - [TEST_STEP][PASSED] - waitForElementVisible: Object 'Object Repository/SearchResultPage/SearchItemTab/CatalogItems/Check Box For 3 Row Item List' is visible

2018-07-02 21:15:50 - [MESSAGE][PASSED] - Object 'Object Repository/SearchResultPage/SearchItemTab/CatalogItems/Check Box For 3 Row Item List' is visible

2018-07-02 21:15:50 - [TEST_STEP][PASSED] - click: Object: 'Object Repository/SearchResultPage/SearchItemTab/CatalogItems/Check Box For 3 Row Item List' is clicked on

2018-07-02 21:15:50 - [MESSAGE][PASSED] - Object: 'Object Repository/SearchResultPage/SearchItemTab/CatalogItems/Check Box For 3 Row Item List' is clicked on

2018-07-02 21:15:50 - [TEST_STEP][PASSED] - click: Object: 'Object Repository/SearchResultPage/SearchItemTab/CatalogItems/AddToCart_MultipleItem' is clicked on

2018-07-02 21:15:50 - [MESSAGE][PASSED] - Object: 'Object Repository/SearchResultPage/SearchItemTab/CatalogItems/AddToCart_MultipleItem' is clicked on

2018-07-02 21:15:50 - [TEST_STEP][PASSED] - click: Object: 'Object Repository/OnlineStorePage/CartIcon' is clicked on

2018-07-02 21:15:50 - [MESSAGE][PASSED] - Object: 'Object Repository/OnlineStorePage/CartIcon' is clicked on

2018-07-02 21:15:50 - [TEST_STEP][PASSED] - waitForElementPresent: Object 'Object Repository/Cart Page/Cart Display For Count 1' is present

2018-07-02 21:15:51 - [MESSAGE][PASSED] - Object 'Object Repository/Cart Page/Cart Display For Count 1' is present

2018-07-02 21:15:51 - [TEST_STEP][PASSED] - verifyElementText: Actual text and expected text of test object 'Object Repository/Cart Page/Cart Display For Count 1' are matched.

2018-07-02 21:15:52 - [MESSAGE][PASSED] - Actual text and expected text of test object 'Object Repository/Cart Page/Cart Display For Count 1' are matched.

2018-07-02 21:15:52 - [TEST_STEP][PASSED] - click: Object: 'Object Repository/Home' is clicked on

2018-07-02 21:15:52 - [MESSAGE][PASSED] - Object: 'Object Repository/Home' is clicked on

2018-07-02 21:15:52 - [TEST_STEP][PASSED] - sendKeys: Keys 'Item' sent to object: 'Object Repository/OnlineStorePage/Search Box'

2018-07-02 21:15:52 - [MESSAGE][PASSED] - Keys 'Item' sent to object: 'Object Repository/OnlineStorePage/Search Box'

2018-07-02 21:15:52 - [TEST_STEP][PASSED] - click: Object: 'Object Repository/OnlineStorePage/Search Icon' is clicked on

2018-07-02 21:15:53 - [MESSAGE][PASSED] - Object: 'Object Repository/OnlineStorePage/Search Icon' is clicked on

2018-07-02 21:15:53 - [TEST_STEP][PASSED] - waitForElementPresent: Object 'Object Repository/SearchResultPage/SearchItemTab/CatalogItems/Check Box For 2 row item list' is present

2018-07-02 21:16:01 - [MESSAGE][PASSED] - Object 'Object Repository/SearchResultPage/SearchItemTab/CatalogItems/Check Box For 2 row item list' is present

2018-07-02 21:16:01 - [TEST_STEP][PASSED] - click: Object: 'Object Repository/SearchResultPage/SearchItemTab/CatalogItems/Check Box For 2 row item list' is clicked on

2018-07-02 21:16:01 - [MESSAGE][PASSED] - Object: 'Object Repository/SearchResultPage/SearchItemTab/CatalogItems/Check Box For 2 row item list' is clicked on

2018-07-02 21:16:01 - [TEST_STEP][PASSED] - click: Object: 'Object Repository/SearchResultPage/SearchItemTab/CatalogItems/AddToCart_MultipleItem' is clicked on

2018-07-02 21:16:01 - [MESSAGE][PASSED] - Object: 'Object Repository/SearchResultPage/SearchItemTab/CatalogItems/AddToCart_MultipleItem' is clicked on

2018-07-02 21:16:01 - [TEST_STEP][PASSED] - click: Object: 'Object Repository/OnlineStorePage/CartIcon' is clicked on

2018-07-02 21:16:02 - [MESSAGE][PASSED] - Object: 'Object Repository/OnlineStorePage/CartIcon' is clicked on

2018-07-02 21:16:02 - [TEST_STEP][PASSED] - waitForElementPresent: Object 'Object Repository/Cart Page/Count Display For Count 2' is present

2018-07-02 21:16:02 - [MESSAGE][PASSED] - Object 'Object Repository/Cart Page/Count Display For Count 2' is present

2018-07-02 21:16:02 - [TEST_STEP][PASSED] - verifyElementText: Actual text and expected text of test object 'Object Repository/Cart Page/Count Display For Count 2' are matched.

2018-07-02 21:16:02 - [MESSAGE][PASSED] - Actual text and expected text of test object 'Object Repository/Cart Page/Count Display For Count 2' are matched.

2018-07-02 21:16:02 - [TEST_STEP][PASSED] - closeBrowser: Browser is closed

2018-07-02 21:16:02 - [MESSAGE][PASSED] - Browser is closed]]></system-out>
         <system-err><![CDATA[]]></system-err>
      </testcase>
      <testcase name="Test Cases/DDS-272/DDS 3943 Following column should be present in the cart page" classname="Test Cases/DDS-272/DDS 3943 Following column should be present in the cart page" status="PASSED">
         <system-out><![CDATA[2018-07-02 21:16:02 - [TEST_CASE][PASSED] - Test Cases/DDS-272/DDS 3943 Following column should be present in the cart page: Test Cases/DDS-272/DDS 3943 Following column should be present in the cart page

2018-07-02 21:16:02 - [TEST_STEP][PASSED] - callTestCase: Call Test Case 'Test Cases/CommonLibraries/Search By Item' successfully

2018-07-02 21:16:03 - [TEST_CASE][PASSED] - Test Cases/CommonLibraries/Search By Item: Test Cases/CommonLibraries/Search By Item

2018-07-02 21:16:03 - [TEST_STEP][PASSED] - callTestCase: Call Test Case 'Test Cases/CommonLibraries/Login' successfully

2018-07-02 21:16:03 - [TEST_CASE][PASSED] - Test Cases/CommonLibraries/Login: Test Cases/CommonLibraries/Login

2018-07-02 21:16:03 - [TEST_STEP][PASSED] - openBrowser: Browser is opened with url: 'https://smtlogin.zycus.net/sso/login?serviceName=http://eproc-qa.zycus.net/'

2018-07-02 21:16:12 - [MESSAGE][PASSED] - Browser is opened with url: 'https://smtlogin.zycus.net/sso/login?serviceName=http://eproc-qa.zycus.net/'

2018-07-02 21:16:12 - [TEST_STEP][PASSED] - maximizeWindow: Current window maximized

2018-07-02 21:16:12 - [MESSAGE][PASSED] - Current window maximized

2018-07-02 21:16:12 - [TEST_STEP][PASSED] - waitForElementVisible: Object 'Object Repository/LoginPage/UserID' is visible

2018-07-02 21:16:12 - [MESSAGE][PASSED] - Object 'Object Repository/LoginPage/UserID' is visible

2018-07-02 21:16:12 - [TEST_STEP][PASSED] - sendKeys: Keys 'monicaqa@zycus.com' sent to object: 'Object Repository/LoginPage/UserID'

2018-07-02 21:16:13 - [MESSAGE][PASSED] - Keys 'monicaqa@zycus.com' sent to object: 'Object Repository/LoginPage/UserID'

2018-07-02 21:16:13 - [TEST_STEP][PASSED] - sendKeys: Keys 'eProc@123' sent to object: 'Object Repository/LoginPage/Password'

2018-07-02 21:16:13 - [MESSAGE][PASSED] - Keys 'eProc@123' sent to object: 'Object Repository/LoginPage/Password'

2018-07-02 21:16:13 - [TEST_STEP][PASSED] - click: Object: 'Object Repository/LoginPage/LoginButton' is clicked on

2018-07-02 21:16:19 - [MESSAGE][PASSED] - Object: 'Object Repository/LoginPage/LoginButton' is clicked on

2018-07-02 21:16:19 - [MESSAGE][PASSED] - Call Test Case 'Test Cases/CommonLibraries/Login' successfully

2018-07-02 21:16:19 - [TEST_STEP][PASSED] - waitForElementPresent: Object 'Object Repository/OnlineStorePage/Search Box' is present

2018-07-02 21:16:53 - [MESSAGE][PASSED] - Object 'Object Repository/OnlineStorePage/Search Box' is present

2018-07-02 21:16:53 - [TEST_STEP][PASSED] - waitForPageLoad: Wait for page load successfully

2018-07-02 21:16:53 - [MESSAGE][PASSED] - Wait for page load successfully

2018-07-02 21:16:53 - [TEST_STEP][PASSED] - sendKeys: Keys 'Item' sent to object: 'Object Repository/OnlineStorePage/Search Box'

2018-07-02 21:16:53 - [MESSAGE][PASSED] - Keys 'Item' sent to object: 'Object Repository/OnlineStorePage/Search Box'

2018-07-02 21:16:53 - [TEST_STEP][PASSED] - click: Object: 'Object Repository/OnlineStorePage/Search Icon' is clicked on

2018-07-02 21:16:54 - [MESSAGE][PASSED] - Object: 'Object Repository/OnlineStorePage/Search Icon' is clicked on

2018-07-02 21:16:54 - [MESSAGE][PASSED] - Call Test Case 'Test Cases/CommonLibraries/Search By Item' successfully

2018-07-02 21:16:54 - [TEST_STEP][PASSED] - waitForElementPresent: Object 'Object Repository/SearchResultPage/SearchItemTab/CatalogItems/Check Box For 3 Row Item List' is present

2018-07-02 21:16:54 - [MESSAGE][WARNING] - Timeout '0' is invalid. Using default page load timeout: '30'

2018-07-02 21:17:12 - [MESSAGE][PASSED] - Object 'Object Repository/SearchResultPage/SearchItemTab/CatalogItems/Check Box For 3 Row Item List' is present

2018-07-02 21:17:12 - [TEST_STEP][PASSED] - click: Object: 'Object Repository/SearchResultPage/SearchItemTab/CatalogItems/Check Box For 3 Row Item List' is clicked on

2018-07-02 21:17:12 - [MESSAGE][PASSED] - Object: 'Object Repository/SearchResultPage/SearchItemTab/CatalogItems/Check Box For 3 Row Item List' is clicked on

2018-07-02 21:17:12 - [TEST_STEP][PASSED] - click: Object: 'Object Repository/SearchResultPage/SearchItemTab/CatalogItems/AddToCart_MultipleItem' is clicked on

2018-07-02 21:17:12 - [MESSAGE][PASSED] - Object: 'Object Repository/SearchResultPage/SearchItemTab/CatalogItems/AddToCart_MultipleItem' is clicked on

2018-07-02 21:17:12 - [TEST_STEP][PASSED] - click: Object: 'Object Repository/OnlineStorePage/CartIcon' is clicked on

2018-07-02 21:17:13 - [MESSAGE][PASSED] - Object: 'Object Repository/OnlineStorePage/CartIcon' is clicked on

2018-07-02 21:17:13 - [TEST_STEP][PASSED] - waitForPageLoad: Wait for page load successfully

2018-07-02 21:17:13 - [MESSAGE][PASSED] - Wait for page load successfully

2018-07-02 21:17:13 - [TEST_STEP][PASSED] - verifyElementText: Actual text and expected text of test object 'Object Repository/Cart Page/Line Item Details/Item number' are matched.

2018-07-02 21:17:13 - [MESSAGE][PASSED] - Actual text and expected text of test object 'Object Repository/Cart Page/Line Item Details/Item number' are matched.

2018-07-02 21:17:13 - [TEST_STEP][PASSED] - verifyElementText: Actual text and expected text of test object 'Object Repository/Cart Page/Line Item Details/Item or Service Name' are matched.

2018-07-02 21:17:13 - [MESSAGE][PASSED] - Actual text and expected text of test object 'Object Repository/Cart Page/Line Item Details/Item or Service Name' are matched.

2018-07-02 21:17:13 - [TEST_STEP][PASSED] - verifyElementText: Actual text and expected text of test object 'Object Repository/Cart Page/Line Item Details/Quantity or Amt' are matched.

2018-07-02 21:17:13 - [MESSAGE][PASSED] - Actual text and expected text of test object 'Object Repository/Cart Page/Line Item Details/Quantity or Amt' are matched.

2018-07-02 21:17:13 - [TEST_STEP][PASSED] - verifyElementText: Actual text and expected text of test object 'Object Repository/Cart Page/Line Item Details/Supplier' are matched.

2018-07-02 21:17:13 - [MESSAGE][PASSED] - Actual text and expected text of test object 'Object Repository/Cart Page/Line Item Details/Supplier' are matched.

2018-07-02 21:17:13 - [TEST_STEP][PASSED] - verifyElementText: Actual text and expected text of test object 'Object Repository/Cart Page/Line Item Details/Taxes' are matched.

2018-07-02 21:17:13 - [MESSAGE][PASSED] - Actual text and expected text of test object 'Object Repository/Cart Page/Line Item Details/Taxes' are matched.

2018-07-02 21:17:13 - [TEST_STEP][PASSED] - verifyElementText: Actual text and expected text of test object 'Object Repository/Cart Page/Line Item Details/Total Price' are matched.

2018-07-02 21:17:13 - [MESSAGE][PASSED] - Actual text and expected text of test object 'Object Repository/Cart Page/Line Item Details/Total Price' are matched.

2018-07-02 21:17:13 - [TEST_STEP][PASSED] - verifyElementText: Actual text and expected text of test object 'Object Repository/Cart Page/Line Item Details/Unit Price' are matched.

2018-07-02 21:17:13 - [MESSAGE][PASSED] - Actual text and expected text of test object 'Object Repository/Cart Page/Line Item Details/Unit Price' are matched.

2018-07-02 21:17:13 - [TEST_STEP][PASSED] - closeBrowser: Browser is closed

2018-07-02 21:17:13 - [MESSAGE][PASSED] - Browser is closed]]></system-out>
         <system-err><![CDATA[]]></system-err>
      </testcase>
      <testcase name="Test Cases/DDS-272/DDS- 3959 QTY or Amt field should not accept special characters" classname="Test Cases/DDS-272/DDS- 3959 QTY or Amt field should not accept special characters" status="PASSED">
         <system-out><![CDATA[2018-07-02 21:17:13 - [TEST_CASE][PASSED] - Test Cases/DDS-272/DDS- 3959 QTY or Amt field should not accept special characters: Test Cases/DDS-272/DDS- 3959 QTY or Amt field should not accept special characters

2018-07-02 21:17:13 - [TEST_STEP][PASSED] - callTestCase: Call Test Case 'Test Cases/CommonLibraries/Search By Item' successfully

2018-07-02 21:17:13 - [TEST_CASE][PASSED] - Test Cases/CommonLibraries/Search By Item: Test Cases/CommonLibraries/Search By Item

2018-07-02 21:17:13 - [TEST_STEP][PASSED] - callTestCase: Call Test Case 'Test Cases/CommonLibraries/Login' successfully

2018-07-02 21:17:13 - [TEST_CASE][PASSED] - Test Cases/CommonLibraries/Login: Test Cases/CommonLibraries/Login

2018-07-02 21:17:13 - [TEST_STEP][PASSED] - openBrowser: Browser is opened with url: 'https://smtlogin.zycus.net/sso/login?serviceName=http://eproc-qa.zycus.net/'

2018-07-02 21:17:21 - [MESSAGE][PASSED] - Browser is opened with url: 'https://smtlogin.zycus.net/sso/login?serviceName=http://eproc-qa.zycus.net/'

2018-07-02 21:17:21 - [TEST_STEP][PASSED] - maximizeWindow: Current window maximized

2018-07-02 21:17:23 - [MESSAGE][PASSED] - Current window maximized

2018-07-02 21:17:23 - [TEST_STEP][PASSED] - waitForElementVisible: Object 'Object Repository/LoginPage/UserID' is visible

2018-07-02 21:17:23 - [MESSAGE][PASSED] - Object 'Object Repository/LoginPage/UserID' is visible

2018-07-02 21:17:23 - [TEST_STEP][PASSED] - sendKeys: Keys 'monicaqa@zycus.com' sent to object: 'Object Repository/LoginPage/UserID'

2018-07-02 21:17:23 - [MESSAGE][PASSED] - Keys 'monicaqa@zycus.com' sent to object: 'Object Repository/LoginPage/UserID'

2018-07-02 21:17:23 - [TEST_STEP][PASSED] - sendKeys: Keys 'eProc@123' sent to object: 'Object Repository/LoginPage/Password'

2018-07-02 21:17:23 - [MESSAGE][PASSED] - Keys 'eProc@123' sent to object: 'Object Repository/LoginPage/Password'

2018-07-02 21:17:23 - [TEST_STEP][PASSED] - click: Object: 'Object Repository/LoginPage/LoginButton' is clicked on

2018-07-02 21:17:28 - [MESSAGE][PASSED] - Object: 'Object Repository/LoginPage/LoginButton' is clicked on

2018-07-02 21:17:28 - [MESSAGE][PASSED] - Call Test Case 'Test Cases/CommonLibraries/Login' successfully

2018-07-02 21:17:28 - [TEST_STEP][PASSED] - waitForElementPresent: Object 'Object Repository/OnlineStorePage/Search Box' is present

2018-07-02 21:17:56 - [MESSAGE][PASSED] - Object 'Object Repository/OnlineStorePage/Search Box' is present

2018-07-02 21:17:56 - [TEST_STEP][PASSED] - waitForPageLoad: Wait for page load successfully

2018-07-02 21:17:56 - [MESSAGE][PASSED] - Wait for page load successfully

2018-07-02 21:17:56 - [TEST_STEP][PASSED] - sendKeys: Keys 'Item' sent to object: 'Object Repository/OnlineStorePage/Search Box'

2018-07-02 21:17:57 - [MESSAGE][PASSED] - Keys 'Item' sent to object: 'Object Repository/OnlineStorePage/Search Box'

2018-07-02 21:17:57 - [TEST_STEP][PASSED] - click: Object: 'Object Repository/OnlineStorePage/Search Icon' is clicked on

2018-07-02 21:17:57 - [MESSAGE][PASSED] - Object: 'Object Repository/OnlineStorePage/Search Icon' is clicked on

2018-07-02 21:17:57 - [MESSAGE][PASSED] - Call Test Case 'Test Cases/CommonLibraries/Search By Item' successfully

2018-07-02 21:17:57 - [TEST_STEP][PASSED] - waitForElementPresent: Object 'Object Repository/SearchResultPage/SearchItemTab/CatalogItems/Check Box For 3 Row Item List' is present

2018-07-02 21:18:05 - [MESSAGE][PASSED] - Object 'Object Repository/SearchResultPage/SearchItemTab/CatalogItems/Check Box For 3 Row Item List' is present

2018-07-02 21:18:05 - [TEST_STEP][PASSED] - click: Object: 'Object Repository/SearchResultPage/SearchItemTab/CatalogItems/Check Box For 3 Row Item List' is clicked on

2018-07-02 21:18:05 - [MESSAGE][PASSED] - Object: 'Object Repository/SearchResultPage/SearchItemTab/CatalogItems/Check Box For 3 Row Item List' is clicked on

2018-07-02 21:18:05 - [TEST_STEP][PASSED] - click: Object: 'Object Repository/SearchResultPage/SearchItemTab/CatalogItems/AddToCart_MultipleItem' is clicked on

2018-07-02 21:18:05 - [MESSAGE][PASSED] - Object: 'Object Repository/SearchResultPage/SearchItemTab/CatalogItems/AddToCart_MultipleItem' is clicked on

2018-07-02 21:18:05 - [TEST_STEP][PASSED] - click: Object: 'Object Repository/OnlineStorePage/CartIcon' is clicked on

2018-07-02 21:18:05 - [MESSAGE][PASSED] - Object: 'Object Repository/OnlineStorePage/CartIcon' is clicked on

2018-07-02 21:18:05 - [TEST_STEP][PASSED] - sendKeys: Keys 'INSERT + BACK_SPACE + @#' sent to object: 'Object Repository/Cart Page/Qty or Amt Edit Box for line item1'

2018-07-02 21:18:06 - [MESSAGE][PASSED] - Keys 'INSERT + BACK_SPACE + @#' sent to object: 'Object Repository/Cart Page/Qty or Amt Edit Box for line item1'

2018-07-02 21:18:06 - [TEST_STEP][PASSED] - click: Object: 'Object Repository/Cart Page/Line Item Details/Quantity or Amt' is clicked on

2018-07-02 21:18:06 - [MESSAGE][PASSED] - Object: 'Object Repository/Cart Page/Line Item Details/Quantity or Amt' is clicked on

2018-07-02 21:18:06 - [TEST_STEP][PASSED] - waitForElementPresent: Object 'Object Repository/Popups/Alert Pop Up/Alert message' is present

2018-07-02 21:18:06 - [MESSAGE][PASSED] - Object 'Object Repository/Popups/Alert Pop Up/Alert message' is present

2018-07-02 21:18:06 - [TEST_STEP][PASSED] - verifyElementText: Actual text and expected text of test object 'Object Repository/Popups/Alert Pop Up/Alert message' are matched.

2018-07-02 21:18:06 - [MESSAGE][PASSED] - Actual text and expected text of test object 'Object Repository/Popups/Alert Pop Up/Alert message' are matched.

2018-07-02 21:18:06 - [TEST_STEP][PASSED] - closeBrowser: Browser is closed

2018-07-02 21:18:06 - [MESSAGE][PASSED] - Browser is closed]]></system-out>
         <system-err><![CDATA[]]></system-err>
      </testcase>
      <testcase name="Test Cases/DDS-272/DDS- 3967 When 0 is entered in QTYor Amt field and navigated away field should be blanked and Popup should be displayed" classname="Test Cases/DDS-272/DDS- 3967 When 0 is entered in QTYor Amt field and navigated away field should be blanked and Popup should be displayed" status="PASSED">
         <system-out><![CDATA[2018-07-02 21:18:06 - [TEST_CASE][PASSED] - Test Cases/DDS-272/DDS- 3967 When 0 is entered in QTYor Amt field and navigated away field should be blanked and Popup should be displayed: Test Cases/DDS-272/DDS- 3967 When 0 is entered in QTYor Amt field and navigated away field should be blanked and Popup should be displayed

2018-07-02 21:18:06 - [TEST_STEP][PASSED] - callTestCase: Call Test Case 'Test Cases/CommonLibraries/Search By Item' successfully

2018-07-02 21:18:06 - [TEST_CASE][PASSED] - Test Cases/CommonLibraries/Search By Item: Test Cases/CommonLibraries/Search By Item

2018-07-02 21:18:06 - [TEST_STEP][PASSED] - callTestCase: Call Test Case 'Test Cases/CommonLibraries/Login' successfully

2018-07-02 21:18:06 - [TEST_CASE][PASSED] - Test Cases/CommonLibraries/Login: Test Cases/CommonLibraries/Login

2018-07-02 21:18:06 - [TEST_STEP][PASSED] - openBrowser: Browser is opened with url: 'https://smtlogin.zycus.net/sso/login?serviceName=http://eproc-qa.zycus.net/'

2018-07-02 21:18:14 - [MESSAGE][PASSED] - Browser is opened with url: 'https://smtlogin.zycus.net/sso/login?serviceName=http://eproc-qa.zycus.net/'

2018-07-02 21:18:14 - [TEST_STEP][PASSED] - maximizeWindow: Current window maximized

2018-07-02 21:18:16 - [MESSAGE][PASSED] - Current window maximized

2018-07-02 21:18:16 - [TEST_STEP][PASSED] - waitForElementVisible: Object 'Object Repository/LoginPage/UserID' is visible

2018-07-02 21:18:16 - [MESSAGE][PASSED] - Object 'Object Repository/LoginPage/UserID' is visible

2018-07-02 21:18:16 - [TEST_STEP][PASSED] - sendKeys: Keys 'monicaqa@zycus.com' sent to object: 'Object Repository/LoginPage/UserID'

2018-07-02 21:18:16 - [MESSAGE][PASSED] - Keys 'monicaqa@zycus.com' sent to object: 'Object Repository/LoginPage/UserID'

2018-07-02 21:18:16 - [TEST_STEP][PASSED] - sendKeys: Keys 'eProc@123' sent to object: 'Object Repository/LoginPage/Password'

2018-07-02 21:18:17 - [MESSAGE][PASSED] - Keys 'eProc@123' sent to object: 'Object Repository/LoginPage/Password'

2018-07-02 21:18:17 - [TEST_STEP][PASSED] - click: Object: 'Object Repository/LoginPage/LoginButton' is clicked on

2018-07-02 21:18:22 - [MESSAGE][PASSED] - Object: 'Object Repository/LoginPage/LoginButton' is clicked on

2018-07-02 21:18:22 - [MESSAGE][PASSED] - Call Test Case 'Test Cases/CommonLibraries/Login' successfully

2018-07-02 21:18:22 - [TEST_STEP][PASSED] - waitForElementPresent: Object 'Object Repository/OnlineStorePage/Search Box' is present

2018-07-02 21:18:50 - [MESSAGE][PASSED] - Object 'Object Repository/OnlineStorePage/Search Box' is present

2018-07-02 21:18:50 - [TEST_STEP][PASSED] - waitForPageLoad: Wait for page load successfully

2018-07-02 21:18:50 - [MESSAGE][PASSED] - Wait for page load successfully

2018-07-02 21:18:50 - [TEST_STEP][PASSED] - sendKeys: Keys 'Item' sent to object: 'Object Repository/OnlineStorePage/Search Box'

2018-07-02 21:18:50 - [MESSAGE][PASSED] - Keys 'Item' sent to object: 'Object Repository/OnlineStorePage/Search Box'

2018-07-02 21:18:50 - [TEST_STEP][PASSED] - click: Object: 'Object Repository/OnlineStorePage/Search Icon' is clicked on

2018-07-02 21:18:51 - [MESSAGE][PASSED] - Object: 'Object Repository/OnlineStorePage/Search Icon' is clicked on

2018-07-02 21:18:51 - [MESSAGE][PASSED] - Call Test Case 'Test Cases/CommonLibraries/Search By Item' successfully

2018-07-02 21:18:51 - [TEST_STEP][PASSED] - waitForElementPresent: Object 'Object Repository/SearchResultPage/SearchItemTab/CatalogItems/Check Box For 3 Row Item List' is present

2018-07-02 21:18:51 - [MESSAGE][WARNING] - Timeout '0' is invalid. Using default page load timeout: '30'

2018-07-02 21:18:58 - [MESSAGE][PASSED] - Object 'Object Repository/SearchResultPage/SearchItemTab/CatalogItems/Check Box For 3 Row Item List' is present

2018-07-02 21:18:58 - [TEST_STEP][PASSED] - click: Object: 'Object Repository/SearchResultPage/SearchItemTab/CatalogItems/Check Box For 3 Row Item List' is clicked on

2018-07-02 21:18:58 - [MESSAGE][PASSED] - Object: 'Object Repository/SearchResultPage/SearchItemTab/CatalogItems/Check Box For 3 Row Item List' is clicked on

2018-07-02 21:18:58 - [TEST_STEP][PASSED] - click: Object: 'Object Repository/SearchResultPage/SearchItemTab/CatalogItems/AddToCart_MultipleItem' is clicked on

2018-07-02 21:18:58 - [MESSAGE][PASSED] - Object: 'Object Repository/SearchResultPage/SearchItemTab/CatalogItems/AddToCart_MultipleItem' is clicked on

2018-07-02 21:18:58 - [TEST_STEP][PASSED] - click: Object: 'Object Repository/OnlineStorePage/CartIcon' is clicked on

2018-07-02 21:18:58 - [MESSAGE][PASSED] - Object: 'Object Repository/OnlineStorePage/CartIcon' is clicked on

2018-07-02 21:18:58 - [TEST_STEP][PASSED] - sendKeys: Keys 'INSERT + BACK_SPACE + 0' sent to object: 'Object Repository/Cart Page/Qty or Amt Edit Box for line item1'

2018-07-02 21:18:58 - [MESSAGE][PASSED] - Keys 'INSERT + BACK_SPACE + 0' sent to object: 'Object Repository/Cart Page/Qty or Amt Edit Box for line item1'

2018-07-02 21:18:58 - [TEST_STEP][PASSED] - click: Object: 'Object Repository/Cart Page/Line Item Details/Quantity or Amt' is clicked on

2018-07-02 21:18:59 - [MESSAGE][PASSED] - Object: 'Object Repository/Cart Page/Line Item Details/Quantity or Amt' is clicked on

2018-07-02 21:18:59 - [TEST_STEP][PASSED] - waitForElementPresent: Object 'Object Repository/Popups/Alert Pop Up/Alert message' is present

2018-07-02 21:18:59 - [MESSAGE][PASSED] - Object 'Object Repository/Popups/Alert Pop Up/Alert message' is present

2018-07-02 21:18:59 - [TEST_STEP][PASSED] - verifyElementText: Actual text and expected text of test object 'Object Repository/Popups/Alert Pop Up/Alert message' are matched.

2018-07-02 21:18:59 - [MESSAGE][PASSED] - Actual text and expected text of test object 'Object Repository/Popups/Alert Pop Up/Alert message' are matched.

2018-07-02 21:18:59 - [TEST_STEP][PASSED] - closeBrowser: Browser is closed

2018-07-02 21:18:59 - [MESSAGE][PASSED] - Browser is closed]]></system-out>
         <system-err><![CDATA[]]></system-err>
      </testcase>
      <testcase name="Test Cases/DDS-272/DDS-3933 Cart icon should be clickable" classname="Test Cases/DDS-272/DDS-3933 Cart icon should be clickable" status="PASSED">
         <system-out><![CDATA[2018-07-02 21:18:59 - [TEST_CASE][PASSED] - Test Cases/DDS-272/DDS-3933 Cart icon should be clickable: Test Cases/DDS-272/DDS-3933 Cart icon should be clickable

2018-07-02 21:18:59 - [TEST_STEP][PASSED] - callTestCase: Call Test Case 'Test Cases/CommonLibraries/Login' successfully

2018-07-02 21:18:59 - [TEST_CASE][PASSED] - Test Cases/CommonLibraries/Login: Test Cases/CommonLibraries/Login

2018-07-02 21:18:59 - [TEST_STEP][PASSED] - openBrowser: Browser is opened with url: 'https://smtlogin.zycus.net/sso/login?serviceName=http://eproc-qa.zycus.net/'

2018-07-02 21:19:08 - [MESSAGE][PASSED] - Browser is opened with url: 'https://smtlogin.zycus.net/sso/login?serviceName=http://eproc-qa.zycus.net/'

2018-07-02 21:19:08 - [TEST_STEP][PASSED] - maximizeWindow: Current window maximized

2018-07-02 21:19:10 - [MESSAGE][PASSED] - Current window maximized

2018-07-02 21:19:10 - [TEST_STEP][PASSED] - waitForElementVisible: Object 'Object Repository/LoginPage/UserID' is visible

2018-07-02 21:19:10 - [MESSAGE][PASSED] - Object 'Object Repository/LoginPage/UserID' is visible

2018-07-02 21:19:10 - [TEST_STEP][PASSED] - sendKeys: Keys 'monicaqa@zycus.com' sent to object: 'Object Repository/LoginPage/UserID'

2018-07-02 21:19:10 - [MESSAGE][PASSED] - Keys 'monicaqa@zycus.com' sent to object: 'Object Repository/LoginPage/UserID'

2018-07-02 21:19:10 - [TEST_STEP][PASSED] - sendKeys: Keys 'eProc@123' sent to object: 'Object Repository/LoginPage/Password'

2018-07-02 21:19:10 - [MESSAGE][PASSED] - Keys 'eProc@123' sent to object: 'Object Repository/LoginPage/Password'

2018-07-02 21:19:10 - [TEST_STEP][PASSED] - click: Object: 'Object Repository/LoginPage/LoginButton' is clicked on

2018-07-02 21:19:16 - [MESSAGE][PASSED] - Object: 'Object Repository/LoginPage/LoginButton' is clicked on

2018-07-02 21:19:16 - [MESSAGE][PASSED] - Call Test Case 'Test Cases/CommonLibraries/Login' successfully

2018-07-02 21:19:16 - [TEST_STEP][PASSED] - verifyElementClickable: Object 'Object Repository/OnlineStorePage/CartIcon' is clickable

2018-07-02 21:19:46 - [MESSAGE][PASSED] - Object 'Object Repository/OnlineStorePage/CartIcon' is clickable]]></system-out>
         <system-err><![CDATA[]]></system-err>
      </testcase>
      <testcase name="Test Cases/DDS-272/DDS-3935 On clicking on cart icon cart page should be displayed" classname="Test Cases/DDS-272/DDS-3935 On clicking on cart icon cart page should be displayed" status="PASSED">
         <system-out><![CDATA[2018-07-02 21:19:46 - [TEST_CASE][PASSED] - Test Cases/DDS-272/DDS-3935 On clicking on cart icon cart page should be displayed: Test Cases/DDS-272/DDS-3935 On clicking on cart icon cart page should be displayed

2018-07-02 21:19:46 - [TEST_STEP][PASSED] - callTestCase: Call Test Case 'Test Cases/CommonLibraries/Search By Item' successfully

2018-07-02 21:19:46 - [TEST_CASE][PASSED] - Test Cases/CommonLibraries/Search By Item: Test Cases/CommonLibraries/Search By Item

2018-07-02 21:19:46 - [TEST_STEP][PASSED] - callTestCase: Call Test Case 'Test Cases/CommonLibraries/Login' successfully

2018-07-02 21:19:46 - [TEST_CASE][PASSED] - Test Cases/CommonLibraries/Login: Test Cases/CommonLibraries/Login

2018-07-02 21:19:46 - [TEST_STEP][PASSED] - openBrowser: Browser is opened with url: 'https://smtlogin.zycus.net/sso/login?serviceName=http://eproc-qa.zycus.net/'

2018-07-02 21:19:46 - [MESSAGE][WARNING] - A browser is already opened. Closing browser and opening a new one

2018-07-02 21:19:54 - [MESSAGE][PASSED] - Browser is opened with url: 'https://smtlogin.zycus.net/sso/login?serviceName=http://eproc-qa.zycus.net/'

2018-07-02 21:19:54 - [TEST_STEP][PASSED] - maximizeWindow: Current window maximized

2018-07-02 21:19:56 - [MESSAGE][PASSED] - Current window maximized

2018-07-02 21:19:56 - [TEST_STEP][PASSED] - waitForElementVisible: Object 'Object Repository/LoginPage/UserID' is visible

2018-07-02 21:19:56 - [MESSAGE][PASSED] - Object 'Object Repository/LoginPage/UserID' is visible

2018-07-02 21:19:56 - [TEST_STEP][PASSED] - sendKeys: Keys 'monicaqa@zycus.com' sent to object: 'Object Repository/LoginPage/UserID'

2018-07-02 21:19:56 - [MESSAGE][PASSED] - Keys 'monicaqa@zycus.com' sent to object: 'Object Repository/LoginPage/UserID'

2018-07-02 21:19:56 - [TEST_STEP][PASSED] - sendKeys: Keys 'eProc@123' sent to object: 'Object Repository/LoginPage/Password'

2018-07-02 21:19:56 - [MESSAGE][PASSED] - Keys 'eProc@123' sent to object: 'Object Repository/LoginPage/Password'

2018-07-02 21:19:56 - [TEST_STEP][PASSED] - click: Object: 'Object Repository/LoginPage/LoginButton' is clicked on

2018-07-02 21:20:01 - [MESSAGE][PASSED] - Object: 'Object Repository/LoginPage/LoginButton' is clicked on

2018-07-02 21:20:01 - [MESSAGE][PASSED] - Call Test Case 'Test Cases/CommonLibraries/Login' successfully

2018-07-02 21:20:01 - [TEST_STEP][PASSED] - waitForElementPresent: Object 'Object Repository/OnlineStorePage/Search Box' is present

2018-07-02 21:20:33 - [MESSAGE][PASSED] - Object 'Object Repository/OnlineStorePage/Search Box' is present

2018-07-02 21:20:33 - [TEST_STEP][PASSED] - waitForPageLoad: Wait for page load successfully

2018-07-02 21:20:33 - [MESSAGE][PASSED] - Wait for page load successfully

2018-07-02 21:20:33 - [TEST_STEP][PASSED] - sendKeys: Keys 'Item' sent to object: 'Object Repository/OnlineStorePage/Search Box'

2018-07-02 21:20:33 - [MESSAGE][PASSED] - Keys 'Item' sent to object: 'Object Repository/OnlineStorePage/Search Box'

2018-07-02 21:20:33 - [TEST_STEP][PASSED] - click: Object: 'Object Repository/OnlineStorePage/Search Icon' is clicked on

2018-07-02 21:20:33 - [MESSAGE][PASSED] - Object: 'Object Repository/OnlineStorePage/Search Icon' is clicked on

2018-07-02 21:20:33 - [MESSAGE][PASSED] - Call Test Case 'Test Cases/CommonLibraries/Search By Item' successfully

2018-07-02 21:20:33 - [TEST_STEP][PASSED] - waitForElementClickable: Object 'Object Repository/SearchResultPage/SearchItemTab/CatalogItems/Check Box For 3 Row Item List' is clickable

2018-07-02 21:20:42 - [MESSAGE][PASSED] - Object 'Object Repository/SearchResultPage/SearchItemTab/CatalogItems/Check Box For 3 Row Item List' is clickable

2018-07-02 21:20:42 - [TEST_STEP][PASSED] - click: Object: 'Object Repository/SearchResultPage/SearchItemTab/CatalogItems/Check Box For 3 Row Item List' is clicked on

2018-07-02 21:20:42 - [MESSAGE][PASSED] - Object: 'Object Repository/SearchResultPage/SearchItemTab/CatalogItems/Check Box For 3 Row Item List' is clicked on

2018-07-02 21:20:42 - [TEST_STEP][PASSED] - click: Object: 'Object Repository/SearchResultPage/SearchItemTab/CatalogItems/AddToCart_MultipleItem' is clicked on

2018-07-02 21:20:42 - [MESSAGE][PASSED] - Object: 'Object Repository/SearchResultPage/SearchItemTab/CatalogItems/AddToCart_MultipleItem' is clicked on

2018-07-02 21:20:42 - [TEST_STEP][PASSED] - click: Object: 'Object Repository/OnlineStorePage/CartIcon' is clicked on

2018-07-02 21:20:42 - [MESSAGE][PASSED] - Object: 'Object Repository/OnlineStorePage/CartIcon' is clicked on

2018-07-02 21:20:42 - [TEST_STEP][PASSED] - Statement - url = com.kms.katalon.core.webui.keyword.WebUiBuiltInKeywords.getUrl(): Current window's url is: 'http://eproc-qa.zycus.net/#/online-store/cart'

2018-07-02 21:20:42 - [MESSAGE][PASSED] - Current window's url is: 'http://eproc-qa.zycus.net/#/online-store/cart'

2018-07-02 21:20:42 - [TEST_STEP][PASSED] - verifyMatch: Actual text 'http://eproc-qa.zycus.net/#/online-store/cart' and expected text 'http://eproc-qa.zycus.net/#/online-store/cart' are matched 

2018-07-02 21:20:42 - [MESSAGE][PASSED] - Actual text 'http://eproc-qa.zycus.net/#/online-store/cart' and expected text 'http://eproc-qa.zycus.net/#/online-store/cart' are matched 

2018-07-02 21:20:42 - [TEST_STEP][PASSED] - delay: Delayed 3 second(s)

2018-07-02 21:20:45 - [MESSAGE][PASSED] - Delayed 3 second(s)

2018-07-02 21:20:45 - [TEST_STEP][PASSED] - closeBrowser: Browser is closed

2018-07-02 21:20:45 - [MESSAGE][PASSED] - Browser is closed]]></system-out>
         <system-err><![CDATA[]]></system-err>
      </testcase>
      <testcase name="Test Cases/DDS-272/DDS-3937 Count of items should be displayed on cart icon" classname="Test Cases/DDS-272/DDS-3937 Count of items should be displayed on cart icon" status="PASSED">
         <system-out><![CDATA[2018-07-02 21:20:45 - [TEST_CASE][PASSED] - Test Cases/DDS-272/DDS-3937 Count of items should be displayed on cart icon: Test Cases/DDS-272/DDS-3937 Count of items should be displayed on cart icon

2018-07-02 21:20:45 - [TEST_STEP][PASSED] - callTestCase: Call Test Case 'Test Cases/CommonLibraries/Login' successfully

2018-07-02 21:20:45 - [TEST_CASE][PASSED] - Test Cases/CommonLibraries/Login: Test Cases/CommonLibraries/Login

2018-07-02 21:20:45 - [TEST_STEP][PASSED] - openBrowser: Browser is opened with url: 'https://smtlogin.zycus.net/sso/login?serviceName=http://eproc-qa.zycus.net/'

2018-07-02 21:20:55 - [MESSAGE][PASSED] - Browser is opened with url: 'https://smtlogin.zycus.net/sso/login?serviceName=http://eproc-qa.zycus.net/'

2018-07-02 21:20:55 - [TEST_STEP][PASSED] - maximizeWindow: Current window maximized

2018-07-02 21:20:57 - [MESSAGE][PASSED] - Current window maximized

2018-07-02 21:20:57 - [TEST_STEP][PASSED] - waitForElementVisible: Object 'Object Repository/LoginPage/UserID' is visible

2018-07-02 21:20:57 - [MESSAGE][PASSED] - Object 'Object Repository/LoginPage/UserID' is visible

2018-07-02 21:20:57 - [TEST_STEP][PASSED] - sendKeys: Keys 'monicaqa@zycus.com' sent to object: 'Object Repository/LoginPage/UserID'

2018-07-02 21:20:57 - [MESSAGE][PASSED] - Keys 'monicaqa@zycus.com' sent to object: 'Object Repository/LoginPage/UserID'

2018-07-02 21:20:57 - [TEST_STEP][PASSED] - sendKeys: Keys 'eProc@123' sent to object: 'Object Repository/LoginPage/Password'

2018-07-02 21:20:57 - [MESSAGE][PASSED] - Keys 'eProc@123' sent to object: 'Object Repository/LoginPage/Password'

2018-07-02 21:20:57 - [TEST_STEP][PASSED] - click: Object: 'Object Repository/LoginPage/LoginButton' is clicked on

2018-07-02 21:21:02 - [MESSAGE][PASSED] - Object: 'Object Repository/LoginPage/LoginButton' is clicked on

2018-07-02 21:21:02 - [MESSAGE][PASSED] - Call Test Case 'Test Cases/CommonLibraries/Login' successfully

2018-07-02 21:21:02 - [TEST_STEP][PASSED] - click: Object: 'Object Repository/OnlineStorePage/CartIcon' is clicked on

2018-07-02 21:21:32 - [MESSAGE][PASSED] - Object: 'Object Repository/OnlineStorePage/CartIcon' is clicked on

2018-07-02 21:21:32 - [TEST_STEP][PASSED] - delay: Delayed 3 second(s)

2018-07-02 21:21:35 - [MESSAGE][PASSED] - Delayed 3 second(s)

2018-07-02 21:21:35 - [TEST_STEP][PASSED] - Statement - b = com.kms.katalon.core.webui.keyword.WebUiBuiltInKeywords.getAttribute(com.kms.katalon.core.testobject.ObjectRepository.findTestObject(Cart Page/Empty Cart Button), "ng-reflect-is-disabled"): Attribute 'ng-reflect-is-disabled' of object 'Object Repository/Cart Page/Empty Cart Button' is: 'false'

2018-07-02 21:21:35 - [MESSAGE][PASSED] - Attribute 'ng-reflect-is-disabled' of object 'Object Repository/Cart Page/Empty Cart Button' is: 'false'

2018-07-02 21:21:35 - [TEST_STEP][PASSED] - Statement - If (b == "false"): Browser is closed

2018-07-02 21:21:35 - [TEST_STEP][PASSED] - click: Object: 'Object Repository/Cart Page/Empty Cart Button' is clicked on

2018-07-02 21:21:35 - [MESSAGE][PASSED] - Object: 'Object Repository/Cart Page/Empty Cart Button' is clicked on

2018-07-02 21:21:35 - [TEST_STEP][PASSED] - click: Object: 'Object Repository/Popups/Empty cart/Yes Button' is clicked on

2018-07-02 21:21:35 - [MESSAGE][PASSED] - Object: 'Object Repository/Popups/Empty cart/Yes Button' is clicked on

2018-07-02 21:21:35 - [TEST_STEP][PASSED] - delay: Delayed 2 second(s)

2018-07-02 21:21:37 - [MESSAGE][PASSED] - Delayed 2 second(s)

2018-07-02 21:21:37 - [TEST_STEP][PASSED] - click: Object: 'Object Repository/Home' is clicked on

2018-07-02 21:21:38 - [MESSAGE][PASSED] - Object: 'Object Repository/Home' is clicked on

2018-07-02 21:21:38 - [TEST_STEP][PASSED] - sendKeys: Keys 'Item' sent to object: 'Object Repository/OnlineStorePage/Search Box'

2018-07-02 21:21:38 - [MESSAGE][PASSED] - Keys 'Item' sent to object: 'Object Repository/OnlineStorePage/Search Box'

2018-07-02 21:21:38 - [TEST_STEP][PASSED] - click: Object: 'Object Repository/OnlineStorePage/Search Icon' is clicked on

2018-07-02 21:21:39 - [MESSAGE][PASSED] - Object: 'Object Repository/OnlineStorePage/Search Icon' is clicked on

2018-07-02 21:21:39 - [TEST_STEP][PASSED] - click: Object: 'Object Repository/SearchResultPage/SearchItemTab/CatalogItems/Check Box For 3 Row Item List' is clicked on

2018-07-02 21:21:47 - [MESSAGE][PASSED] - Object: 'Object Repository/SearchResultPage/SearchItemTab/CatalogItems/Check Box For 3 Row Item List' is clicked on

2018-07-02 21:21:47 - [TEST_STEP][PASSED] - click: Object: 'Object Repository/SearchResultPage/SearchItemTab/CatalogItems/Check Box For 2 row item list' is clicked on

2018-07-02 21:21:47 - [MESSAGE][PASSED] - Object: 'Object Repository/SearchResultPage/SearchItemTab/CatalogItems/Check Box For 2 row item list' is clicked on

2018-07-02 21:21:47 - [TEST_STEP][PASSED] - click: Object: 'Object Repository/SearchResultPage/SearchItemTab/CatalogItems/AddToCart_MultipleItem' is clicked on

2018-07-02 21:21:47 - [MESSAGE][PASSED] - Object: 'Object Repository/SearchResultPage/SearchItemTab/CatalogItems/AddToCart_MultipleItem' is clicked on

2018-07-02 21:21:47 - [TEST_STEP][PASSED] - verifyElementText: Actual text and expected text of test object 'Object Repository/OnlineStorePage/Cart Icon No' are matched.

2018-07-02 21:21:48 - [MESSAGE][PASSED] - Actual text and expected text of test object 'Object Repository/OnlineStorePage/Cart Icon No' are matched.

2018-07-02 21:21:48 - [TEST_STEP][PASSED] - closeBrowser: Browser is closed

2018-07-02 21:21:48 - [MESSAGE][PASSED] - Browser is closed]]></system-out>
         <system-err><![CDATA[]]></system-err>
      </testcase>
      <testcase name="Test Cases/DDS-272/DDS-3938 Add a cart item and verify whether count in the cart icon is increased dynamically" classname="Test Cases/DDS-272/DDS-3938 Add a cart item and verify whether count in the cart icon is increased dynamically" status="PASSED">
         <system-out><![CDATA[2018-07-02 21:21:48 - [TEST_CASE][PASSED] - Test Cases/DDS-272/DDS-3938 Add a cart item and verify whether count in the cart icon is increased dynamically: Test Cases/DDS-272/DDS-3938 Add a cart item and verify whether count in the cart icon is increased dynamically

2018-07-02 21:21:48 - [TEST_STEP][PASSED] - callTestCase: Call Test Case 'Test Cases/CommonLibraries/Login' successfully

2018-07-02 21:21:48 - [TEST_CASE][PASSED] - Test Cases/CommonLibraries/Login: Test Cases/CommonLibraries/Login

2018-07-02 21:21:48 - [TEST_STEP][PASSED] - openBrowser: Browser is opened with url: 'https://smtlogin.zycus.net/sso/login?serviceName=http://eproc-qa.zycus.net/'

2018-07-02 21:21:57 - [MESSAGE][PASSED] - Browser is opened with url: 'https://smtlogin.zycus.net/sso/login?serviceName=http://eproc-qa.zycus.net/'

2018-07-02 21:21:57 - [TEST_STEP][PASSED] - maximizeWindow: Current window maximized

2018-07-02 21:21:59 - [MESSAGE][PASSED] - Current window maximized

2018-07-02 21:21:59 - [TEST_STEP][PASSED] - waitForElementVisible: Object 'Object Repository/LoginPage/UserID' is visible

2018-07-02 21:21:59 - [MESSAGE][PASSED] - Object 'Object Repository/LoginPage/UserID' is visible

2018-07-02 21:21:59 - [TEST_STEP][PASSED] - sendKeys: Keys 'monicaqa@zycus.com' sent to object: 'Object Repository/LoginPage/UserID'

2018-07-02 21:21:59 - [MESSAGE][PASSED] - Keys 'monicaqa@zycus.com' sent to object: 'Object Repository/LoginPage/UserID'

2018-07-02 21:21:59 - [TEST_STEP][PASSED] - sendKeys: Keys 'eProc@123' sent to object: 'Object Repository/LoginPage/Password'

2018-07-02 21:21:59 - [MESSAGE][PASSED] - Keys 'eProc@123' sent to object: 'Object Repository/LoginPage/Password'

2018-07-02 21:21:59 - [TEST_STEP][PASSED] - click: Object: 'Object Repository/LoginPage/LoginButton' is clicked on

2018-07-02 21:22:04 - [MESSAGE][PASSED] - Object: 'Object Repository/LoginPage/LoginButton' is clicked on

2018-07-02 21:22:04 - [MESSAGE][PASSED] - Call Test Case 'Test Cases/CommonLibraries/Login' successfully

2018-07-02 21:22:04 - [TEST_STEP][PASSED] - click: Object: 'Object Repository/OnlineStorePage/CartIcon' is clicked on

2018-07-02 21:22:37 - [MESSAGE][PASSED] - Object: 'Object Repository/OnlineStorePage/CartIcon' is clicked on

2018-07-02 21:22:37 - [TEST_STEP][PASSED] - delay: Delayed 3 second(s)

2018-07-02 21:22:40 - [MESSAGE][PASSED] - Delayed 3 second(s)

2018-07-02 21:22:40 - [TEST_STEP][PASSED] - Statement - b = com.kms.katalon.core.webui.keyword.WebUiBuiltInKeywords.getAttribute(com.kms.katalon.core.testobject.ObjectRepository.findTestObject(Cart Page/Empty Cart Button), "ng-reflect-is-disabled"): Attribute 'ng-reflect-is-disabled' of object 'Object Repository/Cart Page/Empty Cart Button' is: 'false'

2018-07-02 21:22:40 - [MESSAGE][PASSED] - Attribute 'ng-reflect-is-disabled' of object 'Object Repository/Cart Page/Empty Cart Button' is: 'false'

2018-07-02 21:22:40 - [TEST_STEP][PASSED] - Statement - If (b == "false"): Browser is closed

2018-07-02 21:22:40 - [TEST_STEP][PASSED] - click: Object: 'Object Repository/Cart Page/Empty Cart Button' is clicked on

2018-07-02 21:22:41 - [MESSAGE][PASSED] - Object: 'Object Repository/Cart Page/Empty Cart Button' is clicked on

2018-07-02 21:22:41 - [TEST_STEP][PASSED] - click: Object: 'Object Repository/Popups/Empty cart/Yes Button' is clicked on

2018-07-02 21:22:41 - [MESSAGE][PASSED] - Object: 'Object Repository/Popups/Empty cart/Yes Button' is clicked on

2018-07-02 21:22:41 - [TEST_STEP][PASSED] - delay: Delayed 2 second(s)

2018-07-02 21:22:43 - [MESSAGE][PASSED] - Delayed 2 second(s)

2018-07-02 21:22:43 - [TEST_STEP][PASSED] - click: Object: 'Object Repository/Home' is clicked on

2018-07-02 21:22:43 - [MESSAGE][PASSED] - Object: 'Object Repository/Home' is clicked on

2018-07-02 21:22:43 - [TEST_STEP][PASSED] - sendKeys: Keys 'Item' sent to object: 'Object Repository/OnlineStorePage/Search Box'

2018-07-02 21:22:43 - [MESSAGE][PASSED] - Keys 'Item' sent to object: 'Object Repository/OnlineStorePage/Search Box'

2018-07-02 21:22:43 - [TEST_STEP][PASSED] - click: Object: 'Object Repository/OnlineStorePage/Search Icon' is clicked on

2018-07-02 21:22:45 - [MESSAGE][PASSED] - Object: 'Object Repository/OnlineStorePage/Search Icon' is clicked on

2018-07-02 21:22:45 - [TEST_STEP][PASSED] - waitForElementVisible: Object 'Object Repository/SearchResultPage/SearchItemTab/CatalogItems/Check Box For 3 Row Item List' is visible

2018-07-02 21:22:52 - [MESSAGE][PASSED] - Object 'Object Repository/SearchResultPage/SearchItemTab/CatalogItems/Check Box For 3 Row Item List' is visible

2018-07-02 21:22:52 - [TEST_STEP][PASSED] - click: Object: 'Object Repository/SearchResultPage/SearchItemTab/CatalogItems/Check Box For 3 Row Item List' is clicked on

2018-07-02 21:22:52 - [MESSAGE][PASSED] - Object: 'Object Repository/SearchResultPage/SearchItemTab/CatalogItems/Check Box For 3 Row Item List' is clicked on

2018-07-02 21:22:52 - [TEST_STEP][PASSED] - click: Object: 'Object Repository/SearchResultPage/SearchItemTab/CatalogItems/AddToCart_MultipleItem' is clicked on

2018-07-02 21:22:52 - [MESSAGE][PASSED] - Object: 'Object Repository/SearchResultPage/SearchItemTab/CatalogItems/AddToCart_MultipleItem' is clicked on

2018-07-02 21:22:52 - [TEST_STEP][PASSED] - click: Object: 'Object Repository/OnlineStorePage/CartIcon' is clicked on

2018-07-02 21:22:52 - [MESSAGE][PASSED] - Object: 'Object Repository/OnlineStorePage/CartIcon' is clicked on

2018-07-02 21:22:52 - [TEST_STEP][PASSED] - waitForElementPresent: Object 'Object Repository/Cart Page/Cart Display For Count 1' is present

2018-07-02 21:22:52 - [MESSAGE][PASSED] - Object 'Object Repository/Cart Page/Cart Display For Count 1' is present

2018-07-02 21:22:52 - [TEST_STEP][PASSED] - verifyElementText: Actual text and expected text of test object 'Object Repository/Cart Page/Cart Display For Count 1' are matched.

2018-07-02 21:22:52 - [MESSAGE][PASSED] - Actual text and expected text of test object 'Object Repository/Cart Page/Cart Display For Count 1' are matched.

2018-07-02 21:22:52 - [TEST_STEP][PASSED] - click: Object: 'Object Repository/Home' is clicked on

2018-07-02 21:22:53 - [MESSAGE][PASSED] - Object: 'Object Repository/Home' is clicked on

2018-07-02 21:22:53 - [TEST_STEP][PASSED] - sendKeys: Keys 'Item' sent to object: 'Object Repository/OnlineStorePage/Search Box'

2018-07-02 21:22:53 - [MESSAGE][PASSED] - Keys 'Item' sent to object: 'Object Repository/OnlineStorePage/Search Box'

2018-07-02 21:22:53 - [TEST_STEP][PASSED] - click: Object: 'Object Repository/OnlineStorePage/Search Icon' is clicked on

2018-07-02 21:22:56 - [MESSAGE][PASSED] - Object: 'Object Repository/OnlineStorePage/Search Icon' is clicked on

2018-07-02 21:22:56 - [TEST_STEP][PASSED] - waitForElementPresent: Object 'Object Repository/SearchResultPage/SearchItemTab/CatalogItems/Check Box For 2 row item list' is present

2018-07-02 21:23:10 - [MESSAGE][PASSED] - Object 'Object Repository/SearchResultPage/SearchItemTab/CatalogItems/Check Box For 2 row item list' is present

2018-07-02 21:23:10 - [TEST_STEP][PASSED] - click: Object: 'Object Repository/SearchResultPage/SearchItemTab/CatalogItems/Check Box For 2 row item list' is clicked on

2018-07-02 21:23:10 - [MESSAGE][PASSED] - Object: 'Object Repository/SearchResultPage/SearchItemTab/CatalogItems/Check Box For 2 row item list' is clicked on

2018-07-02 21:23:10 - [TEST_STEP][PASSED] - click: Object: 'Object Repository/SearchResultPage/SearchItemTab/CatalogItems/AddToCart_MultipleItem' is clicked on

2018-07-02 21:23:10 - [MESSAGE][PASSED] - Object: 'Object Repository/SearchResultPage/SearchItemTab/CatalogItems/AddToCart_MultipleItem' is clicked on

2018-07-02 21:23:10 - [TEST_STEP][PASSED] - click: Object: 'Object Repository/OnlineStorePage/CartIcon' is clicked on

2018-07-02 21:23:10 - [MESSAGE][PASSED] - Object: 'Object Repository/OnlineStorePage/CartIcon' is clicked on

2018-07-02 21:23:10 - [TEST_STEP][PASSED] - waitForElementPresent: Object 'Object Repository/Cart Page/Count Display For Count 2' is present

2018-07-02 21:23:11 - [MESSAGE][PASSED] - Object 'Object Repository/Cart Page/Count Display For Count 2' is present

2018-07-02 21:23:11 - [TEST_STEP][PASSED] - verifyElementText: Actual text and expected text of test object 'Object Repository/Cart Page/Count Display For Count 2' are matched.

2018-07-02 21:23:11 - [MESSAGE][PASSED] - Actual text and expected text of test object 'Object Repository/Cart Page/Count Display For Count 2' are matched.

2018-07-02 21:23:11 - [TEST_STEP][PASSED] - closeBrowser: Browser is closed

2018-07-02 21:23:11 - [MESSAGE][PASSED] - Browser is closed]]></system-out>
         <system-err><![CDATA[]]></system-err>
      </testcase>
      <testcase name="Test Cases/DDS-272/DDS-3941 Count in cart page should be updated dynamically" classname="Test Cases/DDS-272/DDS-3941 Count in cart page should be updated dynamically" status="PASSED">
         <system-out><![CDATA[2018-07-02 21:23:11 - [TEST_CASE][PASSED] - Test Cases/DDS-272/DDS-3941 Count in cart page should be updated dynamically: Test Cases/DDS-272/DDS-3941 Count in cart page should be updated dynamically

2018-07-02 21:23:11 - [TEST_STEP][PASSED] - callTestCase: Call Test Case 'Test Cases/CommonLibraries/Login' successfully

2018-07-02 21:23:11 - [TEST_CASE][PASSED] - Test Cases/CommonLibraries/Login: Test Cases/CommonLibraries/Login

2018-07-02 21:23:11 - [TEST_STEP][PASSED] - openBrowser: Browser is opened with url: 'https://smtlogin.zycus.net/sso/login?serviceName=http://eproc-qa.zycus.net/'

2018-07-02 21:23:19 - [MESSAGE][PASSED] - Browser is opened with url: 'https://smtlogin.zycus.net/sso/login?serviceName=http://eproc-qa.zycus.net/'

2018-07-02 21:23:19 - [TEST_STEP][PASSED] - maximizeWindow: Current window maximized

2018-07-02 21:23:21 - [MESSAGE][PASSED] - Current window maximized

2018-07-02 21:23:21 - [TEST_STEP][PASSED] - waitForElementVisible: Object 'Object Repository/LoginPage/UserID' is visible

2018-07-02 21:23:21 - [MESSAGE][PASSED] - Object 'Object Repository/LoginPage/UserID' is visible

2018-07-02 21:23:21 - [TEST_STEP][PASSED] - sendKeys: Keys 'monicaqa@zycus.com' sent to object: 'Object Repository/LoginPage/UserID'

2018-07-02 21:23:21 - [MESSAGE][PASSED] - Keys 'monicaqa@zycus.com' sent to object: 'Object Repository/LoginPage/UserID'

2018-07-02 21:23:21 - [TEST_STEP][PASSED] - sendKeys: Keys 'eProc@123' sent to object: 'Object Repository/LoginPage/Password'

2018-07-02 21:23:21 - [MESSAGE][PASSED] - Keys 'eProc@123' sent to object: 'Object Repository/LoginPage/Password'

2018-07-02 21:23:21 - [TEST_STEP][PASSED] - click: Object: 'Object Repository/LoginPage/LoginButton' is clicked on

2018-07-02 21:23:26 - [MESSAGE][PASSED] - Object: 'Object Repository/LoginPage/LoginButton' is clicked on

2018-07-02 21:23:26 - [MESSAGE][PASSED] - Call Test Case 'Test Cases/CommonLibraries/Login' successfully

2018-07-02 21:23:26 - [TEST_STEP][PASSED] - click: Object: 'Object Repository/OnlineStorePage/CartIcon' is clicked on

2018-07-02 21:23:58 - [MESSAGE][PASSED] - Object: 'Object Repository/OnlineStorePage/CartIcon' is clicked on

2018-07-02 21:23:58 - [TEST_STEP][PASSED] - delay: Delayed 3 second(s)

2018-07-02 21:24:01 - [MESSAGE][PASSED] - Delayed 3 second(s)

2018-07-02 21:24:01 - [TEST_STEP][PASSED] - Statement - b = com.kms.katalon.core.webui.keyword.WebUiBuiltInKeywords.getAttribute(com.kms.katalon.core.testobject.ObjectRepository.findTestObject(Cart Page/Empty Cart Button), "ng-reflect-is-disabled"): Attribute 'ng-reflect-is-disabled' of object 'Object Repository/Cart Page/Empty Cart Button' is: 'false'

2018-07-02 21:24:01 - [MESSAGE][PASSED] - Attribute 'ng-reflect-is-disabled' of object 'Object Repository/Cart Page/Empty Cart Button' is: 'false'

2018-07-02 21:24:01 - [TEST_STEP][PASSED] - Statement - If (b == "false"): Browser is closed

2018-07-02 21:24:01 - [TEST_STEP][PASSED] - click: Object: 'Object Repository/Cart Page/Empty Cart Button' is clicked on

2018-07-02 21:24:01 - [MESSAGE][PASSED] - Object: 'Object Repository/Cart Page/Empty Cart Button' is clicked on

2018-07-02 21:24:01 - [TEST_STEP][PASSED] - click: Object: 'Object Repository/Popups/Empty cart/Yes Button' is clicked on

2018-07-02 21:24:01 - [MESSAGE][PASSED] - Object: 'Object Repository/Popups/Empty cart/Yes Button' is clicked on

2018-07-02 21:24:01 - [TEST_STEP][PASSED] - delay: Delayed 2 second(s)

2018-07-02 21:24:03 - [MESSAGE][PASSED] - Delayed 2 second(s)

2018-07-02 21:24:03 - [TEST_STEP][PASSED] - click: Object: 'Object Repository/Home' is clicked on

2018-07-02 21:24:03 - [MESSAGE][PASSED] - Object: 'Object Repository/Home' is clicked on

2018-07-02 21:24:03 - [TEST_STEP][PASSED] - sendKeys: Keys 'Item' sent to object: 'Object Repository/OnlineStorePage/Search Box'

2018-07-02 21:24:05 - [MESSAGE][PASSED] - Keys 'Item' sent to object: 'Object Repository/OnlineStorePage/Search Box'

2018-07-02 21:24:05 - [TEST_STEP][PASSED] - click: Object: 'Object Repository/OnlineStorePage/Search Icon' is clicked on

2018-07-02 21:24:06 - [MESSAGE][PASSED] - Object: 'Object Repository/OnlineStorePage/Search Icon' is clicked on

2018-07-02 21:24:06 - [TEST_STEP][PASSED] - waitForElementVisible: Object 'Object Repository/SearchResultPage/SearchItemTab/CatalogItems/Check Box For 3 Row Item List' is visible

2018-07-02 21:24:14 - [MESSAGE][PASSED] - Object 'Object Repository/SearchResultPage/SearchItemTab/CatalogItems/Check Box For 3 Row Item List' is visible

2018-07-02 21:24:14 - [TEST_STEP][PASSED] - click: Object: 'Object Repository/SearchResultPage/SearchItemTab/CatalogItems/Check Box For 3 Row Item List' is clicked on

2018-07-02 21:24:14 - [MESSAGE][PASSED] - Object: 'Object Repository/SearchResultPage/SearchItemTab/CatalogItems/Check Box For 3 Row Item List' is clicked on

2018-07-02 21:24:14 - [TEST_STEP][PASSED] - click: Object: 'Object Repository/SearchResultPage/SearchItemTab/CatalogItems/AddToCart_MultipleItem' is clicked on

2018-07-02 21:24:14 - [MESSAGE][PASSED] - Object: 'Object Repository/SearchResultPage/SearchItemTab/CatalogItems/AddToCart_MultipleItem' is clicked on

2018-07-02 21:24:14 - [TEST_STEP][PASSED] - click: Object: 'Object Repository/OnlineStorePage/CartIcon' is clicked on

2018-07-02 21:24:14 - [MESSAGE][PASSED] - Object: 'Object Repository/OnlineStorePage/CartIcon' is clicked on

2018-07-02 21:24:14 - [TEST_STEP][PASSED] - waitForElementPresent: Object 'Object Repository/Cart Page/Cart Display For Count 1' is present

2018-07-02 21:24:14 - [MESSAGE][PASSED] - Object 'Object Repository/Cart Page/Cart Display For Count 1' is present

2018-07-02 21:24:14 - [TEST_STEP][PASSED] - verifyElementText: Actual text and expected text of test object 'Object Repository/Cart Page/Cart Display For Count 1' are matched.

2018-07-02 21:24:15 - [MESSAGE][PASSED] - Actual text and expected text of test object 'Object Repository/Cart Page/Cart Display For Count 1' are matched.

2018-07-02 21:24:15 - [TEST_STEP][PASSED] - click: Object: 'Object Repository/Home' is clicked on

2018-07-02 21:24:15 - [MESSAGE][PASSED] - Object: 'Object Repository/Home' is clicked on

2018-07-02 21:24:15 - [TEST_STEP][PASSED] - sendKeys: Keys 'Item' sent to object: 'Object Repository/OnlineStorePage/Search Box'

2018-07-02 21:24:17 - [MESSAGE][PASSED] - Keys 'Item' sent to object: 'Object Repository/OnlineStorePage/Search Box'

2018-07-02 21:24:17 - [TEST_STEP][PASSED] - click: Object: 'Object Repository/OnlineStorePage/Search Icon' is clicked on

2018-07-02 21:24:17 - [MESSAGE][PASSED] - Object: 'Object Repository/OnlineStorePage/Search Icon' is clicked on

2018-07-02 21:24:17 - [TEST_STEP][PASSED] - waitForElementPresent: Object 'Object Repository/SearchResultPage/SearchItemTab/CatalogItems/Check Box For 2 row item list' is present

2018-07-02 21:24:27 - [MESSAGE][PASSED] - Object 'Object Repository/SearchResultPage/SearchItemTab/CatalogItems/Check Box For 2 row item list' is present

2018-07-02 21:24:27 - [TEST_STEP][PASSED] - click: Object: 'Object Repository/SearchResultPage/SearchItemTab/CatalogItems/Check Box For 2 row item list' is clicked on

2018-07-02 21:24:27 - [MESSAGE][PASSED] - Object: 'Object Repository/SearchResultPage/SearchItemTab/CatalogItems/Check Box For 2 row item list' is clicked on

2018-07-02 21:24:27 - [TEST_STEP][PASSED] - click: Object: 'Object Repository/SearchResultPage/SearchItemTab/CatalogItems/AddToCart_MultipleItem' is clicked on

2018-07-02 21:24:27 - [MESSAGE][PASSED] - Object: 'Object Repository/SearchResultPage/SearchItemTab/CatalogItems/AddToCart_MultipleItem' is clicked on

2018-07-02 21:24:27 - [TEST_STEP][PASSED] - click: Object: 'Object Repository/OnlineStorePage/CartIcon' is clicked on

2018-07-02 21:24:27 - [MESSAGE][PASSED] - Object: 'Object Repository/OnlineStorePage/CartIcon' is clicked on

2018-07-02 21:24:27 - [TEST_STEP][PASSED] - waitForElementPresent: Object 'Object Repository/Cart Page/Count Display For Count 2' is present

2018-07-02 21:24:28 - [MESSAGE][PASSED] - Object 'Object Repository/Cart Page/Count Display For Count 2' is present

2018-07-02 21:24:28 - [TEST_STEP][PASSED] - verifyElementText: Actual text and expected text of test object 'Object Repository/Cart Page/Count Display For Count 2' are matched.

2018-07-02 21:24:28 - [MESSAGE][PASSED] - Actual text and expected text of test object 'Object Repository/Cart Page/Count Display For Count 2' are matched.

2018-07-02 21:24:28 - [TEST_STEP][PASSED] - closeBrowser: Browser is closed

2018-07-02 21:24:28 - [MESSAGE][PASSED] - Browser is closed]]></system-out>
         <system-err><![CDATA[]]></system-err>
      </testcase>
      <testcase name="Test Cases/DDS-272/DDS-3942 Count in the cart page should be prefixed with 0 if the count is in sigle digit" classname="Test Cases/DDS-272/DDS-3942 Count in the cart page should be prefixed with 0 if the count is in sigle digit" status="PASSED">
         <system-out><![CDATA[2018-07-02 21:24:28 - [TEST_CASE][PASSED] - Test Cases/DDS-272/DDS-3942 Count in the cart page should be prefixed with 0 if the count is in sigle digit: Test Cases/DDS-272/DDS-3942 Count in the cart page should be prefixed with 0 if the count is in sigle digit

2018-07-02 21:24:28 - [TEST_STEP][PASSED] - callTestCase: Call Test Case 'Test Cases/CommonLibraries/Login' successfully

2018-07-02 21:24:29 - [TEST_CASE][PASSED] - Test Cases/CommonLibraries/Login: Test Cases/CommonLibraries/Login

2018-07-02 21:24:29 - [TEST_STEP][PASSED] - openBrowser: Browser is opened with url: 'https://smtlogin.zycus.net/sso/login?serviceName=http://eproc-qa.zycus.net/'

2018-07-02 21:24:36 - [MESSAGE][PASSED] - Browser is opened with url: 'https://smtlogin.zycus.net/sso/login?serviceName=http://eproc-qa.zycus.net/'

2018-07-02 21:24:36 - [TEST_STEP][PASSED] - maximizeWindow: Current window maximized

2018-07-02 21:24:38 - [MESSAGE][PASSED] - Current window maximized

2018-07-02 21:24:38 - [TEST_STEP][PASSED] - waitForElementVisible: Object 'Object Repository/LoginPage/UserID' is visible

2018-07-02 21:24:38 - [MESSAGE][PASSED] - Object 'Object Repository/LoginPage/UserID' is visible

2018-07-02 21:24:38 - [TEST_STEP][PASSED] - sendKeys: Keys 'monicaqa@zycus.com' sent to object: 'Object Repository/LoginPage/UserID'

2018-07-02 21:24:38 - [MESSAGE][PASSED] - Keys 'monicaqa@zycus.com' sent to object: 'Object Repository/LoginPage/UserID'

2018-07-02 21:24:38 - [TEST_STEP][PASSED] - sendKeys: Keys 'eProc@123' sent to object: 'Object Repository/LoginPage/Password'

2018-07-02 21:24:39 - [MESSAGE][PASSED] - Keys 'eProc@123' sent to object: 'Object Repository/LoginPage/Password'

2018-07-02 21:24:39 - [TEST_STEP][PASSED] - click: Object: 'Object Repository/LoginPage/LoginButton' is clicked on

2018-07-02 21:24:43 - [MESSAGE][PASSED] - Object: 'Object Repository/LoginPage/LoginButton' is clicked on

2018-07-02 21:24:43 - [MESSAGE][PASSED] - Call Test Case 'Test Cases/CommonLibraries/Login' successfully

2018-07-02 21:24:43 - [TEST_STEP][PASSED] - click: Object: 'Object Repository/OnlineStorePage/CartIcon' is clicked on

2018-07-02 21:25:17 - [MESSAGE][PASSED] - Object: 'Object Repository/OnlineStorePage/CartIcon' is clicked on

2018-07-02 21:25:17 - [TEST_STEP][PASSED] - delay: Delayed 3 second(s)

2018-07-02 21:25:20 - [MESSAGE][PASSED] - Delayed 3 second(s)

2018-07-02 21:25:20 - [TEST_STEP][PASSED] - Statement - b = com.kms.katalon.core.webui.keyword.WebUiBuiltInKeywords.getAttribute(com.kms.katalon.core.testobject.ObjectRepository.findTestObject(Cart Page/Empty Cart Button), "ng-reflect-is-disabled"): Attribute 'ng-reflect-is-disabled' of object 'Object Repository/Cart Page/Empty Cart Button' is: 'false'

2018-07-02 21:25:20 - [MESSAGE][PASSED] - Attribute 'ng-reflect-is-disabled' of object 'Object Repository/Cart Page/Empty Cart Button' is: 'false'

2018-07-02 21:25:20 - [TEST_STEP][PASSED] - Statement - If (b == "false"): Actual text and expected text of test object 'Object Repository/Cart Page/Cart Display For Count 1' are matched.

2018-07-02 21:25:20 - [TEST_STEP][PASSED] - click: Object: 'Object Repository/Cart Page/Empty Cart Button' is clicked on

2018-07-02 21:25:20 - [MESSAGE][PASSED] - Object: 'Object Repository/Cart Page/Empty Cart Button' is clicked on

2018-07-02 21:25:20 - [TEST_STEP][PASSED] - click: Object: 'Object Repository/Popups/Empty cart/Yes Button' is clicked on

2018-07-02 21:25:20 - [MESSAGE][PASSED] - Object: 'Object Repository/Popups/Empty cart/Yes Button' is clicked on

2018-07-02 21:25:20 - [TEST_STEP][PASSED] - delay: Delayed 2 second(s)

2018-07-02 21:25:22 - [MESSAGE][PASSED] - Delayed 2 second(s)

2018-07-02 21:25:22 - [TEST_STEP][PASSED] - click: Object: 'Object Repository/Home' is clicked on

2018-07-02 21:25:22 - [MESSAGE][PASSED] - Object: 'Object Repository/Home' is clicked on

2018-07-02 21:25:22 - [TEST_STEP][PASSED] - sendKeys: Keys 'Item' sent to object: 'Object Repository/OnlineStorePage/Search Box'

2018-07-02 21:25:28 - [MESSAGE][PASSED] - Keys 'Item' sent to object: 'Object Repository/OnlineStorePage/Search Box'

2018-07-02 21:25:28 - [TEST_STEP][PASSED] - click: Object: 'Object Repository/OnlineStorePage/Search Icon' is clicked on

2018-07-02 21:25:28 - [MESSAGE][PASSED] - Object: 'Object Repository/OnlineStorePage/Search Icon' is clicked on

2018-07-02 21:25:28 - [TEST_STEP][PASSED] - waitForElementVisible: Object 'Object Repository/SearchResultPage/SearchItemTab/CatalogItems/Check Box For 3 Row Item List' is visible

2018-07-02 21:25:36 - [MESSAGE][PASSED] - Object 'Object Repository/SearchResultPage/SearchItemTab/CatalogItems/Check Box For 3 Row Item List' is visible

2018-07-02 21:25:36 - [TEST_STEP][PASSED] - click: Object: 'Object Repository/SearchResultPage/SearchItemTab/CatalogItems/Check Box For 3 Row Item List' is clicked on

2018-07-02 21:25:36 - [MESSAGE][PASSED] - Object: 'Object Repository/SearchResultPage/SearchItemTab/CatalogItems/Check Box For 3 Row Item List' is clicked on

2018-07-02 21:25:36 - [TEST_STEP][PASSED] - click: Object: 'Object Repository/SearchResultPage/SearchItemTab/CatalogItems/AddToCart_MultipleItem' is clicked on

2018-07-02 21:25:37 - [MESSAGE][PASSED] - Object: 'Object Repository/SearchResultPage/SearchItemTab/CatalogItems/AddToCart_MultipleItem' is clicked on

2018-07-02 21:25:37 - [TEST_STEP][PASSED] - click: Object: 'Object Repository/OnlineStorePage/CartIcon' is clicked on

2018-07-02 21:25:37 - [MESSAGE][PASSED] - Object: 'Object Repository/OnlineStorePage/CartIcon' is clicked on

2018-07-02 21:25:37 - [TEST_STEP][PASSED] - waitForElementPresent: Object 'Object Repository/Cart Page/Cart Display For Count 1' is present

2018-07-02 21:25:37 - [MESSAGE][PASSED] - Object 'Object Repository/Cart Page/Cart Display For Count 1' is present

2018-07-02 21:25:37 - [TEST_STEP][PASSED] - verifyElementText: Actual text and expected text of test object 'Object Repository/Cart Page/Cart Display For Count 1' are matched.

2018-07-02 21:25:37 - [MESSAGE][PASSED] - Actual text and expected text of test object 'Object Repository/Cart Page/Cart Display For Count 1' are matched.

2018-07-02 21:25:37 - [TEST_STEP][PASSED] - click: Object: 'Object Repository/Home' is clicked on

2018-07-02 21:25:37 - [MESSAGE][PASSED] - Object: 'Object Repository/Home' is clicked on

2018-07-02 21:25:37 - [TEST_STEP][PASSED] - sendKeys: Keys 'Item' sent to object: 'Object Repository/OnlineStorePage/Search Box'

2018-07-02 21:25:38 - [MESSAGE][PASSED] - Keys 'Item' sent to object: 'Object Repository/OnlineStorePage/Search Box'

2018-07-02 21:25:38 - [TEST_STEP][PASSED] - click: Object: 'Object Repository/OnlineStorePage/Search Icon' is clicked on

2018-07-02 21:25:39 - [MESSAGE][PASSED] - Object: 'Object Repository/OnlineStorePage/Search Icon' is clicked on

2018-07-02 21:25:39 - [TEST_STEP][PASSED] - waitForElementVisible: Object 'Object Repository/SearchResultPage/SearchItemTab/CatalogItems/Check Box For 3 Row Item List' is visible

2018-07-02 21:25:47 - [MESSAGE][PASSED] - Object 'Object Repository/SearchResultPage/SearchItemTab/CatalogItems/Check Box For 3 Row Item List' is visible

2018-07-02 21:25:47 - [TEST_STEP][PASSED] - click: Object: 'Object Repository/SearchResultPage/SearchItemTab/CatalogItems/Check Box For 3 Row Item List' is clicked on

2018-07-02 21:25:47 - [MESSAGE][PASSED] - Object: 'Object Repository/SearchResultPage/SearchItemTab/CatalogItems/Check Box For 3 Row Item List' is clicked on

2018-07-02 21:25:47 - [TEST_STEP][PASSED] - click: Object: 'Object Repository/SearchResultPage/SearchItemTab/CatalogItems/AddToCart_MultipleItem' is clicked on

2018-07-02 21:25:47 - [MESSAGE][PASSED] - Object: 'Object Repository/SearchResultPage/SearchItemTab/CatalogItems/AddToCart_MultipleItem' is clicked on

2018-07-02 21:25:47 - [TEST_STEP][PASSED] - click: Object: 'Object Repository/OnlineStorePage/CartIcon' is clicked on

2018-07-02 21:25:47 - [MESSAGE][PASSED] - Object: 'Object Repository/OnlineStorePage/CartIcon' is clicked on

2018-07-02 21:25:47 - [TEST_STEP][PASSED] - waitForElementPresent: Object 'Object Repository/Cart Page/Cart Display For Count 1' is present

2018-07-02 21:25:48 - [MESSAGE][PASSED] - Object 'Object Repository/Cart Page/Cart Display For Count 1' is present

2018-07-02 21:25:48 - [TEST_STEP][PASSED] - verifyElementText: Actual text and expected text of test object 'Object Repository/Cart Page/Cart Display For Count 1' are matched.

2018-07-02 21:25:48 - [MESSAGE][PASSED] - Actual text and expected text of test object 'Object Repository/Cart Page/Cart Display For Count 1' are matched.]]></system-out>
         <system-err><![CDATA[]]></system-err>
      </testcase>
      <testcase name="Test Cases/DDS-272/DDS-3945 Item Name should be a hyperlink" classname="Test Cases/DDS-272/DDS-3945 Item Name should be a hyperlink" status="FAILED">
         <failure type="FAILED" message="Unable to click on object 'Object Repository/Cart Page/Item 1 Hyperlink' (Root cause: com.kms.katalon.core.webui.exception.WebElementNotFoundException: Web element with id: 'Object Repository/Cart Page/Item 1 Hyperlink' located by 'By.xpath: //span[normalize-space(text())='ITEM1']' not found)"/>
         <system-out><![CDATA[2018-07-02 21:25:48 - [TEST_CASE][FAILED] - Test Cases/DDS-272/DDS-3945 Item Name should be a hyperlink: Test Cases/DDS-272/DDS-3945 Item Name should be a hyperlink FAILED because (of) Unable to click on object 'Object Repository/Cart Page/Item 1 Hyperlink' (Root cause: com.kms.katalon.core.webui.exception.WebElementNotFoundException: Web element with id: 'Object Repository/Cart Page/Item 1 Hyperlink' located by 'By.xpath: //span[normalize-space(text())='ITEM1']' not found)

2018-07-02 21:25:48 - [TEST_STEP][PASSED] - callTestCase: Call Test Case 'Test Cases/CommonLibraries/Search By Item' successfully

2018-07-02 21:25:48 - [TEST_CASE][PASSED] - Test Cases/CommonLibraries/Search By Item: Test Cases/CommonLibraries/Search By Item

2018-07-02 21:25:48 - [TEST_STEP][PASSED] - callTestCase: Call Test Case 'Test Cases/CommonLibraries/Login' successfully

2018-07-02 21:25:48 - [TEST_CASE][PASSED] - Test Cases/CommonLibraries/Login: Test Cases/CommonLibraries/Login

2018-07-02 21:25:48 - [TEST_STEP][PASSED] - openBrowser: Browser is opened with url: 'https://smtlogin.zycus.net/sso/login?serviceName=http://eproc-qa.zycus.net/'

2018-07-02 21:25:48 - [MESSAGE][WARNING] - A browser is already opened. Closing browser and opening a new one

2018-07-02 21:25:56 - [MESSAGE][PASSED] - Browser is opened with url: 'https://smtlogin.zycus.net/sso/login?serviceName=http://eproc-qa.zycus.net/'

2018-07-02 21:25:56 - [TEST_STEP][PASSED] - maximizeWindow: Current window maximized

2018-07-02 21:25:58 - [MESSAGE][PASSED] - Current window maximized

2018-07-02 21:25:58 - [TEST_STEP][PASSED] - waitForElementVisible: Object 'Object Repository/LoginPage/UserID' is visible

2018-07-02 21:25:58 - [MESSAGE][PASSED] - Object 'Object Repository/LoginPage/UserID' is visible

2018-07-02 21:25:58 - [TEST_STEP][PASSED] - sendKeys: Keys 'monicaqa@zycus.com' sent to object: 'Object Repository/LoginPage/UserID'

2018-07-02 21:25:59 - [MESSAGE][PASSED] - Keys 'monicaqa@zycus.com' sent to object: 'Object Repository/LoginPage/UserID'

2018-07-02 21:25:59 - [TEST_STEP][PASSED] - sendKeys: Keys 'eProc@123' sent to object: 'Object Repository/LoginPage/Password'

2018-07-02 21:25:59 - [MESSAGE][PASSED] - Keys 'eProc@123' sent to object: 'Object Repository/LoginPage/Password'

2018-07-02 21:25:59 - [TEST_STEP][PASSED] - click: Object: 'Object Repository/LoginPage/LoginButton' is clicked on

2018-07-02 21:26:04 - [MESSAGE][PASSED] - Object: 'Object Repository/LoginPage/LoginButton' is clicked on

2018-07-02 21:26:04 - [MESSAGE][PASSED] - Call Test Case 'Test Cases/CommonLibraries/Login' successfully

2018-07-02 21:26:04 - [TEST_STEP][PASSED] - waitForElementPresent: Object 'Object Repository/OnlineStorePage/Search Box' is present

2018-07-02 21:26:36 - [MESSAGE][PASSED] - Object 'Object Repository/OnlineStorePage/Search Box' is present

2018-07-02 21:26:36 - [TEST_STEP][PASSED] - waitForPageLoad: Wait for page load successfully

2018-07-02 21:26:36 - [MESSAGE][PASSED] - Wait for page load successfully

2018-07-02 21:26:36 - [TEST_STEP][PASSED] - sendKeys: Keys 'Item' sent to object: 'Object Repository/OnlineStorePage/Search Box'

2018-07-02 21:26:37 - [MESSAGE][PASSED] - Keys 'Item' sent to object: 'Object Repository/OnlineStorePage/Search Box'

2018-07-02 21:26:37 - [TEST_STEP][PASSED] - click: Object: 'Object Repository/OnlineStorePage/Search Icon' is clicked on

2018-07-02 21:26:37 - [MESSAGE][PASSED] - Object: 'Object Repository/OnlineStorePage/Search Icon' is clicked on

2018-07-02 21:26:37 - [MESSAGE][PASSED] - Call Test Case 'Test Cases/CommonLibraries/Search By Item' successfully

2018-07-02 21:26:37 - [TEST_STEP][PASSED] - waitForElementPresent: Object 'Object Repository/SearchResultPage/SearchItemTab/CatalogItems/Check Box For 3 Row Item List' is present

2018-07-02 21:26:45 - [MESSAGE][PASSED] - Object 'Object Repository/SearchResultPage/SearchItemTab/CatalogItems/Check Box For 3 Row Item List' is present

2018-07-02 21:26:45 - [TEST_STEP][PASSED] - click: Object: 'Object Repository/SearchResultPage/SearchItemTab/CatalogItems/Check Box For 3 Row Item List' is clicked on

2018-07-02 21:26:45 - [MESSAGE][PASSED] - Object: 'Object Repository/SearchResultPage/SearchItemTab/CatalogItems/Check Box For 3 Row Item List' is clicked on

2018-07-02 21:26:45 - [TEST_STEP][PASSED] - click: Object: 'Object Repository/SearchResultPage/SearchItemTab/CatalogItems/AddToCart_MultipleItem' is clicked on

2018-07-02 21:26:45 - [MESSAGE][PASSED] - Object: 'Object Repository/SearchResultPage/SearchItemTab/CatalogItems/AddToCart_MultipleItem' is clicked on

2018-07-02 21:26:45 - [TEST_STEP][PASSED] - click: Object: 'Object Repository/OnlineStorePage/CartIcon' is clicked on

2018-07-02 21:26:45 - [MESSAGE][PASSED] - Object: 'Object Repository/OnlineStorePage/CartIcon' is clicked on

2018-07-02 21:26:45 - [TEST_STEP][FAILED] - click: Unable to click on object 'Object Repository/Cart Page/Item 1 Hyperlink' (Root cause: com.kms.katalon.core.webui.exception.WebElementNotFoundException: Web element with id: 'Object Repository/Cart Page/Item 1 Hyperlink' located by 'By.xpath: //span[normalize-space(text())='ITEM1']' not found)

2018-07-02 21:27:17 - [MESSAGE][FAILED] - Unable to click on object 'Object Repository/Cart Page/Item 1 Hyperlink' (Root cause: com.kms.katalon.core.webui.exception.WebElementNotFoundException: Web element with id: 'Object Repository/Cart Page/Item 1 Hyperlink' located by 'By.xpath: //span[normalize-space(text())='ITEM1']' not found)
[[ATTACHMENT|C:\\Users\\vikas.kiroula\\git\\eProc\\Reports\\Run\\20180702_203015\\1530547036841.png]]]]></system-out>
         <system-err><![CDATA[2018-07-02 21:25:48 - [TEST_CASE][FAILED] - Test Cases/DDS-272/DDS-3945 Item Name should be a hyperlink: Test Cases/DDS-272/DDS-3945 Item Name should be a hyperlink FAILED because (of) Unable to click on object 'Object Repository/Cart Page/Item 1 Hyperlink' (Root cause: com.kms.katalon.core.webui.exception.WebElementNotFoundException: Web element with id: 'Object Repository/Cart Page/Item 1 Hyperlink' located by 'By.xpath: //span[normalize-space(text())='ITEM1']' not found)]]></system-err>
      </testcase>
      <testcase name="Test Cases/DDS-272/DDS-3946 Pop-up should be displayed on clicking on the item name" classname="Test Cases/DDS-272/DDS-3946 Pop-up should be displayed on clicking on the item name" status="FAILED">
         <failure type="FAILED" message="Unable to click on object 'Object Repository/Cart Page/Item 1 Hyperlink' (Root cause: com.kms.katalon.core.webui.exception.WebElementNotFoundException: Web element with id: 'Object Repository/Cart Page/Item 1 Hyperlink' located by 'By.xpath: //span[normalize-space(text())='ITEM1']' not found)"/>
         <system-out><![CDATA[2018-07-02 21:27:17 - [TEST_CASE][FAILED] - Test Cases/DDS-272/DDS-3946 Pop-up should be displayed on clicking on the item name: Test Cases/DDS-272/DDS-3946 Pop-up should be displayed on clicking on the item name FAILED because (of) Unable to click on object 'Object Repository/Cart Page/Item 1 Hyperlink' (Root cause: com.kms.katalon.core.webui.exception.WebElementNotFoundException: Web element with id: 'Object Repository/Cart Page/Item 1 Hyperlink' located by 'By.xpath: //span[normalize-space(text())='ITEM1']' not found)

2018-07-02 21:27:17 - [TEST_STEP][PASSED] - callTestCase: Call Test Case 'Test Cases/CommonLibraries/Search By Item' successfully

2018-07-02 21:27:17 - [TEST_CASE][PASSED] - Test Cases/CommonLibraries/Search By Item: Test Cases/CommonLibraries/Search By Item

2018-07-02 21:27:17 - [TEST_STEP][PASSED] - callTestCase: Call Test Case 'Test Cases/CommonLibraries/Login' successfully

2018-07-02 21:27:17 - [TEST_CASE][PASSED] - Test Cases/CommonLibraries/Login: Test Cases/CommonLibraries/Login

2018-07-02 21:27:17 - [TEST_STEP][PASSED] - openBrowser: Browser is opened with url: 'https://smtlogin.zycus.net/sso/login?serviceName=http://eproc-qa.zycus.net/'

2018-07-02 21:27:17 - [MESSAGE][WARNING] - A browser is already opened. Closing browser and opening a new one

2018-07-02 21:27:35 - [MESSAGE][PASSED] - Browser is opened with url: 'https://smtlogin.zycus.net/sso/login?serviceName=http://eproc-qa.zycus.net/'

2018-07-02 21:27:35 - [TEST_STEP][PASSED] - maximizeWindow: Current window maximized

2018-07-02 21:27:37 - [MESSAGE][PASSED] - Current window maximized

2018-07-02 21:27:37 - [TEST_STEP][PASSED] - waitForElementVisible: Object 'Object Repository/LoginPage/UserID' is visible

2018-07-02 21:27:37 - [MESSAGE][PASSED] - Object 'Object Repository/LoginPage/UserID' is visible

2018-07-02 21:27:37 - [TEST_STEP][PASSED] - sendKeys: Keys 'monicaqa@zycus.com' sent to object: 'Object Repository/LoginPage/UserID'

2018-07-02 21:27:37 - [MESSAGE][PASSED] - Keys 'monicaqa@zycus.com' sent to object: 'Object Repository/LoginPage/UserID'

2018-07-02 21:27:37 - [TEST_STEP][PASSED] - sendKeys: Keys 'eProc@123' sent to object: 'Object Repository/LoginPage/Password'

2018-07-02 21:27:37 - [MESSAGE][PASSED] - Keys 'eProc@123' sent to object: 'Object Repository/LoginPage/Password'

2018-07-02 21:27:37 - [TEST_STEP][PASSED] - click: Object: 'Object Repository/LoginPage/LoginButton' is clicked on

2018-07-02 21:27:43 - [MESSAGE][PASSED] - Object: 'Object Repository/LoginPage/LoginButton' is clicked on

2018-07-02 21:27:43 - [MESSAGE][PASSED] - Call Test Case 'Test Cases/CommonLibraries/Login' successfully

2018-07-02 21:27:43 - [TEST_STEP][PASSED] - waitForElementPresent: Object 'Object Repository/OnlineStorePage/Search Box' is present

2018-07-02 21:28:12 - [MESSAGE][PASSED] - Object 'Object Repository/OnlineStorePage/Search Box' is present

2018-07-02 21:28:12 - [TEST_STEP][PASSED] - waitForPageLoad: Wait for page load successfully

2018-07-02 21:28:12 - [MESSAGE][PASSED] - Wait for page load successfully

2018-07-02 21:28:12 - [TEST_STEP][PASSED] - sendKeys: Keys 'Item' sent to object: 'Object Repository/OnlineStorePage/Search Box'

2018-07-02 21:28:12 - [MESSAGE][PASSED] - Keys 'Item' sent to object: 'Object Repository/OnlineStorePage/Search Box'

2018-07-02 21:28:12 - [TEST_STEP][PASSED] - click: Object: 'Object Repository/OnlineStorePage/Search Icon' is clicked on

2018-07-02 21:28:13 - [MESSAGE][PASSED] - Object: 'Object Repository/OnlineStorePage/Search Icon' is clicked on

2018-07-02 21:28:13 - [MESSAGE][PASSED] - Call Test Case 'Test Cases/CommonLibraries/Search By Item' successfully

2018-07-02 21:28:13 - [TEST_STEP][PASSED] - waitForElementPresent: Object 'Object Repository/SearchResultPage/SearchItemTab/CatalogItems/Check Box For 3 Row Item List' is present

2018-07-02 21:28:20 - [MESSAGE][PASSED] - Object 'Object Repository/SearchResultPage/SearchItemTab/CatalogItems/Check Box For 3 Row Item List' is present

2018-07-02 21:28:20 - [TEST_STEP][PASSED] - click: Object: 'Object Repository/SearchResultPage/SearchItemTab/CatalogItems/Check Box For 3 Row Item List' is clicked on

2018-07-02 21:28:20 - [MESSAGE][PASSED] - Object: 'Object Repository/SearchResultPage/SearchItemTab/CatalogItems/Check Box For 3 Row Item List' is clicked on

2018-07-02 21:28:20 - [TEST_STEP][PASSED] - click: Object: 'Object Repository/SearchResultPage/SearchItemTab/CatalogItems/AddToCart_MultipleItem' is clicked on

2018-07-02 21:28:20 - [MESSAGE][PASSED] - Object: 'Object Repository/SearchResultPage/SearchItemTab/CatalogItems/AddToCart_MultipleItem' is clicked on

2018-07-02 21:28:20 - [TEST_STEP][PASSED] - click: Object: 'Object Repository/OnlineStorePage/CartIcon' is clicked on

2018-07-02 21:28:20 - [MESSAGE][PASSED] - Object: 'Object Repository/OnlineStorePage/CartIcon' is clicked on

2018-07-02 21:28:20 - [TEST_STEP][FAILED] - click: Unable to click on object 'Object Repository/Cart Page/Item 1 Hyperlink' (Root cause: com.kms.katalon.core.webui.exception.WebElementNotFoundException: Web element with id: 'Object Repository/Cart Page/Item 1 Hyperlink' located by 'By.xpath: //span[normalize-space(text())='ITEM1']' not found)

2018-07-02 21:28:52 - [MESSAGE][FAILED] - Unable to click on object 'Object Repository/Cart Page/Item 1 Hyperlink' (Root cause: com.kms.katalon.core.webui.exception.WebElementNotFoundException: Web element with id: 'Object Repository/Cart Page/Item 1 Hyperlink' located by 'By.xpath: //span[normalize-space(text())='ITEM1']' not found)
[[ATTACHMENT|C:\\Users\\vikas.kiroula\\git\\eProc\\Reports\\Run\\20180702_203015\\1530547131979.png]]]]></system-out>
         <system-err><![CDATA[2018-07-02 21:27:17 - [TEST_CASE][FAILED] - Test Cases/DDS-272/DDS-3946 Pop-up should be displayed on clicking on the item name: Test Cases/DDS-272/DDS-3946 Pop-up should be displayed on clicking on the item name FAILED because (of) Unable to click on object 'Object Repository/Cart Page/Item 1 Hyperlink' (Root cause: com.kms.katalon.core.webui.exception.WebElementNotFoundException: Web element with id: 'Object Repository/Cart Page/Item 1 Hyperlink' located by 'By.xpath: //span[normalize-space(text())='ITEM1']' not found)]]></system-err>
      </testcase>
      <testcase name="Test Cases/DDS-272/DDS-3948 Item number for catalog items should have its Part number displayed in it" classname="Test Cases/DDS-272/DDS-3948 Item number for catalog items should have its Part number displayed in it" status="FAILED">
         <failure type="FAILED" message="Unable to get text of object 'Object Repository/Cart Page/Item No details for Item 1' (Root cause: com.kms.katalon.core.webui.exception.WebElementNotFoundException: Web element with id: 'Object Repository/Cart Page/Item No details for Item 1' located by 'By.xpath: //td[text()='item 1']' not found)"/>
         <system-out><![CDATA[2018-07-02 21:28:52 - [TEST_CASE][FAILED] - Test Cases/DDS-272/DDS-3948 Item number for catalog items should have its Part number displayed in it: Test Cases/DDS-272/DDS-3948 Item number for catalog items should have its Part number displayed in it FAILED because (of) Unable to get text of object 'Object Repository/Cart Page/Item No details for Item 1' (Root cause: com.kms.katalon.core.webui.exception.WebElementNotFoundException: Web element with id: 'Object Repository/Cart Page/Item No details for Item 1' located by 'By.xpath: //td[text()='item 1']' not found)

2018-07-02 21:28:52 - [TEST_STEP][PASSED] - callTestCase: Call Test Case 'Test Cases/CommonLibraries/Search By Item' successfully

2018-07-02 21:28:52 - [TEST_CASE][PASSED] - Test Cases/CommonLibraries/Search By Item: Test Cases/CommonLibraries/Search By Item

2018-07-02 21:28:52 - [TEST_STEP][PASSED] - callTestCase: Call Test Case 'Test Cases/CommonLibraries/Login' successfully

2018-07-02 21:28:52 - [TEST_CASE][PASSED] - Test Cases/CommonLibraries/Login: Test Cases/CommonLibraries/Login

2018-07-02 21:28:52 - [TEST_STEP][PASSED] - openBrowser: Browser is opened with url: 'https://smtlogin.zycus.net/sso/login?serviceName=http://eproc-qa.zycus.net/'

2018-07-02 21:28:52 - [MESSAGE][WARNING] - A browser is already opened. Closing browser and opening a new one

2018-07-02 21:29:00 - [MESSAGE][PASSED] - Browser is opened with url: 'https://smtlogin.zycus.net/sso/login?serviceName=http://eproc-qa.zycus.net/'

2018-07-02 21:29:00 - [TEST_STEP][PASSED] - maximizeWindow: Current window maximized

2018-07-02 21:29:02 - [MESSAGE][PASSED] - Current window maximized

2018-07-02 21:29:02 - [TEST_STEP][PASSED] - waitForElementVisible: Object 'Object Repository/LoginPage/UserID' is visible

2018-07-02 21:29:02 - [MESSAGE][PASSED] - Object 'Object Repository/LoginPage/UserID' is visible

2018-07-02 21:29:02 - [TEST_STEP][PASSED] - sendKeys: Keys 'monicaqa@zycus.com' sent to object: 'Object Repository/LoginPage/UserID'

2018-07-02 21:29:02 - [MESSAGE][PASSED] - Keys 'monicaqa@zycus.com' sent to object: 'Object Repository/LoginPage/UserID'

2018-07-02 21:29:02 - [TEST_STEP][PASSED] - sendKeys: Keys 'eProc@123' sent to object: 'Object Repository/LoginPage/Password'

2018-07-02 21:29:02 - [MESSAGE][PASSED] - Keys 'eProc@123' sent to object: 'Object Repository/LoginPage/Password'

2018-07-02 21:29:02 - [TEST_STEP][PASSED] - click: Object: 'Object Repository/LoginPage/LoginButton' is clicked on

2018-07-02 21:29:07 - [MESSAGE][PASSED] - Object: 'Object Repository/LoginPage/LoginButton' is clicked on

2018-07-02 21:29:07 - [MESSAGE][PASSED] - Call Test Case 'Test Cases/CommonLibraries/Login' successfully

2018-07-02 21:29:07 - [TEST_STEP][PASSED] - waitForElementPresent: Object 'Object Repository/OnlineStorePage/Search Box' is present

2018-07-02 21:29:38 - [MESSAGE][PASSED] - Object 'Object Repository/OnlineStorePage/Search Box' is present

2018-07-02 21:29:38 - [TEST_STEP][PASSED] - waitForPageLoad: Wait for page load successfully

2018-07-02 21:29:38 - [MESSAGE][PASSED] - Wait for page load successfully

2018-07-02 21:29:38 - [TEST_STEP][PASSED] - sendKeys: Keys 'Item' sent to object: 'Object Repository/OnlineStorePage/Search Box'

2018-07-02 21:29:38 - [MESSAGE][PASSED] - Keys 'Item' sent to object: 'Object Repository/OnlineStorePage/Search Box'

2018-07-02 21:29:38 - [TEST_STEP][PASSED] - click: Object: 'Object Repository/OnlineStorePage/Search Icon' is clicked on

2018-07-02 21:29:38 - [MESSAGE][PASSED] - Object: 'Object Repository/OnlineStorePage/Search Icon' is clicked on

2018-07-02 21:29:38 - [MESSAGE][PASSED] - Call Test Case 'Test Cases/CommonLibraries/Search By Item' successfully

2018-07-02 21:29:38 - [TEST_STEP][PASSED] - waitForElementPresent: Object 'Object Repository/SearchResultPage/SearchItemTab/CatalogItems/Check Box For 3 Row Item List' is present

2018-07-02 21:30:17 - [MESSAGE][PASSED] - Object 'Object Repository/SearchResultPage/SearchItemTab/CatalogItems/Check Box For 3 Row Item List' is present

2018-07-02 21:30:17 - [TEST_STEP][PASSED] - click: Object: 'Object Repository/SearchResultPage/SearchItemTab/CatalogItems/Check Box For 3 Row Item List' is clicked on

2018-07-02 21:30:17 - [MESSAGE][PASSED] - Object: 'Object Repository/SearchResultPage/SearchItemTab/CatalogItems/Check Box For 3 Row Item List' is clicked on

2018-07-02 21:30:17 - [TEST_STEP][PASSED] - Statement - PartNo = com.kms.katalon.core.webui.keyword.WebUiBuiltInKeywords.getText(com.kms.katalon.core.testobject.ObjectRepository.findTestObject(Cart Page/Part No For Item3)): Text of object 'Object Repository/Cart Page/Part No For Item3' is: 'Item3'

2018-07-02 21:30:17 - [MESSAGE][PASSED] - Text of object 'Object Repository/Cart Page/Part No For Item3' is: 'Item3'

2018-07-02 21:30:17 - [TEST_STEP][PASSED] - click: Object: 'Object Repository/SearchResultPage/SearchItemTab/CatalogItems/AddToCart_MultipleItem' is clicked on

2018-07-02 21:30:17 - [MESSAGE][PASSED] - Object: 'Object Repository/SearchResultPage/SearchItemTab/CatalogItems/AddToCart_MultipleItem' is clicked on

2018-07-02 21:30:17 - [TEST_STEP][PASSED] - click: Object: 'Object Repository/OnlineStorePage/CartIcon' is clicked on

2018-07-02 21:30:17 - [MESSAGE][PASSED] - Object: 'Object Repository/OnlineStorePage/CartIcon' is clicked on

2018-07-02 21:30:17 - [TEST_STEP][FAILED] - Statement - ItemNo = com.kms.katalon.core.webui.keyword.WebUiBuiltInKeywords.getText(com.kms.katalon.core.testobject.ObjectRepository.findTestObject(Cart Page/Item No details for Item 1)): Unable to get text of object 'Object Repository/Cart Page/Item No details for Item 1' (Root cause: com.kms.katalon.core.webui.exception.WebElementNotFoundException: Web element with id: 'Object Repository/Cart Page/Item No details for Item 1' located by 'By.xpath: //td[text()='item 1']' not found)

2018-07-02 21:30:49 - [MESSAGE][FAILED] - Unable to get text of object 'Object Repository/Cart Page/Item No details for Item 1' (Root cause: com.kms.katalon.core.webui.exception.WebElementNotFoundException: Web element with id: 'Object Repository/Cart Page/Item No details for Item 1' located by 'By.xpath: //td[text()='item 1']' not found)
[[ATTACHMENT|C:\\Users\\vikas.kiroula\\git\\eProc\\Reports\\Run\\20180702_203015\\1530547248844.png]]]]></system-out>
         <system-err><![CDATA[2018-07-02 21:28:52 - [TEST_CASE][FAILED] - Test Cases/DDS-272/DDS-3948 Item number for catalog items should have its Part number displayed in it: Test Cases/DDS-272/DDS-3948 Item number for catalog items should have its Part number displayed in it FAILED because (of) Unable to get text of object 'Object Repository/Cart Page/Item No details for Item 1' (Root cause: com.kms.katalon.core.webui.exception.WebElementNotFoundException: Web element with id: 'Object Repository/Cart Page/Item No details for Item 1' located by 'By.xpath: //td[text()='item 1']' not found)]]></system-err>
      </testcase>
      <testcase name="Test Cases/DDS-272/DDS-3950 Supplier Name should be prepopulated for catalog items and field should not be editable" classname="Test Cases/DDS-272/DDS-3950 Supplier Name should be prepopulated for catalog items and field should not be editable" status="PASSED">
         <system-out><![CDATA[2018-07-02 21:30:49 - [TEST_CASE][PASSED] - Test Cases/DDS-272/DDS-3950 Supplier Name should be prepopulated for catalog items and field should not be editable: Test Cases/DDS-272/DDS-3950 Supplier Name should be prepopulated for catalog items and field should not be editable

2018-07-02 21:30:49 - [TEST_STEP][PASSED] - callTestCase: Call Test Case 'Test Cases/CommonLibraries/Search By Item' successfully

2018-07-02 21:30:49 - [TEST_CASE][PASSED] - Test Cases/CommonLibraries/Search By Item: Test Cases/CommonLibraries/Search By Item

2018-07-02 21:30:49 - [TEST_STEP][PASSED] - callTestCase: Call Test Case 'Test Cases/CommonLibraries/Login' successfully

2018-07-02 21:30:49 - [TEST_CASE][PASSED] - Test Cases/CommonLibraries/Login: Test Cases/CommonLibraries/Login

2018-07-02 21:30:49 - [TEST_STEP][PASSED] - openBrowser: Browser is opened with url: 'https://smtlogin.zycus.net/sso/login?serviceName=http://eproc-qa.zycus.net/'

2018-07-02 21:30:49 - [MESSAGE][WARNING] - A browser is already opened. Closing browser and opening a new one

2018-07-02 21:30:57 - [MESSAGE][PASSED] - Browser is opened with url: 'https://smtlogin.zycus.net/sso/login?serviceName=http://eproc-qa.zycus.net/'

2018-07-02 21:30:57 - [TEST_STEP][PASSED] - maximizeWindow: Current window maximized

2018-07-02 21:30:59 - [MESSAGE][PASSED] - Current window maximized

2018-07-02 21:30:59 - [TEST_STEP][PASSED] - waitForElementVisible: Object 'Object Repository/LoginPage/UserID' is visible

2018-07-02 21:30:59 - [MESSAGE][PASSED] - Object 'Object Repository/LoginPage/UserID' is visible

2018-07-02 21:30:59 - [TEST_STEP][PASSED] - sendKeys: Keys 'monicaqa@zycus.com' sent to object: 'Object Repository/LoginPage/UserID'

2018-07-02 21:30:59 - [MESSAGE][PASSED] - Keys 'monicaqa@zycus.com' sent to object: 'Object Repository/LoginPage/UserID'

2018-07-02 21:30:59 - [TEST_STEP][PASSED] - sendKeys: Keys 'eProc@123' sent to object: 'Object Repository/LoginPage/Password'

2018-07-02 21:30:59 - [MESSAGE][PASSED] - Keys 'eProc@123' sent to object: 'Object Repository/LoginPage/Password'

2018-07-02 21:30:59 - [TEST_STEP][PASSED] - click: Object: 'Object Repository/LoginPage/LoginButton' is clicked on

2018-07-02 21:31:06 - [MESSAGE][PASSED] - Object: 'Object Repository/LoginPage/LoginButton' is clicked on

2018-07-02 21:31:06 - [MESSAGE][PASSED] - Call Test Case 'Test Cases/CommonLibraries/Login' successfully

2018-07-02 21:31:06 - [TEST_STEP][PASSED] - waitForElementPresent: Object 'Object Repository/OnlineStorePage/Search Box' is present

2018-07-02 21:31:41 - [MESSAGE][PASSED] - Object 'Object Repository/OnlineStorePage/Search Box' is present

2018-07-02 21:31:41 - [TEST_STEP][PASSED] - waitForPageLoad: Wait for page load successfully

2018-07-02 21:31:41 - [MESSAGE][PASSED] - Wait for page load successfully

2018-07-02 21:31:41 - [TEST_STEP][PASSED] - sendKeys: Keys 'Item' sent to object: 'Object Repository/OnlineStorePage/Search Box'

2018-07-02 21:31:41 - [MESSAGE][PASSED] - Keys 'Item' sent to object: 'Object Repository/OnlineStorePage/Search Box'

2018-07-02 21:31:41 - [TEST_STEP][PASSED] - click: Object: 'Object Repository/OnlineStorePage/Search Icon' is clicked on

2018-07-02 21:31:42 - [MESSAGE][PASSED] - Object: 'Object Repository/OnlineStorePage/Search Icon' is clicked on

2018-07-02 21:31:42 - [MESSAGE][PASSED] - Call Test Case 'Test Cases/CommonLibraries/Search By Item' successfully

2018-07-02 21:31:42 - [TEST_STEP][PASSED] - waitForElementPresent: Object 'Object Repository/SearchResultPage/SearchItemTab/CatalogItems/Check Box For 2 row item list' is present

2018-07-02 21:31:50 - [MESSAGE][PASSED] - Object 'Object Repository/SearchResultPage/SearchItemTab/CatalogItems/Check Box For 2 row item list' is present

2018-07-02 21:31:50 - [TEST_STEP][PASSED] - Statement - ActualSupplierName = com.kms.katalon.core.webui.keyword.WebUiBuiltInKeywords.getText(com.kms.katalon.core.testobject.ObjectRepository.findTestObject(SearchResultPage/SearchItemTab/CatalogItems/Supplier Name for ITEM1)): Text of object 'Object Repository/SearchResultPage/SearchItemTab/CatalogItems/Supplier Name for ITEM1' is: 'By TEST SUPPLIER ZEBA 645'

2018-07-02 21:31:50 - [MESSAGE][PASSED] - Text of object 'Object Repository/SearchResultPage/SearchItemTab/CatalogItems/Supplier Name for ITEM1' is: 'By TEST SUPPLIER ZEBA 645'

2018-07-02 21:31:50 - [TEST_STEP][PASSED] - Statement - arr1 = ActualSupplierName.split(" "): null

2018-07-02 21:31:50 - [TEST_STEP][PASSED] - Statement - actual = arr1[1] + " " + arr1[2] + " " + arr1[3] + " " + arr1[4]: null

2018-07-02 21:31:50 - [TEST_STEP][PASSED] - click: Object: 'Object Repository/SearchResultPage/SearchItemTab/CatalogItems/Check Box For 2 row item list' is clicked on

2018-07-02 21:31:50 - [MESSAGE][PASSED] - Object: 'Object Repository/SearchResultPage/SearchItemTab/CatalogItems/Check Box For 2 row item list' is clicked on

2018-07-02 21:31:50 - [TEST_STEP][PASSED] - click: Object: 'Object Repository/SearchResultPage/SearchItemTab/CatalogItems/AddToCart_MultipleItem' is clicked on

2018-07-02 21:31:50 - [MESSAGE][PASSED] - Object: 'Object Repository/SearchResultPage/SearchItemTab/CatalogItems/AddToCart_MultipleItem' is clicked on

2018-07-02 21:31:50 - [TEST_STEP][PASSED] - click: Object: 'Object Repository/OnlineStorePage/CartIcon' is clicked on

2018-07-02 21:31:50 - [MESSAGE][PASSED] - Object: 'Object Repository/OnlineStorePage/CartIcon' is clicked on

2018-07-02 21:31:50 - [TEST_STEP][PASSED] - Statement - ExpectedSupplierName = com.kms.katalon.core.webui.keyword.WebUiBuiltInKeywords.getText(com.kms.katalon.core.testobject.ObjectRepository.findTestObject(Cart Page/Supplier name For ITEM1), STOP_ON_FAILURE): Text of object 'Object Repository/Cart Page/Supplier name For ITEM1' is: 'TEST SUPPLIER ZEBA 645'

2018-07-02 21:31:51 - [MESSAGE][PASSED] - Text of object 'Object Repository/Cart Page/Supplier name For ITEM1' is: 'TEST SUPPLIER ZEBA 645'

2018-07-02 21:31:51 - [TEST_STEP][PASSED] - verifyMatch: Actual text 'TEST SUPPLIER ZEBA 645' and expected text 'TEST SUPPLIER ZEBA 645' are matched  using regular expression

2018-07-02 21:31:51 - [MESSAGE][PASSED] - Actual text 'TEST SUPPLIER ZEBA 645' and expected text 'TEST SUPPLIER ZEBA 645' are matched  using regular expression

2018-07-02 21:31:51 - [TEST_STEP][PASSED] - verifyElementNotHasAttribute: Object 'Object Repository/Cart Page/Supplier name For ITEM1' does not have attribute 'type'

2018-07-02 21:31:51 - [MESSAGE][PASSED] - Object 'Object Repository/Cart Page/Supplier name For ITEM1' does not have attribute 'type'

2018-07-02 21:31:51 - [TEST_STEP][PASSED] - closeBrowser: Browser is closed

2018-07-02 21:31:51 - [MESSAGE][PASSED] - Browser is closed]]></system-out>
         <system-err><![CDATA[]]></system-err>
      </testcase>
      <testcase name="Test Cases/DDS-272/DDS-3951 Value in currency and unit price field should be autopopulated" classname="Test Cases/DDS-272/DDS-3951 Value in currency and unit price field should be autopopulated" status="PASSED">
         <system-out><![CDATA[2018-07-02 21:31:51 - [TEST_CASE][PASSED] - Test Cases/DDS-272/DDS-3951 Value in currency and unit price field should be autopopulated: Test Cases/DDS-272/DDS-3951 Value in currency and unit price field should be autopopulated

2018-07-02 21:31:51 - [TEST_STEP][PASSED] - callTestCase: Call Test Case 'Test Cases/CommonLibraries/Search By Item' successfully

2018-07-02 21:31:51 - [TEST_CASE][PASSED] - Test Cases/CommonLibraries/Search By Item: Test Cases/CommonLibraries/Search By Item

2018-07-02 21:31:51 - [TEST_STEP][PASSED] - callTestCase: Call Test Case 'Test Cases/CommonLibraries/Login' successfully

2018-07-02 21:31:51 - [TEST_CASE][PASSED] - Test Cases/CommonLibraries/Login: Test Cases/CommonLibraries/Login

2018-07-02 21:31:51 - [TEST_STEP][PASSED] - openBrowser: Browser is opened with url: 'https://smtlogin.zycus.net/sso/login?serviceName=http://eproc-qa.zycus.net/'

2018-07-02 21:31:59 - [MESSAGE][PASSED] - Browser is opened with url: 'https://smtlogin.zycus.net/sso/login?serviceName=http://eproc-qa.zycus.net/'

2018-07-02 21:31:59 - [TEST_STEP][PASSED] - maximizeWindow: Current window maximized

2018-07-02 21:32:01 - [MESSAGE][PASSED] - Current window maximized

2018-07-02 21:32:01 - [TEST_STEP][PASSED] - waitForElementVisible: Object 'Object Repository/LoginPage/UserID' is visible

2018-07-02 21:32:01 - [MESSAGE][PASSED] - Object 'Object Repository/LoginPage/UserID' is visible

2018-07-02 21:32:01 - [TEST_STEP][PASSED] - sendKeys: Keys 'monicaqa@zycus.com' sent to object: 'Object Repository/LoginPage/UserID'

2018-07-02 21:32:01 - [MESSAGE][PASSED] - Keys 'monicaqa@zycus.com' sent to object: 'Object Repository/LoginPage/UserID'

2018-07-02 21:32:01 - [TEST_STEP][PASSED] - sendKeys: Keys 'eProc@123' sent to object: 'Object Repository/LoginPage/Password'

2018-07-02 21:32:02 - [MESSAGE][PASSED] - Keys 'eProc@123' sent to object: 'Object Repository/LoginPage/Password'

2018-07-02 21:32:02 - [TEST_STEP][PASSED] - click: Object: 'Object Repository/LoginPage/LoginButton' is clicked on

2018-07-02 21:32:06 - [MESSAGE][PASSED] - Object: 'Object Repository/LoginPage/LoginButton' is clicked on

2018-07-02 21:32:06 - [MESSAGE][PASSED] - Call Test Case 'Test Cases/CommonLibraries/Login' successfully

2018-07-02 21:32:06 - [TEST_STEP][PASSED] - waitForElementPresent: Object 'Object Repository/OnlineStorePage/Search Box' is present

2018-07-02 21:32:39 - [MESSAGE][PASSED] - Object 'Object Repository/OnlineStorePage/Search Box' is present

2018-07-02 21:32:39 - [TEST_STEP][PASSED] - waitForPageLoad: Wait for page load successfully

2018-07-02 21:32:39 - [MESSAGE][PASSED] - Wait for page load successfully

2018-07-02 21:32:39 - [TEST_STEP][PASSED] - sendKeys: Keys 'Item' sent to object: 'Object Repository/OnlineStorePage/Search Box'

2018-07-02 21:32:39 - [MESSAGE][PASSED] - Keys 'Item' sent to object: 'Object Repository/OnlineStorePage/Search Box'

2018-07-02 21:32:39 - [TEST_STEP][PASSED] - click: Object: 'Object Repository/OnlineStorePage/Search Icon' is clicked on

2018-07-02 21:32:40 - [MESSAGE][PASSED] - Object: 'Object Repository/OnlineStorePage/Search Icon' is clicked on

2018-07-02 21:32:40 - [MESSAGE][PASSED] - Call Test Case 'Test Cases/CommonLibraries/Search By Item' successfully

2018-07-02 21:32:40 - [TEST_STEP][PASSED] - waitForElementPresent: Object 'Object Repository/SearchResultPage/SearchItemTab/CatalogItems/Check Box For 3 Row Item List' is present

2018-07-02 21:32:47 - [MESSAGE][PASSED] - Object 'Object Repository/SearchResultPage/SearchItemTab/CatalogItems/Check Box For 3 Row Item List' is present

2018-07-02 21:32:47 - [TEST_STEP][PASSED] - Statement - ActualCurrencyValue = com.kms.katalon.core.webui.keyword.WebUiBuiltInKeywords.getText(com.kms.katalon.core.testobject.ObjectRepository.findTestObject(SearchResultPage/SearchItemTab/CatalogItems/Currency Value For ITEM1)): Text of object 'Object Repository/SearchResultPage/SearchItemTab/CatalogItems/Currency Value For ITEM1' is: 'INR 200'

2018-07-02 21:32:48 - [MESSAGE][PASSED] - Text of object 'Object Repository/SearchResultPage/SearchItemTab/CatalogItems/Currency Value For ITEM1' is: 'INR 200'

2018-07-02 21:32:48 - [TEST_STEP][PASSED] - click: Object: 'Object Repository/SearchResultPage/SearchItemTab/CatalogItems/Check Box For 3 Row Item List' is clicked on

2018-07-02 21:32:48 - [MESSAGE][PASSED] - Object: 'Object Repository/SearchResultPage/SearchItemTab/CatalogItems/Check Box For 3 Row Item List' is clicked on

2018-07-02 21:32:48 - [TEST_STEP][PASSED] - click: Object: 'Object Repository/SearchResultPage/SearchItemTab/CatalogItems/AddToCart_MultipleItem' is clicked on

2018-07-02 21:32:48 - [MESSAGE][PASSED] - Object: 'Object Repository/SearchResultPage/SearchItemTab/CatalogItems/AddToCart_MultipleItem' is clicked on

2018-07-02 21:32:48 - [TEST_STEP][PASSED] - click: Object: 'Object Repository/OnlineStorePage/CartIcon' is clicked on

2018-07-02 21:32:48 - [MESSAGE][PASSED] - Object: 'Object Repository/OnlineStorePage/CartIcon' is clicked on

2018-07-02 21:32:48 - [TEST_STEP][PASSED] - Statement - ExpectedCurrencyValue = com.kms.katalon.core.webui.keyword.WebUiBuiltInKeywords.getText(com.kms.katalon.core.testobject.ObjectRepository.findTestObject(Cart Page/Currency and Unit price Text), STOP_ON_FAILURE): Text of object 'Object Repository/Cart Page/Currency and Unit price Text' is: 'INR 200'

2018-07-02 21:32:48 - [MESSAGE][PASSED] - Text of object 'Object Repository/Cart Page/Currency and Unit price Text' is: 'INR 200'

2018-07-02 21:32:48 - [TEST_STEP][PASSED] - verifyMatch: Actual text 'INR 200' and expected text 'INR 200' are matched  using regular expression

2018-07-02 21:32:48 - [MESSAGE][PASSED] - Actual text 'INR 200' and expected text 'INR 200' are matched  using regular expression

2018-07-02 21:32:48 - [TEST_STEP][PASSED] - closeBrowser: Browser is closed

2018-07-02 21:32:49 - [MESSAGE][PASSED] - Browser is closed]]></system-out>
         <system-err><![CDATA[]]></system-err>
      </testcase>
      <testcase name="Test Cases/DDS-272/DDS-3952 Currency in unit price should be as per the product currency" classname="Test Cases/DDS-272/DDS-3952 Currency in unit price should be as per the product currency" status="PASSED">
         <system-out><![CDATA[2018-07-02 21:32:49 - [TEST_CASE][PASSED] - Test Cases/DDS-272/DDS-3952 Currency in unit price should be as per the product currency: Test Cases/DDS-272/DDS-3952 Currency in unit price should be as per the product currency

2018-07-02 21:32:49 - [TEST_STEP][PASSED] - callTestCase: Call Test Case 'Test Cases/CommonLibraries/Search By Item' successfully

2018-07-02 21:32:49 - [TEST_CASE][PASSED] - Test Cases/CommonLibraries/Search By Item: Test Cases/CommonLibraries/Search By Item

2018-07-02 21:32:49 - [TEST_STEP][PASSED] - callTestCase: Call Test Case 'Test Cases/CommonLibraries/Login' successfully

2018-07-02 21:32:49 - [TEST_CASE][PASSED] - Test Cases/CommonLibraries/Login: Test Cases/CommonLibraries/Login

2018-07-02 21:32:49 - [TEST_STEP][PASSED] - openBrowser: Browser is opened with url: 'https://smtlogin.zycus.net/sso/login?serviceName=http://eproc-qa.zycus.net/'

2018-07-02 21:32:59 - [MESSAGE][PASSED] - Browser is opened with url: 'https://smtlogin.zycus.net/sso/login?serviceName=http://eproc-qa.zycus.net/'

2018-07-02 21:32:59 - [TEST_STEP][PASSED] - maximizeWindow: Current window maximized

2018-07-02 21:32:59 - [MESSAGE][PASSED] - Current window maximized

2018-07-02 21:32:59 - [TEST_STEP][PASSED] - waitForElementVisible: Object 'Object Repository/LoginPage/UserID' is visible

2018-07-02 21:32:59 - [MESSAGE][PASSED] - Object 'Object Repository/LoginPage/UserID' is visible

2018-07-02 21:32:59 - [TEST_STEP][PASSED] - sendKeys: Keys 'monicaqa@zycus.com' sent to object: 'Object Repository/LoginPage/UserID'

2018-07-02 21:32:59 - [MESSAGE][PASSED] - Keys 'monicaqa@zycus.com' sent to object: 'Object Repository/LoginPage/UserID'

2018-07-02 21:32:59 - [TEST_STEP][PASSED] - sendKeys: Keys 'eProc@123' sent to object: 'Object Repository/LoginPage/Password'

2018-07-02 21:32:59 - [MESSAGE][PASSED] - Keys 'eProc@123' sent to object: 'Object Repository/LoginPage/Password'

2018-07-02 21:32:59 - [TEST_STEP][PASSED] - click: Object: 'Object Repository/LoginPage/LoginButton' is clicked on

2018-07-02 21:33:05 - [MESSAGE][PASSED] - Object: 'Object Repository/LoginPage/LoginButton' is clicked on

2018-07-02 21:33:05 - [MESSAGE][PASSED] - Call Test Case 'Test Cases/CommonLibraries/Login' successfully

2018-07-02 21:33:05 - [TEST_STEP][PASSED] - waitForElementPresent: Object 'Object Repository/OnlineStorePage/Search Box' is present

2018-07-02 21:33:37 - [MESSAGE][PASSED] - Object 'Object Repository/OnlineStorePage/Search Box' is present

2018-07-02 21:33:37 - [TEST_STEP][PASSED] - waitForPageLoad: Wait for page load successfully

2018-07-02 21:33:37 - [MESSAGE][PASSED] - Wait for page load successfully

2018-07-02 21:33:37 - [TEST_STEP][PASSED] - sendKeys: Keys 'Item' sent to object: 'Object Repository/OnlineStorePage/Search Box'

2018-07-02 21:33:37 - [MESSAGE][PASSED] - Keys 'Item' sent to object: 'Object Repository/OnlineStorePage/Search Box'

2018-07-02 21:33:37 - [TEST_STEP][PASSED] - click: Object: 'Object Repository/OnlineStorePage/Search Icon' is clicked on

2018-07-02 21:33:38 - [MESSAGE][PASSED] - Object: 'Object Repository/OnlineStorePage/Search Icon' is clicked on

2018-07-02 21:33:38 - [MESSAGE][PASSED] - Call Test Case 'Test Cases/CommonLibraries/Search By Item' successfully

2018-07-02 21:33:38 - [TEST_STEP][PASSED] - waitForElementPresent: Object 'Object Repository/SearchResultPage/SearchItemTab/CatalogItems/Check Box For 3 Row Item List' is present

2018-07-02 21:33:47 - [MESSAGE][PASSED] - Object 'Object Repository/SearchResultPage/SearchItemTab/CatalogItems/Check Box For 3 Row Item List' is present

2018-07-02 21:33:47 - [TEST_STEP][PASSED] - Statement - ActualCurrencyValue = com.kms.katalon.core.webui.keyword.WebUiBuiltInKeywords.getText(com.kms.katalon.core.testobject.ObjectRepository.findTestObject(SearchResultPage/SearchItemTab/CatalogItems/Currency Value For ITEM1)): Text of object 'Object Repository/SearchResultPage/SearchItemTab/CatalogItems/Currency Value For ITEM1' is: 'INR 200'

2018-07-02 21:33:47 - [MESSAGE][PASSED] - Text of object 'Object Repository/SearchResultPage/SearchItemTab/CatalogItems/Currency Value For ITEM1' is: 'INR 200'

2018-07-02 21:33:47 - [TEST_STEP][PASSED] - click: Object: 'Object Repository/SearchResultPage/SearchItemTab/CatalogItems/Check Box For 2 row item list' is clicked on

2018-07-02 21:33:47 - [MESSAGE][PASSED] - Object: 'Object Repository/SearchResultPage/SearchItemTab/CatalogItems/Check Box For 2 row item list' is clicked on

2018-07-02 21:33:47 - [TEST_STEP][PASSED] - click: Object: 'Object Repository/SearchResultPage/SearchItemTab/CatalogItems/AddToCart_MultipleItem' is clicked on

2018-07-02 21:33:47 - [MESSAGE][PASSED] - Object: 'Object Repository/SearchResultPage/SearchItemTab/CatalogItems/AddToCart_MultipleItem' is clicked on

2018-07-02 21:33:47 - [TEST_STEP][PASSED] - click: Object: 'Object Repository/OnlineStorePage/CartIcon' is clicked on

2018-07-02 21:33:47 - [MESSAGE][PASSED] - Object: 'Object Repository/OnlineStorePage/CartIcon' is clicked on

2018-07-02 21:33:47 - [TEST_STEP][PASSED] - Statement - ExpectedCurrencyValue = com.kms.katalon.core.webui.keyword.WebUiBuiltInKeywords.getText(com.kms.katalon.core.testobject.ObjectRepository.findTestObject(Cart Page/Currency and Unit price Text), STOP_ON_FAILURE): Text of object 'Object Repository/Cart Page/Currency and Unit price Text' is: 'INR 200'

2018-07-02 21:33:48 - [MESSAGE][PASSED] - Text of object 'Object Repository/Cart Page/Currency and Unit price Text' is: 'INR 200'

2018-07-02 21:33:48 - [TEST_STEP][PASSED] - verifyMatch: Actual text 'INR 200' and expected text 'INR 200' are matched  using regular expression

2018-07-02 21:33:48 - [MESSAGE][PASSED] - Actual text 'INR 200' and expected text 'INR 200' are matched  using regular expression

2018-07-02 21:33:48 - [TEST_STEP][PASSED] - closeBrowser: Browser is closed

2018-07-02 21:33:48 - [MESSAGE][PASSED] - Browser is closed]]></system-out>
         <system-err><![CDATA[]]></system-err>
      </testcase>
      <testcase name="Test Cases/DDS-272/DDS-3953 Currency should be appended before the unit price" classname="Test Cases/DDS-272/DDS-3953 Currency should be appended before the unit price" status="FAILED">
         <failure type="FAILED" message="Unable to send keys 'monicaqa@zycus.com' to object 'Object Repository/LoginPage/UserID' (Root cause: com.kms.katalon.core.webui.exception.WebElementNotFoundException: Web element with id: 'Object Repository/LoginPage/UserID' located by 'By.xpath: //input[@id='emailAddressGhost']' not found)"/>
         <system-out><![CDATA[2018-07-02 21:33:48 - [TEST_CASE][FAILED] - Test Cases/DDS-272/DDS-3953 Currency should be appended before the unit price: Test Cases/DDS-272/DDS-3953 Currency should be appended before the unit price FAILED because (of) Unable to send keys 'monicaqa@zycus.com' to object 'Object Repository/LoginPage/UserID' (Root cause: com.kms.katalon.core.webui.exception.WebElementNotFoundException: Web element with id: 'Object Repository/LoginPage/UserID' located by 'By.xpath: //input[@id='emailAddressGhost']' not found)

2018-07-02 21:33:48 - [TEST_STEP][FAILED] - callTestCase: Unable to call Test Case with id 'Test Cases/CommonLibraries/Search By Item' (Root cause: Call Test Case 'Test Cases/CommonLibraries/Search By Item' failed)

2018-07-02 21:33:48 - [TEST_CASE][FAILED] - Test Cases/CommonLibraries/Search By Item: Test Cases/CommonLibraries/Search By Item FAILED because (of) Unable to send keys 'monicaqa@zycus.com' to object 'Object Repository/LoginPage/UserID' (Root cause: com.kms.katalon.core.webui.exception.WebElementNotFoundException: Web element with id: 'Object Repository/LoginPage/UserID' located by 'By.xpath: //input[@id='emailAddressGhost']' not found)

2018-07-02 21:33:48 - [TEST_STEP][FAILED] - callTestCase: Unable to call Test Case with id 'Test Cases/CommonLibraries/Login' (Root cause: Call Test Case 'Test Cases/CommonLibraries/Login' failed)

2018-07-02 21:33:48 - [TEST_CASE][FAILED] - Test Cases/CommonLibraries/Login: Test Cases/CommonLibraries/Login FAILED because (of) Unable to send keys 'monicaqa@zycus.com' to object 'Object Repository/LoginPage/UserID' (Root cause: com.kms.katalon.core.webui.exception.WebElementNotFoundException: Web element with id: 'Object Repository/LoginPage/UserID' located by 'By.xpath: //input[@id='emailAddressGhost']' not found)

2018-07-02 21:33:48 - [TEST_STEP][PASSED] - openBrowser: Browser is opened with url: 'https://smtlogin.zycus.net/sso/login?serviceName=http://eproc-qa.zycus.net/'

2018-07-02 21:34:13 - [MESSAGE][PASSED] - Browser is opened with url: 'https://smtlogin.zycus.net/sso/login?serviceName=http://eproc-qa.zycus.net/'

2018-07-02 21:34:13 - [TEST_STEP][PASSED] - maximizeWindow: Current window maximized

2018-07-02 21:34:13 - [MESSAGE][PASSED] - Current window maximized

2018-07-02 21:34:13 - [TEST_STEP][PASSED] - waitForElementVisible: Web element with id: 'Object Repository/LoginPage/UserID' located by 'By.xpath: //input[@id='emailAddressGhost']' not found

2018-07-02 21:34:18 - [MESSAGE][WARNING] - Web element with id: 'Object Repository/LoginPage/UserID' located by 'By.xpath: //input[@id='emailAddressGhost']' not found

2018-07-02 21:34:18 - [TEST_STEP][FAILED] - sendKeys: Unable to send keys 'monicaqa@zycus.com' to object 'Object Repository/LoginPage/UserID' (Root cause: com.kms.katalon.core.webui.exception.WebElementNotFoundException: Web element with id: 'Object Repository/LoginPage/UserID' located by 'By.xpath: //input[@id='emailAddressGhost']' not found)

2018-07-02 21:34:50 - [MESSAGE][FAILED] - Unable to send keys 'monicaqa@zycus.com' to object 'Object Repository/LoginPage/UserID' (Root cause: com.kms.katalon.core.webui.exception.WebElementNotFoundException: Web element with id: 'Object Repository/LoginPage/UserID' located by 'By.xpath: //input[@id='emailAddressGhost']' not found)
[[ATTACHMENT|C:\\Users\\vikas.kiroula\\git\\eProc\\Reports\\Run\\20180702_203015\\1530547489994.png]]

2018-07-02 21:34:50 - [MESSAGE][FAILED] - Unable to call Test Case with id 'Test Cases/CommonLibraries/Login' (Root cause: Call Test Case 'Test Cases/CommonLibraries/Login' failed)

2018-07-02 21:34:50 - [MESSAGE][FAILED] - Unable to call Test Case with id 'Test Cases/CommonLibraries/Search By Item' (Root cause: Call Test Case 'Test Cases/CommonLibraries/Search By Item' failed)]]></system-out>
         <system-err><![CDATA[2018-07-02 21:33:48 - [TEST_CASE][FAILED] - Test Cases/DDS-272/DDS-3953 Currency should be appended before the unit price: Test Cases/DDS-272/DDS-3953 Currency should be appended before the unit price FAILED because (of) Unable to send keys 'monicaqa@zycus.com' to object 'Object Repository/LoginPage/UserID' (Root cause: com.kms.katalon.core.webui.exception.WebElementNotFoundException: Web element with id: 'Object Repository/LoginPage/UserID' located by 'By.xpath: //input[@id='emailAddressGhost']' not found)]]></system-err>
      </testcase>
      <testcase name="Test Cases/DDS-272/DDS-3954 UOM should be displayed along with quantity" classname="Test Cases/DDS-272/DDS-3954 UOM should be displayed along with quantity" status="FAILED">
         <failure type="FAILED" message="Unable to send keys 'monicaqa@zycus.com' to object 'Object Repository/LoginPage/UserID' (Root cause: com.kms.katalon.core.webui.exception.WebElementNotFoundException: Web element with id: 'Object Repository/LoginPage/UserID' located by 'By.xpath: //input[@id='emailAddressGhost']' not found)"/>
         <system-out><![CDATA[2018-07-02 21:34:50 - [TEST_CASE][FAILED] - Test Cases/DDS-272/DDS-3954 UOM should be displayed along with quantity: Test Cases/DDS-272/DDS-3954 UOM should be displayed along with quantity FAILED because (of) Unable to send keys 'monicaqa@zycus.com' to object 'Object Repository/LoginPage/UserID' (Root cause: com.kms.katalon.core.webui.exception.WebElementNotFoundException: Web element with id: 'Object Repository/LoginPage/UserID' located by 'By.xpath: //input[@id='emailAddressGhost']' not found)

2018-07-02 21:34:50 - [TEST_STEP][FAILED] - callTestCase: Unable to call Test Case with id 'Test Cases/CommonLibraries/Search By Item' (Root cause: Call Test Case 'Test Cases/CommonLibraries/Search By Item' failed)

2018-07-02 21:34:50 - [TEST_CASE][FAILED] - Test Cases/CommonLibraries/Search By Item: Test Cases/CommonLibraries/Search By Item FAILED because (of) Unable to send keys 'monicaqa@zycus.com' to object 'Object Repository/LoginPage/UserID' (Root cause: com.kms.katalon.core.webui.exception.WebElementNotFoundException: Web element with id: 'Object Repository/LoginPage/UserID' located by 'By.xpath: //input[@id='emailAddressGhost']' not found)

2018-07-02 21:34:50 - [TEST_STEP][FAILED] - callTestCase: Unable to call Test Case with id 'Test Cases/CommonLibraries/Login' (Root cause: Call Test Case 'Test Cases/CommonLibraries/Login' failed)

2018-07-02 21:34:50 - [TEST_CASE][FAILED] - Test Cases/CommonLibraries/Login: Test Cases/CommonLibraries/Login FAILED because (of) Unable to send keys 'monicaqa@zycus.com' to object 'Object Repository/LoginPage/UserID' (Root cause: com.kms.katalon.core.webui.exception.WebElementNotFoundException: Web element with id: 'Object Repository/LoginPage/UserID' located by 'By.xpath: //input[@id='emailAddressGhost']' not found)

2018-07-02 21:34:50 - [TEST_STEP][PASSED] - openBrowser: Browser is opened with url: 'https://smtlogin.zycus.net/sso/login?serviceName=http://eproc-qa.zycus.net/'

2018-07-02 21:34:50 - [MESSAGE][WARNING] - A browser is already opened. Closing browser and opening a new one

2018-07-02 21:35:15 - [MESSAGE][PASSED] - Browser is opened with url: 'https://smtlogin.zycus.net/sso/login?serviceName=http://eproc-qa.zycus.net/'

2018-07-02 21:35:15 - [TEST_STEP][PASSED] - maximizeWindow: Current window maximized

2018-07-02 21:35:15 - [MESSAGE][PASSED] - Current window maximized

2018-07-02 21:35:15 - [TEST_STEP][PASSED] - waitForElementVisible: Web element with id: 'Object Repository/LoginPage/UserID' located by 'By.xpath: //input[@id='emailAddressGhost']' not found

2018-07-02 21:35:20 - [MESSAGE][WARNING] - Web element with id: 'Object Repository/LoginPage/UserID' located by 'By.xpath: //input[@id='emailAddressGhost']' not found

2018-07-02 21:35:20 - [TEST_STEP][FAILED] - sendKeys: Unable to send keys 'monicaqa@zycus.com' to object 'Object Repository/LoginPage/UserID' (Root cause: com.kms.katalon.core.webui.exception.WebElementNotFoundException: Web element with id: 'Object Repository/LoginPage/UserID' located by 'By.xpath: //input[@id='emailAddressGhost']' not found)

2018-07-02 21:35:51 - [MESSAGE][FAILED] - Unable to send keys 'monicaqa@zycus.com' to object 'Object Repository/LoginPage/UserID' (Root cause: com.kms.katalon.core.webui.exception.WebElementNotFoundException: Web element with id: 'Object Repository/LoginPage/UserID' located by 'By.xpath: //input[@id='emailAddressGhost']' not found)
[[ATTACHMENT|C:\\Users\\vikas.kiroula\\git\\eProc\\Reports\\Run\\20180702_203015\\1530547551812.png]]

2018-07-02 21:35:51 - [MESSAGE][FAILED] - Unable to call Test Case with id 'Test Cases/CommonLibraries/Login' (Root cause: Call Test Case 'Test Cases/CommonLibraries/Login' failed)

2018-07-02 21:35:51 - [MESSAGE][FAILED] - Unable to call Test Case with id 'Test Cases/CommonLibraries/Search By Item' (Root cause: Call Test Case 'Test Cases/CommonLibraries/Search By Item' failed)]]></system-out>
         <system-err><![CDATA[2018-07-02 21:34:50 - [TEST_CASE][FAILED] - Test Cases/DDS-272/DDS-3954 UOM should be displayed along with quantity: Test Cases/DDS-272/DDS-3954 UOM should be displayed along with quantity FAILED because (of) Unable to send keys 'monicaqa@zycus.com' to object 'Object Repository/LoginPage/UserID' (Root cause: com.kms.katalon.core.webui.exception.WebElementNotFoundException: Web element with id: 'Object Repository/LoginPage/UserID' located by 'By.xpath: //input[@id='emailAddressGhost']' not found)]]></system-err>
      </testcase>
      <testcase name="Test Cases/DDS-272/DDS-3955 QTY or Amt field should be editable" classname="Test Cases/DDS-272/DDS-3955 QTY or Amt field should be editable" status="PASSED">
         <system-out><![CDATA[2018-07-02 21:35:51 - [TEST_CASE][PASSED] - Test Cases/DDS-272/DDS-3955 QTY or Amt field should be editable: Test Cases/DDS-272/DDS-3955 QTY or Amt field should be editable

2018-07-02 21:35:51 - [TEST_STEP][PASSED] - callTestCase: Call Test Case 'Test Cases/CommonLibraries/Search By Item' successfully

2018-07-02 21:35:52 - [TEST_CASE][PASSED] - Test Cases/CommonLibraries/Search By Item: Test Cases/CommonLibraries/Search By Item

2018-07-02 21:35:52 - [TEST_STEP][PASSED] - callTestCase: Call Test Case 'Test Cases/CommonLibraries/Login' successfully

2018-07-02 21:35:52 - [TEST_CASE][PASSED] - Test Cases/CommonLibraries/Login: Test Cases/CommonLibraries/Login

2018-07-02 21:35:52 - [TEST_STEP][PASSED] - openBrowser: Browser is opened with url: 'https://smtlogin.zycus.net/sso/login?serviceName=http://eproc-qa.zycus.net/'

2018-07-02 21:35:52 - [MESSAGE][WARNING] - A browser is already opened. Closing browser and opening a new one

2018-07-02 21:36:00 - [MESSAGE][PASSED] - Browser is opened with url: 'https://smtlogin.zycus.net/sso/login?serviceName=http://eproc-qa.zycus.net/'

2018-07-02 21:36:00 - [TEST_STEP][PASSED] - maximizeWindow: Current window maximized

2018-07-02 21:36:02 - [MESSAGE][PASSED] - Current window maximized

2018-07-02 21:36:02 - [TEST_STEP][PASSED] - waitForElementVisible: Object 'Object Repository/LoginPage/UserID' is visible

2018-07-02 21:36:02 - [MESSAGE][PASSED] - Object 'Object Repository/LoginPage/UserID' is visible

2018-07-02 21:36:02 - [TEST_STEP][PASSED] - sendKeys: Keys 'monicaqa@zycus.com' sent to object: 'Object Repository/LoginPage/UserID'

2018-07-02 21:36:02 - [MESSAGE][PASSED] - Keys 'monicaqa@zycus.com' sent to object: 'Object Repository/LoginPage/UserID'

2018-07-02 21:36:02 - [TEST_STEP][PASSED] - sendKeys: Keys 'eProc@123' sent to object: 'Object Repository/LoginPage/Password'

2018-07-02 21:36:02 - [MESSAGE][PASSED] - Keys 'eProc@123' sent to object: 'Object Repository/LoginPage/Password'

2018-07-02 21:36:02 - [TEST_STEP][PASSED] - click: Object: 'Object Repository/LoginPage/LoginButton' is clicked on

2018-07-02 21:36:07 - [MESSAGE][PASSED] - Object: 'Object Repository/LoginPage/LoginButton' is clicked on

2018-07-02 21:36:07 - [MESSAGE][PASSED] - Call Test Case 'Test Cases/CommonLibraries/Login' successfully

2018-07-02 21:36:07 - [TEST_STEP][PASSED] - waitForElementPresent: Object 'Object Repository/OnlineStorePage/Search Box' is present

2018-07-02 21:36:37 - [MESSAGE][PASSED] - Object 'Object Repository/OnlineStorePage/Search Box' is present

2018-07-02 21:36:37 - [TEST_STEP][PASSED] - waitForPageLoad: Wait for page load successfully

2018-07-02 21:36:37 - [MESSAGE][PASSED] - Wait for page load successfully

2018-07-02 21:36:37 - [TEST_STEP][PASSED] - sendKeys: Keys 'Item' sent to object: 'Object Repository/OnlineStorePage/Search Box'

2018-07-02 21:36:37 - [MESSAGE][PASSED] - Keys 'Item' sent to object: 'Object Repository/OnlineStorePage/Search Box'

2018-07-02 21:36:37 - [TEST_STEP][PASSED] - click: Object: 'Object Repository/OnlineStorePage/Search Icon' is clicked on

2018-07-02 21:36:37 - [MESSAGE][PASSED] - Object: 'Object Repository/OnlineStorePage/Search Icon' is clicked on

2018-07-02 21:36:37 - [MESSAGE][PASSED] - Call Test Case 'Test Cases/CommonLibraries/Search By Item' successfully

2018-07-02 21:36:37 - [TEST_STEP][PASSED] - waitForElementPresent: Object 'Object Repository/SearchResultPage/SearchItemTab/CatalogItems/Check Box For 3 Row Item List' is present

2018-07-02 21:36:44 - [MESSAGE][PASSED] - Object 'Object Repository/SearchResultPage/SearchItemTab/CatalogItems/Check Box For 3 Row Item List' is present

2018-07-02 21:36:44 - [TEST_STEP][PASSED] - click: Object: 'Object Repository/SearchResultPage/SearchItemTab/CatalogItems/Check Box For 3 Row Item List' is clicked on

2018-07-02 21:36:44 - [MESSAGE][PASSED] - Object: 'Object Repository/SearchResultPage/SearchItemTab/CatalogItems/Check Box For 3 Row Item List' is clicked on

2018-07-02 21:36:44 - [TEST_STEP][PASSED] - click: Object: 'Object Repository/SearchResultPage/SearchItemTab/CatalogItems/AddToCart_MultipleItem' is clicked on

2018-07-02 21:36:44 - [MESSAGE][PASSED] - Object: 'Object Repository/SearchResultPage/SearchItemTab/CatalogItems/AddToCart_MultipleItem' is clicked on

2018-07-02 21:36:44 - [TEST_STEP][PASSED] - click: Object: 'Object Repository/OnlineStorePage/CartIcon' is clicked on

2018-07-02 21:36:44 - [MESSAGE][PASSED] - Object: 'Object Repository/OnlineStorePage/CartIcon' is clicked on

2018-07-02 21:36:44 - [TEST_STEP][PASSED] - delay: Delayed 3 second(s)

2018-07-02 21:36:47 - [MESSAGE][PASSED] - Delayed 3 second(s)

2018-07-02 21:36:47 - [TEST_STEP][PASSED] - click: Object: 'Object Repository/Cart Page/Qty or Amt Edit Box for line item1' is clicked on

2018-07-02 21:36:47 - [MESSAGE][PASSED] - Object: 'Object Repository/Cart Page/Qty or Amt Edit Box for line item1' is clicked on

2018-07-02 21:36:47 - [TEST_STEP][PASSED] - sendKeys: Keys 'INSERT + BACK_SPACE + BACK_SPACE + 3' sent to object: 'Object Repository/Cart Page/Qty or Amt Edit Box for line item1'

2018-07-02 21:36:48 - [MESSAGE][PASSED] - Keys 'INSERT + BACK_SPACE + BACK_SPACE + 3' sent to object: 'Object Repository/Cart Page/Qty or Amt Edit Box for line item1'

2018-07-02 21:36:48 - [TEST_STEP][PASSED] - click: Object: 'Object Repository/Cart Page/Line Item Details/Quantity or Amt' is clicked on

2018-07-02 21:36:48 - [MESSAGE][PASSED] - Object: 'Object Repository/Cart Page/Line Item Details/Quantity or Amt' is clicked on

2018-07-02 21:36:48 - [TEST_STEP][PASSED] - waitForElementPresent: Object 'Object Repository/Cart Page/Item Quantity added message' is present

2018-07-02 21:36:48 - [MESSAGE][PASSED] - Object 'Object Repository/Cart Page/Item Quantity added message' is present

2018-07-02 21:36:48 - [TEST_STEP][PASSED] - verifyElementText: Actual text and expected text of test object 'Object Repository/Cart Page/Item Quantity added message' are matched.

2018-07-02 21:36:48 - [MESSAGE][PASSED] - Actual text and expected text of test object 'Object Repository/Cart Page/Item Quantity added message' are matched.

2018-07-02 21:36:48 - [TEST_STEP][PASSED] - closeBrowser: Browser is closed

2018-07-02 21:36:48 - [MESSAGE][PASSED] - Browser is closed]]></system-out>
         <system-err><![CDATA[]]></system-err>
      </testcase>
      <testcase name="Test Cases/DDS-272/DDS-3956 when value is updated and user navigates from the field should be autoupdated" classname="Test Cases/DDS-272/DDS-3956 when value is updated and user navigates from the field should be autoupdated" status="PASSED">
         <system-out><![CDATA[2018-07-02 21:36:48 - [TEST_CASE][PASSED] - Test Cases/DDS-272/DDS-3956 when value is updated and user navigates from the field should be autoupdated: Test Cases/DDS-272/DDS-3956 when value is updated and user navigates from the field should be autoupdated

2018-07-02 21:36:48 - [TEST_STEP][PASSED] - callTestCase: Call Test Case 'Test Cases/CommonLibraries/Search By Item' successfully

2018-07-02 21:36:49 - [TEST_CASE][PASSED] - Test Cases/CommonLibraries/Search By Item: Test Cases/CommonLibraries/Search By Item

2018-07-02 21:36:49 - [TEST_STEP][PASSED] - callTestCase: Call Test Case 'Test Cases/CommonLibraries/Login' successfully

2018-07-02 21:36:49 - [TEST_CASE][PASSED] - Test Cases/CommonLibraries/Login: Test Cases/CommonLibraries/Login

2018-07-02 21:36:49 - [TEST_STEP][PASSED] - openBrowser: Browser is opened with url: 'https://smtlogin.zycus.net/sso/login?serviceName=http://eproc-qa.zycus.net/'

2018-07-02 21:36:57 - [MESSAGE][PASSED] - Browser is opened with url: 'https://smtlogin.zycus.net/sso/login?serviceName=http://eproc-qa.zycus.net/'

2018-07-02 21:36:57 - [TEST_STEP][PASSED] - maximizeWindow: Current window maximized

2018-07-02 21:36:59 - [MESSAGE][PASSED] - Current window maximized

2018-07-02 21:36:59 - [TEST_STEP][PASSED] - waitForElementVisible: Object 'Object Repository/LoginPage/UserID' is visible

2018-07-02 21:36:59 - [MESSAGE][PASSED] - Object 'Object Repository/LoginPage/UserID' is visible

2018-07-02 21:36:59 - [TEST_STEP][PASSED] - sendKeys: Keys 'monicaqa@zycus.com' sent to object: 'Object Repository/LoginPage/UserID'

2018-07-02 21:36:59 - [MESSAGE][PASSED] - Keys 'monicaqa@zycus.com' sent to object: 'Object Repository/LoginPage/UserID'

2018-07-02 21:36:59 - [TEST_STEP][PASSED] - sendKeys: Keys 'eProc@123' sent to object: 'Object Repository/LoginPage/Password'

2018-07-02 21:36:59 - [MESSAGE][PASSED] - Keys 'eProc@123' sent to object: 'Object Repository/LoginPage/Password'

2018-07-02 21:36:59 - [TEST_STEP][PASSED] - click: Object: 'Object Repository/LoginPage/LoginButton' is clicked on

2018-07-02 21:37:04 - [MESSAGE][PASSED] - Object: 'Object Repository/LoginPage/LoginButton' is clicked on

2018-07-02 21:37:04 - [MESSAGE][PASSED] - Call Test Case 'Test Cases/CommonLibraries/Login' successfully

2018-07-02 21:37:04 - [TEST_STEP][PASSED] - waitForElementPresent: Object 'Object Repository/OnlineStorePage/Search Box' is present

2018-07-02 21:37:31 - [MESSAGE][PASSED] - Object 'Object Repository/OnlineStorePage/Search Box' is present

2018-07-02 21:37:31 - [TEST_STEP][PASSED] - waitForPageLoad: Wait for page load successfully

2018-07-02 21:37:31 - [MESSAGE][PASSED] - Wait for page load successfully

2018-07-02 21:37:31 - [TEST_STEP][PASSED] - sendKeys: Keys 'Item' sent to object: 'Object Repository/OnlineStorePage/Search Box'

2018-07-02 21:37:32 - [MESSAGE][PASSED] - Keys 'Item' sent to object: 'Object Repository/OnlineStorePage/Search Box'

2018-07-02 21:37:32 - [TEST_STEP][PASSED] - click: Object: 'Object Repository/OnlineStorePage/Search Icon' is clicked on

2018-07-02 21:37:32 - [MESSAGE][PASSED] - Object: 'Object Repository/OnlineStorePage/Search Icon' is clicked on

2018-07-02 21:37:32 - [MESSAGE][PASSED] - Call Test Case 'Test Cases/CommonLibraries/Search By Item' successfully

2018-07-02 21:37:32 - [TEST_STEP][PASSED] - waitForElementPresent: Object 'Object Repository/SearchResultPage/SearchItemTab/CatalogItems/Check Box For 3 Row Item List' is present

2018-07-02 21:38:01 - [MESSAGE][PASSED] - Object 'Object Repository/SearchResultPage/SearchItemTab/CatalogItems/Check Box For 3 Row Item List' is present

2018-07-02 21:38:01 - [TEST_STEP][PASSED] - click: Object: 'Object Repository/SearchResultPage/SearchItemTab/CatalogItems/Check Box For 3 Row Item List' is clicked on

2018-07-02 21:38:01 - [MESSAGE][PASSED] - Object: 'Object Repository/SearchResultPage/SearchItemTab/CatalogItems/Check Box For 3 Row Item List' is clicked on

2018-07-02 21:38:01 - [TEST_STEP][PASSED] - click: Object: 'Object Repository/SearchResultPage/SearchItemTab/CatalogItems/AddToCart_MultipleItem' is clicked on

2018-07-02 21:38:02 - [MESSAGE][PASSED] - Object: 'Object Repository/SearchResultPage/SearchItemTab/CatalogItems/AddToCart_MultipleItem' is clicked on

2018-07-02 21:38:02 - [TEST_STEP][PASSED] - click: Object: 'Object Repository/OnlineStorePage/CartIcon' is clicked on

2018-07-02 21:38:02 - [MESSAGE][PASSED] - Object: 'Object Repository/OnlineStorePage/CartIcon' is clicked on

2018-07-02 21:38:02 - [TEST_STEP][PASSED] - waitForElementPresent: Object 'Object Repository/Cart Page/Qty or Amt Edit Box for line item1' is present

2018-07-02 21:38:02 - [MESSAGE][PASSED] - Object 'Object Repository/Cart Page/Qty or Amt Edit Box for line item1' is present

2018-07-02 21:38:02 - [TEST_STEP][PASSED] - click: Object: 'Object Repository/Cart Page/Qty or Amt Edit Box for line item1' is clicked on

2018-07-02 21:38:02 - [MESSAGE][PASSED] - Object: 'Object Repository/Cart Page/Qty or Amt Edit Box for line item1' is clicked on

2018-07-02 21:38:02 - [TEST_STEP][PASSED] - sendKeys: Keys 'BACK_SPACE + 20' sent to object: 'Object Repository/Cart Page/Qty or Amt Edit Box for line item1'

2018-07-02 21:38:02 - [MESSAGE][PASSED] - Keys 'BACK_SPACE + 20' sent to object: 'Object Repository/Cart Page/Qty or Amt Edit Box for line item1'

2018-07-02 21:38:02 - [TEST_STEP][PASSED] - click: Object: 'Object Repository/Cart Page/Line Item Details/Quantity or Amt' is clicked on

2018-07-02 21:38:02 - [MESSAGE][PASSED] - Object: 'Object Repository/Cart Page/Line Item Details/Quantity or Amt' is clicked on

2018-07-02 21:38:02 - [TEST_STEP][PASSED] - delay: Delayed 2 second(s)

2018-07-02 21:38:04 - [MESSAGE][PASSED] - Delayed 2 second(s)

2018-07-02 21:38:04 - [TEST_STEP][PASSED] - verifyElementAttributeValue: Object 'Object Repository/Cart Page/Qty or Amt Edit Box for line item1' has attribute 'ng-reflect-model' with value '20'

2018-07-02 21:38:04 - [MESSAGE][PASSED] - Object 'Object Repository/Cart Page/Qty or Amt Edit Box for line item1' has attribute 'ng-reflect-model' with value '20'

2018-07-02 21:38:04 - [TEST_STEP][PASSED] - verifyElementText: Actual text and expected text of test object 'Object Repository/Cart Page/Item Quantity added message' are matched.

2018-07-02 21:38:04 - [MESSAGE][PASSED] - Actual text and expected text of test object 'Object Repository/Cart Page/Item Quantity added message' are matched.]]></system-out>
         <system-err><![CDATA[]]></system-err>
      </testcase>
      <testcase name="Test Cases/DDS-272/DDS-3958 QTY or Amt field should not accept alphabets" classname="Test Cases/DDS-272/DDS-3958 QTY or Amt field should not accept alphabets" status="FAILED">
         <failure type="FAILED" message="Verify element text of test object 'Object Repository/Popups/Alert Pop Up/Alert message' FAILED. (Root cause: Actual text '' and expected text 'Enter valid quantity' of test object 'Object Repository/Popups/Alert Pop Up/Alert message' are NOT matched.)"/>
         <system-out><![CDATA[2018-07-02 21:38:04 - [TEST_CASE][FAILED] - Test Cases/DDS-272/DDS-3958 QTY or Amt field should not accept alphabets: Test Cases/DDS-272/DDS-3958 QTY or Amt field should not accept alphabets FAILED because (of) Verify element text of test object 'Object Repository/Popups/Alert Pop Up/Alert message' FAILED. (Root cause: Actual text '' and expected text 'Enter valid quantity' of test object 'Object Repository/Popups/Alert Pop Up/Alert message' are NOT matched.)

2018-07-02 21:38:05 - [TEST_STEP][PASSED] - callTestCase: Call Test Case 'Test Cases/CommonLibraries/Search By Item' successfully

2018-07-02 21:38:05 - [TEST_CASE][PASSED] - Test Cases/CommonLibraries/Search By Item: Test Cases/CommonLibraries/Search By Item

2018-07-02 21:38:05 - [TEST_STEP][PASSED] - callTestCase: Call Test Case 'Test Cases/CommonLibraries/Login' successfully

2018-07-02 21:38:05 - [TEST_CASE][PASSED] - Test Cases/CommonLibraries/Login: Test Cases/CommonLibraries/Login

2018-07-02 21:38:05 - [TEST_STEP][PASSED] - openBrowser: Browser is opened with url: 'https://smtlogin.zycus.net/sso/login?serviceName=http://eproc-qa.zycus.net/'

2018-07-02 21:38:05 - [MESSAGE][WARNING] - A browser is already opened. Closing browser and opening a new one

2018-07-02 21:38:14 - [MESSAGE][PASSED] - Browser is opened with url: 'https://smtlogin.zycus.net/sso/login?serviceName=http://eproc-qa.zycus.net/'

2018-07-02 21:38:14 - [TEST_STEP][PASSED] - maximizeWindow: Current window maximized

2018-07-02 21:38:16 - [MESSAGE][PASSED] - Current window maximized

2018-07-02 21:38:16 - [TEST_STEP][PASSED] - waitForElementVisible: Object 'Object Repository/LoginPage/UserID' is visible

2018-07-02 21:38:16 - [MESSAGE][PASSED] - Object 'Object Repository/LoginPage/UserID' is visible

2018-07-02 21:38:16 - [TEST_STEP][PASSED] - sendKeys: Keys 'monicaqa@zycus.com' sent to object: 'Object Repository/LoginPage/UserID'

2018-07-02 21:38:16 - [MESSAGE][PASSED] - Keys 'monicaqa@zycus.com' sent to object: 'Object Repository/LoginPage/UserID'

2018-07-02 21:38:16 - [TEST_STEP][PASSED] - sendKeys: Keys 'eProc@123' sent to object: 'Object Repository/LoginPage/Password'

2018-07-02 21:38:16 - [MESSAGE][PASSED] - Keys 'eProc@123' sent to object: 'Object Repository/LoginPage/Password'

2018-07-02 21:38:16 - [TEST_STEP][PASSED] - click: Object: 'Object Repository/LoginPage/LoginButton' is clicked on

2018-07-02 21:38:20 - [MESSAGE][PASSED] - Object: 'Object Repository/LoginPage/LoginButton' is clicked on

2018-07-02 21:38:20 - [MESSAGE][PASSED] - Call Test Case 'Test Cases/CommonLibraries/Login' successfully

2018-07-02 21:38:20 - [TEST_STEP][PASSED] - waitForElementPresent: Object 'Object Repository/OnlineStorePage/Search Box' is present

2018-07-02 21:38:50 - [MESSAGE][PASSED] - Object 'Object Repository/OnlineStorePage/Search Box' is present

2018-07-02 21:38:50 - [TEST_STEP][PASSED] - waitForPageLoad: Wait for page load successfully

2018-07-02 21:38:50 - [MESSAGE][PASSED] - Wait for page load successfully

2018-07-02 21:38:50 - [TEST_STEP][PASSED] - sendKeys: Keys 'Item' sent to object: 'Object Repository/OnlineStorePage/Search Box'

2018-07-02 21:38:51 - [MESSAGE][PASSED] - Keys 'Item' sent to object: 'Object Repository/OnlineStorePage/Search Box'

2018-07-02 21:38:51 - [TEST_STEP][PASSED] - click: Object: 'Object Repository/OnlineStorePage/Search Icon' is clicked on

2018-07-02 21:38:51 - [MESSAGE][PASSED] - Object: 'Object Repository/OnlineStorePage/Search Icon' is clicked on

2018-07-02 21:38:51 - [MESSAGE][PASSED] - Call Test Case 'Test Cases/CommonLibraries/Search By Item' successfully

2018-07-02 21:38:51 - [TEST_STEP][PASSED] - waitForElementPresent: Object 'Object Repository/SearchResultPage/SearchItemTab/CatalogItems/Check Box For 3 Row Item List' is present

2018-07-02 21:38:51 - [MESSAGE][WARNING] - Timeout '0' is invalid. Using default page load timeout: '30'

2018-07-02 21:38:59 - [MESSAGE][PASSED] - Object 'Object Repository/SearchResultPage/SearchItemTab/CatalogItems/Check Box For 3 Row Item List' is present

2018-07-02 21:38:59 - [TEST_STEP][PASSED] - click: Object: 'Object Repository/SearchResultPage/SearchItemTab/CatalogItems/Check Box For 3 Row Item List' is clicked on

2018-07-02 21:38:59 - [MESSAGE][PASSED] - Object: 'Object Repository/SearchResultPage/SearchItemTab/CatalogItems/Check Box For 3 Row Item List' is clicked on

2018-07-02 21:38:59 - [TEST_STEP][PASSED] - click: Object: 'Object Repository/SearchResultPage/SearchItemTab/CatalogItems/AddToCart_MultipleItem' is clicked on

2018-07-02 21:38:59 - [MESSAGE][PASSED] - Object: 'Object Repository/SearchResultPage/SearchItemTab/CatalogItems/AddToCart_MultipleItem' is clicked on

2018-07-02 21:38:59 - [TEST_STEP][PASSED] - click: Object: 'Object Repository/OnlineStorePage/CartIcon' is clicked on

2018-07-02 21:38:59 - [MESSAGE][PASSED] - Object: 'Object Repository/OnlineStorePage/CartIcon' is clicked on

2018-07-02 21:38:59 - [TEST_STEP][PASSED] - sendKeys: Keys 'INSERT + BACK_SPACE + abc' sent to object: 'Object Repository/Cart Page/Qty or Amt Edit Box for line item1'

2018-07-02 21:39:00 - [MESSAGE][PASSED] - Keys 'INSERT + BACK_SPACE + abc' sent to object: 'Object Repository/Cart Page/Qty or Amt Edit Box for line item1'

2018-07-02 21:39:00 - [TEST_STEP][PASSED] - click: Object: 'Object Repository/Cart Page/Line Item Details/Quantity or Amt' is clicked on

2018-07-02 21:39:00 - [MESSAGE][PASSED] - Object: 'Object Repository/Cart Page/Line Item Details/Quantity or Amt' is clicked on

2018-07-02 21:39:00 - [TEST_STEP][PASSED] - waitForElementPresent: Object 'Object Repository/Popups/Alert Pop Up/Alert message' is present

2018-07-02 21:39:00 - [MESSAGE][PASSED] - Object 'Object Repository/Popups/Alert Pop Up/Alert message' is present

2018-07-02 21:39:00 - [TEST_STEP][FAILED] - verifyElementText: Verify element text of test object 'Object Repository/Popups/Alert Pop Up/Alert message' FAILED. (Root cause: Actual text '' and expected text 'Enter valid quantity' of test object 'Object Repository/Popups/Alert Pop Up/Alert message' are NOT matched.)

2018-07-02 21:39:00 - [MESSAGE][FAILED] - Actual text '' and expected text 'Enter valid quantity' of test object 'Object Repository/Popups/Alert Pop Up/Alert message' are NOT matched.
[[ATTACHMENT|C:\\Users\\vikas.kiroula\\git\\eProc\\Reports\\Run\\20180702_203015\\1530547740202.png]]

2018-07-02 21:39:00 - [MESSAGE][FAILED] - Verify element text of test object 'Object Repository/Popups/Alert Pop Up/Alert message' FAILED. (Root cause: Actual text '' and expected text 'Enter valid quantity' of test object 'Object Repository/Popups/Alert Pop Up/Alert message' are NOT matched.)
[[ATTACHMENT|C:\\Users\\vikas.kiroula\\git\\eProc\\Reports\\Run\\20180702_203015\\1530547740428.png]]]]></system-out>
         <system-err><![CDATA[2018-07-02 21:38:04 - [TEST_CASE][FAILED] - Test Cases/DDS-272/DDS-3958 QTY or Amt field should not accept alphabets: Test Cases/DDS-272/DDS-3958 QTY or Amt field should not accept alphabets FAILED because (of) Verify element text of test object 'Object Repository/Popups/Alert Pop Up/Alert message' FAILED. (Root cause: Actual text '' and expected text 'Enter valid quantity' of test object 'Object Repository/Popups/Alert Pop Up/Alert message' are NOT matched.)]]></system-err>
      </testcase>
      <testcase name="Test Cases/DDS-272/DDS-3960 QTY or Amt field should not accept multilingual values" classname="Test Cases/DDS-272/DDS-3960 QTY or Amt field should not accept multilingual values" status="PASSED">
         <system-out><![CDATA[2018-07-02 21:39:00 - [TEST_CASE][PASSED] - Test Cases/DDS-272/DDS-3960 QTY or Amt field should not accept multilingual values: Test Cases/DDS-272/DDS-3960 QTY or Amt field should not accept multilingual values

2018-07-02 21:39:00 - [TEST_STEP][PASSED] - callTestCase: Call Test Case 'Test Cases/CommonLibraries/Search By Item' successfully

2018-07-02 21:39:00 - [TEST_CASE][PASSED] - Test Cases/CommonLibraries/Search By Item: Test Cases/CommonLibraries/Search By Item

2018-07-02 21:39:00 - [TEST_STEP][PASSED] - callTestCase: Call Test Case 'Test Cases/CommonLibraries/Login' successfully

2018-07-02 21:39:00 - [TEST_CASE][PASSED] - Test Cases/CommonLibraries/Login: Test Cases/CommonLibraries/Login

2018-07-02 21:39:00 - [TEST_STEP][PASSED] - openBrowser: Browser is opened with url: 'https://smtlogin.zycus.net/sso/login?serviceName=http://eproc-qa.zycus.net/'

2018-07-02 21:39:00 - [MESSAGE][WARNING] - A browser is already opened. Closing browser and opening a new one

2018-07-02 21:39:09 - [MESSAGE][PASSED] - Browser is opened with url: 'https://smtlogin.zycus.net/sso/login?serviceName=http://eproc-qa.zycus.net/'

2018-07-02 21:39:09 - [TEST_STEP][PASSED] - maximizeWindow: Current window maximized

2018-07-02 21:39:11 - [MESSAGE][PASSED] - Current window maximized

2018-07-02 21:39:11 - [TEST_STEP][PASSED] - waitForElementVisible: Object 'Object Repository/LoginPage/UserID' is visible

2018-07-02 21:39:11 - [MESSAGE][PASSED] - Object 'Object Repository/LoginPage/UserID' is visible

2018-07-02 21:39:11 - [TEST_STEP][PASSED] - sendKeys: Keys 'monicaqa@zycus.com' sent to object: 'Object Repository/LoginPage/UserID'

2018-07-02 21:39:11 - [MESSAGE][PASSED] - Keys 'monicaqa@zycus.com' sent to object: 'Object Repository/LoginPage/UserID'

2018-07-02 21:39:11 - [TEST_STEP][PASSED] - sendKeys: Keys 'eProc@123' sent to object: 'Object Repository/LoginPage/Password'

2018-07-02 21:39:11 - [MESSAGE][PASSED] - Keys 'eProc@123' sent to object: 'Object Repository/LoginPage/Password'

2018-07-02 21:39:11 - [TEST_STEP][PASSED] - click: Object: 'Object Repository/LoginPage/LoginButton' is clicked on

2018-07-02 21:39:16 - [MESSAGE][PASSED] - Object: 'Object Repository/LoginPage/LoginButton' is clicked on

2018-07-02 21:39:16 - [MESSAGE][PASSED] - Call Test Case 'Test Cases/CommonLibraries/Login' successfully

2018-07-02 21:39:16 - [TEST_STEP][PASSED] - waitForElementPresent: Object 'Object Repository/OnlineStorePage/Search Box' is present

2018-07-02 21:39:49 - [MESSAGE][PASSED] - Object 'Object Repository/OnlineStorePage/Search Box' is present

2018-07-02 21:39:49 - [TEST_STEP][PASSED] - waitForPageLoad: Wait for page load successfully

2018-07-02 21:39:49 - [MESSAGE][PASSED] - Wait for page load successfully

2018-07-02 21:39:49 - [TEST_STEP][PASSED] - sendKeys: Keys 'Item' sent to object: 'Object Repository/OnlineStorePage/Search Box'

2018-07-02 21:39:49 - [MESSAGE][PASSED] - Keys 'Item' sent to object: 'Object Repository/OnlineStorePage/Search Box'

2018-07-02 21:39:49 - [TEST_STEP][PASSED] - click: Object: 'Object Repository/OnlineStorePage/Search Icon' is clicked on

2018-07-02 21:39:49 - [MESSAGE][PASSED] - Object: 'Object Repository/OnlineStorePage/Search Icon' is clicked on

2018-07-02 21:39:49 - [MESSAGE][PASSED] - Call Test Case 'Test Cases/CommonLibraries/Search By Item' successfully

2018-07-02 21:39:49 - [TEST_STEP][PASSED] - waitForElementPresent: Object 'Object Repository/SearchResultPage/SearchItemTab/CatalogItems/Check Box For 3 Row Item List' is present

2018-07-02 21:39:49 - [MESSAGE][WARNING] - Timeout '0' is invalid. Using default page load timeout: '30'

2018-07-02 21:40:18 - [MESSAGE][PASSED] - Object 'Object Repository/SearchResultPage/SearchItemTab/CatalogItems/Check Box For 3 Row Item List' is present

2018-07-02 21:40:18 - [TEST_STEP][PASSED] - click: Object: 'Object Repository/SearchResultPage/SearchItemTab/CatalogItems/Check Box For 3 Row Item List' is clicked on

2018-07-02 21:40:18 - [MESSAGE][PASSED] - Object: 'Object Repository/SearchResultPage/SearchItemTab/CatalogItems/Check Box For 3 Row Item List' is clicked on

2018-07-02 21:40:18 - [TEST_STEP][PASSED] - click: Object: 'Object Repository/SearchResultPage/SearchItemTab/CatalogItems/AddToCart_MultipleItem' is clicked on

2018-07-02 21:40:18 - [MESSAGE][PASSED] - Object: 'Object Repository/SearchResultPage/SearchItemTab/CatalogItems/AddToCart_MultipleItem' is clicked on

2018-07-02 21:40:18 - [TEST_STEP][PASSED] - click: Object: 'Object Repository/OnlineStorePage/CartIcon' is clicked on

2018-07-02 21:40:18 - [MESSAGE][PASSED] - Object: 'Object Repository/OnlineStorePage/CartIcon' is clicked on

2018-07-02 21:40:18 - [TEST_STEP][PASSED] - sendKeys: Keys 'INSERT + BACK_SPACE + 诶比西' sent to object: 'Object Repository/Cart Page/Qty or Amt Edit Box for line item1'

2018-07-02 21:40:19 - [MESSAGE][PASSED] - Keys 'INSERT + BACK_SPACE + 诶比西' sent to object: 'Object Repository/Cart Page/Qty or Amt Edit Box for line item1'

2018-07-02 21:40:19 - [TEST_STEP][PASSED] - click: Object: 'Object Repository/Cart Page/Line Item Details/Quantity or Amt' is clicked on

2018-07-02 21:40:19 - [MESSAGE][PASSED] - Object: 'Object Repository/Cart Page/Line Item Details/Quantity or Amt' is clicked on

2018-07-02 21:40:19 - [TEST_STEP][PASSED] - waitForElementPresent: Object 'Object Repository/Popups/Alert Pop Up/Alert message' is present

2018-07-02 21:40:19 - [MESSAGE][PASSED] - Object 'Object Repository/Popups/Alert Pop Up/Alert message' is present

2018-07-02 21:40:19 - [TEST_STEP][PASSED] - verifyElementText: Actual text and expected text of test object 'Object Repository/Popups/Alert Pop Up/Alert message' are matched.

2018-07-02 21:40:19 - [MESSAGE][PASSED] - Actual text and expected text of test object 'Object Repository/Popups/Alert Pop Up/Alert message' are matched.

2018-07-02 21:40:19 - [TEST_STEP][PASSED] - closeBrowser: Browser is closed

2018-07-02 21:40:19 - [MESSAGE][PASSED] - Browser is closed]]></system-out>
         <system-err><![CDATA[]]></system-err>
      </testcase>
      <testcase name="Test Cases/DDS-272/DDS-3961 QTY or Amt field should accept minimum of 1" classname="Test Cases/DDS-272/DDS-3961 QTY or Amt field should accept minimum of 1" status="PASSED">
         <system-out><![CDATA[2018-07-02 21:40:19 - [TEST_CASE][PASSED] - Test Cases/DDS-272/DDS-3961 QTY or Amt field should accept minimum of 1: Test Cases/DDS-272/DDS-3961 QTY or Amt field should accept minimum of 1

2018-07-02 21:40:19 - [TEST_STEP][PASSED] - callTestCase: Call Test Case 'Test Cases/CommonLibraries/Search By Item' successfully

2018-07-02 21:40:19 - [TEST_CASE][PASSED] - Test Cases/CommonLibraries/Search By Item: Test Cases/CommonLibraries/Search By Item

2018-07-02 21:40:19 - [TEST_STEP][PASSED] - callTestCase: Call Test Case 'Test Cases/CommonLibraries/Login' successfully

2018-07-02 21:40:19 - [TEST_CASE][PASSED] - Test Cases/CommonLibraries/Login: Test Cases/CommonLibraries/Login

2018-07-02 21:40:19 - [TEST_STEP][PASSED] - openBrowser: Browser is opened with url: 'https://smtlogin.zycus.net/sso/login?serviceName=http://eproc-qa.zycus.net/'

2018-07-02 21:40:28 - [MESSAGE][PASSED] - Browser is opened with url: 'https://smtlogin.zycus.net/sso/login?serviceName=http://eproc-qa.zycus.net/'

2018-07-02 21:40:28 - [TEST_STEP][PASSED] - maximizeWindow: Current window maximized

2018-07-02 21:40:30 - [MESSAGE][PASSED] - Current window maximized

2018-07-02 21:40:30 - [TEST_STEP][PASSED] - waitForElementVisible: Object 'Object Repository/LoginPage/UserID' is visible

2018-07-02 21:40:30 - [MESSAGE][PASSED] - Object 'Object Repository/LoginPage/UserID' is visible

2018-07-02 21:40:30 - [TEST_STEP][PASSED] - sendKeys: Keys 'monicaqa@zycus.com' sent to object: 'Object Repository/LoginPage/UserID'

2018-07-02 21:40:30 - [MESSAGE][PASSED] - Keys 'monicaqa@zycus.com' sent to object: 'Object Repository/LoginPage/UserID'

2018-07-02 21:40:30 - [TEST_STEP][PASSED] - sendKeys: Keys 'eProc@123' sent to object: 'Object Repository/LoginPage/Password'

2018-07-02 21:40:30 - [MESSAGE][PASSED] - Keys 'eProc@123' sent to object: 'Object Repository/LoginPage/Password'

2018-07-02 21:40:30 - [TEST_STEP][PASSED] - click: Object: 'Object Repository/LoginPage/LoginButton' is clicked on

2018-07-02 21:40:35 - [MESSAGE][PASSED] - Object: 'Object Repository/LoginPage/LoginButton' is clicked on

2018-07-02 21:40:35 - [MESSAGE][PASSED] - Call Test Case 'Test Cases/CommonLibraries/Login' successfully

2018-07-02 21:40:35 - [TEST_STEP][PASSED] - waitForElementPresent: Object 'Object Repository/OnlineStorePage/Search Box' is present

2018-07-02 21:41:09 - [MESSAGE][PASSED] - Object 'Object Repository/OnlineStorePage/Search Box' is present

2018-07-02 21:41:09 - [TEST_STEP][PASSED] - waitForPageLoad: Wait for page load successfully

2018-07-02 21:41:09 - [MESSAGE][PASSED] - Wait for page load successfully

2018-07-02 21:41:09 - [TEST_STEP][PASSED] - sendKeys: Keys 'Item' sent to object: 'Object Repository/OnlineStorePage/Search Box'

2018-07-02 21:41:10 - [MESSAGE][PASSED] - Keys 'Item' sent to object: 'Object Repository/OnlineStorePage/Search Box'

2018-07-02 21:41:10 - [TEST_STEP][PASSED] - click: Object: 'Object Repository/OnlineStorePage/Search Icon' is clicked on

2018-07-02 21:41:10 - [MESSAGE][PASSED] - Object: 'Object Repository/OnlineStorePage/Search Icon' is clicked on

2018-07-02 21:41:10 - [MESSAGE][PASSED] - Call Test Case 'Test Cases/CommonLibraries/Search By Item' successfully

2018-07-02 21:41:10 - [TEST_STEP][PASSED] - waitForElementPresent: Object 'Object Repository/SearchResultPage/SearchItemTab/CatalogItems/Check Box For 3 Row Item List' is present

2018-07-02 21:41:18 - [MESSAGE][PASSED] - Object 'Object Repository/SearchResultPage/SearchItemTab/CatalogItems/Check Box For 3 Row Item List' is present

2018-07-02 21:41:18 - [TEST_STEP][PASSED] - click: Object: 'Object Repository/SearchResultPage/SearchItemTab/CatalogItems/Check Box For 3 Row Item List' is clicked on

2018-07-02 21:41:18 - [MESSAGE][PASSED] - Object: 'Object Repository/SearchResultPage/SearchItemTab/CatalogItems/Check Box For 3 Row Item List' is clicked on

2018-07-02 21:41:18 - [TEST_STEP][PASSED] - click: Object: 'Object Repository/SearchResultPage/SearchItemTab/CatalogItems/AddToCart_MultipleItem' is clicked on

2018-07-02 21:41:18 - [MESSAGE][PASSED] - Object: 'Object Repository/SearchResultPage/SearchItemTab/CatalogItems/AddToCart_MultipleItem' is clicked on

2018-07-02 21:41:18 - [TEST_STEP][PASSED] - click: Object: 'Object Repository/OnlineStorePage/CartIcon' is clicked on

2018-07-02 21:41:18 - [MESSAGE][PASSED] - Object: 'Object Repository/OnlineStorePage/CartIcon' is clicked on

2018-07-02 21:41:18 - [TEST_STEP][PASSED] - delay: Delayed 2 second(s)

2018-07-02 21:41:20 - [MESSAGE][PASSED] - Delayed 2 second(s)

2018-07-02 21:41:20 - [TEST_STEP][PASSED] - sendKeys: Keys 'INSERT + BACK_SPACE + 1' sent to object: 'Object Repository/Cart Page/Qty or Amt Edit Box for line item1'

2018-07-02 21:41:20 - [MESSAGE][PASSED] - Keys 'INSERT + BACK_SPACE + 1' sent to object: 'Object Repository/Cart Page/Qty or Amt Edit Box for line item1'

2018-07-02 21:41:20 - [TEST_STEP][PASSED] - click: Object: 'Object Repository/Cart Page/Line Item Details/Quantity or Amt' is clicked on

2018-07-02 21:41:20 - [MESSAGE][PASSED] - Object: 'Object Repository/Cart Page/Line Item Details/Quantity or Amt' is clicked on

2018-07-02 21:41:20 - [TEST_STEP][PASSED] - verifyElementText: Actual text and expected text of test object 'Object Repository/Cart Page/Item Quantity added message' are matched.

2018-07-02 21:41:21 - [MESSAGE][PASSED] - Actual text and expected text of test object 'Object Repository/Cart Page/Item Quantity added message' are matched.

2018-07-02 21:41:21 - [TEST_STEP][PASSED] - delay: Delayed 2 second(s)

2018-07-02 21:41:23 - [MESSAGE][PASSED] - Delayed 2 second(s)

2018-07-02 21:41:23 - [TEST_STEP][PASSED] - verifyElementAttributeValue: Object 'Object Repository/Cart Page/Qty or Amt Edit Box for line item1' has attribute 'ng-reflect-model' with value '1'

2018-07-02 21:41:23 - [MESSAGE][PASSED] - Object 'Object Repository/Cart Page/Qty or Amt Edit Box for line item1' has attribute 'ng-reflect-model' with value '1'

2018-07-02 21:41:23 - [TEST_STEP][PASSED] - closeBrowser: Browser is closed

2018-07-02 21:41:23 - [MESSAGE][PASSED] - Browser is closed]]></system-out>
         <system-err><![CDATA[]]></system-err>
      </testcase>
      <testcase name="Test Cases/DDS-272/DDS-3969 When QTYor Amt field value is blank and user navigates to checkout page the quantity should be 1" classname="Test Cases/DDS-272/DDS-3969 When QTYor Amt field value is blank and user navigates to checkout page the quantity should be 1" status="PASSED">
         <system-out><![CDATA[2018-07-02 21:41:23 - [TEST_CASE][PASSED] - Test Cases/DDS-272/DDS-3969 When QTYor Amt field value is blank and user navigates to checkout page the quantity should be 1: Test Cases/DDS-272/DDS-3969 When QTYor Amt field value is blank and user navigates to checkout page the quantity should be 1

2018-07-02 21:41:23 - [TEST_STEP][PASSED] - callTestCase: Call Test Case 'Test Cases/CommonLibraries/Search By Item' successfully

2018-07-02 21:41:23 - [TEST_CASE][PASSED] - Test Cases/CommonLibraries/Search By Item: Test Cases/CommonLibraries/Search By Item

2018-07-02 21:41:23 - [TEST_STEP][PASSED] - callTestCase: Call Test Case 'Test Cases/CommonLibraries/Login' successfully

2018-07-02 21:41:23 - [TEST_CASE][PASSED] - Test Cases/CommonLibraries/Login: Test Cases/CommonLibraries/Login

2018-07-02 21:41:23 - [TEST_STEP][PASSED] - openBrowser: Browser is opened with url: 'https://smtlogin.zycus.net/sso/login?serviceName=http://eproc-qa.zycus.net/'

2018-07-02 21:41:31 - [MESSAGE][PASSED] - Browser is opened with url: 'https://smtlogin.zycus.net/sso/login?serviceName=http://eproc-qa.zycus.net/'

2018-07-02 21:41:31 - [TEST_STEP][PASSED] - maximizeWindow: Current window maximized

2018-07-02 21:41:33 - [MESSAGE][PASSED] - Current window maximized

2018-07-02 21:41:33 - [TEST_STEP][PASSED] - waitForElementVisible: Object 'Object Repository/LoginPage/UserID' is visible

2018-07-02 21:41:33 - [MESSAGE][PASSED] - Object 'Object Repository/LoginPage/UserID' is visible

2018-07-02 21:41:33 - [TEST_STEP][PASSED] - sendKeys: Keys 'monicaqa@zycus.com' sent to object: 'Object Repository/LoginPage/UserID'

2018-07-02 21:41:33 - [MESSAGE][PASSED] - Keys 'monicaqa@zycus.com' sent to object: 'Object Repository/LoginPage/UserID'

2018-07-02 21:41:33 - [TEST_STEP][PASSED] - sendKeys: Keys 'eProc@123' sent to object: 'Object Repository/LoginPage/Password'

2018-07-02 21:41:33 - [MESSAGE][PASSED] - Keys 'eProc@123' sent to object: 'Object Repository/LoginPage/Password'

2018-07-02 21:41:33 - [TEST_STEP][PASSED] - click: Object: 'Object Repository/LoginPage/LoginButton' is clicked on

2018-07-02 21:41:38 - [MESSAGE][PASSED] - Object: 'Object Repository/LoginPage/LoginButton' is clicked on

2018-07-02 21:41:38 - [MESSAGE][PASSED] - Call Test Case 'Test Cases/CommonLibraries/Login' successfully

2018-07-02 21:41:38 - [TEST_STEP][PASSED] - waitForElementPresent: Object 'Object Repository/OnlineStorePage/Search Box' is present

2018-07-02 21:42:10 - [MESSAGE][PASSED] - Object 'Object Repository/OnlineStorePage/Search Box' is present

2018-07-02 21:42:10 - [TEST_STEP][PASSED] - waitForPageLoad: Wait for page load successfully

2018-07-02 21:42:10 - [MESSAGE][PASSED] - Wait for page load successfully

2018-07-02 21:42:10 - [TEST_STEP][PASSED] - sendKeys: Keys 'Item' sent to object: 'Object Repository/OnlineStorePage/Search Box'

2018-07-02 21:42:11 - [MESSAGE][PASSED] - Keys 'Item' sent to object: 'Object Repository/OnlineStorePage/Search Box'

2018-07-02 21:42:11 - [TEST_STEP][PASSED] - click: Object: 'Object Repository/OnlineStorePage/Search Icon' is clicked on

2018-07-02 21:42:11 - [MESSAGE][PASSED] - Object: 'Object Repository/OnlineStorePage/Search Icon' is clicked on

2018-07-02 21:42:11 - [MESSAGE][PASSED] - Call Test Case 'Test Cases/CommonLibraries/Search By Item' successfully

2018-07-02 21:42:11 - [TEST_STEP][PASSED] - waitForElementPresent: Object 'Object Repository/SearchResultPage/SearchItemTab/CatalogItems/Check Box For 3 Row Item List' is present

2018-07-02 21:42:17 - [MESSAGE][PASSED] - Object 'Object Repository/SearchResultPage/SearchItemTab/CatalogItems/Check Box For 3 Row Item List' is present

2018-07-02 21:42:17 - [TEST_STEP][PASSED] - click: Object: 'Object Repository/SearchResultPage/SearchItemTab/CatalogItems/Check Box For 3 Row Item List' is clicked on

2018-07-02 21:42:17 - [MESSAGE][PASSED] - Object: 'Object Repository/SearchResultPage/SearchItemTab/CatalogItems/Check Box For 3 Row Item List' is clicked on

2018-07-02 21:42:17 - [TEST_STEP][PASSED] - click: Object: 'Object Repository/SearchResultPage/SearchItemTab/CatalogItems/AddToCart_MultipleItem' is clicked on

2018-07-02 21:42:17 - [MESSAGE][PASSED] - Object: 'Object Repository/SearchResultPage/SearchItemTab/CatalogItems/AddToCart_MultipleItem' is clicked on

2018-07-02 21:42:17 - [TEST_STEP][PASSED] - click: Object: 'Object Repository/OnlineStorePage/CartIcon' is clicked on

2018-07-02 21:42:18 - [MESSAGE][PASSED] - Object: 'Object Repository/OnlineStorePage/CartIcon' is clicked on

2018-07-02 21:42:18 - [TEST_STEP][PASSED] - sendKeys: Keys 'INSERT + BACK_SPACE + BACK_SPACE + ' sent to object: 'Object Repository/Cart Page/Qty or Amt Edit Box for line item1'

2018-07-02 21:42:18 - [MESSAGE][PASSED] - Keys 'INSERT + BACK_SPACE + BACK_SPACE + ' sent to object: 'Object Repository/Cart Page/Qty or Amt Edit Box for line item1'

2018-07-02 21:42:18 - [TEST_STEP][PASSED] - click: Object: 'Object Repository/Cart Page/Checkout Button' is clicked on

2018-07-02 21:42:18 - [MESSAGE][PASSED] - Object: 'Object Repository/Cart Page/Checkout Button' is clicked on

2018-07-02 21:42:18 - [TEST_STEP][PASSED] - click: Object: 'Object Repository/Popups/Alert Pop Up/Okey Button' is clicked on

2018-07-02 21:42:18 - [MESSAGE][PASSED] - Object: 'Object Repository/Popups/Alert Pop Up/Okey Button' is clicked on

2018-07-02 21:42:18 - [TEST_STEP][PASSED] - delay: Delayed 3 second(s)

2018-07-02 21:42:21 - [MESSAGE][PASSED] - Delayed 3 second(s)

2018-07-02 21:42:21 - [TEST_STEP][PASSED] - waitForElementPresent: Object 'Object Repository/Cart Page/Qty or Amt Edit Box for line item1' is present

2018-07-02 21:42:21 - [MESSAGE][PASSED] - Object 'Object Repository/Cart Page/Qty or Amt Edit Box for line item1' is present

2018-07-02 21:42:21 - [TEST_STEP][PASSED] - Statement - value = com.kms.katalon.core.webui.keyword.WebUiBuiltInKeywords.getAttribute(com.kms.katalon.core.testobject.ObjectRepository.findTestObject(Cart Page/Qty or Amt Edit Box for line item1), "ng-reflect-model"): Attribute 'ng-reflect-model' of object 'Object Repository/Cart Page/Qty or Amt Edit Box for line item1' is: '1'

2018-07-02 21:42:22 - [MESSAGE][PASSED] - Attribute 'ng-reflect-model' of object 'Object Repository/Cart Page/Qty or Amt Edit Box for line item1' is: '1'

2018-07-02 21:42:22 - [TEST_STEP][PASSED] - verifyMatch: Actual text '1' and expected text '1' are matched  using regular expression

2018-07-02 21:42:22 - [MESSAGE][PASSED] - Actual text '1' and expected text '1' are matched  using regular expression

2018-07-02 21:42:22 - [TEST_STEP][PASSED] - closeBrowser: Browser is closed

2018-07-02 21:42:22 - [MESSAGE][PASSED] - Browser is closed]]></system-out>
         <system-err><![CDATA[]]></system-err>
      </testcase>
      <testcase name="Test Cases/DDS-272/DDS-3977 User should be able to delete the individual item" classname="Test Cases/DDS-272/DDS-3977 User should be able to delete the individual item" status="PASSED">
         <system-out><![CDATA[2018-07-02 21:42:22 - [TEST_CASE][PASSED] - Test Cases/DDS-272/DDS-3977 User should be able to delete the individual item: Test Cases/DDS-272/DDS-3977 User should be able to delete the individual item

2018-07-02 21:42:22 - [TEST_STEP][PASSED] - callTestCase: Call Test Case 'Test Cases/CommonLibraries/Search By Item' successfully

2018-07-02 21:42:22 - [TEST_CASE][PASSED] - Test Cases/CommonLibraries/Search By Item: Test Cases/CommonLibraries/Search By Item

2018-07-02 21:42:22 - [TEST_STEP][PASSED] - callTestCase: Call Test Case 'Test Cases/CommonLibraries/Login' successfully

2018-07-02 21:42:22 - [TEST_CASE][PASSED] - Test Cases/CommonLibraries/Login: Test Cases/CommonLibraries/Login

2018-07-02 21:42:22 - [TEST_STEP][PASSED] - openBrowser: Browser is opened with url: 'https://smtlogin.zycus.net/sso/login?serviceName=http://eproc-qa.zycus.net/'

2018-07-02 21:42:30 - [MESSAGE][PASSED] - Browser is opened with url: 'https://smtlogin.zycus.net/sso/login?serviceName=http://eproc-qa.zycus.net/'

2018-07-02 21:42:30 - [TEST_STEP][PASSED] - maximizeWindow: Current window maximized

2018-07-02 21:42:32 - [MESSAGE][PASSED] - Current window maximized

2018-07-02 21:42:32 - [TEST_STEP][PASSED] - waitForElementVisible: Object 'Object Repository/LoginPage/UserID' is visible

2018-07-02 21:42:32 - [MESSAGE][PASSED] - Object 'Object Repository/LoginPage/UserID' is visible

2018-07-02 21:42:32 - [TEST_STEP][PASSED] - sendKeys: Keys 'monicaqa@zycus.com' sent to object: 'Object Repository/LoginPage/UserID'

2018-07-02 21:42:33 - [MESSAGE][PASSED] - Keys 'monicaqa@zycus.com' sent to object: 'Object Repository/LoginPage/UserID'

2018-07-02 21:42:33 - [TEST_STEP][PASSED] - sendKeys: Keys 'eProc@123' sent to object: 'Object Repository/LoginPage/Password'

2018-07-02 21:42:33 - [MESSAGE][PASSED] - Keys 'eProc@123' sent to object: 'Object Repository/LoginPage/Password'

2018-07-02 21:42:33 - [TEST_STEP][PASSED] - click: Object: 'Object Repository/LoginPage/LoginButton' is clicked on

2018-07-02 21:42:39 - [MESSAGE][PASSED] - Object: 'Object Repository/LoginPage/LoginButton' is clicked on

2018-07-02 21:42:39 - [MESSAGE][PASSED] - Call Test Case 'Test Cases/CommonLibraries/Login' successfully

2018-07-02 21:42:39 - [TEST_STEP][PASSED] - waitForElementPresent: Object 'Object Repository/OnlineStorePage/Search Box' is present

2018-07-02 21:43:10 - [MESSAGE][PASSED] - Object 'Object Repository/OnlineStorePage/Search Box' is present

2018-07-02 21:43:10 - [TEST_STEP][PASSED] - waitForPageLoad: Wait for page load successfully

2018-07-02 21:43:10 - [MESSAGE][PASSED] - Wait for page load successfully

2018-07-02 21:43:10 - [TEST_STEP][PASSED] - sendKeys: Keys 'Item' sent to object: 'Object Repository/OnlineStorePage/Search Box'

2018-07-02 21:43:11 - [MESSAGE][PASSED] - Keys 'Item' sent to object: 'Object Repository/OnlineStorePage/Search Box'

2018-07-02 21:43:11 - [TEST_STEP][PASSED] - click: Object: 'Object Repository/OnlineStorePage/Search Icon' is clicked on

2018-07-02 21:43:11 - [MESSAGE][PASSED] - Object: 'Object Repository/OnlineStorePage/Search Icon' is clicked on

2018-07-02 21:43:11 - [MESSAGE][PASSED] - Call Test Case 'Test Cases/CommonLibraries/Search By Item' successfully

2018-07-02 21:43:11 - [TEST_STEP][PASSED] - waitForElementPresent: Object 'Object Repository/SearchResultPage/SearchItemTab/CatalogItems/Check Box For 3 Row Item List' is present

2018-07-02 21:43:11 - [MESSAGE][WARNING] - Timeout '0' is invalid. Using default page load timeout: '30'

2018-07-02 21:43:17 - [MESSAGE][PASSED] - Object 'Object Repository/SearchResultPage/SearchItemTab/CatalogItems/Check Box For 3 Row Item List' is present

2018-07-02 21:43:17 - [TEST_STEP][PASSED] - click: Object: 'Object Repository/SearchResultPage/SearchItemTab/CatalogItems/Check Box For 3 Row Item List' is clicked on

2018-07-02 21:43:17 - [MESSAGE][PASSED] - Object: 'Object Repository/SearchResultPage/SearchItemTab/CatalogItems/Check Box For 3 Row Item List' is clicked on

2018-07-02 21:43:17 - [TEST_STEP][PASSED] - click: Object: 'Object Repository/SearchResultPage/SearchItemTab/CatalogItems/AddToCart_MultipleItem' is clicked on

2018-07-02 21:43:17 - [MESSAGE][PASSED] - Object: 'Object Repository/SearchResultPage/SearchItemTab/CatalogItems/AddToCart_MultipleItem' is clicked on

2018-07-02 21:43:17 - [TEST_STEP][PASSED] - click: Object: 'Object Repository/OnlineStorePage/CartIcon' is clicked on

2018-07-02 21:43:18 - [MESSAGE][PASSED] - Object: 'Object Repository/OnlineStorePage/CartIcon' is clicked on

2018-07-02 21:43:18 - [TEST_STEP][PASSED] - click: Object: 'Object Repository/Cart Page/Delete Icon_line item 1' is clicked on

2018-07-02 21:43:18 - [MESSAGE][PASSED] - Object: 'Object Repository/Cart Page/Delete Icon_line item 1' is clicked on

2018-07-02 21:43:18 - [TEST_STEP][PASSED] - click: Object: 'Object Repository/Popups/Delete Item Pop Up/Yes Button' is clicked on

2018-07-02 21:43:18 - [MESSAGE][PASSED] - Object: 'Object Repository/Popups/Delete Item Pop Up/Yes Button' is clicked on

2018-07-02 21:43:18 - [TEST_STEP][PASSED] - verifyElementText: Actual text and expected text of test object 'Object Repository/Cart Page/Delete One Item  Message ' are matched.

2018-07-02 21:43:19 - [MESSAGE][PASSED] - Actual text and expected text of test object 'Object Repository/Cart Page/Delete One Item  Message ' are matched.

2018-07-02 21:43:19 - [TEST_STEP][PASSED] - closeBrowser: Browser is closed

2018-07-02 21:43:19 - [MESSAGE][PASSED] - Browser is closed]]></system-out>
         <system-err><![CDATA[]]></system-err>
      </testcase>
      <testcase name="Test Cases/DDS-272/DDS-3978 User should be able to delete the entire cart" classname="Test Cases/DDS-272/DDS-3978 User should be able to delete the entire cart" status="FAILED">
         <failure type="FAILED" message="Unable to click on object 'Object Repository/Popups/Empty cart/Yes Button' (Root cause: org.openqa.selenium.ElementNotVisibleException: Element is not currently visible and so may not be interacted with
Command duration or timeout: 0 milliseconds)"/>
         <system-out><![CDATA[2018-07-02 21:43:19 - [TEST_CASE][FAILED] - Test Cases/DDS-272/DDS-3978 User should be able to delete the entire cart: Test Cases/DDS-272/DDS-3978 User should be able to delete the entire cart FAILED because (of) Unable to click on object 'Object Repository/Popups/Empty cart/Yes Button' (Root cause: org.openqa.selenium.ElementNotVisibleException: Element is not currently visible and so may not be interacted with
Command duration or timeout: 0 milliseconds)

2018-07-02 21:43:19 - [TEST_STEP][PASSED] - callTestCase: Call Test Case 'Test Cases/CommonLibraries/Search By Item' successfully

2018-07-02 21:43:19 - [TEST_CASE][PASSED] - Test Cases/CommonLibraries/Search By Item: Test Cases/CommonLibraries/Search By Item

2018-07-02 21:43:19 - [TEST_STEP][PASSED] - callTestCase: Call Test Case 'Test Cases/CommonLibraries/Login' successfully

2018-07-02 21:43:19 - [TEST_CASE][PASSED] - Test Cases/CommonLibraries/Login: Test Cases/CommonLibraries/Login

2018-07-02 21:43:19 - [TEST_STEP][PASSED] - openBrowser: Browser is opened with url: 'https://smtlogin.zycus.net/sso/login?serviceName=http://eproc-qa.zycus.net/'

2018-07-02 21:43:27 - [MESSAGE][PASSED] - Browser is opened with url: 'https://smtlogin.zycus.net/sso/login?serviceName=http://eproc-qa.zycus.net/'

2018-07-02 21:43:27 - [TEST_STEP][PASSED] - maximizeWindow: Current window maximized

2018-07-02 21:43:29 - [MESSAGE][PASSED] - Current window maximized

2018-07-02 21:43:29 - [TEST_STEP][PASSED] - waitForElementVisible: Object 'Object Repository/LoginPage/UserID' is visible

2018-07-02 21:43:29 - [MESSAGE][PASSED] - Object 'Object Repository/LoginPage/UserID' is visible

2018-07-02 21:43:29 - [TEST_STEP][PASSED] - sendKeys: Keys 'monicaqa@zycus.com' sent to object: 'Object Repository/LoginPage/UserID'

2018-07-02 21:43:29 - [MESSAGE][PASSED] - Keys 'monicaqa@zycus.com' sent to object: 'Object Repository/LoginPage/UserID'

2018-07-02 21:43:29 - [TEST_STEP][PASSED] - sendKeys: Keys 'eProc@123' sent to object: 'Object Repository/LoginPage/Password'

2018-07-02 21:43:29 - [MESSAGE][PASSED] - Keys 'eProc@123' sent to object: 'Object Repository/LoginPage/Password'

2018-07-02 21:43:29 - [TEST_STEP][PASSED] - click: Object: 'Object Repository/LoginPage/LoginButton' is clicked on

2018-07-02 21:43:33 - [MESSAGE][PASSED] - Object: 'Object Repository/LoginPage/LoginButton' is clicked on

2018-07-02 21:43:33 - [MESSAGE][PASSED] - Call Test Case 'Test Cases/CommonLibraries/Login' successfully

2018-07-02 21:43:33 - [TEST_STEP][PASSED] - waitForElementPresent: Object 'Object Repository/OnlineStorePage/Search Box' is present

2018-07-02 21:44:01 - [MESSAGE][PASSED] - Object 'Object Repository/OnlineStorePage/Search Box' is present

2018-07-02 21:44:01 - [TEST_STEP][PASSED] - waitForPageLoad: Wait for page load successfully

2018-07-02 21:44:01 - [MESSAGE][PASSED] - Wait for page load successfully

2018-07-02 21:44:01 - [TEST_STEP][PASSED] - sendKeys: Keys 'Item' sent to object: 'Object Repository/OnlineStorePage/Search Box'

2018-07-02 21:44:01 - [MESSAGE][PASSED] - Keys 'Item' sent to object: 'Object Repository/OnlineStorePage/Search Box'

2018-07-02 21:44:01 - [TEST_STEP][PASSED] - click: Object: 'Object Repository/OnlineStorePage/Search Icon' is clicked on

2018-07-02 21:44:02 - [MESSAGE][PASSED] - Object: 'Object Repository/OnlineStorePage/Search Icon' is clicked on

2018-07-02 21:44:02 - [MESSAGE][PASSED] - Call Test Case 'Test Cases/CommonLibraries/Search By Item' successfully

2018-07-02 21:44:02 - [TEST_STEP][PASSED] - waitForElementPresent: Object 'Object Repository/SearchResultPage/SearchItemTab/CatalogItems/Check Box For 3 Row Item List' is present

2018-07-02 21:44:02 - [MESSAGE][WARNING] - Timeout '0' is invalid. Using default page load timeout: '30'

2018-07-02 21:44:09 - [MESSAGE][PASSED] - Object 'Object Repository/SearchResultPage/SearchItemTab/CatalogItems/Check Box For 3 Row Item List' is present

2018-07-02 21:44:09 - [TEST_STEP][PASSED] - click: Object: 'Object Repository/SearchResultPage/SearchItemTab/CatalogItems/Check Box For 3 Row Item List' is clicked on

2018-07-02 21:44:09 - [MESSAGE][PASSED] - Object: 'Object Repository/SearchResultPage/SearchItemTab/CatalogItems/Check Box For 3 Row Item List' is clicked on

2018-07-02 21:44:09 - [TEST_STEP][PASSED] - click: Object: 'Object Repository/SearchResultPage/SearchItemTab/CatalogItems/AddToCart_MultipleItem' is clicked on

2018-07-02 21:44:09 - [MESSAGE][PASSED] - Object: 'Object Repository/SearchResultPage/SearchItemTab/CatalogItems/AddToCart_MultipleItem' is clicked on

2018-07-02 21:44:09 - [TEST_STEP][PASSED] - click: Object: 'Object Repository/OnlineStorePage/CartIcon' is clicked on

2018-07-02 21:44:10 - [MESSAGE][PASSED] - Object: 'Object Repository/OnlineStorePage/CartIcon' is clicked on

2018-07-02 21:44:10 - [TEST_STEP][PASSED] - click: Object: 'Object Repository/Cart Page/Empty Cart Button' is clicked on

2018-07-02 21:44:10 - [MESSAGE][PASSED] - Object: 'Object Repository/Cart Page/Empty Cart Button' is clicked on

2018-07-02 21:44:10 - [TEST_STEP][PASSED] - waitForElementPresent: Object 'Object Repository/Popups/Empty cart/Yes Button' is present

2018-07-02 21:44:10 - [MESSAGE][PASSED] - Object 'Object Repository/Popups/Empty cart/Yes Button' is present

2018-07-02 21:44:10 - [TEST_STEP][FAILED] - click: Unable to click on object 'Object Repository/Popups/Empty cart/Yes Button' (Root cause: org.openqa.selenium.ElementNotVisibleException: Element is not currently visible and so may not be interacted with
Command duration or timeout: 0 milliseconds)

2018-07-02 21:44:10 - [MESSAGE][FAILED] - Unable to click on object 'Object Repository/Popups/Empty cart/Yes Button' (Root cause: org.openqa.selenium.ElementNotVisibleException: Element is not currently visible and so may not be interacted with
Command duration or timeout: 0 milliseconds)
[[ATTACHMENT|C:\\Users\\vikas.kiroula\\git\\eProc\\Reports\\Run\\20180702_203015\\1530548050143.png]]]]></system-out>
         <system-err><![CDATA[2018-07-02 21:43:19 - [TEST_CASE][FAILED] - Test Cases/DDS-272/DDS-3978 User should be able to delete the entire cart: Test Cases/DDS-272/DDS-3978 User should be able to delete the entire cart FAILED because (of) Unable to click on object 'Object Repository/Popups/Empty cart/Yes Button' (Root cause: org.openqa.selenium.ElementNotVisibleException: Element is not currently visible and so may not be interacted with
Command duration or timeout: 0 milliseconds)]]></system-err>
      </testcase>
      <testcase name="Test Cases/DDS-272/DDS-3980 User should be able to add the deleted item again" classname="Test Cases/DDS-272/DDS-3980 User should be able to add the deleted item again" status="PASSED">
         <system-out><![CDATA[2018-07-02 21:44:10 - [TEST_CASE][PASSED] - Test Cases/DDS-272/DDS-3980 User should be able to add the deleted item again: Test Cases/DDS-272/DDS-3980 User should be able to add the deleted item again

2018-07-02 21:44:10 - [TEST_STEP][PASSED] - callTestCase: Call Test Case 'Test Cases/CommonLibraries/Search By Item' successfully

2018-07-02 21:44:10 - [TEST_CASE][PASSED] - Test Cases/CommonLibraries/Search By Item: Test Cases/CommonLibraries/Search By Item

2018-07-02 21:44:10 - [TEST_STEP][PASSED] - callTestCase: Call Test Case 'Test Cases/CommonLibraries/Login' successfully

2018-07-02 21:44:10 - [TEST_CASE][PASSED] - Test Cases/CommonLibraries/Login: Test Cases/CommonLibraries/Login

2018-07-02 21:44:10 - [TEST_STEP][PASSED] - openBrowser: Browser is opened with url: 'https://smtlogin.zycus.net/sso/login?serviceName=http://eproc-qa.zycus.net/'

2018-07-02 21:44:10 - [MESSAGE][WARNING] - A browser is already opened. Closing browser and opening a new one

2018-07-02 21:44:18 - [MESSAGE][PASSED] - Browser is opened with url: 'https://smtlogin.zycus.net/sso/login?serviceName=http://eproc-qa.zycus.net/'

2018-07-02 21:44:18 - [TEST_STEP][PASSED] - maximizeWindow: Current window maximized

2018-07-02 21:44:20 - [MESSAGE][PASSED] - Current window maximized

2018-07-02 21:44:20 - [TEST_STEP][PASSED] - waitForElementVisible: Object 'Object Repository/LoginPage/UserID' is visible

2018-07-02 21:44:20 - [MESSAGE][PASSED] - Object 'Object Repository/LoginPage/UserID' is visible

2018-07-02 21:44:20 - [TEST_STEP][PASSED] - sendKeys: Keys 'monicaqa@zycus.com' sent to object: 'Object Repository/LoginPage/UserID'

2018-07-02 21:44:20 - [MESSAGE][PASSED] - Keys 'monicaqa@zycus.com' sent to object: 'Object Repository/LoginPage/UserID'

2018-07-02 21:44:20 - [TEST_STEP][PASSED] - sendKeys: Keys 'eProc@123' sent to object: 'Object Repository/LoginPage/Password'

2018-07-02 21:44:20 - [MESSAGE][PASSED] - Keys 'eProc@123' sent to object: 'Object Repository/LoginPage/Password'

2018-07-02 21:44:20 - [TEST_STEP][PASSED] - click: Object: 'Object Repository/LoginPage/LoginButton' is clicked on

2018-07-02 21:44:25 - [MESSAGE][PASSED] - Object: 'Object Repository/LoginPage/LoginButton' is clicked on

2018-07-02 21:44:25 - [MESSAGE][PASSED] - Call Test Case 'Test Cases/CommonLibraries/Login' successfully

2018-07-02 21:44:25 - [TEST_STEP][PASSED] - waitForElementPresent: Object 'Object Repository/OnlineStorePage/Search Box' is present

2018-07-02 21:44:55 - [MESSAGE][PASSED] - Object 'Object Repository/OnlineStorePage/Search Box' is present

2018-07-02 21:44:55 - [TEST_STEP][PASSED] - waitForPageLoad: Wait for page load successfully

2018-07-02 21:44:55 - [MESSAGE][PASSED] - Wait for page load successfully

2018-07-02 21:44:55 - [TEST_STEP][PASSED] - sendKeys: Keys 'Item' sent to object: 'Object Repository/OnlineStorePage/Search Box'

2018-07-02 21:44:55 - [MESSAGE][PASSED] - Keys 'Item' sent to object: 'Object Repository/OnlineStorePage/Search Box'

2018-07-02 21:44:55 - [TEST_STEP][PASSED] - click: Object: 'Object Repository/OnlineStorePage/Search Icon' is clicked on

2018-07-02 21:44:56 - [MESSAGE][PASSED] - Object: 'Object Repository/OnlineStorePage/Search Icon' is clicked on

2018-07-02 21:44:56 - [MESSAGE][PASSED] - Call Test Case 'Test Cases/CommonLibraries/Search By Item' successfully

2018-07-02 21:44:56 - [TEST_STEP][PASSED] - waitForElementPresent: Object 'Object Repository/SearchResultPage/SearchItemTab/CatalogItems/Check Box For 3 Row Item List' is present

2018-07-02 21:44:56 - [MESSAGE][WARNING] - Timeout '0' is invalid. Using default page load timeout: '30'

2018-07-02 21:45:24 - [MESSAGE][PASSED] - Object 'Object Repository/SearchResultPage/SearchItemTab/CatalogItems/Check Box For 3 Row Item List' is present

2018-07-02 21:45:24 - [TEST_STEP][PASSED] - click: Object: 'Object Repository/SearchResultPage/SearchItemTab/CatalogItems/Check Box For 3 Row Item List' is clicked on

2018-07-02 21:45:24 - [MESSAGE][PASSED] - Object: 'Object Repository/SearchResultPage/SearchItemTab/CatalogItems/Check Box For 3 Row Item List' is clicked on

2018-07-02 21:45:24 - [TEST_STEP][PASSED] - click: Object: 'Object Repository/SearchResultPage/SearchItemTab/CatalogItems/AddToCart_MultipleItem' is clicked on

2018-07-02 21:45:24 - [MESSAGE][PASSED] - Object: 'Object Repository/SearchResultPage/SearchItemTab/CatalogItems/AddToCart_MultipleItem' is clicked on

2018-07-02 21:45:24 - [TEST_STEP][PASSED] - click: Object: 'Object Repository/OnlineStorePage/CartIcon' is clicked on

2018-07-02 21:45:24 - [MESSAGE][PASSED] - Object: 'Object Repository/OnlineStorePage/CartIcon' is clicked on

2018-07-02 21:45:24 - [TEST_STEP][PASSED] - click: Object: 'Object Repository/Cart Page/Delete Icon_line item 1' is clicked on

2018-07-02 21:45:24 - [MESSAGE][PASSED] - Object: 'Object Repository/Cart Page/Delete Icon_line item 1' is clicked on

2018-07-02 21:45:24 - [TEST_STEP][PASSED] - click: Object: 'Object Repository/Popups/Delete Item Pop Up/Yes Button' is clicked on

2018-07-02 21:45:25 - [MESSAGE][PASSED] - Object: 'Object Repository/Popups/Delete Item Pop Up/Yes Button' is clicked on

2018-07-02 21:45:25 - [TEST_STEP][PASSED] - verifyElementText: Actual text and expected text of test object 'Object Repository/Cart Page/Delete One Item  Message ' are matched.

2018-07-02 21:45:25 - [MESSAGE][PASSED] - Actual text and expected text of test object 'Object Repository/Cart Page/Delete One Item  Message ' are matched.

2018-07-02 21:45:25 - [TEST_STEP][PASSED] - click: Object: 'Object Repository/Home' is clicked on

2018-07-02 21:45:25 - [MESSAGE][PASSED] - Object: 'Object Repository/Home' is clicked on

2018-07-02 21:45:25 - [TEST_STEP][PASSED] - sendKeys: Keys 'Item' sent to object: 'Object Repository/OnlineStorePage/Search Box'

2018-07-02 21:45:27 - [MESSAGE][PASSED] - Keys 'Item' sent to object: 'Object Repository/OnlineStorePage/Search Box'

2018-07-02 21:45:27 - [TEST_STEP][PASSED] - click: Object: 'Object Repository/OnlineStorePage/Search Icon' is clicked on

2018-07-02 21:45:27 - [MESSAGE][PASSED] - Object: 'Object Repository/OnlineStorePage/Search Icon' is clicked on

2018-07-02 21:45:27 - [TEST_STEP][PASSED] - click: Object: 'Object Repository/SearchResultPage/SearchItemTab/CatalogItems/Check Box For 3 Row Item List' is clicked on

2018-07-02 21:45:35 - [MESSAGE][PASSED] - Object: 'Object Repository/SearchResultPage/SearchItemTab/CatalogItems/Check Box For 3 Row Item List' is clicked on

2018-07-02 21:45:35 - [TEST_STEP][PASSED] - click: Object: 'Object Repository/SearchResultPage/SearchItemTab/CatalogItems/AddToCart_MultipleItem' is clicked on

2018-07-02 21:45:35 - [MESSAGE][PASSED] - Object: 'Object Repository/SearchResultPage/SearchItemTab/CatalogItems/AddToCart_MultipleItem' is clicked on

2018-07-02 21:45:35 - [TEST_STEP][PASSED] - click: Object: 'Object Repository/OnlineStorePage/CartIcon' is clicked on

2018-07-02 21:45:35 - [MESSAGE][PASSED] - Object: 'Object Repository/OnlineStorePage/CartIcon' is clicked on

2018-07-02 21:45:35 - [TEST_STEP][PASSED] - click: Object: 'Object Repository/Cart Page/Delete Icon_line item 1' is clicked on

2018-07-02 21:45:36 - [MESSAGE][PASSED] - Object: 'Object Repository/Cart Page/Delete Icon_line item 1' is clicked on

2018-07-02 21:45:36 - [TEST_STEP][PASSED] - click: Object: 'Object Repository/Popups/Delete Item Pop Up/Yes Button' is clicked on

2018-07-02 21:45:36 - [MESSAGE][PASSED] - Object: 'Object Repository/Popups/Delete Item Pop Up/Yes Button' is clicked on

2018-07-02 21:45:36 - [TEST_STEP][PASSED] - verifyElementText: Actual text and expected text of test object 'Object Repository/Cart Page/Delete One Item  Message ' are matched.

2018-07-02 21:45:36 - [MESSAGE][PASSED] - Actual text and expected text of test object 'Object Repository/Cart Page/Delete One Item  Message ' are matched.

2018-07-02 21:45:36 - [TEST_STEP][PASSED] - closeBrowser: Browser is closed

2018-07-02 21:45:36 - [MESSAGE][PASSED] - Browser is closed]]></system-out>
         <system-err><![CDATA[]]></system-err>
      </testcase>
      <testcase name="Test Cases/DDS-272/DDS-3981 On deleting individual item appropriate Alert message should be displayed" classname="Test Cases/DDS-272/DDS-3981 On deleting individual item appropriate Alert message should be displayed" status="FAILED">
         <failure type="FAILED" message="Verify element text of test object 'Object Repository/Popups/Delete Item Pop Up/Item Delete Message' FAILED. (Root cause: Actual text 'Are you sure you want to delete 'Item3' on the cart?' and expected text 'Are you sure you want to delete 'item 1' on the cart?' of test object 'Object Repository/Popups/Delete Item Pop Up/Item Delete Message' are NOT matched.)"/>
         <system-out><![CDATA[2018-07-02 21:45:36 - [TEST_CASE][FAILED] - Test Cases/DDS-272/DDS-3981 On deleting individual item appropriate Alert message should be displayed: Test Cases/DDS-272/DDS-3981 On deleting individual item appropriate Alert message should be displayed FAILED because (of) Verify element text of test object 'Object Repository/Popups/Delete Item Pop Up/Item Delete Message' FAILED. (Root cause: Actual text 'Are you sure you want to delete 'Item3' on the cart?' and expected text 'Are you sure you want to delete 'item 1' on the cart?' of test object 'Object Repository/Popups/Delete Item Pop Up/Item Delete Message' are NOT matched.)

2018-07-02 21:45:36 - [TEST_STEP][PASSED] - callTestCase: Call Test Case 'Test Cases/CommonLibraries/Search By Item' successfully

2018-07-02 21:45:37 - [TEST_CASE][PASSED] - Test Cases/CommonLibraries/Search By Item: Test Cases/CommonLibraries/Search By Item

2018-07-02 21:45:37 - [TEST_STEP][PASSED] - callTestCase: Call Test Case 'Test Cases/CommonLibraries/Login' successfully

2018-07-02 21:45:37 - [TEST_CASE][PASSED] - Test Cases/CommonLibraries/Login: Test Cases/CommonLibraries/Login

2018-07-02 21:45:37 - [TEST_STEP][PASSED] - openBrowser: Browser is opened with url: 'https://smtlogin.zycus.net/sso/login?serviceName=http://eproc-qa.zycus.net/'

2018-07-02 21:45:44 - [MESSAGE][PASSED] - Browser is opened with url: 'https://smtlogin.zycus.net/sso/login?serviceName=http://eproc-qa.zycus.net/'

2018-07-02 21:45:44 - [TEST_STEP][PASSED] - maximizeWindow: Current window maximized

2018-07-02 21:45:46 - [MESSAGE][PASSED] - Current window maximized

2018-07-02 21:45:46 - [TEST_STEP][PASSED] - waitForElementVisible: Object 'Object Repository/LoginPage/UserID' is visible

2018-07-02 21:45:46 - [MESSAGE][PASSED] - Object 'Object Repository/LoginPage/UserID' is visible

2018-07-02 21:45:46 - [TEST_STEP][PASSED] - sendKeys: Keys 'monicaqa@zycus.com' sent to object: 'Object Repository/LoginPage/UserID'

2018-07-02 21:45:46 - [MESSAGE][PASSED] - Keys 'monicaqa@zycus.com' sent to object: 'Object Repository/LoginPage/UserID'

2018-07-02 21:45:46 - [TEST_STEP][PASSED] - sendKeys: Keys 'eProc@123' sent to object: 'Object Repository/LoginPage/Password'

2018-07-02 21:45:46 - [MESSAGE][PASSED] - Keys 'eProc@123' sent to object: 'Object Repository/LoginPage/Password'

2018-07-02 21:45:46 - [TEST_STEP][PASSED] - click: Object: 'Object Repository/LoginPage/LoginButton' is clicked on

2018-07-02 21:45:53 - [MESSAGE][PASSED] - Object: 'Object Repository/LoginPage/LoginButton' is clicked on

2018-07-02 21:45:53 - [MESSAGE][PASSED] - Call Test Case 'Test Cases/CommonLibraries/Login' successfully

2018-07-02 21:45:53 - [TEST_STEP][PASSED] - waitForElementPresent: Object 'Object Repository/OnlineStorePage/Search Box' is present

2018-07-02 21:46:28 - [MESSAGE][PASSED] - Object 'Object Repository/OnlineStorePage/Search Box' is present

2018-07-02 21:46:28 - [TEST_STEP][PASSED] - waitForPageLoad: Wait for page load successfully

2018-07-02 21:46:28 - [MESSAGE][PASSED] - Wait for page load successfully

2018-07-02 21:46:28 - [TEST_STEP][PASSED] - sendKeys: Keys 'Item' sent to object: 'Object Repository/OnlineStorePage/Search Box'

2018-07-02 21:46:29 - [MESSAGE][PASSED] - Keys 'Item' sent to object: 'Object Repository/OnlineStorePage/Search Box'

2018-07-02 21:46:29 - [TEST_STEP][PASSED] - click: Object: 'Object Repository/OnlineStorePage/Search Icon' is clicked on

2018-07-02 21:46:29 - [MESSAGE][PASSED] - Object: 'Object Repository/OnlineStorePage/Search Icon' is clicked on

2018-07-02 21:46:29 - [MESSAGE][PASSED] - Call Test Case 'Test Cases/CommonLibraries/Search By Item' successfully

2018-07-02 21:46:29 - [TEST_STEP][PASSED] - waitForElementPresent: Object 'Object Repository/SearchResultPage/SearchItemTab/CatalogItems/Check Box For 3 Row Item List' is present

2018-07-02 21:46:29 - [MESSAGE][WARNING] - Timeout '0' is invalid. Using default page load timeout: '30'

2018-07-02 21:46:37 - [MESSAGE][PASSED] - Object 'Object Repository/SearchResultPage/SearchItemTab/CatalogItems/Check Box For 3 Row Item List' is present

2018-07-02 21:46:37 - [TEST_STEP][PASSED] - click: Object: 'Object Repository/SearchResultPage/SearchItemTab/CatalogItems/Check Box For 3 Row Item List' is clicked on

2018-07-02 21:46:37 - [MESSAGE][PASSED] - Object: 'Object Repository/SearchResultPage/SearchItemTab/CatalogItems/Check Box For 3 Row Item List' is clicked on

2018-07-02 21:46:37 - [TEST_STEP][PASSED] - click: Object: 'Object Repository/SearchResultPage/SearchItemTab/CatalogItems/AddToCart_MultipleItem' is clicked on

2018-07-02 21:46:37 - [MESSAGE][PASSED] - Object: 'Object Repository/SearchResultPage/SearchItemTab/CatalogItems/AddToCart_MultipleItem' is clicked on

2018-07-02 21:46:37 - [TEST_STEP][PASSED] - click: Object: 'Object Repository/OnlineStorePage/CartIcon' is clicked on

2018-07-02 21:46:37 - [MESSAGE][PASSED] - Object: 'Object Repository/OnlineStorePage/CartIcon' is clicked on

2018-07-02 21:46:37 - [TEST_STEP][PASSED] - click: Object: 'Object Repository/Cart Page/Delete Icon_line item 1' is clicked on

2018-07-02 21:46:38 - [MESSAGE][PASSED] - Object: 'Object Repository/Cart Page/Delete Icon_line item 1' is clicked on

2018-07-02 21:46:38 - [TEST_STEP][PASSED] - waitForElementVisible: Object 'Object Repository/Popups/Delete Item Pop Up/Item Delete Message' is visible

2018-07-02 21:46:38 - [MESSAGE][PASSED] - Object 'Object Repository/Popups/Delete Item Pop Up/Item Delete Message' is visible

2018-07-02 21:46:38 - [TEST_STEP][FAILED] - verifyElementText: Verify element text of test object 'Object Repository/Popups/Delete Item Pop Up/Item Delete Message' FAILED. (Root cause: Actual text 'Are you sure you want to delete 'Item3' on the cart?' and expected text 'Are you sure you want to delete 'item 1' on the cart?' of test object 'Object Repository/Popups/Delete Item Pop Up/Item Delete Message' are NOT matched.)

2018-07-02 21:46:38 - [MESSAGE][FAILED] - Actual text 'Are you sure you want to delete 'Item3' on the cart?' and expected text 'Are you sure you want to delete 'item 1' on the cart?' of test object 'Object Repository/Popups/Delete Item Pop Up/Item Delete Message' are NOT matched.
[[ATTACHMENT|C:\\Users\\vikas.kiroula\\git\\eProc\\Reports\\Run\\20180702_203015\\1530548198605.png]]

2018-07-02 21:46:38 - [MESSAGE][FAILED] - Verify element text of test object 'Object Repository/Popups/Delete Item Pop Up/Item Delete Message' FAILED. (Root cause: Actual text 'Are you sure you want to delete 'Item3' on the cart?' and expected text 'Are you sure you want to delete 'item 1' on the cart?' of test object 'Object Repository/Popups/Delete Item Pop Up/Item Delete Message' are NOT matched.)
[[ATTACHMENT|C:\\Users\\vikas.kiroula\\git\\eProc\\Reports\\Run\\20180702_203015\\1530548198757.png]]]]></system-out>
         <system-err><![CDATA[2018-07-02 21:45:36 - [TEST_CASE][FAILED] - Test Cases/DDS-272/DDS-3981 On deleting individual item appropriate Alert message should be displayed: Test Cases/DDS-272/DDS-3981 On deleting individual item appropriate Alert message should be displayed FAILED because (of) Verify element text of test object 'Object Repository/Popups/Delete Item Pop Up/Item Delete Message' FAILED. (Root cause: Actual text 'Are you sure you want to delete 'Item3' on the cart?' and expected text 'Are you sure you want to delete 'item 1' on the cart?' of test object 'Object Repository/Popups/Delete Item Pop Up/Item Delete Message' are NOT matched.)]]></system-err>
      </testcase>
      <testcase name="Test Cases/DDS-272/DDS-3982 On deleting entire cart appropriate Alert message should be displayed" classname="Test Cases/DDS-272/DDS-3982 On deleting entire cart appropriate Alert message should be displayed" status="FAILED">
         <failure type="FAILED" message="Verify element text of test object 'Object Repository/Popups/Delete Item Pop Up/Item Delete Message' FAILED. (Root cause: Actual text 'Are you sure you want to delete 'Item3' on the cart?' and expected text 'Are you sure you want to delete all the items in the cart?' of test object 'Object Repository/Popups/Delete Item Pop Up/Item Delete Message' are NOT matched.)"/>
         <system-out><![CDATA[2018-07-02 21:46:38 - [TEST_CASE][FAILED] - Test Cases/DDS-272/DDS-3982 On deleting entire cart appropriate Alert message should be displayed: Test Cases/DDS-272/DDS-3982 On deleting entire cart appropriate Alert message should be displayed FAILED because (of) Verify element text of test object 'Object Repository/Popups/Delete Item Pop Up/Item Delete Message' FAILED. (Root cause: Actual text 'Are you sure you want to delete 'Item3' on the cart?' and expected text 'Are you sure you want to delete all the items in the cart?' of test object 'Object Repository/Popups/Delete Item Pop Up/Item Delete Message' are NOT matched.)

2018-07-02 21:46:38 - [TEST_STEP][PASSED] - callTestCase: Call Test Case 'Test Cases/CommonLibraries/Search By Item' successfully

2018-07-02 21:46:39 - [TEST_CASE][PASSED] - Test Cases/CommonLibraries/Search By Item: Test Cases/CommonLibraries/Search By Item

2018-07-02 21:46:39 - [TEST_STEP][PASSED] - callTestCase: Call Test Case 'Test Cases/CommonLibraries/Login' successfully

2018-07-02 21:46:39 - [TEST_CASE][PASSED] - Test Cases/CommonLibraries/Login: Test Cases/CommonLibraries/Login

2018-07-02 21:46:39 - [TEST_STEP][PASSED] - openBrowser: Browser is opened with url: 'https://smtlogin.zycus.net/sso/login?serviceName=http://eproc-qa.zycus.net/'

2018-07-02 21:46:39 - [MESSAGE][WARNING] - A browser is already opened. Closing browser and opening a new one

2018-07-02 21:46:46 - [MESSAGE][PASSED] - Browser is opened with url: 'https://smtlogin.zycus.net/sso/login?serviceName=http://eproc-qa.zycus.net/'

2018-07-02 21:46:46 - [TEST_STEP][PASSED] - maximizeWindow: Current window maximized

2018-07-02 21:46:48 - [MESSAGE][PASSED] - Current window maximized

2018-07-02 21:46:48 - [TEST_STEP][PASSED] - waitForElementVisible: Object 'Object Repository/LoginPage/UserID' is visible

2018-07-02 21:46:48 - [MESSAGE][PASSED] - Object 'Object Repository/LoginPage/UserID' is visible

2018-07-02 21:46:48 - [TEST_STEP][PASSED] - sendKeys: Keys 'monicaqa@zycus.com' sent to object: 'Object Repository/LoginPage/UserID'

2018-07-02 21:46:49 - [MESSAGE][PASSED] - Keys 'monicaqa@zycus.com' sent to object: 'Object Repository/LoginPage/UserID'

2018-07-02 21:46:49 - [TEST_STEP][PASSED] - sendKeys: Keys 'eProc@123' sent to object: 'Object Repository/LoginPage/Password'

2018-07-02 21:46:49 - [MESSAGE][PASSED] - Keys 'eProc@123' sent to object: 'Object Repository/LoginPage/Password'

2018-07-02 21:46:49 - [TEST_STEP][PASSED] - click: Object: 'Object Repository/LoginPage/LoginButton' is clicked on

2018-07-02 21:46:54 - [MESSAGE][PASSED] - Object: 'Object Repository/LoginPage/LoginButton' is clicked on

2018-07-02 21:46:54 - [MESSAGE][PASSED] - Call Test Case 'Test Cases/CommonLibraries/Login' successfully

2018-07-02 21:46:54 - [TEST_STEP][PASSED] - waitForElementPresent: Object 'Object Repository/OnlineStorePage/Search Box' is present

2018-07-02 21:47:27 - [MESSAGE][PASSED] - Object 'Object Repository/OnlineStorePage/Search Box' is present

2018-07-02 21:47:27 - [TEST_STEP][PASSED] - waitForPageLoad: Wait for page load successfully

2018-07-02 21:47:27 - [MESSAGE][PASSED] - Wait for page load successfully

2018-07-02 21:47:27 - [TEST_STEP][PASSED] - sendKeys: Keys 'Item' sent to object: 'Object Repository/OnlineStorePage/Search Box'

2018-07-02 21:47:28 - [MESSAGE][PASSED] - Keys 'Item' sent to object: 'Object Repository/OnlineStorePage/Search Box'

2018-07-02 21:47:28 - [TEST_STEP][PASSED] - click: Object: 'Object Repository/OnlineStorePage/Search Icon' is clicked on

2018-07-02 21:47:28 - [MESSAGE][PASSED] - Object: 'Object Repository/OnlineStorePage/Search Icon' is clicked on

2018-07-02 21:47:28 - [MESSAGE][PASSED] - Call Test Case 'Test Cases/CommonLibraries/Search By Item' successfully

2018-07-02 21:47:28 - [TEST_STEP][PASSED] - waitForElementPresent: Object 'Object Repository/SearchResultPage/SearchItemTab/CatalogItems/Check Box For 3 Row Item List' is present

2018-07-02 21:47:28 - [MESSAGE][WARNING] - Timeout '0' is invalid. Using default page load timeout: '30'

2018-07-02 21:47:36 - [MESSAGE][PASSED] - Object 'Object Repository/SearchResultPage/SearchItemTab/CatalogItems/Check Box For 3 Row Item List' is present

2018-07-02 21:47:36 - [TEST_STEP][PASSED] - click: Object: 'Object Repository/SearchResultPage/SearchItemTab/CatalogItems/Check Box For 3 Row Item List' is clicked on

2018-07-02 21:47:36 - [MESSAGE][PASSED] - Object: 'Object Repository/SearchResultPage/SearchItemTab/CatalogItems/Check Box For 3 Row Item List' is clicked on

2018-07-02 21:47:36 - [TEST_STEP][PASSED] - click: Object: 'Object Repository/SearchResultPage/SearchItemTab/CatalogItems/AddToCart_MultipleItem' is clicked on

2018-07-02 21:47:36 - [MESSAGE][PASSED] - Object: 'Object Repository/SearchResultPage/SearchItemTab/CatalogItems/AddToCart_MultipleItem' is clicked on

2018-07-02 21:47:36 - [TEST_STEP][PASSED] - click: Object: 'Object Repository/OnlineStorePage/CartIcon' is clicked on

2018-07-02 21:47:36 - [MESSAGE][PASSED] - Object: 'Object Repository/OnlineStorePage/CartIcon' is clicked on

2018-07-02 21:47:36 - [TEST_STEP][PASSED] - click: Object: 'Object Repository/Cart Page/Delete Icon_line item 1' is clicked on

2018-07-02 21:47:37 - [MESSAGE][PASSED] - Object: 'Object Repository/Cart Page/Delete Icon_line item 1' is clicked on

2018-07-02 21:47:37 - [TEST_STEP][PASSED] - waitForElementVisible: Object 'Object Repository/Popups/Alert Pop Up/Alert message' is not visible after 3 second(s)

2018-07-02 21:47:40 - [MESSAGE][WARNING] - Object 'Object Repository/Popups/Alert Pop Up/Alert message' is not visible after 3 second(s)

2018-07-02 21:47:40 - [TEST_STEP][FAILED] - verifyElementText: Verify element text of test object 'Object Repository/Popups/Delete Item Pop Up/Item Delete Message' FAILED. (Root cause: Actual text 'Are you sure you want to delete 'Item3' on the cart?' and expected text 'Are you sure you want to delete all the items in the cart?' of test object 'Object Repository/Popups/Delete Item Pop Up/Item Delete Message' are NOT matched.)

2018-07-02 21:47:40 - [MESSAGE][FAILED] - Actual text 'Are you sure you want to delete 'Item3' on the cart?' and expected text 'Are you sure you want to delete all the items in the cart?' of test object 'Object Repository/Popups/Delete Item Pop Up/Item Delete Message' are NOT matched.
[[ATTACHMENT|C:\\Users\\vikas.kiroula\\git\\eProc\\Reports\\Run\\20180702_203015\\1530548260226.png]]

2018-07-02 21:47:40 - [MESSAGE][FAILED] - Verify element text of test object 'Object Repository/Popups/Delete Item Pop Up/Item Delete Message' FAILED. (Root cause: Actual text 'Are you sure you want to delete 'Item3' on the cart?' and expected text 'Are you sure you want to delete all the items in the cart?' of test object 'Object Repository/Popups/Delete Item Pop Up/Item Delete Message' are NOT matched.)
[[ATTACHMENT|C:\\Users\\vikas.kiroula\\git\\eProc\\Reports\\Run\\20180702_203015\\1530548260353.png]]]]></system-out>
         <system-err><![CDATA[2018-07-02 21:46:38 - [TEST_CASE][FAILED] - Test Cases/DDS-272/DDS-3982 On deleting entire cart appropriate Alert message should be displayed: Test Cases/DDS-272/DDS-3982 On deleting entire cart appropriate Alert message should be displayed FAILED because (of) Verify element text of test object 'Object Repository/Popups/Delete Item Pop Up/Item Delete Message' FAILED. (Root cause: Actual text 'Are you sure you want to delete 'Item3' on the cart?' and expected text 'Are you sure you want to delete all the items in the cart?' of test object 'Object Repository/Popups/Delete Item Pop Up/Item Delete Message' are NOT matched.)]]></system-err>
      </testcase>
      <testcase name="Test Cases/DDS-272/DDS-3983 On successful deletion of individual item appropriate message should be displayed" classname="Test Cases/DDS-272/DDS-3983 On successful deletion of individual item appropriate message should be displayed" status="PASSED">
         <system-out><![CDATA[2018-07-02 21:47:40 - [TEST_CASE][PASSED] - Test Cases/DDS-272/DDS-3983 On successful deletion of individual item appropriate message should be displayed: Test Cases/DDS-272/DDS-3983 On successful deletion of individual item appropriate message should be displayed

2018-07-02 21:47:40 - [TEST_STEP][PASSED] - callTestCase: Call Test Case 'Test Cases/CommonLibraries/Search By Item' successfully

2018-07-02 21:47:40 - [TEST_CASE][PASSED] - Test Cases/CommonLibraries/Search By Item: Test Cases/CommonLibraries/Search By Item

2018-07-02 21:47:40 - [TEST_STEP][PASSED] - callTestCase: Call Test Case 'Test Cases/CommonLibraries/Login' successfully

2018-07-02 21:47:40 - [TEST_CASE][PASSED] - Test Cases/CommonLibraries/Login: Test Cases/CommonLibraries/Login

2018-07-02 21:47:40 - [TEST_STEP][PASSED] - openBrowser: Browser is opened with url: 'https://smtlogin.zycus.net/sso/login?serviceName=http://eproc-qa.zycus.net/'

2018-07-02 21:47:40 - [MESSAGE][WARNING] - A browser is already opened. Closing browser and opening a new one

2018-07-02 21:47:50 - [MESSAGE][PASSED] - Browser is opened with url: 'https://smtlogin.zycus.net/sso/login?serviceName=http://eproc-qa.zycus.net/'

2018-07-02 21:47:50 - [TEST_STEP][PASSED] - maximizeWindow: Current window maximized

2018-07-02 21:47:50 - [MESSAGE][PASSED] - Current window maximized

2018-07-02 21:47:50 - [TEST_STEP][PASSED] - waitForElementVisible: Object 'Object Repository/LoginPage/UserID' is visible

2018-07-02 21:47:50 - [MESSAGE][PASSED] - Object 'Object Repository/LoginPage/UserID' is visible

2018-07-02 21:47:50 - [TEST_STEP][PASSED] - sendKeys: Keys 'monicaqa@zycus.com' sent to object: 'Object Repository/LoginPage/UserID'

2018-07-02 21:47:50 - [MESSAGE][PASSED] - Keys 'monicaqa@zycus.com' sent to object: 'Object Repository/LoginPage/UserID'

2018-07-02 21:47:50 - [TEST_STEP][PASSED] - sendKeys: Keys 'eProc@123' sent to object: 'Object Repository/LoginPage/Password'

2018-07-02 21:47:50 - [MESSAGE][PASSED] - Keys 'eProc@123' sent to object: 'Object Repository/LoginPage/Password'

2018-07-02 21:47:50 - [TEST_STEP][PASSED] - click: Object: 'Object Repository/LoginPage/LoginButton' is clicked on

2018-07-02 21:47:54 - [MESSAGE][PASSED] - Object: 'Object Repository/LoginPage/LoginButton' is clicked on

2018-07-02 21:47:54 - [MESSAGE][PASSED] - Call Test Case 'Test Cases/CommonLibraries/Login' successfully

2018-07-02 21:47:54 - [TEST_STEP][PASSED] - waitForElementPresent: Object 'Object Repository/OnlineStorePage/Search Box' is present

2018-07-02 21:48:26 - [MESSAGE][PASSED] - Object 'Object Repository/OnlineStorePage/Search Box' is present

2018-07-02 21:48:26 - [TEST_STEP][PASSED] - waitForPageLoad: Wait for page load successfully

2018-07-02 21:48:26 - [MESSAGE][PASSED] - Wait for page load successfully

2018-07-02 21:48:26 - [TEST_STEP][PASSED] - sendKeys: Keys 'Item' sent to object: 'Object Repository/OnlineStorePage/Search Box'

2018-07-02 21:48:27 - [MESSAGE][PASSED] - Keys 'Item' sent to object: 'Object Repository/OnlineStorePage/Search Box'

2018-07-02 21:48:27 - [TEST_STEP][PASSED] - click: Object: 'Object Repository/OnlineStorePage/Search Icon' is clicked on

2018-07-02 21:48:27 - [MESSAGE][PASSED] - Object: 'Object Repository/OnlineStorePage/Search Icon' is clicked on

2018-07-02 21:48:27 - [MESSAGE][PASSED] - Call Test Case 'Test Cases/CommonLibraries/Search By Item' successfully

2018-07-02 21:48:27 - [TEST_STEP][PASSED] - waitForElementPresent: Object 'Object Repository/SearchResultPage/SearchItemTab/CatalogItems/Check Box For 3 Row Item List' is not present after 0 second(s)

2018-07-02 21:48:27 - [MESSAGE][WARNING] - Timeout '0' is invalid. Using default page load timeout: '30'

2018-07-02 21:48:59 - [MESSAGE][WARNING] - Object 'Object Repository/SearchResultPage/SearchItemTab/CatalogItems/Check Box For 3 Row Item List' is not present after 0 second(s)

2018-07-02 21:48:59 - [TEST_STEP][PASSED] - click: Object: 'Object Repository/SearchResultPage/SearchItemTab/CatalogItems/Check Box For 3 Row Item List' is clicked on

2018-07-02 21:49:18 - [MESSAGE][PASSED] - Object: 'Object Repository/SearchResultPage/SearchItemTab/CatalogItems/Check Box For 3 Row Item List' is clicked on

2018-07-02 21:49:18 - [TEST_STEP][PASSED] - click: Object: 'Object Repository/SearchResultPage/SearchItemTab/CatalogItems/AddToCart_MultipleItem' is clicked on

2018-07-02 21:49:18 - [MESSAGE][PASSED] - Object: 'Object Repository/SearchResultPage/SearchItemTab/CatalogItems/AddToCart_MultipleItem' is clicked on

2018-07-02 21:49:18 - [TEST_STEP][PASSED] - click: Object: 'Object Repository/OnlineStorePage/CartIcon' is clicked on

2018-07-02 21:49:18 - [MESSAGE][PASSED] - Object: 'Object Repository/OnlineStorePage/CartIcon' is clicked on

2018-07-02 21:49:18 - [TEST_STEP][PASSED] - click: Object: 'Object Repository/Cart Page/Delete Icon_line item 1' is clicked on

2018-07-02 21:49:19 - [MESSAGE][PASSED] - Object: 'Object Repository/Cart Page/Delete Icon_line item 1' is clicked on

2018-07-02 21:49:19 - [TEST_STEP][PASSED] - click: Object: 'Object Repository/Popups/Delete Item Pop Up/Yes Button' is clicked on

2018-07-02 21:49:19 - [MESSAGE][PASSED] - Object: 'Object Repository/Popups/Delete Item Pop Up/Yes Button' is clicked on

2018-07-02 21:49:19 - [TEST_STEP][PASSED] - verifyElementText: Actual text and expected text of test object 'Object Repository/Cart Page/Delete One Item  Message ' are matched.

2018-07-02 21:49:20 - [MESSAGE][PASSED] - Actual text and expected text of test object 'Object Repository/Cart Page/Delete One Item  Message ' are matched.

2018-07-02 21:49:20 - [TEST_STEP][PASSED] - closeBrowser: Browser is closed

2018-07-02 21:49:20 - [MESSAGE][PASSED] - Browser is closed]]></system-out>
         <system-err><![CDATA[]]></system-err>
      </testcase>
      <testcase name="Test Cases/DDS-272/DDS-3984 On successful deletion of entire appropriate message should be displayed" classname="Test Cases/DDS-272/DDS-3984 On successful deletion of entire appropriate message should be displayed" status="FAILED">
         <failure type="FAILED" message="Unable to click on object 'Object Repository/Popups/Empty cart/Yes Button' (Root cause: org.openqa.selenium.ElementNotVisibleException: Element is not currently visible and so may not be interacted with
Command duration or timeout: 0 milliseconds)"/>
         <system-out><![CDATA[2018-07-02 21:49:20 - [TEST_CASE][FAILED] - Test Cases/DDS-272/DDS-3984 On successful deletion of entire appropriate message should be displayed: Test Cases/DDS-272/DDS-3984 On successful deletion of entire appropriate message should be displayed FAILED because (of) Unable to click on object 'Object Repository/Popups/Empty cart/Yes Button' (Root cause: org.openqa.selenium.ElementNotVisibleException: Element is not currently visible and so may not be interacted with
Command duration or timeout: 0 milliseconds)

2018-07-02 21:49:20 - [TEST_STEP][PASSED] - callTestCase: Call Test Case 'Test Cases/CommonLibraries/Search By Item' successfully

2018-07-02 21:49:20 - [TEST_CASE][PASSED] - Test Cases/CommonLibraries/Search By Item: Test Cases/CommonLibraries/Search By Item

2018-07-02 21:49:20 - [TEST_STEP][PASSED] - callTestCase: Call Test Case 'Test Cases/CommonLibraries/Login' successfully

2018-07-02 21:49:20 - [TEST_CASE][PASSED] - Test Cases/CommonLibraries/Login: Test Cases/CommonLibraries/Login

2018-07-02 21:49:20 - [TEST_STEP][PASSED] - openBrowser: Browser is opened with url: 'https://smtlogin.zycus.net/sso/login?serviceName=http://eproc-qa.zycus.net/'

2018-07-02 21:49:28 - [MESSAGE][PASSED] - Browser is opened with url: 'https://smtlogin.zycus.net/sso/login?serviceName=http://eproc-qa.zycus.net/'

2018-07-02 21:49:28 - [TEST_STEP][PASSED] - maximizeWindow: Current window maximized

2018-07-02 21:49:30 - [MESSAGE][PASSED] - Current window maximized

2018-07-02 21:49:30 - [TEST_STEP][PASSED] - waitForElementVisible: Object 'Object Repository/LoginPage/UserID' is visible

2018-07-02 21:49:30 - [MESSAGE][PASSED] - Object 'Object Repository/LoginPage/UserID' is visible

2018-07-02 21:49:30 - [TEST_STEP][PASSED] - sendKeys: Keys 'monicaqa@zycus.com' sent to object: 'Object Repository/LoginPage/UserID'

2018-07-02 21:49:30 - [MESSAGE][PASSED] - Keys 'monicaqa@zycus.com' sent to object: 'Object Repository/LoginPage/UserID'

2018-07-02 21:49:30 - [TEST_STEP][PASSED] - sendKeys: Keys 'eProc@123' sent to object: 'Object Repository/LoginPage/Password'

2018-07-02 21:49:31 - [MESSAGE][PASSED] - Keys 'eProc@123' sent to object: 'Object Repository/LoginPage/Password'

2018-07-02 21:49:31 - [TEST_STEP][PASSED] - click: Object: 'Object Repository/LoginPage/LoginButton' is clicked on

2018-07-02 21:49:35 - [MESSAGE][PASSED] - Object: 'Object Repository/LoginPage/LoginButton' is clicked on

2018-07-02 21:49:35 - [MESSAGE][PASSED] - Call Test Case 'Test Cases/CommonLibraries/Login' successfully

2018-07-02 21:49:35 - [TEST_STEP][PASSED] - waitForElementPresent: Object 'Object Repository/OnlineStorePage/Search Box' is present

2018-07-02 21:50:03 - [MESSAGE][PASSED] - Object 'Object Repository/OnlineStorePage/Search Box' is present

2018-07-02 21:50:03 - [TEST_STEP][PASSED] - waitForPageLoad: Wait for page load successfully

2018-07-02 21:50:03 - [MESSAGE][PASSED] - Wait for page load successfully

2018-07-02 21:50:03 - [TEST_STEP][PASSED] - sendKeys: Keys 'Item' sent to object: 'Object Repository/OnlineStorePage/Search Box'

2018-07-02 21:50:04 - [MESSAGE][PASSED] - Keys 'Item' sent to object: 'Object Repository/OnlineStorePage/Search Box'

2018-07-02 21:50:04 - [TEST_STEP][PASSED] - click: Object: 'Object Repository/OnlineStorePage/Search Icon' is clicked on

2018-07-02 21:50:04 - [MESSAGE][PASSED] - Object: 'Object Repository/OnlineStorePage/Search Icon' is clicked on

2018-07-02 21:50:04 - [MESSAGE][PASSED] - Call Test Case 'Test Cases/CommonLibraries/Search By Item' successfully

2018-07-02 21:50:04 - [TEST_STEP][PASSED] - waitForElementPresent: Object 'Object Repository/SearchResultPage/SearchItemTab/CatalogItems/Check Box For 3 Row Item List' is not present after 30 second(s)

2018-07-02 21:50:35 - [MESSAGE][WARNING] - Object 'Object Repository/SearchResultPage/SearchItemTab/CatalogItems/Check Box For 3 Row Item List' is not present after 30 second(s)

2018-07-02 21:50:35 - [TEST_STEP][PASSED] - click: Object: 'Object Repository/SearchResultPage/SearchItemTab/CatalogItems/Check Box For 3 Row Item List' is clicked on

2018-07-02 21:50:50 - [MESSAGE][PASSED] - Object: 'Object Repository/SearchResultPage/SearchItemTab/CatalogItems/Check Box For 3 Row Item List' is clicked on

2018-07-02 21:50:50 - [TEST_STEP][PASSED] - click: Object: 'Object Repository/SearchResultPage/SearchItemTab/CatalogItems/AddToCart_MultipleItem' is clicked on

2018-07-02 21:50:50 - [MESSAGE][PASSED] - Object: 'Object Repository/SearchResultPage/SearchItemTab/CatalogItems/AddToCart_MultipleItem' is clicked on

2018-07-02 21:50:50 - [TEST_STEP][PASSED] - click: Object: 'Object Repository/OnlineStorePage/CartIcon' is clicked on

2018-07-02 21:50:50 - [MESSAGE][PASSED] - Object: 'Object Repository/OnlineStorePage/CartIcon' is clicked on

2018-07-02 21:50:50 - [TEST_STEP][PASSED] - waitForElementClickable: Object 'Object Repository/Cart Page/Empty Cart Button' is clickable

2018-07-02 21:50:51 - [MESSAGE][PASSED] - Object 'Object Repository/Cart Page/Empty Cart Button' is clickable

2018-07-02 21:50:51 - [TEST_STEP][PASSED] - click: Object: 'Object Repository/Cart Page/Empty Cart Button' is clicked on

2018-07-02 21:50:51 - [MESSAGE][PASSED] - Object: 'Object Repository/Cart Page/Empty Cart Button' is clicked on

2018-07-02 21:50:51 - [TEST_STEP][PASSED] - waitForElementPresent: Object 'Object Repository/Popups/Empty cart/Yes Button' is present

2018-07-02 21:50:51 - [MESSAGE][PASSED] - Object 'Object Repository/Popups/Empty cart/Yes Button' is present

2018-07-02 21:50:51 - [TEST_STEP][FAILED] - click: Unable to click on object 'Object Repository/Popups/Empty cart/Yes Button' (Root cause: org.openqa.selenium.ElementNotVisibleException: Element is not currently visible and so may not be interacted with
Command duration or timeout: 0 milliseconds)

2018-07-02 21:50:51 - [MESSAGE][FAILED] - Unable to click on object 'Object Repository/Popups/Empty cart/Yes Button' (Root cause: org.openqa.selenium.ElementNotVisibleException: Element is not currently visible and so may not be interacted with
Command duration or timeout: 0 milliseconds)
[[ATTACHMENT|C:\\Users\\vikas.kiroula\\git\\eProc\\Reports\\Run\\20180702_203015\\1530548451121.png]]]]></system-out>
         <system-err><![CDATA[2018-07-02 21:49:20 - [TEST_CASE][FAILED] - Test Cases/DDS-272/DDS-3984 On successful deletion of entire appropriate message should be displayed: Test Cases/DDS-272/DDS-3984 On successful deletion of entire appropriate message should be displayed FAILED because (of) Unable to click on object 'Object Repository/Popups/Empty cart/Yes Button' (Root cause: org.openqa.selenium.ElementNotVisibleException: Element is not currently visible and so may not be interacted with
Command duration or timeout: 0 milliseconds)]]></system-err>
      </testcase>
      <testcase name="Test Cases/DDS-272/DDS-3985 When entire cart is deleted continue shopping option should be displayed whereas other options should be hidden" classname="Test Cases/DDS-272/DDS-3985 When entire cart is deleted continue shopping option should be displayed whereas other options should be hidden" status="FAILED">
         <failure type="FAILED" message="Unable to click on object 'Object Repository/Popups/Empty cart/Yes Button' (Root cause: org.openqa.selenium.ElementNotVisibleException: Element is not currently visible and so may not be interacted with
Command duration or timeout: 0 milliseconds)"/>
         <system-out><![CDATA[2018-07-02 21:50:51 - [TEST_CASE][FAILED] - Test Cases/DDS-272/DDS-3985 When entire cart is deleted continue shopping option should be displayed whereas other options should be hidden: Test Cases/DDS-272/DDS-3985 When entire cart is deleted continue shopping option should be displayed whereas other options should be hidden FAILED because (of) Unable to click on object 'Object Repository/Popups/Empty cart/Yes Button' (Root cause: org.openqa.selenium.ElementNotVisibleException: Element is not currently visible and so may not be interacted with
Command duration or timeout: 0 milliseconds)

2018-07-02 21:50:51 - [TEST_STEP][PASSED] - callTestCase: Call Test Case 'Test Cases/CommonLibraries/Search By Item' successfully

2018-07-02 21:50:51 - [TEST_CASE][PASSED] - Test Cases/CommonLibraries/Search By Item: Test Cases/CommonLibraries/Search By Item

2018-07-02 21:50:51 - [TEST_STEP][PASSED] - callTestCase: Call Test Case 'Test Cases/CommonLibraries/Login' successfully

2018-07-02 21:50:51 - [TEST_CASE][PASSED] - Test Cases/CommonLibraries/Login: Test Cases/CommonLibraries/Login

2018-07-02 21:50:51 - [TEST_STEP][PASSED] - openBrowser: Browser is opened with url: 'https://smtlogin.zycus.net/sso/login?serviceName=http://eproc-qa.zycus.net/'

2018-07-02 21:50:51 - [MESSAGE][WARNING] - A browser is already opened. Closing browser and opening a new one

2018-07-02 21:50:59 - [MESSAGE][PASSED] - Browser is opened with url: 'https://smtlogin.zycus.net/sso/login?serviceName=http://eproc-qa.zycus.net/'

2018-07-02 21:50:59 - [TEST_STEP][PASSED] - maximizeWindow: Current window maximized

2018-07-02 21:51:01 - [MESSAGE][PASSED] - Current window maximized

2018-07-02 21:51:01 - [TEST_STEP][PASSED] - waitForElementVisible: Object 'Object Repository/LoginPage/UserID' is visible

2018-07-02 21:51:01 - [MESSAGE][PASSED] - Object 'Object Repository/LoginPage/UserID' is visible

2018-07-02 21:51:01 - [TEST_STEP][PASSED] - sendKeys: Keys 'monicaqa@zycus.com' sent to object: 'Object Repository/LoginPage/UserID'

2018-07-02 21:51:01 - [MESSAGE][PASSED] - Keys 'monicaqa@zycus.com' sent to object: 'Object Repository/LoginPage/UserID'

2018-07-02 21:51:01 - [TEST_STEP][PASSED] - sendKeys: Keys 'eProc@123' sent to object: 'Object Repository/LoginPage/Password'

2018-07-02 21:51:01 - [MESSAGE][PASSED] - Keys 'eProc@123' sent to object: 'Object Repository/LoginPage/Password'

2018-07-02 21:51:01 - [TEST_STEP][PASSED] - click: Object: 'Object Repository/LoginPage/LoginButton' is clicked on

2018-07-02 21:51:10 - [MESSAGE][PASSED] - Object: 'Object Repository/LoginPage/LoginButton' is clicked on

2018-07-02 21:51:10 - [MESSAGE][PASSED] - Call Test Case 'Test Cases/CommonLibraries/Login' successfully

2018-07-02 21:51:10 - [TEST_STEP][PASSED] - waitForElementPresent: Object 'Object Repository/OnlineStorePage/Search Box' is present

2018-07-02 21:51:40 - [MESSAGE][PASSED] - Object 'Object Repository/OnlineStorePage/Search Box' is present

2018-07-02 21:51:40 - [TEST_STEP][PASSED] - waitForPageLoad: Wait for page load successfully

2018-07-02 21:51:40 - [MESSAGE][PASSED] - Wait for page load successfully

2018-07-02 21:51:40 - [TEST_STEP][PASSED] - sendKeys: Keys 'Item' sent to object: 'Object Repository/OnlineStorePage/Search Box'

2018-07-02 21:51:40 - [MESSAGE][PASSED] - Keys 'Item' sent to object: 'Object Repository/OnlineStorePage/Search Box'

2018-07-02 21:51:40 - [TEST_STEP][PASSED] - click: Object: 'Object Repository/OnlineStorePage/Search Icon' is clicked on

2018-07-02 21:51:40 - [MESSAGE][PASSED] - Object: 'Object Repository/OnlineStorePage/Search Icon' is clicked on

2018-07-02 21:51:40 - [MESSAGE][PASSED] - Call Test Case 'Test Cases/CommonLibraries/Search By Item' successfully

2018-07-02 21:51:40 - [TEST_STEP][PASSED] - waitForElementPresent: Object 'Object Repository/SearchResultPage/SearchItemTab/CatalogItems/Check Box For 3 Row Item List' is present

2018-07-02 21:51:48 - [MESSAGE][PASSED] - Object 'Object Repository/SearchResultPage/SearchItemTab/CatalogItems/Check Box For 3 Row Item List' is present

2018-07-02 21:51:48 - [TEST_STEP][PASSED] - click: Object: 'Object Repository/SearchResultPage/SearchItemTab/CatalogItems/Check Box For 3 Row Item List' is clicked on

2018-07-02 21:51:48 - [MESSAGE][PASSED] - Object: 'Object Repository/SearchResultPage/SearchItemTab/CatalogItems/Check Box For 3 Row Item List' is clicked on

2018-07-02 21:51:48 - [TEST_STEP][PASSED] - click: Object: 'Object Repository/SearchResultPage/SearchItemTab/CatalogItems/AddToCart_MultipleItem' is clicked on

2018-07-02 21:51:48 - [MESSAGE][PASSED] - Object: 'Object Repository/SearchResultPage/SearchItemTab/CatalogItems/AddToCart_MultipleItem' is clicked on

2018-07-02 21:51:48 - [TEST_STEP][PASSED] - click: Object: 'Object Repository/OnlineStorePage/CartIcon' is clicked on

2018-07-02 21:51:48 - [MESSAGE][PASSED] - Object: 'Object Repository/OnlineStorePage/CartIcon' is clicked on

2018-07-02 21:51:48 - [TEST_STEP][PASSED] - waitForElementClickable: Object 'Object Repository/Cart Page/Empty Cart Button' is clickable

2018-07-02 21:51:48 - [MESSAGE][PASSED] - Object 'Object Repository/Cart Page/Empty Cart Button' is clickable

2018-07-02 21:51:48 - [TEST_STEP][PASSED] - click: Object: 'Object Repository/Cart Page/Empty Cart Button' is clicked on

2018-07-02 21:51:48 - [MESSAGE][PASSED] - Object: 'Object Repository/Cart Page/Empty Cart Button' is clicked on

2018-07-02 21:51:48 - [TEST_STEP][PASSED] - waitForElementPresent: Object 'Object Repository/Popups/Empty cart/Yes Button' is present

2018-07-02 21:51:48 - [MESSAGE][PASSED] - Object 'Object Repository/Popups/Empty cart/Yes Button' is present

2018-07-02 21:51:48 - [TEST_STEP][FAILED] - click: Unable to click on object 'Object Repository/Popups/Empty cart/Yes Button' (Root cause: org.openqa.selenium.ElementNotVisibleException: Element is not currently visible and so may not be interacted with
Command duration or timeout: 0 milliseconds)

2018-07-02 21:51:49 - [MESSAGE][FAILED] - Unable to click on object 'Object Repository/Popups/Empty cart/Yes Button' (Root cause: org.openqa.selenium.ElementNotVisibleException: Element is not currently visible and so may not be interacted with
Command duration or timeout: 0 milliseconds)
[[ATTACHMENT|C:\\Users\\vikas.kiroula\\git\\eProc\\Reports\\Run\\20180702_203015\\1530548508792.png]]]]></system-out>
         <system-err><![CDATA[2018-07-02 21:50:51 - [TEST_CASE][FAILED] - Test Cases/DDS-272/DDS-3985 When entire cart is deleted continue shopping option should be displayed whereas other options should be hidden: Test Cases/DDS-272/DDS-3985 When entire cart is deleted continue shopping option should be displayed whereas other options should be hidden FAILED because (of) Unable to click on object 'Object Repository/Popups/Empty cart/Yes Button' (Root cause: org.openqa.selenium.ElementNotVisibleException: Element is not currently visible and so may not be interacted with
Command duration or timeout: 0 milliseconds)]]></system-err>
      </testcase>
      <testcase name="Test Cases/DDS-273/DDS- 5088 verify is that field accepting any Language" classname="Test Cases/DDS-273/DDS- 5088 verify is that field accepting any Language" status="PASSED">
         <system-out><![CDATA[2018-07-02 21:51:49 - [TEST_CASE][PASSED] - Test Cases/DDS-273/DDS- 5088 verify is that field accepting any Language: Test Cases/DDS-273/DDS- 5088 verify is that field accepting any Language

2018-07-02 21:51:49 - [TEST_STEP][PASSED] - callTestCase: Call Test Case 'Test Cases/CommonLibraries/Search By Item' successfully

2018-07-02 21:51:49 - [TEST_CASE][PASSED] - Test Cases/CommonLibraries/Search By Item: Test Cases/CommonLibraries/Search By Item

2018-07-02 21:51:49 - [TEST_STEP][PASSED] - callTestCase: Call Test Case 'Test Cases/CommonLibraries/Login' successfully

2018-07-02 21:51:49 - [TEST_CASE][PASSED] - Test Cases/CommonLibraries/Login: Test Cases/CommonLibraries/Login

2018-07-02 21:51:49 - [TEST_STEP][PASSED] - openBrowser: Browser is opened with url: 'https://smtlogin.zycus.net/sso/login?serviceName=http://eproc-qa.zycus.net/'

2018-07-02 21:51:49 - [MESSAGE][WARNING] - A browser is already opened. Closing browser and opening a new one

2018-07-02 21:51:57 - [MESSAGE][PASSED] - Browser is opened with url: 'https://smtlogin.zycus.net/sso/login?serviceName=http://eproc-qa.zycus.net/'

2018-07-02 21:51:57 - [TEST_STEP][PASSED] - maximizeWindow: Current window maximized

2018-07-02 21:51:59 - [MESSAGE][PASSED] - Current window maximized

2018-07-02 21:51:59 - [TEST_STEP][PASSED] - waitForElementVisible: Object 'Object Repository/LoginPage/UserID' is visible

2018-07-02 21:51:59 - [MESSAGE][PASSED] - Object 'Object Repository/LoginPage/UserID' is visible

2018-07-02 21:51:59 - [TEST_STEP][PASSED] - sendKeys: Keys 'monicaqa@zycus.com' sent to object: 'Object Repository/LoginPage/UserID'

2018-07-02 21:51:59 - [MESSAGE][PASSED] - Keys 'monicaqa@zycus.com' sent to object: 'Object Repository/LoginPage/UserID'

2018-07-02 21:51:59 - [TEST_STEP][PASSED] - sendKeys: Keys 'eProc@123' sent to object: 'Object Repository/LoginPage/Password'

2018-07-02 21:51:59 - [MESSAGE][PASSED] - Keys 'eProc@123' sent to object: 'Object Repository/LoginPage/Password'

2018-07-02 21:51:59 - [TEST_STEP][PASSED] - click: Object: 'Object Repository/LoginPage/LoginButton' is clicked on

2018-07-02 21:52:04 - [MESSAGE][PASSED] - Object: 'Object Repository/LoginPage/LoginButton' is clicked on

2018-07-02 21:52:04 - [MESSAGE][PASSED] - Call Test Case 'Test Cases/CommonLibraries/Login' successfully

2018-07-02 21:52:04 - [TEST_STEP][PASSED] - waitForElementPresent: Object 'Object Repository/OnlineStorePage/Search Box' is present

2018-07-02 21:52:34 - [MESSAGE][PASSED] - Object 'Object Repository/OnlineStorePage/Search Box' is present

2018-07-02 21:52:34 - [TEST_STEP][PASSED] - waitForPageLoad: Wait for page load successfully

2018-07-02 21:52:34 - [MESSAGE][PASSED] - Wait for page load successfully

2018-07-02 21:52:34 - [TEST_STEP][PASSED] - sendKeys: Keys 'Item' sent to object: 'Object Repository/OnlineStorePage/Search Box'

2018-07-02 21:52:34 - [MESSAGE][PASSED] - Keys 'Item' sent to object: 'Object Repository/OnlineStorePage/Search Box'

2018-07-02 21:52:34 - [TEST_STEP][PASSED] - click: Object: 'Object Repository/OnlineStorePage/Search Icon' is clicked on

2018-07-02 21:52:34 - [MESSAGE][PASSED] - Object: 'Object Repository/OnlineStorePage/Search Icon' is clicked on

2018-07-02 21:52:34 - [MESSAGE][PASSED] - Call Test Case 'Test Cases/CommonLibraries/Search By Item' successfully

2018-07-02 21:52:34 - [TEST_STEP][PASSED] - waitForElementPresent: Object 'Object Repository/SearchResultPage/SearchItemTab/CatalogItems/Check Box For 2 row item list' is present

2018-07-02 21:52:41 - [MESSAGE][PASSED] - Object 'Object Repository/SearchResultPage/SearchItemTab/CatalogItems/Check Box For 2 row item list' is present

2018-07-02 21:52:41 - [TEST_STEP][PASSED] - click: Object: 'Object Repository/SearchResultPage/SearchItemTab/CatalogItems/Check Box For 2 row item list' is clicked on

2018-07-02 21:52:41 - [MESSAGE][PASSED] - Object: 'Object Repository/SearchResultPage/SearchItemTab/CatalogItems/Check Box For 2 row item list' is clicked on

2018-07-02 21:52:41 - [TEST_STEP][PASSED] - click: Object: 'Object Repository/SearchResultPage/SearchItemTab/CatalogItems/AddToCart_MultipleItem' is clicked on

2018-07-02 21:52:41 - [MESSAGE][PASSED] - Object: 'Object Repository/SearchResultPage/SearchItemTab/CatalogItems/AddToCart_MultipleItem' is clicked on

2018-07-02 21:52:41 - [TEST_STEP][PASSED] - click: Object: 'Object Repository/OnlineStorePage/CartIcon' is clicked on

2018-07-02 21:52:42 - [MESSAGE][PASSED] - Object: 'Object Repository/OnlineStorePage/CartIcon' is clicked on

2018-07-02 21:52:42 - [TEST_STEP][PASSED] - delay: Delayed 3 second(s)

2018-07-02 21:52:45 - [MESSAGE][PASSED] - Delayed 3 second(s)

2018-07-02 21:52:45 - [TEST_STEP][PASSED] - sendKeys: Keys 'INSERT + BACK_SPACE + 诶比,杰,' sent to object: 'Object Repository/Cart Page/Qty or Amt Edit Box for line item1'

2018-07-02 21:52:45 - [MESSAGE][PASSED] - Keys 'INSERT + BACK_SPACE + 诶比,杰,' sent to object: 'Object Repository/Cart Page/Qty or Amt Edit Box for line item1'

2018-07-02 21:52:45 - [TEST_STEP][PASSED] - click: Object: 'Object Repository/Cart Page/Line Item Details/Quantity or Amt' is clicked on

2018-07-02 21:52:45 - [MESSAGE][PASSED] - Object: 'Object Repository/Cart Page/Line Item Details/Quantity or Amt' is clicked on

2018-07-02 21:52:45 - [TEST_STEP][PASSED] - waitForElementPresent: Object 'Object Repository/Popups/Alert Pop Up/Alert message' is present

2018-07-02 21:52:45 - [MESSAGE][PASSED] - Object 'Object Repository/Popups/Alert Pop Up/Alert message' is present

2018-07-02 21:52:45 - [TEST_STEP][PASSED] - verifyElementText: Actual text and expected text of test object 'Object Repository/Popups/Alert Pop Up/Alert message' are matched.

2018-07-02 21:52:45 - [MESSAGE][PASSED] - Actual text and expected text of test object 'Object Repository/Popups/Alert Pop Up/Alert message' are matched.

2018-07-02 21:52:45 - [TEST_STEP][PASSED] - closeBrowser: Browser is closed

2018-07-02 21:52:45 - [MESSAGE][PASSED] - Browser is closed]]></system-out>
         <system-err><![CDATA[]]></system-err>
      </testcase>
      <testcase name="Test Cases/DDS-273/DDS-5071 verify user can be able to editable" classname="Test Cases/DDS-273/DDS-5071 verify user can be able to editable" status="PASSED">
         <system-out><![CDATA[2018-07-02 21:52:45 - [TEST_CASE][PASSED] - Test Cases/DDS-273/DDS-5071 verify user can be able to editable: Test Cases/DDS-273/DDS-5071 verify user can be able to editable

2018-07-02 21:52:45 - [TEST_STEP][PASSED] - callTestCase: Call Test Case 'Test Cases/CommonLibraries/Search By Item' successfully

2018-07-02 21:52:45 - [TEST_CASE][PASSED] - Test Cases/CommonLibraries/Search By Item: Test Cases/CommonLibraries/Search By Item

2018-07-02 21:52:45 - [TEST_STEP][PASSED] - callTestCase: Call Test Case 'Test Cases/CommonLibraries/Login' successfully

2018-07-02 21:52:45 - [TEST_CASE][PASSED] - Test Cases/CommonLibraries/Login: Test Cases/CommonLibraries/Login

2018-07-02 21:52:45 - [TEST_STEP][PASSED] - openBrowser: Browser is opened with url: 'https://smtlogin.zycus.net/sso/login?serviceName=http://eproc-qa.zycus.net/'

2018-07-02 21:52:53 - [MESSAGE][PASSED] - Browser is opened with url: 'https://smtlogin.zycus.net/sso/login?serviceName=http://eproc-qa.zycus.net/'

2018-07-02 21:52:53 - [TEST_STEP][PASSED] - maximizeWindow: Current window maximized

2018-07-02 21:52:55 - [MESSAGE][PASSED] - Current window maximized

2018-07-02 21:52:55 - [TEST_STEP][PASSED] - waitForElementVisible: Object 'Object Repository/LoginPage/UserID' is visible

2018-07-02 21:52:55 - [MESSAGE][PASSED] - Object 'Object Repository/LoginPage/UserID' is visible

2018-07-02 21:52:55 - [TEST_STEP][PASSED] - sendKeys: Keys 'monicaqa@zycus.com' sent to object: 'Object Repository/LoginPage/UserID'

2018-07-02 21:52:55 - [MESSAGE][PASSED] - Keys 'monicaqa@zycus.com' sent to object: 'Object Repository/LoginPage/UserID'

2018-07-02 21:52:55 - [TEST_STEP][PASSED] - sendKeys: Keys 'eProc@123' sent to object: 'Object Repository/LoginPage/Password'

2018-07-02 21:52:55 - [MESSAGE][PASSED] - Keys 'eProc@123' sent to object: 'Object Repository/LoginPage/Password'

2018-07-02 21:52:55 - [TEST_STEP][PASSED] - click: Object: 'Object Repository/LoginPage/LoginButton' is clicked on

2018-07-02 21:53:00 - [MESSAGE][PASSED] - Object: 'Object Repository/LoginPage/LoginButton' is clicked on

2018-07-02 21:53:00 - [MESSAGE][PASSED] - Call Test Case 'Test Cases/CommonLibraries/Login' successfully

2018-07-02 21:53:00 - [TEST_STEP][PASSED] - waitForElementPresent: Object 'Object Repository/OnlineStorePage/Search Box' is present

2018-07-02 21:53:26 - [MESSAGE][PASSED] - Object 'Object Repository/OnlineStorePage/Search Box' is present

2018-07-02 21:53:26 - [TEST_STEP][PASSED] - waitForPageLoad: Wait for page load successfully

2018-07-02 21:53:26 - [MESSAGE][PASSED] - Wait for page load successfully

2018-07-02 21:53:26 - [TEST_STEP][PASSED] - sendKeys: Keys 'Item' sent to object: 'Object Repository/OnlineStorePage/Search Box'

2018-07-02 21:53:26 - [MESSAGE][PASSED] - Keys 'Item' sent to object: 'Object Repository/OnlineStorePage/Search Box'

2018-07-02 21:53:26 - [TEST_STEP][PASSED] - click: Object: 'Object Repository/OnlineStorePage/Search Icon' is clicked on

2018-07-02 21:53:27 - [MESSAGE][PASSED] - Object: 'Object Repository/OnlineStorePage/Search Icon' is clicked on

2018-07-02 21:53:27 - [MESSAGE][PASSED] - Call Test Case 'Test Cases/CommonLibraries/Search By Item' successfully

2018-07-02 21:53:27 - [TEST_STEP][PASSED] - waitForElementPresent: Object 'Object Repository/SearchResultPage/SearchItemTab/CatalogItems/Check Box For 3 Row Item List' is present

2018-07-02 21:53:42 - [MESSAGE][PASSED] - Object 'Object Repository/SearchResultPage/SearchItemTab/CatalogItems/Check Box For 3 Row Item List' is present

2018-07-02 21:53:42 - [TEST_STEP][PASSED] - click: Object: 'Object Repository/SearchResultPage/SearchItemTab/CatalogItems/Check Box For 3 Row Item List' is clicked on

2018-07-02 21:53:42 - [MESSAGE][PASSED] - Object: 'Object Repository/SearchResultPage/SearchItemTab/CatalogItems/Check Box For 3 Row Item List' is clicked on

2018-07-02 21:53:42 - [TEST_STEP][PASSED] - click: Object: 'Object Repository/SearchResultPage/SearchItemTab/CatalogItems/AddToCart_MultipleItem' is clicked on

2018-07-02 21:53:42 - [MESSAGE][PASSED] - Object: 'Object Repository/SearchResultPage/SearchItemTab/CatalogItems/AddToCart_MultipleItem' is clicked on

2018-07-02 21:53:42 - [TEST_STEP][PASSED] - click: Object: 'Object Repository/OnlineStorePage/CartIcon' is clicked on

2018-07-02 21:53:43 - [MESSAGE][PASSED] - Object: 'Object Repository/OnlineStorePage/CartIcon' is clicked on

2018-07-02 21:53:43 - [TEST_STEP][PASSED] - delay: Delayed 3 second(s)

2018-07-02 21:53:46 - [MESSAGE][PASSED] - Delayed 3 second(s)

2018-07-02 21:53:46 - [TEST_STEP][PASSED] - verifyElementAttributeValue: Object 'Object Repository/Cart Page/Qty or Amt Edit Box for line item1' has attribute 'type' with value 'text'

2018-07-02 21:53:46 - [MESSAGE][PASSED] - Object 'Object Repository/Cart Page/Qty or Amt Edit Box for line item1' has attribute 'type' with value 'text'

2018-07-02 21:53:46 - [TEST_STEP][PASSED] - closeBrowser: Browser is closed

2018-07-02 21:53:46 - [MESSAGE][PASSED] - Browser is closed]]></system-out>
         <system-err><![CDATA[]]></system-err>
      </testcase>
      <testcase name="Test Cases/DDS-273/DDS-5072 verify user can not able to enter zero" classname="Test Cases/DDS-273/DDS-5072 verify user can not able to enter zero" status="PASSED">
         <system-out><![CDATA[2018-07-02 21:53:46 - [TEST_CASE][PASSED] - Test Cases/DDS-273/DDS-5072 verify user can not able to enter zero: Test Cases/DDS-273/DDS-5072 verify user can not able to enter zero

2018-07-02 21:53:46 - [TEST_STEP][PASSED] - callTestCase: Call Test Case 'Test Cases/CommonLibraries/Search By Item' successfully

2018-07-02 21:53:46 - [TEST_CASE][PASSED] - Test Cases/CommonLibraries/Search By Item: Test Cases/CommonLibraries/Search By Item

2018-07-02 21:53:46 - [TEST_STEP][PASSED] - callTestCase: Call Test Case 'Test Cases/CommonLibraries/Login' successfully

2018-07-02 21:53:46 - [TEST_CASE][PASSED] - Test Cases/CommonLibraries/Login: Test Cases/CommonLibraries/Login

2018-07-02 21:53:46 - [TEST_STEP][PASSED] - openBrowser: Browser is opened with url: 'https://smtlogin.zycus.net/sso/login?serviceName=http://eproc-qa.zycus.net/'

2018-07-02 21:53:54 - [MESSAGE][PASSED] - Browser is opened with url: 'https://smtlogin.zycus.net/sso/login?serviceName=http://eproc-qa.zycus.net/'

2018-07-02 21:53:54 - [TEST_STEP][PASSED] - maximizeWindow: Current window maximized

2018-07-02 21:53:56 - [MESSAGE][PASSED] - Current window maximized

2018-07-02 21:53:56 - [TEST_STEP][PASSED] - waitForElementVisible: Object 'Object Repository/LoginPage/UserID' is visible

2018-07-02 21:53:56 - [MESSAGE][PASSED] - Object 'Object Repository/LoginPage/UserID' is visible

2018-07-02 21:53:56 - [TEST_STEP][PASSED] - sendKeys: Keys 'monicaqa@zycus.com' sent to object: 'Object Repository/LoginPage/UserID'

2018-07-02 21:53:56 - [MESSAGE][PASSED] - Keys 'monicaqa@zycus.com' sent to object: 'Object Repository/LoginPage/UserID'

2018-07-02 21:53:56 - [TEST_STEP][PASSED] - sendKeys: Keys 'eProc@123' sent to object: 'Object Repository/LoginPage/Password'

2018-07-02 21:53:56 - [MESSAGE][PASSED] - Keys 'eProc@123' sent to object: 'Object Repository/LoginPage/Password'

2018-07-02 21:53:56 - [TEST_STEP][PASSED] - click: Object: 'Object Repository/LoginPage/LoginButton' is clicked on

2018-07-02 21:54:01 - [MESSAGE][PASSED] - Object: 'Object Repository/LoginPage/LoginButton' is clicked on

2018-07-02 21:54:01 - [MESSAGE][PASSED] - Call Test Case 'Test Cases/CommonLibraries/Login' successfully

2018-07-02 21:54:01 - [TEST_STEP][PASSED] - waitForElementPresent: Object 'Object Repository/OnlineStorePage/Search Box' is present

2018-07-02 21:54:36 - [MESSAGE][PASSED] - Object 'Object Repository/OnlineStorePage/Search Box' is present

2018-07-02 21:54:36 - [TEST_STEP][PASSED] - waitForPageLoad: Wait for page load successfully

2018-07-02 21:54:36 - [MESSAGE][PASSED] - Wait for page load successfully

2018-07-02 21:54:36 - [TEST_STEP][PASSED] - sendKeys: Keys 'Item' sent to object: 'Object Repository/OnlineStorePage/Search Box'

2018-07-02 21:54:36 - [MESSAGE][PASSED] - Keys 'Item' sent to object: 'Object Repository/OnlineStorePage/Search Box'

2018-07-02 21:54:36 - [TEST_STEP][PASSED] - click: Object: 'Object Repository/OnlineStorePage/Search Icon' is clicked on

2018-07-02 21:54:36 - [MESSAGE][PASSED] - Object: 'Object Repository/OnlineStorePage/Search Icon' is clicked on

2018-07-02 21:54:36 - [MESSAGE][PASSED] - Call Test Case 'Test Cases/CommonLibraries/Search By Item' successfully

2018-07-02 21:54:36 - [TEST_STEP][PASSED] - waitForElementPresent: Object 'Object Repository/SearchResultPage/SearchItemTab/CatalogItems/Check Box For 3 Row Item List' is present

2018-07-02 21:54:44 - [MESSAGE][PASSED] - Object 'Object Repository/SearchResultPage/SearchItemTab/CatalogItems/Check Box For 3 Row Item List' is present

2018-07-02 21:54:44 - [TEST_STEP][PASSED] - click: Object: 'Object Repository/SearchResultPage/SearchItemTab/CatalogItems/Check Box For 3 Row Item List' is clicked on

2018-07-02 21:54:44 - [MESSAGE][PASSED] - Object: 'Object Repository/SearchResultPage/SearchItemTab/CatalogItems/Check Box For 3 Row Item List' is clicked on

2018-07-02 21:54:44 - [TEST_STEP][PASSED] - click: Object: 'Object Repository/SearchResultPage/SearchItemTab/CatalogItems/AddToCart_MultipleItem' is clicked on

2018-07-02 21:54:45 - [MESSAGE][PASSED] - Object: 'Object Repository/SearchResultPage/SearchItemTab/CatalogItems/AddToCart_MultipleItem' is clicked on

2018-07-02 21:54:45 - [TEST_STEP][PASSED] - click: Object: 'Object Repository/OnlineStorePage/CartIcon' is clicked on

2018-07-02 21:54:45 - [MESSAGE][PASSED] - Object: 'Object Repository/OnlineStorePage/CartIcon' is clicked on

2018-07-02 21:54:45 - [TEST_STEP][PASSED] - delay: Delayed 3 second(s)

2018-07-02 21:54:48 - [MESSAGE][PASSED] - Delayed 3 second(s)

2018-07-02 21:54:48 - [TEST_STEP][PASSED] - sendKeys: Keys 'INSERT + BACK_SPACE + BACK_SPACE + 0' sent to object: 'Object Repository/Cart Page/Qty or Amt Edit Box for line item1'

2018-07-02 21:54:48 - [MESSAGE][PASSED] - Keys 'INSERT + BACK_SPACE + BACK_SPACE + 0' sent to object: 'Object Repository/Cart Page/Qty or Amt Edit Box for line item1'

2018-07-02 21:54:48 - [TEST_STEP][PASSED] - click: Object: 'Object Repository/Cart Page/Line Item Details/Quantity or Amt' is clicked on

2018-07-02 21:54:48 - [MESSAGE][PASSED] - Object: 'Object Repository/Cart Page/Line Item Details/Quantity or Amt' is clicked on

2018-07-02 21:54:48 - [TEST_STEP][PASSED] - waitForElementPresent: Object 'Object Repository/Popups/Alert Pop Up/Alert message' is present

2018-07-02 21:54:48 - [MESSAGE][PASSED] - Object 'Object Repository/Popups/Alert Pop Up/Alert message' is present

2018-07-02 21:54:48 - [TEST_STEP][PASSED] - verifyElementText: Actual text and expected text of test object 'Object Repository/Popups/Alert Pop Up/Alert message' are matched.

2018-07-02 21:54:48 - [MESSAGE][PASSED] - Actual text and expected text of test object 'Object Repository/Popups/Alert Pop Up/Alert message' are matched.

2018-07-02 21:54:48 - [TEST_STEP][PASSED] - closeBrowser: Browser is closed

2018-07-02 21:54:48 - [MESSAGE][PASSED] - Browser is closed]]></system-out>
         <system-err><![CDATA[]]></system-err>
      </testcase>
      <testcase name="Test Cases/DDS-273/DDS-5073 verify is that field is empty" classname="Test Cases/DDS-273/DDS-5073 verify is that field is empty" status="PASSED">
         <system-out><![CDATA[2018-07-02 21:54:48 - [TEST_CASE][PASSED] - Test Cases/DDS-273/DDS-5073 verify is that field is empty: Test Cases/DDS-273/DDS-5073 verify is that field is empty

2018-07-02 21:54:48 - [TEST_STEP][PASSED] - callTestCase: Call Test Case 'Test Cases/CommonLibraries/Search By Item' successfully

2018-07-02 21:54:48 - [TEST_CASE][PASSED] - Test Cases/CommonLibraries/Search By Item: Test Cases/CommonLibraries/Search By Item

2018-07-02 21:54:48 - [TEST_STEP][PASSED] - callTestCase: Call Test Case 'Test Cases/CommonLibraries/Login' successfully

2018-07-02 21:54:48 - [TEST_CASE][PASSED] - Test Cases/CommonLibraries/Login: Test Cases/CommonLibraries/Login

2018-07-02 21:54:48 - [TEST_STEP][PASSED] - openBrowser: Browser is opened with url: 'https://smtlogin.zycus.net/sso/login?serviceName=http://eproc-qa.zycus.net/'

2018-07-02 21:54:56 - [MESSAGE][PASSED] - Browser is opened with url: 'https://smtlogin.zycus.net/sso/login?serviceName=http://eproc-qa.zycus.net/'

2018-07-02 21:54:56 - [TEST_STEP][PASSED] - maximizeWindow: Current window maximized

2018-07-02 21:54:58 - [MESSAGE][PASSED] - Current window maximized

2018-07-02 21:54:58 - [TEST_STEP][PASSED] - waitForElementVisible: Object 'Object Repository/LoginPage/UserID' is visible

2018-07-02 21:54:58 - [MESSAGE][PASSED] - Object 'Object Repository/LoginPage/UserID' is visible

2018-07-02 21:54:58 - [TEST_STEP][PASSED] - sendKeys: Keys 'monicaqa@zycus.com' sent to object: 'Object Repository/LoginPage/UserID'

2018-07-02 21:54:58 - [MESSAGE][PASSED] - Keys 'monicaqa@zycus.com' sent to object: 'Object Repository/LoginPage/UserID'

2018-07-02 21:54:58 - [TEST_STEP][PASSED] - sendKeys: Keys 'eProc@123' sent to object: 'Object Repository/LoginPage/Password'

2018-07-02 21:54:58 - [MESSAGE][PASSED] - Keys 'eProc@123' sent to object: 'Object Repository/LoginPage/Password'

2018-07-02 21:54:58 - [TEST_STEP][PASSED] - click: Object: 'Object Repository/LoginPage/LoginButton' is clicked on

2018-07-02 21:55:04 - [MESSAGE][PASSED] - Object: 'Object Repository/LoginPage/LoginButton' is clicked on

2018-07-02 21:55:04 - [MESSAGE][PASSED] - Call Test Case 'Test Cases/CommonLibraries/Login' successfully

2018-07-02 21:55:04 - [TEST_STEP][PASSED] - waitForElementPresent: Object 'Object Repository/OnlineStorePage/Search Box' is present

2018-07-02 21:55:35 - [MESSAGE][PASSED] - Object 'Object Repository/OnlineStorePage/Search Box' is present

2018-07-02 21:55:35 - [TEST_STEP][PASSED] - waitForPageLoad: Wait for page load successfully

2018-07-02 21:55:35 - [MESSAGE][PASSED] - Wait for page load successfully

2018-07-02 21:55:35 - [TEST_STEP][PASSED] - sendKeys: Keys 'Item' sent to object: 'Object Repository/OnlineStorePage/Search Box'

2018-07-02 21:55:35 - [MESSAGE][PASSED] - Keys 'Item' sent to object: 'Object Repository/OnlineStorePage/Search Box'

2018-07-02 21:55:35 - [TEST_STEP][PASSED] - click: Object: 'Object Repository/OnlineStorePage/Search Icon' is clicked on

2018-07-02 21:55:36 - [MESSAGE][PASSED] - Object: 'Object Repository/OnlineStorePage/Search Icon' is clicked on

2018-07-02 21:55:36 - [MESSAGE][PASSED] - Call Test Case 'Test Cases/CommonLibraries/Search By Item' successfully

2018-07-02 21:55:36 - [TEST_STEP][PASSED] - waitForElementPresent: Object 'Object Repository/SearchResultPage/SearchItemTab/CatalogItems/Check Box For 3 Row Item List' is present

2018-07-02 21:55:57 - [MESSAGE][PASSED] - Object 'Object Repository/SearchResultPage/SearchItemTab/CatalogItems/Check Box For 3 Row Item List' is present

2018-07-02 21:55:57 - [TEST_STEP][PASSED] - click: Object: 'Object Repository/SearchResultPage/SearchItemTab/CatalogItems/Check Box For 3 Row Item List' is clicked on

2018-07-02 21:55:58 - [MESSAGE][PASSED] - Object: 'Object Repository/SearchResultPage/SearchItemTab/CatalogItems/Check Box For 3 Row Item List' is clicked on

2018-07-02 21:55:58 - [TEST_STEP][PASSED] - click: Object: 'Object Repository/SearchResultPage/SearchItemTab/CatalogItems/AddToCart_MultipleItem' is clicked on

2018-07-02 21:55:58 - [MESSAGE][PASSED] - Object: 'Object Repository/SearchResultPage/SearchItemTab/CatalogItems/AddToCart_MultipleItem' is clicked on

2018-07-02 21:55:58 - [TEST_STEP][PASSED] - click: Object: 'Object Repository/OnlineStorePage/CartIcon' is clicked on

2018-07-02 21:55:58 - [MESSAGE][PASSED] - Object: 'Object Repository/OnlineStorePage/CartIcon' is clicked on

2018-07-02 21:55:58 - [TEST_STEP][PASSED] - delay: Delayed 3 second(s)

2018-07-02 21:56:01 - [MESSAGE][PASSED] - Delayed 3 second(s)

2018-07-02 21:56:01 - [TEST_STEP][PASSED] - Statement - Value = com.kms.katalon.core.webui.keyword.WebUiBuiltInKeywords.getAttribute(com.kms.katalon.core.testobject.ObjectRepository.findTestObject(Cart Page/Qty or Amt Edit Box for line item1), "ng-reflect-model"): Attribute 'ng-reflect-model' of object 'Object Repository/Cart Page/Qty or Amt Edit Box for line item1' is: '2'

2018-07-02 21:56:01 - [MESSAGE][PASSED] - Attribute 'ng-reflect-model' of object 'Object Repository/Cart Page/Qty or Amt Edit Box for line item1' is: '2'

2018-07-02 21:56:01 - [TEST_STEP][PASSED] - verifyElementAttributeValue: Object 'Object Repository/Cart Page/Qty or Amt Edit Box for line item1' has attribute 'ng-reflect-model' with value '2'

2018-07-02 21:56:01 - [MESSAGE][PASSED] - Object 'Object Repository/Cart Page/Qty or Amt Edit Box for line item1' has attribute 'ng-reflect-model' with value '2'

2018-07-02 21:56:01 - [TEST_STEP][PASSED] - closeBrowser: Browser is closed

2018-07-02 21:56:01 - [MESSAGE][PASSED] - Browser is closed]]></system-out>
         <system-err><![CDATA[]]></system-err>
      </testcase>
      <testcase name="Test Cases/DDS-273/DDS-5074 verify if user not enter quantity throwing a message Enter valid quantity" classname="Test Cases/DDS-273/DDS-5074 verify if user not enter quantity throwing a message Enter valid quantity" status="PASSED">
         <system-out><![CDATA[2018-07-02 21:56:01 - [TEST_CASE][PASSED] - Test Cases/DDS-273/DDS-5074 verify if user not enter quantity throwing a message Enter valid quantity: Test Cases/DDS-273/DDS-5074 verify if user not enter quantity throwing a message Enter valid quantity

2018-07-02 21:56:01 - [TEST_STEP][PASSED] - callTestCase: Call Test Case 'Test Cases/CommonLibraries/Search By Item' successfully

2018-07-02 21:56:01 - [TEST_CASE][PASSED] - Test Cases/CommonLibraries/Search By Item: Test Cases/CommonLibraries/Search By Item

2018-07-02 21:56:01 - [TEST_STEP][PASSED] - callTestCase: Call Test Case 'Test Cases/CommonLibraries/Login' successfully

2018-07-02 21:56:01 - [TEST_CASE][PASSED] - Test Cases/CommonLibraries/Login: Test Cases/CommonLibraries/Login

2018-07-02 21:56:01 - [TEST_STEP][PASSED] - openBrowser: Browser is opened with url: 'https://smtlogin.zycus.net/sso/login?serviceName=http://eproc-qa.zycus.net/'

2018-07-02 21:56:09 - [MESSAGE][PASSED] - Browser is opened with url: 'https://smtlogin.zycus.net/sso/login?serviceName=http://eproc-qa.zycus.net/'

2018-07-02 21:56:09 - [TEST_STEP][PASSED] - maximizeWindow: Current window maximized

2018-07-02 21:56:11 - [MESSAGE][PASSED] - Current window maximized

2018-07-02 21:56:11 - [TEST_STEP][PASSED] - waitForElementVisible: Object 'Object Repository/LoginPage/UserID' is visible

2018-07-02 21:56:11 - [MESSAGE][PASSED] - Object 'Object Repository/LoginPage/UserID' is visible

2018-07-02 21:56:11 - [TEST_STEP][PASSED] - sendKeys: Keys 'monicaqa@zycus.com' sent to object: 'Object Repository/LoginPage/UserID'

2018-07-02 21:56:11 - [MESSAGE][PASSED] - Keys 'monicaqa@zycus.com' sent to object: 'Object Repository/LoginPage/UserID'

2018-07-02 21:56:11 - [TEST_STEP][PASSED] - sendKeys: Keys 'eProc@123' sent to object: 'Object Repository/LoginPage/Password'

2018-07-02 21:56:11 - [MESSAGE][PASSED] - Keys 'eProc@123' sent to object: 'Object Repository/LoginPage/Password'

2018-07-02 21:56:11 - [TEST_STEP][PASSED] - click: Object: 'Object Repository/LoginPage/LoginButton' is clicked on

2018-07-02 21:56:17 - [MESSAGE][PASSED] - Object: 'Object Repository/LoginPage/LoginButton' is clicked on

2018-07-02 21:56:17 - [MESSAGE][PASSED] - Call Test Case 'Test Cases/CommonLibraries/Login' successfully

2018-07-02 21:56:17 - [TEST_STEP][PASSED] - waitForElementPresent: Object 'Object Repository/OnlineStorePage/Search Box' is present

2018-07-02 21:56:50 - [MESSAGE][PASSED] - Object 'Object Repository/OnlineStorePage/Search Box' is present

2018-07-02 21:56:50 - [TEST_STEP][PASSED] - waitForPageLoad: Wait for page load successfully

2018-07-02 21:56:50 - [MESSAGE][PASSED] - Wait for page load successfully

2018-07-02 21:56:50 - [TEST_STEP][PASSED] - sendKeys: Keys 'Item' sent to object: 'Object Repository/OnlineStorePage/Search Box'

2018-07-02 21:56:50 - [MESSAGE][PASSED] - Keys 'Item' sent to object: 'Object Repository/OnlineStorePage/Search Box'

2018-07-02 21:56:50 - [TEST_STEP][PASSED] - click: Object: 'Object Repository/OnlineStorePage/Search Icon' is clicked on

2018-07-02 21:56:51 - [MESSAGE][PASSED] - Object: 'Object Repository/OnlineStorePage/Search Icon' is clicked on

2018-07-02 21:56:51 - [MESSAGE][PASSED] - Call Test Case 'Test Cases/CommonLibraries/Search By Item' successfully

2018-07-02 21:56:51 - [TEST_STEP][PASSED] - waitForElementPresent: Object 'Object Repository/SearchResultPage/SearchItemTab/CatalogItems/Check Box For 3 Row Item List' is not present after 30 second(s)

2018-07-02 21:57:22 - [MESSAGE][WARNING] - Object 'Object Repository/SearchResultPage/SearchItemTab/CatalogItems/Check Box For 3 Row Item List' is not present after 30 second(s)

2018-07-02 21:57:22 - [TEST_STEP][PASSED] - click: Object: 'Object Repository/SearchResultPage/SearchItemTab/CatalogItems/Check Box For 3 Row Item List' is clicked on

2018-07-02 21:57:23 - [MESSAGE][PASSED] - Object: 'Object Repository/SearchResultPage/SearchItemTab/CatalogItems/Check Box For 3 Row Item List' is clicked on

2018-07-02 21:57:23 - [TEST_STEP][PASSED] - click: Object: 'Object Repository/SearchResultPage/SearchItemTab/CatalogItems/AddToCart_MultipleItem' is clicked on

2018-07-02 21:57:23 - [MESSAGE][PASSED] - Object: 'Object Repository/SearchResultPage/SearchItemTab/CatalogItems/AddToCart_MultipleItem' is clicked on

2018-07-02 21:57:23 - [TEST_STEP][PASSED] - click: Object: 'Object Repository/OnlineStorePage/CartIcon' is clicked on

2018-07-02 21:57:23 - [MESSAGE][PASSED] - Object: 'Object Repository/OnlineStorePage/CartIcon' is clicked on

2018-07-02 21:57:23 - [TEST_STEP][PASSED] - delay: Delayed 3 second(s)

2018-07-02 21:57:26 - [MESSAGE][PASSED] - Delayed 3 second(s)

2018-07-02 21:57:26 - [TEST_STEP][PASSED] - sendKeys: Keys 'INSERT + BACK_SPACE + BACK_SPACE + ' sent to object: 'Object Repository/Cart Page/Qty or Amt Edit Box for line item1'

2018-07-02 21:57:26 - [MESSAGE][PASSED] - Keys 'INSERT + BACK_SPACE + BACK_SPACE + ' sent to object: 'Object Repository/Cart Page/Qty or Amt Edit Box for line item1'

2018-07-02 21:57:26 - [TEST_STEP][PASSED] - click: Object: 'Object Repository/Cart Page/Line Item Details/Quantity or Amt' is clicked on

2018-07-02 21:57:26 - [MESSAGE][PASSED] - Object: 'Object Repository/Cart Page/Line Item Details/Quantity or Amt' is clicked on

2018-07-02 21:57:26 - [TEST_STEP][PASSED] - waitForElementPresent: Object 'Object Repository/Popups/Alert Pop Up/Alert message' is present

2018-07-02 21:57:26 - [MESSAGE][PASSED] - Object 'Object Repository/Popups/Alert Pop Up/Alert message' is present

2018-07-02 21:57:26 - [TEST_STEP][PASSED] - verifyElementText: Actual text and expected text of test object 'Object Repository/Popups/Alert Pop Up/Alert message' are matched.

2018-07-02 21:57:26 - [MESSAGE][PASSED] - Actual text and expected text of test object 'Object Repository/Popups/Alert Pop Up/Alert message' are matched.

2018-07-02 21:57:26 - [TEST_STEP][PASSED] - closeBrowser: Browser is closed

2018-07-02 21:57:27 - [MESSAGE][PASSED] - Browser is closed]]></system-out>
         <system-err><![CDATA[]]></system-err>
      </testcase>
      <testcase name="Test Cases/DDS-273/DDS-5075 verify user can able to enter negative quantity" classname="Test Cases/DDS-273/DDS-5075 verify user can able to enter negative quantity" status="PASSED">
         <system-out><![CDATA[2018-07-02 21:57:27 - [TEST_CASE][PASSED] - Test Cases/DDS-273/DDS-5075 verify user can able to enter negative quantity: Test Cases/DDS-273/DDS-5075 verify user can able to enter negative quantity

2018-07-02 21:57:27 - [TEST_STEP][PASSED] - callTestCase: Call Test Case 'Test Cases/CommonLibraries/Search By Item' successfully

2018-07-02 21:57:27 - [TEST_CASE][PASSED] - Test Cases/CommonLibraries/Search By Item: Test Cases/CommonLibraries/Search By Item

2018-07-02 21:57:27 - [TEST_STEP][PASSED] - callTestCase: Call Test Case 'Test Cases/CommonLibraries/Login' successfully

2018-07-02 21:57:27 - [TEST_CASE][PASSED] - Test Cases/CommonLibraries/Login: Test Cases/CommonLibraries/Login

2018-07-02 21:57:27 - [TEST_STEP][PASSED] - openBrowser: Browser is opened with url: 'https://smtlogin.zycus.net/sso/login?serviceName=http://eproc-qa.zycus.net/'

2018-07-02 21:57:35 - [MESSAGE][PASSED] - Browser is opened with url: 'https://smtlogin.zycus.net/sso/login?serviceName=http://eproc-qa.zycus.net/'

2018-07-02 21:57:35 - [TEST_STEP][PASSED] - maximizeWindow: Current window maximized

2018-07-02 21:57:37 - [MESSAGE][PASSED] - Current window maximized

2018-07-02 21:57:37 - [TEST_STEP][PASSED] - waitForElementVisible: Object 'Object Repository/LoginPage/UserID' is visible

2018-07-02 21:57:37 - [MESSAGE][PASSED] - Object 'Object Repository/LoginPage/UserID' is visible

2018-07-02 21:57:37 - [TEST_STEP][PASSED] - sendKeys: Keys 'monicaqa@zycus.com' sent to object: 'Object Repository/LoginPage/UserID'

2018-07-02 21:57:37 - [MESSAGE][PASSED] - Keys 'monicaqa@zycus.com' sent to object: 'Object Repository/LoginPage/UserID'

2018-07-02 21:57:37 - [TEST_STEP][PASSED] - sendKeys: Keys 'eProc@123' sent to object: 'Object Repository/LoginPage/Password'

2018-07-02 21:57:37 - [MESSAGE][PASSED] - Keys 'eProc@123' sent to object: 'Object Repository/LoginPage/Password'

2018-07-02 21:57:37 - [TEST_STEP][PASSED] - click: Object: 'Object Repository/LoginPage/LoginButton' is clicked on

2018-07-02 21:57:41 - [MESSAGE][PASSED] - Object: 'Object Repository/LoginPage/LoginButton' is clicked on

2018-07-02 21:57:41 - [MESSAGE][PASSED] - Call Test Case 'Test Cases/CommonLibraries/Login' successfully

2018-07-02 21:57:41 - [TEST_STEP][PASSED] - waitForElementPresent: Object 'Object Repository/OnlineStorePage/Search Box' is present

2018-07-02 21:58:08 - [MESSAGE][PASSED] - Object 'Object Repository/OnlineStorePage/Search Box' is present

2018-07-02 21:58:08 - [TEST_STEP][PASSED] - waitForPageLoad: Wait for page load successfully

2018-07-02 21:58:08 - [MESSAGE][PASSED] - Wait for page load successfully

2018-07-02 21:58:08 - [TEST_STEP][PASSED] - sendKeys: Keys 'Item' sent to object: 'Object Repository/OnlineStorePage/Search Box'

2018-07-02 21:58:09 - [MESSAGE][PASSED] - Keys 'Item' sent to object: 'Object Repository/OnlineStorePage/Search Box'

2018-07-02 21:58:09 - [TEST_STEP][PASSED] - click: Object: 'Object Repository/OnlineStorePage/Search Icon' is clicked on

2018-07-02 21:58:09 - [MESSAGE][PASSED] - Object: 'Object Repository/OnlineStorePage/Search Icon' is clicked on

2018-07-02 21:58:09 - [MESSAGE][PASSED] - Call Test Case 'Test Cases/CommonLibraries/Search By Item' successfully

2018-07-02 21:58:09 - [TEST_STEP][PASSED] - waitForElementPresent: Object 'Object Repository/SearchResultPage/SearchItemTab/CatalogItems/Check Box For 2 row item list' is present

2018-07-02 21:58:16 - [MESSAGE][PASSED] - Object 'Object Repository/SearchResultPage/SearchItemTab/CatalogItems/Check Box For 2 row item list' is present

2018-07-02 21:58:16 - [TEST_STEP][PASSED] - click: Object: 'Object Repository/SearchResultPage/SearchItemTab/CatalogItems/Check Box For 2 row item list' is clicked on

2018-07-02 21:58:16 - [MESSAGE][PASSED] - Object: 'Object Repository/SearchResultPage/SearchItemTab/CatalogItems/Check Box For 2 row item list' is clicked on

2018-07-02 21:58:16 - [TEST_STEP][PASSED] - click: Object: 'Object Repository/SearchResultPage/SearchItemTab/CatalogItems/AddToCart_MultipleItem' is clicked on

2018-07-02 21:58:16 - [MESSAGE][PASSED] - Object: 'Object Repository/SearchResultPage/SearchItemTab/CatalogItems/AddToCart_MultipleItem' is clicked on

2018-07-02 21:58:16 - [TEST_STEP][PASSED] - click: Object: 'Object Repository/OnlineStorePage/CartIcon' is clicked on

2018-07-02 21:58:17 - [MESSAGE][PASSED] - Object: 'Object Repository/OnlineStorePage/CartIcon' is clicked on

2018-07-02 21:58:17 - [TEST_STEP][PASSED] - delay: Delayed 3 second(s)

2018-07-02 21:58:20 - [MESSAGE][PASSED] - Delayed 3 second(s)

2018-07-02 21:58:20 - [TEST_STEP][PASSED] - sendKeys: Keys 'INSERT + BACK_SPACE + -' sent to object: 'Object Repository/Cart Page/Qty or Amt Edit Box for line item1'

2018-07-02 21:58:20 - [MESSAGE][PASSED] - Keys 'INSERT + BACK_SPACE + -' sent to object: 'Object Repository/Cart Page/Qty or Amt Edit Box for line item1'

2018-07-02 21:58:20 - [TEST_STEP][PASSED] - click: Object: 'Object Repository/Cart Page/Line Item Details/Quantity or Amt' is clicked on

2018-07-02 21:58:20 - [MESSAGE][PASSED] - Object: 'Object Repository/Cart Page/Line Item Details/Quantity or Amt' is clicked on

2018-07-02 21:58:20 - [TEST_STEP][PASSED] - waitForElementPresent: Object 'Object Repository/Popups/Alert Pop Up/Alert message' is present

2018-07-02 21:58:20 - [MESSAGE][PASSED] - Object 'Object Repository/Popups/Alert Pop Up/Alert message' is present

2018-07-02 21:58:20 - [TEST_STEP][PASSED] - verifyElementText: Actual text and expected text of test object 'Object Repository/Popups/Alert Pop Up/Alert message' are matched.

2018-07-02 21:58:20 - [MESSAGE][PASSED] - Actual text and expected text of test object 'Object Repository/Popups/Alert Pop Up/Alert message' are matched.

2018-07-02 21:58:20 - [TEST_STEP][PASSED] - closeBrowser: Browser is closed

2018-07-02 21:58:20 - [MESSAGE][PASSED] - Browser is closed]]></system-out>
         <system-err><![CDATA[]]></system-err>
      </testcase>
      <testcase name="Test Cases/DDS-273/DDS-5076 verify User will be able to update the quantity in the field" classname="Test Cases/DDS-273/DDS-5076 verify User will be able to update the quantity in the field" status="PASSED">
         <system-out><![CDATA[2018-07-02 21:58:20 - [TEST_CASE][PASSED] - Test Cases/DDS-273/DDS-5076 verify User will be able to update the quantity in the field: Test Cases/DDS-273/DDS-5076 verify User will be able to update the quantity in the field

2018-07-02 21:58:20 - [TEST_STEP][PASSED] - callTestCase: Call Test Case 'Test Cases/CommonLibraries/Search By Item' successfully

2018-07-02 21:58:20 - [TEST_CASE][PASSED] - Test Cases/CommonLibraries/Search By Item: Test Cases/CommonLibraries/Search By Item

2018-07-02 21:58:20 - [TEST_STEP][PASSED] - callTestCase: Call Test Case 'Test Cases/CommonLibraries/Login' successfully

2018-07-02 21:58:20 - [TEST_CASE][PASSED] - Test Cases/CommonLibraries/Login: Test Cases/CommonLibraries/Login

2018-07-02 21:58:20 - [TEST_STEP][PASSED] - openBrowser: Browser is opened with url: 'https://smtlogin.zycus.net/sso/login?serviceName=http://eproc-qa.zycus.net/'

2018-07-02 21:58:30 - [MESSAGE][PASSED] - Browser is opened with url: 'https://smtlogin.zycus.net/sso/login?serviceName=http://eproc-qa.zycus.net/'

2018-07-02 21:58:30 - [TEST_STEP][PASSED] - maximizeWindow: Current window maximized

2018-07-02 21:58:30 - [MESSAGE][PASSED] - Current window maximized

2018-07-02 21:58:30 - [TEST_STEP][PASSED] - waitForElementVisible: Object 'Object Repository/LoginPage/UserID' is visible

2018-07-02 21:58:30 - [MESSAGE][PASSED] - Object 'Object Repository/LoginPage/UserID' is visible

2018-07-02 21:58:30 - [TEST_STEP][PASSED] - sendKeys: Keys 'monicaqa@zycus.com' sent to object: 'Object Repository/LoginPage/UserID'

2018-07-02 21:58:30 - [MESSAGE][PASSED] - Keys 'monicaqa@zycus.com' sent to object: 'Object Repository/LoginPage/UserID'

2018-07-02 21:58:30 - [TEST_STEP][PASSED] - sendKeys: Keys 'eProc@123' sent to object: 'Object Repository/LoginPage/Password'

2018-07-02 21:58:30 - [MESSAGE][PASSED] - Keys 'eProc@123' sent to object: 'Object Repository/LoginPage/Password'

2018-07-02 21:58:30 - [TEST_STEP][PASSED] - click: Object: 'Object Repository/LoginPage/LoginButton' is clicked on

2018-07-02 21:58:35 - [MESSAGE][PASSED] - Object: 'Object Repository/LoginPage/LoginButton' is clicked on

2018-07-02 21:58:35 - [MESSAGE][PASSED] - Call Test Case 'Test Cases/CommonLibraries/Login' successfully

2018-07-02 21:58:35 - [TEST_STEP][PASSED] - waitForElementPresent: Object 'Object Repository/OnlineStorePage/Search Box' is present

2018-07-02 21:59:05 - [MESSAGE][PASSED] - Object 'Object Repository/OnlineStorePage/Search Box' is present

2018-07-02 21:59:05 - [TEST_STEP][PASSED] - waitForPageLoad: Wait for page load successfully

2018-07-02 21:59:05 - [MESSAGE][PASSED] - Wait for page load successfully

2018-07-02 21:59:05 - [TEST_STEP][PASSED] - sendKeys: Keys 'Item' sent to object: 'Object Repository/OnlineStorePage/Search Box'

2018-07-02 21:59:05 - [MESSAGE][PASSED] - Keys 'Item' sent to object: 'Object Repository/OnlineStorePage/Search Box'

2018-07-02 21:59:05 - [TEST_STEP][PASSED] - click: Object: 'Object Repository/OnlineStorePage/Search Icon' is clicked on

2018-07-02 21:59:05 - [MESSAGE][PASSED] - Object: 'Object Repository/OnlineStorePage/Search Icon' is clicked on

2018-07-02 21:59:05 - [MESSAGE][PASSED] - Call Test Case 'Test Cases/CommonLibraries/Search By Item' successfully

2018-07-02 21:59:05 - [TEST_STEP][PASSED] - waitForElementPresent: Object 'Object Repository/SearchResultPage/SearchItemTab/CatalogItems/Check Box For 2 row item list' is present

2018-07-02 21:59:12 - [MESSAGE][PASSED] - Object 'Object Repository/SearchResultPage/SearchItemTab/CatalogItems/Check Box For 2 row item list' is present

2018-07-02 21:59:12 - [TEST_STEP][PASSED] - click: Object: 'Object Repository/SearchResultPage/SearchItemTab/CatalogItems/Check Box For 2 row item list' is clicked on

2018-07-02 21:59:12 - [MESSAGE][PASSED] - Object: 'Object Repository/SearchResultPage/SearchItemTab/CatalogItems/Check Box For 2 row item list' is clicked on

2018-07-02 21:59:12 - [TEST_STEP][PASSED] - click: Object: 'Object Repository/SearchResultPage/SearchItemTab/CatalogItems/AddToCart_MultipleItem' is clicked on

2018-07-02 21:59:12 - [MESSAGE][PASSED] - Object: 'Object Repository/SearchResultPage/SearchItemTab/CatalogItems/AddToCart_MultipleItem' is clicked on

2018-07-02 21:59:12 - [TEST_STEP][PASSED] - click: Object: 'Object Repository/OnlineStorePage/CartIcon' is clicked on

2018-07-02 21:59:12 - [MESSAGE][PASSED] - Object: 'Object Repository/OnlineStorePage/CartIcon' is clicked on

2018-07-02 21:59:12 - [TEST_STEP][PASSED] - delay: Delayed 3 second(s)

2018-07-02 21:59:15 - [MESSAGE][PASSED] - Delayed 3 second(s)

2018-07-02 21:59:15 - [TEST_STEP][PASSED] - sendKeys: Keys 'INSERT + BACK_SPACE + BACK_SPACE + 4' sent to object: 'Object Repository/Cart Page/Qty or Amt Edit Box for line item1'

2018-07-02 21:59:15 - [MESSAGE][PASSED] - Keys 'INSERT + BACK_SPACE + BACK_SPACE + 4' sent to object: 'Object Repository/Cart Page/Qty or Amt Edit Box for line item1'

2018-07-02 21:59:15 - [TEST_STEP][PASSED] - click: Object: 'Object Repository/Cart Page/Line Item Details/Quantity or Amt' is clicked on

2018-07-02 21:59:16 - [MESSAGE][PASSED] - Object: 'Object Repository/Cart Page/Line Item Details/Quantity or Amt' is clicked on

2018-07-02 21:59:16 - [TEST_STEP][PASSED] - waitForElementPresent: Object 'Object Repository/Popups/Alert Pop Up/Alert message' is present

2018-07-02 21:59:16 - [MESSAGE][PASSED] - Object 'Object Repository/Popups/Alert Pop Up/Alert message' is present

2018-07-02 21:59:16 - [TEST_STEP][PASSED] - verifyElementText: Actual text and expected text of test object 'Object Repository/Cart Page/Item Quantity added message' are matched.

2018-07-02 21:59:16 - [MESSAGE][PASSED] - Actual text and expected text of test object 'Object Repository/Cart Page/Item Quantity added message' are matched.

2018-07-02 21:59:16 - [TEST_STEP][PASSED] - closeBrowser: Browser is closed

2018-07-02 21:59:16 - [MESSAGE][PASSED] - Browser is closed]]></system-out>
         <system-err><![CDATA[]]></system-err>
      </testcase>
      <testcase name="Test Cases/DDS-273/DDS-5077 check if user enters zero in the quantity field and tries to navigate away from the field. Throwing a message Enter valid quantity" classname="Test Cases/DDS-273/DDS-5077 check if user enters zero in the quantity field and tries to navigate away from the field. Throwing a message Enter valid quantity" status="PASSED">
         <system-out><![CDATA[2018-07-02 21:59:16 - [TEST_CASE][PASSED] - Test Cases/DDS-273/DDS-5077 check if user enters zero in the quantity field and tries to navigate away from the field. Throwing a message Enter valid quantity: Test Cases/DDS-273/DDS-5077 check if user enters zero in the quantity field and tries to navigate away from the field. Throwing a message Enter valid quantity

2018-07-02 21:59:16 - [TEST_STEP][PASSED] - callTestCase: Call Test Case 'Test Cases/CommonLibraries/Search By Item' successfully

2018-07-02 21:59:16 - [TEST_CASE][PASSED] - Test Cases/CommonLibraries/Search By Item: Test Cases/CommonLibraries/Search By Item

2018-07-02 21:59:16 - [TEST_STEP][PASSED] - callTestCase: Call Test Case 'Test Cases/CommonLibraries/Login' successfully

2018-07-02 21:59:16 - [TEST_CASE][PASSED] - Test Cases/CommonLibraries/Login: Test Cases/CommonLibraries/Login

2018-07-02 21:59:16 - [TEST_STEP][PASSED] - openBrowser: Browser is opened with url: 'https://smtlogin.zycus.net/sso/login?serviceName=http://eproc-qa.zycus.net/'

2018-07-02 21:59:24 - [MESSAGE][PASSED] - Browser is opened with url: 'https://smtlogin.zycus.net/sso/login?serviceName=http://eproc-qa.zycus.net/'

2018-07-02 21:59:24 - [TEST_STEP][PASSED] - maximizeWindow: Current window maximized

2018-07-02 21:59:26 - [MESSAGE][PASSED] - Current window maximized

2018-07-02 21:59:26 - [TEST_STEP][PASSED] - waitForElementVisible: Object 'Object Repository/LoginPage/UserID' is visible

2018-07-02 21:59:26 - [MESSAGE][PASSED] - Object 'Object Repository/LoginPage/UserID' is visible

2018-07-02 21:59:26 - [TEST_STEP][PASSED] - sendKeys: Keys 'monicaqa@zycus.com' sent to object: 'Object Repository/LoginPage/UserID'

2018-07-02 21:59:26 - [MESSAGE][PASSED] - Keys 'monicaqa@zycus.com' sent to object: 'Object Repository/LoginPage/UserID'

2018-07-02 21:59:26 - [TEST_STEP][PASSED] - sendKeys: Keys 'eProc@123' sent to object: 'Object Repository/LoginPage/Password'

2018-07-02 21:59:26 - [MESSAGE][PASSED] - Keys 'eProc@123' sent to object: 'Object Repository/LoginPage/Password'

2018-07-02 21:59:26 - [TEST_STEP][PASSED] - click: Object: 'Object Repository/LoginPage/LoginButton' is clicked on

2018-07-02 21:59:30 - [MESSAGE][PASSED] - Object: 'Object Repository/LoginPage/LoginButton' is clicked on

2018-07-02 21:59:30 - [MESSAGE][PASSED] - Call Test Case 'Test Cases/CommonLibraries/Login' successfully

2018-07-02 21:59:30 - [TEST_STEP][PASSED] - waitForElementPresent: Object 'Object Repository/OnlineStorePage/Search Box' is present

2018-07-02 22:00:14 - [MESSAGE][PASSED] - Object 'Object Repository/OnlineStorePage/Search Box' is present

2018-07-02 22:00:14 - [TEST_STEP][PASSED] - waitForPageLoad: Wait for page load successfully

2018-07-02 22:00:14 - [MESSAGE][PASSED] - Wait for page load successfully

2018-07-02 22:00:14 - [TEST_STEP][PASSED] - sendKeys: Keys 'Item' sent to object: 'Object Repository/OnlineStorePage/Search Box'

2018-07-02 22:00:14 - [MESSAGE][PASSED] - Keys 'Item' sent to object: 'Object Repository/OnlineStorePage/Search Box'

2018-07-02 22:00:14 - [TEST_STEP][PASSED] - click: Object: 'Object Repository/OnlineStorePage/Search Icon' is clicked on

2018-07-02 22:00:14 - [MESSAGE][PASSED] - Object: 'Object Repository/OnlineStorePage/Search Icon' is clicked on

2018-07-02 22:00:14 - [MESSAGE][PASSED] - Call Test Case 'Test Cases/CommonLibraries/Search By Item' successfully

2018-07-02 22:00:14 - [TEST_STEP][PASSED] - waitForElementPresent: Object 'Object Repository/SearchResultPage/SearchItemTab/CatalogItems/Check Box For 3 Row Item List' is present

2018-07-02 22:00:23 - [MESSAGE][PASSED] - Object 'Object Repository/SearchResultPage/SearchItemTab/CatalogItems/Check Box For 3 Row Item List' is present

2018-07-02 22:00:23 - [TEST_STEP][PASSED] - click: Object: 'Object Repository/SearchResultPage/SearchItemTab/CatalogItems/Check Box For 3 Row Item List' is clicked on

2018-07-02 22:00:23 - [MESSAGE][PASSED] - Object: 'Object Repository/SearchResultPage/SearchItemTab/CatalogItems/Check Box For 3 Row Item List' is clicked on

2018-07-02 22:00:23 - [TEST_STEP][PASSED] - click: Object: 'Object Repository/SearchResultPage/SearchItemTab/CatalogItems/AddToCart_MultipleItem' is clicked on

2018-07-02 22:00:24 - [MESSAGE][PASSED] - Object: 'Object Repository/SearchResultPage/SearchItemTab/CatalogItems/AddToCart_MultipleItem' is clicked on

2018-07-02 22:00:24 - [TEST_STEP][PASSED] - click: Object: 'Object Repository/OnlineStorePage/CartIcon' is clicked on

2018-07-02 22:00:24 - [MESSAGE][PASSED] - Object: 'Object Repository/OnlineStorePage/CartIcon' is clicked on

2018-07-02 22:00:24 - [TEST_STEP][PASSED] - delay: Delayed 3 second(s)

2018-07-02 22:00:27 - [MESSAGE][PASSED] - Delayed 3 second(s)

2018-07-02 22:00:27 - [TEST_STEP][PASSED] - sendKeys: Keys 'INSERT + BACK_SPACE + 0' sent to object: 'Object Repository/Cart Page/Qty or Amt Edit Box for line item1'

2018-07-02 22:00:27 - [MESSAGE][PASSED] - Keys 'INSERT + BACK_SPACE + 0' sent to object: 'Object Repository/Cart Page/Qty or Amt Edit Box for line item1'

2018-07-02 22:00:27 - [TEST_STEP][PASSED] - click: Object: 'Object Repository/Cart Page/Line Item Details/Quantity or Amt' is clicked on

2018-07-02 22:00:27 - [MESSAGE][PASSED] - Object: 'Object Repository/Cart Page/Line Item Details/Quantity or Amt' is clicked on

2018-07-02 22:00:27 - [TEST_STEP][PASSED] - waitForElementPresent: Object 'Object Repository/Popups/Alert Pop Up/Alert message' is present

2018-07-02 22:00:27 - [MESSAGE][PASSED] - Object 'Object Repository/Popups/Alert Pop Up/Alert message' is present

2018-07-02 22:00:27 - [TEST_STEP][PASSED] - verifyElementText: Actual text and expected text of test object 'Object Repository/Popups/Alert Pop Up/Alert message' are matched.

2018-07-02 22:00:27 - [MESSAGE][PASSED] - Actual text and expected text of test object 'Object Repository/Popups/Alert Pop Up/Alert message' are matched.

2018-07-02 22:00:27 - [TEST_STEP][PASSED] - closeBrowser: Browser is closed

2018-07-02 22:00:27 - [MESSAGE][PASSED] - Browser is closed]]></system-out>
         <system-err><![CDATA[]]></system-err>
      </testcase>
      <testcase name="Test Cases/DDS-273/DDS-5078 check if user not enter quantity ,when the user tries to navigate away from that field.throwing a message Enter valid quantity" classname="Test Cases/DDS-273/DDS-5078 check if user not enter quantity ,when the user tries to navigate away from that field.throwing a message Enter valid quantity" status="PASSED">
         <system-out><![CDATA[2018-07-02 22:00:27 - [TEST_CASE][PASSED] - Test Cases/DDS-273/DDS-5078 check if user not enter quantity ,when the user tries to navigate away from that field.throwing a message Enter valid quantity: Test Cases/DDS-273/DDS-5078 check if user not enter quantity ,when the user tries to navigate away from that field.throwing a message Enter valid quantity

2018-07-02 22:00:27 - [TEST_STEP][PASSED] - callTestCase: Call Test Case 'Test Cases/CommonLibraries/Search By Item' successfully

2018-07-02 22:00:27 - [TEST_CASE][PASSED] - Test Cases/CommonLibraries/Search By Item: Test Cases/CommonLibraries/Search By Item

2018-07-02 22:00:27 - [TEST_STEP][PASSED] - callTestCase: Call Test Case 'Test Cases/CommonLibraries/Login' successfully

2018-07-02 22:00:27 - [TEST_CASE][PASSED] - Test Cases/CommonLibraries/Login: Test Cases/CommonLibraries/Login

2018-07-02 22:00:27 - [TEST_STEP][PASSED] - openBrowser: Browser is opened with url: 'https://smtlogin.zycus.net/sso/login?serviceName=http://eproc-qa.zycus.net/'

2018-07-02 22:00:36 - [MESSAGE][PASSED] - Browser is opened with url: 'https://smtlogin.zycus.net/sso/login?serviceName=http://eproc-qa.zycus.net/'

2018-07-02 22:00:36 - [TEST_STEP][PASSED] - maximizeWindow: Current window maximized

2018-07-02 22:00:38 - [MESSAGE][PASSED] - Current window maximized

2018-07-02 22:00:38 - [TEST_STEP][PASSED] - waitForElementVisible: Object 'Object Repository/LoginPage/UserID' is visible

2018-07-02 22:00:38 - [MESSAGE][PASSED] - Object 'Object Repository/LoginPage/UserID' is visible

2018-07-02 22:00:38 - [TEST_STEP][PASSED] - sendKeys: Keys 'monicaqa@zycus.com' sent to object: 'Object Repository/LoginPage/UserID'

2018-07-02 22:00:38 - [MESSAGE][PASSED] - Keys 'monicaqa@zycus.com' sent to object: 'Object Repository/LoginPage/UserID'

2018-07-02 22:00:38 - [TEST_STEP][PASSED] - sendKeys: Keys 'eProc@123' sent to object: 'Object Repository/LoginPage/Password'

2018-07-02 22:00:38 - [MESSAGE][PASSED] - Keys 'eProc@123' sent to object: 'Object Repository/LoginPage/Password'

2018-07-02 22:00:38 - [TEST_STEP][PASSED] - click: Object: 'Object Repository/LoginPage/LoginButton' is clicked on

2018-07-02 22:00:42 - [MESSAGE][PASSED] - Object: 'Object Repository/LoginPage/LoginButton' is clicked on

2018-07-02 22:00:42 - [MESSAGE][PASSED] - Call Test Case 'Test Cases/CommonLibraries/Login' successfully

2018-07-02 22:00:42 - [TEST_STEP][PASSED] - waitForElementPresent: Object 'Object Repository/OnlineStorePage/Search Box' is not present after 50 second(s)

2018-07-02 22:01:34 - [MESSAGE][WARNING] - Object 'Object Repository/OnlineStorePage/Search Box' is not present after 50 second(s)

2018-07-02 22:01:34 - [TEST_STEP][PASSED] - waitForPageLoad: Wait for page load successfully

2018-07-02 22:01:34 - [MESSAGE][PASSED] - Wait for page load successfully

2018-07-02 22:01:34 - [TEST_STEP][PASSED] - sendKeys: Keys 'Item' sent to object: 'Object Repository/OnlineStorePage/Search Box'

2018-07-02 22:01:55 - [MESSAGE][PASSED] - Keys 'Item' sent to object: 'Object Repository/OnlineStorePage/Search Box'

2018-07-02 22:01:55 - [TEST_STEP][PASSED] - click: Object: 'Object Repository/OnlineStorePage/Search Icon' is clicked on

2018-07-02 22:01:56 - [MESSAGE][PASSED] - Object: 'Object Repository/OnlineStorePage/Search Icon' is clicked on

2018-07-02 22:01:56 - [MESSAGE][PASSED] - Call Test Case 'Test Cases/CommonLibraries/Search By Item' successfully

2018-07-02 22:01:56 - [TEST_STEP][PASSED] - waitForElementPresent: Object 'Object Repository/SearchResultPage/SearchItemTab/CatalogItems/Check Box For 3 Row Item List' is present

2018-07-02 22:02:06 - [MESSAGE][PASSED] - Object 'Object Repository/SearchResultPage/SearchItemTab/CatalogItems/Check Box For 3 Row Item List' is present

2018-07-02 22:02:06 - [TEST_STEP][PASSED] - click: Object: 'Object Repository/SearchResultPage/SearchItemTab/CatalogItems/Check Box For 3 Row Item List' is clicked on

2018-07-02 22:02:06 - [MESSAGE][PASSED] - Object: 'Object Repository/SearchResultPage/SearchItemTab/CatalogItems/Check Box For 3 Row Item List' is clicked on

2018-07-02 22:02:06 - [TEST_STEP][PASSED] - click: Object: 'Object Repository/SearchResultPage/SearchItemTab/CatalogItems/AddToCart_MultipleItem' is clicked on

2018-07-02 22:02:06 - [MESSAGE][PASSED] - Object: 'Object Repository/SearchResultPage/SearchItemTab/CatalogItems/AddToCart_MultipleItem' is clicked on

2018-07-02 22:02:06 - [TEST_STEP][PASSED] - click: Object: 'Object Repository/OnlineStorePage/CartIcon' is clicked on

2018-07-02 22:02:06 - [MESSAGE][PASSED] - Object: 'Object Repository/OnlineStorePage/CartIcon' is clicked on

2018-07-02 22:02:06 - [TEST_STEP][PASSED] - delay: Delayed 3 second(s)

2018-07-02 22:02:09 - [MESSAGE][PASSED] - Delayed 3 second(s)

2018-07-02 22:02:09 - [TEST_STEP][PASSED] - sendKeys: Keys 'INSERT + BACK_SPACE + BACK_SPACE + ' sent to object: 'Object Repository/Cart Page/Qty or Amt Edit Box for line item1'

2018-07-02 22:02:09 - [MESSAGE][PASSED] - Keys 'INSERT + BACK_SPACE + BACK_SPACE + ' sent to object: 'Object Repository/Cart Page/Qty or Amt Edit Box for line item1'

2018-07-02 22:02:09 - [TEST_STEP][PASSED] - click: Object: 'Object Repository/Cart Page/Line Item Details/Quantity or Amt' is clicked on

2018-07-02 22:02:09 - [MESSAGE][PASSED] - Object: 'Object Repository/Cart Page/Line Item Details/Quantity or Amt' is clicked on

2018-07-02 22:02:09 - [TEST_STEP][PASSED] - waitForElementPresent: Object 'Object Repository/Popups/Alert Pop Up/Alert message' is present

2018-07-02 22:02:09 - [MESSAGE][PASSED] - Object 'Object Repository/Popups/Alert Pop Up/Alert message' is present

2018-07-02 22:02:09 - [TEST_STEP][PASSED] - verifyElementText: Actual text and expected text of test object 'Object Repository/Popups/Alert Pop Up/Alert message' are matched.

2018-07-02 22:02:09 - [MESSAGE][PASSED] - Actual text and expected text of test object 'Object Repository/Popups/Alert Pop Up/Alert message' are matched.

2018-07-02 22:02:09 - [TEST_STEP][PASSED] - closeBrowser: Browser is closed

2018-07-02 22:02:10 - [MESSAGE][PASSED] - Browser is closed]]></system-out>
         <system-err><![CDATA[]]></system-err>
      </testcase>
      <testcase name="Test Cases/DDS-273/DDS-5080 verify If user clicks on add to cart, and item of the quantity or amount field is blank, system will throw a message Enter valid quantity" classname="Test Cases/DDS-273/DDS-5080 verify If user clicks on add to cart, and item of the quantity or amount field is blank, system will throw a message Enter valid quantity" status="PASSED">
         <system-out><![CDATA[2018-07-02 22:02:10 - [TEST_CASE][PASSED] - Test Cases/DDS-273/DDS-5080 verify If user clicks on add to cart, and item of the quantity or amount field is blank, system will throw a message Enter valid quantity: Test Cases/DDS-273/DDS-5080 verify If user clicks on add to cart, and item of the quantity or amount field is blank, system will throw a message Enter valid quantity

2018-07-02 22:02:10 - [TEST_STEP][PASSED] - callTestCase: Call Test Case 'Test Cases/CommonLibraries/Search By Item' successfully

2018-07-02 22:02:10 - [TEST_CASE][PASSED] - Test Cases/CommonLibraries/Search By Item: Test Cases/CommonLibraries/Search By Item

2018-07-02 22:02:10 - [TEST_STEP][PASSED] - callTestCase: Call Test Case 'Test Cases/CommonLibraries/Login' successfully

2018-07-02 22:02:10 - [TEST_CASE][PASSED] - Test Cases/CommonLibraries/Login: Test Cases/CommonLibraries/Login

2018-07-02 22:02:10 - [TEST_STEP][PASSED] - openBrowser: Browser is opened with url: 'https://smtlogin.zycus.net/sso/login?serviceName=http://eproc-qa.zycus.net/'

2018-07-02 22:02:18 - [MESSAGE][PASSED] - Browser is opened with url: 'https://smtlogin.zycus.net/sso/login?serviceName=http://eproc-qa.zycus.net/'

2018-07-02 22:02:18 - [TEST_STEP][PASSED] - maximizeWindow: Current window maximized

2018-07-02 22:02:20 - [MESSAGE][PASSED] - Current window maximized

2018-07-02 22:02:20 - [TEST_STEP][PASSED] - waitForElementVisible: Object 'Object Repository/LoginPage/UserID' is visible

2018-07-02 22:02:20 - [MESSAGE][PASSED] - Object 'Object Repository/LoginPage/UserID' is visible

2018-07-02 22:02:20 - [TEST_STEP][PASSED] - sendKeys: Keys 'monicaqa@zycus.com' sent to object: 'Object Repository/LoginPage/UserID'

2018-07-02 22:02:20 - [MESSAGE][PASSED] - Keys 'monicaqa@zycus.com' sent to object: 'Object Repository/LoginPage/UserID'

2018-07-02 22:02:20 - [TEST_STEP][PASSED] - sendKeys: Keys 'eProc@123' sent to object: 'Object Repository/LoginPage/Password'

2018-07-02 22:02:20 - [MESSAGE][PASSED] - Keys 'eProc@123' sent to object: 'Object Repository/LoginPage/Password'

2018-07-02 22:02:20 - [TEST_STEP][PASSED] - click: Object: 'Object Repository/LoginPage/LoginButton' is clicked on

2018-07-02 22:02:25 - [MESSAGE][PASSED] - Object: 'Object Repository/LoginPage/LoginButton' is clicked on

2018-07-02 22:02:25 - [MESSAGE][PASSED] - Call Test Case 'Test Cases/CommonLibraries/Login' successfully

2018-07-02 22:02:25 - [TEST_STEP][PASSED] - waitForElementPresent: Object 'Object Repository/OnlineStorePage/Search Box' is present

2018-07-02 22:02:59 - [MESSAGE][PASSED] - Object 'Object Repository/OnlineStorePage/Search Box' is present

2018-07-02 22:02:59 - [TEST_STEP][PASSED] - waitForPageLoad: Wait for page load successfully

2018-07-02 22:02:59 - [MESSAGE][PASSED] - Wait for page load successfully

2018-07-02 22:02:59 - [TEST_STEP][PASSED] - sendKeys: Keys 'Item' sent to object: 'Object Repository/OnlineStorePage/Search Box'

2018-07-02 22:02:59 - [MESSAGE][PASSED] - Keys 'Item' sent to object: 'Object Repository/OnlineStorePage/Search Box'

2018-07-02 22:02:59 - [TEST_STEP][PASSED] - click: Object: 'Object Repository/OnlineStorePage/Search Icon' is clicked on

2018-07-02 22:03:00 - [MESSAGE][PASSED] - Object: 'Object Repository/OnlineStorePage/Search Icon' is clicked on

2018-07-02 22:03:00 - [MESSAGE][PASSED] - Call Test Case 'Test Cases/CommonLibraries/Search By Item' successfully

2018-07-02 22:03:00 - [TEST_STEP][PASSED] - waitForElementPresent: Object 'Object Repository/SearchResultPage/SearchItemTab/CatalogItems/Check Box For 2 row item list' is present

2018-07-02 22:03:27 - [MESSAGE][PASSED] - Object 'Object Repository/SearchResultPage/SearchItemTab/CatalogItems/Check Box For 2 row item list' is present

2018-07-02 22:03:27 - [TEST_STEP][PASSED] - click: Object: 'Object Repository/SearchResultPage/SearchItemTab/CatalogItems/Check Box For 2 row item list' is clicked on

2018-07-02 22:03:27 - [MESSAGE][PASSED] - Object: 'Object Repository/SearchResultPage/SearchItemTab/CatalogItems/Check Box For 2 row item list' is clicked on

2018-07-02 22:03:27 - [TEST_STEP][PASSED] - click: Object: 'Object Repository/SearchResultPage/SearchItemTab/CatalogItems/AddToCart_MultipleItem' is clicked on

2018-07-02 22:03:27 - [MESSAGE][PASSED] - Object: 'Object Repository/SearchResultPage/SearchItemTab/CatalogItems/AddToCart_MultipleItem' is clicked on

2018-07-02 22:03:27 - [TEST_STEP][PASSED] - click: Object: 'Object Repository/OnlineStorePage/CartIcon' is clicked on

2018-07-02 22:03:27 - [MESSAGE][PASSED] - Object: 'Object Repository/OnlineStorePage/CartIcon' is clicked on

2018-07-02 22:03:27 - [TEST_STEP][PASSED] - delay: Delayed 3 second(s)

2018-07-02 22:03:30 - [MESSAGE][PASSED] - Delayed 3 second(s)

2018-07-02 22:03:30 - [TEST_STEP][PASSED] - sendKeys: Keys 'INSERT + BACK_SPACE + BACK_SPACE + ' sent to object: 'Object Repository/Cart Page/Qty or Amt Edit Box for line item1'

2018-07-02 22:03:31 - [MESSAGE][PASSED] - Keys 'INSERT + BACK_SPACE + BACK_SPACE + ' sent to object: 'Object Repository/Cart Page/Qty or Amt Edit Box for line item1'

2018-07-02 22:03:31 - [TEST_STEP][PASSED] - click: Object: 'Object Repository/Cart Page/Line Item Details/Quantity or Amt' is clicked on

2018-07-02 22:03:31 - [MESSAGE][PASSED] - Object: 'Object Repository/Cart Page/Line Item Details/Quantity or Amt' is clicked on

2018-07-02 22:03:31 - [TEST_STEP][PASSED] - waitForElementPresent: Object 'Object Repository/Popups/Alert Pop Up/Alert message' is present

2018-07-02 22:03:31 - [MESSAGE][PASSED] - Object 'Object Repository/Popups/Alert Pop Up/Alert message' is present

2018-07-02 22:03:31 - [TEST_STEP][PASSED] - verifyElementText: Actual text and expected text of test object 'Object Repository/Popups/Alert Pop Up/Alert message' are matched.

2018-07-02 22:03:31 - [MESSAGE][PASSED] - Actual text and expected text of test object 'Object Repository/Popups/Alert Pop Up/Alert message' are matched.

2018-07-02 22:03:31 - [TEST_STEP][PASSED] - closeBrowser: Browser is closed

2018-07-02 22:03:31 - [MESSAGE][PASSED] - Browser is closed]]></system-out>
         <system-err><![CDATA[]]></system-err>
      </testcase>
      <testcase name="Test Cases/DDS-273/DDS-5082 verify when item of the quantity or amount field is blank if user try to navigate away from field system will not update quantity amout field automatically will throw error" classname="Test Cases/DDS-273/DDS-5082 verify when item of the quantity or amount field is blank if user try to navigate away from field system will not update quantity amout field automatically will throw error" status="ERROR">
         <error type="ERROR" message="Test Cases/DDS-273/DDS-5082 verify when item of the quantity or amount field is blank if user try to navigate away from field system will not update quantity amout field automatically will throw error FAILED because (of) Variable 'Keys' is not defined for test case."/>
         <system-out><![CDATA[2018-07-02 22:03:31 - [TEST_CASE][ERROR] - Test Cases/DDS-273/DDS-5082 verify when item of the quantity or amount field is blank if user try to navigate away from field system will not update quantity amout field automatically will throw error: Test Cases/DDS-273/DDS-5082 verify when item of the quantity or amount field is blank if user try to navigate away from field system will not update quantity amout field automatically will throw error FAILED because (of) Variable 'Keys' is not defined for test case.

2018-07-02 22:03:31 - [TEST_STEP][PASSED] - callTestCase: Call Test Case 'Test Cases/CommonLibraries/Search By Item' successfully

2018-07-02 22:03:31 - [TEST_CASE][PASSED] - Test Cases/CommonLibraries/Search By Item: Test Cases/CommonLibraries/Search By Item

2018-07-02 22:03:31 - [TEST_STEP][PASSED] - callTestCase: Call Test Case 'Test Cases/CommonLibraries/Login' successfully

2018-07-02 22:03:31 - [TEST_CASE][PASSED] - Test Cases/CommonLibraries/Login: Test Cases/CommonLibraries/Login

2018-07-02 22:03:31 - [TEST_STEP][PASSED] - openBrowser: Browser is opened with url: 'https://smtlogin.zycus.net/sso/login?serviceName=http://eproc-qa.zycus.net/'

2018-07-02 22:03:40 - [MESSAGE][PASSED] - Browser is opened with url: 'https://smtlogin.zycus.net/sso/login?serviceName=http://eproc-qa.zycus.net/'

2018-07-02 22:03:40 - [TEST_STEP][PASSED] - maximizeWindow: Current window maximized

2018-07-02 22:03:42 - [MESSAGE][PASSED] - Current window maximized

2018-07-02 22:03:42 - [TEST_STEP][PASSED] - waitForElementVisible: Object 'Object Repository/LoginPage/UserID' is visible

2018-07-02 22:03:42 - [MESSAGE][PASSED] - Object 'Object Repository/LoginPage/UserID' is visible

2018-07-02 22:03:42 - [TEST_STEP][PASSED] - sendKeys: Keys 'monicaqa@zycus.com' sent to object: 'Object Repository/LoginPage/UserID'

2018-07-02 22:03:42 - [MESSAGE][PASSED] - Keys 'monicaqa@zycus.com' sent to object: 'Object Repository/LoginPage/UserID'

2018-07-02 22:03:42 - [TEST_STEP][PASSED] - sendKeys: Keys 'eProc@123' sent to object: 'Object Repository/LoginPage/Password'

2018-07-02 22:03:42 - [MESSAGE][PASSED] - Keys 'eProc@123' sent to object: 'Object Repository/LoginPage/Password'

2018-07-02 22:03:42 - [TEST_STEP][PASSED] - click: Object: 'Object Repository/LoginPage/LoginButton' is clicked on

2018-07-02 22:03:48 - [MESSAGE][PASSED] - Object: 'Object Repository/LoginPage/LoginButton' is clicked on

2018-07-02 22:03:48 - [MESSAGE][PASSED] - Call Test Case 'Test Cases/CommonLibraries/Login' successfully

2018-07-02 22:03:48 - [TEST_STEP][PASSED] - waitForElementPresent: Object 'Object Repository/OnlineStorePage/Search Box' is present

2018-07-02 22:04:20 - [MESSAGE][PASSED] - Object 'Object Repository/OnlineStorePage/Search Box' is present

2018-07-02 22:04:20 - [TEST_STEP][PASSED] - waitForPageLoad: Wait for page load successfully

2018-07-02 22:04:20 - [MESSAGE][PASSED] - Wait for page load successfully

2018-07-02 22:04:20 - [TEST_STEP][PASSED] - sendKeys: Keys 'Item' sent to object: 'Object Repository/OnlineStorePage/Search Box'

2018-07-02 22:04:20 - [MESSAGE][PASSED] - Keys 'Item' sent to object: 'Object Repository/OnlineStorePage/Search Box'

2018-07-02 22:04:20 - [TEST_STEP][PASSED] - click: Object: 'Object Repository/OnlineStorePage/Search Icon' is clicked on

2018-07-02 22:04:21 - [MESSAGE][PASSED] - Object: 'Object Repository/OnlineStorePage/Search Icon' is clicked on

2018-07-02 22:04:21 - [MESSAGE][PASSED] - Call Test Case 'Test Cases/CommonLibraries/Search By Item' successfully

2018-07-02 22:04:21 - [TEST_STEP][PASSED] - waitForElementPresent: Object 'Object Repository/SearchResultPage/SearchItemTab/CatalogItems/Check Box For 3 Row Item List' is present

2018-07-02 22:04:29 - [MESSAGE][PASSED] - Object 'Object Repository/SearchResultPage/SearchItemTab/CatalogItems/Check Box For 3 Row Item List' is present

2018-07-02 22:04:29 - [TEST_STEP][PASSED] - click: Object: 'Object Repository/SearchResultPage/SearchItemTab/CatalogItems/Check Box For 3 Row Item List' is clicked on

2018-07-02 22:04:29 - [MESSAGE][PASSED] - Object: 'Object Repository/SearchResultPage/SearchItemTab/CatalogItems/Check Box For 3 Row Item List' is clicked on

2018-07-02 22:04:29 - [TEST_STEP][PASSED] - click: Object: 'Object Repository/SearchResultPage/SearchItemTab/CatalogItems/AddToCart_MultipleItem' is clicked on

2018-07-02 22:04:29 - [MESSAGE][PASSED] - Object: 'Object Repository/SearchResultPage/SearchItemTab/CatalogItems/AddToCart_MultipleItem' is clicked on

2018-07-02 22:04:29 - [TEST_STEP][PASSED] - click: Object: 'Object Repository/OnlineStorePage/CartIcon' is clicked on

2018-07-02 22:04:29 - [MESSAGE][PASSED] - Object: 'Object Repository/OnlineStorePage/CartIcon' is clicked on

2018-07-02 22:04:29 - [TEST_STEP][PASSED] - delay: Delayed 2 second(s)

2018-07-02 22:04:31 - [MESSAGE][PASSED] - Delayed 2 second(s)

2018-07-02 22:04:31 - [TEST_STEP][PASSED] - sendKeys: Finding Test Object with id 'Object Repository/Cart Page/Qty or Amt Edit Box for line item1']]></system-out>
         <system-err><![CDATA[2018-07-02 22:03:31 - [TEST_CASE][ERROR] - Test Cases/DDS-273/DDS-5082 verify when item of the quantity or amount field is blank if user try to navigate away from field system will not update quantity amout field automatically will throw error: Test Cases/DDS-273/DDS-5082 verify when item of the quantity or amount field is blank if user try to navigate away from field system will not update quantity amout field automatically will throw error FAILED because (of) Variable 'Keys' is not defined for test case.]]></system-err>
      </testcase>
      <testcase name="Test Cases/DDS-273/DDS-5087 verify it this field accepting XSS Character" classname="Test Cases/DDS-273/DDS-5087 verify it this field accepting XSS Character" status="PASSED">
         <system-out><![CDATA[2018-07-02 22:04:31 - [TEST_CASE][PASSED] - Test Cases/DDS-273/DDS-5087 verify it this field accepting XSS Character: Test Cases/DDS-273/DDS-5087 verify it this field accepting XSS Character

2018-07-02 22:04:32 - [TEST_STEP][PASSED] - callTestCase: Call Test Case 'Test Cases/CommonLibraries/Search By Item' successfully

2018-07-02 22:04:32 - [TEST_CASE][PASSED] - Test Cases/CommonLibraries/Search By Item: Test Cases/CommonLibraries/Search By Item

2018-07-02 22:04:32 - [TEST_STEP][PASSED] - callTestCase: Call Test Case 'Test Cases/CommonLibraries/Login' successfully

2018-07-02 22:04:32 - [TEST_CASE][PASSED] - Test Cases/CommonLibraries/Login: Test Cases/CommonLibraries/Login

2018-07-02 22:04:32 - [TEST_STEP][PASSED] - openBrowser: Browser is opened with url: 'https://smtlogin.zycus.net/sso/login?serviceName=http://eproc-qa.zycus.net/'

2018-07-02 22:04:32 - [MESSAGE][WARNING] - A browser is already opened. Closing browser and opening a new one

2018-07-02 22:04:40 - [MESSAGE][PASSED] - Browser is opened with url: 'https://smtlogin.zycus.net/sso/login?serviceName=http://eproc-qa.zycus.net/'

2018-07-02 22:04:40 - [TEST_STEP][PASSED] - maximizeWindow: Current window maximized

2018-07-02 22:04:42 - [MESSAGE][PASSED] - Current window maximized

2018-07-02 22:04:42 - [TEST_STEP][PASSED] - waitForElementVisible: Object 'Object Repository/LoginPage/UserID' is visible

2018-07-02 22:04:42 - [MESSAGE][PASSED] - Object 'Object Repository/LoginPage/UserID' is visible

2018-07-02 22:04:42 - [TEST_STEP][PASSED] - sendKeys: Keys 'monicaqa@zycus.com' sent to object: 'Object Repository/LoginPage/UserID'

2018-07-02 22:04:42 - [MESSAGE][PASSED] - Keys 'monicaqa@zycus.com' sent to object: 'Object Repository/LoginPage/UserID'

2018-07-02 22:04:42 - [TEST_STEP][PASSED] - sendKeys: Keys 'eProc@123' sent to object: 'Object Repository/LoginPage/Password'

2018-07-02 22:04:42 - [MESSAGE][PASSED] - Keys 'eProc@123' sent to object: 'Object Repository/LoginPage/Password'

2018-07-02 22:04:42 - [TEST_STEP][PASSED] - click: Object: 'Object Repository/LoginPage/LoginButton' is clicked on

2018-07-02 22:04:47 - [MESSAGE][PASSED] - Object: 'Object Repository/LoginPage/LoginButton' is clicked on

2018-07-02 22:04:47 - [MESSAGE][PASSED] - Call Test Case 'Test Cases/CommonLibraries/Login' successfully

2018-07-02 22:04:47 - [TEST_STEP][PASSED] - waitForElementPresent: Object 'Object Repository/OnlineStorePage/Search Box' is present

2018-07-02 22:05:18 - [MESSAGE][PASSED] - Object 'Object Repository/OnlineStorePage/Search Box' is present

2018-07-02 22:05:18 - [TEST_STEP][PASSED] - waitForPageLoad: Wait for page load successfully

2018-07-02 22:05:18 - [MESSAGE][PASSED] - Wait for page load successfully

2018-07-02 22:05:18 - [TEST_STEP][PASSED] - sendKeys: Keys 'Item' sent to object: 'Object Repository/OnlineStorePage/Search Box'

2018-07-02 22:05:19 - [MESSAGE][PASSED] - Keys 'Item' sent to object: 'Object Repository/OnlineStorePage/Search Box'

2018-07-02 22:05:19 - [TEST_STEP][PASSED] - click: Object: 'Object Repository/OnlineStorePage/Search Icon' is clicked on

2018-07-02 22:05:19 - [MESSAGE][PASSED] - Object: 'Object Repository/OnlineStorePage/Search Icon' is clicked on

2018-07-02 22:05:19 - [MESSAGE][PASSED] - Call Test Case 'Test Cases/CommonLibraries/Search By Item' successfully

2018-07-02 22:05:19 - [TEST_STEP][PASSED] - waitForElementPresent: Object 'Object Repository/SearchResultPage/SearchItemTab/CatalogItems/Check Box For 3 Row Item List' is present

2018-07-02 22:05:30 - [MESSAGE][PASSED] - Object 'Object Repository/SearchResultPage/SearchItemTab/CatalogItems/Check Box For 3 Row Item List' is present

2018-07-02 22:05:30 - [TEST_STEP][PASSED] - click: Object: 'Object Repository/SearchResultPage/SearchItemTab/CatalogItems/Check Box For 3 Row Item List' is clicked on

2018-07-02 22:05:30 - [MESSAGE][PASSED] - Object: 'Object Repository/SearchResultPage/SearchItemTab/CatalogItems/Check Box For 3 Row Item List' is clicked on

2018-07-02 22:05:30 - [TEST_STEP][PASSED] - click: Object: 'Object Repository/SearchResultPage/SearchItemTab/CatalogItems/AddToCart_MultipleItem' is clicked on

2018-07-02 22:05:30 - [MESSAGE][PASSED] - Object: 'Object Repository/SearchResultPage/SearchItemTab/CatalogItems/AddToCart_MultipleItem' is clicked on

2018-07-02 22:05:30 - [TEST_STEP][PASSED] - click: Object: 'Object Repository/OnlineStorePage/CartIcon' is clicked on

2018-07-02 22:05:30 - [MESSAGE][PASSED] - Object: 'Object Repository/OnlineStorePage/CartIcon' is clicked on

2018-07-02 22:05:30 - [TEST_STEP][PASSED] - delay: Delayed 3 second(s)

2018-07-02 22:05:33 - [MESSAGE][PASSED] - Delayed 3 second(s)

2018-07-02 22:05:33 - [TEST_STEP][PASSED] - sendKeys: Keys 'INSERT + BACK_SPACE + <script>alert("HELLO")</script>' sent to object: 'Object Repository/Cart Page/Qty or Amt Edit Box for line item1'

2018-07-02 22:05:34 - [MESSAGE][PASSED] - Keys 'INSERT + BACK_SPACE + <script>alert("HELLO")</script>' sent to object: 'Object Repository/Cart Page/Qty or Amt Edit Box for line item1'

2018-07-02 22:05:34 - [TEST_STEP][PASSED] - click: Object: 'Object Repository/Cart Page/Line Item Details/Quantity or Amt' is clicked on

2018-07-02 22:05:34 - [MESSAGE][PASSED] - Object: 'Object Repository/Cart Page/Line Item Details/Quantity or Amt' is clicked on

2018-07-02 22:05:34 - [TEST_STEP][PASSED] - waitForElementPresent: Object 'Object Repository/Popups/Alert Pop Up/Alert message' is present

2018-07-02 22:05:34 - [MESSAGE][PASSED] - Object 'Object Repository/Popups/Alert Pop Up/Alert message' is present

2018-07-02 22:05:34 - [TEST_STEP][PASSED] - verifyElementText: Actual text and expected text of test object 'Object Repository/Popups/Alert Pop Up/Alert message' are matched.

2018-07-02 22:05:34 - [MESSAGE][PASSED] - Actual text and expected text of test object 'Object Repository/Popups/Alert Pop Up/Alert message' are matched.

2018-07-02 22:05:34 - [TEST_STEP][PASSED] - closeBrowser: Browser is closed

2018-07-02 22:05:34 - [MESSAGE][PASSED] - Browser is closed]]></system-out>
         <system-err><![CDATA[]]></system-err>
      </testcase>
      <testcase name="Test Cases/DDS-273/DDS-5089 verify is this field accepting Alphabetic Character" classname="Test Cases/DDS-273/DDS-5089 verify is this field accepting Alphabetic Character" status="PASSED">
         <system-out><![CDATA[2018-07-02 22:05:34 - [TEST_CASE][PASSED] - Test Cases/DDS-273/DDS-5089 verify is this field accepting Alphabetic Character: Test Cases/DDS-273/DDS-5089 verify is this field accepting Alphabetic Character

2018-07-02 22:05:34 - [TEST_STEP][PASSED] - callTestCase: Call Test Case 'Test Cases/CommonLibraries/Search By Item' successfully

2018-07-02 22:05:34 - [TEST_CASE][PASSED] - Test Cases/CommonLibraries/Search By Item: Test Cases/CommonLibraries/Search By Item

2018-07-02 22:05:34 - [TEST_STEP][PASSED] - callTestCase: Call Test Case 'Test Cases/CommonLibraries/Login' successfully

2018-07-02 22:05:34 - [TEST_CASE][PASSED] - Test Cases/CommonLibraries/Login: Test Cases/CommonLibraries/Login

2018-07-02 22:05:34 - [TEST_STEP][PASSED] - openBrowser: Browser is opened with url: 'https://smtlogin.zycus.net/sso/login?serviceName=http://eproc-qa.zycus.net/'

2018-07-02 22:05:44 - [MESSAGE][PASSED] - Browser is opened with url: 'https://smtlogin.zycus.net/sso/login?serviceName=http://eproc-qa.zycus.net/'

2018-07-02 22:05:44 - [TEST_STEP][PASSED] - maximizeWindow: Current window maximized

2018-07-02 22:05:45 - [MESSAGE][PASSED] - Current window maximized

2018-07-02 22:05:45 - [TEST_STEP][PASSED] - waitForElementVisible: Object 'Object Repository/LoginPage/UserID' is visible

2018-07-02 22:05:45 - [MESSAGE][PASSED] - Object 'Object Repository/LoginPage/UserID' is visible

2018-07-02 22:05:45 - [TEST_STEP][PASSED] - sendKeys: Keys 'monicaqa@zycus.com' sent to object: 'Object Repository/LoginPage/UserID'

2018-07-02 22:05:45 - [MESSAGE][PASSED] - Keys 'monicaqa@zycus.com' sent to object: 'Object Repository/LoginPage/UserID'

2018-07-02 22:05:45 - [TEST_STEP][PASSED] - sendKeys: Keys 'eProc@123' sent to object: 'Object Repository/LoginPage/Password'

2018-07-02 22:05:45 - [MESSAGE][PASSED] - Keys 'eProc@123' sent to object: 'Object Repository/LoginPage/Password'

2018-07-02 22:05:45 - [TEST_STEP][PASSED] - click: Object: 'Object Repository/LoginPage/LoginButton' is clicked on

2018-07-02 22:05:50 - [MESSAGE][PASSED] - Object: 'Object Repository/LoginPage/LoginButton' is clicked on

2018-07-02 22:05:50 - [MESSAGE][PASSED] - Call Test Case 'Test Cases/CommonLibraries/Login' successfully

2018-07-02 22:05:50 - [TEST_STEP][PASSED] - waitForElementPresent: Object 'Object Repository/OnlineStorePage/Search Box' is present

2018-07-02 22:06:15 - [MESSAGE][PASSED] - Object 'Object Repository/OnlineStorePage/Search Box' is present

2018-07-02 22:06:15 - [TEST_STEP][PASSED] - waitForPageLoad: Wait for page load successfully

2018-07-02 22:06:15 - [MESSAGE][PASSED] - Wait for page load successfully

2018-07-02 22:06:15 - [TEST_STEP][PASSED] - sendKeys: Keys 'Item' sent to object: 'Object Repository/OnlineStorePage/Search Box'

2018-07-02 22:06:16 - [MESSAGE][PASSED] - Keys 'Item' sent to object: 'Object Repository/OnlineStorePage/Search Box'

2018-07-02 22:06:16 - [TEST_STEP][PASSED] - click: Object: 'Object Repository/OnlineStorePage/Search Icon' is clicked on

2018-07-02 22:06:16 - [MESSAGE][PASSED] - Object: 'Object Repository/OnlineStorePage/Search Icon' is clicked on

2018-07-02 22:06:16 - [MESSAGE][PASSED] - Call Test Case 'Test Cases/CommonLibraries/Search By Item' successfully

2018-07-02 22:06:16 - [TEST_STEP][PASSED] - waitForElementPresent: Object 'Object Repository/SearchResultPage/SearchItemTab/CatalogItems/Check Box For 2 row item list' is present

2018-07-02 22:06:23 - [MESSAGE][PASSED] - Object 'Object Repository/SearchResultPage/SearchItemTab/CatalogItems/Check Box For 2 row item list' is present

2018-07-02 22:06:23 - [TEST_STEP][PASSED] - click: Object: 'Object Repository/SearchResultPage/SearchItemTab/CatalogItems/Check Box For 2 row item list' is clicked on

2018-07-02 22:06:23 - [MESSAGE][PASSED] - Object: 'Object Repository/SearchResultPage/SearchItemTab/CatalogItems/Check Box For 2 row item list' is clicked on

2018-07-02 22:06:23 - [TEST_STEP][PASSED] - click: Object: 'Object Repository/SearchResultPage/SearchItemTab/CatalogItems/AddToCart_MultipleItem' is clicked on

2018-07-02 22:06:24 - [MESSAGE][PASSED] - Object: 'Object Repository/SearchResultPage/SearchItemTab/CatalogItems/AddToCart_MultipleItem' is clicked on

2018-07-02 22:06:24 - [TEST_STEP][PASSED] - click: Object: 'Object Repository/OnlineStorePage/CartIcon' is clicked on

2018-07-02 22:06:24 - [MESSAGE][PASSED] - Object: 'Object Repository/OnlineStorePage/CartIcon' is clicked on

2018-07-02 22:06:24 - [TEST_STEP][PASSED] - delay: Delayed 3 second(s)

2018-07-02 22:06:27 - [MESSAGE][PASSED] - Delayed 3 second(s)

2018-07-02 22:06:27 - [TEST_STEP][PASSED] - sendKeys: Keys 'INSERT + BACK_SPACE + abc' sent to object: 'Object Repository/Cart Page/Qty or Amt Edit Box for line item1'

2018-07-02 22:06:27 - [MESSAGE][PASSED] - Keys 'INSERT + BACK_SPACE + abc' sent to object: 'Object Repository/Cart Page/Qty or Amt Edit Box for line item1'

2018-07-02 22:06:27 - [TEST_STEP][PASSED] - click: Object: 'Object Repository/Cart Page/Line Item Details/Quantity or Amt' is clicked on

2018-07-02 22:06:27 - [MESSAGE][PASSED] - Object: 'Object Repository/Cart Page/Line Item Details/Quantity or Amt' is clicked on

2018-07-02 22:06:27 - [TEST_STEP][PASSED] - waitForElementPresent: Object 'Object Repository/Popups/Alert Pop Up/Alert message' is present

2018-07-02 22:06:27 - [MESSAGE][PASSED] - Object 'Object Repository/Popups/Alert Pop Up/Alert message' is present

2018-07-02 22:06:27 - [TEST_STEP][PASSED] - verifyElementText: Actual text and expected text of test object 'Object Repository/Popups/Alert Pop Up/Alert message' are matched.

2018-07-02 22:06:27 - [MESSAGE][PASSED] - Actual text and expected text of test object 'Object Repository/Popups/Alert Pop Up/Alert message' are matched.

2018-07-02 22:06:27 - [TEST_STEP][PASSED] - closeBrowser: Browser is closed

2018-07-02 22:06:27 - [MESSAGE][PASSED] - Browser is closed]]></system-out>
         <system-err><![CDATA[]]></system-err>
      </testcase>
      <testcase name="Test Cases/DDS-273/DDS-5092 verify Qty or Amt field accepting numeric digits" classname="Test Cases/DDS-273/DDS-5092 verify Qty or Amt field accepting numeric digits" status="PASSED">
         <system-out><![CDATA[2018-07-02 22:06:27 - [TEST_CASE][PASSED] - Test Cases/DDS-273/DDS-5092 verify Qty or Amt field accepting numeric digits: Test Cases/DDS-273/DDS-5092 verify Qty or Amt field accepting numeric digits

2018-07-02 22:06:27 - [TEST_STEP][PASSED] - callTestCase: Call Test Case 'Test Cases/CommonLibraries/Search By Item' successfully

2018-07-02 22:06:27 - [TEST_CASE][PASSED] - Test Cases/CommonLibraries/Search By Item: Test Cases/CommonLibraries/Search By Item

2018-07-02 22:06:27 - [TEST_STEP][PASSED] - callTestCase: Call Test Case 'Test Cases/CommonLibraries/Login' successfully

2018-07-02 22:06:27 - [TEST_CASE][PASSED] - Test Cases/CommonLibraries/Login: Test Cases/CommonLibraries/Login

2018-07-02 22:06:27 - [TEST_STEP][PASSED] - openBrowser: Browser is opened with url: 'https://smtlogin.zycus.net/sso/login?serviceName=http://eproc-qa.zycus.net/'

2018-07-02 22:06:37 - [MESSAGE][PASSED] - Browser is opened with url: 'https://smtlogin.zycus.net/sso/login?serviceName=http://eproc-qa.zycus.net/'

2018-07-02 22:06:37 - [TEST_STEP][PASSED] - maximizeWindow: Current window maximized

2018-07-02 22:06:38 - [MESSAGE][PASSED] - Current window maximized

2018-07-02 22:06:38 - [TEST_STEP][PASSED] - waitForElementVisible: Object 'Object Repository/LoginPage/UserID' is visible

2018-07-02 22:06:38 - [MESSAGE][PASSED] - Object 'Object Repository/LoginPage/UserID' is visible

2018-07-02 22:06:38 - [TEST_STEP][PASSED] - sendKeys: Keys 'monicaqa@zycus.com' sent to object: 'Object Repository/LoginPage/UserID'

2018-07-02 22:06:38 - [MESSAGE][PASSED] - Keys 'monicaqa@zycus.com' sent to object: 'Object Repository/LoginPage/UserID'

2018-07-02 22:06:38 - [TEST_STEP][PASSED] - sendKeys: Keys 'eProc@123' sent to object: 'Object Repository/LoginPage/Password'

2018-07-02 22:06:38 - [MESSAGE][PASSED] - Keys 'eProc@123' sent to object: 'Object Repository/LoginPage/Password'

2018-07-02 22:06:38 - [TEST_STEP][PASSED] - click: Object: 'Object Repository/LoginPage/LoginButton' is clicked on

2018-07-02 22:06:44 - [MESSAGE][PASSED] - Object: 'Object Repository/LoginPage/LoginButton' is clicked on

2018-07-02 22:06:44 - [MESSAGE][PASSED] - Call Test Case 'Test Cases/CommonLibraries/Login' successfully

2018-07-02 22:06:44 - [TEST_STEP][PASSED] - waitForElementPresent: Object 'Object Repository/OnlineStorePage/Search Box' is present

2018-07-02 22:07:14 - [MESSAGE][PASSED] - Object 'Object Repository/OnlineStorePage/Search Box' is present

2018-07-02 22:07:14 - [TEST_STEP][PASSED] - waitForPageLoad: Wait for page load successfully

2018-07-02 22:07:14 - [MESSAGE][PASSED] - Wait for page load successfully

2018-07-02 22:07:14 - [TEST_STEP][PASSED] - sendKeys: Keys 'Item' sent to object: 'Object Repository/OnlineStorePage/Search Box'

2018-07-02 22:07:15 - [MESSAGE][PASSED] - Keys 'Item' sent to object: 'Object Repository/OnlineStorePage/Search Box'

2018-07-02 22:07:15 - [TEST_STEP][PASSED] - click: Object: 'Object Repository/OnlineStorePage/Search Icon' is clicked on

2018-07-02 22:07:15 - [MESSAGE][PASSED] - Object: 'Object Repository/OnlineStorePage/Search Icon' is clicked on

2018-07-02 22:07:15 - [MESSAGE][PASSED] - Call Test Case 'Test Cases/CommonLibraries/Search By Item' successfully

2018-07-02 22:07:15 - [TEST_STEP][PASSED] - waitForElementPresent: Object 'Object Repository/SearchResultPage/SearchItemTab/CatalogItems/Check Box For 3 Row Item List' is present

2018-07-02 22:07:22 - [MESSAGE][PASSED] - Object 'Object Repository/SearchResultPage/SearchItemTab/CatalogItems/Check Box For 3 Row Item List' is present

2018-07-02 22:07:22 - [TEST_STEP][PASSED] - click: Object: 'Object Repository/SearchResultPage/SearchItemTab/CatalogItems/Check Box For 3 Row Item List' is clicked on

2018-07-02 22:07:22 - [MESSAGE][PASSED] - Object: 'Object Repository/SearchResultPage/SearchItemTab/CatalogItems/Check Box For 3 Row Item List' is clicked on

2018-07-02 22:07:22 - [TEST_STEP][PASSED] - click: Object: 'Object Repository/SearchResultPage/SearchItemTab/CatalogItems/AddToCart_MultipleItem' is clicked on

2018-07-02 22:07:22 - [MESSAGE][PASSED] - Object: 'Object Repository/SearchResultPage/SearchItemTab/CatalogItems/AddToCart_MultipleItem' is clicked on

2018-07-02 22:07:22 - [TEST_STEP][PASSED] - click: Object: 'Object Repository/OnlineStorePage/CartIcon' is clicked on

2018-07-02 22:07:22 - [MESSAGE][PASSED] - Object: 'Object Repository/OnlineStorePage/CartIcon' is clicked on

2018-07-02 22:07:22 - [TEST_STEP][PASSED] - delay: Delayed 2 second(s)

2018-07-02 22:07:24 - [MESSAGE][PASSED] - Delayed 2 second(s)

2018-07-02 22:07:24 - [TEST_STEP][PASSED] - sendKeys: Keys 'INSERT + BACK_SPACE + 2' sent to object: 'Object Repository/Cart Page/Qty or Amt Edit Box for line item1'

2018-07-02 22:07:25 - [MESSAGE][PASSED] - Keys 'INSERT + BACK_SPACE + 2' sent to object: 'Object Repository/Cart Page/Qty or Amt Edit Box for line item1'

2018-07-02 22:07:25 - [TEST_STEP][PASSED] - click: Object: 'Object Repository/Cart Page/Line Item Details/Quantity or Amt' is clicked on

2018-07-02 22:07:25 - [MESSAGE][PASSED] - Object: 'Object Repository/Cart Page/Line Item Details/Quantity or Amt' is clicked on

2018-07-02 22:07:25 - [TEST_STEP][PASSED] - verifyElementText: Actual text and expected text of test object 'Object Repository/Cart Page/Item Quantity added message' are matched.

2018-07-02 22:07:25 - [MESSAGE][PASSED] - Actual text and expected text of test object 'Object Repository/Cart Page/Item Quantity added message' are matched.

2018-07-02 22:07:25 - [TEST_STEP][PASSED] - closeBrowser: Browser is closed

2018-07-02 22:07:25 - [MESSAGE][PASSED] - Browser is closed]]></system-out>
         <system-err><![CDATA[]]></system-err>
      </testcase>
      <testcase name="Test Cases/DDS-276/DDS-4229" classname="Test Cases/DDS-276/DDS-4229" status="FAILED">
         <failure type="FAILED" message="Unable to click on object (Root cause: java.lang.IllegalArgumentException: Object is null)"/>
         <system-out><![CDATA[2018-07-02 22:07:25 - [TEST_CASE][FAILED] - Test Cases/DDS-276/DDS-4229: Test Cases/DDS-276/DDS-4229 FAILED because (of) Unable to click on object (Root cause: java.lang.IllegalArgumentException: Object is null)

2018-07-02 22:07:25 - [TEST_STEP][PASSED] - callTestCase: Call Test Case 'Test Cases/CommonLibraries/Search By Item' successfully

2018-07-02 22:07:25 - [TEST_CASE][PASSED] - Test Cases/CommonLibraries/Search By Item: Test Cases/CommonLibraries/Search By Item

2018-07-02 22:07:25 - [TEST_STEP][PASSED] - callTestCase: Call Test Case 'Test Cases/CommonLibraries/Login' successfully

2018-07-02 22:07:26 - [TEST_CASE][PASSED] - Test Cases/CommonLibraries/Login: Test Cases/CommonLibraries/Login

2018-07-02 22:07:26 - [TEST_STEP][PASSED] - openBrowser: Browser is opened with url: 'https://smtlogin.zycus.net/sso/login?serviceName=http://eproc-qa.zycus.net/'

2018-07-02 22:07:35 - [MESSAGE][PASSED] - Browser is opened with url: 'https://smtlogin.zycus.net/sso/login?serviceName=http://eproc-qa.zycus.net/'

2018-07-02 22:07:35 - [TEST_STEP][PASSED] - maximizeWindow: Current window maximized

2018-07-02 22:07:36 - [MESSAGE][PASSED] - Current window maximized

2018-07-02 22:07:36 - [TEST_STEP][PASSED] - waitForElementVisible: Object 'Object Repository/LoginPage/UserID' is visible

2018-07-02 22:07:36 - [MESSAGE][PASSED] - Object 'Object Repository/LoginPage/UserID' is visible

2018-07-02 22:07:36 - [TEST_STEP][PASSED] - sendKeys: Keys 'monicaqa@zycus.com' sent to object: 'Object Repository/LoginPage/UserID'

2018-07-02 22:07:36 - [MESSAGE][PASSED] - Keys 'monicaqa@zycus.com' sent to object: 'Object Repository/LoginPage/UserID'

2018-07-02 22:07:36 - [TEST_STEP][PASSED] - sendKeys: Keys 'eProc@123' sent to object: 'Object Repository/LoginPage/Password'

2018-07-02 22:07:36 - [MESSAGE][PASSED] - Keys 'eProc@123' sent to object: 'Object Repository/LoginPage/Password'

2018-07-02 22:07:36 - [TEST_STEP][PASSED] - click: Object: 'Object Repository/LoginPage/LoginButton' is clicked on

2018-07-02 22:07:44 - [MESSAGE][PASSED] - Object: 'Object Repository/LoginPage/LoginButton' is clicked on

2018-07-02 22:07:44 - [MESSAGE][PASSED] - Call Test Case 'Test Cases/CommonLibraries/Login' successfully

2018-07-02 22:07:44 - [TEST_STEP][PASSED] - waitForElementPresent: Object 'Object Repository/OnlineStorePage/Search Box' is present

2018-07-02 22:08:12 - [MESSAGE][PASSED] - Object 'Object Repository/OnlineStorePage/Search Box' is present

2018-07-02 22:08:12 - [TEST_STEP][PASSED] - waitForPageLoad: Wait for page load successfully

2018-07-02 22:08:12 - [MESSAGE][PASSED] - Wait for page load successfully

2018-07-02 22:08:12 - [TEST_STEP][PASSED] - sendKeys: Keys 'Item' sent to object: 'Object Repository/OnlineStorePage/Search Box'

2018-07-02 22:08:12 - [MESSAGE][PASSED] - Keys 'Item' sent to object: 'Object Repository/OnlineStorePage/Search Box'

2018-07-02 22:08:12 - [TEST_STEP][PASSED] - click: Object: 'Object Repository/OnlineStorePage/Search Icon' is clicked on

2018-07-02 22:08:13 - [MESSAGE][PASSED] - Object: 'Object Repository/OnlineStorePage/Search Icon' is clicked on

2018-07-02 22:08:13 - [MESSAGE][PASSED] - Call Test Case 'Test Cases/CommonLibraries/Search By Item' successfully

2018-07-02 22:08:13 - [TEST_STEP][FAILED] - click: Unable to click on object (Root cause: java.lang.IllegalArgumentException: Object is null)

2018-07-02 22:08:13 - [MESSAGE][WARNING] - Test object with id 'Object Repository/SearchResultPage/SearchItemTab/CatalogItems/CheckboxFirstItem' does not exist

2018-07-02 22:08:13 - [MESSAGE][WARNING] - Test object with id 'Object Repository/' does not exist

2018-07-02 22:08:13 - [MESSAGE][FAILED] - Unable to click on object (Root cause: java.lang.IllegalArgumentException: Object is null)
[[ATTACHMENT|C:\\Users\\vikas.kiroula\\git\\eProc\\Reports\\Run\\20180702_203015\\1530549493127.png]]]]></system-out>
         <system-err><![CDATA[2018-07-02 22:07:25 - [TEST_CASE][FAILED] - Test Cases/DDS-276/DDS-4229: Test Cases/DDS-276/DDS-4229 FAILED because (of) Unable to click on object (Root cause: java.lang.IllegalArgumentException: Object is null)]]></system-err>
      </testcase>
      <testcase name="Test Cases/DDS-276/DDS-4230 User should be able to scroll through keyboard arrow keys in user cart" classname="Test Cases/DDS-276/DDS-4230 User should be able to scroll through keyboard arrow keys in user cart" status="FAILED">
         <failure type="FAILED" message="Unable to click on object 'Object Repository/SearchResultPage/SearchItemTab/CatalogItems/Check Box For 1 Row Item List' (Root cause: com.kms.katalon.core.webui.exception.WebElementNotFoundException: Web element with id: 'Object Repository/SearchResultPage/SearchItemTab/CatalogItems/Check Box For 1 Row Item List' located by 'By.xpath: //dew-tab[@id='items-in-catalogs']/eproc-product-list/dew-card/dew-flex/dew-flex-item[1]/eproc-product-card/dew-card/dew-row/dew-col[1]/div' not found)"/>
         <system-out><![CDATA[2018-07-02 22:08:13 - [TEST_CASE][FAILED] - Test Cases/DDS-276/DDS-4230 User should be able to scroll through keyboard arrow keys in user cart: Test Cases/DDS-276/DDS-4230 User should be able to scroll through keyboard arrow keys in user cart FAILED because (of) Unable to click on object 'Object Repository/SearchResultPage/SearchItemTab/CatalogItems/Check Box For 1 Row Item List' (Root cause: com.kms.katalon.core.webui.exception.WebElementNotFoundException: Web element with id: 'Object Repository/SearchResultPage/SearchItemTab/CatalogItems/Check Box For 1 Row Item List' located by 'By.xpath: //dew-tab[@id='items-in-catalogs']/eproc-product-list/dew-card/dew-flex/dew-flex-item[1]/eproc-product-card/dew-card/dew-row/dew-col[1]/div' not found)

2018-07-02 22:08:13 - [TEST_STEP][PASSED] - callTestCase: Call Test Case 'Test Cases/CommonLibraries/Search By Pen' successfully

2018-07-02 22:08:13 - [TEST_CASE][PASSED] - Test Cases/CommonLibraries/Search By Pen: Test Cases/CommonLibraries/Search By Pen

2018-07-02 22:08:13 - [TEST_STEP][PASSED] - callTestCase: Call Test Case 'Test Cases/CommonLibraries/Login' successfully

2018-07-02 22:08:13 - [TEST_CASE][PASSED] - Test Cases/CommonLibraries/Login: Test Cases/CommonLibraries/Login

2018-07-02 22:08:13 - [TEST_STEP][PASSED] - openBrowser: Browser is opened with url: 'https://smtlogin.zycus.net/sso/login?serviceName=http://eproc-qa.zycus.net/'

2018-07-02 22:08:13 - [MESSAGE][WARNING] - A browser is already opened. Closing browser and opening a new one

2018-07-02 22:08:23 - [MESSAGE][PASSED] - Browser is opened with url: 'https://smtlogin.zycus.net/sso/login?serviceName=http://eproc-qa.zycus.net/'

2018-07-02 22:08:23 - [TEST_STEP][PASSED] - maximizeWindow: Current window maximized

2018-07-02 22:08:24 - [MESSAGE][PASSED] - Current window maximized

2018-07-02 22:08:24 - [TEST_STEP][PASSED] - waitForElementVisible: Object 'Object Repository/LoginPage/UserID' is visible

2018-07-02 22:08:24 - [MESSAGE][PASSED] - Object 'Object Repository/LoginPage/UserID' is visible

2018-07-02 22:08:24 - [TEST_STEP][PASSED] - sendKeys: Keys 'monicaqa@zycus.com' sent to object: 'Object Repository/LoginPage/UserID'

2018-07-02 22:08:24 - [MESSAGE][PASSED] - Keys 'monicaqa@zycus.com' sent to object: 'Object Repository/LoginPage/UserID'

2018-07-02 22:08:24 - [TEST_STEP][PASSED] - sendKeys: Keys 'eProc@123' sent to object: 'Object Repository/LoginPage/Password'

2018-07-02 22:08:24 - [MESSAGE][PASSED] - Keys 'eProc@123' sent to object: 'Object Repository/LoginPage/Password'

2018-07-02 22:08:24 - [TEST_STEP][PASSED] - click: Object: 'Object Repository/LoginPage/LoginButton' is clicked on

2018-07-02 22:08:31 - [MESSAGE][PASSED] - Object: 'Object Repository/LoginPage/LoginButton' is clicked on

2018-07-02 22:08:31 - [MESSAGE][PASSED] - Call Test Case 'Test Cases/CommonLibraries/Login' successfully

2018-07-02 22:08:31 - [TEST_STEP][PASSED] - waitForPageLoad: Wait for page load successfully

2018-07-02 22:08:31 - [MESSAGE][PASSED] - Wait for page load successfully

2018-07-02 22:08:31 - [TEST_STEP][PASSED] - sendKeys: Keys 'Pen' sent to object: 'Object Repository/OnlineStorePage/Search Box'

2018-07-02 22:09:00 - [MESSAGE][PASSED] - Keys 'Pen' sent to object: 'Object Repository/OnlineStorePage/Search Box'

2018-07-02 22:09:00 - [TEST_STEP][PASSED] - waitForElementPresent: Object 'Object Repository/OnlineStorePage/Search Box' is present

2018-07-02 22:09:00 - [MESSAGE][PASSED] - Object 'Object Repository/OnlineStorePage/Search Box' is present

2018-07-02 22:09:00 - [TEST_STEP][PASSED] - click: Object: 'Object Repository/OnlineStorePage/Search Icon' is clicked on

2018-07-02 22:09:00 - [MESSAGE][PASSED] - Object: 'Object Repository/OnlineStorePage/Search Icon' is clicked on

2018-07-02 22:09:00 - [MESSAGE][PASSED] - Call Test Case 'Test Cases/CommonLibraries/Search By Pen' successfully

2018-07-02 22:09:00 - [TEST_STEP][PASSED] - waitForElementPresent: Object 'Object Repository/SearchResultPage/SearchItemTab/CatalogItems/Check Box For 1 Row Item List' is not present after 50 second(s)

2018-07-02 22:09:53 - [MESSAGE][WARNING] - Object 'Object Repository/SearchResultPage/SearchItemTab/CatalogItems/Check Box For 1 Row Item List' is not present after 50 second(s)

2018-07-02 22:09:53 - [TEST_STEP][FAILED] - click: Unable to click on object 'Object Repository/SearchResultPage/SearchItemTab/CatalogItems/Check Box For 1 Row Item List' (Root cause: com.kms.katalon.core.webui.exception.WebElementNotFoundException: Web element with id: 'Object Repository/SearchResultPage/SearchItemTab/CatalogItems/Check Box For 1 Row Item List' located by 'By.xpath: //dew-tab[@id='items-in-catalogs']/eproc-product-list/dew-card/dew-flex/dew-flex-item[1]/eproc-product-card/dew-card/dew-row/dew-col[1]/div' not found)

2018-07-02 22:10:25 - [MESSAGE][FAILED] - Unable to click on object 'Object Repository/SearchResultPage/SearchItemTab/CatalogItems/Check Box For 1 Row Item List' (Root cause: com.kms.katalon.core.webui.exception.WebElementNotFoundException: Web element with id: 'Object Repository/SearchResultPage/SearchItemTab/CatalogItems/Check Box For 1 Row Item List' located by 'By.xpath: //dew-tab[@id='items-in-catalogs']/eproc-product-list/dew-card/dew-flex/dew-flex-item[1]/eproc-product-card/dew-card/dew-row/dew-col[1]/div' not found)
[[ATTACHMENT|C:\\Users\\vikas.kiroula\\git\\eProc\\Reports\\Run\\20180702_203015\\1530549624972.png]]]]></system-out>
         <system-err><![CDATA[2018-07-02 22:08:13 - [TEST_CASE][FAILED] - Test Cases/DDS-276/DDS-4230 User should be able to scroll through keyboard arrow keys in user cart: Test Cases/DDS-276/DDS-4230 User should be able to scroll through keyboard arrow keys in user cart FAILED because (of) Unable to click on object 'Object Repository/SearchResultPage/SearchItemTab/CatalogItems/Check Box For 1 Row Item List' (Root cause: com.kms.katalon.core.webui.exception.WebElementNotFoundException: Web element with id: 'Object Repository/SearchResultPage/SearchItemTab/CatalogItems/Check Box For 1 Row Item List' located by 'By.xpath: //dew-tab[@id='items-in-catalogs']/eproc-product-list/dew-card/dew-flex/dew-flex-item[1]/eproc-product-card/dew-card/dew-row/dew-col[1]/div' not found)]]></system-err>
      </testcase>
      <testcase name="Test Cases/DDS-276/DDS-4231 Scroll bar should be well aligned in user cart" classname="Test Cases/DDS-276/DDS-4231 Scroll bar should be well aligned in user cart" status="FAILED">
         <failure type="FAILED" message="Unable to click on object 'Object Repository/SearchResultPage/SearchItemTab/CatalogItems/Check Box For 1 Row Item List' (Root cause: com.kms.katalon.core.webui.exception.WebElementNotFoundException: Web element with id: 'Object Repository/SearchResultPage/SearchItemTab/CatalogItems/Check Box For 1 Row Item List' located by 'By.xpath: //dew-tab[@id='items-in-catalogs']/eproc-product-list/dew-card/dew-flex/dew-flex-item[1]/eproc-product-card/dew-card/dew-row/dew-col[1]/div' not found)"/>
         <system-out><![CDATA[2018-07-02 22:10:25 - [TEST_CASE][FAILED] - Test Cases/DDS-276/DDS-4231 Scroll bar should be well aligned in user cart: Test Cases/DDS-276/DDS-4231 Scroll bar should be well aligned in user cart FAILED because (of) Unable to click on object 'Object Repository/SearchResultPage/SearchItemTab/CatalogItems/Check Box For 1 Row Item List' (Root cause: com.kms.katalon.core.webui.exception.WebElementNotFoundException: Web element with id: 'Object Repository/SearchResultPage/SearchItemTab/CatalogItems/Check Box For 1 Row Item List' located by 'By.xpath: //dew-tab[@id='items-in-catalogs']/eproc-product-list/dew-card/dew-flex/dew-flex-item[1]/eproc-product-card/dew-card/dew-row/dew-col[1]/div' not found)

2018-07-02 22:10:25 - [TEST_STEP][PASSED] - callTestCase: Call Test Case 'Test Cases/CommonLibraries/Search By Pen' successfully

2018-07-02 22:10:25 - [TEST_CASE][PASSED] - Test Cases/CommonLibraries/Search By Pen: Test Cases/CommonLibraries/Search By Pen

2018-07-02 22:10:25 - [TEST_STEP][PASSED] - callTestCase: Call Test Case 'Test Cases/CommonLibraries/Login' successfully

2018-07-02 22:10:25 - [TEST_CASE][PASSED] - Test Cases/CommonLibraries/Login: Test Cases/CommonLibraries/Login

2018-07-02 22:10:25 - [TEST_STEP][PASSED] - openBrowser: Browser is opened with url: 'https://smtlogin.zycus.net/sso/login?serviceName=http://eproc-qa.zycus.net/'

2018-07-02 22:10:25 - [MESSAGE][WARNING] - A browser is already opened. Closing browser and opening a new one

2018-07-02 22:10:35 - [MESSAGE][PASSED] - Browser is opened with url: 'https://smtlogin.zycus.net/sso/login?serviceName=http://eproc-qa.zycus.net/'

2018-07-02 22:10:35 - [TEST_STEP][PASSED] - maximizeWindow: Current window maximized

2018-07-02 22:10:35 - [MESSAGE][PASSED] - Current window maximized

2018-07-02 22:10:35 - [TEST_STEP][PASSED] - waitForElementVisible: Object 'Object Repository/LoginPage/UserID' is visible

2018-07-02 22:10:36 - [MESSAGE][PASSED] - Object 'Object Repository/LoginPage/UserID' is visible

2018-07-02 22:10:36 - [TEST_STEP][PASSED] - sendKeys: Keys 'monicaqa@zycus.com' sent to object: 'Object Repository/LoginPage/UserID'

2018-07-02 22:10:36 - [MESSAGE][PASSED] - Keys 'monicaqa@zycus.com' sent to object: 'Object Repository/LoginPage/UserID'

2018-07-02 22:10:36 - [TEST_STEP][PASSED] - sendKeys: Keys 'eProc@123' sent to object: 'Object Repository/LoginPage/Password'

2018-07-02 22:10:36 - [MESSAGE][PASSED] - Keys 'eProc@123' sent to object: 'Object Repository/LoginPage/Password'

2018-07-02 22:10:36 - [TEST_STEP][PASSED] - click: Object: 'Object Repository/LoginPage/LoginButton' is clicked on

2018-07-02 22:10:43 - [MESSAGE][PASSED] - Object: 'Object Repository/LoginPage/LoginButton' is clicked on

2018-07-02 22:10:43 - [MESSAGE][PASSED] - Call Test Case 'Test Cases/CommonLibraries/Login' successfully

2018-07-02 22:10:43 - [TEST_STEP][PASSED] - waitForPageLoad: Wait for page load successfully

2018-07-02 22:10:43 - [MESSAGE][PASSED] - Wait for page load successfully

2018-07-02 22:10:43 - [TEST_STEP][PASSED] - sendKeys: Keys 'Pen' sent to object: 'Object Repository/OnlineStorePage/Search Box'

2018-07-02 22:11:03 - [MESSAGE][PASSED] - Keys 'Pen' sent to object: 'Object Repository/OnlineStorePage/Search Box'

2018-07-02 22:11:03 - [TEST_STEP][PASSED] - waitForElementPresent: Object 'Object Repository/OnlineStorePage/Search Box' is present

2018-07-02 22:11:04 - [MESSAGE][PASSED] - Object 'Object Repository/OnlineStorePage/Search Box' is present

2018-07-02 22:11:04 - [TEST_STEP][PASSED] - click: Object: 'Object Repository/OnlineStorePage/Search Icon' is clicked on

2018-07-02 22:11:04 - [MESSAGE][PASSED] - Object: 'Object Repository/OnlineStorePage/Search Icon' is clicked on

2018-07-02 22:11:04 - [MESSAGE][PASSED] - Call Test Case 'Test Cases/CommonLibraries/Search By Pen' successfully

2018-07-02 22:11:04 - [TEST_STEP][PASSED] - waitForElementPresent: Object 'Object Repository/SearchResultPage/SearchItemTab/CatalogItems/Check Box For 1 Row Item List' is not present after 50 second(s)

2018-07-02 22:11:57 - [MESSAGE][WARNING] - Object 'Object Repository/SearchResultPage/SearchItemTab/CatalogItems/Check Box For 1 Row Item List' is not present after 50 second(s)

2018-07-02 22:11:57 - [TEST_STEP][FAILED] - click: Unable to click on object 'Object Repository/SearchResultPage/SearchItemTab/CatalogItems/Check Box For 1 Row Item List' (Root cause: com.kms.katalon.core.webui.exception.WebElementNotFoundException: Web element with id: 'Object Repository/SearchResultPage/SearchItemTab/CatalogItems/Check Box For 1 Row Item List' located by 'By.xpath: //dew-tab[@id='items-in-catalogs']/eproc-product-list/dew-card/dew-flex/dew-flex-item[1]/eproc-product-card/dew-card/dew-row/dew-col[1]/div' not found)

2018-07-02 22:12:29 - [MESSAGE][FAILED] - Unable to click on object 'Object Repository/SearchResultPage/SearchItemTab/CatalogItems/Check Box For 1 Row Item List' (Root cause: com.kms.katalon.core.webui.exception.WebElementNotFoundException: Web element with id: 'Object Repository/SearchResultPage/SearchItemTab/CatalogItems/Check Box For 1 Row Item List' located by 'By.xpath: //dew-tab[@id='items-in-catalogs']/eproc-product-list/dew-card/dew-flex/dew-flex-item[1]/eproc-product-card/dew-card/dew-row/dew-col[1]/div' not found)
[[ATTACHMENT|C:\\Users\\vikas.kiroula\\git\\eProc\\Reports\\Run\\20180702_203015\\1530549748850.png]]]]></system-out>
         <system-err><![CDATA[2018-07-02 22:10:25 - [TEST_CASE][FAILED] - Test Cases/DDS-276/DDS-4231 Scroll bar should be well aligned in user cart: Test Cases/DDS-276/DDS-4231 Scroll bar should be well aligned in user cart FAILED because (of) Unable to click on object 'Object Repository/SearchResultPage/SearchItemTab/CatalogItems/Check Box For 1 Row Item List' (Root cause: com.kms.katalon.core.webui.exception.WebElementNotFoundException: Web element with id: 'Object Repository/SearchResultPage/SearchItemTab/CatalogItems/Check Box For 1 Row Item List' located by 'By.xpath: //dew-tab[@id='items-in-catalogs']/eproc-product-list/dew-card/dew-flex/dew-flex-item[1]/eproc-product-card/dew-card/dew-row/dew-col[1]/div' not found)]]></system-err>
      </testcase>
      <testcase name="Test Cases/DDS-276/DDS-4233" classname="Test Cases/DDS-276/DDS-4233" status="FAILED">
         <failure type="FAILED" message="Unable to double click on object 'Object Repository/Popups/Empty cart/Yes Button' (Root cause: org.openqa.selenium.interactions.MoveTargetOutOfBoundsException: Offset within element cannot be scrolled into view: (0, 0): [object HTMLButtonElement]
Command duration or timeout: 0 milliseconds)"/>
         <system-out><![CDATA[2018-07-02 22:12:29 - [TEST_CASE][FAILED] - Test Cases/DDS-276/DDS-4233: Test Cases/DDS-276/DDS-4233 FAILED because (of) Unable to double click on object 'Object Repository/Popups/Empty cart/Yes Button' (Root cause: org.openqa.selenium.interactions.MoveTargetOutOfBoundsException: Offset within element cannot be scrolled into view: (0, 0): [object HTMLButtonElement]
Command duration or timeout: 0 milliseconds)

2018-07-02 22:12:29 - [TEST_STEP][PASSED] - callTestCase: Call Test Case 'Test Cases/CommonLibraries/Login' successfully

2018-07-02 22:12:29 - [TEST_CASE][PASSED] - Test Cases/CommonLibraries/Login: Test Cases/CommonLibraries/Login

2018-07-02 22:12:29 - [TEST_STEP][PASSED] - openBrowser: Browser is opened with url: 'https://smtlogin.zycus.net/sso/login?serviceName=http://eproc-qa.zycus.net/'

2018-07-02 22:12:29 - [MESSAGE][WARNING] - A browser is already opened. Closing browser and opening a new one

2018-07-02 22:12:48 - [MESSAGE][PASSED] - Browser is opened with url: 'https://smtlogin.zycus.net/sso/login?serviceName=http://eproc-qa.zycus.net/'

2018-07-02 22:12:48 - [TEST_STEP][PASSED] - maximizeWindow: Current window maximized

2018-07-02 22:12:49 - [MESSAGE][PASSED] - Current window maximized

2018-07-02 22:12:49 - [TEST_STEP][PASSED] - waitForElementVisible: Object 'Object Repository/LoginPage/UserID' is visible

2018-07-02 22:12:49 - [MESSAGE][PASSED] - Object 'Object Repository/LoginPage/UserID' is visible

2018-07-02 22:12:49 - [TEST_STEP][PASSED] - sendKeys: Keys 'monicaqa@zycus.com' sent to object: 'Object Repository/LoginPage/UserID'

2018-07-02 22:12:49 - [MESSAGE][PASSED] - Keys 'monicaqa@zycus.com' sent to object: 'Object Repository/LoginPage/UserID'

2018-07-02 22:12:49 - [TEST_STEP][PASSED] - sendKeys: Keys 'eProc@123' sent to object: 'Object Repository/LoginPage/Password'

2018-07-02 22:12:49 - [MESSAGE][PASSED] - Keys 'eProc@123' sent to object: 'Object Repository/LoginPage/Password'

2018-07-02 22:12:49 - [TEST_STEP][PASSED] - click: Object: 'Object Repository/LoginPage/LoginButton' is clicked on

2018-07-02 22:12:56 - [MESSAGE][PASSED] - Object: 'Object Repository/LoginPage/LoginButton' is clicked on

2018-07-02 22:12:56 - [MESSAGE][PASSED] - Call Test Case 'Test Cases/CommonLibraries/Login' successfully

2018-07-02 22:12:56 - [TEST_STEP][PASSED] - doubleClick: Object: 'Object Repository/OnlineStorePage/CartIcon' is double clicked on

2018-07-02 22:13:16 - [MESSAGE][PASSED] - Object: 'Object Repository/OnlineStorePage/CartIcon' is double clicked on

2018-07-02 22:13:16 - [TEST_STEP][PASSED] - Statement - If (com.kms.katalon.core.webui.keyword.WebUiBuiltInKeywords.verifyElementClickable(com.kms.katalon.core.testobject.ObjectRepository.findTestObject(CartPage/EmptyCartButton)) == true): Delayed 10 second(s)

2018-07-02 22:13:16 - [MESSAGE][PASSED] - Object 'Object Repository/CartPage/EmptyCartButton' is clickable

2018-07-02 22:13:16 - [TEST_STEP][PASSED] - doubleClick: Object: 'Object Repository/CartPage/EmptyCartButton' is double clicked on

2018-07-02 22:13:16 - [MESSAGE][PASSED] - Object: 'Object Repository/CartPage/EmptyCartButton' is double clicked on

2018-07-02 22:13:16 - [TEST_STEP][PASSED] - doubleClick: Object: 'Object Repository/Popups/Empty cart/Yes Button' is double clicked on

2018-07-02 22:13:17 - [MESSAGE][PASSED] - Object: 'Object Repository/Popups/Empty cart/Yes Button' is double clicked on

2018-07-02 22:13:17 - [TEST_STEP][PASSED] - delay: Delayed 10 second(s)

2018-07-02 22:13:27 - [MESSAGE][PASSED] - Delayed 10 second(s)

2018-07-02 22:13:27 - [TEST_STEP][PASSED] - doubleClick: Object: 'Object Repository/CartPage/EmptyCartButton' is double clicked on

2018-07-02 22:13:27 - [MESSAGE][PASSED] - Object: 'Object Repository/CartPage/EmptyCartButton' is double clicked on

2018-07-02 22:13:27 - [TEST_STEP][FAILED] - doubleClick: Unable to double click on object 'Object Repository/Popups/Empty cart/Yes Button' (Root cause: org.openqa.selenium.interactions.MoveTargetOutOfBoundsException: Offset within element cannot be scrolled into view: (0, 0): [object HTMLButtonElement]
Command duration or timeout: 0 milliseconds)

2018-07-02 22:13:27 - [MESSAGE][FAILED] - Unable to double click on object 'Object Repository/Popups/Empty cart/Yes Button' (Root cause: org.openqa.selenium.interactions.MoveTargetOutOfBoundsException: Offset within element cannot be scrolled into view: (0, 0): [object HTMLButtonElement]
Command duration or timeout: 0 milliseconds)
[[ATTACHMENT|C:\\Users\\vikas.kiroula\\git\\eProc\\Reports\\Run\\20180702_203015\\1530549807203.png]]]]></system-out>
         <system-err><![CDATA[2018-07-02 22:12:29 - [TEST_CASE][FAILED] - Test Cases/DDS-276/DDS-4233: Test Cases/DDS-276/DDS-4233 FAILED because (of) Unable to double click on object 'Object Repository/Popups/Empty cart/Yes Button' (Root cause: org.openqa.selenium.interactions.MoveTargetOutOfBoundsException: Offset within element cannot be scrolled into view: (0, 0): [object HTMLButtonElement]
Command duration or timeout: 0 milliseconds)]]></system-err>
      </testcase>
      <testcase name="Test Cases/DDS-276/DDS-4234" classname="Test Cases/DDS-276/DDS-4234" status="FAILED">
         <failure type="FAILED" message="Unable to verify object 'Object Repository/CartPage/EmptyCartButton' to be clickable (Root cause: Object 'Object Repository/CartPage/EmptyCartButton' is NOT clickable)"/>
         <system-out><![CDATA[2018-07-02 22:13:27 - [TEST_CASE][FAILED] - Test Cases/DDS-276/DDS-4234: Test Cases/DDS-276/DDS-4234 FAILED because (of) Unable to verify object 'Object Repository/CartPage/EmptyCartButton' to be clickable (Root cause: Object 'Object Repository/CartPage/EmptyCartButton' is NOT clickable)

2018-07-02 22:13:27 - [TEST_STEP][PASSED] - callTestCase: Call Test Case 'Test Cases/CommonLibraries/Login' successfully

2018-07-02 22:13:27 - [TEST_CASE][PASSED] - Test Cases/CommonLibraries/Login: Test Cases/CommonLibraries/Login

2018-07-02 22:13:27 - [TEST_STEP][PASSED] - openBrowser: Browser is opened with url: 'https://smtlogin.zycus.net/sso/login?serviceName=http://eproc-qa.zycus.net/'

2018-07-02 22:13:27 - [MESSAGE][WARNING] - A browser is already opened. Closing browser and opening a new one

2018-07-02 22:13:35 - [MESSAGE][PASSED] - Browser is opened with url: 'https://smtlogin.zycus.net/sso/login?serviceName=http://eproc-qa.zycus.net/'

2018-07-02 22:13:35 - [TEST_STEP][PASSED] - maximizeWindow: Current window maximized

2018-07-02 22:13:37 - [MESSAGE][PASSED] - Current window maximized

2018-07-02 22:13:37 - [TEST_STEP][PASSED] - waitForElementVisible: Object 'Object Repository/LoginPage/UserID' is visible

2018-07-02 22:13:37 - [MESSAGE][PASSED] - Object 'Object Repository/LoginPage/UserID' is visible

2018-07-02 22:13:37 - [TEST_STEP][PASSED] - sendKeys: Keys 'monicaqa@zycus.com' sent to object: 'Object Repository/LoginPage/UserID'

2018-07-02 22:13:37 - [MESSAGE][PASSED] - Keys 'monicaqa@zycus.com' sent to object: 'Object Repository/LoginPage/UserID'

2018-07-02 22:13:37 - [TEST_STEP][PASSED] - sendKeys: Keys 'eProc@123' sent to object: 'Object Repository/LoginPage/Password'

2018-07-02 22:13:37 - [MESSAGE][PASSED] - Keys 'eProc@123' sent to object: 'Object Repository/LoginPage/Password'

2018-07-02 22:13:37 - [TEST_STEP][PASSED] - click: Object: 'Object Repository/LoginPage/LoginButton' is clicked on

2018-07-02 22:13:44 - [MESSAGE][PASSED] - Object: 'Object Repository/LoginPage/LoginButton' is clicked on

2018-07-02 22:13:44 - [MESSAGE][PASSED] - Call Test Case 'Test Cases/CommonLibraries/Login' successfully

2018-07-02 22:13:44 - [TEST_STEP][PASSED] - doubleClick: Object: 'Object Repository/OnlineStorePage/CartIcon' is double clicked on

2018-07-02 22:14:04 - [MESSAGE][PASSED] - Object: 'Object Repository/OnlineStorePage/CartIcon' is double clicked on

2018-07-02 22:14:04 - [TEST_STEP][FAILED] - Statement - If (com.kms.katalon.core.webui.keyword.WebUiBuiltInKeywords.verifyElementClickable(com.kms.katalon.core.testobject.ObjectRepository.findTestObject(CartPage/EmptyCartButton)) == true): Unable to verify object 'Object Repository/CartPage/EmptyCartButton' to be clickable (Root cause: Object 'Object Repository/CartPage/EmptyCartButton' is NOT clickable)

2018-07-02 22:14:05 - [MESSAGE][FAILED] - Object 'Object Repository/CartPage/EmptyCartButton' is NOT clickable
[[ATTACHMENT|C:\\Users\\vikas.kiroula\\git\\eProc\\Reports\\Run\\20180702_203015\\1530549844849.png]]

2018-07-02 22:14:05 - [MESSAGE][FAILED] - Unable to verify object 'Object Repository/CartPage/EmptyCartButton' to be clickable (Root cause: Object 'Object Repository/CartPage/EmptyCartButton' is NOT clickable)
[[ATTACHMENT|C:\\Users\\vikas.kiroula\\git\\eProc\\Reports\\Run\\20180702_203015\\1530549845042.png]]]]></system-out>
         <system-err><![CDATA[2018-07-02 22:13:27 - [TEST_CASE][FAILED] - Test Cases/DDS-276/DDS-4234: Test Cases/DDS-276/DDS-4234 FAILED because (of) Unable to verify object 'Object Repository/CartPage/EmptyCartButton' to be clickable (Root cause: Object 'Object Repository/CartPage/EmptyCartButton' is NOT clickable)]]></system-err>
      </testcase>
      <testcase name="Test Cases/DDS-276/DDS-4235" classname="Test Cases/DDS-276/DDS-4235" status="FAILED">
         <failure type="FAILED" message="Unable to verify object 'Object Repository/CartPage/EmptyCartButton' to be clickable (Root cause: Object 'Object Repository/CartPage/EmptyCartButton' is NOT clickable)"/>
         <system-out><![CDATA[2018-07-02 22:14:05 - [TEST_CASE][FAILED] - Test Cases/DDS-276/DDS-4235: Test Cases/DDS-276/DDS-4235 FAILED because (of) Unable to verify object 'Object Repository/CartPage/EmptyCartButton' to be clickable (Root cause: Object 'Object Repository/CartPage/EmptyCartButton' is NOT clickable)

2018-07-02 22:14:05 - [TEST_STEP][PASSED] - callTestCase: Call Test Case 'Test Cases/CommonLibraries/Login' successfully

2018-07-02 22:14:05 - [TEST_CASE][PASSED] - Test Cases/CommonLibraries/Login: Test Cases/CommonLibraries/Login

2018-07-02 22:14:05 - [TEST_STEP][PASSED] - openBrowser: Browser is opened with url: 'https://smtlogin.zycus.net/sso/login?serviceName=http://eproc-qa.zycus.net/'

2018-07-02 22:14:05 - [MESSAGE][WARNING] - A browser is already opened. Closing browser and opening a new one

2018-07-02 22:14:13 - [MESSAGE][PASSED] - Browser is opened with url: 'https://smtlogin.zycus.net/sso/login?serviceName=http://eproc-qa.zycus.net/'

2018-07-02 22:14:13 - [TEST_STEP][PASSED] - maximizeWindow: Current window maximized

2018-07-02 22:14:15 - [MESSAGE][PASSED] - Current window maximized

2018-07-02 22:14:15 - [TEST_STEP][PASSED] - waitForElementVisible: Object 'Object Repository/LoginPage/UserID' is visible

2018-07-02 22:14:15 - [MESSAGE][PASSED] - Object 'Object Repository/LoginPage/UserID' is visible

2018-07-02 22:14:15 - [TEST_STEP][PASSED] - sendKeys: Keys 'monicaqa@zycus.com' sent to object: 'Object Repository/LoginPage/UserID'

2018-07-02 22:14:15 - [MESSAGE][PASSED] - Keys 'monicaqa@zycus.com' sent to object: 'Object Repository/LoginPage/UserID'

2018-07-02 22:14:15 - [TEST_STEP][PASSED] - sendKeys: Keys 'eProc@123' sent to object: 'Object Repository/LoginPage/Password'

2018-07-02 22:14:15 - [MESSAGE][PASSED] - Keys 'eProc@123' sent to object: 'Object Repository/LoginPage/Password'

2018-07-02 22:14:15 - [TEST_STEP][PASSED] - click: Object: 'Object Repository/LoginPage/LoginButton' is clicked on

2018-07-02 22:14:22 - [MESSAGE][PASSED] - Object: 'Object Repository/LoginPage/LoginButton' is clicked on

2018-07-02 22:14:22 - [MESSAGE][PASSED] - Call Test Case 'Test Cases/CommonLibraries/Login' successfully

2018-07-02 22:14:22 - [TEST_STEP][PASSED] - doubleClick: Object: 'Object Repository/OnlineStorePage/CartIcon' is double clicked on

2018-07-02 22:14:41 - [MESSAGE][PASSED] - Object: 'Object Repository/OnlineStorePage/CartIcon' is double clicked on

2018-07-02 22:14:41 - [TEST_STEP][FAILED] - Statement - If (com.kms.katalon.core.webui.keyword.WebUiBuiltInKeywords.verifyElementClickable(com.kms.katalon.core.testobject.ObjectRepository.findTestObject(CartPage/EmptyCartButton)) == true): Unable to verify object 'Object Repository/CartPage/EmptyCartButton' to be clickable (Root cause: Object 'Object Repository/CartPage/EmptyCartButton' is NOT clickable)

2018-07-02 22:14:42 - [MESSAGE][FAILED] - Object 'Object Repository/CartPage/EmptyCartButton' is NOT clickable
[[ATTACHMENT|C:\\Users\\vikas.kiroula\\git\\eProc\\Reports\\Run\\20180702_203015\\1530549882681.png]]

2018-07-02 22:14:43 - [MESSAGE][FAILED] - Unable to verify object 'Object Repository/CartPage/EmptyCartButton' to be clickable (Root cause: Object 'Object Repository/CartPage/EmptyCartButton' is NOT clickable)
[[ATTACHMENT|C:\\Users\\vikas.kiroula\\git\\eProc\\Reports\\Run\\20180702_203015\\1530549882864.png]]]]></system-out>
         <system-err><![CDATA[2018-07-02 22:14:05 - [TEST_CASE][FAILED] - Test Cases/DDS-276/DDS-4235: Test Cases/DDS-276/DDS-4235 FAILED because (of) Unable to verify object 'Object Repository/CartPage/EmptyCartButton' to be clickable (Root cause: Object 'Object Repository/CartPage/EmptyCartButton' is NOT clickable)]]></system-err>
      </testcase>
      <testcase name="Test Cases/DDS-277/DDS-4238 On search result page, there should be toggle switch present  between list view of items and grid view of items" classname="Test Cases/DDS-277/DDS-4238 On search result page, there should be toggle switch present  between list view of items and grid view of items" status="FAILED">
         <failure type="FAILED" message="Verify element text of test object 'Object Repository/SearchResultPage/SearchItemTab/CatalogItems/Catalog Item List Verification/Item3 For 3 Row' FAILED. (Root cause: com.kms.katalon.core.webui.exception.WebElementNotFoundException: Web element with id: 'Object Repository/SearchResultPage/SearchItemTab/CatalogItems/Catalog Item List Verification/Item3 For 3 Row' located by 'By.xpath: //dew-flex-item[3]//span[normalize-space(text()) = 'Item3']' not found)"/>
         <system-out><![CDATA[2018-07-02 22:14:43 - [TEST_CASE][FAILED] - Test Cases/DDS-277/DDS-4238 On search result page, there should be toggle switch present  between list view of items and grid view of items: Test Cases/DDS-277/DDS-4238 On search result page, there should be toggle switch present  between list view of items and grid view of items FAILED because (of) Verify element text of test object 'Object Repository/SearchResultPage/SearchItemTab/CatalogItems/Catalog Item List Verification/Item3 For 3 Row' FAILED. (Root cause: com.kms.katalon.core.webui.exception.WebElementNotFoundException: Web element with id: 'Object Repository/SearchResultPage/SearchItemTab/CatalogItems/Catalog Item List Verification/Item3 For 3 Row' located by 'By.xpath: //dew-flex-item[3]//span[normalize-space(text()) = 'Item3']' not found)

2018-07-02 22:14:43 - [TEST_STEP][PASSED] - callTestCase: Call Test Case 'Test Cases/CommonLibraries/Search By Item' successfully

2018-07-02 22:14:43 - [TEST_CASE][PASSED] - Test Cases/CommonLibraries/Search By Item: Test Cases/CommonLibraries/Search By Item

2018-07-02 22:14:43 - [TEST_STEP][PASSED] - callTestCase: Call Test Case 'Test Cases/CommonLibraries/Login' successfully

2018-07-02 22:14:43 - [TEST_CASE][PASSED] - Test Cases/CommonLibraries/Login: Test Cases/CommonLibraries/Login

2018-07-02 22:14:43 - [TEST_STEP][PASSED] - openBrowser: Browser is opened with url: 'https://smtlogin.zycus.net/sso/login?serviceName=http://eproc-qa.zycus.net/'

2018-07-02 22:14:43 - [MESSAGE][WARNING] - A browser is already opened. Closing browser and opening a new one

2018-07-02 22:14:52 - [MESSAGE][PASSED] - Browser is opened with url: 'https://smtlogin.zycus.net/sso/login?serviceName=http://eproc-qa.zycus.net/'

2018-07-02 22:14:52 - [TEST_STEP][PASSED] - maximizeWindow: Current window maximized

2018-07-02 22:14:52 - [MESSAGE][PASSED] - Current window maximized

2018-07-02 22:14:52 - [TEST_STEP][PASSED] - waitForElementVisible: Object 'Object Repository/LoginPage/UserID' is visible

2018-07-02 22:14:52 - [MESSAGE][PASSED] - Object 'Object Repository/LoginPage/UserID' is visible

2018-07-02 22:14:52 - [TEST_STEP][PASSED] - sendKeys: Keys 'monicaqa@zycus.com' sent to object: 'Object Repository/LoginPage/UserID'

2018-07-02 22:14:52 - [MESSAGE][PASSED] - Keys 'monicaqa@zycus.com' sent to object: 'Object Repository/LoginPage/UserID'

2018-07-02 22:14:52 - [TEST_STEP][PASSED] - sendKeys: Keys 'eProc@123' sent to object: 'Object Repository/LoginPage/Password'

2018-07-02 22:14:53 - [MESSAGE][PASSED] - Keys 'eProc@123' sent to object: 'Object Repository/LoginPage/Password'

2018-07-02 22:14:53 - [TEST_STEP][PASSED] - click: Object: 'Object Repository/LoginPage/LoginButton' is clicked on

2018-07-02 22:14:57 - [MESSAGE][PASSED] - Object: 'Object Repository/LoginPage/LoginButton' is clicked on

2018-07-02 22:14:57 - [MESSAGE][PASSED] - Call Test Case 'Test Cases/CommonLibraries/Login' successfully

2018-07-02 22:14:57 - [TEST_STEP][PASSED] - waitForElementPresent: Object 'Object Repository/OnlineStorePage/Search Box' is present

2018-07-02 22:15:18 - [MESSAGE][PASSED] - Object 'Object Repository/OnlineStorePage/Search Box' is present

2018-07-02 22:15:18 - [TEST_STEP][PASSED] - waitForPageLoad: Wait for page load successfully

2018-07-02 22:15:18 - [MESSAGE][PASSED] - Wait for page load successfully

2018-07-02 22:15:18 - [TEST_STEP][PASSED] - sendKeys: Keys 'Item' sent to object: 'Object Repository/OnlineStorePage/Search Box'

2018-07-02 22:15:18 - [MESSAGE][PASSED] - Keys 'Item' sent to object: 'Object Repository/OnlineStorePage/Search Box'

2018-07-02 22:15:18 - [TEST_STEP][PASSED] - click: Object: 'Object Repository/OnlineStorePage/Search Icon' is clicked on

2018-07-02 22:15:19 - [MESSAGE][PASSED] - Object: 'Object Repository/OnlineStorePage/Search Icon' is clicked on

2018-07-02 22:15:19 - [MESSAGE][PASSED] - Call Test Case 'Test Cases/CommonLibraries/Search By Item' successfully

2018-07-02 22:15:19 - [TEST_STEP][PASSED] - waitForPageLoad: Wait for page load successfully

2018-07-02 22:15:19 - [MESSAGE][PASSED] - Wait for page load successfully

2018-07-02 22:15:19 - [TEST_STEP][PASSED] - click: Object: 'Object Repository/SearchResultPage/ListViewButton' is clicked on

2018-07-02 22:15:19 - [MESSAGE][PASSED] - Object: 'Object Repository/SearchResultPage/ListViewButton' is clicked on

2018-07-02 22:15:19 - [TEST_STEP][FAILED] - verifyElementText: Verify element text of test object 'Object Repository/SearchResultPage/SearchItemTab/CatalogItems/Catalog Item List Verification/Item3 For 3 Row' FAILED. (Root cause: com.kms.katalon.core.webui.exception.WebElementNotFoundException: Web element with id: 'Object Repository/SearchResultPage/SearchItemTab/CatalogItems/Catalog Item List Verification/Item3 For 3 Row' located by 'By.xpath: //dew-flex-item[3]//span[normalize-space(text()) = 'Item3']' not found)

2018-07-02 22:15:50 - [MESSAGE][FAILED] - com.kms.katalon.core.webui.exception.WebElementNotFoundException: Web element with id: 'Object Repository/SearchResultPage/SearchItemTab/CatalogItems/Catalog Item List Verification/Item3 For 3 Row' located by 'By.xpath: //dew-flex-item[3]//span[normalize-space(text()) = 'Item3']' not found
[[ATTACHMENT|C:\\Users\\vikas.kiroula\\git\\eProc\\Reports\\Run\\20180702_203015\\1530549950565.png]]

2018-07-02 22:15:51 - [MESSAGE][FAILED] - Verify element text of test object 'Object Repository/SearchResultPage/SearchItemTab/CatalogItems/Catalog Item List Verification/Item3 For 3 Row' FAILED. (Root cause: com.kms.katalon.core.webui.exception.WebElementNotFoundException: Web element with id: 'Object Repository/SearchResultPage/SearchItemTab/CatalogItems/Catalog Item List Verification/Item3 For 3 Row' located by 'By.xpath: //dew-flex-item[3]//span[normalize-space(text()) = 'Item3']' not found)
[[ATTACHMENT|C:\\Users\\vikas.kiroula\\git\\eProc\\Reports\\Run\\20180702_203015\\1530549950876.png]]]]></system-out>
         <system-err><![CDATA[2018-07-02 22:14:43 - [TEST_CASE][FAILED] - Test Cases/DDS-277/DDS-4238 On search result page, there should be toggle switch present  between list view of items and grid view of items: Test Cases/DDS-277/DDS-4238 On search result page, there should be toggle switch present  between list view of items and grid view of items FAILED because (of) Verify element text of test object 'Object Repository/SearchResultPage/SearchItemTab/CatalogItems/Catalog Item List Verification/Item3 For 3 Row' FAILED. (Root cause: com.kms.katalon.core.webui.exception.WebElementNotFoundException: Web element with id: 'Object Repository/SearchResultPage/SearchItemTab/CatalogItems/Catalog Item List Verification/Item3 For 3 Row' located by 'By.xpath: //dew-flex-item[3]//span[normalize-space(text()) = 'Item3']' not found)]]></system-err>
      </testcase>
      <testcase name="Test Cases/DDS-277/DDS-4238 On search result page, there should be toggle switch present between list view of items and grid view of items" classname="Test Cases/DDS-277/DDS-4238 On search result page, there should be toggle switch present between list view of items and grid view of items" status="PASSED">
         <system-out><![CDATA[2018-07-02 22:15:51 - [TEST_CASE][PASSED] - Test Cases/DDS-277/DDS-4238 On search result page, there should be toggle switch present between list view of items and grid view of items: Test Cases/DDS-277/DDS-4238 On search result page, there should be toggle switch present between list view of items and grid view of items

2018-07-02 22:15:51 - [TEST_STEP][PASSED] - callTestCase: Call Test Case 'Test Cases/CommonLibraries/Search By Item' successfully

2018-07-02 22:15:51 - [TEST_CASE][PASSED] - Test Cases/CommonLibraries/Search By Item: Test Cases/CommonLibraries/Search By Item

2018-07-02 22:15:51 - [TEST_STEP][PASSED] - callTestCase: Call Test Case 'Test Cases/CommonLibraries/Login' successfully

2018-07-02 22:15:51 - [TEST_CASE][PASSED] - Test Cases/CommonLibraries/Login: Test Cases/CommonLibraries/Login

2018-07-02 22:15:51 - [TEST_STEP][PASSED] - openBrowser: Browser is opened with url: 'https://smtlogin.zycus.net/sso/login?serviceName=http://eproc-qa.zycus.net/'

2018-07-02 22:15:51 - [MESSAGE][WARNING] - A browser is already opened. Closing browser and opening a new one

2018-07-02 22:16:00 - [MESSAGE][PASSED] - Browser is opened with url: 'https://smtlogin.zycus.net/sso/login?serviceName=http://eproc-qa.zycus.net/'

2018-07-02 22:16:00 - [TEST_STEP][PASSED] - maximizeWindow: Current window maximized

2018-07-02 22:16:01 - [MESSAGE][PASSED] - Current window maximized

2018-07-02 22:16:01 - [TEST_STEP][PASSED] - waitForElementVisible: Object 'Object Repository/LoginPage/UserID' is visible

2018-07-02 22:16:01 - [MESSAGE][PASSED] - Object 'Object Repository/LoginPage/UserID' is visible

2018-07-02 22:16:01 - [TEST_STEP][PASSED] - sendKeys: Keys 'monicaqa@zycus.com' sent to object: 'Object Repository/LoginPage/UserID'

2018-07-02 22:16:01 - [MESSAGE][PASSED] - Keys 'monicaqa@zycus.com' sent to object: 'Object Repository/LoginPage/UserID'

2018-07-02 22:16:01 - [TEST_STEP][PASSED] - sendKeys: Keys 'eProc@123' sent to object: 'Object Repository/LoginPage/Password'

2018-07-02 22:16:01 - [MESSAGE][PASSED] - Keys 'eProc@123' sent to object: 'Object Repository/LoginPage/Password'

2018-07-02 22:16:01 - [TEST_STEP][PASSED] - click: Object: 'Object Repository/LoginPage/LoginButton' is clicked on

2018-07-02 22:16:07 - [MESSAGE][PASSED] - Object: 'Object Repository/LoginPage/LoginButton' is clicked on

2018-07-02 22:16:07 - [MESSAGE][PASSED] - Call Test Case 'Test Cases/CommonLibraries/Login' successfully

2018-07-02 22:16:07 - [TEST_STEP][PASSED] - waitForElementPresent: Object 'Object Repository/OnlineStorePage/Search Box' is present

2018-07-02 22:16:24 - [MESSAGE][PASSED] - Object 'Object Repository/OnlineStorePage/Search Box' is present

2018-07-02 22:16:24 - [TEST_STEP][PASSED] - waitForPageLoad: Wait for page load successfully

2018-07-02 22:16:24 - [MESSAGE][PASSED] - Wait for page load successfully

2018-07-02 22:16:24 - [TEST_STEP][PASSED] - sendKeys: Keys 'Item' sent to object: 'Object Repository/OnlineStorePage/Search Box'

2018-07-02 22:16:25 - [MESSAGE][PASSED] - Keys 'Item' sent to object: 'Object Repository/OnlineStorePage/Search Box'

2018-07-02 22:16:25 - [TEST_STEP][PASSED] - click: Object: 'Object Repository/OnlineStorePage/Search Icon' is clicked on

2018-07-02 22:16:25 - [MESSAGE][PASSED] - Object: 'Object Repository/OnlineStorePage/Search Icon' is clicked on

2018-07-02 22:16:25 - [MESSAGE][PASSED] - Call Test Case 'Test Cases/CommonLibraries/Search By Item' successfully

2018-07-02 22:16:25 - [TEST_STEP][PASSED] - waitForPageLoad: Wait for page load successfully

2018-07-02 22:16:25 - [MESSAGE][PASSED] - Wait for page load successfully

2018-07-02 22:16:25 - [TEST_STEP][PASSED] - verifyElementClickable: Object 'Object Repository/SearchResultPage/ListViewButton' is clickable

2018-07-02 22:16:25 - [MESSAGE][PASSED] - Object 'Object Repository/SearchResultPage/ListViewButton' is clickable

2018-07-02 22:16:25 - [TEST_STEP][PASSED] - verifyElementClickable: Object 'Object Repository/SearchResultPage/GridViewButton' is clickable

2018-07-02 22:16:25 - [MESSAGE][PASSED] - Object 'Object Repository/SearchResultPage/GridViewButton' is clickable

2018-07-02 22:16:25 - [TEST_STEP][PASSED] - closeBrowser: Browser is closed

2018-07-02 22:16:25 - [MESSAGE][PASSED] - Browser is closed]]></system-out>
         <system-err><![CDATA[]]></system-err>
      </testcase>
      <testcase name="Test Cases/DDS-277/DDS-4239 On search result page, by default the list view of the items should be present" classname="Test Cases/DDS-277/DDS-4239 On search result page, by default the list view of the items should be present" status="PASSED">
         <system-out><![CDATA[2018-07-02 22:16:25 - [TEST_CASE][PASSED] - Test Cases/DDS-277/DDS-4239 On search result page, by default the list view of the items should be present: Test Cases/DDS-277/DDS-4239 On search result page, by default the list view of the items should be present

2018-07-02 22:16:25 - [TEST_STEP][PASSED] - callTestCase: Call Test Case 'Test Cases/CommonLibraries/Search By Item' successfully

2018-07-02 22:16:25 - [TEST_CASE][PASSED] - Test Cases/CommonLibraries/Search By Item: Test Cases/CommonLibraries/Search By Item

2018-07-02 22:16:25 - [TEST_STEP][PASSED] - callTestCase: Call Test Case 'Test Cases/CommonLibraries/Login' successfully

2018-07-02 22:16:26 - [TEST_CASE][PASSED] - Test Cases/CommonLibraries/Login: Test Cases/CommonLibraries/Login

2018-07-02 22:16:26 - [TEST_STEP][PASSED] - openBrowser: Browser is opened with url: 'https://smtlogin.zycus.net/sso/login?serviceName=http://eproc-qa.zycus.net/'

2018-07-02 22:16:35 - [MESSAGE][PASSED] - Browser is opened with url: 'https://smtlogin.zycus.net/sso/login?serviceName=http://eproc-qa.zycus.net/'

2018-07-02 22:16:35 - [TEST_STEP][PASSED] - maximizeWindow: Current window maximized

2018-07-02 22:16:35 - [MESSAGE][PASSED] - Current window maximized

2018-07-02 22:16:35 - [TEST_STEP][PASSED] - waitForElementVisible: Object 'Object Repository/LoginPage/UserID' is visible

2018-07-02 22:16:35 - [MESSAGE][PASSED] - Object 'Object Repository/LoginPage/UserID' is visible

2018-07-02 22:16:35 - [TEST_STEP][PASSED] - sendKeys: Keys 'monicaqa@zycus.com' sent to object: 'Object Repository/LoginPage/UserID'

2018-07-02 22:16:35 - [MESSAGE][PASSED] - Keys 'monicaqa@zycus.com' sent to object: 'Object Repository/LoginPage/UserID'

2018-07-02 22:16:35 - [TEST_STEP][PASSED] - sendKeys: Keys 'eProc@123' sent to object: 'Object Repository/LoginPage/Password'

2018-07-02 22:16:35 - [MESSAGE][PASSED] - Keys 'eProc@123' sent to object: 'Object Repository/LoginPage/Password'

2018-07-02 22:16:35 - [TEST_STEP][PASSED] - click: Object: 'Object Repository/LoginPage/LoginButton' is clicked on

2018-07-02 22:16:40 - [MESSAGE][PASSED] - Object: 'Object Repository/LoginPage/LoginButton' is clicked on

2018-07-02 22:16:40 - [MESSAGE][PASSED] - Call Test Case 'Test Cases/CommonLibraries/Login' successfully

2018-07-02 22:16:40 - [TEST_STEP][PASSED] - waitForElementPresent: Object 'Object Repository/OnlineStorePage/Search Box' is present

2018-07-02 22:17:00 - [MESSAGE][PASSED] - Object 'Object Repository/OnlineStorePage/Search Box' is present

2018-07-02 22:17:00 - [TEST_STEP][PASSED] - waitForPageLoad: Wait for page load successfully

2018-07-02 22:17:00 - [MESSAGE][PASSED] - Wait for page load successfully

2018-07-02 22:17:00 - [TEST_STEP][PASSED] - sendKeys: Keys 'Item' sent to object: 'Object Repository/OnlineStorePage/Search Box'

2018-07-02 22:17:00 - [MESSAGE][PASSED] - Keys 'Item' sent to object: 'Object Repository/OnlineStorePage/Search Box'

2018-07-02 22:17:00 - [TEST_STEP][PASSED] - click: Object: 'Object Repository/OnlineStorePage/Search Icon' is clicked on

2018-07-02 22:17:01 - [MESSAGE][PASSED] - Object: 'Object Repository/OnlineStorePage/Search Icon' is clicked on

2018-07-02 22:17:01 - [MESSAGE][PASSED] - Call Test Case 'Test Cases/CommonLibraries/Search By Item' successfully

2018-07-02 22:17:01 - [TEST_STEP][PASSED] - delay: Delayed 6 second(s)

2018-07-02 22:17:07 - [MESSAGE][PASSED] - Delayed 6 second(s)

2018-07-02 22:17:07 - [TEST_STEP][PASSED] - takeScreenshot: Taking screenshot successfully

2018-07-02 22:17:07 - [MESSAGE][PASSED] - Taking screenshot successfully
[[ATTACHMENT|C:\\Screenshot/DefaultView.png]]]]></system-out>
         <system-err><![CDATA[]]></system-err>
      </testcase>
      <testcase name="Test Cases/DDS-277/DDS-4240 User should be able to flip the view of the search results to grid view from list view" classname="Test Cases/DDS-277/DDS-4240 User should be able to flip the view of the search results to grid view from list view" status="PASSED">
         <system-out><![CDATA[2018-07-02 22:17:07 - [TEST_CASE][PASSED] - Test Cases/DDS-277/DDS-4240 User should be able to flip the view of the search results to grid view from list view: Test Cases/DDS-277/DDS-4240 User should be able to flip the view of the search results to grid view from list view

2018-07-02 22:17:07 - [TEST_STEP][PASSED] - callTestCase: Call Test Case 'Test Cases/CommonLibraries/Search By Item' successfully

2018-07-02 22:17:07 - [TEST_CASE][PASSED] - Test Cases/CommonLibraries/Search By Item: Test Cases/CommonLibraries/Search By Item

2018-07-02 22:17:07 - [TEST_STEP][PASSED] - callTestCase: Call Test Case 'Test Cases/CommonLibraries/Login' successfully

2018-07-02 22:17:07 - [TEST_CASE][PASSED] - Test Cases/CommonLibraries/Login: Test Cases/CommonLibraries/Login

2018-07-02 22:17:07 - [TEST_STEP][PASSED] - openBrowser: Browser is opened with url: 'https://smtlogin.zycus.net/sso/login?serviceName=http://eproc-qa.zycus.net/'

2018-07-02 22:17:07 - [MESSAGE][WARNING] - A browser is already opened. Closing browser and opening a new one

2018-07-02 22:17:15 - [MESSAGE][PASSED] - Browser is opened with url: 'https://smtlogin.zycus.net/sso/login?serviceName=http://eproc-qa.zycus.net/'

2018-07-02 22:17:15 - [TEST_STEP][PASSED] - maximizeWindow: Current window maximized

2018-07-02 22:17:17 - [MESSAGE][PASSED] - Current window maximized

2018-07-02 22:17:17 - [TEST_STEP][PASSED] - waitForElementVisible: Object 'Object Repository/LoginPage/UserID' is visible

2018-07-02 22:17:17 - [MESSAGE][PASSED] - Object 'Object Repository/LoginPage/UserID' is visible

2018-07-02 22:17:17 - [TEST_STEP][PASSED] - sendKeys: Keys 'monicaqa@zycus.com' sent to object: 'Object Repository/LoginPage/UserID'

2018-07-02 22:17:17 - [MESSAGE][PASSED] - Keys 'monicaqa@zycus.com' sent to object: 'Object Repository/LoginPage/UserID'

2018-07-02 22:17:17 - [TEST_STEP][PASSED] - sendKeys: Keys 'eProc@123' sent to object: 'Object Repository/LoginPage/Password'

2018-07-02 22:17:18 - [MESSAGE][PASSED] - Keys 'eProc@123' sent to object: 'Object Repository/LoginPage/Password'

2018-07-02 22:17:18 - [TEST_STEP][PASSED] - click: Object: 'Object Repository/LoginPage/LoginButton' is clicked on

2018-07-02 22:17:22 - [MESSAGE][PASSED] - Object: 'Object Repository/LoginPage/LoginButton' is clicked on

2018-07-02 22:17:22 - [MESSAGE][PASSED] - Call Test Case 'Test Cases/CommonLibraries/Login' successfully

2018-07-02 22:17:22 - [TEST_STEP][PASSED] - waitForElementPresent: Object 'Object Repository/OnlineStorePage/Search Box' is present

2018-07-02 22:17:44 - [MESSAGE][PASSED] - Object 'Object Repository/OnlineStorePage/Search Box' is present

2018-07-02 22:17:44 - [TEST_STEP][PASSED] - waitForPageLoad: Wait for page load successfully

2018-07-02 22:17:44 - [MESSAGE][PASSED] - Wait for page load successfully

2018-07-02 22:17:44 - [TEST_STEP][PASSED] - sendKeys: Keys 'Item' sent to object: 'Object Repository/OnlineStorePage/Search Box'

2018-07-02 22:17:44 - [MESSAGE][PASSED] - Keys 'Item' sent to object: 'Object Repository/OnlineStorePage/Search Box'

2018-07-02 22:17:44 - [TEST_STEP][PASSED] - click: Object: 'Object Repository/OnlineStorePage/Search Icon' is clicked on

2018-07-02 22:17:44 - [MESSAGE][PASSED] - Object: 'Object Repository/OnlineStorePage/Search Icon' is clicked on

2018-07-02 22:17:44 - [MESSAGE][PASSED] - Call Test Case 'Test Cases/CommonLibraries/Search By Item' successfully

2018-07-02 22:17:44 - [TEST_STEP][PASSED] - waitForPageLoad: Wait for page load successfully

2018-07-02 22:17:44 - [MESSAGE][PASSED] - Wait for page load successfully

2018-07-02 22:17:44 - [TEST_STEP][PASSED] - click: Object: 'Object Repository/SearchResultPage/ListViewButton' is clicked on

2018-07-02 22:17:45 - [MESSAGE][PASSED] - Object: 'Object Repository/SearchResultPage/ListViewButton' is clicked on

2018-07-02 22:17:45 - [TEST_STEP][PASSED] - delay: Delayed 10 second(s)

2018-07-02 22:17:55 - [MESSAGE][PASSED] - Delayed 10 second(s)

2018-07-02 22:17:55 - [TEST_STEP][PASSED] - takeScreenshot: Taking screenshot successfully

2018-07-02 22:17:55 - [MESSAGE][PASSED] - Taking screenshot successfully
[[ATTACHMENT|C:\\Screenshot/ListView.png]]

2018-07-02 22:17:55 - [TEST_STEP][PASSED] - click: Object: 'Object Repository/SearchResultPage/GridViewButton' is clicked on

2018-07-02 22:17:55 - [MESSAGE][PASSED] - Object: 'Object Repository/SearchResultPage/GridViewButton' is clicked on

2018-07-02 22:17:55 - [TEST_STEP][PASSED] - delay: Delayed 10 second(s)

2018-07-02 22:18:05 - [MESSAGE][PASSED] - Delayed 10 second(s)

2018-07-02 22:18:05 - [TEST_STEP][PASSED] - takeScreenshot: Taking screenshot successfully

2018-07-02 22:18:05 - [MESSAGE][PASSED] - Taking screenshot successfully
[[ATTACHMENT|C:\\Screenshot/GridView.png]]

2018-07-02 22:18:05 - [TEST_STEP][PASSED] - closeBrowser: Browser is closed

2018-07-02 22:18:06 - [MESSAGE][PASSED] - Browser is closed]]></system-out>
         <system-err><![CDATA[]]></system-err>
      </testcase>
      <testcase name="Test Cases/DDS-277/DDS-4241 User should be able to flip the view of the search results to list view from grid view" classname="Test Cases/DDS-277/DDS-4241 User should be able to flip the view of the search results to list view from grid view" status="FAILED">
         <failure type="FAILED" message="Verify element text of test object 'Object Repository/SearchResultPage/SearchItemTab/CatalogItems/Catalog Item List Verification/Item3 For 3 Row' FAILED. (Root cause: com.kms.katalon.core.webui.exception.WebElementNotFoundException: Web element with id: 'Object Repository/SearchResultPage/SearchItemTab/CatalogItems/Catalog Item List Verification/Item3 For 3 Row' located by 'By.xpath: //dew-flex-item[3]//span[normalize-space(text()) = 'Item3']' not found)"/>
         <system-out><![CDATA[2018-07-02 22:18:06 - [TEST_CASE][FAILED] - Test Cases/DDS-277/DDS-4241 User should be able to flip the view of the search results to list view from grid view: Test Cases/DDS-277/DDS-4241 User should be able to flip the view of the search results to list view from grid view FAILED because (of) Verify element text of test object 'Object Repository/SearchResultPage/SearchItemTab/CatalogItems/Catalog Item List Verification/Item3 For 3 Row' FAILED. (Root cause: com.kms.katalon.core.webui.exception.WebElementNotFoundException: Web element with id: 'Object Repository/SearchResultPage/SearchItemTab/CatalogItems/Catalog Item List Verification/Item3 For 3 Row' located by 'By.xpath: //dew-flex-item[3]//span[normalize-space(text()) = 'Item3']' not found)

2018-07-02 22:18:06 - [TEST_STEP][PASSED] - callTestCase: Call Test Case 'Test Cases/CommonLibraries/Search By Item' successfully

2018-07-02 22:18:06 - [TEST_CASE][PASSED] - Test Cases/CommonLibraries/Search By Item: Test Cases/CommonLibraries/Search By Item

2018-07-02 22:18:06 - [TEST_STEP][PASSED] - callTestCase: Call Test Case 'Test Cases/CommonLibraries/Login' successfully

2018-07-02 22:18:06 - [TEST_CASE][PASSED] - Test Cases/CommonLibraries/Login: Test Cases/CommonLibraries/Login

2018-07-02 22:18:06 - [TEST_STEP][PASSED] - openBrowser: Browser is opened with url: 'https://smtlogin.zycus.net/sso/login?serviceName=http://eproc-qa.zycus.net/'

2018-07-02 22:18:14 - [MESSAGE][PASSED] - Browser is opened with url: 'https://smtlogin.zycus.net/sso/login?serviceName=http://eproc-qa.zycus.net/'

2018-07-02 22:18:14 - [TEST_STEP][PASSED] - maximizeWindow: Current window maximized

2018-07-02 22:18:16 - [MESSAGE][PASSED] - Current window maximized

2018-07-02 22:18:16 - [TEST_STEP][PASSED] - waitForElementVisible: Object 'Object Repository/LoginPage/UserID' is visible

2018-07-02 22:18:16 - [MESSAGE][PASSED] - Object 'Object Repository/LoginPage/UserID' is visible

2018-07-02 22:18:16 - [TEST_STEP][PASSED] - sendKeys: Keys 'monicaqa@zycus.com' sent to object: 'Object Repository/LoginPage/UserID'

2018-07-02 22:18:16 - [MESSAGE][PASSED] - Keys 'monicaqa@zycus.com' sent to object: 'Object Repository/LoginPage/UserID'

2018-07-02 22:18:16 - [TEST_STEP][PASSED] - sendKeys: Keys 'eProc@123' sent to object: 'Object Repository/LoginPage/Password'

2018-07-02 22:18:16 - [MESSAGE][PASSED] - Keys 'eProc@123' sent to object: 'Object Repository/LoginPage/Password'

2018-07-02 22:18:16 - [TEST_STEP][PASSED] - click: Object: 'Object Repository/LoginPage/LoginButton' is clicked on

2018-07-02 22:18:21 - [MESSAGE][PASSED] - Object: 'Object Repository/LoginPage/LoginButton' is clicked on

2018-07-02 22:18:21 - [MESSAGE][PASSED] - Call Test Case 'Test Cases/CommonLibraries/Login' successfully

2018-07-02 22:18:21 - [TEST_STEP][PASSED] - waitForElementPresent: Object 'Object Repository/OnlineStorePage/Search Box' is present

2018-07-02 22:18:42 - [MESSAGE][PASSED] - Object 'Object Repository/OnlineStorePage/Search Box' is present

2018-07-02 22:18:42 - [TEST_STEP][PASSED] - waitForPageLoad: Wait for page load successfully

2018-07-02 22:18:42 - [MESSAGE][PASSED] - Wait for page load successfully

2018-07-02 22:18:42 - [TEST_STEP][PASSED] - sendKeys: Keys 'Item' sent to object: 'Object Repository/OnlineStorePage/Search Box'

2018-07-02 22:18:42 - [MESSAGE][PASSED] - Keys 'Item' sent to object: 'Object Repository/OnlineStorePage/Search Box'

2018-07-02 22:18:42 - [TEST_STEP][PASSED] - click: Object: 'Object Repository/OnlineStorePage/Search Icon' is clicked on

2018-07-02 22:18:43 - [MESSAGE][PASSED] - Object: 'Object Repository/OnlineStorePage/Search Icon' is clicked on

2018-07-02 22:18:43 - [MESSAGE][PASSED] - Call Test Case 'Test Cases/CommonLibraries/Search By Item' successfully

2018-07-02 22:18:43 - [TEST_STEP][PASSED] - waitForPageLoad: Wait for page load successfully

2018-07-02 22:18:43 - [MESSAGE][PASSED] - Wait for page load successfully

2018-07-02 22:18:43 - [TEST_STEP][PASSED] - click: Object: 'Object Repository/SearchResultPage/ListViewButton' is clicked on

2018-07-02 22:18:43 - [MESSAGE][PASSED] - Object: 'Object Repository/SearchResultPage/ListViewButton' is clicked on

2018-07-02 22:18:43 - [TEST_STEP][PASSED] - waitForElementVisible: Web element with id: 'Object Repository/SearchResultPage/SearchItemTab/CatalogItems/Catalog Item List Verification/Item3 For 3 Row' located by 'By.xpath: //dew-flex-item[3]//span[normalize-space(text()) = 'Item3']' not found

2018-07-02 22:19:04 - [MESSAGE][WARNING] - Web element with id: 'Object Repository/SearchResultPage/SearchItemTab/CatalogItems/Catalog Item List Verification/Item3 For 3 Row' located by 'By.xpath: //dew-flex-item[3]//span[normalize-space(text()) = 'Item3']' not found

2018-07-02 22:19:04 - [TEST_STEP][FAILED] - verifyElementText: Verify element text of test object 'Object Repository/SearchResultPage/SearchItemTab/CatalogItems/Catalog Item List Verification/Item3 For 3 Row' FAILED. (Root cause: com.kms.katalon.core.webui.exception.WebElementNotFoundException: Web element with id: 'Object Repository/SearchResultPage/SearchItemTab/CatalogItems/Catalog Item List Verification/Item3 For 3 Row' located by 'By.xpath: //dew-flex-item[3]//span[normalize-space(text()) = 'Item3']' not found)

2018-07-02 22:19:36 - [MESSAGE][FAILED] - com.kms.katalon.core.webui.exception.WebElementNotFoundException: Web element with id: 'Object Repository/SearchResultPage/SearchItemTab/CatalogItems/Catalog Item List Verification/Item3 For 3 Row' located by 'By.xpath: //dew-flex-item[3]//span[normalize-space(text()) = 'Item3']' not found
[[ATTACHMENT|C:\\Users\\vikas.kiroula\\git\\eProc\\Reports\\Run\\20180702_203015\\1530550176012.png]]

2018-07-02 22:19:36 - [MESSAGE][FAILED] - Verify element text of test object 'Object Repository/SearchResultPage/SearchItemTab/CatalogItems/Catalog Item List Verification/Item3 For 3 Row' FAILED. (Root cause: com.kms.katalon.core.webui.exception.WebElementNotFoundException: Web element with id: 'Object Repository/SearchResultPage/SearchItemTab/CatalogItems/Catalog Item List Verification/Item3 For 3 Row' located by 'By.xpath: //dew-flex-item[3]//span[normalize-space(text()) = 'Item3']' not found)
[[ATTACHMENT|C:\\Users\\vikas.kiroula\\git\\eProc\\Reports\\Run\\20180702_203015\\1530550176360.png]]]]></system-out>
         <system-err><![CDATA[2018-07-02 22:18:06 - [TEST_CASE][FAILED] - Test Cases/DDS-277/DDS-4241 User should be able to flip the view of the search results to list view from grid view: Test Cases/DDS-277/DDS-4241 User should be able to flip the view of the search results to list view from grid view FAILED because (of) Verify element text of test object 'Object Repository/SearchResultPage/SearchItemTab/CatalogItems/Catalog Item List Verification/Item3 For 3 Row' FAILED. (Root cause: com.kms.katalon.core.webui.exception.WebElementNotFoundException: Web element with id: 'Object Repository/SearchResultPage/SearchItemTab/CatalogItems/Catalog Item List Verification/Item3 For 3 Row' located by 'By.xpath: //dew-flex-item[3]//span[normalize-space(text()) = 'Item3']' not found)]]></system-err>
      </testcase>
      <testcase name="Test Cases/DDS-277/DDS-4242 In Grid view Catalog item should be displayed in grid format" classname="Test Cases/DDS-277/DDS-4242 In Grid view Catalog item should be displayed in grid format" status="FAILED">
         <failure type="FAILED" message="Verify element text of test object 'Object Repository/SearchResultPage/SearchItemTab/CatalogItems/Catalog Item List Verification/Item3 For 3 Row' FAILED. (Root cause: com.kms.katalon.core.webui.exception.WebElementNotFoundException: Web element with id: 'Object Repository/SearchResultPage/SearchItemTab/CatalogItems/Catalog Item List Verification/Item3 For 3 Row' located by 'By.xpath: //dew-flex-item[3]//span[normalize-space(text()) = 'Item3']' not found)"/>
         <system-out><![CDATA[2018-07-02 22:19:36 - [TEST_CASE][FAILED] - Test Cases/DDS-277/DDS-4242 In Grid view Catalog item should be displayed in grid format: Test Cases/DDS-277/DDS-4242 In Grid view Catalog item should be displayed in grid format FAILED because (of) Verify element text of test object 'Object Repository/SearchResultPage/SearchItemTab/CatalogItems/Catalog Item List Verification/Item3 For 3 Row' FAILED. (Root cause: com.kms.katalon.core.webui.exception.WebElementNotFoundException: Web element with id: 'Object Repository/SearchResultPage/SearchItemTab/CatalogItems/Catalog Item List Verification/Item3 For 3 Row' located by 'By.xpath: //dew-flex-item[3]//span[normalize-space(text()) = 'Item3']' not found)

2018-07-02 22:19:36 - [TEST_STEP][PASSED] - callTestCase: Call Test Case 'Test Cases/CommonLibraries/Search By Item' successfully

2018-07-02 22:19:36 - [TEST_CASE][PASSED] - Test Cases/CommonLibraries/Search By Item: Test Cases/CommonLibraries/Search By Item

2018-07-02 22:19:36 - [TEST_STEP][PASSED] - callTestCase: Call Test Case 'Test Cases/CommonLibraries/Login' successfully

2018-07-02 22:19:36 - [TEST_CASE][PASSED] - Test Cases/CommonLibraries/Login: Test Cases/CommonLibraries/Login

2018-07-02 22:19:36 - [TEST_STEP][PASSED] - openBrowser: Browser is opened with url: 'https://smtlogin.zycus.net/sso/login?serviceName=http://eproc-qa.zycus.net/'

2018-07-02 22:19:36 - [MESSAGE][WARNING] - A browser is already opened. Closing browser and opening a new one

2018-07-02 22:19:44 - [MESSAGE][PASSED] - Browser is opened with url: 'https://smtlogin.zycus.net/sso/login?serviceName=http://eproc-qa.zycus.net/'

2018-07-02 22:19:44 - [TEST_STEP][PASSED] - maximizeWindow: Current window maximized

2018-07-02 22:19:46 - [MESSAGE][PASSED] - Current window maximized

2018-07-02 22:19:46 - [TEST_STEP][PASSED] - waitForElementVisible: Object 'Object Repository/LoginPage/UserID' is visible

2018-07-02 22:19:46 - [MESSAGE][PASSED] - Object 'Object Repository/LoginPage/UserID' is visible

2018-07-02 22:19:46 - [TEST_STEP][PASSED] - sendKeys: Keys 'monicaqa@zycus.com' sent to object: 'Object Repository/LoginPage/UserID'

2018-07-02 22:19:47 - [MESSAGE][PASSED] - Keys 'monicaqa@zycus.com' sent to object: 'Object Repository/LoginPage/UserID'

2018-07-02 22:19:47 - [TEST_STEP][PASSED] - sendKeys: Keys 'eProc@123' sent to object: 'Object Repository/LoginPage/Password'

2018-07-02 22:19:47 - [MESSAGE][PASSED] - Keys 'eProc@123' sent to object: 'Object Repository/LoginPage/Password'

2018-07-02 22:19:47 - [TEST_STEP][PASSED] - click: Object: 'Object Repository/LoginPage/LoginButton' is clicked on

2018-07-02 22:19:50 - [MESSAGE][PASSED] - Object: 'Object Repository/LoginPage/LoginButton' is clicked on

2018-07-02 22:19:50 - [MESSAGE][PASSED] - Call Test Case 'Test Cases/CommonLibraries/Login' successfully

2018-07-02 22:19:50 - [TEST_STEP][PASSED] - waitForElementPresent: Object 'Object Repository/OnlineStorePage/Search Box' is present

2018-07-02 22:20:12 - [MESSAGE][PASSED] - Object 'Object Repository/OnlineStorePage/Search Box' is present

2018-07-02 22:20:12 - [TEST_STEP][PASSED] - waitForPageLoad: Wait for page load successfully

2018-07-02 22:20:12 - [MESSAGE][PASSED] - Wait for page load successfully

2018-07-02 22:20:12 - [TEST_STEP][PASSED] - sendKeys: Keys 'Item' sent to object: 'Object Repository/OnlineStorePage/Search Box'

2018-07-02 22:20:12 - [MESSAGE][PASSED] - Keys 'Item' sent to object: 'Object Repository/OnlineStorePage/Search Box'

2018-07-02 22:20:12 - [TEST_STEP][PASSED] - click: Object: 'Object Repository/OnlineStorePage/Search Icon' is clicked on

2018-07-02 22:20:13 - [MESSAGE][PASSED] - Object: 'Object Repository/OnlineStorePage/Search Icon' is clicked on

2018-07-02 22:20:13 - [MESSAGE][PASSED] - Call Test Case 'Test Cases/CommonLibraries/Search By Item' successfully

2018-07-02 22:20:13 - [TEST_STEP][PASSED] - waitForPageLoad: Wait for page load successfully

2018-07-02 22:20:13 - [MESSAGE][PASSED] - Wait for page load successfully

2018-07-02 22:20:13 - [TEST_STEP][PASSED] - click: Object: 'Object Repository/SearchResultPage/ListViewButton' is clicked on

2018-07-02 22:20:13 - [MESSAGE][PASSED] - Object: 'Object Repository/SearchResultPage/ListViewButton' is clicked on

2018-07-02 22:20:13 - [TEST_STEP][PASSED] - waitForElementVisible: Web element with id: 'Object Repository/SearchResultPage/SearchItemTab/CatalogItems/Catalog Item List Verification/ITEM1 For 1 row' located by 'By.xpath: //dew-flex-item[1]//span[text()='ITEM1']' not found

2018-07-02 22:20:34 - [MESSAGE][WARNING] - Web element with id: 'Object Repository/SearchResultPage/SearchItemTab/CatalogItems/Catalog Item List Verification/ITEM1 For 1 row' located by 'By.xpath: //dew-flex-item[1]//span[text()='ITEM1']' not found

2018-07-02 22:20:34 - [TEST_STEP][FAILED] - verifyElementText: Verify element text of test object 'Object Repository/SearchResultPage/SearchItemTab/CatalogItems/Catalog Item List Verification/Item3 For 3 Row' FAILED. (Root cause: com.kms.katalon.core.webui.exception.WebElementNotFoundException: Web element with id: 'Object Repository/SearchResultPage/SearchItemTab/CatalogItems/Catalog Item List Verification/Item3 For 3 Row' located by 'By.xpath: //dew-flex-item[3]//span[normalize-space(text()) = 'Item3']' not found)

2018-07-02 22:21:06 - [MESSAGE][FAILED] - com.kms.katalon.core.webui.exception.WebElementNotFoundException: Web element with id: 'Object Repository/SearchResultPage/SearchItemTab/CatalogItems/Catalog Item List Verification/Item3 For 3 Row' located by 'By.xpath: //dew-flex-item[3]//span[normalize-space(text()) = 'Item3']' not found
[[ATTACHMENT|C:\\Users\\vikas.kiroula\\git\\eProc\\Reports\\Run\\20180702_203015\\1530550266394.png]]

2018-07-02 22:21:07 - [MESSAGE][FAILED] - Verify element text of test object 'Object Repository/SearchResultPage/SearchItemTab/CatalogItems/Catalog Item List Verification/Item3 For 3 Row' FAILED. (Root cause: com.kms.katalon.core.webui.exception.WebElementNotFoundException: Web element with id: 'Object Repository/SearchResultPage/SearchItemTab/CatalogItems/Catalog Item List Verification/Item3 For 3 Row' located by 'By.xpath: //dew-flex-item[3]//span[normalize-space(text()) = 'Item3']' not found)
[[ATTACHMENT|C:\\Users\\vikas.kiroula\\git\\eProc\\Reports\\Run\\20180702_203015\\1530550266722.png]]]]></system-out>
         <system-err><![CDATA[2018-07-02 22:19:36 - [TEST_CASE][FAILED] - Test Cases/DDS-277/DDS-4242 In Grid view Catalog item should be displayed in grid format: Test Cases/DDS-277/DDS-4242 In Grid view Catalog item should be displayed in grid format FAILED because (of) Verify element text of test object 'Object Repository/SearchResultPage/SearchItemTab/CatalogItems/Catalog Item List Verification/Item3 For 3 Row' FAILED. (Root cause: com.kms.katalon.core.webui.exception.WebElementNotFoundException: Web element with id: 'Object Repository/SearchResultPage/SearchItemTab/CatalogItems/Catalog Item List Verification/Item3 For 3 Row' located by 'By.xpath: //dew-flex-item[3]//span[normalize-space(text()) = 'Item3']' not found)]]></system-err>
      </testcase>
      <testcase name="Test Cases/DDS-277/DDS-4243 In Grid view User should be able to add catalog items into cart" classname="Test Cases/DDS-277/DDS-4243 In Grid view User should be able to add catalog items into cart" status="FAILED">
         <failure type="FAILED" message="Unable to click on object 'Object Repository/SearchResultPage/SearchItemTab/CatalogItems/Grid view/Check Box 2 Item' (Root cause: com.kms.katalon.core.webui.exception.WebElementNotFoundException: Web element with id: 'Object Repository/SearchResultPage/SearchItemTab/CatalogItems/Grid view/Check Box 2 Item' located by 'By.xpath: //dew-flex-item[2]/eproc-product-card/dew-card/dew-card-img/div/dew-checkbox' not found)"/>
         <system-out><![CDATA[2018-07-02 22:21:07 - [TEST_CASE][FAILED] - Test Cases/DDS-277/DDS-4243 In Grid view User should be able to add catalog items into cart: Test Cases/DDS-277/DDS-4243 In Grid view User should be able to add catalog items into cart FAILED because (of) Unable to click on object 'Object Repository/SearchResultPage/SearchItemTab/CatalogItems/Grid view/Check Box 2 Item' (Root cause: com.kms.katalon.core.webui.exception.WebElementNotFoundException: Web element with id: 'Object Repository/SearchResultPage/SearchItemTab/CatalogItems/Grid view/Check Box 2 Item' located by 'By.xpath: //dew-flex-item[2]/eproc-product-card/dew-card/dew-card-img/div/dew-checkbox' not found)

2018-07-02 22:21:07 - [TEST_STEP][PASSED] - callTestCase: Call Test Case 'Test Cases/CommonLibraries/Search By Item' successfully

2018-07-02 22:21:07 - [TEST_CASE][PASSED] - Test Cases/CommonLibraries/Search By Item: Test Cases/CommonLibraries/Search By Item

2018-07-02 22:21:07 - [TEST_STEP][PASSED] - callTestCase: Call Test Case 'Test Cases/CommonLibraries/Login' successfully

2018-07-02 22:21:07 - [TEST_CASE][PASSED] - Test Cases/CommonLibraries/Login: Test Cases/CommonLibraries/Login

2018-07-02 22:21:07 - [TEST_STEP][PASSED] - openBrowser: Browser is opened with url: 'https://smtlogin.zycus.net/sso/login?serviceName=http://eproc-qa.zycus.net/'

2018-07-02 22:21:07 - [MESSAGE][WARNING] - A browser is already opened. Closing browser and opening a new one

2018-07-02 22:21:16 - [MESSAGE][PASSED] - Browser is opened with url: 'https://smtlogin.zycus.net/sso/login?serviceName=http://eproc-qa.zycus.net/'

2018-07-02 22:21:16 - [TEST_STEP][PASSED] - maximizeWindow: Current window maximized

2018-07-02 22:21:18 - [MESSAGE][PASSED] - Current window maximized

2018-07-02 22:21:18 - [TEST_STEP][PASSED] - waitForElementVisible: Object 'Object Repository/LoginPage/UserID' is visible

2018-07-02 22:21:18 - [MESSAGE][PASSED] - Object 'Object Repository/LoginPage/UserID' is visible

2018-07-02 22:21:18 - [TEST_STEP][PASSED] - sendKeys: Keys 'monicaqa@zycus.com' sent to object: 'Object Repository/LoginPage/UserID'

2018-07-02 22:21:18 - [MESSAGE][PASSED] - Keys 'monicaqa@zycus.com' sent to object: 'Object Repository/LoginPage/UserID'

2018-07-02 22:21:18 - [TEST_STEP][PASSED] - sendKeys: Keys 'eProc@123' sent to object: 'Object Repository/LoginPage/Password'

2018-07-02 22:21:18 - [MESSAGE][PASSED] - Keys 'eProc@123' sent to object: 'Object Repository/LoginPage/Password'

2018-07-02 22:21:18 - [TEST_STEP][PASSED] - click: Object: 'Object Repository/LoginPage/LoginButton' is clicked on

2018-07-02 22:21:22 - [MESSAGE][PASSED] - Object: 'Object Repository/LoginPage/LoginButton' is clicked on

2018-07-02 22:21:22 - [MESSAGE][PASSED] - Call Test Case 'Test Cases/CommonLibraries/Login' successfully

2018-07-02 22:21:22 - [TEST_STEP][PASSED] - waitForElementPresent: Object 'Object Repository/OnlineStorePage/Search Box' is present

2018-07-02 22:21:45 - [MESSAGE][PASSED] - Object 'Object Repository/OnlineStorePage/Search Box' is present

2018-07-02 22:21:45 - [TEST_STEP][PASSED] - waitForPageLoad: Wait for page load successfully

2018-07-02 22:21:45 - [MESSAGE][PASSED] - Wait for page load successfully

2018-07-02 22:21:45 - [TEST_STEP][PASSED] - sendKeys: Keys 'Item' sent to object: 'Object Repository/OnlineStorePage/Search Box'

2018-07-02 22:21:45 - [MESSAGE][PASSED] - Keys 'Item' sent to object: 'Object Repository/OnlineStorePage/Search Box'

2018-07-02 22:21:45 - [TEST_STEP][PASSED] - click: Object: 'Object Repository/OnlineStorePage/Search Icon' is clicked on

2018-07-02 22:21:45 - [MESSAGE][PASSED] - Object: 'Object Repository/OnlineStorePage/Search Icon' is clicked on

2018-07-02 22:21:45 - [MESSAGE][PASSED] - Call Test Case 'Test Cases/CommonLibraries/Search By Item' successfully

2018-07-02 22:21:45 - [TEST_STEP][PASSED] - waitForPageLoad: Wait for page load successfully

2018-07-02 22:21:45 - [MESSAGE][PASSED] - Wait for page load successfully

2018-07-02 22:21:45 - [TEST_STEP][PASSED] - click: Object: 'Object Repository/SearchResultPage/GridViewButton' is clicked on

2018-07-02 22:21:45 - [MESSAGE][PASSED] - Object: 'Object Repository/SearchResultPage/GridViewButton' is clicked on

2018-07-02 22:21:45 - [TEST_STEP][PASSED] - delay: Delayed 8 second(s)

2018-07-02 22:21:53 - [MESSAGE][PASSED] - Delayed 8 second(s)

2018-07-02 22:21:53 - [TEST_STEP][PASSED] - waitForElementVisible: Web element with id: 'Object Repository/SearchResultPage/SearchItemTab/CatalogItems/Grid view/Check Box 2 Item' located by 'By.xpath: //dew-flex-item[2]/eproc-product-card/dew-card/dew-card-img/div/dew-checkbox' not found

2018-07-02 22:22:47 - [MESSAGE][WARNING] - Web element with id: 'Object Repository/SearchResultPage/SearchItemTab/CatalogItems/Grid view/Check Box 2 Item' located by 'By.xpath: //dew-flex-item[2]/eproc-product-card/dew-card/dew-card-img/div/dew-checkbox' not found

2018-07-02 22:22:47 - [TEST_STEP][FAILED] - click: Unable to click on object 'Object Repository/SearchResultPage/SearchItemTab/CatalogItems/Grid view/Check Box 2 Item' (Root cause: com.kms.katalon.core.webui.exception.WebElementNotFoundException: Web element with id: 'Object Repository/SearchResultPage/SearchItemTab/CatalogItems/Grid view/Check Box 2 Item' located by 'By.xpath: //dew-flex-item[2]/eproc-product-card/dew-card/dew-card-img/div/dew-checkbox' not found)

2018-07-02 22:23:19 - [MESSAGE][FAILED] - Unable to click on object 'Object Repository/SearchResultPage/SearchItemTab/CatalogItems/Grid view/Check Box 2 Item' (Root cause: com.kms.katalon.core.webui.exception.WebElementNotFoundException: Web element with id: 'Object Repository/SearchResultPage/SearchItemTab/CatalogItems/Grid view/Check Box 2 Item' located by 'By.xpath: //dew-flex-item[2]/eproc-product-card/dew-card/dew-card-img/div/dew-checkbox' not found)
[[ATTACHMENT|C:\\Users\\vikas.kiroula\\git\\eProc\\Reports\\Run\\20180702_203015\\1530550398718.png]]]]></system-out>
         <system-err><![CDATA[2018-07-02 22:21:07 - [TEST_CASE][FAILED] - Test Cases/DDS-277/DDS-4243 In Grid view User should be able to add catalog items into cart: Test Cases/DDS-277/DDS-4243 In Grid view User should be able to add catalog items into cart FAILED because (of) Unable to click on object 'Object Repository/SearchResultPage/SearchItemTab/CatalogItems/Grid view/Check Box 2 Item' (Root cause: com.kms.katalon.core.webui.exception.WebElementNotFoundException: Web element with id: 'Object Repository/SearchResultPage/SearchItemTab/CatalogItems/Grid view/Check Box 2 Item' located by 'By.xpath: //dew-flex-item[2]/eproc-product-card/dew-card/dew-card-img/div/dew-checkbox' not found)]]></system-err>
      </testcase>
      <testcase name="Test Cases/DDS-277/DDS-4244 In Grid view User should be able to select multiple catalog items and add it to cart" classname="Test Cases/DDS-277/DDS-4244 In Grid view User should be able to select multiple catalog items and add it to cart" status="FAILED">
         <failure type="FAILED" message="Unable to click on object 'Object Repository/SearchResultPage/SearchItemTab/CatalogItems/Grid view/Check Box 2 Item' (Root cause: com.kms.katalon.core.webui.exception.WebElementNotFoundException: Web element with id: 'Object Repository/SearchResultPage/SearchItemTab/CatalogItems/Grid view/Check Box 2 Item' located by 'By.xpath: //dew-flex-item[2]/eproc-product-card/dew-card/dew-card-img/div/dew-checkbox' not found)"/>
         <system-out><![CDATA[2018-07-02 22:23:19 - [TEST_CASE][FAILED] - Test Cases/DDS-277/DDS-4244 In Grid view User should be able to select multiple catalog items and add it to cart: Test Cases/DDS-277/DDS-4244 In Grid view User should be able to select multiple catalog items and add it to cart FAILED because (of) Unable to click on object 'Object Repository/SearchResultPage/SearchItemTab/CatalogItems/Grid view/Check Box 2 Item' (Root cause: com.kms.katalon.core.webui.exception.WebElementNotFoundException: Web element with id: 'Object Repository/SearchResultPage/SearchItemTab/CatalogItems/Grid view/Check Box 2 Item' located by 'By.xpath: //dew-flex-item[2]/eproc-product-card/dew-card/dew-card-img/div/dew-checkbox' not found)

2018-07-02 22:23:19 - [TEST_STEP][PASSED] - callTestCase: Call Test Case 'Test Cases/CommonLibraries/Search By Item' successfully

2018-07-02 22:23:19 - [TEST_CASE][PASSED] - Test Cases/CommonLibraries/Search By Item: Test Cases/CommonLibraries/Search By Item

2018-07-02 22:23:19 - [TEST_STEP][PASSED] - callTestCase: Call Test Case 'Test Cases/CommonLibraries/Login' successfully

2018-07-02 22:23:19 - [TEST_CASE][PASSED] - Test Cases/CommonLibraries/Login: Test Cases/CommonLibraries/Login

2018-07-02 22:23:19 - [TEST_STEP][PASSED] - openBrowser: Browser is opened with url: 'https://smtlogin.zycus.net/sso/login?serviceName=http://eproc-qa.zycus.net/'

2018-07-02 22:23:19 - [MESSAGE][WARNING] - A browser is already opened. Closing browser and opening a new one

2018-07-02 22:23:27 - [MESSAGE][PASSED] - Browser is opened with url: 'https://smtlogin.zycus.net/sso/login?serviceName=http://eproc-qa.zycus.net/'

2018-07-02 22:23:27 - [TEST_STEP][PASSED] - maximizeWindow: Current window maximized

2018-07-02 22:23:29 - [MESSAGE][PASSED] - Current window maximized

2018-07-02 22:23:29 - [TEST_STEP][PASSED] - waitForElementVisible: Object 'Object Repository/LoginPage/UserID' is visible

2018-07-02 22:23:29 - [MESSAGE][PASSED] - Object 'Object Repository/LoginPage/UserID' is visible

2018-07-02 22:23:29 - [TEST_STEP][PASSED] - sendKeys: Keys 'monicaqa@zycus.com' sent to object: 'Object Repository/LoginPage/UserID'

2018-07-02 22:23:30 - [MESSAGE][PASSED] - Keys 'monicaqa@zycus.com' sent to object: 'Object Repository/LoginPage/UserID'

2018-07-02 22:23:30 - [TEST_STEP][PASSED] - sendKeys: Keys 'eProc@123' sent to object: 'Object Repository/LoginPage/Password'

2018-07-02 22:23:30 - [MESSAGE][PASSED] - Keys 'eProc@123' sent to object: 'Object Repository/LoginPage/Password'

2018-07-02 22:23:30 - [TEST_STEP][PASSED] - click: Object: 'Object Repository/LoginPage/LoginButton' is clicked on

2018-07-02 22:23:34 - [MESSAGE][PASSED] - Object: 'Object Repository/LoginPage/LoginButton' is clicked on

2018-07-02 22:23:34 - [MESSAGE][PASSED] - Call Test Case 'Test Cases/CommonLibraries/Login' successfully

2018-07-02 22:23:34 - [TEST_STEP][PASSED] - waitForElementPresent: Object 'Object Repository/OnlineStorePage/Search Box' is present

2018-07-02 22:23:53 - [MESSAGE][PASSED] - Object 'Object Repository/OnlineStorePage/Search Box' is present

2018-07-02 22:23:53 - [TEST_STEP][PASSED] - waitForPageLoad: Wait for page load successfully

2018-07-02 22:23:53 - [MESSAGE][PASSED] - Wait for page load successfully

2018-07-02 22:23:53 - [TEST_STEP][PASSED] - sendKeys: Keys 'Item' sent to object: 'Object Repository/OnlineStorePage/Search Box'

2018-07-02 22:23:53 - [MESSAGE][PASSED] - Keys 'Item' sent to object: 'Object Repository/OnlineStorePage/Search Box'

2018-07-02 22:23:53 - [TEST_STEP][PASSED] - click: Object: 'Object Repository/OnlineStorePage/Search Icon' is clicked on

2018-07-02 22:23:54 - [MESSAGE][PASSED] - Object: 'Object Repository/OnlineStorePage/Search Icon' is clicked on

2018-07-02 22:23:54 - [MESSAGE][PASSED] - Call Test Case 'Test Cases/CommonLibraries/Search By Item' successfully

2018-07-02 22:23:54 - [TEST_STEP][PASSED] - waitForPageLoad: Wait for page load successfully

2018-07-02 22:23:54 - [MESSAGE][PASSED] - Wait for page load successfully

2018-07-02 22:23:54 - [TEST_STEP][PASSED] - delay: Delayed 10 second(s)

2018-07-02 22:24:04 - [MESSAGE][PASSED] - Delayed 10 second(s)

2018-07-02 22:24:04 - [TEST_STEP][PASSED] - click: Object: 'Object Repository/SearchResultPage/GridViewButton' is clicked on

2018-07-02 22:24:04 - [MESSAGE][PASSED] - Object: 'Object Repository/SearchResultPage/GridViewButton' is clicked on

2018-07-02 22:24:04 - [TEST_STEP][PASSED] - waitForElementVisible: Web element with id: 'Object Repository/SearchResultPage/SearchItemTab/CatalogItems/Grid view/Check Box 2 Item' located by 'By.xpath: //dew-flex-item[2]/eproc-product-card/dew-card/dew-card-img/div/dew-checkbox' not found

2018-07-02 22:24:56 - [MESSAGE][WARNING] - Web element with id: 'Object Repository/SearchResultPage/SearchItemTab/CatalogItems/Grid view/Check Box 2 Item' located by 'By.xpath: //dew-flex-item[2]/eproc-product-card/dew-card/dew-card-img/div/dew-checkbox' not found

2018-07-02 22:24:56 - [TEST_STEP][FAILED] - click: Unable to click on object 'Object Repository/SearchResultPage/SearchItemTab/CatalogItems/Grid view/Check Box 2 Item' (Root cause: com.kms.katalon.core.webui.exception.WebElementNotFoundException: Web element with id: 'Object Repository/SearchResultPage/SearchItemTab/CatalogItems/Grid view/Check Box 2 Item' located by 'By.xpath: //dew-flex-item[2]/eproc-product-card/dew-card/dew-card-img/div/dew-checkbox' not found)

2018-07-02 22:25:29 - [MESSAGE][FAILED] - Unable to click on object 'Object Repository/SearchResultPage/SearchItemTab/CatalogItems/Grid view/Check Box 2 Item' (Root cause: com.kms.katalon.core.webui.exception.WebElementNotFoundException: Web element with id: 'Object Repository/SearchResultPage/SearchItemTab/CatalogItems/Grid view/Check Box 2 Item' located by 'By.xpath: //dew-flex-item[2]/eproc-product-card/dew-card/dew-card-img/div/dew-checkbox' not found)
[[ATTACHMENT|C:\\Users\\vikas.kiroula\\git\\eProc\\Reports\\Run\\20180702_203015\\1530550528448.png]]]]></system-out>
         <system-err><![CDATA[2018-07-02 22:23:19 - [TEST_CASE][FAILED] - Test Cases/DDS-277/DDS-4244 In Grid view User should be able to select multiple catalog items and add it to cart: Test Cases/DDS-277/DDS-4244 In Grid view User should be able to select multiple catalog items and add it to cart FAILED because (of) Unable to click on object 'Object Repository/SearchResultPage/SearchItemTab/CatalogItems/Grid view/Check Box 2 Item' (Root cause: com.kms.katalon.core.webui.exception.WebElementNotFoundException: Web element with id: 'Object Repository/SearchResultPage/SearchItemTab/CatalogItems/Grid view/Check Box 2 Item' located by 'By.xpath: //dew-flex-item[2]/eproc-product-card/dew-card/dew-card-img/div/dew-checkbox' not found)]]></system-err>
      </testcase>
      <testcase name="Test Cases/DDS-280/DDS-4311 User should be able to remove items from the cart" classname="Test Cases/DDS-280/DDS-4311 User should be able to remove items from the cart" status="FAILED">
         <failure type="FAILED" message="Unable to click on object 'Object Repository/SearchResultPage/SearchItemTab/CatalogItems/Check Box For 3 Row Item List' (Root cause: com.kms.katalon.core.webui.exception.WebElementNotFoundException: Web element with id: 'Object Repository/SearchResultPage/SearchItemTab/CatalogItems/Check Box For 3 Row Item List' located by 'By.xpath: //dew-tab[@id='items-in-catalogs']/eproc-product-list/dew-card/dew-flex/dew-flex-item[3]/eproc-product-card/dew-card/dew-row/dew-col[1]/div' not found)"/>
         <system-out><![CDATA[2018-07-02 22:25:29 - [TEST_CASE][FAILED] - Test Cases/DDS-280/DDS-4311 User should be able to remove items from the cart: Test Cases/DDS-280/DDS-4311 User should be able to remove items from the cart FAILED because (of) Unable to click on object 'Object Repository/SearchResultPage/SearchItemTab/CatalogItems/Check Box For 3 Row Item List' (Root cause: com.kms.katalon.core.webui.exception.WebElementNotFoundException: Web element with id: 'Object Repository/SearchResultPage/SearchItemTab/CatalogItems/Check Box For 3 Row Item List' located by 'By.xpath: //dew-tab[@id='items-in-catalogs']/eproc-product-list/dew-card/dew-flex/dew-flex-item[3]/eproc-product-card/dew-card/dew-row/dew-col[1]/div' not found)

2018-07-02 22:25:29 - [TEST_STEP][PASSED] - callTestCase: Call Test Case 'Test Cases/CommonLibraries/Login' successfully

2018-07-02 22:25:29 - [TEST_CASE][PASSED] - Test Cases/CommonLibraries/Login: Test Cases/CommonLibraries/Login

2018-07-02 22:25:29 - [TEST_STEP][PASSED] - openBrowser: Browser is opened with url: 'https://smtlogin.zycus.net/sso/login?serviceName=http://eproc-qa.zycus.net/'

2018-07-02 22:25:29 - [MESSAGE][WARNING] - A browser is already opened. Closing browser and opening a new one

2018-07-02 22:25:38 - [MESSAGE][PASSED] - Browser is opened with url: 'https://smtlogin.zycus.net/sso/login?serviceName=http://eproc-qa.zycus.net/'

2018-07-02 22:25:38 - [TEST_STEP][PASSED] - maximizeWindow: Current window maximized

2018-07-02 22:25:40 - [MESSAGE][PASSED] - Current window maximized

2018-07-02 22:25:40 - [TEST_STEP][PASSED] - waitForElementVisible: Object 'Object Repository/LoginPage/UserID' is visible

2018-07-02 22:25:40 - [MESSAGE][PASSED] - Object 'Object Repository/LoginPage/UserID' is visible

2018-07-02 22:25:40 - [TEST_STEP][PASSED] - sendKeys: Keys 'monicaqa@zycus.com' sent to object: 'Object Repository/LoginPage/UserID'

2018-07-02 22:25:40 - [MESSAGE][PASSED] - Keys 'monicaqa@zycus.com' sent to object: 'Object Repository/LoginPage/UserID'

2018-07-02 22:25:40 - [TEST_STEP][PASSED] - sendKeys: Keys 'eProc@123' sent to object: 'Object Repository/LoginPage/Password'

2018-07-02 22:25:40 - [MESSAGE][PASSED] - Keys 'eProc@123' sent to object: 'Object Repository/LoginPage/Password'

2018-07-02 22:25:40 - [TEST_STEP][PASSED] - click: Object: 'Object Repository/LoginPage/LoginButton' is clicked on

2018-07-02 22:25:44 - [MESSAGE][PASSED] - Object: 'Object Repository/LoginPage/LoginButton' is clicked on

2018-07-02 22:25:44 - [MESSAGE][PASSED] - Call Test Case 'Test Cases/CommonLibraries/Login' successfully

2018-07-02 22:25:44 - [TEST_STEP][PASSED] - click: Object: 'Object Repository/OnlineStorePage/CartIcon' is clicked on

2018-07-02 22:26:06 - [MESSAGE][PASSED] - Object: 'Object Repository/OnlineStorePage/CartIcon' is clicked on

2018-07-02 22:26:06 - [TEST_STEP][PASSED] - delay: Delayed 3 second(s)

2018-07-02 22:26:09 - [MESSAGE][PASSED] - Delayed 3 second(s)

2018-07-02 22:26:09 - [TEST_STEP][PASSED] - Statement - b = com.kms.katalon.core.webui.keyword.WebUiBuiltInKeywords.getAttribute(com.kms.katalon.core.testobject.ObjectRepository.findTestObject(Cart Page/Empty Cart Button), "ng-reflect-is-disabled"): Attribute 'ng-reflect-is-disabled' of object 'Object Repository/Cart Page/Empty Cart Button' is: 'true'

2018-07-02 22:26:09 - [MESSAGE][PASSED] - Attribute 'ng-reflect-is-disabled' of object 'Object Repository/Cart Page/Empty Cart Button' is: 'true'

2018-07-02 22:26:09 - [TEST_STEP][PASSED] - Statement - If (b == "false"): null

2018-07-02 22:26:09 - [TEST_STEP][FAILED] - Statement - Else: Unable to click on object 'Object Repository/SearchResultPage/SearchItemTab/CatalogItems/Check Box For 3 Row Item List' (Root cause: com.kms.katalon.core.webui.exception.WebElementNotFoundException: Web element with id: 'Object Repository/SearchResultPage/SearchItemTab/CatalogItems/Check Box For 3 Row Item List' located by 'By.xpath: //dew-tab[@id='items-in-catalogs']/eproc-product-list/dew-card/dew-flex/dew-flex-item[3]/eproc-product-card/dew-card/dew-row/dew-col[1]/div' not found)

2018-07-02 22:26:09 - [TEST_STEP][PASSED] - click: Object: 'Object Repository/Home' is clicked on

2018-07-02 22:26:10 - [MESSAGE][PASSED] - Object: 'Object Repository/Home' is clicked on

2018-07-02 22:26:10 - [TEST_STEP][PASSED] - sendKeys: Keys 'Item' sent to object: 'Object Repository/OnlineStorePage/Search Box'

2018-07-02 22:26:12 - [MESSAGE][PASSED] - Keys 'Item' sent to object: 'Object Repository/OnlineStorePage/Search Box'

2018-07-02 22:26:12 - [TEST_STEP][PASSED] - click: Object: 'Object Repository/OnlineStorePage/Search Icon' is clicked on

2018-07-02 22:26:12 - [MESSAGE][PASSED] - Object: 'Object Repository/OnlineStorePage/Search Icon' is clicked on

2018-07-02 22:26:12 - [TEST_STEP][PASSED] - waitForElementVisible: Web element with id: 'Object Repository/SearchResultPage/SearchItemTab/CatalogItems/Check Box For 3 Row Item List' located by 'By.xpath: //dew-tab[@id='items-in-catalogs']/eproc-product-list/dew-card/dew-flex/dew-flex-item[3]/eproc-product-card/dew-card/dew-row/dew-col[1]/div' not found

2018-07-02 22:27:05 - [MESSAGE][WARNING] - Web element with id: 'Object Repository/SearchResultPage/SearchItemTab/CatalogItems/Check Box For 3 Row Item List' located by 'By.xpath: //dew-tab[@id='items-in-catalogs']/eproc-product-list/dew-card/dew-flex/dew-flex-item[3]/eproc-product-card/dew-card/dew-row/dew-col[1]/div' not found

2018-07-02 22:27:05 - [TEST_STEP][FAILED] - click: Unable to click on object 'Object Repository/SearchResultPage/SearchItemTab/CatalogItems/Check Box For 3 Row Item List' (Root cause: com.kms.katalon.core.webui.exception.WebElementNotFoundException: Web element with id: 'Object Repository/SearchResultPage/SearchItemTab/CatalogItems/Check Box For 3 Row Item List' located by 'By.xpath: //dew-tab[@id='items-in-catalogs']/eproc-product-list/dew-card/dew-flex/dew-flex-item[3]/eproc-product-card/dew-card/dew-row/dew-col[1]/div' not found)

2018-07-02 22:27:37 - [MESSAGE][FAILED] - Unable to click on object 'Object Repository/SearchResultPage/SearchItemTab/CatalogItems/Check Box For 3 Row Item List' (Root cause: com.kms.katalon.core.webui.exception.WebElementNotFoundException: Web element with id: 'Object Repository/SearchResultPage/SearchItemTab/CatalogItems/Check Box For 3 Row Item List' located by 'By.xpath: //dew-tab[@id='items-in-catalogs']/eproc-product-list/dew-card/dew-flex/dew-flex-item[3]/eproc-product-card/dew-card/dew-row/dew-col[1]/div' not found)
[[ATTACHMENT|C:\\Users\\vikas.kiroula\\git\\eProc\\Reports\\Run\\20180702_203015\\1530550657145.png]]]]></system-out>
         <system-err><![CDATA[2018-07-02 22:25:29 - [TEST_CASE][FAILED] - Test Cases/DDS-280/DDS-4311 User should be able to remove items from the cart: Test Cases/DDS-280/DDS-4311 User should be able to remove items from the cart FAILED because (of) Unable to click on object 'Object Repository/SearchResultPage/SearchItemTab/CatalogItems/Check Box For 3 Row Item List' (Root cause: com.kms.katalon.core.webui.exception.WebElementNotFoundException: Web element with id: 'Object Repository/SearchResultPage/SearchItemTab/CatalogItems/Check Box For 3 Row Item List' located by 'By.xpath: //dew-tab[@id='items-in-catalogs']/eproc-product-list/dew-card/dew-flex/dew-flex-item[3]/eproc-product-card/dew-card/dew-row/dew-col[1]/div' not found)]]></system-err>
      </testcase>
      <testcase name="Test Cases/DDS-280/DDS-4312 System should display confirm pop up message on deleting single item in cart" classname="Test Cases/DDS-280/DDS-4312 System should display confirm pop up message on deleting single item in cart" status="FAILED">
         <failure type="FAILED" message="Unable to click on object 'Object Repository/SearchResultPage/SearchItemTab/CatalogItems/Check Box For 3 Row Item List' (Root cause: com.kms.katalon.core.webui.exception.WebElementNotFoundException: Web element with id: 'Object Repository/SearchResultPage/SearchItemTab/CatalogItems/Check Box For 3 Row Item List' located by 'By.xpath: //dew-tab[@id='items-in-catalogs']/eproc-product-list/dew-card/dew-flex/dew-flex-item[3]/eproc-product-card/dew-card/dew-row/dew-col[1]/div' not found)"/>
         <system-out><![CDATA[2018-07-02 22:27:37 - [TEST_CASE][FAILED] - Test Cases/DDS-280/DDS-4312 System should display confirm pop up message on deleting single item in cart: Test Cases/DDS-280/DDS-4312 System should display confirm pop up message on deleting single item in cart FAILED because (of) Unable to click on object 'Object Repository/SearchResultPage/SearchItemTab/CatalogItems/Check Box For 3 Row Item List' (Root cause: com.kms.katalon.core.webui.exception.WebElementNotFoundException: Web element with id: 'Object Repository/SearchResultPage/SearchItemTab/CatalogItems/Check Box For 3 Row Item List' located by 'By.xpath: //dew-tab[@id='items-in-catalogs']/eproc-product-list/dew-card/dew-flex/dew-flex-item[3]/eproc-product-card/dew-card/dew-row/dew-col[1]/div' not found)

2018-07-02 22:27:38 - [TEST_STEP][PASSED] - callTestCase: Call Test Case 'Test Cases/CommonLibraries/Search By Item' successfully

2018-07-02 22:27:38 - [TEST_CASE][PASSED] - Test Cases/CommonLibraries/Search By Item: Test Cases/CommonLibraries/Search By Item

2018-07-02 22:27:38 - [TEST_STEP][PASSED] - callTestCase: Call Test Case 'Test Cases/CommonLibraries/Login' successfully

2018-07-02 22:27:38 - [TEST_CASE][PASSED] - Test Cases/CommonLibraries/Login: Test Cases/CommonLibraries/Login

2018-07-02 22:27:38 - [TEST_STEP][PASSED] - openBrowser: Browser is opened with url: 'https://smtlogin.zycus.net/sso/login?serviceName=http://eproc-qa.zycus.net/'

2018-07-02 22:27:38 - [MESSAGE][WARNING] - A browser is already opened. Closing browser and opening a new one

2018-07-02 22:27:46 - [MESSAGE][PASSED] - Browser is opened with url: 'https://smtlogin.zycus.net/sso/login?serviceName=http://eproc-qa.zycus.net/'

2018-07-02 22:27:46 - [TEST_STEP][PASSED] - maximizeWindow: Current window maximized

2018-07-02 22:27:48 - [MESSAGE][PASSED] - Current window maximized

2018-07-02 22:27:48 - [TEST_STEP][PASSED] - waitForElementVisible: Object 'Object Repository/LoginPage/UserID' is visible

2018-07-02 22:27:48 - [MESSAGE][PASSED] - Object 'Object Repository/LoginPage/UserID' is visible

2018-07-02 22:27:48 - [TEST_STEP][PASSED] - sendKeys: Keys 'monicaqa@zycus.com' sent to object: 'Object Repository/LoginPage/UserID'

2018-07-02 22:27:48 - [MESSAGE][PASSED] - Keys 'monicaqa@zycus.com' sent to object: 'Object Repository/LoginPage/UserID'

2018-07-02 22:27:48 - [TEST_STEP][PASSED] - sendKeys: Keys 'eProc@123' sent to object: 'Object Repository/LoginPage/Password'

2018-07-02 22:27:48 - [MESSAGE][PASSED] - Keys 'eProc@123' sent to object: 'Object Repository/LoginPage/Password'

2018-07-02 22:27:48 - [TEST_STEP][PASSED] - click: Object: 'Object Repository/LoginPage/LoginButton' is clicked on

2018-07-02 22:27:53 - [MESSAGE][PASSED] - Object: 'Object Repository/LoginPage/LoginButton' is clicked on

2018-07-02 22:27:53 - [MESSAGE][PASSED] - Call Test Case 'Test Cases/CommonLibraries/Login' successfully

2018-07-02 22:27:53 - [TEST_STEP][PASSED] - waitForElementPresent: Object 'Object Repository/OnlineStorePage/Search Box' is present

2018-07-02 22:28:16 - [MESSAGE][PASSED] - Object 'Object Repository/OnlineStorePage/Search Box' is present

2018-07-02 22:28:16 - [TEST_STEP][PASSED] - waitForPageLoad: Wait for page load successfully

2018-07-02 22:28:16 - [MESSAGE][PASSED] - Wait for page load successfully

2018-07-02 22:28:16 - [TEST_STEP][PASSED] - sendKeys: Keys 'Item' sent to object: 'Object Repository/OnlineStorePage/Search Box'

2018-07-02 22:28:16 - [MESSAGE][PASSED] - Keys 'Item' sent to object: 'Object Repository/OnlineStorePage/Search Box'

2018-07-02 22:28:16 - [TEST_STEP][PASSED] - click: Object: 'Object Repository/OnlineStorePage/Search Icon' is clicked on

2018-07-02 22:28:17 - [MESSAGE][PASSED] - Object: 'Object Repository/OnlineStorePage/Search Icon' is clicked on

2018-07-02 22:28:17 - [MESSAGE][PASSED] - Call Test Case 'Test Cases/CommonLibraries/Search By Item' successfully

2018-07-02 22:28:17 - [TEST_STEP][PASSED] - waitForElementPresent: Object 'Object Repository/SearchResultPage/SearchItemTab/CatalogItems/Check Box For 3 Row Item List' is not present after 20 second(s)

2018-07-02 22:28:38 - [MESSAGE][WARNING] - Object 'Object Repository/SearchResultPage/SearchItemTab/CatalogItems/Check Box For 3 Row Item List' is not present after 20 second(s)

2018-07-02 22:28:38 - [TEST_STEP][FAILED] - click: Unable to click on object 'Object Repository/SearchResultPage/SearchItemTab/CatalogItems/Check Box For 3 Row Item List' (Root cause: com.kms.katalon.core.webui.exception.WebElementNotFoundException: Web element with id: 'Object Repository/SearchResultPage/SearchItemTab/CatalogItems/Check Box For 3 Row Item List' located by 'By.xpath: //dew-tab[@id='items-in-catalogs']/eproc-product-list/dew-card/dew-flex/dew-flex-item[3]/eproc-product-card/dew-card/dew-row/dew-col[1]/div' not found)

2018-07-02 22:29:10 - [MESSAGE][FAILED] - Unable to click on object 'Object Repository/SearchResultPage/SearchItemTab/CatalogItems/Check Box For 3 Row Item List' (Root cause: com.kms.katalon.core.webui.exception.WebElementNotFoundException: Web element with id: 'Object Repository/SearchResultPage/SearchItemTab/CatalogItems/Check Box For 3 Row Item List' located by 'By.xpath: //dew-tab[@id='items-in-catalogs']/eproc-product-list/dew-card/dew-flex/dew-flex-item[3]/eproc-product-card/dew-card/dew-row/dew-col[1]/div' not found)
[[ATTACHMENT|C:\\Users\\vikas.kiroula\\git\\eProc\\Reports\\Run\\20180702_203015\\1530550750076.png]]]]></system-out>
         <system-err><![CDATA[2018-07-02 22:27:37 - [TEST_CASE][FAILED] - Test Cases/DDS-280/DDS-4312 System should display confirm pop up message on deleting single item in cart: Test Cases/DDS-280/DDS-4312 System should display confirm pop up message on deleting single item in cart FAILED because (of) Unable to click on object 'Object Repository/SearchResultPage/SearchItemTab/CatalogItems/Check Box For 3 Row Item List' (Root cause: com.kms.katalon.core.webui.exception.WebElementNotFoundException: Web element with id: 'Object Repository/SearchResultPage/SearchItemTab/CatalogItems/Check Box For 3 Row Item List' located by 'By.xpath: //dew-tab[@id='items-in-catalogs']/eproc-product-list/dew-card/dew-flex/dew-flex-item[3]/eproc-product-card/dew-card/dew-row/dew-col[1]/div' not found)]]></system-err>
      </testcase>
      <testcase name="Test Cases/DDS-280/DDS-4313 Verify confirm pop up message  after deleting single item  stating Are you sure you want to delete item Name on the cart  with yes and No button" classname="Test Cases/DDS-280/DDS-4313 Verify confirm pop up message  after deleting single item  stating Are you sure you want to delete item Name on the cart  with yes and No button" status="FAILED">
         <failure type="FAILED" message="Unable to click on object 'Object Repository/SearchResultPage/SearchItemTab/CatalogItems/Check Box For 3 Row Item List' (Root cause: com.kms.katalon.core.webui.exception.WebElementNotFoundException: Web element with id: 'Object Repository/SearchResultPage/SearchItemTab/CatalogItems/Check Box For 3 Row Item List' located by 'By.xpath: //dew-tab[@id='items-in-catalogs']/eproc-product-list/dew-card/dew-flex/dew-flex-item[3]/eproc-product-card/dew-card/dew-row/dew-col[1]/div' not found)"/>
         <system-out><![CDATA[2018-07-02 22:29:10 - [TEST_CASE][FAILED] - Test Cases/DDS-280/DDS-4313 Verify confirm pop up message  after deleting single item  stating Are you sure you want to delete item Name on the cart  with yes and No button: Test Cases/DDS-280/DDS-4313 Verify confirm pop up message  after deleting single item  stating Are you sure you want to delete item Name on the cart  with yes and No button FAILED because (of) Unable to click on object 'Object Repository/SearchResultPage/SearchItemTab/CatalogItems/Check Box For 3 Row Item List' (Root cause: com.kms.katalon.core.webui.exception.WebElementNotFoundException: Web element with id: 'Object Repository/SearchResultPage/SearchItemTab/CatalogItems/Check Box For 3 Row Item List' located by 'By.xpath: //dew-tab[@id='items-in-catalogs']/eproc-product-list/dew-card/dew-flex/dew-flex-item[3]/eproc-product-card/dew-card/dew-row/dew-col[1]/div' not found)

2018-07-02 22:29:10 - [TEST_STEP][PASSED] - callTestCase: Call Test Case 'Test Cases/CommonLibraries/Search By Item' successfully

2018-07-02 22:29:10 - [TEST_CASE][PASSED] - Test Cases/CommonLibraries/Search By Item: Test Cases/CommonLibraries/Search By Item

2018-07-02 22:29:10 - [TEST_STEP][PASSED] - callTestCase: Call Test Case 'Test Cases/CommonLibraries/Login' successfully

2018-07-02 22:29:10 - [TEST_CASE][PASSED] - Test Cases/CommonLibraries/Login: Test Cases/CommonLibraries/Login

2018-07-02 22:29:10 - [TEST_STEP][PASSED] - openBrowser: Browser is opened with url: 'https://smtlogin.zycus.net/sso/login?serviceName=http://eproc-qa.zycus.net/'

2018-07-02 22:29:10 - [MESSAGE][WARNING] - A browser is already opened. Closing browser and opening a new one

2018-07-02 22:29:18 - [MESSAGE][PASSED] - Browser is opened with url: 'https://smtlogin.zycus.net/sso/login?serviceName=http://eproc-qa.zycus.net/'

2018-07-02 22:29:18 - [TEST_STEP][PASSED] - maximizeWindow: Current window maximized

2018-07-02 22:29:21 - [MESSAGE][PASSED] - Current window maximized

2018-07-02 22:29:21 - [TEST_STEP][PASSED] - waitForElementVisible: Object 'Object Repository/LoginPage/UserID' is visible

2018-07-02 22:29:21 - [MESSAGE][PASSED] - Object 'Object Repository/LoginPage/UserID' is visible

2018-07-02 22:29:21 - [TEST_STEP][PASSED] - sendKeys: Keys 'monicaqa@zycus.com' sent to object: 'Object Repository/LoginPage/UserID'

2018-07-02 22:29:21 - [MESSAGE][PASSED] - Keys 'monicaqa@zycus.com' sent to object: 'Object Repository/LoginPage/UserID'

2018-07-02 22:29:21 - [TEST_STEP][PASSED] - sendKeys: Keys 'eProc@123' sent to object: 'Object Repository/LoginPage/Password'

2018-07-02 22:29:21 - [MESSAGE][PASSED] - Keys 'eProc@123' sent to object: 'Object Repository/LoginPage/Password'

2018-07-02 22:29:21 - [TEST_STEP][PASSED] - click: Object: 'Object Repository/LoginPage/LoginButton' is clicked on

2018-07-02 22:29:25 - [MESSAGE][PASSED] - Object: 'Object Repository/LoginPage/LoginButton' is clicked on

2018-07-02 22:29:25 - [MESSAGE][PASSED] - Call Test Case 'Test Cases/CommonLibraries/Login' successfully

2018-07-02 22:29:25 - [TEST_STEP][PASSED] - waitForElementPresent: Object 'Object Repository/OnlineStorePage/Search Box' is present

2018-07-02 22:29:46 - [MESSAGE][PASSED] - Object 'Object Repository/OnlineStorePage/Search Box' is present

2018-07-02 22:29:46 - [TEST_STEP][PASSED] - waitForPageLoad: Wait for page load successfully

2018-07-02 22:29:46 - [MESSAGE][PASSED] - Wait for page load successfully

2018-07-02 22:29:46 - [TEST_STEP][PASSED] - sendKeys: Keys 'Item' sent to object: 'Object Repository/OnlineStorePage/Search Box'

2018-07-02 22:29:46 - [MESSAGE][PASSED] - Keys 'Item' sent to object: 'Object Repository/OnlineStorePage/Search Box'

2018-07-02 22:29:46 - [TEST_STEP][PASSED] - click: Object: 'Object Repository/OnlineStorePage/Search Icon' is clicked on

2018-07-02 22:29:46 - [MESSAGE][PASSED] - Object: 'Object Repository/OnlineStorePage/Search Icon' is clicked on

2018-07-02 22:29:46 - [MESSAGE][PASSED] - Call Test Case 'Test Cases/CommonLibraries/Search By Item' successfully

2018-07-02 22:29:46 - [TEST_STEP][PASSED] - waitForElementVisible: Web element with id: 'Object Repository/SearchResultPage/SearchItemTab/CatalogItems/Check Box For 3 Row Item List' located by 'By.xpath: //dew-tab[@id='items-in-catalogs']/eproc-product-list/dew-card/dew-flex/dew-flex-item[3]/eproc-product-card/dew-card/dew-row/dew-col[1]/div' not found

2018-07-02 22:30:08 - [MESSAGE][WARNING] - Web element with id: 'Object Repository/SearchResultPage/SearchItemTab/CatalogItems/Check Box For 3 Row Item List' located by 'By.xpath: //dew-tab[@id='items-in-catalogs']/eproc-product-list/dew-card/dew-flex/dew-flex-item[3]/eproc-product-card/dew-card/dew-row/dew-col[1]/div' not found

2018-07-02 22:30:08 - [TEST_STEP][FAILED] - click: Unable to click on object 'Object Repository/SearchResultPage/SearchItemTab/CatalogItems/Check Box For 3 Row Item List' (Root cause: com.kms.katalon.core.webui.exception.WebElementNotFoundException: Web element with id: 'Object Repository/SearchResultPage/SearchItemTab/CatalogItems/Check Box For 3 Row Item List' located by 'By.xpath: //dew-tab[@id='items-in-catalogs']/eproc-product-list/dew-card/dew-flex/dew-flex-item[3]/eproc-product-card/dew-card/dew-row/dew-col[1]/div' not found)

2018-07-02 22:30:40 - [MESSAGE][FAILED] - Unable to click on object 'Object Repository/SearchResultPage/SearchItemTab/CatalogItems/Check Box For 3 Row Item List' (Root cause: com.kms.katalon.core.webui.exception.WebElementNotFoundException: Web element with id: 'Object Repository/SearchResultPage/SearchItemTab/CatalogItems/Check Box For 3 Row Item List' located by 'By.xpath: //dew-tab[@id='items-in-catalogs']/eproc-product-list/dew-card/dew-flex/dew-flex-item[3]/eproc-product-card/dew-card/dew-row/dew-col[1]/div' not found)
[[ATTACHMENT|C:\\Users\\vikas.kiroula\\git\\eProc\\Reports\\Run\\20180702_203015\\1530550839747.png]]]]></system-out>
         <system-err><![CDATA[2018-07-02 22:29:10 - [TEST_CASE][FAILED] - Test Cases/DDS-280/DDS-4313 Verify confirm pop up message  after deleting single item  stating Are you sure you want to delete item Name on the cart  with yes and No button: Test Cases/DDS-280/DDS-4313 Verify confirm pop up message  after deleting single item  stating Are you sure you want to delete item Name on the cart  with yes and No button FAILED because (of) Unable to click on object 'Object Repository/SearchResultPage/SearchItemTab/CatalogItems/Check Box For 3 Row Item List' (Root cause: com.kms.katalon.core.webui.exception.WebElementNotFoundException: Web element with id: 'Object Repository/SearchResultPage/SearchItemTab/CatalogItems/Check Box For 3 Row Item List' located by 'By.xpath: //dew-tab[@id='items-in-catalogs']/eproc-product-list/dew-card/dew-flex/dew-flex-item[3]/eproc-product-card/dew-card/dew-row/dew-col[1]/div' not found)]]></system-err>
      </testcase>
      <testcase name="Test Cases/DDS-280/DDS-4314 If all items are deleted, system should show message Your cart is empty" classname="Test Cases/DDS-280/DDS-4314 If all items are deleted, system should show message Your cart is empty" status="FAILED">
         <failure type="FAILED" message="Unable to click on object 'Object Repository/SearchResultPage/SearchItemTab/CatalogItems/Check Box For 3 Row Item List' (Root cause: com.kms.katalon.core.webui.exception.WebElementNotFoundException: Web element with id: 'Object Repository/SearchResultPage/SearchItemTab/CatalogItems/Check Box For 3 Row Item List' located by 'By.xpath: //dew-tab[@id='items-in-catalogs']/eproc-product-list/dew-card/dew-flex/dew-flex-item[3]/eproc-product-card/dew-card/dew-row/dew-col[1]/div' not found)"/>
         <system-out><![CDATA[2018-07-02 22:30:40 - [TEST_CASE][FAILED] - Test Cases/DDS-280/DDS-4314 If all items are deleted, system should show message Your cart is empty: Test Cases/DDS-280/DDS-4314 If all items are deleted, system should show message Your cart is empty FAILED because (of) Unable to click on object 'Object Repository/SearchResultPage/SearchItemTab/CatalogItems/Check Box For 3 Row Item List' (Root cause: com.kms.katalon.core.webui.exception.WebElementNotFoundException: Web element with id: 'Object Repository/SearchResultPage/SearchItemTab/CatalogItems/Check Box For 3 Row Item List' located by 'By.xpath: //dew-tab[@id='items-in-catalogs']/eproc-product-list/dew-card/dew-flex/dew-flex-item[3]/eproc-product-card/dew-card/dew-row/dew-col[1]/div' not found)

2018-07-02 22:30:40 - [TEST_STEP][PASSED] - callTestCase: Call Test Case 'Test Cases/CommonLibraries/Search By Item' successfully

2018-07-02 22:30:40 - [TEST_CASE][PASSED] - Test Cases/CommonLibraries/Search By Item: Test Cases/CommonLibraries/Search By Item

2018-07-02 22:30:40 - [TEST_STEP][PASSED] - callTestCase: Call Test Case 'Test Cases/CommonLibraries/Login' successfully

2018-07-02 22:30:40 - [TEST_CASE][PASSED] - Test Cases/CommonLibraries/Login: Test Cases/CommonLibraries/Login

2018-07-02 22:30:40 - [TEST_STEP][PASSED] - openBrowser: Browser is opened with url: 'https://smtlogin.zycus.net/sso/login?serviceName=http://eproc-qa.zycus.net/'

2018-07-02 22:30:40 - [MESSAGE][WARNING] - A browser is already opened. Closing browser and opening a new one

2018-07-02 22:30:49 - [MESSAGE][PASSED] - Browser is opened with url: 'https://smtlogin.zycus.net/sso/login?serviceName=http://eproc-qa.zycus.net/'

2018-07-02 22:30:49 - [TEST_STEP][PASSED] - maximizeWindow: Current window maximized

2018-07-02 22:30:50 - [MESSAGE][PASSED] - Current window maximized

2018-07-02 22:30:50 - [TEST_STEP][PASSED] - waitForElementVisible: Object 'Object Repository/LoginPage/UserID' is visible

2018-07-02 22:30:50 - [MESSAGE][PASSED] - Object 'Object Repository/LoginPage/UserID' is visible

2018-07-02 22:30:50 - [TEST_STEP][PASSED] - sendKeys: Keys 'monicaqa@zycus.com' sent to object: 'Object Repository/LoginPage/UserID'

2018-07-02 22:30:50 - [MESSAGE][PASSED] - Keys 'monicaqa@zycus.com' sent to object: 'Object Repository/LoginPage/UserID'

2018-07-02 22:30:50 - [TEST_STEP][PASSED] - sendKeys: Keys 'eProc@123' sent to object: 'Object Repository/LoginPage/Password'

2018-07-02 22:30:50 - [MESSAGE][PASSED] - Keys 'eProc@123' sent to object: 'Object Repository/LoginPage/Password'

2018-07-02 22:30:50 - [TEST_STEP][PASSED] - click: Object: 'Object Repository/LoginPage/LoginButton' is clicked on

2018-07-02 22:30:54 - [MESSAGE][PASSED] - Object: 'Object Repository/LoginPage/LoginButton' is clicked on

2018-07-02 22:30:54 - [MESSAGE][PASSED] - Call Test Case 'Test Cases/CommonLibraries/Login' successfully

2018-07-02 22:30:54 - [TEST_STEP][PASSED] - waitForElementPresent: Object 'Object Repository/OnlineStorePage/Search Box' is present

2018-07-02 22:31:14 - [MESSAGE][PASSED] - Object 'Object Repository/OnlineStorePage/Search Box' is present

2018-07-02 22:31:14 - [TEST_STEP][PASSED] - waitForPageLoad: Wait for page load successfully

2018-07-02 22:31:14 - [MESSAGE][PASSED] - Wait for page load successfully

2018-07-02 22:31:14 - [TEST_STEP][PASSED] - sendKeys: Keys 'Item' sent to object: 'Object Repository/OnlineStorePage/Search Box'

2018-07-02 22:31:14 - [MESSAGE][PASSED] - Keys 'Item' sent to object: 'Object Repository/OnlineStorePage/Search Box'

2018-07-02 22:31:14 - [TEST_STEP][PASSED] - click: Object: 'Object Repository/OnlineStorePage/Search Icon' is clicked on

2018-07-02 22:31:14 - [MESSAGE][PASSED] - Object: 'Object Repository/OnlineStorePage/Search Icon' is clicked on

2018-07-02 22:31:14 - [MESSAGE][PASSED] - Call Test Case 'Test Cases/CommonLibraries/Search By Item' successfully

2018-07-02 22:31:14 - [TEST_STEP][PASSED] - waitForElementVisible: Web element with id: 'Object Repository/SearchResultPage/SearchItemTab/CatalogItems/Check Box For 3 Row Item List' located by 'By.xpath: //dew-tab[@id='items-in-catalogs']/eproc-product-list/dew-card/dew-flex/dew-flex-item[3]/eproc-product-card/dew-card/dew-row/dew-col[1]/div' not found

2018-07-02 22:31:36 - [MESSAGE][WARNING] - Web element with id: 'Object Repository/SearchResultPage/SearchItemTab/CatalogItems/Check Box For 3 Row Item List' located by 'By.xpath: //dew-tab[@id='items-in-catalogs']/eproc-product-list/dew-card/dew-flex/dew-flex-item[3]/eproc-product-card/dew-card/dew-row/dew-col[1]/div' not found

2018-07-02 22:31:36 - [TEST_STEP][FAILED] - click: Unable to click on object 'Object Repository/SearchResultPage/SearchItemTab/CatalogItems/Check Box For 3 Row Item List' (Root cause: com.kms.katalon.core.webui.exception.WebElementNotFoundException: Web element with id: 'Object Repository/SearchResultPage/SearchItemTab/CatalogItems/Check Box For 3 Row Item List' located by 'By.xpath: //dew-tab[@id='items-in-catalogs']/eproc-product-list/dew-card/dew-flex/dew-flex-item[3]/eproc-product-card/dew-card/dew-row/dew-col[1]/div' not found)

2018-07-02 22:32:08 - [MESSAGE][FAILED] - Unable to click on object 'Object Repository/SearchResultPage/SearchItemTab/CatalogItems/Check Box For 3 Row Item List' (Root cause: com.kms.katalon.core.webui.exception.WebElementNotFoundException: Web element with id: 'Object Repository/SearchResultPage/SearchItemTab/CatalogItems/Check Box For 3 Row Item List' located by 'By.xpath: //dew-tab[@id='items-in-catalogs']/eproc-product-list/dew-card/dew-flex/dew-flex-item[3]/eproc-product-card/dew-card/dew-row/dew-col[1]/div' not found)
[[ATTACHMENT|C:\\Users\\vikas.kiroula\\git\\eProc\\Reports\\Run\\20180702_203015\\1530550927698.png]]]]></system-out>
         <system-err><![CDATA[2018-07-02 22:30:40 - [TEST_CASE][FAILED] - Test Cases/DDS-280/DDS-4314 If all items are deleted, system should show message Your cart is empty: Test Cases/DDS-280/DDS-4314 If all items are deleted, system should show message Your cart is empty FAILED because (of) Unable to click on object 'Object Repository/SearchResultPage/SearchItemTab/CatalogItems/Check Box For 3 Row Item List' (Root cause: com.kms.katalon.core.webui.exception.WebElementNotFoundException: Web element with id: 'Object Repository/SearchResultPage/SearchItemTab/CatalogItems/Check Box For 3 Row Item List' located by 'By.xpath: //dew-tab[@id='items-in-catalogs']/eproc-product-list/dew-card/dew-flex/dew-flex-item[3]/eproc-product-card/dew-card/dew-row/dew-col[1]/div' not found)]]></system-err>
      </testcase>
      <testcase name="Test Cases/DDS-280/DDS-4315 Add cart to basket Empty cart and checkout button should be disabled if cart is empty" classname="Test Cases/DDS-280/DDS-4315 Add cart to basket Empty cart and checkout button should be disabled if cart is empty" status="FAILED">
         <failure type="FAILED" message="Unable to click on object 'Object Repository/SearchResultPage/SearchItemTab/CatalogItems/Check Box For 3 Row Item List' (Root cause: com.kms.katalon.core.webui.exception.WebElementNotFoundException: Web element with id: 'Object Repository/SearchResultPage/SearchItemTab/CatalogItems/Check Box For 3 Row Item List' located by 'By.xpath: //dew-tab[@id='items-in-catalogs']/eproc-product-list/dew-card/dew-flex/dew-flex-item[3]/eproc-product-card/dew-card/dew-row/dew-col[1]/div' not found)"/>
         <system-out><![CDATA[2018-07-02 22:32:08 - [TEST_CASE][FAILED] - Test Cases/DDS-280/DDS-4315 Add cart to basket Empty cart and checkout button should be disabled if cart is empty: Test Cases/DDS-280/DDS-4315 Add cart to basket Empty cart and checkout button should be disabled if cart is empty FAILED because (of) Unable to click on object 'Object Repository/SearchResultPage/SearchItemTab/CatalogItems/Check Box For 3 Row Item List' (Root cause: com.kms.katalon.core.webui.exception.WebElementNotFoundException: Web element with id: 'Object Repository/SearchResultPage/SearchItemTab/CatalogItems/Check Box For 3 Row Item List' located by 'By.xpath: //dew-tab[@id='items-in-catalogs']/eproc-product-list/dew-card/dew-flex/dew-flex-item[3]/eproc-product-card/dew-card/dew-row/dew-col[1]/div' not found)

2018-07-02 22:32:08 - [TEST_STEP][PASSED] - callTestCase: Call Test Case 'Test Cases/CommonLibraries/Search By Item' successfully

2018-07-02 22:32:08 - [TEST_CASE][PASSED] - Test Cases/CommonLibraries/Search By Item: Test Cases/CommonLibraries/Search By Item

2018-07-02 22:32:08 - [TEST_STEP][PASSED] - callTestCase: Call Test Case 'Test Cases/CommonLibraries/Login' successfully

2018-07-02 22:32:08 - [TEST_CASE][PASSED] - Test Cases/CommonLibraries/Login: Test Cases/CommonLibraries/Login

2018-07-02 22:32:08 - [TEST_STEP][PASSED] - openBrowser: Browser is opened with url: 'https://smtlogin.zycus.net/sso/login?serviceName=http://eproc-qa.zycus.net/'

2018-07-02 22:32:08 - [MESSAGE][WARNING] - A browser is already opened. Closing browser and opening a new one

2018-07-02 22:32:15 - [MESSAGE][PASSED] - Browser is opened with url: 'https://smtlogin.zycus.net/sso/login?serviceName=http://eproc-qa.zycus.net/'

2018-07-02 22:32:15 - [TEST_STEP][PASSED] - maximizeWindow: Current window maximized

2018-07-02 22:32:17 - [MESSAGE][PASSED] - Current window maximized

2018-07-02 22:32:17 - [TEST_STEP][PASSED] - waitForElementVisible: Object 'Object Repository/LoginPage/UserID' is visible

2018-07-02 22:32:17 - [MESSAGE][PASSED] - Object 'Object Repository/LoginPage/UserID' is visible

2018-07-02 22:32:17 - [TEST_STEP][PASSED] - sendKeys: Keys 'monicaqa@zycus.com' sent to object: 'Object Repository/LoginPage/UserID'

2018-07-02 22:32:17 - [MESSAGE][PASSED] - Keys 'monicaqa@zycus.com' sent to object: 'Object Repository/LoginPage/UserID'

2018-07-02 22:32:17 - [TEST_STEP][PASSED] - sendKeys: Keys 'eProc@123' sent to object: 'Object Repository/LoginPage/Password'

2018-07-02 22:32:18 - [MESSAGE][PASSED] - Keys 'eProc@123' sent to object: 'Object Repository/LoginPage/Password'

2018-07-02 22:32:18 - [TEST_STEP][PASSED] - click: Object: 'Object Repository/LoginPage/LoginButton' is clicked on

2018-07-02 22:32:22 - [MESSAGE][PASSED] - Object: 'Object Repository/LoginPage/LoginButton' is clicked on

2018-07-02 22:32:22 - [MESSAGE][PASSED] - Call Test Case 'Test Cases/CommonLibraries/Login' successfully

2018-07-02 22:32:22 - [TEST_STEP][PASSED] - waitForElementPresent: Object 'Object Repository/OnlineStorePage/Search Box' is present

2018-07-02 22:32:44 - [MESSAGE][PASSED] - Object 'Object Repository/OnlineStorePage/Search Box' is present

2018-07-02 22:32:44 - [TEST_STEP][PASSED] - waitForPageLoad: Wait for page load successfully

2018-07-02 22:32:44 - [MESSAGE][PASSED] - Wait for page load successfully

2018-07-02 22:32:44 - [TEST_STEP][PASSED] - sendKeys: Keys 'Item' sent to object: 'Object Repository/OnlineStorePage/Search Box'

2018-07-02 22:32:44 - [MESSAGE][PASSED] - Keys 'Item' sent to object: 'Object Repository/OnlineStorePage/Search Box'

2018-07-02 22:32:44 - [TEST_STEP][PASSED] - click: Object: 'Object Repository/OnlineStorePage/Search Icon' is clicked on

2018-07-02 22:32:44 - [MESSAGE][PASSED] - Object: 'Object Repository/OnlineStorePage/Search Icon' is clicked on

2018-07-02 22:32:44 - [MESSAGE][PASSED] - Call Test Case 'Test Cases/CommonLibraries/Search By Item' successfully

2018-07-02 22:32:44 - [TEST_STEP][PASSED] - waitForElementVisible: Web element with id: 'Object Repository/SearchResultPage/SearchItemTab/CatalogItems/Check Box For 3 Row Item List' located by 'By.xpath: //dew-tab[@id='items-in-catalogs']/eproc-product-list/dew-card/dew-flex/dew-flex-item[3]/eproc-product-card/dew-card/dew-row/dew-col[1]/div' not found

2018-07-02 22:33:05 - [MESSAGE][WARNING] - Web element with id: 'Object Repository/SearchResultPage/SearchItemTab/CatalogItems/Check Box For 3 Row Item List' located by 'By.xpath: //dew-tab[@id='items-in-catalogs']/eproc-product-list/dew-card/dew-flex/dew-flex-item[3]/eproc-product-card/dew-card/dew-row/dew-col[1]/div' not found

2018-07-02 22:33:05 - [TEST_STEP][FAILED] - click: Unable to click on object 'Object Repository/SearchResultPage/SearchItemTab/CatalogItems/Check Box For 3 Row Item List' (Root cause: com.kms.katalon.core.webui.exception.WebElementNotFoundException: Web element with id: 'Object Repository/SearchResultPage/SearchItemTab/CatalogItems/Check Box For 3 Row Item List' located by 'By.xpath: //dew-tab[@id='items-in-catalogs']/eproc-product-list/dew-card/dew-flex/dew-flex-item[3]/eproc-product-card/dew-card/dew-row/dew-col[1]/div' not found)

2018-07-02 22:33:37 - [MESSAGE][FAILED] - Unable to click on object 'Object Repository/SearchResultPage/SearchItemTab/CatalogItems/Check Box For 3 Row Item List' (Root cause: com.kms.katalon.core.webui.exception.WebElementNotFoundException: Web element with id: 'Object Repository/SearchResultPage/SearchItemTab/CatalogItems/Check Box For 3 Row Item List' located by 'By.xpath: //dew-tab[@id='items-in-catalogs']/eproc-product-list/dew-card/dew-flex/dew-flex-item[3]/eproc-product-card/dew-card/dew-row/dew-col[1]/div' not found)
[[ATTACHMENT|C:\\Users\\vikas.kiroula\\git\\eProc\\Reports\\Run\\20180702_203015\\1530551017394.png]]]]></system-out>
         <system-err><![CDATA[2018-07-02 22:32:08 - [TEST_CASE][FAILED] - Test Cases/DDS-280/DDS-4315 Add cart to basket Empty cart and checkout button should be disabled if cart is empty: Test Cases/DDS-280/DDS-4315 Add cart to basket Empty cart and checkout button should be disabled if cart is empty FAILED because (of) Unable to click on object 'Object Repository/SearchResultPage/SearchItemTab/CatalogItems/Check Box For 3 Row Item List' (Root cause: com.kms.katalon.core.webui.exception.WebElementNotFoundException: Web element with id: 'Object Repository/SearchResultPage/SearchItemTab/CatalogItems/Check Box For 3 Row Item List' located by 'By.xpath: //dew-tab[@id='items-in-catalogs']/eproc-product-list/dew-card/dew-flex/dew-flex-item[3]/eproc-product-card/dew-card/dew-row/dew-col[1]/div' not found)]]></system-err>
      </testcase>
      <testcase name="Test Cases/DDS_281/DDS_4316" classname="Test Cases/DDS_281/DDS_4316" status="PASSED">
         <system-out><![CDATA[2018-07-02 22:33:37 - [TEST_CASE][PASSED] - Test Cases/DDS_281/DDS_4316: Test Cases/DDS_281/DDS_4316

2018-07-02 22:33:37 - [TEST_STEP][PASSED] - callTestCase: Call Test Case 'Test Cases/CommonLibraries/Login' successfully

2018-07-02 22:33:37 - [TEST_CASE][PASSED] - Test Cases/CommonLibraries/Login: Test Cases/CommonLibraries/Login

2018-07-02 22:33:37 - [TEST_STEP][PASSED] - openBrowser: Browser is opened with url: 'https://smtlogin.zycus.net/sso/login?serviceName=http://eproc-qa.zycus.net/'

2018-07-02 22:33:37 - [MESSAGE][WARNING] - A browser is already opened. Closing browser and opening a new one

2018-07-02 22:33:47 - [MESSAGE][PASSED] - Browser is opened with url: 'https://smtlogin.zycus.net/sso/login?serviceName=http://eproc-qa.zycus.net/'

2018-07-02 22:33:47 - [TEST_STEP][PASSED] - maximizeWindow: Current window maximized

2018-07-02 22:33:47 - [MESSAGE][PASSED] - Current window maximized

2018-07-02 22:33:47 - [TEST_STEP][PASSED] - waitForElementVisible: Object 'Object Repository/LoginPage/UserID' is visible

2018-07-02 22:33:47 - [MESSAGE][PASSED] - Object 'Object Repository/LoginPage/UserID' is visible

2018-07-02 22:33:47 - [TEST_STEP][PASSED] - sendKeys: Keys 'monicaqa@zycus.com' sent to object: 'Object Repository/LoginPage/UserID'

2018-07-02 22:33:47 - [MESSAGE][PASSED] - Keys 'monicaqa@zycus.com' sent to object: 'Object Repository/LoginPage/UserID'

2018-07-02 22:33:47 - [TEST_STEP][PASSED] - sendKeys: Keys 'eProc@123' sent to object: 'Object Repository/LoginPage/Password'

2018-07-02 22:33:47 - [MESSAGE][PASSED] - Keys 'eProc@123' sent to object: 'Object Repository/LoginPage/Password'

2018-07-02 22:33:47 - [TEST_STEP][PASSED] - click: Object: 'Object Repository/LoginPage/LoginButton' is clicked on

2018-07-02 22:33:52 - [MESSAGE][PASSED] - Object: 'Object Repository/LoginPage/LoginButton' is clicked on

2018-07-02 22:33:52 - [MESSAGE][PASSED] - Call Test Case 'Test Cases/CommonLibraries/Login' successfully

2018-07-02 22:33:52 - [TEST_STEP][PASSED] - doubleClick: Object: 'Object Repository/OnlineStorePage/CartIcon' is double clicked on

2018-07-02 22:34:13 - [MESSAGE][PASSED] - Object: 'Object Repository/OnlineStorePage/CartIcon' is double clicked on

2018-07-02 22:34:13 - [TEST_STEP][PASSED] - verifyElementPresent: Object 'Object Repository/CartPage/EmptyCartButton' is present

2018-07-02 22:34:13 - [MESSAGE][PASSED] - Object 'Object Repository/CartPage/EmptyCartButton' is present

2018-07-02 22:34:13 - [TEST_STEP][PASSED] - delay: Delayed 5 second(s)

2018-07-02 22:34:18 - [MESSAGE][PASSED] - Delayed 5 second(s)

2018-07-02 22:34:18 - [TEST_STEP][PASSED] - closeBrowser: Browser is closed

2018-07-02 22:34:18 - [MESSAGE][PASSED] - Browser is closed]]></system-out>
         <system-err><![CDATA[]]></system-err>
      </testcase>
      <testcase name="Test Cases/DDS_281/DDS_4317" classname="Test Cases/DDS_281/DDS_4317" status="FAILED">
         <failure type="FAILED" message="Unable to click on object 'Object Repository/SearchResultPage/SearchItemTab/CatalogItems/Check Box For 1 Row Item List' (Root cause: com.kms.katalon.core.webui.exception.WebElementNotFoundException: Web element with id: 'Object Repository/SearchResultPage/SearchItemTab/CatalogItems/Check Box For 1 Row Item List' located by 'By.xpath: //dew-tab[@id='items-in-catalogs']/eproc-product-list/dew-card/dew-flex/dew-flex-item[1]/eproc-product-card/dew-card/dew-row/dew-col[1]/div' not found)"/>
         <system-out><![CDATA[2018-07-02 22:34:18 - [TEST_CASE][FAILED] - Test Cases/DDS_281/DDS_4317: Test Cases/DDS_281/DDS_4317 FAILED because (of) Unable to click on object 'Object Repository/SearchResultPage/SearchItemTab/CatalogItems/Check Box For 1 Row Item List' (Root cause: com.kms.katalon.core.webui.exception.WebElementNotFoundException: Web element with id: 'Object Repository/SearchResultPage/SearchItemTab/CatalogItems/Check Box For 1 Row Item List' located by 'By.xpath: //dew-tab[@id='items-in-catalogs']/eproc-product-list/dew-card/dew-flex/dew-flex-item[1]/eproc-product-card/dew-card/dew-row/dew-col[1]/div' not found)

2018-07-02 22:34:18 - [TEST_STEP][PASSED] - callTestCase: Call Test Case 'Test Cases/CommonLibraries/Search By Item' successfully

2018-07-02 22:34:18 - [TEST_CASE][PASSED] - Test Cases/CommonLibraries/Search By Item: Test Cases/CommonLibraries/Search By Item

2018-07-02 22:34:18 - [TEST_STEP][PASSED] - callTestCase: Call Test Case 'Test Cases/CommonLibraries/Login' successfully

2018-07-02 22:34:18 - [TEST_CASE][PASSED] - Test Cases/CommonLibraries/Login: Test Cases/CommonLibraries/Login

2018-07-02 22:34:18 - [TEST_STEP][PASSED] - openBrowser: Browser is opened with url: 'https://smtlogin.zycus.net/sso/login?serviceName=http://eproc-qa.zycus.net/'

2018-07-02 22:34:26 - [MESSAGE][PASSED] - Browser is opened with url: 'https://smtlogin.zycus.net/sso/login?serviceName=http://eproc-qa.zycus.net/'

2018-07-02 22:34:26 - [TEST_STEP][PASSED] - maximizeWindow: Current window maximized

2018-07-02 22:34:28 - [MESSAGE][PASSED] - Current window maximized

2018-07-02 22:34:28 - [TEST_STEP][PASSED] - waitForElementVisible: Object 'Object Repository/LoginPage/UserID' is visible

2018-07-02 22:34:28 - [MESSAGE][PASSED] - Object 'Object Repository/LoginPage/UserID' is visible

2018-07-02 22:34:28 - [TEST_STEP][PASSED] - sendKeys: Keys 'monicaqa@zycus.com' sent to object: 'Object Repository/LoginPage/UserID'

2018-07-02 22:34:28 - [MESSAGE][PASSED] - Keys 'monicaqa@zycus.com' sent to object: 'Object Repository/LoginPage/UserID'

2018-07-02 22:34:28 - [TEST_STEP][PASSED] - sendKeys: Keys 'eProc@123' sent to object: 'Object Repository/LoginPage/Password'

2018-07-02 22:34:28 - [MESSAGE][PASSED] - Keys 'eProc@123' sent to object: 'Object Repository/LoginPage/Password'

2018-07-02 22:34:28 - [TEST_STEP][PASSED] - click: Object: 'Object Repository/LoginPage/LoginButton' is clicked on

2018-07-02 22:34:33 - [MESSAGE][PASSED] - Object: 'Object Repository/LoginPage/LoginButton' is clicked on

2018-07-02 22:34:33 - [MESSAGE][PASSED] - Call Test Case 'Test Cases/CommonLibraries/Login' successfully

2018-07-02 22:34:33 - [TEST_STEP][PASSED] - waitForElementPresent: Object 'Object Repository/OnlineStorePage/Search Box' is present

2018-07-02 22:34:55 - [MESSAGE][PASSED] - Object 'Object Repository/OnlineStorePage/Search Box' is present

2018-07-02 22:34:55 - [TEST_STEP][PASSED] - waitForPageLoad: Wait for page load successfully

2018-07-02 22:34:55 - [MESSAGE][PASSED] - Wait for page load successfully

2018-07-02 22:34:55 - [TEST_STEP][PASSED] - sendKeys: Keys 'Item' sent to object: 'Object Repository/OnlineStorePage/Search Box'

2018-07-02 22:34:56 - [MESSAGE][PASSED] - Keys 'Item' sent to object: 'Object Repository/OnlineStorePage/Search Box'

2018-07-02 22:34:56 - [TEST_STEP][PASSED] - click: Object: 'Object Repository/OnlineStorePage/Search Icon' is clicked on

2018-07-02 22:34:56 - [MESSAGE][PASSED] - Object: 'Object Repository/OnlineStorePage/Search Icon' is clicked on

2018-07-02 22:34:56 - [MESSAGE][PASSED] - Call Test Case 'Test Cases/CommonLibraries/Search By Item' successfully

2018-07-02 22:34:56 - [TEST_STEP][PASSED] - waitForElementPresent: Object 'Object Repository/SearchResultPage/SearchItemTab/CatalogItems/Check Box For 1 Row Item List' is not present after 0 second(s)

2018-07-02 22:34:56 - [MESSAGE][WARNING] - Timeout '0' is invalid. Using default page load timeout: '30'

2018-07-02 22:35:28 - [MESSAGE][WARNING] - Object 'Object Repository/SearchResultPage/SearchItemTab/CatalogItems/Check Box For 1 Row Item List' is not present after 0 second(s)

2018-07-02 22:35:28 - [TEST_STEP][FAILED] - click: Unable to click on object 'Object Repository/SearchResultPage/SearchItemTab/CatalogItems/Check Box For 1 Row Item List' (Root cause: com.kms.katalon.core.webui.exception.WebElementNotFoundException: Web element with id: 'Object Repository/SearchResultPage/SearchItemTab/CatalogItems/Check Box For 1 Row Item List' located by 'By.xpath: //dew-tab[@id='items-in-catalogs']/eproc-product-list/dew-card/dew-flex/dew-flex-item[1]/eproc-product-card/dew-card/dew-row/dew-col[1]/div' not found)

2018-07-02 22:36:00 - [MESSAGE][FAILED] - Unable to click on object 'Object Repository/SearchResultPage/SearchItemTab/CatalogItems/Check Box For 1 Row Item List' (Root cause: com.kms.katalon.core.webui.exception.WebElementNotFoundException: Web element with id: 'Object Repository/SearchResultPage/SearchItemTab/CatalogItems/Check Box For 1 Row Item List' located by 'By.xpath: //dew-tab[@id='items-in-catalogs']/eproc-product-list/dew-card/dew-flex/dew-flex-item[1]/eproc-product-card/dew-card/dew-row/dew-col[1]/div' not found)
[[ATTACHMENT|C:\\Users\\vikas.kiroula\\git\\eProc\\Reports\\Run\\20180702_203015\\1530551159838.png]]]]></system-out>
         <system-err><![CDATA[2018-07-02 22:34:18 - [TEST_CASE][FAILED] - Test Cases/DDS_281/DDS_4317: Test Cases/DDS_281/DDS_4317 FAILED because (of) Unable to click on object 'Object Repository/SearchResultPage/SearchItemTab/CatalogItems/Check Box For 1 Row Item List' (Root cause: com.kms.katalon.core.webui.exception.WebElementNotFoundException: Web element with id: 'Object Repository/SearchResultPage/SearchItemTab/CatalogItems/Check Box For 1 Row Item List' located by 'By.xpath: //dew-tab[@id='items-in-catalogs']/eproc-product-list/dew-card/dew-flex/dew-flex-item[1]/eproc-product-card/dew-card/dew-row/dew-col[1]/div' not found)]]></system-err>
      </testcase>
      <testcase name="Test Cases/DDS_281/DDS_4318" classname="Test Cases/DDS_281/DDS_4318" status="ERROR">
         <error type="ERROR" message="Test Cases/DDS_281/DDS_4318 FAILED because (of) java.lang.IllegalArgumentException: Cannot find test case with id 'Test Cases/CommonLibraries/Search'"/>
         <system-out><![CDATA[2018-07-02 22:36:00 - [TEST_CASE][ERROR] - Test Cases/DDS_281/DDS_4318: Test Cases/DDS_281/DDS_4318 FAILED because (of) java.lang.IllegalArgumentException: Cannot find test case with id 'Test Cases/CommonLibraries/Search'

2018-07-02 22:36:00 - [TEST_STEP][PASSED] - callTestCase: null]]></system-out>
         <system-err><![CDATA[2018-07-02 22:36:00 - [TEST_CASE][ERROR] - Test Cases/DDS_281/DDS_4318: Test Cases/DDS_281/DDS_4318 FAILED because (of) java.lang.IllegalArgumentException: Cannot find test case with id 'Test Cases/CommonLibraries/Search']]></system-err>
      </testcase>
      <testcase name="Test Cases/DDS_281/DDS_4319" classname="Test Cases/DDS_281/DDS_4319" status="ERROR">
         <error type="ERROR" message="Test Cases/DDS_281/DDS_4319 FAILED because (of) java.lang.IllegalArgumentException: Cannot find test case with id 'Test Cases/CommonLibraries/Search'"/>
         <system-out><![CDATA[2018-07-02 22:36:00 - [TEST_CASE][ERROR] - Test Cases/DDS_281/DDS_4319: Test Cases/DDS_281/DDS_4319 FAILED because (of) java.lang.IllegalArgumentException: Cannot find test case with id 'Test Cases/CommonLibraries/Search'

2018-07-02 22:36:00 - [TEST_STEP][PASSED] - callTestCase: null]]></system-out>
         <system-err><![CDATA[2018-07-02 22:36:00 - [TEST_CASE][ERROR] - Test Cases/DDS_281/DDS_4319: Test Cases/DDS_281/DDS_4319 FAILED because (of) java.lang.IllegalArgumentException: Cannot find test case with id 'Test Cases/CommonLibraries/Search']]></system-err>
      </testcase>
      <system-out><![CDATA[2018-07-02 20:30:17 - [TEST_SUITE][FAILED] - Run: Test Cases/DDS-2052/DDS-3844 FAILED because (of) Unable to double click on object 'Object Repository/BasketsPage/NewBasket' (Root cause: com.kms.katalon.core.webui.exception.WebElementNotFoundException: Web element with id: 'Object Repository/BasketsPage/NewBasket' located by 'By.xpath: //*[@id='all-baskets']/dew-row/dew-col[1]/eproc-basket-card/dew-card/dew-card-body/dew-flex/dew-flex-item[1]/span' not found)]]></system-out>
      <system-err><![CDATA[2018-07-02 20:30:17 - [TEST_SUITE][FAILED] - Run: Test Cases/DDS-2052/DDS-3844 FAILED because (of) Unable to double click on object 'Object Repository/BasketsPage/NewBasket' (Root cause: com.kms.katalon.core.webui.exception.WebElementNotFoundException: Web element with id: 'Object Repository/BasketsPage/NewBasket' located by 'By.xpath: //*[@id='all-baskets']/dew-row/dew-col[1]/eproc-basket-card/dew-card/dew-card-body/dew-flex/dew-flex-item[1]/span' not found)]]></system-err>
   </testsuite>
</testsuites>
